[2024-10-26T00:46:24.811+0000] {processor.py:186} INFO - Started process (PID=70776) to work on /opt/airflow/dags/dags_sample.py
[2024-10-26T00:46:24.815+0000] {processor.py:914} INFO - Processing file /opt/airflow/dags/dags_sample.py for tasks to queue
[2024-10-26T00:46:24.816+0000] {logging_mixin.py:190} INFO - [2024-10-26T00:46:24.816+0000] {dagbag.py:588} INFO - Filling up the DagBag from /opt/airflow/dags/dags_sample.py
[2024-10-26T00:46:24.827+0000] {processor.py:927} WARNING - No viable dags retrieved from /opt/airflow/dags/dags_sample.py
[2024-10-26T00:46:24.853+0000] {processor.py:208} INFO - Processing /opt/airflow/dags/dags_sample.py took 0.054 seconds
[2024-10-26T01:37:08.349+0000] {processor.py:186} INFO - Started process (PID=71068) to work on /opt/airflow/dags/dags_sample.py
[2024-10-26T01:37:08.351+0000] {processor.py:914} INFO - Processing file /opt/airflow/dags/dags_sample.py for tasks to queue
[2024-10-26T01:37:08.353+0000] {logging_mixin.py:190} INFO - [2024-10-26T01:37:08.353+0000] {dagbag.py:588} INFO - Filling up the DagBag from /opt/airflow/dags/dags_sample.py
[2024-10-26T01:37:08.357+0000] {processor.py:927} WARNING - No viable dags retrieved from /opt/airflow/dags/dags_sample.py
[2024-10-26T01:37:08.376+0000] {processor.py:208} INFO - Processing /opt/airflow/dags/dags_sample.py took 0.040 seconds
[2024-10-26T02:57:37.270+0000] {processor.py:186} INFO - Started process (PID=71359) to work on /opt/airflow/dags/dags_sample.py
[2024-10-26T02:57:37.273+0000] {processor.py:914} INFO - Processing file /opt/airflow/dags/dags_sample.py for tasks to queue
[2024-10-26T02:57:37.275+0000] {logging_mixin.py:190} INFO - [2024-10-26T02:57:37.275+0000] {dagbag.py:588} INFO - Filling up the DagBag from /opt/airflow/dags/dags_sample.py
[2024-10-26T02:57:37.283+0000] {processor.py:927} WARNING - No viable dags retrieved from /opt/airflow/dags/dags_sample.py
[2024-10-26T02:57:37.311+0000] {processor.py:208} INFO - Processing /opt/airflow/dags/dags_sample.py took 0.060 seconds
[2024-10-26T04:18:34.811+0000] {processor.py:186} INFO - Started process (PID=71650) to work on /opt/airflow/dags/dags_sample.py
[2024-10-26T04:18:34.813+0000] {processor.py:914} INFO - Processing file /opt/airflow/dags/dags_sample.py for tasks to queue
[2024-10-26T04:18:34.815+0000] {logging_mixin.py:190} INFO - [2024-10-26T04:18:34.814+0000] {dagbag.py:588} INFO - Filling up the DagBag from /opt/airflow/dags/dags_sample.py
[2024-10-26T04:18:34.833+0000] {processor.py:927} WARNING - No viable dags retrieved from /opt/airflow/dags/dags_sample.py
[2024-10-26T04:18:34.850+0000] {processor.py:208} INFO - Processing /opt/airflow/dags/dags_sample.py took 0.054 seconds
[2024-10-26T05:41:04.637+0000] {processor.py:186} INFO - Started process (PID=71941) to work on /opt/airflow/dags/dags_sample.py
[2024-10-26T05:41:04.638+0000] {processor.py:914} INFO - Processing file /opt/airflow/dags/dags_sample.py for tasks to queue
[2024-10-26T05:41:04.640+0000] {logging_mixin.py:190} INFO - [2024-10-26T05:41:04.640+0000] {dagbag.py:588} INFO - Filling up the DagBag from /opt/airflow/dags/dags_sample.py
[2024-10-26T05:41:04.647+0000] {processor.py:927} WARNING - No viable dags retrieved from /opt/airflow/dags/dags_sample.py
[2024-10-26T05:41:04.678+0000] {processor.py:208} INFO - Processing /opt/airflow/dags/dags_sample.py took 0.056 seconds
[2024-10-26T06:59:44.933+0000] {processor.py:186} INFO - Started process (PID=72232) to work on /opt/airflow/dags/dags_sample.py
[2024-10-26T06:59:44.935+0000] {processor.py:914} INFO - Processing file /opt/airflow/dags/dags_sample.py for tasks to queue
[2024-10-26T06:59:44.941+0000] {logging_mixin.py:190} INFO - [2024-10-26T06:59:44.941+0000] {dagbag.py:588} INFO - Filling up the DagBag from /opt/airflow/dags/dags_sample.py
[2024-10-26T06:59:44.947+0000] {processor.py:927} WARNING - No viable dags retrieved from /opt/airflow/dags/dags_sample.py
[2024-10-26T06:59:44.972+0000] {processor.py:208} INFO - Processing /opt/airflow/dags/dags_sample.py took 0.049 seconds
[2024-10-26T07:00:15.626+0000] {processor.py:186} INFO - Started process (PID=72523) to work on /opt/airflow/dags/dags_sample.py
[2024-10-26T07:00:15.629+0000] {processor.py:914} INFO - Processing file /opt/airflow/dags/dags_sample.py for tasks to queue
[2024-10-26T07:00:15.631+0000] {logging_mixin.py:190} INFO - [2024-10-26T07:00:15.630+0000] {dagbag.py:588} INFO - Filling up the DagBag from /opt/airflow/dags/dags_sample.py
[2024-10-26T07:00:15.638+0000] {processor.py:927} WARNING - No viable dags retrieved from /opt/airflow/dags/dags_sample.py
[2024-10-26T07:00:15.670+0000] {processor.py:208} INFO - Processing /opt/airflow/dags/dags_sample.py took 0.071 seconds
[2024-10-26T07:00:46.109+0000] {processor.py:186} INFO - Started process (PID=72814) to work on /opt/airflow/dags/dags_sample.py
[2024-10-26T07:00:46.111+0000] {processor.py:914} INFO - Processing file /opt/airflow/dags/dags_sample.py for tasks to queue
[2024-10-26T07:00:46.113+0000] {logging_mixin.py:190} INFO - [2024-10-26T07:00:46.112+0000] {dagbag.py:588} INFO - Filling up the DagBag from /opt/airflow/dags/dags_sample.py
[2024-10-26T07:00:46.117+0000] {processor.py:927} WARNING - No viable dags retrieved from /opt/airflow/dags/dags_sample.py
[2024-10-26T07:00:46.146+0000] {processor.py:208} INFO - Processing /opt/airflow/dags/dags_sample.py took 0.053 seconds
[2024-10-26T07:01:16.833+0000] {processor.py:186} INFO - Started process (PID=73105) to work on /opt/airflow/dags/dags_sample.py
[2024-10-26T07:01:16.836+0000] {processor.py:914} INFO - Processing file /opt/airflow/dags/dags_sample.py for tasks to queue
[2024-10-26T07:01:16.839+0000] {logging_mixin.py:190} INFO - [2024-10-26T07:01:16.839+0000] {dagbag.py:588} INFO - Filling up the DagBag from /opt/airflow/dags/dags_sample.py
[2024-10-26T07:01:16.853+0000] {processor.py:927} WARNING - No viable dags retrieved from /opt/airflow/dags/dags_sample.py
[2024-10-26T07:01:16.915+0000] {processor.py:208} INFO - Processing /opt/airflow/dags/dags_sample.py took 0.098 seconds
[2024-10-26T07:01:47.640+0000] {processor.py:186} INFO - Started process (PID=73396) to work on /opt/airflow/dags/dags_sample.py
[2024-10-26T07:01:47.643+0000] {processor.py:914} INFO - Processing file /opt/airflow/dags/dags_sample.py for tasks to queue
[2024-10-26T07:01:47.650+0000] {logging_mixin.py:190} INFO - [2024-10-26T07:01:47.649+0000] {dagbag.py:588} INFO - Filling up the DagBag from /opt/airflow/dags/dags_sample.py
[2024-10-26T07:01:47.660+0000] {processor.py:927} WARNING - No viable dags retrieved from /opt/airflow/dags/dags_sample.py
[2024-10-26T07:01:47.709+0000] {processor.py:208} INFO - Processing /opt/airflow/dags/dags_sample.py took 0.107 seconds
[2024-10-26T07:02:18.322+0000] {processor.py:186} INFO - Started process (PID=73687) to work on /opt/airflow/dags/dags_sample.py
[2024-10-26T07:02:18.325+0000] {processor.py:914} INFO - Processing file /opt/airflow/dags/dags_sample.py for tasks to queue
[2024-10-26T07:02:18.333+0000] {logging_mixin.py:190} INFO - [2024-10-26T07:02:18.332+0000] {dagbag.py:588} INFO - Filling up the DagBag from /opt/airflow/dags/dags_sample.py
[2024-10-26T07:02:18.348+0000] {processor.py:927} WARNING - No viable dags retrieved from /opt/airflow/dags/dags_sample.py
[2024-10-26T07:02:18.375+0000] {processor.py:208} INFO - Processing /opt/airflow/dags/dags_sample.py took 0.073 seconds
[2024-10-26T07:02:48.725+0000] {processor.py:186} INFO - Started process (PID=73978) to work on /opt/airflow/dags/dags_sample.py
[2024-10-26T07:02:48.728+0000] {processor.py:914} INFO - Processing file /opt/airflow/dags/dags_sample.py for tasks to queue
[2024-10-26T07:02:48.733+0000] {logging_mixin.py:190} INFO - [2024-10-26T07:02:48.732+0000] {dagbag.py:588} INFO - Filling up the DagBag from /opt/airflow/dags/dags_sample.py
[2024-10-26T07:02:48.740+0000] {processor.py:927} WARNING - No viable dags retrieved from /opt/airflow/dags/dags_sample.py
[2024-10-26T07:02:48.766+0000] {processor.py:208} INFO - Processing /opt/airflow/dags/dags_sample.py took 0.066 seconds
[2024-10-26T07:03:19.334+0000] {processor.py:186} INFO - Started process (PID=74269) to work on /opt/airflow/dags/dags_sample.py
[2024-10-26T07:03:19.337+0000] {processor.py:914} INFO - Processing file /opt/airflow/dags/dags_sample.py for tasks to queue
[2024-10-26T07:03:19.341+0000] {logging_mixin.py:190} INFO - [2024-10-26T07:03:19.341+0000] {dagbag.py:588} INFO - Filling up the DagBag from /opt/airflow/dags/dags_sample.py
[2024-10-26T07:03:19.347+0000] {processor.py:927} WARNING - No viable dags retrieved from /opt/airflow/dags/dags_sample.py
[2024-10-26T07:03:19.381+0000] {processor.py:208} INFO - Processing /opt/airflow/dags/dags_sample.py took 0.063 seconds
[2024-10-26T07:03:50.065+0000] {processor.py:186} INFO - Started process (PID=74560) to work on /opt/airflow/dags/dags_sample.py
[2024-10-26T07:03:50.069+0000] {processor.py:914} INFO - Processing file /opt/airflow/dags/dags_sample.py for tasks to queue
[2024-10-26T07:03:50.071+0000] {logging_mixin.py:190} INFO - [2024-10-26T07:03:50.071+0000] {dagbag.py:588} INFO - Filling up the DagBag from /opt/airflow/dags/dags_sample.py
[2024-10-26T07:03:50.078+0000] {processor.py:927} WARNING - No viable dags retrieved from /opt/airflow/dags/dags_sample.py
[2024-10-26T07:03:50.096+0000] {processor.py:208} INFO - Processing /opt/airflow/dags/dags_sample.py took 0.047 seconds
[2024-10-26T07:04:20.893+0000] {processor.py:186} INFO - Started process (PID=74850) to work on /opt/airflow/dags/dags_sample.py
[2024-10-26T07:04:20.895+0000] {processor.py:914} INFO - Processing file /opt/airflow/dags/dags_sample.py for tasks to queue
[2024-10-26T07:04:20.901+0000] {logging_mixin.py:190} INFO - [2024-10-26T07:04:20.900+0000] {dagbag.py:588} INFO - Filling up the DagBag from /opt/airflow/dags/dags_sample.py
[2024-10-26T07:04:20.917+0000] {processor.py:927} WARNING - No viable dags retrieved from /opt/airflow/dags/dags_sample.py
[2024-10-26T07:04:20.970+0000] {processor.py:208} INFO - Processing /opt/airflow/dags/dags_sample.py took 0.099 seconds
[2024-10-26T07:04:51.407+0000] {processor.py:186} INFO - Started process (PID=75141) to work on /opt/airflow/dags/dags_sample.py
[2024-10-26T07:04:51.415+0000] {processor.py:914} INFO - Processing file /opt/airflow/dags/dags_sample.py for tasks to queue
[2024-10-26T07:04:51.417+0000] {logging_mixin.py:190} INFO - [2024-10-26T07:04:51.416+0000] {dagbag.py:588} INFO - Filling up the DagBag from /opt/airflow/dags/dags_sample.py
[2024-10-26T07:04:51.422+0000] {processor.py:927} WARNING - No viable dags retrieved from /opt/airflow/dags/dags_sample.py
[2024-10-26T07:04:51.454+0000] {processor.py:208} INFO - Processing /opt/airflow/dags/dags_sample.py took 0.060 seconds
[2024-10-26T07:05:21.607+0000] {processor.py:186} INFO - Started process (PID=75432) to work on /opt/airflow/dags/dags_sample.py
[2024-10-26T07:05:21.611+0000] {processor.py:914} INFO - Processing file /opt/airflow/dags/dags_sample.py for tasks to queue
[2024-10-26T07:05:21.618+0000] {logging_mixin.py:190} INFO - [2024-10-26T07:05:21.617+0000] {dagbag.py:588} INFO - Filling up the DagBag from /opt/airflow/dags/dags_sample.py
[2024-10-26T07:05:21.632+0000] {processor.py:927} WARNING - No viable dags retrieved from /opt/airflow/dags/dags_sample.py
[2024-10-26T07:05:21.691+0000] {processor.py:208} INFO - Processing /opt/airflow/dags/dags_sample.py took 0.112 seconds
[2024-10-26T07:05:26.082+0000] {processor.py:186} INFO - Started process (PID=75587) to work on /opt/airflow/dags/dags_sample.py
[2024-10-26T07:05:26.083+0000] {processor.py:914} INFO - Processing file /opt/airflow/dags/dags_sample.py for tasks to queue
[2024-10-26T07:05:26.085+0000] {logging_mixin.py:190} INFO - [2024-10-26T07:05:26.084+0000] {dagbag.py:588} INFO - Filling up the DagBag from /opt/airflow/dags/dags_sample.py
[2024-10-26T07:05:26.097+0000] {processor.py:925} INFO - DAG(s) 'example_dag_with_complex_dependencies' retrieved from /opt/airflow/dags/dags_sample.py
[2024-10-26T07:05:26.311+0000] {logging_mixin.py:190} INFO - [2024-10-26T07:05:26.309+0000] {override.py:1900} INFO - Created Permission View: can edit on DAG:example_dag_with_complex_dependencies
[2024-10-26T07:05:26.320+0000] {logging_mixin.py:190} INFO - [2024-10-26T07:05:26.320+0000] {override.py:1900} INFO - Created Permission View: can delete on DAG:example_dag_with_complex_dependencies
[2024-10-26T07:05:26.324+0000] {logging_mixin.py:190} INFO - [2024-10-26T07:05:26.323+0000] {override.py:1900} INFO - Created Permission View: can read on DAG:example_dag_with_complex_dependencies
[2024-10-26T07:05:26.329+0000] {logging_mixin.py:190} INFO - [2024-10-26T07:05:26.328+0000] {override.py:1900} INFO - Created Permission View: can create on DAG Run:example_dag_with_complex_dependencies
[2024-10-26T07:05:26.332+0000] {logging_mixin.py:190} INFO - [2024-10-26T07:05:26.331+0000] {override.py:1900} INFO - Created Permission View: can delete on DAG Run:example_dag_with_complex_dependencies
[2024-10-26T07:05:26.335+0000] {logging_mixin.py:190} INFO - [2024-10-26T07:05:26.334+0000] {override.py:1900} INFO - Created Permission View: can read on DAG Run:example_dag_with_complex_dependencies
[2024-10-26T07:05:26.341+0000] {logging_mixin.py:190} INFO - [2024-10-26T07:05:26.341+0000] {override.py:1900} INFO - Created Permission View: menu access on DAG Run:example_dag_with_complex_dependencies
[2024-10-26T07:05:26.342+0000] {logging_mixin.py:190} INFO - [2024-10-26T07:05:26.342+0000] {dag.py:3239} INFO - Sync 1 DAGs
[2024-10-26T07:05:26.352+0000] {logging_mixin.py:190} INFO - [2024-10-26T07:05:26.352+0000] {dag.py:3262} INFO - Creating ORM DAG for example_dag_with_complex_dependencies
[2024-10-26T07:05:26.354+0000] {logging_mixin.py:190} INFO - [2024-10-26T07:05:26.354+0000] {dag.py:4180} INFO - Setting next_dagrun for example_dag_with_complex_dependencies to None, run_after=None
[2024-10-26T07:05:26.371+0000] {processor.py:208} INFO - Processing /opt/airflow/dags/dags_sample.py took 0.295 seconds
[2024-10-26T07:05:56.948+0000] {processor.py:186} INFO - Started process (PID=75877) to work on /opt/airflow/dags/dags_sample.py
[2024-10-26T07:05:56.949+0000] {processor.py:914} INFO - Processing file /opt/airflow/dags/dags_sample.py for tasks to queue
[2024-10-26T07:05:56.950+0000] {logging_mixin.py:190} INFO - [2024-10-26T07:05:56.950+0000] {dagbag.py:588} INFO - Filling up the DagBag from /opt/airflow/dags/dags_sample.py
[2024-10-26T07:05:56.960+0000] {processor.py:925} INFO - DAG(s) 'example_dag_with_complex_dependencies' retrieved from /opt/airflow/dags/dags_sample.py
[2024-10-26T07:05:56.979+0000] {logging_mixin.py:190} INFO - [2024-10-26T07:05:56.979+0000] {dag.py:3239} INFO - Sync 1 DAGs
[2024-10-26T07:05:56.988+0000] {logging_mixin.py:190} INFO - [2024-10-26T07:05:56.988+0000] {dag.py:4180} INFO - Setting next_dagrun for example_dag_with_complex_dependencies to None, run_after=None
[2024-10-26T07:05:56.999+0000] {processor.py:208} INFO - Processing /opt/airflow/dags/dags_sample.py took 0.058 seconds
[2024-10-26T07:06:27.276+0000] {processor.py:186} INFO - Started process (PID=76166) to work on /opt/airflow/dags/dags_sample.py
[2024-10-26T07:06:27.277+0000] {processor.py:914} INFO - Processing file /opt/airflow/dags/dags_sample.py for tasks to queue
[2024-10-26T07:06:27.278+0000] {logging_mixin.py:190} INFO - [2024-10-26T07:06:27.278+0000] {dagbag.py:588} INFO - Filling up the DagBag from /opt/airflow/dags/dags_sample.py
[2024-10-26T07:06:27.288+0000] {processor.py:925} INFO - DAG(s) 'example_dag_with_complex_dependencies' retrieved from /opt/airflow/dags/dags_sample.py
[2024-10-26T07:06:27.303+0000] {logging_mixin.py:190} INFO - [2024-10-26T07:06:27.303+0000] {dag.py:3239} INFO - Sync 1 DAGs
[2024-10-26T07:06:27.310+0000] {logging_mixin.py:190} INFO - [2024-10-26T07:06:27.310+0000] {dag.py:4180} INFO - Setting next_dagrun for example_dag_with_complex_dependencies to None, run_after=None
[2024-10-26T07:06:27.319+0000] {processor.py:208} INFO - Processing /opt/airflow/dags/dags_sample.py took 0.046 seconds
[2024-10-26T07:06:57.544+0000] {processor.py:186} INFO - Started process (PID=76442) to work on /opt/airflow/dags/dags_sample.py
[2024-10-26T07:06:57.545+0000] {processor.py:914} INFO - Processing file /opt/airflow/dags/dags_sample.py for tasks to queue
[2024-10-26T07:06:57.545+0000] {logging_mixin.py:190} INFO - [2024-10-26T07:06:57.545+0000] {dagbag.py:588} INFO - Filling up the DagBag from /opt/airflow/dags/dags_sample.py
[2024-10-26T07:06:57.550+0000] {processor.py:925} INFO - DAG(s) 'example_dag_with_complex_dependencies' retrieved from /opt/airflow/dags/dags_sample.py
[2024-10-26T07:06:57.566+0000] {logging_mixin.py:190} INFO - [2024-10-26T07:06:57.566+0000] {dag.py:3239} INFO - Sync 1 DAGs
[2024-10-26T07:06:57.574+0000] {logging_mixin.py:190} INFO - [2024-10-26T07:06:57.574+0000] {dag.py:4180} INFO - Setting next_dagrun for example_dag_with_complex_dependencies to None, run_after=None
[2024-10-26T07:06:57.583+0000] {processor.py:208} INFO - Processing /opt/airflow/dags/dags_sample.py took 0.043 seconds
[2024-10-26T07:07:27.945+0000] {processor.py:186} INFO - Started process (PID=76730) to work on /opt/airflow/dags/dags_sample.py
[2024-10-26T07:07:27.946+0000] {processor.py:914} INFO - Processing file /opt/airflow/dags/dags_sample.py for tasks to queue
[2024-10-26T07:07:27.946+0000] {logging_mixin.py:190} INFO - [2024-10-26T07:07:27.946+0000] {dagbag.py:588} INFO - Filling up the DagBag from /opt/airflow/dags/dags_sample.py
[2024-10-26T07:07:27.957+0000] {processor.py:925} INFO - DAG(s) 'example_dag_with_complex_dependencies' retrieved from /opt/airflow/dags/dags_sample.py
[2024-10-26T07:07:27.978+0000] {logging_mixin.py:190} INFO - [2024-10-26T07:07:27.978+0000] {dag.py:3239} INFO - Sync 1 DAGs
[2024-10-26T07:07:27.986+0000] {logging_mixin.py:190} INFO - [2024-10-26T07:07:27.986+0000] {dag.py:4180} INFO - Setting next_dagrun for example_dag_with_complex_dependencies to None, run_after=None
[2024-10-26T07:07:27.998+0000] {processor.py:208} INFO - Processing /opt/airflow/dags/dags_sample.py took 0.081 seconds
[2024-10-26T07:07:58.618+0000] {processor.py:186} INFO - Started process (PID=77011) to work on /opt/airflow/dags/dags_sample.py
[2024-10-26T07:07:58.620+0000] {processor.py:914} INFO - Processing file /opt/airflow/dags/dags_sample.py for tasks to queue
[2024-10-26T07:07:58.623+0000] {logging_mixin.py:190} INFO - [2024-10-26T07:07:58.622+0000] {dagbag.py:588} INFO - Filling up the DagBag from /opt/airflow/dags/dags_sample.py
[2024-10-26T07:07:58.643+0000] {processor.py:925} INFO - DAG(s) 'example_dag_with_complex_dependencies' retrieved from /opt/airflow/dags/dags_sample.py
[2024-10-26T07:07:58.671+0000] {logging_mixin.py:190} INFO - [2024-10-26T07:07:58.670+0000] {dag.py:3239} INFO - Sync 1 DAGs
[2024-10-26T07:07:58.687+0000] {logging_mixin.py:190} INFO - [2024-10-26T07:07:58.687+0000] {dag.py:4180} INFO - Setting next_dagrun for example_dag_with_complex_dependencies to None, run_after=None
[2024-10-26T07:07:58.705+0000] {processor.py:208} INFO - Processing /opt/airflow/dags/dags_sample.py took 0.102 seconds
[2024-10-26T07:08:29.409+0000] {processor.py:186} INFO - Started process (PID=77302) to work on /opt/airflow/dags/dags_sample.py
[2024-10-26T07:08:29.410+0000] {processor.py:914} INFO - Processing file /opt/airflow/dags/dags_sample.py for tasks to queue
[2024-10-26T07:08:29.412+0000] {logging_mixin.py:190} INFO - [2024-10-26T07:08:29.411+0000] {dagbag.py:588} INFO - Filling up the DagBag from /opt/airflow/dags/dags_sample.py
[2024-10-26T07:08:29.424+0000] {processor.py:925} INFO - DAG(s) 'example_dag_with_complex_dependencies' retrieved from /opt/airflow/dags/dags_sample.py
[2024-10-26T07:08:29.447+0000] {logging_mixin.py:190} INFO - [2024-10-26T07:08:29.447+0000] {dag.py:3239} INFO - Sync 1 DAGs
[2024-10-26T07:08:29.457+0000] {logging_mixin.py:190} INFO - [2024-10-26T07:08:29.457+0000] {dag.py:4180} INFO - Setting next_dagrun for example_dag_with_complex_dependencies to None, run_after=None
[2024-10-26T07:08:29.468+0000] {processor.py:208} INFO - Processing /opt/airflow/dags/dags_sample.py took 0.067 seconds
[2024-10-26T07:08:59.499+0000] {processor.py:186} INFO - Started process (PID=77593) to work on /opt/airflow/dags/dags_sample.py
[2024-10-26T07:08:59.500+0000] {processor.py:914} INFO - Processing file /opt/airflow/dags/dags_sample.py for tasks to queue
[2024-10-26T07:08:59.500+0000] {logging_mixin.py:190} INFO - [2024-10-26T07:08:59.500+0000] {dagbag.py:588} INFO - Filling up the DagBag from /opt/airflow/dags/dags_sample.py
[2024-10-26T07:08:59.504+0000] {processor.py:925} INFO - DAG(s) 'example_dag_with_complex_dependencies' retrieved from /opt/airflow/dags/dags_sample.py
[2024-10-26T07:08:59.514+0000] {logging_mixin.py:190} INFO - [2024-10-26T07:08:59.514+0000] {dag.py:3239} INFO - Sync 1 DAGs
[2024-10-26T07:08:59.520+0000] {logging_mixin.py:190} INFO - [2024-10-26T07:08:59.520+0000] {dag.py:4180} INFO - Setting next_dagrun for example_dag_with_complex_dependencies to None, run_after=None
[2024-10-26T07:08:59.528+0000] {processor.py:208} INFO - Processing /opt/airflow/dags/dags_sample.py took 0.032 seconds
[2024-10-26T07:09:29.966+0000] {processor.py:186} INFO - Started process (PID=77834) to work on /opt/airflow/dags/dags_sample.py
[2024-10-26T07:09:29.967+0000] {processor.py:914} INFO - Processing file /opt/airflow/dags/dags_sample.py for tasks to queue
[2024-10-26T07:09:29.969+0000] {logging_mixin.py:190} INFO - [2024-10-26T07:09:29.968+0000] {dagbag.py:588} INFO - Filling up the DagBag from /opt/airflow/dags/dags_sample.py
[2024-10-26T07:09:29.985+0000] {processor.py:925} INFO - DAG(s) 'example_dag_with_complex_dependencies' retrieved from /opt/airflow/dags/dags_sample.py
[2024-10-26T07:09:30.017+0000] {logging_mixin.py:190} INFO - [2024-10-26T07:09:30.016+0000] {dag.py:3239} INFO - Sync 1 DAGs
[2024-10-26T07:09:30.033+0000] {logging_mixin.py:190} INFO - [2024-10-26T07:09:30.033+0000] {dag.py:4180} INFO - Setting next_dagrun for example_dag_with_complex_dependencies to None, run_after=None
[2024-10-26T07:09:30.053+0000] {processor.py:208} INFO - Processing /opt/airflow/dags/dags_sample.py took 0.096 seconds
[2024-10-26T07:10:00.184+0000] {processor.py:186} INFO - Started process (PID=78125) to work on /opt/airflow/dags/dags_sample.py
[2024-10-26T07:10:00.184+0000] {processor.py:914} INFO - Processing file /opt/airflow/dags/dags_sample.py for tasks to queue
[2024-10-26T07:10:00.186+0000] {logging_mixin.py:190} INFO - [2024-10-26T07:10:00.185+0000] {dagbag.py:588} INFO - Filling up the DagBag from /opt/airflow/dags/dags_sample.py
[2024-10-26T07:10:00.192+0000] {processor.py:925} INFO - DAG(s) 'example_dag_with_complex_dependencies' retrieved from /opt/airflow/dags/dags_sample.py
[2024-10-26T07:10:00.207+0000] {logging_mixin.py:190} INFO - [2024-10-26T07:10:00.207+0000] {dag.py:3239} INFO - Sync 1 DAGs
[2024-10-26T07:10:00.216+0000] {logging_mixin.py:190} INFO - [2024-10-26T07:10:00.216+0000] {dag.py:4180} INFO - Setting next_dagrun for example_dag_with_complex_dependencies to None, run_after=None
[2024-10-26T07:10:00.225+0000] {processor.py:208} INFO - Processing /opt/airflow/dags/dags_sample.py took 0.048 seconds
[2024-10-26T07:10:30.548+0000] {processor.py:186} INFO - Started process (PID=78416) to work on /opt/airflow/dags/dags_sample.py
[2024-10-26T07:10:30.549+0000] {processor.py:914} INFO - Processing file /opt/airflow/dags/dags_sample.py for tasks to queue
[2024-10-26T07:10:30.551+0000] {logging_mixin.py:190} INFO - [2024-10-26T07:10:30.550+0000] {dagbag.py:588} INFO - Filling up the DagBag from /opt/airflow/dags/dags_sample.py
[2024-10-26T07:10:30.558+0000] {processor.py:925} INFO - DAG(s) 'example_dag_with_complex_dependencies' retrieved from /opt/airflow/dags/dags_sample.py
[2024-10-26T07:10:30.576+0000] {logging_mixin.py:190} INFO - [2024-10-26T07:10:30.575+0000] {dag.py:3239} INFO - Sync 1 DAGs
[2024-10-26T07:10:30.585+0000] {logging_mixin.py:190} INFO - [2024-10-26T07:10:30.585+0000] {dag.py:4180} INFO - Setting next_dagrun for example_dag_with_complex_dependencies to None, run_after=None
[2024-10-26T07:10:30.594+0000] {processor.py:208} INFO - Processing /opt/airflow/dags/dags_sample.py took 0.053 seconds
[2024-10-26T07:11:01.140+0000] {processor.py:186} INFO - Started process (PID=78707) to work on /opt/airflow/dags/dags_sample.py
[2024-10-26T07:11:01.141+0000] {processor.py:914} INFO - Processing file /opt/airflow/dags/dags_sample.py for tasks to queue
[2024-10-26T07:11:01.142+0000] {logging_mixin.py:190} INFO - [2024-10-26T07:11:01.142+0000] {dagbag.py:588} INFO - Filling up the DagBag from /opt/airflow/dags/dags_sample.py
[2024-10-26T07:11:01.151+0000] {processor.py:925} INFO - DAG(s) 'example_dag_with_complex_dependencies' retrieved from /opt/airflow/dags/dags_sample.py
[2024-10-26T07:11:01.171+0000] {logging_mixin.py:190} INFO - [2024-10-26T07:11:01.171+0000] {dag.py:3239} INFO - Sync 1 DAGs
[2024-10-26T07:11:01.180+0000] {logging_mixin.py:190} INFO - [2024-10-26T07:11:01.180+0000] {dag.py:4180} INFO - Setting next_dagrun for example_dag_with_complex_dependencies to None, run_after=None
[2024-10-26T07:11:01.188+0000] {processor.py:208} INFO - Processing /opt/airflow/dags/dags_sample.py took 0.057 seconds
[2024-10-26T07:11:03.293+0000] {processor.py:186} INFO - Started process (PID=78718) to work on /opt/airflow/dags/dags_sample.py
[2024-10-26T07:11:03.295+0000] {processor.py:914} INFO - Processing file /opt/airflow/dags/dags_sample.py for tasks to queue
[2024-10-26T07:11:03.298+0000] {logging_mixin.py:190} INFO - [2024-10-26T07:11:03.298+0000] {dagbag.py:588} INFO - Filling up the DagBag from /opt/airflow/dags/dags_sample.py
[2024-10-26T07:11:03.312+0000] {logging_mixin.py:190} INFO - [2024-10-26T07:11:03.309+0000] {dagbag.py:387} ERROR - Failed to import: /opt/airflow/dags/dags_sample.py
Traceback (most recent call last):
  File "/home/airflow/.local/lib/python3.12/site-packages/airflow/models/dagbag.py", line 383, in parse
    loader.exec_module(new_module)
  File "<frozen importlib._bootstrap_external>", line 995, in exec_module
  File "<frozen importlib._bootstrap>", line 488, in _call_with_frames_removed
  File "/opt/airflow/dags/dags_sample.py", line 2, in <module>
    from airflow.operators.empty.EmptyOperator import DummyOperator
ModuleNotFoundError: No module named 'airflow.operators.empty.EmptyOperator'; 'airflow.operators.empty' is not a package
[2024-10-26T07:11:03.313+0000] {processor.py:927} WARNING - No viable dags retrieved from /opt/airflow/dags/dags_sample.py
[2024-10-26T07:11:03.373+0000] {processor.py:208} INFO - Processing /opt/airflow/dags/dags_sample.py took 0.100 seconds
[2024-10-26T07:11:34.405+0000] {processor.py:186} INFO - Started process (PID=79009) to work on /opt/airflow/dags/dags_sample.py
[2024-10-26T07:11:34.407+0000] {processor.py:914} INFO - Processing file /opt/airflow/dags/dags_sample.py for tasks to queue
[2024-10-26T07:11:34.409+0000] {logging_mixin.py:190} INFO - [2024-10-26T07:11:34.409+0000] {dagbag.py:588} INFO - Filling up the DagBag from /opt/airflow/dags/dags_sample.py
[2024-10-26T07:11:34.428+0000] {logging_mixin.py:190} INFO - [2024-10-26T07:11:34.426+0000] {dagbag.py:387} ERROR - Failed to import: /opt/airflow/dags/dags_sample.py
Traceback (most recent call last):
  File "/home/airflow/.local/lib/python3.12/site-packages/airflow/models/dagbag.py", line 383, in parse
    loader.exec_module(new_module)
  File "<frozen importlib._bootstrap_external>", line 995, in exec_module
  File "<frozen importlib._bootstrap>", line 488, in _call_with_frames_removed
  File "/opt/airflow/dags/dags_sample.py", line 2, in <module>
    from airflow.operators.empty.EmptyOperator import DummyOperator
ModuleNotFoundError: No module named 'airflow.operators.empty.EmptyOperator'; 'airflow.operators.empty' is not a package
[2024-10-26T07:11:34.428+0000] {processor.py:927} WARNING - No viable dags retrieved from /opt/airflow/dags/dags_sample.py
[2024-10-26T07:11:34.468+0000] {processor.py:208} INFO - Processing /opt/airflow/dags/dags_sample.py took 0.081 seconds
[2024-10-26T07:12:05.278+0000] {processor.py:186} INFO - Started process (PID=79300) to work on /opt/airflow/dags/dags_sample.py
[2024-10-26T07:12:05.280+0000] {processor.py:914} INFO - Processing file /opt/airflow/dags/dags_sample.py for tasks to queue
[2024-10-26T07:12:05.282+0000] {logging_mixin.py:190} INFO - [2024-10-26T07:12:05.281+0000] {dagbag.py:588} INFO - Filling up the DagBag from /opt/airflow/dags/dags_sample.py
[2024-10-26T07:12:05.294+0000] {logging_mixin.py:190} INFO - [2024-10-26T07:12:05.288+0000] {dagbag.py:387} ERROR - Failed to import: /opt/airflow/dags/dags_sample.py
Traceback (most recent call last):
  File "/home/airflow/.local/lib/python3.12/site-packages/airflow/models/dagbag.py", line 383, in parse
    loader.exec_module(new_module)
  File "<frozen importlib._bootstrap_external>", line 995, in exec_module
  File "<frozen importlib._bootstrap>", line 488, in _call_with_frames_removed
  File "/opt/airflow/dags/dags_sample.py", line 2, in <module>
    from airflow.operators.empty.EmptyOperator import DummyOperator
ModuleNotFoundError: No module named 'airflow.operators.empty.EmptyOperator'; 'airflow.operators.empty' is not a package
[2024-10-26T07:12:05.298+0000] {processor.py:927} WARNING - No viable dags retrieved from /opt/airflow/dags/dags_sample.py
[2024-10-26T07:12:05.326+0000] {processor.py:208} INFO - Processing /opt/airflow/dags/dags_sample.py took 0.062 seconds
[2024-10-26T07:12:35.497+0000] {processor.py:186} INFO - Started process (PID=79591) to work on /opt/airflow/dags/dags_sample.py
[2024-10-26T07:12:35.498+0000] {processor.py:914} INFO - Processing file /opt/airflow/dags/dags_sample.py for tasks to queue
[2024-10-26T07:12:35.500+0000] {logging_mixin.py:190} INFO - [2024-10-26T07:12:35.499+0000] {dagbag.py:588} INFO - Filling up the DagBag from /opt/airflow/dags/dags_sample.py
[2024-10-26T07:12:35.506+0000] {logging_mixin.py:190} INFO - [2024-10-26T07:12:35.504+0000] {dagbag.py:387} ERROR - Failed to import: /opt/airflow/dags/dags_sample.py
Traceback (most recent call last):
  File "/home/airflow/.local/lib/python3.12/site-packages/airflow/models/dagbag.py", line 383, in parse
    loader.exec_module(new_module)
  File "<frozen importlib._bootstrap_external>", line 995, in exec_module
  File "<frozen importlib._bootstrap>", line 488, in _call_with_frames_removed
  File "/opt/airflow/dags/dags_sample.py", line 2, in <module>
    from airflow.operators.empty.EmptyOperator import DummyOperator
ModuleNotFoundError: No module named 'airflow.operators.empty.EmptyOperator'; 'airflow.operators.empty' is not a package
[2024-10-26T07:12:35.506+0000] {processor.py:927} WARNING - No viable dags retrieved from /opt/airflow/dags/dags_sample.py
[2024-10-26T07:12:35.524+0000] {processor.py:208} INFO - Processing /opt/airflow/dags/dags_sample.py took 0.033 seconds
[2024-10-26T07:13:06.398+0000] {processor.py:186} INFO - Started process (PID=79881) to work on /opt/airflow/dags/dags_sample.py
[2024-10-26T07:13:06.399+0000] {processor.py:914} INFO - Processing file /opt/airflow/dags/dags_sample.py for tasks to queue
[2024-10-26T07:13:06.401+0000] {logging_mixin.py:190} INFO - [2024-10-26T07:13:06.400+0000] {dagbag.py:588} INFO - Filling up the DagBag from /opt/airflow/dags/dags_sample.py
[2024-10-26T07:13:06.407+0000] {logging_mixin.py:190} INFO - [2024-10-26T07:13:06.405+0000] {dagbag.py:387} ERROR - Failed to import: /opt/airflow/dags/dags_sample.py
Traceback (most recent call last):
  File "/home/airflow/.local/lib/python3.12/site-packages/airflow/models/dagbag.py", line 383, in parse
    loader.exec_module(new_module)
  File "<frozen importlib._bootstrap_external>", line 995, in exec_module
  File "<frozen importlib._bootstrap>", line 488, in _call_with_frames_removed
  File "/opt/airflow/dags/dags_sample.py", line 2, in <module>
    from airflow.operators.empty.EmptyOperator import DummyOperator
ModuleNotFoundError: No module named 'airflow.operators.empty.EmptyOperator'; 'airflow.operators.empty' is not a package
[2024-10-26T07:13:06.407+0000] {processor.py:927} WARNING - No viable dags retrieved from /opt/airflow/dags/dags_sample.py
[2024-10-26T07:13:06.430+0000] {processor.py:208} INFO - Processing /opt/airflow/dags/dags_sample.py took 0.043 seconds
[2024-10-26T07:13:36.562+0000] {processor.py:186} INFO - Started process (PID=80172) to work on /opt/airflow/dags/dags_sample.py
[2024-10-26T07:13:36.563+0000] {processor.py:914} INFO - Processing file /opt/airflow/dags/dags_sample.py for tasks to queue
[2024-10-26T07:13:36.564+0000] {logging_mixin.py:190} INFO - [2024-10-26T07:13:36.564+0000] {dagbag.py:588} INFO - Filling up the DagBag from /opt/airflow/dags/dags_sample.py
[2024-10-26T07:13:36.570+0000] {logging_mixin.py:190} INFO - [2024-10-26T07:13:36.569+0000] {dagbag.py:387} ERROR - Failed to import: /opt/airflow/dags/dags_sample.py
Traceback (most recent call last):
  File "/home/airflow/.local/lib/python3.12/site-packages/airflow/models/dagbag.py", line 383, in parse
    loader.exec_module(new_module)
  File "<frozen importlib._bootstrap_external>", line 995, in exec_module
  File "<frozen importlib._bootstrap>", line 488, in _call_with_frames_removed
  File "/opt/airflow/dags/dags_sample.py", line 2, in <module>
    from airflow.operators.empty.EmptyOperator import DummyOperator
ModuleNotFoundError: No module named 'airflow.operators.empty.EmptyOperator'; 'airflow.operators.empty' is not a package
[2024-10-26T07:13:36.571+0000] {processor.py:927} WARNING - No viable dags retrieved from /opt/airflow/dags/dags_sample.py
[2024-10-26T07:13:36.587+0000] {processor.py:208} INFO - Processing /opt/airflow/dags/dags_sample.py took 0.031 seconds
[2024-10-26T07:13:57.793+0000] {processor.py:186} INFO - Started process (PID=80387) to work on /opt/airflow/dags/dags_sample.py
[2024-10-26T07:13:57.795+0000] {processor.py:914} INFO - Processing file /opt/airflow/dags/dags_sample.py for tasks to queue
[2024-10-26T07:13:57.797+0000] {logging_mixin.py:190} INFO - [2024-10-26T07:13:57.796+0000] {dagbag.py:588} INFO - Filling up the DagBag from /opt/airflow/dags/dags_sample.py
[2024-10-26T07:13:57.817+0000] {processor.py:925} INFO - DAG(s) 'example_dag_with_complex_dependencies' retrieved from /opt/airflow/dags/dags_sample.py
[2024-10-26T07:13:58.238+0000] {logging_mixin.py:190} INFO - [2024-10-26T07:13:58.238+0000] {dag.py:3239} INFO - Sync 1 DAGs
[2024-10-26T07:13:58.244+0000] {logging_mixin.py:190} INFO - [2024-10-26T07:13:58.244+0000] {dag.py:4180} INFO - Setting next_dagrun for example_dag_with_complex_dependencies to None, run_after=None
[2024-10-26T07:13:58.254+0000] {processor.py:208} INFO - Processing /opt/airflow/dags/dags_sample.py took 0.479 seconds
[2024-10-26T07:14:29.014+0000] {processor.py:186} INFO - Started process (PID=80678) to work on /opt/airflow/dags/dags_sample.py
[2024-10-26T07:14:29.016+0000] {processor.py:914} INFO - Processing file /opt/airflow/dags/dags_sample.py for tasks to queue
[2024-10-26T07:14:29.018+0000] {logging_mixin.py:190} INFO - [2024-10-26T07:14:29.017+0000] {dagbag.py:588} INFO - Filling up the DagBag from /opt/airflow/dags/dags_sample.py
[2024-10-26T07:14:29.037+0000] {processor.py:925} INFO - DAG(s) 'example_dag_with_complex_dependencies' retrieved from /opt/airflow/dags/dags_sample.py
[2024-10-26T07:14:29.074+0000] {logging_mixin.py:190} INFO - [2024-10-26T07:14:29.073+0000] {dag.py:3239} INFO - Sync 1 DAGs
[2024-10-26T07:14:29.112+0000] {logging_mixin.py:190} INFO - [2024-10-26T07:14:29.112+0000] {dag.py:4180} INFO - Setting next_dagrun for example_dag_with_complex_dependencies to None, run_after=None
[2024-10-26T07:14:29.169+0000] {processor.py:208} INFO - Processing /opt/airflow/dags/dags_sample.py took 0.168 seconds
[2024-10-26T07:14:59.621+0000] {processor.py:186} INFO - Started process (PID=80969) to work on /opt/airflow/dags/dags_sample.py
[2024-10-26T07:14:59.622+0000] {processor.py:914} INFO - Processing file /opt/airflow/dags/dags_sample.py for tasks to queue
[2024-10-26T07:14:59.624+0000] {logging_mixin.py:190} INFO - [2024-10-26T07:14:59.624+0000] {dagbag.py:588} INFO - Filling up the DagBag from /opt/airflow/dags/dags_sample.py
[2024-10-26T07:14:59.635+0000] {processor.py:925} INFO - DAG(s) 'example_dag_with_complex_dependencies' retrieved from /opt/airflow/dags/dags_sample.py
[2024-10-26T07:14:59.660+0000] {logging_mixin.py:190} INFO - [2024-10-26T07:14:59.660+0000] {dag.py:3239} INFO - Sync 1 DAGs
[2024-10-26T07:14:59.673+0000] {logging_mixin.py:190} INFO - [2024-10-26T07:14:59.673+0000] {dag.py:4180} INFO - Setting next_dagrun for example_dag_with_complex_dependencies to None, run_after=None
[2024-10-26T07:14:59.686+0000] {processor.py:208} INFO - Processing /opt/airflow/dags/dags_sample.py took 0.074 seconds
[2024-10-26T07:15:29.853+0000] {processor.py:186} INFO - Started process (PID=81260) to work on /opt/airflow/dags/dags_sample.py
[2024-10-26T07:15:29.854+0000] {processor.py:914} INFO - Processing file /opt/airflow/dags/dags_sample.py for tasks to queue
[2024-10-26T07:15:29.856+0000] {logging_mixin.py:190} INFO - [2024-10-26T07:15:29.855+0000] {dagbag.py:588} INFO - Filling up the DagBag from /opt/airflow/dags/dags_sample.py
[2024-10-26T07:15:29.878+0000] {processor.py:925} INFO - DAG(s) 'example_dag_with_complex_dependencies' retrieved from /opt/airflow/dags/dags_sample.py
[2024-10-26T07:15:29.914+0000] {logging_mixin.py:190} INFO - [2024-10-26T07:15:29.914+0000] {dag.py:3239} INFO - Sync 1 DAGs
[2024-10-26T07:15:29.935+0000] {logging_mixin.py:190} INFO - [2024-10-26T07:15:29.934+0000] {dag.py:4180} INFO - Setting next_dagrun for example_dag_with_complex_dependencies to None, run_after=None
[2024-10-26T07:15:29.947+0000] {processor.py:208} INFO - Processing /opt/airflow/dags/dags_sample.py took 0.112 seconds
[2024-10-26T07:15:58.945+0000] {processor.py:186} INFO - Started process (PID=81551) to work on /opt/airflow/dags/dags_sample.py
[2024-10-26T07:15:58.947+0000] {processor.py:914} INFO - Processing file /opt/airflow/dags/dags_sample.py for tasks to queue
[2024-10-26T07:15:58.949+0000] {logging_mixin.py:190} INFO - [2024-10-26T07:15:58.948+0000] {dagbag.py:588} INFO - Filling up the DagBag from /opt/airflow/dags/dags_sample.py
[2024-10-26T07:15:58.968+0000] {processor.py:925} INFO - DAG(s) 'example_dag_with_complex_dependencies' retrieved from /opt/airflow/dags/dags_sample.py
[2024-10-26T07:15:59.014+0000] {logging_mixin.py:190} INFO - [2024-10-26T07:15:59.014+0000] {dag.py:3239} INFO - Sync 1 DAGs
[2024-10-26T07:15:59.032+0000] {logging_mixin.py:190} INFO - [2024-10-26T07:15:59.032+0000] {dag.py:4180} INFO - Setting next_dagrun for example_dag_with_complex_dependencies to None, run_after=None
[2024-10-26T07:15:59.051+0000] {processor.py:208} INFO - Processing /opt/airflow/dags/dags_sample.py took 0.117 seconds
[2024-10-26T07:16:29.417+0000] {processor.py:186} INFO - Started process (PID=81842) to work on /opt/airflow/dags/dags_sample.py
[2024-10-26T07:16:29.419+0000] {processor.py:914} INFO - Processing file /opt/airflow/dags/dags_sample.py for tasks to queue
[2024-10-26T07:16:29.421+0000] {logging_mixin.py:190} INFO - [2024-10-26T07:16:29.421+0000] {dagbag.py:588} INFO - Filling up the DagBag from /opt/airflow/dags/dags_sample.py
[2024-10-26T07:16:29.437+0000] {processor.py:925} INFO - DAG(s) 'example_dag_with_complex_dependencies' retrieved from /opt/airflow/dags/dags_sample.py
[2024-10-26T07:16:29.467+0000] {logging_mixin.py:190} INFO - [2024-10-26T07:16:29.466+0000] {dag.py:3239} INFO - Sync 1 DAGs
[2024-10-26T07:16:29.483+0000] {logging_mixin.py:190} INFO - [2024-10-26T07:16:29.483+0000] {dag.py:4180} INFO - Setting next_dagrun for example_dag_with_complex_dependencies to None, run_after=None
[2024-10-26T07:16:29.495+0000] {processor.py:208} INFO - Processing /opt/airflow/dags/dags_sample.py took 0.092 seconds
[2024-10-26T07:17:00.235+0000] {processor.py:186} INFO - Started process (PID=82133) to work on /opt/airflow/dags/dags_sample.py
[2024-10-26T07:17:00.237+0000] {processor.py:914} INFO - Processing file /opt/airflow/dags/dags_sample.py for tasks to queue
[2024-10-26T07:17:00.239+0000] {logging_mixin.py:190} INFO - [2024-10-26T07:17:00.238+0000] {dagbag.py:588} INFO - Filling up the DagBag from /opt/airflow/dags/dags_sample.py
[2024-10-26T07:17:00.255+0000] {processor.py:925} INFO - DAG(s) 'example_dag_with_complex_dependencies' retrieved from /opt/airflow/dags/dags_sample.py
[2024-10-26T07:17:00.277+0000] {logging_mixin.py:190} INFO - [2024-10-26T07:17:00.277+0000] {dag.py:3239} INFO - Sync 1 DAGs
[2024-10-26T07:17:00.286+0000] {logging_mixin.py:190} INFO - [2024-10-26T07:17:00.286+0000] {dag.py:4180} INFO - Setting next_dagrun for example_dag_with_complex_dependencies to None, run_after=None
[2024-10-26T07:17:00.295+0000] {processor.py:208} INFO - Processing /opt/airflow/dags/dags_sample.py took 0.072 seconds
[2024-10-26T07:17:31.260+0000] {processor.py:186} INFO - Started process (PID=82423) to work on /opt/airflow/dags/dags_sample.py
[2024-10-26T07:17:31.262+0000] {processor.py:914} INFO - Processing file /opt/airflow/dags/dags_sample.py for tasks to queue
[2024-10-26T07:17:31.264+0000] {logging_mixin.py:190} INFO - [2024-10-26T07:17:31.263+0000] {dagbag.py:588} INFO - Filling up the DagBag from /opt/airflow/dags/dags_sample.py
[2024-10-26T07:17:31.277+0000] {processor.py:925} INFO - DAG(s) 'example_dag_with_complex_dependencies' retrieved from /opt/airflow/dags/dags_sample.py
[2024-10-26T07:17:31.317+0000] {logging_mixin.py:190} INFO - [2024-10-26T07:17:31.317+0000] {dag.py:3239} INFO - Sync 1 DAGs
[2024-10-26T07:17:31.338+0000] {logging_mixin.py:190} INFO - [2024-10-26T07:17:31.338+0000] {dag.py:4180} INFO - Setting next_dagrun for example_dag_with_complex_dependencies to None, run_after=None
[2024-10-26T07:17:31.351+0000] {processor.py:208} INFO - Processing /opt/airflow/dags/dags_sample.py took 0.109 seconds
[2024-10-26T07:18:02.229+0000] {processor.py:186} INFO - Started process (PID=82714) to work on /opt/airflow/dags/dags_sample.py
[2024-10-26T07:18:02.230+0000] {processor.py:914} INFO - Processing file /opt/airflow/dags/dags_sample.py for tasks to queue
[2024-10-26T07:18:02.231+0000] {logging_mixin.py:190} INFO - [2024-10-26T07:18:02.231+0000] {dagbag.py:588} INFO - Filling up the DagBag from /opt/airflow/dags/dags_sample.py
[2024-10-26T07:18:02.247+0000] {processor.py:925} INFO - DAG(s) 'example_dag_with_complex_dependencies' retrieved from /opt/airflow/dags/dags_sample.py
[2024-10-26T07:18:02.278+0000] {logging_mixin.py:190} INFO - [2024-10-26T07:18:02.278+0000] {dag.py:3239} INFO - Sync 1 DAGs
[2024-10-26T07:18:02.297+0000] {logging_mixin.py:190} INFO - [2024-10-26T07:18:02.296+0000] {dag.py:4180} INFO - Setting next_dagrun for example_dag_with_complex_dependencies to None, run_after=None
[2024-10-26T07:18:02.309+0000] {processor.py:208} INFO - Processing /opt/airflow/dags/dags_sample.py took 0.089 seconds
[2024-10-26T07:18:32.688+0000] {processor.py:186} INFO - Started process (PID=83005) to work on /opt/airflow/dags/dags_sample.py
[2024-10-26T07:18:32.689+0000] {processor.py:914} INFO - Processing file /opt/airflow/dags/dags_sample.py for tasks to queue
[2024-10-26T07:18:32.697+0000] {logging_mixin.py:190} INFO - [2024-10-26T07:18:32.696+0000] {dagbag.py:588} INFO - Filling up the DagBag from /opt/airflow/dags/dags_sample.py
[2024-10-26T07:18:32.713+0000] {processor.py:925} INFO - DAG(s) 'example_dag_with_complex_dependencies' retrieved from /opt/airflow/dags/dags_sample.py
[2024-10-26T07:18:32.769+0000] {logging_mixin.py:190} INFO - [2024-10-26T07:18:32.769+0000] {dag.py:3239} INFO - Sync 1 DAGs
[2024-10-26T07:18:32.791+0000] {logging_mixin.py:190} INFO - [2024-10-26T07:18:32.791+0000] {dag.py:4180} INFO - Setting next_dagrun for example_dag_with_complex_dependencies to None, run_after=None
[2024-10-26T07:18:32.803+0000] {processor.py:208} INFO - Processing /opt/airflow/dags/dags_sample.py took 0.137 seconds
[2024-10-26T07:19:02.999+0000] {processor.py:186} INFO - Started process (PID=83296) to work on /opt/airflow/dags/dags_sample.py
[2024-10-26T07:19:03.000+0000] {processor.py:914} INFO - Processing file /opt/airflow/dags/dags_sample.py for tasks to queue
[2024-10-26T07:19:03.002+0000] {logging_mixin.py:190} INFO - [2024-10-26T07:19:03.001+0000] {dagbag.py:588} INFO - Filling up the DagBag from /opt/airflow/dags/dags_sample.py
[2024-10-26T07:19:03.021+0000] {processor.py:925} INFO - DAG(s) 'example_dag_with_complex_dependencies' retrieved from /opt/airflow/dags/dags_sample.py
[2024-10-26T07:19:03.067+0000] {logging_mixin.py:190} INFO - [2024-10-26T07:19:03.067+0000] {dag.py:3239} INFO - Sync 1 DAGs
[2024-10-26T07:19:03.113+0000] {logging_mixin.py:190} INFO - [2024-10-26T07:19:03.113+0000] {dag.py:4180} INFO - Setting next_dagrun for example_dag_with_complex_dependencies to None, run_after=None
[2024-10-26T07:19:03.143+0000] {processor.py:208} INFO - Processing /opt/airflow/dags/dags_sample.py took 0.171 seconds
[2024-10-26T07:19:33.945+0000] {processor.py:186} INFO - Started process (PID=83586) to work on /opt/airflow/dags/dags_sample.py
[2024-10-26T07:19:33.947+0000] {processor.py:914} INFO - Processing file /opt/airflow/dags/dags_sample.py for tasks to queue
[2024-10-26T07:19:33.948+0000] {logging_mixin.py:190} INFO - [2024-10-26T07:19:33.948+0000] {dagbag.py:588} INFO - Filling up the DagBag from /opt/airflow/dags/dags_sample.py
[2024-10-26T07:19:33.956+0000] {processor.py:925} INFO - DAG(s) 'example_dag_with_complex_dependencies' retrieved from /opt/airflow/dags/dags_sample.py
[2024-10-26T07:19:33.976+0000] {logging_mixin.py:190} INFO - [2024-10-26T07:19:33.975+0000] {dag.py:3239} INFO - Sync 1 DAGs
[2024-10-26T07:19:33.992+0000] {logging_mixin.py:190} INFO - [2024-10-26T07:19:33.992+0000] {dag.py:4180} INFO - Setting next_dagrun for example_dag_with_complex_dependencies to None, run_after=None
[2024-10-26T07:19:34.002+0000] {processor.py:208} INFO - Processing /opt/airflow/dags/dags_sample.py took 0.065 seconds
[2024-10-26T07:20:04.994+0000] {processor.py:186} INFO - Started process (PID=83877) to work on /opt/airflow/dags/dags_sample.py
[2024-10-26T07:20:04.995+0000] {processor.py:914} INFO - Processing file /opt/airflow/dags/dags_sample.py for tasks to queue
[2024-10-26T07:20:04.997+0000] {logging_mixin.py:190} INFO - [2024-10-26T07:20:04.997+0000] {dagbag.py:588} INFO - Filling up the DagBag from /opt/airflow/dags/dags_sample.py
[2024-10-26T07:20:05.013+0000] {processor.py:925} INFO - DAG(s) 'example_dag_with_complex_dependencies' retrieved from /opt/airflow/dags/dags_sample.py
[2024-10-26T07:20:05.050+0000] {logging_mixin.py:190} INFO - [2024-10-26T07:20:05.050+0000] {dag.py:3239} INFO - Sync 1 DAGs
[2024-10-26T07:20:05.067+0000] {logging_mixin.py:190} INFO - [2024-10-26T07:20:05.067+0000] {dag.py:4180} INFO - Setting next_dagrun for example_dag_with_complex_dependencies to None, run_after=None
[2024-10-26T07:20:05.084+0000] {processor.py:208} INFO - Processing /opt/airflow/dags/dags_sample.py took 0.116 seconds
[2024-10-26T07:20:36.172+0000] {processor.py:186} INFO - Started process (PID=84174) to work on /opt/airflow/dags/dags_sample.py
[2024-10-26T07:20:36.173+0000] {processor.py:914} INFO - Processing file /opt/airflow/dags/dags_sample.py for tasks to queue
[2024-10-26T07:20:36.175+0000] {logging_mixin.py:190} INFO - [2024-10-26T07:20:36.175+0000] {dagbag.py:588} INFO - Filling up the DagBag from /opt/airflow/dags/dags_sample.py
[2024-10-26T07:20:36.195+0000] {processor.py:925} INFO - DAG(s) 'example_dag_with_complex_dependencies' retrieved from /opt/airflow/dags/dags_sample.py
[2024-10-26T07:20:36.240+0000] {logging_mixin.py:190} INFO - [2024-10-26T07:20:36.240+0000] {dag.py:3239} INFO - Sync 1 DAGs
[2024-10-26T07:20:36.259+0000] {logging_mixin.py:190} INFO - [2024-10-26T07:20:36.259+0000] {dag.py:4180} INFO - Setting next_dagrun for example_dag_with_complex_dependencies to None, run_after=None
[2024-10-26T07:20:36.272+0000] {processor.py:208} INFO - Processing /opt/airflow/dags/dags_sample.py took 0.120 seconds
[2024-10-26T07:21:07.203+0000] {processor.py:186} INFO - Started process (PID=84465) to work on /opt/airflow/dags/dags_sample.py
[2024-10-26T07:21:07.204+0000] {processor.py:914} INFO - Processing file /opt/airflow/dags/dags_sample.py for tasks to queue
[2024-10-26T07:21:07.206+0000] {logging_mixin.py:190} INFO - [2024-10-26T07:21:07.205+0000] {dagbag.py:588} INFO - Filling up the DagBag from /opt/airflow/dags/dags_sample.py
[2024-10-26T07:21:07.232+0000] {processor.py:925} INFO - DAG(s) 'example_dag_with_complex_dependencies' retrieved from /opt/airflow/dags/dags_sample.py
[2024-10-26T07:21:07.268+0000] {logging_mixin.py:190} INFO - [2024-10-26T07:21:07.268+0000] {dag.py:3239} INFO - Sync 1 DAGs
[2024-10-26T07:21:07.288+0000] {logging_mixin.py:190} INFO - [2024-10-26T07:21:07.288+0000] {dag.py:4180} INFO - Setting next_dagrun for example_dag_with_complex_dependencies to None, run_after=None
[2024-10-26T07:21:07.301+0000] {processor.py:208} INFO - Processing /opt/airflow/dags/dags_sample.py took 0.110 seconds
[2024-10-26T07:21:37.873+0000] {processor.py:186} INFO - Started process (PID=84756) to work on /opt/airflow/dags/dags_sample.py
[2024-10-26T07:21:37.875+0000] {processor.py:914} INFO - Processing file /opt/airflow/dags/dags_sample.py for tasks to queue
[2024-10-26T07:21:37.877+0000] {logging_mixin.py:190} INFO - [2024-10-26T07:21:37.876+0000] {dagbag.py:588} INFO - Filling up the DagBag from /opt/airflow/dags/dags_sample.py
[2024-10-26T07:21:37.890+0000] {processor.py:925} INFO - DAG(s) 'example_dag_with_complex_dependencies' retrieved from /opt/airflow/dags/dags_sample.py
[2024-10-26T07:21:37.934+0000] {logging_mixin.py:190} INFO - [2024-10-26T07:21:37.934+0000] {dag.py:3239} INFO - Sync 1 DAGs
[2024-10-26T07:21:37.957+0000] {logging_mixin.py:190} INFO - [2024-10-26T07:21:37.957+0000] {dag.py:4180} INFO - Setting next_dagrun for example_dag_with_complex_dependencies to None, run_after=None
[2024-10-26T07:21:37.971+0000] {processor.py:208} INFO - Processing /opt/airflow/dags/dags_sample.py took 0.115 seconds
[2024-10-26T07:22:08.711+0000] {processor.py:186} INFO - Started process (PID=85047) to work on /opt/airflow/dags/dags_sample.py
[2024-10-26T07:22:08.712+0000] {processor.py:914} INFO - Processing file /opt/airflow/dags/dags_sample.py for tasks to queue
[2024-10-26T07:22:08.714+0000] {logging_mixin.py:190} INFO - [2024-10-26T07:22:08.714+0000] {dagbag.py:588} INFO - Filling up the DagBag from /opt/airflow/dags/dags_sample.py
[2024-10-26T07:22:08.734+0000] {processor.py:925} INFO - DAG(s) 'example_dag_with_complex_dependencies' retrieved from /opt/airflow/dags/dags_sample.py
[2024-10-26T07:22:08.767+0000] {logging_mixin.py:190} INFO - [2024-10-26T07:22:08.767+0000] {dag.py:3239} INFO - Sync 1 DAGs
[2024-10-26T07:22:08.788+0000] {logging_mixin.py:190} INFO - [2024-10-26T07:22:08.788+0000] {dag.py:4180} INFO - Setting next_dagrun for example_dag_with_complex_dependencies to None, run_after=None
[2024-10-26T07:22:08.801+0000] {processor.py:208} INFO - Processing /opt/airflow/dags/dags_sample.py took 0.102 seconds
[2024-10-26T07:22:39.689+0000] {processor.py:186} INFO - Started process (PID=85338) to work on /opt/airflow/dags/dags_sample.py
[2024-10-26T07:22:39.691+0000] {processor.py:914} INFO - Processing file /opt/airflow/dags/dags_sample.py for tasks to queue
[2024-10-26T07:22:39.693+0000] {logging_mixin.py:190} INFO - [2024-10-26T07:22:39.692+0000] {dagbag.py:588} INFO - Filling up the DagBag from /opt/airflow/dags/dags_sample.py
[2024-10-26T07:22:39.715+0000] {processor.py:925} INFO - DAG(s) 'example_dag_with_complex_dependencies' retrieved from /opt/airflow/dags/dags_sample.py
[2024-10-26T07:22:39.749+0000] {logging_mixin.py:190} INFO - [2024-10-26T07:22:39.749+0000] {dag.py:3239} INFO - Sync 1 DAGs
[2024-10-26T07:22:39.769+0000] {logging_mixin.py:190} INFO - [2024-10-26T07:22:39.769+0000] {dag.py:4180} INFO - Setting next_dagrun for example_dag_with_complex_dependencies to None, run_after=None
[2024-10-26T07:22:39.782+0000] {processor.py:208} INFO - Processing /opt/airflow/dags/dags_sample.py took 0.107 seconds
[2024-10-26T07:23:10.587+0000] {processor.py:186} INFO - Started process (PID=85629) to work on /opt/airflow/dags/dags_sample.py
[2024-10-26T07:23:10.588+0000] {processor.py:914} INFO - Processing file /opt/airflow/dags/dags_sample.py for tasks to queue
[2024-10-26T07:23:10.590+0000] {logging_mixin.py:190} INFO - [2024-10-26T07:23:10.589+0000] {dagbag.py:588} INFO - Filling up the DagBag from /opt/airflow/dags/dags_sample.py
[2024-10-26T07:23:10.609+0000] {processor.py:925} INFO - DAG(s) 'example_dag_with_complex_dependencies' retrieved from /opt/airflow/dags/dags_sample.py
[2024-10-26T07:23:10.645+0000] {logging_mixin.py:190} INFO - [2024-10-26T07:23:10.645+0000] {dag.py:3239} INFO - Sync 1 DAGs
[2024-10-26T07:23:10.665+0000] {logging_mixin.py:190} INFO - [2024-10-26T07:23:10.665+0000] {dag.py:4180} INFO - Setting next_dagrun for example_dag_with_complex_dependencies to None, run_after=None
[2024-10-26T07:23:10.677+0000] {processor.py:208} INFO - Processing /opt/airflow/dags/dags_sample.py took 0.111 seconds
[2024-10-26T07:23:41.349+0000] {processor.py:186} INFO - Started process (PID=85920) to work on /opt/airflow/dags/dags_sample.py
[2024-10-26T07:23:41.351+0000] {processor.py:914} INFO - Processing file /opt/airflow/dags/dags_sample.py for tasks to queue
[2024-10-26T07:23:41.354+0000] {logging_mixin.py:190} INFO - [2024-10-26T07:23:41.353+0000] {dagbag.py:588} INFO - Filling up the DagBag from /opt/airflow/dags/dags_sample.py
[2024-10-26T07:23:41.376+0000] {processor.py:925} INFO - DAG(s) 'example_dag_with_complex_dependencies' retrieved from /opt/airflow/dags/dags_sample.py
[2024-10-26T07:23:41.417+0000] {logging_mixin.py:190} INFO - [2024-10-26T07:23:41.417+0000] {dag.py:3239} INFO - Sync 1 DAGs
[2024-10-26T07:23:41.440+0000] {logging_mixin.py:190} INFO - [2024-10-26T07:23:41.440+0000] {dag.py:4180} INFO - Setting next_dagrun for example_dag_with_complex_dependencies to None, run_after=None
[2024-10-26T07:23:41.458+0000] {processor.py:208} INFO - Processing /opt/airflow/dags/dags_sample.py took 0.126 seconds
[2024-10-26T07:24:12.052+0000] {processor.py:186} INFO - Started process (PID=86211) to work on /opt/airflow/dags/dags_sample.py
[2024-10-26T07:24:12.053+0000] {processor.py:914} INFO - Processing file /opt/airflow/dags/dags_sample.py for tasks to queue
[2024-10-26T07:24:12.056+0000] {logging_mixin.py:190} INFO - [2024-10-26T07:24:12.055+0000] {dagbag.py:588} INFO - Filling up the DagBag from /opt/airflow/dags/dags_sample.py
[2024-10-26T07:24:12.079+0000] {processor.py:925} INFO - DAG(s) 'example_dag_with_complex_dependencies' retrieved from /opt/airflow/dags/dags_sample.py
[2024-10-26T07:24:12.117+0000] {logging_mixin.py:190} INFO - [2024-10-26T07:24:12.117+0000] {dag.py:3239} INFO - Sync 1 DAGs
[2024-10-26T07:24:12.137+0000] {logging_mixin.py:190} INFO - [2024-10-26T07:24:12.137+0000] {dag.py:4180} INFO - Setting next_dagrun for example_dag_with_complex_dependencies to None, run_after=None
[2024-10-26T07:24:12.148+0000] {processor.py:208} INFO - Processing /opt/airflow/dags/dags_sample.py took 0.118 seconds
[2024-10-26T07:24:42.302+0000] {processor.py:186} INFO - Started process (PID=86502) to work on /opt/airflow/dags/dags_sample.py
[2024-10-26T07:24:42.304+0000] {processor.py:914} INFO - Processing file /opt/airflow/dags/dags_sample.py for tasks to queue
[2024-10-26T07:24:42.306+0000] {logging_mixin.py:190} INFO - [2024-10-26T07:24:42.305+0000] {dagbag.py:588} INFO - Filling up the DagBag from /opt/airflow/dags/dags_sample.py
[2024-10-26T07:24:42.318+0000] {processor.py:925} INFO - DAG(s) 'example_dag_with_complex_dependencies' retrieved from /opt/airflow/dags/dags_sample.py
[2024-10-26T07:24:42.351+0000] {logging_mixin.py:190} INFO - [2024-10-26T07:24:42.351+0000] {dag.py:3239} INFO - Sync 1 DAGs
[2024-10-26T07:24:42.377+0000] {logging_mixin.py:190} INFO - [2024-10-26T07:24:42.376+0000] {dag.py:4180} INFO - Setting next_dagrun for example_dag_with_complex_dependencies to None, run_after=None
[2024-10-26T07:24:42.392+0000] {processor.py:208} INFO - Processing /opt/airflow/dags/dags_sample.py took 0.105 seconds
[2024-10-26T07:25:12.974+0000] {processor.py:186} INFO - Started process (PID=86793) to work on /opt/airflow/dags/dags_sample.py
[2024-10-26T07:25:12.976+0000] {processor.py:914} INFO - Processing file /opt/airflow/dags/dags_sample.py for tasks to queue
[2024-10-26T07:25:12.978+0000] {logging_mixin.py:190} INFO - [2024-10-26T07:25:12.977+0000] {dagbag.py:588} INFO - Filling up the DagBag from /opt/airflow/dags/dags_sample.py
[2024-10-26T07:25:12.992+0000] {processor.py:925} INFO - DAG(s) 'example_dag_with_complex_dependencies' retrieved from /opt/airflow/dags/dags_sample.py
[2024-10-26T07:25:13.028+0000] {logging_mixin.py:190} INFO - [2024-10-26T07:25:13.028+0000] {dag.py:3239} INFO - Sync 1 DAGs
[2024-10-26T07:25:13.044+0000] {logging_mixin.py:190} INFO - [2024-10-26T07:25:13.044+0000] {dag.py:4180} INFO - Setting next_dagrun for example_dag_with_complex_dependencies to None, run_after=None
[2024-10-26T07:25:13.060+0000] {processor.py:208} INFO - Processing /opt/airflow/dags/dags_sample.py took 0.103 seconds
[2024-10-26T07:25:43.703+0000] {processor.py:186} INFO - Started process (PID=87084) to work on /opt/airflow/dags/dags_sample.py
[2024-10-26T07:25:43.705+0000] {processor.py:914} INFO - Processing file /opt/airflow/dags/dags_sample.py for tasks to queue
[2024-10-26T07:25:43.707+0000] {logging_mixin.py:190} INFO - [2024-10-26T07:25:43.706+0000] {dagbag.py:588} INFO - Filling up the DagBag from /opt/airflow/dags/dags_sample.py
[2024-10-26T07:25:43.722+0000] {processor.py:925} INFO - DAG(s) 'example_dag_with_complex_dependencies' retrieved from /opt/airflow/dags/dags_sample.py
[2024-10-26T07:25:43.759+0000] {logging_mixin.py:190} INFO - [2024-10-26T07:25:43.759+0000] {dag.py:3239} INFO - Sync 1 DAGs
[2024-10-26T07:25:43.779+0000] {logging_mixin.py:190} INFO - [2024-10-26T07:25:43.779+0000] {dag.py:4180} INFO - Setting next_dagrun for example_dag_with_complex_dependencies to None, run_after=None
[2024-10-26T07:25:43.791+0000] {processor.py:208} INFO - Processing /opt/airflow/dags/dags_sample.py took 0.110 seconds
[2024-10-26T07:26:14.116+0000] {processor.py:186} INFO - Started process (PID=87375) to work on /opt/airflow/dags/dags_sample.py
[2024-10-26T07:26:14.117+0000] {processor.py:914} INFO - Processing file /opt/airflow/dags/dags_sample.py for tasks to queue
[2024-10-26T07:26:14.119+0000] {logging_mixin.py:190} INFO - [2024-10-26T07:26:14.118+0000] {dagbag.py:588} INFO - Filling up the DagBag from /opt/airflow/dags/dags_sample.py
[2024-10-26T07:26:14.132+0000] {processor.py:925} INFO - DAG(s) 'example_dag_with_complex_dependencies' retrieved from /opt/airflow/dags/dags_sample.py
[2024-10-26T07:26:14.168+0000] {logging_mixin.py:190} INFO - [2024-10-26T07:26:14.168+0000] {dag.py:3239} INFO - Sync 1 DAGs
[2024-10-26T07:26:14.184+0000] {logging_mixin.py:190} INFO - [2024-10-26T07:26:14.184+0000] {dag.py:4180} INFO - Setting next_dagrun for example_dag_with_complex_dependencies to None, run_after=None
[2024-10-26T07:26:14.201+0000] {processor.py:208} INFO - Processing /opt/airflow/dags/dags_sample.py took 0.099 seconds
[2024-10-26T07:26:44.797+0000] {processor.py:186} INFO - Started process (PID=87666) to work on /opt/airflow/dags/dags_sample.py
[2024-10-26T07:26:44.798+0000] {processor.py:914} INFO - Processing file /opt/airflow/dags/dags_sample.py for tasks to queue
[2024-10-26T07:26:44.799+0000] {logging_mixin.py:190} INFO - [2024-10-26T07:26:44.799+0000] {dagbag.py:588} INFO - Filling up the DagBag from /opt/airflow/dags/dags_sample.py
[2024-10-26T07:26:44.806+0000] {processor.py:925} INFO - DAG(s) 'example_dag_with_complex_dependencies' retrieved from /opt/airflow/dags/dags_sample.py
[2024-10-26T07:26:44.823+0000] {logging_mixin.py:190} INFO - [2024-10-26T07:26:44.823+0000] {dag.py:3239} INFO - Sync 1 DAGs
[2024-10-26T07:26:44.832+0000] {logging_mixin.py:190} INFO - [2024-10-26T07:26:44.832+0000] {dag.py:4180} INFO - Setting next_dagrun for example_dag_with_complex_dependencies to None, run_after=None
[2024-10-26T07:26:44.841+0000] {processor.py:208} INFO - Processing /opt/airflow/dags/dags_sample.py took 0.052 seconds
[2024-10-26T07:27:15.039+0000] {processor.py:186} INFO - Started process (PID=87957) to work on /opt/airflow/dags/dags_sample.py
[2024-10-26T07:27:15.040+0000] {processor.py:914} INFO - Processing file /opt/airflow/dags/dags_sample.py for tasks to queue
[2024-10-26T07:27:15.041+0000] {logging_mixin.py:190} INFO - [2024-10-26T07:27:15.041+0000] {dagbag.py:588} INFO - Filling up the DagBag from /opt/airflow/dags/dags_sample.py
[2024-10-26T07:27:15.046+0000] {processor.py:925} INFO - DAG(s) 'example_dag_with_complex_dependencies' retrieved from /opt/airflow/dags/dags_sample.py
[2024-10-26T07:27:15.060+0000] {logging_mixin.py:190} INFO - [2024-10-26T07:27:15.060+0000] {dag.py:3239} INFO - Sync 1 DAGs
[2024-10-26T07:27:15.070+0000] {logging_mixin.py:190} INFO - [2024-10-26T07:27:15.070+0000] {dag.py:4180} INFO - Setting next_dagrun for example_dag_with_complex_dependencies to None, run_after=None
[2024-10-26T07:27:15.079+0000] {processor.py:208} INFO - Processing /opt/airflow/dags/dags_sample.py took 0.046 seconds
