[2024-10-26T00:46:26.636+0000] {processor.py:186} INFO - Started process (PID=70984) to work on /home/airflow/.local/lib/python3.12/site-packages/airflow/example_dags/example_params_trigger_ui.py
[2024-10-26T00:46:26.640+0000] {processor.py:914} INFO - Processing file /home/airflow/.local/lib/python3.12/site-packages/airflow/example_dags/example_params_trigger_ui.py for tasks to queue
[2024-10-26T00:46:26.642+0000] {logging_mixin.py:190} INFO - [2024-10-26T00:46:26.642+0000] {dagbag.py:588} INFO - Filling up the DagBag from /home/airflow/.local/lib/python3.12/site-packages/airflow/example_dags/example_params_trigger_ui.py
[2024-10-26T00:46:26.648+0000] {processor.py:925} INFO - DAG(s) 'example_params_trigger_ui' retrieved from /home/airflow/.local/lib/python3.12/site-packages/airflow/example_dags/example_params_trigger_ui.py
[2024-10-26T00:46:26.675+0000] {logging_mixin.py:190} INFO - [2024-10-26T00:46:26.674+0000] {dag.py:3239} INFO - Sync 1 DAGs
[2024-10-26T00:46:26.684+0000] {logging_mixin.py:190} INFO - [2024-10-26T00:46:26.684+0000] {dag.py:4180} INFO - Setting next_dagrun for example_params_trigger_ui to None, run_after=None
[2024-10-26T00:46:26.696+0000] {processor.py:208} INFO - Processing /home/airflow/.local/lib/python3.12/site-packages/airflow/example_dags/example_params_trigger_ui.py took 0.063 seconds
[2024-10-26T01:37:10.310+0000] {processor.py:186} INFO - Started process (PID=71278) to work on /home/airflow/.local/lib/python3.12/site-packages/airflow/example_dags/example_params_trigger_ui.py
[2024-10-26T01:37:10.312+0000] {processor.py:914} INFO - Processing file /home/airflow/.local/lib/python3.12/site-packages/airflow/example_dags/example_params_trigger_ui.py for tasks to queue
[2024-10-26T01:37:10.313+0000] {logging_mixin.py:190} INFO - [2024-10-26T01:37:10.313+0000] {dagbag.py:588} INFO - Filling up the DagBag from /home/airflow/.local/lib/python3.12/site-packages/airflow/example_dags/example_params_trigger_ui.py
[2024-10-26T01:37:10.323+0000] {processor.py:925} INFO - DAG(s) 'example_params_trigger_ui' retrieved from /home/airflow/.local/lib/python3.12/site-packages/airflow/example_dags/example_params_trigger_ui.py
[2024-10-26T01:37:10.344+0000] {logging_mixin.py:190} INFO - [2024-10-26T01:37:10.344+0000] {dag.py:3239} INFO - Sync 1 DAGs
[2024-10-26T01:37:10.353+0000] {logging_mixin.py:190} INFO - [2024-10-26T01:37:10.352+0000] {dag.py:4180} INFO - Setting next_dagrun for example_params_trigger_ui to None, run_after=None
[2024-10-26T01:37:10.361+0000] {processor.py:208} INFO - Processing /home/airflow/.local/lib/python3.12/site-packages/airflow/example_dags/example_params_trigger_ui.py took 0.053 seconds
[2024-10-26T02:57:39.256+0000] {processor.py:186} INFO - Started process (PID=71567) to work on /home/airflow/.local/lib/python3.12/site-packages/airflow/example_dags/example_params_trigger_ui.py
[2024-10-26T02:57:39.259+0000] {processor.py:914} INFO - Processing file /home/airflow/.local/lib/python3.12/site-packages/airflow/example_dags/example_params_trigger_ui.py for tasks to queue
[2024-10-26T02:57:39.260+0000] {logging_mixin.py:190} INFO - [2024-10-26T02:57:39.260+0000] {dagbag.py:588} INFO - Filling up the DagBag from /home/airflow/.local/lib/python3.12/site-packages/airflow/example_dags/example_params_trigger_ui.py
[2024-10-26T02:57:39.269+0000] {processor.py:925} INFO - DAG(s) 'example_params_trigger_ui' retrieved from /home/airflow/.local/lib/python3.12/site-packages/airflow/example_dags/example_params_trigger_ui.py
[2024-10-26T02:57:39.297+0000] {logging_mixin.py:190} INFO - [2024-10-26T02:57:39.297+0000] {dag.py:3239} INFO - Sync 1 DAGs
[2024-10-26T02:57:39.304+0000] {logging_mixin.py:190} INFO - [2024-10-26T02:57:39.304+0000] {dag.py:4180} INFO - Setting next_dagrun for example_params_trigger_ui to None, run_after=None
[2024-10-26T02:57:39.317+0000] {processor.py:208} INFO - Processing /home/airflow/.local/lib/python3.12/site-packages/airflow/example_dags/example_params_trigger_ui.py took 0.065 seconds
[2024-10-26T04:18:36.500+0000] {processor.py:186} INFO - Started process (PID=71858) to work on /home/airflow/.local/lib/python3.12/site-packages/airflow/example_dags/example_params_trigger_ui.py
[2024-10-26T04:18:36.502+0000] {processor.py:914} INFO - Processing file /home/airflow/.local/lib/python3.12/site-packages/airflow/example_dags/example_params_trigger_ui.py for tasks to queue
[2024-10-26T04:18:36.503+0000] {logging_mixin.py:190} INFO - [2024-10-26T04:18:36.503+0000] {dagbag.py:588} INFO - Filling up the DagBag from /home/airflow/.local/lib/python3.12/site-packages/airflow/example_dags/example_params_trigger_ui.py
[2024-10-26T04:18:36.512+0000] {processor.py:925} INFO - DAG(s) 'example_params_trigger_ui' retrieved from /home/airflow/.local/lib/python3.12/site-packages/airflow/example_dags/example_params_trigger_ui.py
[2024-10-26T04:18:36.535+0000] {logging_mixin.py:190} INFO - [2024-10-26T04:18:36.535+0000] {dag.py:3239} INFO - Sync 1 DAGs
[2024-10-26T04:18:36.542+0000] {logging_mixin.py:190} INFO - [2024-10-26T04:18:36.542+0000] {dag.py:4180} INFO - Setting next_dagrun for example_params_trigger_ui to None, run_after=None
[2024-10-26T04:18:36.560+0000] {processor.py:208} INFO - Processing /home/airflow/.local/lib/python3.12/site-packages/airflow/example_dags/example_params_trigger_ui.py took 0.063 seconds
[2024-10-26T05:41:06.284+0000] {processor.py:186} INFO - Started process (PID=72149) to work on /home/airflow/.local/lib/python3.12/site-packages/airflow/example_dags/example_params_trigger_ui.py
[2024-10-26T05:41:06.285+0000] {processor.py:914} INFO - Processing file /home/airflow/.local/lib/python3.12/site-packages/airflow/example_dags/example_params_trigger_ui.py for tasks to queue
[2024-10-26T05:41:06.286+0000] {logging_mixin.py:190} INFO - [2024-10-26T05:41:06.286+0000] {dagbag.py:588} INFO - Filling up the DagBag from /home/airflow/.local/lib/python3.12/site-packages/airflow/example_dags/example_params_trigger_ui.py
[2024-10-26T05:41:06.294+0000] {processor.py:925} INFO - DAG(s) 'example_params_trigger_ui' retrieved from /home/airflow/.local/lib/python3.12/site-packages/airflow/example_dags/example_params_trigger_ui.py
[2024-10-26T05:41:06.318+0000] {logging_mixin.py:190} INFO - [2024-10-26T05:41:06.318+0000] {dag.py:3239} INFO - Sync 1 DAGs
[2024-10-26T05:41:06.326+0000] {logging_mixin.py:190} INFO - [2024-10-26T05:41:06.326+0000] {dag.py:4180} INFO - Setting next_dagrun for example_params_trigger_ui to None, run_after=None
[2024-10-26T05:41:06.335+0000] {processor.py:208} INFO - Processing /home/airflow/.local/lib/python3.12/site-packages/airflow/example_dags/example_params_trigger_ui.py took 0.054 seconds
[2024-10-26T06:59:46.662+0000] {processor.py:186} INFO - Started process (PID=72440) to work on /home/airflow/.local/lib/python3.12/site-packages/airflow/example_dags/example_params_trigger_ui.py
[2024-10-26T06:59:46.663+0000] {processor.py:914} INFO - Processing file /home/airflow/.local/lib/python3.12/site-packages/airflow/example_dags/example_params_trigger_ui.py for tasks to queue
[2024-10-26T06:59:46.663+0000] {logging_mixin.py:190} INFO - [2024-10-26T06:59:46.663+0000] {dagbag.py:588} INFO - Filling up the DagBag from /home/airflow/.local/lib/python3.12/site-packages/airflow/example_dags/example_params_trigger_ui.py
[2024-10-26T06:59:46.670+0000] {processor.py:925} INFO - DAG(s) 'example_params_trigger_ui' retrieved from /home/airflow/.local/lib/python3.12/site-packages/airflow/example_dags/example_params_trigger_ui.py
[2024-10-26T06:59:46.695+0000] {logging_mixin.py:190} INFO - [2024-10-26T06:59:46.695+0000] {dag.py:3239} INFO - Sync 1 DAGs
[2024-10-26T06:59:46.702+0000] {logging_mixin.py:190} INFO - [2024-10-26T06:59:46.702+0000] {dag.py:4180} INFO - Setting next_dagrun for example_params_trigger_ui to None, run_after=None
[2024-10-26T06:59:46.715+0000] {processor.py:208} INFO - Processing /home/airflow/.local/lib/python3.12/site-packages/airflow/example_dags/example_params_trigger_ui.py took 0.058 seconds
[2024-10-26T07:00:17.235+0000] {processor.py:186} INFO - Started process (PID=72731) to work on /home/airflow/.local/lib/python3.12/site-packages/airflow/example_dags/example_params_trigger_ui.py
[2024-10-26T07:00:17.238+0000] {processor.py:914} INFO - Processing file /home/airflow/.local/lib/python3.12/site-packages/airflow/example_dags/example_params_trigger_ui.py for tasks to queue
[2024-10-26T07:00:17.238+0000] {logging_mixin.py:190} INFO - [2024-10-26T07:00:17.238+0000] {dagbag.py:588} INFO - Filling up the DagBag from /home/airflow/.local/lib/python3.12/site-packages/airflow/example_dags/example_params_trigger_ui.py
[2024-10-26T07:00:17.245+0000] {processor.py:925} INFO - DAG(s) 'example_params_trigger_ui' retrieved from /home/airflow/.local/lib/python3.12/site-packages/airflow/example_dags/example_params_trigger_ui.py
[2024-10-26T07:00:17.266+0000] {logging_mixin.py:190} INFO - [2024-10-26T07:00:17.266+0000] {dag.py:3239} INFO - Sync 1 DAGs
[2024-10-26T07:00:17.273+0000] {logging_mixin.py:190} INFO - [2024-10-26T07:00:17.273+0000] {dag.py:4180} INFO - Setting next_dagrun for example_params_trigger_ui to None, run_after=None
[2024-10-26T07:00:17.284+0000] {processor.py:208} INFO - Processing /home/airflow/.local/lib/python3.12/site-packages/airflow/example_dags/example_params_trigger_ui.py took 0.053 seconds
[2024-10-26T07:00:47.812+0000] {processor.py:186} INFO - Started process (PID=73022) to work on /home/airflow/.local/lib/python3.12/site-packages/airflow/example_dags/example_params_trigger_ui.py
[2024-10-26T07:00:47.813+0000] {processor.py:914} INFO - Processing file /home/airflow/.local/lib/python3.12/site-packages/airflow/example_dags/example_params_trigger_ui.py for tasks to queue
[2024-10-26T07:00:47.815+0000] {logging_mixin.py:190} INFO - [2024-10-26T07:00:47.815+0000] {dagbag.py:588} INFO - Filling up the DagBag from /home/airflow/.local/lib/python3.12/site-packages/airflow/example_dags/example_params_trigger_ui.py
[2024-10-26T07:00:47.821+0000] {processor.py:925} INFO - DAG(s) 'example_params_trigger_ui' retrieved from /home/airflow/.local/lib/python3.12/site-packages/airflow/example_dags/example_params_trigger_ui.py
[2024-10-26T07:00:47.843+0000] {logging_mixin.py:190} INFO - [2024-10-26T07:00:47.843+0000] {dag.py:3239} INFO - Sync 1 DAGs
[2024-10-26T07:00:47.850+0000] {logging_mixin.py:190} INFO - [2024-10-26T07:00:47.849+0000] {dag.py:4180} INFO - Setting next_dagrun for example_params_trigger_ui to None, run_after=None
[2024-10-26T07:00:47.862+0000] {processor.py:208} INFO - Processing /home/airflow/.local/lib/python3.12/site-packages/airflow/example_dags/example_params_trigger_ui.py took 0.053 seconds
[2024-10-26T07:01:21.695+0000] {processor.py:186} INFO - Started process (PID=73313) to work on /home/airflow/.local/lib/python3.12/site-packages/airflow/example_dags/example_params_trigger_ui.py
[2024-10-26T07:01:21.697+0000] {processor.py:914} INFO - Processing file /home/airflow/.local/lib/python3.12/site-packages/airflow/example_dags/example_params_trigger_ui.py for tasks to queue
[2024-10-26T07:01:21.701+0000] {logging_mixin.py:190} INFO - [2024-10-26T07:01:21.700+0000] {dagbag.py:588} INFO - Filling up the DagBag from /home/airflow/.local/lib/python3.12/site-packages/airflow/example_dags/example_params_trigger_ui.py
[2024-10-26T07:01:21.719+0000] {processor.py:925} INFO - DAG(s) 'example_params_trigger_ui' retrieved from /home/airflow/.local/lib/python3.12/site-packages/airflow/example_dags/example_params_trigger_ui.py
[2024-10-26T07:01:21.810+0000] {logging_mixin.py:190} INFO - [2024-10-26T07:01:21.810+0000] {dag.py:3239} INFO - Sync 1 DAGs
[2024-10-26T07:01:21.835+0000] {logging_mixin.py:190} INFO - [2024-10-26T07:01:21.835+0000] {dag.py:4180} INFO - Setting next_dagrun for example_params_trigger_ui to None, run_after=None
[2024-10-26T07:01:21.876+0000] {processor.py:208} INFO - Processing /home/airflow/.local/lib/python3.12/site-packages/airflow/example_dags/example_params_trigger_ui.py took 0.189 seconds
[2024-10-26T07:01:52.325+0000] {processor.py:186} INFO - Started process (PID=73604) to work on /home/airflow/.local/lib/python3.12/site-packages/airflow/example_dags/example_params_trigger_ui.py
[2024-10-26T07:01:52.326+0000] {processor.py:914} INFO - Processing file /home/airflow/.local/lib/python3.12/site-packages/airflow/example_dags/example_params_trigger_ui.py for tasks to queue
[2024-10-26T07:01:52.327+0000] {logging_mixin.py:190} INFO - [2024-10-26T07:01:52.327+0000] {dagbag.py:588} INFO - Filling up the DagBag from /home/airflow/.local/lib/python3.12/site-packages/airflow/example_dags/example_params_trigger_ui.py
[2024-10-26T07:01:52.334+0000] {processor.py:925} INFO - DAG(s) 'example_params_trigger_ui' retrieved from /home/airflow/.local/lib/python3.12/site-packages/airflow/example_dags/example_params_trigger_ui.py
[2024-10-26T07:01:52.362+0000] {logging_mixin.py:190} INFO - [2024-10-26T07:01:52.362+0000] {dag.py:3239} INFO - Sync 1 DAGs
[2024-10-26T07:01:52.369+0000] {logging_mixin.py:190} INFO - [2024-10-26T07:01:52.369+0000] {dag.py:4180} INFO - Setting next_dagrun for example_params_trigger_ui to None, run_after=None
[2024-10-26T07:01:52.381+0000] {processor.py:208} INFO - Processing /home/airflow/.local/lib/python3.12/site-packages/airflow/example_dags/example_params_trigger_ui.py took 0.060 seconds
[2024-10-26T07:02:22.836+0000] {processor.py:186} INFO - Started process (PID=73896) to work on /home/airflow/.local/lib/python3.12/site-packages/airflow/example_dags/example_params_trigger_ui.py
[2024-10-26T07:02:22.837+0000] {processor.py:914} INFO - Processing file /home/airflow/.local/lib/python3.12/site-packages/airflow/example_dags/example_params_trigger_ui.py for tasks to queue
[2024-10-26T07:02:22.838+0000] {logging_mixin.py:190} INFO - [2024-10-26T07:02:22.838+0000] {dagbag.py:588} INFO - Filling up the DagBag from /home/airflow/.local/lib/python3.12/site-packages/airflow/example_dags/example_params_trigger_ui.py
[2024-10-26T07:02:22.845+0000] {processor.py:925} INFO - DAG(s) 'example_params_trigger_ui' retrieved from /home/airflow/.local/lib/python3.12/site-packages/airflow/example_dags/example_params_trigger_ui.py
[2024-10-26T07:02:22.866+0000] {logging_mixin.py:190} INFO - [2024-10-26T07:02:22.866+0000] {dag.py:3239} INFO - Sync 1 DAGs
[2024-10-26T07:02:22.873+0000] {logging_mixin.py:190} INFO - [2024-10-26T07:02:22.873+0000] {dag.py:4180} INFO - Setting next_dagrun for example_params_trigger_ui to None, run_after=None
[2024-10-26T07:02:22.885+0000] {processor.py:208} INFO - Processing /home/airflow/.local/lib/python3.12/site-packages/airflow/example_dags/example_params_trigger_ui.py took 0.054 seconds
[2024-10-26T07:02:53.549+0000] {processor.py:186} INFO - Started process (PID=74186) to work on /home/airflow/.local/lib/python3.12/site-packages/airflow/example_dags/example_params_trigger_ui.py
[2024-10-26T07:02:53.550+0000] {processor.py:914} INFO - Processing file /home/airflow/.local/lib/python3.12/site-packages/airflow/example_dags/example_params_trigger_ui.py for tasks to queue
[2024-10-26T07:02:53.552+0000] {logging_mixin.py:190} INFO - [2024-10-26T07:02:53.552+0000] {dagbag.py:588} INFO - Filling up the DagBag from /home/airflow/.local/lib/python3.12/site-packages/airflow/example_dags/example_params_trigger_ui.py
[2024-10-26T07:02:53.559+0000] {processor.py:925} INFO - DAG(s) 'example_params_trigger_ui' retrieved from /home/airflow/.local/lib/python3.12/site-packages/airflow/example_dags/example_params_trigger_ui.py
[2024-10-26T07:02:53.582+0000] {logging_mixin.py:190} INFO - [2024-10-26T07:02:53.582+0000] {dag.py:3239} INFO - Sync 1 DAGs
[2024-10-26T07:02:53.589+0000] {logging_mixin.py:190} INFO - [2024-10-26T07:02:53.589+0000] {dag.py:4180} INFO - Setting next_dagrun for example_params_trigger_ui to None, run_after=None
[2024-10-26T07:02:53.601+0000] {processor.py:208} INFO - Processing /home/airflow/.local/lib/python3.12/site-packages/airflow/example_dags/example_params_trigger_ui.py took 0.055 seconds
[2024-10-26T07:03:24.128+0000] {processor.py:186} INFO - Started process (PID=74477) to work on /home/airflow/.local/lib/python3.12/site-packages/airflow/example_dags/example_params_trigger_ui.py
[2024-10-26T07:03:24.130+0000] {processor.py:914} INFO - Processing file /home/airflow/.local/lib/python3.12/site-packages/airflow/example_dags/example_params_trigger_ui.py for tasks to queue
[2024-10-26T07:03:24.131+0000] {logging_mixin.py:190} INFO - [2024-10-26T07:03:24.131+0000] {dagbag.py:588} INFO - Filling up the DagBag from /home/airflow/.local/lib/python3.12/site-packages/airflow/example_dags/example_params_trigger_ui.py
[2024-10-26T07:03:24.139+0000] {processor.py:925} INFO - DAG(s) 'example_params_trigger_ui' retrieved from /home/airflow/.local/lib/python3.12/site-packages/airflow/example_dags/example_params_trigger_ui.py
[2024-10-26T07:03:24.175+0000] {logging_mixin.py:190} INFO - [2024-10-26T07:03:24.175+0000] {dag.py:3239} INFO - Sync 1 DAGs
[2024-10-26T07:03:24.190+0000] {logging_mixin.py:190} INFO - [2024-10-26T07:03:24.190+0000] {dag.py:4180} INFO - Setting next_dagrun for example_params_trigger_ui to None, run_after=None
[2024-10-26T07:03:24.226+0000] {processor.py:208} INFO - Processing /home/airflow/.local/lib/python3.12/site-packages/airflow/example_dags/example_params_trigger_ui.py took 0.102 seconds
[2024-10-26T07:03:54.996+0000] {processor.py:186} INFO - Started process (PID=74768) to work on /home/airflow/.local/lib/python3.12/site-packages/airflow/example_dags/example_params_trigger_ui.py
[2024-10-26T07:03:54.997+0000] {processor.py:914} INFO - Processing file /home/airflow/.local/lib/python3.12/site-packages/airflow/example_dags/example_params_trigger_ui.py for tasks to queue
[2024-10-26T07:03:54.998+0000] {logging_mixin.py:190} INFO - [2024-10-26T07:03:54.997+0000] {dagbag.py:588} INFO - Filling up the DagBag from /home/airflow/.local/lib/python3.12/site-packages/airflow/example_dags/example_params_trigger_ui.py
[2024-10-26T07:03:55.004+0000] {processor.py:925} INFO - DAG(s) 'example_params_trigger_ui' retrieved from /home/airflow/.local/lib/python3.12/site-packages/airflow/example_dags/example_params_trigger_ui.py
[2024-10-26T07:03:55.025+0000] {logging_mixin.py:190} INFO - [2024-10-26T07:03:55.025+0000] {dag.py:3239} INFO - Sync 1 DAGs
[2024-10-26T07:03:55.031+0000] {logging_mixin.py:190} INFO - [2024-10-26T07:03:55.031+0000] {dag.py:4180} INFO - Setting next_dagrun for example_params_trigger_ui to None, run_after=None
[2024-10-26T07:03:55.045+0000] {processor.py:208} INFO - Processing /home/airflow/.local/lib/python3.12/site-packages/airflow/example_dags/example_params_trigger_ui.py took 0.053 seconds
[2024-10-26T07:04:25.217+0000] {processor.py:186} INFO - Started process (PID=75058) to work on /home/airflow/.local/lib/python3.12/site-packages/airflow/example_dags/example_params_trigger_ui.py
[2024-10-26T07:04:25.218+0000] {processor.py:914} INFO - Processing file /home/airflow/.local/lib/python3.12/site-packages/airflow/example_dags/example_params_trigger_ui.py for tasks to queue
[2024-10-26T07:04:25.219+0000] {logging_mixin.py:190} INFO - [2024-10-26T07:04:25.219+0000] {dagbag.py:588} INFO - Filling up the DagBag from /home/airflow/.local/lib/python3.12/site-packages/airflow/example_dags/example_params_trigger_ui.py
[2024-10-26T07:04:25.227+0000] {processor.py:925} INFO - DAG(s) 'example_params_trigger_ui' retrieved from /home/airflow/.local/lib/python3.12/site-packages/airflow/example_dags/example_params_trigger_ui.py
[2024-10-26T07:04:25.257+0000] {logging_mixin.py:190} INFO - [2024-10-26T07:04:25.257+0000] {dag.py:3239} INFO - Sync 1 DAGs
[2024-10-26T07:04:25.264+0000] {logging_mixin.py:190} INFO - [2024-10-26T07:04:25.264+0000] {dag.py:4180} INFO - Setting next_dagrun for example_params_trigger_ui to None, run_after=None
[2024-10-26T07:04:25.273+0000] {processor.py:208} INFO - Processing /home/airflow/.local/lib/python3.12/site-packages/airflow/example_dags/example_params_trigger_ui.py took 0.059 seconds
[2024-10-26T07:04:55.557+0000] {processor.py:186} INFO - Started process (PID=75349) to work on /home/airflow/.local/lib/python3.12/site-packages/airflow/example_dags/example_params_trigger_ui.py
[2024-10-26T07:04:55.559+0000] {processor.py:914} INFO - Processing file /home/airflow/.local/lib/python3.12/site-packages/airflow/example_dags/example_params_trigger_ui.py for tasks to queue
[2024-10-26T07:04:55.560+0000] {logging_mixin.py:190} INFO - [2024-10-26T07:04:55.560+0000] {dagbag.py:588} INFO - Filling up the DagBag from /home/airflow/.local/lib/python3.12/site-packages/airflow/example_dags/example_params_trigger_ui.py
[2024-10-26T07:04:55.566+0000] {processor.py:925} INFO - DAG(s) 'example_params_trigger_ui' retrieved from /home/airflow/.local/lib/python3.12/site-packages/airflow/example_dags/example_params_trigger_ui.py
[2024-10-26T07:04:55.588+0000] {logging_mixin.py:190} INFO - [2024-10-26T07:04:55.588+0000] {dag.py:3239} INFO - Sync 1 DAGs
[2024-10-26T07:04:55.596+0000] {logging_mixin.py:190} INFO - [2024-10-26T07:04:55.596+0000] {dag.py:4180} INFO - Setting next_dagrun for example_params_trigger_ui to None, run_after=None
[2024-10-26T07:04:55.606+0000] {processor.py:208} INFO - Processing /home/airflow/.local/lib/python3.12/site-packages/airflow/example_dags/example_params_trigger_ui.py took 0.052 seconds
[2024-10-26T07:05:26.718+0000] {processor.py:186} INFO - Started process (PID=75645) to work on /home/airflow/.local/lib/python3.12/site-packages/airflow/example_dags/example_params_trigger_ui.py
[2024-10-26T07:05:26.719+0000] {processor.py:914} INFO - Processing file /home/airflow/.local/lib/python3.12/site-packages/airflow/example_dags/example_params_trigger_ui.py for tasks to queue
[2024-10-26T07:05:26.720+0000] {logging_mixin.py:190} INFO - [2024-10-26T07:05:26.720+0000] {dagbag.py:588} INFO - Filling up the DagBag from /home/airflow/.local/lib/python3.12/site-packages/airflow/example_dags/example_params_trigger_ui.py
[2024-10-26T07:05:26.732+0000] {processor.py:925} INFO - DAG(s) 'example_params_trigger_ui' retrieved from /home/airflow/.local/lib/python3.12/site-packages/airflow/example_dags/example_params_trigger_ui.py
[2024-10-26T07:05:26.756+0000] {logging_mixin.py:190} INFO - [2024-10-26T07:05:26.755+0000] {dag.py:3239} INFO - Sync 1 DAGs
[2024-10-26T07:05:26.765+0000] {logging_mixin.py:190} INFO - [2024-10-26T07:05:26.765+0000] {dag.py:4180} INFO - Setting next_dagrun for example_params_trigger_ui to None, run_after=None
[2024-10-26T07:05:26.774+0000] {processor.py:208} INFO - Processing /home/airflow/.local/lib/python3.12/site-packages/airflow/example_dags/example_params_trigger_ui.py took 0.059 seconds
[2024-10-26T07:05:57.390+0000] {processor.py:186} INFO - Started process (PID=75935) to work on /home/airflow/.local/lib/python3.12/site-packages/airflow/example_dags/example_params_trigger_ui.py
[2024-10-26T07:05:57.390+0000] {processor.py:914} INFO - Processing file /home/airflow/.local/lib/python3.12/site-packages/airflow/example_dags/example_params_trigger_ui.py for tasks to queue
[2024-10-26T07:05:57.391+0000] {logging_mixin.py:190} INFO - [2024-10-26T07:05:57.391+0000] {dagbag.py:588} INFO - Filling up the DagBag from /home/airflow/.local/lib/python3.12/site-packages/airflow/example_dags/example_params_trigger_ui.py
[2024-10-26T07:05:57.399+0000] {processor.py:925} INFO - DAG(s) 'example_params_trigger_ui' retrieved from /home/airflow/.local/lib/python3.12/site-packages/airflow/example_dags/example_params_trigger_ui.py
[2024-10-26T07:05:57.425+0000] {logging_mixin.py:190} INFO - [2024-10-26T07:05:57.425+0000] {dag.py:3239} INFO - Sync 1 DAGs
[2024-10-26T07:05:57.433+0000] {logging_mixin.py:190} INFO - [2024-10-26T07:05:57.433+0000] {dag.py:4180} INFO - Setting next_dagrun for example_params_trigger_ui to None, run_after=None
[2024-10-26T07:05:57.444+0000] {processor.py:208} INFO - Processing /home/airflow/.local/lib/python3.12/site-packages/airflow/example_dags/example_params_trigger_ui.py took 0.059 seconds
[2024-10-26T07:06:27.728+0000] {processor.py:186} INFO - Started process (PID=76226) to work on /home/airflow/.local/lib/python3.12/site-packages/airflow/example_dags/example_params_trigger_ui.py
[2024-10-26T07:06:27.729+0000] {processor.py:914} INFO - Processing file /home/airflow/.local/lib/python3.12/site-packages/airflow/example_dags/example_params_trigger_ui.py for tasks to queue
[2024-10-26T07:06:27.729+0000] {logging_mixin.py:190} INFO - [2024-10-26T07:06:27.729+0000] {dagbag.py:588} INFO - Filling up the DagBag from /home/airflow/.local/lib/python3.12/site-packages/airflow/example_dags/example_params_trigger_ui.py
[2024-10-26T07:06:27.735+0000] {processor.py:925} INFO - DAG(s) 'example_params_trigger_ui' retrieved from /home/airflow/.local/lib/python3.12/site-packages/airflow/example_dags/example_params_trigger_ui.py
[2024-10-26T07:06:27.757+0000] {logging_mixin.py:190} INFO - [2024-10-26T07:06:27.757+0000] {dag.py:3239} INFO - Sync 1 DAGs
[2024-10-26T07:06:27.764+0000] {logging_mixin.py:190} INFO - [2024-10-26T07:06:27.764+0000] {dag.py:4180} INFO - Setting next_dagrun for example_params_trigger_ui to None, run_after=None
[2024-10-26T07:06:27.774+0000] {processor.py:208} INFO - Processing /home/airflow/.local/lib/python3.12/site-packages/airflow/example_dags/example_params_trigger_ui.py took 0.049 seconds
[2024-10-26T07:06:58.008+0000] {processor.py:186} INFO - Started process (PID=76517) to work on /home/airflow/.local/lib/python3.12/site-packages/airflow/example_dags/example_params_trigger_ui.py
[2024-10-26T07:06:58.009+0000] {processor.py:914} INFO - Processing file /home/airflow/.local/lib/python3.12/site-packages/airflow/example_dags/example_params_trigger_ui.py for tasks to queue
[2024-10-26T07:06:58.010+0000] {logging_mixin.py:190} INFO - [2024-10-26T07:06:58.009+0000] {dagbag.py:588} INFO - Filling up the DagBag from /home/airflow/.local/lib/python3.12/site-packages/airflow/example_dags/example_params_trigger_ui.py
[2024-10-26T07:06:58.017+0000] {processor.py:925} INFO - DAG(s) 'example_params_trigger_ui' retrieved from /home/airflow/.local/lib/python3.12/site-packages/airflow/example_dags/example_params_trigger_ui.py
[2024-10-26T07:06:58.038+0000] {logging_mixin.py:190} INFO - [2024-10-26T07:06:58.037+0000] {dag.py:3239} INFO - Sync 1 DAGs
[2024-10-26T07:06:58.048+0000] {logging_mixin.py:190} INFO - [2024-10-26T07:06:58.048+0000] {dag.py:4180} INFO - Setting next_dagrun for example_params_trigger_ui to None, run_after=None
[2024-10-26T07:06:58.057+0000] {processor.py:208} INFO - Processing /home/airflow/.local/lib/python3.12/site-packages/airflow/example_dags/example_params_trigger_ui.py took 0.053 seconds
[2024-10-26T07:07:28.527+0000] {processor.py:186} INFO - Started process (PID=76808) to work on /home/airflow/.local/lib/python3.12/site-packages/airflow/example_dags/example_params_trigger_ui.py
[2024-10-26T07:07:28.530+0000] {processor.py:914} INFO - Processing file /home/airflow/.local/lib/python3.12/site-packages/airflow/example_dags/example_params_trigger_ui.py for tasks to queue
[2024-10-26T07:07:28.530+0000] {logging_mixin.py:190} INFO - [2024-10-26T07:07:28.530+0000] {dagbag.py:588} INFO - Filling up the DagBag from /home/airflow/.local/lib/python3.12/site-packages/airflow/example_dags/example_params_trigger_ui.py
[2024-10-26T07:07:28.538+0000] {processor.py:925} INFO - DAG(s) 'example_params_trigger_ui' retrieved from /home/airflow/.local/lib/python3.12/site-packages/airflow/example_dags/example_params_trigger_ui.py
[2024-10-26T07:07:28.557+0000] {logging_mixin.py:190} INFO - [2024-10-26T07:07:28.557+0000] {dag.py:3239} INFO - Sync 1 DAGs
[2024-10-26T07:07:28.563+0000] {logging_mixin.py:190} INFO - [2024-10-26T07:07:28.563+0000] {dag.py:4180} INFO - Setting next_dagrun for example_params_trigger_ui to None, run_after=None
[2024-10-26T07:07:28.571+0000] {processor.py:208} INFO - Processing /home/airflow/.local/lib/python3.12/site-packages/airflow/example_dags/example_params_trigger_ui.py took 0.048 seconds
[2024-10-26T07:07:59.679+0000] {processor.py:186} INFO - Started process (PID=77099) to work on /home/airflow/.local/lib/python3.12/site-packages/airflow/example_dags/example_params_trigger_ui.py
[2024-10-26T07:07:59.680+0000] {processor.py:914} INFO - Processing file /home/airflow/.local/lib/python3.12/site-packages/airflow/example_dags/example_params_trigger_ui.py for tasks to queue
[2024-10-26T07:07:59.681+0000] {logging_mixin.py:190} INFO - [2024-10-26T07:07:59.680+0000] {dagbag.py:588} INFO - Filling up the DagBag from /home/airflow/.local/lib/python3.12/site-packages/airflow/example_dags/example_params_trigger_ui.py
[2024-10-26T07:07:59.687+0000] {processor.py:925} INFO - DAG(s) 'example_params_trigger_ui' retrieved from /home/airflow/.local/lib/python3.12/site-packages/airflow/example_dags/example_params_trigger_ui.py
[2024-10-26T07:07:59.709+0000] {logging_mixin.py:190} INFO - [2024-10-26T07:07:59.709+0000] {dag.py:3239} INFO - Sync 1 DAGs
[2024-10-26T07:07:59.718+0000] {logging_mixin.py:190} INFO - [2024-10-26T07:07:59.718+0000] {dag.py:4180} INFO - Setting next_dagrun for example_params_trigger_ui to None, run_after=None
[2024-10-26T07:07:59.729+0000] {processor.py:208} INFO - Processing /home/airflow/.local/lib/python3.12/site-packages/airflow/example_dags/example_params_trigger_ui.py took 0.054 seconds
[2024-10-26T07:08:30.249+0000] {processor.py:186} INFO - Started process (PID=77390) to work on /home/airflow/.local/lib/python3.12/site-packages/airflow/example_dags/example_params_trigger_ui.py
[2024-10-26T07:08:30.250+0000] {processor.py:914} INFO - Processing file /home/airflow/.local/lib/python3.12/site-packages/airflow/example_dags/example_params_trigger_ui.py for tasks to queue
[2024-10-26T07:08:30.251+0000] {logging_mixin.py:190} INFO - [2024-10-26T07:08:30.250+0000] {dagbag.py:588} INFO - Filling up the DagBag from /home/airflow/.local/lib/python3.12/site-packages/airflow/example_dags/example_params_trigger_ui.py
[2024-10-26T07:08:30.261+0000] {processor.py:925} INFO - DAG(s) 'example_params_trigger_ui' retrieved from /home/airflow/.local/lib/python3.12/site-packages/airflow/example_dags/example_params_trigger_ui.py
[2024-10-26T07:08:30.283+0000] {logging_mixin.py:190} INFO - [2024-10-26T07:08:30.283+0000] {dag.py:3239} INFO - Sync 1 DAGs
[2024-10-26T07:08:30.291+0000] {logging_mixin.py:190} INFO - [2024-10-26T07:08:30.290+0000] {dag.py:4180} INFO - Setting next_dagrun for example_params_trigger_ui to None, run_after=None
[2024-10-26T07:08:30.299+0000] {processor.py:208} INFO - Processing /home/airflow/.local/lib/python3.12/site-packages/airflow/example_dags/example_params_trigger_ui.py took 0.054 seconds
[2024-10-26T07:09:01.272+0000] {processor.py:186} INFO - Started process (PID=77681) to work on /home/airflow/.local/lib/python3.12/site-packages/airflow/example_dags/example_params_trigger_ui.py
[2024-10-26T07:09:01.272+0000] {processor.py:914} INFO - Processing file /home/airflow/.local/lib/python3.12/site-packages/airflow/example_dags/example_params_trigger_ui.py for tasks to queue
[2024-10-26T07:09:01.273+0000] {logging_mixin.py:190} INFO - [2024-10-26T07:09:01.273+0000] {dagbag.py:588} INFO - Filling up the DagBag from /home/airflow/.local/lib/python3.12/site-packages/airflow/example_dags/example_params_trigger_ui.py
[2024-10-26T07:09:01.279+0000] {processor.py:925} INFO - DAG(s) 'example_params_trigger_ui' retrieved from /home/airflow/.local/lib/python3.12/site-packages/airflow/example_dags/example_params_trigger_ui.py
[2024-10-26T07:09:01.300+0000] {logging_mixin.py:190} INFO - [2024-10-26T07:09:01.300+0000] {dag.py:3239} INFO - Sync 1 DAGs
[2024-10-26T07:09:01.307+0000] {logging_mixin.py:190} INFO - [2024-10-26T07:09:01.307+0000] {dag.py:4180} INFO - Setting next_dagrun for example_params_trigger_ui to None, run_after=None
[2024-10-26T07:09:01.316+0000] {processor.py:208} INFO - Processing /home/airflow/.local/lib/python3.12/site-packages/airflow/example_dags/example_params_trigger_ui.py took 0.048 seconds
[2024-10-26T07:09:31.657+0000] {processor.py:186} INFO - Started process (PID=77974) to work on /home/airflow/.local/lib/python3.12/site-packages/airflow/example_dags/example_params_trigger_ui.py
[2024-10-26T07:09:31.657+0000] {processor.py:914} INFO - Processing file /home/airflow/.local/lib/python3.12/site-packages/airflow/example_dags/example_params_trigger_ui.py for tasks to queue
[2024-10-26T07:09:31.658+0000] {logging_mixin.py:190} INFO - [2024-10-26T07:09:31.658+0000] {dagbag.py:588} INFO - Filling up the DagBag from /home/airflow/.local/lib/python3.12/site-packages/airflow/example_dags/example_params_trigger_ui.py
[2024-10-26T07:09:31.663+0000] {processor.py:925} INFO - DAG(s) 'example_params_trigger_ui' retrieved from /home/airflow/.local/lib/python3.12/site-packages/airflow/example_dags/example_params_trigger_ui.py
[2024-10-26T07:09:31.685+0000] {logging_mixin.py:190} INFO - [2024-10-26T07:09:31.685+0000] {dag.py:3239} INFO - Sync 1 DAGs
[2024-10-26T07:09:31.692+0000] {logging_mixin.py:190} INFO - [2024-10-26T07:09:31.691+0000] {dag.py:4180} INFO - Setting next_dagrun for example_params_trigger_ui to None, run_after=None
[2024-10-26T07:09:31.703+0000] {processor.py:208} INFO - Processing /home/airflow/.local/lib/python3.12/site-packages/airflow/example_dags/example_params_trigger_ui.py took 0.050 seconds
[2024-10-26T07:10:02.818+0000] {processor.py:186} INFO - Started process (PID=78263) to work on /home/airflow/.local/lib/python3.12/site-packages/airflow/example_dags/example_params_trigger_ui.py
[2024-10-26T07:10:02.819+0000] {processor.py:914} INFO - Processing file /home/airflow/.local/lib/python3.12/site-packages/airflow/example_dags/example_params_trigger_ui.py for tasks to queue
[2024-10-26T07:10:02.820+0000] {logging_mixin.py:190} INFO - [2024-10-26T07:10:02.820+0000] {dagbag.py:588} INFO - Filling up the DagBag from /home/airflow/.local/lib/python3.12/site-packages/airflow/example_dags/example_params_trigger_ui.py
[2024-10-26T07:10:02.827+0000] {processor.py:925} INFO - DAG(s) 'example_params_trigger_ui' retrieved from /home/airflow/.local/lib/python3.12/site-packages/airflow/example_dags/example_params_trigger_ui.py
[2024-10-26T07:10:02.851+0000] {logging_mixin.py:190} INFO - [2024-10-26T07:10:02.851+0000] {dag.py:3239} INFO - Sync 1 DAGs
[2024-10-26T07:10:02.859+0000] {logging_mixin.py:190} INFO - [2024-10-26T07:10:02.859+0000] {dag.py:4180} INFO - Setting next_dagrun for example_params_trigger_ui to None, run_after=None
[2024-10-26T07:10:02.873+0000] {processor.py:208} INFO - Processing /home/airflow/.local/lib/python3.12/site-packages/airflow/example_dags/example_params_trigger_ui.py took 0.059 seconds
[2024-10-26T07:10:34.536+0000] {processor.py:186} INFO - Started process (PID=78560) to work on /home/airflow/.local/lib/python3.12/site-packages/airflow/example_dags/example_params_trigger_ui.py
[2024-10-26T07:10:34.536+0000] {processor.py:914} INFO - Processing file /home/airflow/.local/lib/python3.12/site-packages/airflow/example_dags/example_params_trigger_ui.py for tasks to queue
[2024-10-26T07:10:34.537+0000] {logging_mixin.py:190} INFO - [2024-10-26T07:10:34.537+0000] {dagbag.py:588} INFO - Filling up the DagBag from /home/airflow/.local/lib/python3.12/site-packages/airflow/example_dags/example_params_trigger_ui.py
[2024-10-26T07:10:34.547+0000] {processor.py:925} INFO - DAG(s) 'example_params_trigger_ui' retrieved from /home/airflow/.local/lib/python3.12/site-packages/airflow/example_dags/example_params_trigger_ui.py
[2024-10-26T07:10:34.578+0000] {logging_mixin.py:190} INFO - [2024-10-26T07:10:34.578+0000] {dag.py:3239} INFO - Sync 1 DAGs
[2024-10-26T07:10:34.590+0000] {logging_mixin.py:190} INFO - [2024-10-26T07:10:34.590+0000] {dag.py:4180} INFO - Setting next_dagrun for example_params_trigger_ui to None, run_after=None
[2024-10-26T07:10:34.606+0000] {processor.py:208} INFO - Processing /home/airflow/.local/lib/python3.12/site-packages/airflow/example_dags/example_params_trigger_ui.py took 0.075 seconds
[2024-10-26T07:11:06.206+0000] {processor.py:186} INFO - Started process (PID=78856) to work on /home/airflow/.local/lib/python3.12/site-packages/airflow/example_dags/example_params_trigger_ui.py
[2024-10-26T07:11:06.207+0000] {processor.py:914} INFO - Processing file /home/airflow/.local/lib/python3.12/site-packages/airflow/example_dags/example_params_trigger_ui.py for tasks to queue
[2024-10-26T07:11:06.208+0000] {logging_mixin.py:190} INFO - [2024-10-26T07:11:06.208+0000] {dagbag.py:588} INFO - Filling up the DagBag from /home/airflow/.local/lib/python3.12/site-packages/airflow/example_dags/example_params_trigger_ui.py
[2024-10-26T07:11:06.215+0000] {processor.py:925} INFO - DAG(s) 'example_params_trigger_ui' retrieved from /home/airflow/.local/lib/python3.12/site-packages/airflow/example_dags/example_params_trigger_ui.py
[2024-10-26T07:11:06.243+0000] {logging_mixin.py:190} INFO - [2024-10-26T07:11:06.243+0000] {dag.py:3239} INFO - Sync 1 DAGs
[2024-10-26T07:11:06.251+0000] {logging_mixin.py:190} INFO - [2024-10-26T07:11:06.251+0000] {dag.py:4180} INFO - Setting next_dagrun for example_params_trigger_ui to None, run_after=None
[2024-10-26T07:11:06.263+0000] {processor.py:208} INFO - Processing /home/airflow/.local/lib/python3.12/site-packages/airflow/example_dags/example_params_trigger_ui.py took 0.060 seconds
[2024-10-26T07:11:36.592+0000] {processor.py:186} INFO - Started process (PID=79147) to work on /home/airflow/.local/lib/python3.12/site-packages/airflow/example_dags/example_params_trigger_ui.py
[2024-10-26T07:11:36.598+0000] {processor.py:914} INFO - Processing file /home/airflow/.local/lib/python3.12/site-packages/airflow/example_dags/example_params_trigger_ui.py for tasks to queue
[2024-10-26T07:11:36.599+0000] {logging_mixin.py:190} INFO - [2024-10-26T07:11:36.598+0000] {dagbag.py:588} INFO - Filling up the DagBag from /home/airflow/.local/lib/python3.12/site-packages/airflow/example_dags/example_params_trigger_ui.py
[2024-10-26T07:11:36.608+0000] {processor.py:925} INFO - DAG(s) 'example_params_trigger_ui' retrieved from /home/airflow/.local/lib/python3.12/site-packages/airflow/example_dags/example_params_trigger_ui.py
[2024-10-26T07:11:36.646+0000] {logging_mixin.py:190} INFO - [2024-10-26T07:11:36.646+0000] {dag.py:3239} INFO - Sync 1 DAGs
[2024-10-26T07:11:36.655+0000] {logging_mixin.py:190} INFO - [2024-10-26T07:11:36.654+0000] {dag.py:4180} INFO - Setting next_dagrun for example_params_trigger_ui to None, run_after=None
[2024-10-26T07:11:36.668+0000] {processor.py:208} INFO - Processing /home/airflow/.local/lib/python3.12/site-packages/airflow/example_dags/example_params_trigger_ui.py took 0.079 seconds
[2024-10-26T07:12:07.752+0000] {processor.py:186} INFO - Started process (PID=79438) to work on /home/airflow/.local/lib/python3.12/site-packages/airflow/example_dags/example_params_trigger_ui.py
[2024-10-26T07:12:07.753+0000] {processor.py:914} INFO - Processing file /home/airflow/.local/lib/python3.12/site-packages/airflow/example_dags/example_params_trigger_ui.py for tasks to queue
[2024-10-26T07:12:07.754+0000] {logging_mixin.py:190} INFO - [2024-10-26T07:12:07.753+0000] {dagbag.py:588} INFO - Filling up the DagBag from /home/airflow/.local/lib/python3.12/site-packages/airflow/example_dags/example_params_trigger_ui.py
[2024-10-26T07:12:07.761+0000] {processor.py:925} INFO - DAG(s) 'example_params_trigger_ui' retrieved from /home/airflow/.local/lib/python3.12/site-packages/airflow/example_dags/example_params_trigger_ui.py
[2024-10-26T07:12:07.782+0000] {logging_mixin.py:190} INFO - [2024-10-26T07:12:07.782+0000] {dag.py:3239} INFO - Sync 1 DAGs
[2024-10-26T07:12:07.790+0000] {logging_mixin.py:190} INFO - [2024-10-26T07:12:07.790+0000] {dag.py:4180} INFO - Setting next_dagrun for example_params_trigger_ui to None, run_after=None
[2024-10-26T07:12:07.799+0000] {processor.py:208} INFO - Processing /home/airflow/.local/lib/python3.12/site-packages/airflow/example_dags/example_params_trigger_ui.py took 0.051 seconds
[2024-10-26T07:12:38.456+0000] {processor.py:186} INFO - Started process (PID=79729) to work on /home/airflow/.local/lib/python3.12/site-packages/airflow/example_dags/example_params_trigger_ui.py
[2024-10-26T07:12:38.457+0000] {processor.py:914} INFO - Processing file /home/airflow/.local/lib/python3.12/site-packages/airflow/example_dags/example_params_trigger_ui.py for tasks to queue
[2024-10-26T07:12:38.458+0000] {logging_mixin.py:190} INFO - [2024-10-26T07:12:38.458+0000] {dagbag.py:588} INFO - Filling up the DagBag from /home/airflow/.local/lib/python3.12/site-packages/airflow/example_dags/example_params_trigger_ui.py
[2024-10-26T07:12:38.467+0000] {processor.py:925} INFO - DAG(s) 'example_params_trigger_ui' retrieved from /home/airflow/.local/lib/python3.12/site-packages/airflow/example_dags/example_params_trigger_ui.py
[2024-10-26T07:12:38.494+0000] {logging_mixin.py:190} INFO - [2024-10-26T07:12:38.494+0000] {dag.py:3239} INFO - Sync 1 DAGs
[2024-10-26T07:12:38.505+0000] {logging_mixin.py:190} INFO - [2024-10-26T07:12:38.505+0000] {dag.py:4180} INFO - Setting next_dagrun for example_params_trigger_ui to None, run_after=None
[2024-10-26T07:12:38.683+0000] {processor.py:208} INFO - Processing /home/airflow/.local/lib/python3.12/site-packages/airflow/example_dags/example_params_trigger_ui.py took 0.231 seconds
[2024-10-26T07:13:09.429+0000] {processor.py:186} INFO - Started process (PID=80019) to work on /home/airflow/.local/lib/python3.12/site-packages/airflow/example_dags/example_params_trigger_ui.py
[2024-10-26T07:13:09.429+0000] {processor.py:914} INFO - Processing file /home/airflow/.local/lib/python3.12/site-packages/airflow/example_dags/example_params_trigger_ui.py for tasks to queue
[2024-10-26T07:13:09.431+0000] {logging_mixin.py:190} INFO - [2024-10-26T07:13:09.430+0000] {dagbag.py:588} INFO - Filling up the DagBag from /home/airflow/.local/lib/python3.12/site-packages/airflow/example_dags/example_params_trigger_ui.py
[2024-10-26T07:13:09.437+0000] {processor.py:925} INFO - DAG(s) 'example_params_trigger_ui' retrieved from /home/airflow/.local/lib/python3.12/site-packages/airflow/example_dags/example_params_trigger_ui.py
[2024-10-26T07:13:09.461+0000] {logging_mixin.py:190} INFO - [2024-10-26T07:13:09.461+0000] {dag.py:3239} INFO - Sync 1 DAGs
[2024-10-26T07:13:09.468+0000] {logging_mixin.py:190} INFO - [2024-10-26T07:13:09.468+0000] {dag.py:4180} INFO - Setting next_dagrun for example_params_trigger_ui to None, run_after=None
[2024-10-26T07:13:09.482+0000] {processor.py:208} INFO - Processing /home/airflow/.local/lib/python3.12/site-packages/airflow/example_dags/example_params_trigger_ui.py took 0.056 seconds
[2024-10-26T07:13:40.087+0000] {processor.py:186} INFO - Started process (PID=80310) to work on /home/airflow/.local/lib/python3.12/site-packages/airflow/example_dags/example_params_trigger_ui.py
[2024-10-26T07:13:40.088+0000] {processor.py:914} INFO - Processing file /home/airflow/.local/lib/python3.12/site-packages/airflow/example_dags/example_params_trigger_ui.py for tasks to queue
[2024-10-26T07:13:40.089+0000] {logging_mixin.py:190} INFO - [2024-10-26T07:13:40.088+0000] {dagbag.py:588} INFO - Filling up the DagBag from /home/airflow/.local/lib/python3.12/site-packages/airflow/example_dags/example_params_trigger_ui.py
[2024-10-26T07:13:40.098+0000] {processor.py:925} INFO - DAG(s) 'example_params_trigger_ui' retrieved from /home/airflow/.local/lib/python3.12/site-packages/airflow/example_dags/example_params_trigger_ui.py
[2024-10-26T07:13:40.122+0000] {logging_mixin.py:190} INFO - [2024-10-26T07:13:40.121+0000] {dag.py:3239} INFO - Sync 1 DAGs
[2024-10-26T07:13:40.131+0000] {logging_mixin.py:190} INFO - [2024-10-26T07:13:40.131+0000] {dag.py:4180} INFO - Setting next_dagrun for example_params_trigger_ui to None, run_after=None
[2024-10-26T07:13:40.140+0000] {processor.py:208} INFO - Processing /home/airflow/.local/lib/python3.12/site-packages/airflow/example_dags/example_params_trigger_ui.py took 0.056 seconds
[2024-10-26T07:14:12.149+0000] {processor.py:186} INFO - Started process (PID=80601) to work on /home/airflow/.local/lib/python3.12/site-packages/airflow/example_dags/example_params_trigger_ui.py
[2024-10-26T07:14:12.150+0000] {processor.py:914} INFO - Processing file /home/airflow/.local/lib/python3.12/site-packages/airflow/example_dags/example_params_trigger_ui.py for tasks to queue
[2024-10-26T07:14:12.153+0000] {logging_mixin.py:190} INFO - [2024-10-26T07:14:12.152+0000] {dagbag.py:588} INFO - Filling up the DagBag from /home/airflow/.local/lib/python3.12/site-packages/airflow/example_dags/example_params_trigger_ui.py
[2024-10-26T07:14:12.170+0000] {processor.py:925} INFO - DAG(s) 'example_params_trigger_ui' retrieved from /home/airflow/.local/lib/python3.12/site-packages/airflow/example_dags/example_params_trigger_ui.py
[2024-10-26T07:14:12.224+0000] {logging_mixin.py:190} INFO - [2024-10-26T07:14:12.223+0000] {dag.py:3239} INFO - Sync 1 DAGs
[2024-10-26T07:14:12.247+0000] {logging_mixin.py:190} INFO - [2024-10-26T07:14:12.247+0000] {dag.py:4180} INFO - Setting next_dagrun for example_params_trigger_ui to None, run_after=None
[2024-10-26T07:14:12.269+0000] {processor.py:208} INFO - Processing /home/airflow/.local/lib/python3.12/site-packages/airflow/example_dags/example_params_trigger_ui.py took 0.129 seconds
[2024-10-26T07:14:43.783+0000] {processor.py:186} INFO - Started process (PID=80892) to work on /home/airflow/.local/lib/python3.12/site-packages/airflow/example_dags/example_params_trigger_ui.py
[2024-10-26T07:14:43.784+0000] {processor.py:914} INFO - Processing file /home/airflow/.local/lib/python3.12/site-packages/airflow/example_dags/example_params_trigger_ui.py for tasks to queue
[2024-10-26T07:14:43.786+0000] {logging_mixin.py:190} INFO - [2024-10-26T07:14:43.785+0000] {dagbag.py:588} INFO - Filling up the DagBag from /home/airflow/.local/lib/python3.12/site-packages/airflow/example_dags/example_params_trigger_ui.py
[2024-10-26T07:14:43.791+0000] {processor.py:925} INFO - DAG(s) 'example_params_trigger_ui' retrieved from /home/airflow/.local/lib/python3.12/site-packages/airflow/example_dags/example_params_trigger_ui.py
[2024-10-26T07:14:43.817+0000] {logging_mixin.py:190} INFO - [2024-10-26T07:14:43.817+0000] {dag.py:3239} INFO - Sync 1 DAGs
[2024-10-26T07:14:43.972+0000] {logging_mixin.py:190} INFO - [2024-10-26T07:14:43.972+0000] {dag.py:4180} INFO - Setting next_dagrun for example_params_trigger_ui to None, run_after=None
[2024-10-26T07:14:43.985+0000] {processor.py:208} INFO - Processing /home/airflow/.local/lib/python3.12/site-packages/airflow/example_dags/example_params_trigger_ui.py took 0.204 seconds
[2024-10-26T07:15:14.061+0000] {processor.py:186} INFO - Started process (PID=81183) to work on /home/airflow/.local/lib/python3.12/site-packages/airflow/example_dags/example_params_trigger_ui.py
[2024-10-26T07:15:14.062+0000] {processor.py:914} INFO - Processing file /home/airflow/.local/lib/python3.12/site-packages/airflow/example_dags/example_params_trigger_ui.py for tasks to queue
[2024-10-26T07:15:14.063+0000] {logging_mixin.py:190} INFO - [2024-10-26T07:15:14.062+0000] {dagbag.py:588} INFO - Filling up the DagBag from /home/airflow/.local/lib/python3.12/site-packages/airflow/example_dags/example_params_trigger_ui.py
[2024-10-26T07:15:14.071+0000] {processor.py:925} INFO - DAG(s) 'example_params_trigger_ui' retrieved from /home/airflow/.local/lib/python3.12/site-packages/airflow/example_dags/example_params_trigger_ui.py
[2024-10-26T07:15:14.090+0000] {logging_mixin.py:190} INFO - [2024-10-26T07:15:14.090+0000] {dag.py:3239} INFO - Sync 1 DAGs
[2024-10-26T07:15:14.100+0000] {logging_mixin.py:190} INFO - [2024-10-26T07:15:14.100+0000] {dag.py:4180} INFO - Setting next_dagrun for example_params_trigger_ui to None, run_after=None
[2024-10-26T07:15:14.112+0000] {processor.py:208} INFO - Processing /home/airflow/.local/lib/python3.12/site-packages/airflow/example_dags/example_params_trigger_ui.py took 0.054 seconds
[2024-10-26T07:15:44.162+0000] {processor.py:186} INFO - Started process (PID=81474) to work on /home/airflow/.local/lib/python3.12/site-packages/airflow/example_dags/example_params_trigger_ui.py
[2024-10-26T07:15:44.163+0000] {processor.py:914} INFO - Processing file /home/airflow/.local/lib/python3.12/site-packages/airflow/example_dags/example_params_trigger_ui.py for tasks to queue
[2024-10-26T07:15:44.163+0000] {logging_mixin.py:190} INFO - [2024-10-26T07:15:44.163+0000] {dagbag.py:588} INFO - Filling up the DagBag from /home/airflow/.local/lib/python3.12/site-packages/airflow/example_dags/example_params_trigger_ui.py
[2024-10-26T07:15:44.170+0000] {processor.py:925} INFO - DAG(s) 'example_params_trigger_ui' retrieved from /home/airflow/.local/lib/python3.12/site-packages/airflow/example_dags/example_params_trigger_ui.py
[2024-10-26T07:15:44.191+0000] {logging_mixin.py:190} INFO - [2024-10-26T07:15:44.191+0000] {dag.py:3239} INFO - Sync 1 DAGs
[2024-10-26T07:15:44.198+0000] {logging_mixin.py:190} INFO - [2024-10-26T07:15:44.198+0000] {dag.py:4180} INFO - Setting next_dagrun for example_params_trigger_ui to None, run_after=None
[2024-10-26T07:15:44.208+0000] {processor.py:208} INFO - Processing /home/airflow/.local/lib/python3.12/site-packages/airflow/example_dags/example_params_trigger_ui.py took 0.051 seconds
[2024-10-26T07:16:16.140+0000] {processor.py:186} INFO - Started process (PID=81765) to work on /home/airflow/.local/lib/python3.12/site-packages/airflow/example_dags/example_params_trigger_ui.py
[2024-10-26T07:16:16.141+0000] {processor.py:914} INFO - Processing file /home/airflow/.local/lib/python3.12/site-packages/airflow/example_dags/example_params_trigger_ui.py for tasks to queue
[2024-10-26T07:16:16.142+0000] {logging_mixin.py:190} INFO - [2024-10-26T07:16:16.142+0000] {dagbag.py:588} INFO - Filling up the DagBag from /home/airflow/.local/lib/python3.12/site-packages/airflow/example_dags/example_params_trigger_ui.py
[2024-10-26T07:16:16.152+0000] {processor.py:925} INFO - DAG(s) 'example_params_trigger_ui' retrieved from /home/airflow/.local/lib/python3.12/site-packages/airflow/example_dags/example_params_trigger_ui.py
[2024-10-26T07:16:16.275+0000] {logging_mixin.py:190} INFO - [2024-10-26T07:16:16.275+0000] {dag.py:3239} INFO - Sync 1 DAGs
[2024-10-26T07:16:16.290+0000] {logging_mixin.py:190} INFO - [2024-10-26T07:16:16.290+0000] {dag.py:4180} INFO - Setting next_dagrun for example_params_trigger_ui to None, run_after=None
[2024-10-26T07:16:16.311+0000] {processor.py:208} INFO - Processing /home/airflow/.local/lib/python3.12/site-packages/airflow/example_dags/example_params_trigger_ui.py took 0.175 seconds
[2024-10-26T07:16:46.592+0000] {processor.py:186} INFO - Started process (PID=82056) to work on /home/airflow/.local/lib/python3.12/site-packages/airflow/example_dags/example_params_trigger_ui.py
[2024-10-26T07:16:46.593+0000] {processor.py:914} INFO - Processing file /home/airflow/.local/lib/python3.12/site-packages/airflow/example_dags/example_params_trigger_ui.py for tasks to queue
[2024-10-26T07:16:46.595+0000] {logging_mixin.py:190} INFO - [2024-10-26T07:16:46.595+0000] {dagbag.py:588} INFO - Filling up the DagBag from /home/airflow/.local/lib/python3.12/site-packages/airflow/example_dags/example_params_trigger_ui.py
[2024-10-26T07:16:46.602+0000] {processor.py:925} INFO - DAG(s) 'example_params_trigger_ui' retrieved from /home/airflow/.local/lib/python3.12/site-packages/airflow/example_dags/example_params_trigger_ui.py
[2024-10-26T07:16:46.624+0000] {logging_mixin.py:190} INFO - [2024-10-26T07:16:46.624+0000] {dag.py:3239} INFO - Sync 1 DAGs
[2024-10-26T07:16:46.630+0000] {logging_mixin.py:190} INFO - [2024-10-26T07:16:46.630+0000] {dag.py:4180} INFO - Setting next_dagrun for example_params_trigger_ui to None, run_after=None
[2024-10-26T07:16:46.644+0000] {processor.py:208} INFO - Processing /home/airflow/.local/lib/python3.12/site-packages/airflow/example_dags/example_params_trigger_ui.py took 0.056 seconds
[2024-10-26T07:17:17.452+0000] {processor.py:186} INFO - Started process (PID=82346) to work on /home/airflow/.local/lib/python3.12/site-packages/airflow/example_dags/example_params_trigger_ui.py
[2024-10-26T07:17:17.452+0000] {processor.py:914} INFO - Processing file /home/airflow/.local/lib/python3.12/site-packages/airflow/example_dags/example_params_trigger_ui.py for tasks to queue
[2024-10-26T07:17:17.453+0000] {logging_mixin.py:190} INFO - [2024-10-26T07:17:17.453+0000] {dagbag.py:588} INFO - Filling up the DagBag from /home/airflow/.local/lib/python3.12/site-packages/airflow/example_dags/example_params_trigger_ui.py
[2024-10-26T07:17:17.461+0000] {processor.py:925} INFO - DAG(s) 'example_params_trigger_ui' retrieved from /home/airflow/.local/lib/python3.12/site-packages/airflow/example_dags/example_params_trigger_ui.py
[2024-10-26T07:17:17.493+0000] {logging_mixin.py:190} INFO - [2024-10-26T07:17:17.493+0000] {dag.py:3239} INFO - Sync 1 DAGs
[2024-10-26T07:17:17.507+0000] {logging_mixin.py:190} INFO - [2024-10-26T07:17:17.507+0000] {dag.py:4180} INFO - Setting next_dagrun for example_params_trigger_ui to None, run_after=None
[2024-10-26T07:17:17.524+0000] {processor.py:208} INFO - Processing /home/airflow/.local/lib/python3.12/site-packages/airflow/example_dags/example_params_trigger_ui.py took 0.076 seconds
[2024-10-26T07:17:48.503+0000] {processor.py:186} INFO - Started process (PID=82638) to work on /home/airflow/.local/lib/python3.12/site-packages/airflow/example_dags/example_params_trigger_ui.py
[2024-10-26T07:17:48.504+0000] {processor.py:914} INFO - Processing file /home/airflow/.local/lib/python3.12/site-packages/airflow/example_dags/example_params_trigger_ui.py for tasks to queue
[2024-10-26T07:17:48.504+0000] {logging_mixin.py:190} INFO - [2024-10-26T07:17:48.504+0000] {dagbag.py:588} INFO - Filling up the DagBag from /home/airflow/.local/lib/python3.12/site-packages/airflow/example_dags/example_params_trigger_ui.py
[2024-10-26T07:17:48.512+0000] {processor.py:925} INFO - DAG(s) 'example_params_trigger_ui' retrieved from /home/airflow/.local/lib/python3.12/site-packages/airflow/example_dags/example_params_trigger_ui.py
[2024-10-26T07:17:48.541+0000] {logging_mixin.py:190} INFO - [2024-10-26T07:17:48.541+0000] {dag.py:3239} INFO - Sync 1 DAGs
[2024-10-26T07:17:48.550+0000] {logging_mixin.py:190} INFO - [2024-10-26T07:17:48.550+0000] {dag.py:4180} INFO - Setting next_dagrun for example_params_trigger_ui to None, run_after=None
[2024-10-26T07:17:48.561+0000] {processor.py:208} INFO - Processing /home/airflow/.local/lib/python3.12/site-packages/airflow/example_dags/example_params_trigger_ui.py took 0.064 seconds
[2024-10-26T07:18:18.826+0000] {processor.py:186} INFO - Started process (PID=82930) to work on /home/airflow/.local/lib/python3.12/site-packages/airflow/example_dags/example_params_trigger_ui.py
[2024-10-26T07:18:18.827+0000] {processor.py:914} INFO - Processing file /home/airflow/.local/lib/python3.12/site-packages/airflow/example_dags/example_params_trigger_ui.py for tasks to queue
[2024-10-26T07:18:18.828+0000] {logging_mixin.py:190} INFO - [2024-10-26T07:18:18.827+0000] {dagbag.py:588} INFO - Filling up the DagBag from /home/airflow/.local/lib/python3.12/site-packages/airflow/example_dags/example_params_trigger_ui.py
[2024-10-26T07:18:18.836+0000] {processor.py:925} INFO - DAG(s) 'example_params_trigger_ui' retrieved from /home/airflow/.local/lib/python3.12/site-packages/airflow/example_dags/example_params_trigger_ui.py
[2024-10-26T07:18:18.856+0000] {logging_mixin.py:190} INFO - [2024-10-26T07:18:18.856+0000] {dag.py:3239} INFO - Sync 1 DAGs
[2024-10-26T07:18:18.864+0000] {logging_mixin.py:190} INFO - [2024-10-26T07:18:18.864+0000] {dag.py:4180} INFO - Setting next_dagrun for example_params_trigger_ui to None, run_after=None
[2024-10-26T07:18:18.872+0000] {processor.py:208} INFO - Processing /home/airflow/.local/lib/python3.12/site-packages/airflow/example_dags/example_params_trigger_ui.py took 0.052 seconds
[2024-10-26T07:18:49.779+0000] {processor.py:186} INFO - Started process (PID=83221) to work on /home/airflow/.local/lib/python3.12/site-packages/airflow/example_dags/example_params_trigger_ui.py
[2024-10-26T07:18:49.781+0000] {processor.py:914} INFO - Processing file /home/airflow/.local/lib/python3.12/site-packages/airflow/example_dags/example_params_trigger_ui.py for tasks to queue
[2024-10-26T07:18:49.781+0000] {logging_mixin.py:190} INFO - [2024-10-26T07:18:49.781+0000] {dagbag.py:588} INFO - Filling up the DagBag from /home/airflow/.local/lib/python3.12/site-packages/airflow/example_dags/example_params_trigger_ui.py
[2024-10-26T07:18:49.788+0000] {processor.py:925} INFO - DAG(s) 'example_params_trigger_ui' retrieved from /home/airflow/.local/lib/python3.12/site-packages/airflow/example_dags/example_params_trigger_ui.py
[2024-10-26T07:18:49.808+0000] {logging_mixin.py:190} INFO - [2024-10-26T07:18:49.807+0000] {dag.py:3239} INFO - Sync 1 DAGs
[2024-10-26T07:18:49.817+0000] {logging_mixin.py:190} INFO - [2024-10-26T07:18:49.817+0000] {dag.py:4180} INFO - Setting next_dagrun for example_params_trigger_ui to None, run_after=None
[2024-10-26T07:18:49.832+0000] {processor.py:208} INFO - Processing /home/airflow/.local/lib/python3.12/site-packages/airflow/example_dags/example_params_trigger_ui.py took 0.056 seconds
[2024-10-26T07:19:20.155+0000] {processor.py:186} INFO - Started process (PID=83509) to work on /home/airflow/.local/lib/python3.12/site-packages/airflow/example_dags/example_params_trigger_ui.py
[2024-10-26T07:19:20.157+0000] {processor.py:914} INFO - Processing file /home/airflow/.local/lib/python3.12/site-packages/airflow/example_dags/example_params_trigger_ui.py for tasks to queue
[2024-10-26T07:19:20.158+0000] {logging_mixin.py:190} INFO - [2024-10-26T07:19:20.158+0000] {dagbag.py:588} INFO - Filling up the DagBag from /home/airflow/.local/lib/python3.12/site-packages/airflow/example_dags/example_params_trigger_ui.py
[2024-10-26T07:19:20.165+0000] {processor.py:925} INFO - DAG(s) 'example_params_trigger_ui' retrieved from /home/airflow/.local/lib/python3.12/site-packages/airflow/example_dags/example_params_trigger_ui.py
[2024-10-26T07:19:20.186+0000] {logging_mixin.py:190} INFO - [2024-10-26T07:19:20.186+0000] {dag.py:3239} INFO - Sync 1 DAGs
[2024-10-26T07:19:20.194+0000] {logging_mixin.py:190} INFO - [2024-10-26T07:19:20.194+0000] {dag.py:4180} INFO - Setting next_dagrun for example_params_trigger_ui to None, run_after=None
[2024-10-26T07:19:20.215+0000] {processor.py:208} INFO - Processing /home/airflow/.local/lib/python3.12/site-packages/airflow/example_dags/example_params_trigger_ui.py took 0.063 seconds
[2024-10-26T07:19:51.152+0000] {processor.py:186} INFO - Started process (PID=83800) to work on /home/airflow/.local/lib/python3.12/site-packages/airflow/example_dags/example_params_trigger_ui.py
[2024-10-26T07:19:51.153+0000] {processor.py:914} INFO - Processing file /home/airflow/.local/lib/python3.12/site-packages/airflow/example_dags/example_params_trigger_ui.py for tasks to queue
[2024-10-26T07:19:51.154+0000] {logging_mixin.py:190} INFO - [2024-10-26T07:19:51.153+0000] {dagbag.py:588} INFO - Filling up the DagBag from /home/airflow/.local/lib/python3.12/site-packages/airflow/example_dags/example_params_trigger_ui.py
[2024-10-26T07:19:51.161+0000] {processor.py:925} INFO - DAG(s) 'example_params_trigger_ui' retrieved from /home/airflow/.local/lib/python3.12/site-packages/airflow/example_dags/example_params_trigger_ui.py
[2024-10-26T07:19:51.189+0000] {logging_mixin.py:190} INFO - [2024-10-26T07:19:51.189+0000] {dag.py:3239} INFO - Sync 1 DAGs
[2024-10-26T07:19:51.196+0000] {logging_mixin.py:190} INFO - [2024-10-26T07:19:51.196+0000] {dag.py:4180} INFO - Setting next_dagrun for example_params_trigger_ui to None, run_after=None
[2024-10-26T07:19:51.210+0000] {processor.py:208} INFO - Processing /home/airflow/.local/lib/python3.12/site-packages/airflow/example_dags/example_params_trigger_ui.py took 0.062 seconds
[2024-10-26T07:20:21.982+0000] {processor.py:186} INFO - Started process (PID=84091) to work on /home/airflow/.local/lib/python3.12/site-packages/airflow/example_dags/example_params_trigger_ui.py
[2024-10-26T07:20:21.982+0000] {processor.py:914} INFO - Processing file /home/airflow/.local/lib/python3.12/site-packages/airflow/example_dags/example_params_trigger_ui.py for tasks to queue
[2024-10-26T07:20:21.983+0000] {logging_mixin.py:190} INFO - [2024-10-26T07:20:21.983+0000] {dagbag.py:588} INFO - Filling up the DagBag from /home/airflow/.local/lib/python3.12/site-packages/airflow/example_dags/example_params_trigger_ui.py
[2024-10-26T07:20:21.990+0000] {processor.py:925} INFO - DAG(s) 'example_params_trigger_ui' retrieved from /home/airflow/.local/lib/python3.12/site-packages/airflow/example_dags/example_params_trigger_ui.py
[2024-10-26T07:20:22.023+0000] {logging_mixin.py:190} INFO - [2024-10-26T07:20:22.022+0000] {dag.py:3239} INFO - Sync 1 DAGs
[2024-10-26T07:20:22.040+0000] {logging_mixin.py:190} INFO - [2024-10-26T07:20:22.039+0000] {dag.py:4180} INFO - Setting next_dagrun for example_params_trigger_ui to None, run_after=None
[2024-10-26T07:20:22.064+0000] {processor.py:208} INFO - Processing /home/airflow/.local/lib/python3.12/site-packages/airflow/example_dags/example_params_trigger_ui.py took 0.086 seconds
[2024-10-26T07:20:52.479+0000] {processor.py:186} INFO - Started process (PID=84382) to work on /home/airflow/.local/lib/python3.12/site-packages/airflow/example_dags/example_params_trigger_ui.py
[2024-10-26T07:20:52.480+0000] {processor.py:914} INFO - Processing file /home/airflow/.local/lib/python3.12/site-packages/airflow/example_dags/example_params_trigger_ui.py for tasks to queue
[2024-10-26T07:20:52.481+0000] {logging_mixin.py:190} INFO - [2024-10-26T07:20:52.481+0000] {dagbag.py:588} INFO - Filling up the DagBag from /home/airflow/.local/lib/python3.12/site-packages/airflow/example_dags/example_params_trigger_ui.py
[2024-10-26T07:20:52.491+0000] {processor.py:925} INFO - DAG(s) 'example_params_trigger_ui' retrieved from /home/airflow/.local/lib/python3.12/site-packages/airflow/example_dags/example_params_trigger_ui.py
[2024-10-26T07:20:52.514+0000] {logging_mixin.py:190} INFO - [2024-10-26T07:20:52.514+0000] {dag.py:3239} INFO - Sync 1 DAGs
[2024-10-26T07:20:52.524+0000] {logging_mixin.py:190} INFO - [2024-10-26T07:20:52.524+0000] {dag.py:4180} INFO - Setting next_dagrun for example_params_trigger_ui to None, run_after=None
[2024-10-26T07:20:52.537+0000] {processor.py:208} INFO - Processing /home/airflow/.local/lib/python3.12/site-packages/airflow/example_dags/example_params_trigger_ui.py took 0.062 seconds
[2024-10-26T07:21:23.174+0000] {processor.py:186} INFO - Started process (PID=84673) to work on /home/airflow/.local/lib/python3.12/site-packages/airflow/example_dags/example_params_trigger_ui.py
[2024-10-26T07:21:23.175+0000] {processor.py:914} INFO - Processing file /home/airflow/.local/lib/python3.12/site-packages/airflow/example_dags/example_params_trigger_ui.py for tasks to queue
[2024-10-26T07:21:23.176+0000] {logging_mixin.py:190} INFO - [2024-10-26T07:21:23.175+0000] {dagbag.py:588} INFO - Filling up the DagBag from /home/airflow/.local/lib/python3.12/site-packages/airflow/example_dags/example_params_trigger_ui.py
[2024-10-26T07:21:23.182+0000] {processor.py:925} INFO - DAG(s) 'example_params_trigger_ui' retrieved from /home/airflow/.local/lib/python3.12/site-packages/airflow/example_dags/example_params_trigger_ui.py
[2024-10-26T07:21:23.205+0000] {logging_mixin.py:190} INFO - [2024-10-26T07:21:23.205+0000] {dag.py:3239} INFO - Sync 1 DAGs
[2024-10-26T07:21:23.213+0000] {logging_mixin.py:190} INFO - [2024-10-26T07:21:23.213+0000] {dag.py:4180} INFO - Setting next_dagrun for example_params_trigger_ui to None, run_after=None
[2024-10-26T07:21:23.225+0000] {processor.py:208} INFO - Processing /home/airflow/.local/lib/python3.12/site-packages/airflow/example_dags/example_params_trigger_ui.py took 0.054 seconds
[2024-10-26T07:21:54.965+0000] {processor.py:186} INFO - Started process (PID=84964) to work on /home/airflow/.local/lib/python3.12/site-packages/airflow/example_dags/example_params_trigger_ui.py
[2024-10-26T07:21:54.966+0000] {processor.py:914} INFO - Processing file /home/airflow/.local/lib/python3.12/site-packages/airflow/example_dags/example_params_trigger_ui.py for tasks to queue
[2024-10-26T07:21:54.967+0000] {logging_mixin.py:190} INFO - [2024-10-26T07:21:54.967+0000] {dagbag.py:588} INFO - Filling up the DagBag from /home/airflow/.local/lib/python3.12/site-packages/airflow/example_dags/example_params_trigger_ui.py
[2024-10-26T07:21:54.974+0000] {processor.py:925} INFO - DAG(s) 'example_params_trigger_ui' retrieved from /home/airflow/.local/lib/python3.12/site-packages/airflow/example_dags/example_params_trigger_ui.py
[2024-10-26T07:21:54.995+0000] {logging_mixin.py:190} INFO - [2024-10-26T07:21:54.994+0000] {dag.py:3239} INFO - Sync 1 DAGs
[2024-10-26T07:21:55.002+0000] {logging_mixin.py:190} INFO - [2024-10-26T07:21:55.002+0000] {dag.py:4180} INFO - Setting next_dagrun for example_params_trigger_ui to None, run_after=None
[2024-10-26T07:21:55.013+0000] {processor.py:208} INFO - Processing /home/airflow/.local/lib/python3.12/site-packages/airflow/example_dags/example_params_trigger_ui.py took 0.051 seconds
[2024-10-26T07:22:26.006+0000] {processor.py:186} INFO - Started process (PID=85255) to work on /home/airflow/.local/lib/python3.12/site-packages/airflow/example_dags/example_params_trigger_ui.py
[2024-10-26T07:22:26.008+0000] {processor.py:914} INFO - Processing file /home/airflow/.local/lib/python3.12/site-packages/airflow/example_dags/example_params_trigger_ui.py for tasks to queue
[2024-10-26T07:22:26.009+0000] {logging_mixin.py:190} INFO - [2024-10-26T07:22:26.008+0000] {dagbag.py:588} INFO - Filling up the DagBag from /home/airflow/.local/lib/python3.12/site-packages/airflow/example_dags/example_params_trigger_ui.py
[2024-10-26T07:22:26.015+0000] {processor.py:925} INFO - DAG(s) 'example_params_trigger_ui' retrieved from /home/airflow/.local/lib/python3.12/site-packages/airflow/example_dags/example_params_trigger_ui.py
[2024-10-26T07:22:26.040+0000] {logging_mixin.py:190} INFO - [2024-10-26T07:22:26.039+0000] {dag.py:3239} INFO - Sync 1 DAGs
[2024-10-26T07:22:26.047+0000] {logging_mixin.py:190} INFO - [2024-10-26T07:22:26.047+0000] {dag.py:4180} INFO - Setting next_dagrun for example_params_trigger_ui to None, run_after=None
[2024-10-26T07:22:26.058+0000] {processor.py:208} INFO - Processing /home/airflow/.local/lib/python3.12/site-packages/airflow/example_dags/example_params_trigger_ui.py took 0.055 seconds
[2024-10-26T07:22:56.807+0000] {processor.py:186} INFO - Started process (PID=85548) to work on /home/airflow/.local/lib/python3.12/site-packages/airflow/example_dags/example_params_trigger_ui.py
[2024-10-26T07:22:56.808+0000] {processor.py:914} INFO - Processing file /home/airflow/.local/lib/python3.12/site-packages/airflow/example_dags/example_params_trigger_ui.py for tasks to queue
[2024-10-26T07:22:56.808+0000] {logging_mixin.py:190} INFO - [2024-10-26T07:22:56.808+0000] {dagbag.py:588} INFO - Filling up the DagBag from /home/airflow/.local/lib/python3.12/site-packages/airflow/example_dags/example_params_trigger_ui.py
[2024-10-26T07:22:56.814+0000] {processor.py:925} INFO - DAG(s) 'example_params_trigger_ui' retrieved from /home/airflow/.local/lib/python3.12/site-packages/airflow/example_dags/example_params_trigger_ui.py
[2024-10-26T07:22:56.832+0000] {logging_mixin.py:190} INFO - [2024-10-26T07:22:56.832+0000] {dag.py:3239} INFO - Sync 1 DAGs
[2024-10-26T07:22:56.838+0000] {logging_mixin.py:190} INFO - [2024-10-26T07:22:56.838+0000] {dag.py:4180} INFO - Setting next_dagrun for example_params_trigger_ui to None, run_after=None
[2024-10-26T07:22:56.845+0000] {processor.py:208} INFO - Processing /home/airflow/.local/lib/python3.12/site-packages/airflow/example_dags/example_params_trigger_ui.py took 0.041 seconds
[2024-10-26T07:23:27.585+0000] {processor.py:186} INFO - Started process (PID=85839) to work on /home/airflow/.local/lib/python3.12/site-packages/airflow/example_dags/example_params_trigger_ui.py
[2024-10-26T07:23:27.586+0000] {processor.py:914} INFO - Processing file /home/airflow/.local/lib/python3.12/site-packages/airflow/example_dags/example_params_trigger_ui.py for tasks to queue
[2024-10-26T07:23:27.586+0000] {logging_mixin.py:190} INFO - [2024-10-26T07:23:27.586+0000] {dagbag.py:588} INFO - Filling up the DagBag from /home/airflow/.local/lib/python3.12/site-packages/airflow/example_dags/example_params_trigger_ui.py
[2024-10-26T07:23:27.592+0000] {processor.py:925} INFO - DAG(s) 'example_params_trigger_ui' retrieved from /home/airflow/.local/lib/python3.12/site-packages/airflow/example_dags/example_params_trigger_ui.py
[2024-10-26T07:23:27.615+0000] {logging_mixin.py:190} INFO - [2024-10-26T07:23:27.615+0000] {dag.py:3239} INFO - Sync 1 DAGs
[2024-10-26T07:23:27.621+0000] {logging_mixin.py:190} INFO - [2024-10-26T07:23:27.621+0000] {dag.py:4180} INFO - Setting next_dagrun for example_params_trigger_ui to None, run_after=None
[2024-10-26T07:23:27.628+0000] {processor.py:208} INFO - Processing /home/airflow/.local/lib/python3.12/site-packages/airflow/example_dags/example_params_trigger_ui.py took 0.046 seconds
[2024-10-26T07:23:58.385+0000] {processor.py:186} INFO - Started process (PID=86128) to work on /home/airflow/.local/lib/python3.12/site-packages/airflow/example_dags/example_params_trigger_ui.py
[2024-10-26T07:23:58.387+0000] {processor.py:914} INFO - Processing file /home/airflow/.local/lib/python3.12/site-packages/airflow/example_dags/example_params_trigger_ui.py for tasks to queue
[2024-10-26T07:23:58.389+0000] {logging_mixin.py:190} INFO - [2024-10-26T07:23:58.388+0000] {dagbag.py:588} INFO - Filling up the DagBag from /home/airflow/.local/lib/python3.12/site-packages/airflow/example_dags/example_params_trigger_ui.py
[2024-10-26T07:23:58.395+0000] {processor.py:925} INFO - DAG(s) 'example_params_trigger_ui' retrieved from /home/airflow/.local/lib/python3.12/site-packages/airflow/example_dags/example_params_trigger_ui.py
[2024-10-26T07:23:58.418+0000] {logging_mixin.py:190} INFO - [2024-10-26T07:23:58.418+0000] {dag.py:3239} INFO - Sync 1 DAGs
[2024-10-26T07:23:58.425+0000] {logging_mixin.py:190} INFO - [2024-10-26T07:23:58.425+0000] {dag.py:4180} INFO - Setting next_dagrun for example_params_trigger_ui to None, run_after=None
[2024-10-26T07:23:58.435+0000] {processor.py:208} INFO - Processing /home/airflow/.local/lib/python3.12/site-packages/airflow/example_dags/example_params_trigger_ui.py took 0.054 seconds
[2024-10-26T07:24:29.312+0000] {processor.py:186} INFO - Started process (PID=86419) to work on /home/airflow/.local/lib/python3.12/site-packages/airflow/example_dags/example_params_trigger_ui.py
[2024-10-26T07:24:29.313+0000] {processor.py:914} INFO - Processing file /home/airflow/.local/lib/python3.12/site-packages/airflow/example_dags/example_params_trigger_ui.py for tasks to queue
[2024-10-26T07:24:29.314+0000] {logging_mixin.py:190} INFO - [2024-10-26T07:24:29.314+0000] {dagbag.py:588} INFO - Filling up the DagBag from /home/airflow/.local/lib/python3.12/site-packages/airflow/example_dags/example_params_trigger_ui.py
[2024-10-26T07:24:29.327+0000] {processor.py:925} INFO - DAG(s) 'example_params_trigger_ui' retrieved from /home/airflow/.local/lib/python3.12/site-packages/airflow/example_dags/example_params_trigger_ui.py
[2024-10-26T07:24:29.353+0000] {logging_mixin.py:190} INFO - [2024-10-26T07:24:29.353+0000] {dag.py:3239} INFO - Sync 1 DAGs
[2024-10-26T07:24:29.365+0000] {logging_mixin.py:190} INFO - [2024-10-26T07:24:29.365+0000] {dag.py:4180} INFO - Setting next_dagrun for example_params_trigger_ui to None, run_after=None
[2024-10-26T07:24:29.379+0000] {processor.py:208} INFO - Processing /home/airflow/.local/lib/python3.12/site-packages/airflow/example_dags/example_params_trigger_ui.py took 0.073 seconds
[2024-10-26T07:25:00.292+0000] {processor.py:186} INFO - Started process (PID=86710) to work on /home/airflow/.local/lib/python3.12/site-packages/airflow/example_dags/example_params_trigger_ui.py
[2024-10-26T07:25:00.293+0000] {processor.py:914} INFO - Processing file /home/airflow/.local/lib/python3.12/site-packages/airflow/example_dags/example_params_trigger_ui.py for tasks to queue
[2024-10-26T07:25:00.293+0000] {logging_mixin.py:190} INFO - [2024-10-26T07:25:00.293+0000] {dagbag.py:588} INFO - Filling up the DagBag from /home/airflow/.local/lib/python3.12/site-packages/airflow/example_dags/example_params_trigger_ui.py
[2024-10-26T07:25:00.300+0000] {processor.py:925} INFO - DAG(s) 'example_params_trigger_ui' retrieved from /home/airflow/.local/lib/python3.12/site-packages/airflow/example_dags/example_params_trigger_ui.py
[2024-10-26T07:25:00.321+0000] {logging_mixin.py:190} INFO - [2024-10-26T07:25:00.321+0000] {dag.py:3239} INFO - Sync 1 DAGs
[2024-10-26T07:25:00.328+0000] {logging_mixin.py:190} INFO - [2024-10-26T07:25:00.328+0000] {dag.py:4180} INFO - Setting next_dagrun for example_params_trigger_ui to None, run_after=None
[2024-10-26T07:25:00.337+0000] {processor.py:208} INFO - Processing /home/airflow/.local/lib/python3.12/site-packages/airflow/example_dags/example_params_trigger_ui.py took 0.048 seconds
[2024-10-26T07:25:31.772+0000] {processor.py:186} INFO - Started process (PID=87003) to work on /home/airflow/.local/lib/python3.12/site-packages/airflow/example_dags/example_params_trigger_ui.py
[2024-10-26T07:25:31.773+0000] {processor.py:914} INFO - Processing file /home/airflow/.local/lib/python3.12/site-packages/airflow/example_dags/example_params_trigger_ui.py for tasks to queue
[2024-10-26T07:25:31.774+0000] {logging_mixin.py:190} INFO - [2024-10-26T07:25:31.774+0000] {dagbag.py:588} INFO - Filling up the DagBag from /home/airflow/.local/lib/python3.12/site-packages/airflow/example_dags/example_params_trigger_ui.py
[2024-10-26T07:25:31.782+0000] {processor.py:925} INFO - DAG(s) 'example_params_trigger_ui' retrieved from /home/airflow/.local/lib/python3.12/site-packages/airflow/example_dags/example_params_trigger_ui.py
[2024-10-26T07:25:31.811+0000] {logging_mixin.py:190} INFO - [2024-10-26T07:25:31.811+0000] {dag.py:3239} INFO - Sync 1 DAGs
[2024-10-26T07:25:31.819+0000] {logging_mixin.py:190} INFO - [2024-10-26T07:25:31.819+0000] {dag.py:4180} INFO - Setting next_dagrun for example_params_trigger_ui to None, run_after=None
[2024-10-26T07:25:31.831+0000] {processor.py:208} INFO - Processing /home/airflow/.local/lib/python3.12/site-packages/airflow/example_dags/example_params_trigger_ui.py took 0.073 seconds
[2024-10-26T07:26:02.346+0000] {processor.py:186} INFO - Started process (PID=87294) to work on /home/airflow/.local/lib/python3.12/site-packages/airflow/example_dags/example_params_trigger_ui.py
[2024-10-26T07:26:02.347+0000] {processor.py:914} INFO - Processing file /home/airflow/.local/lib/python3.12/site-packages/airflow/example_dags/example_params_trigger_ui.py for tasks to queue
[2024-10-26T07:26:02.348+0000] {logging_mixin.py:190} INFO - [2024-10-26T07:26:02.347+0000] {dagbag.py:588} INFO - Filling up the DagBag from /home/airflow/.local/lib/python3.12/site-packages/airflow/example_dags/example_params_trigger_ui.py
[2024-10-26T07:26:02.360+0000] {processor.py:925} INFO - DAG(s) 'example_params_trigger_ui' retrieved from /home/airflow/.local/lib/python3.12/site-packages/airflow/example_dags/example_params_trigger_ui.py
[2024-10-26T07:26:02.390+0000] {logging_mixin.py:190} INFO - [2024-10-26T07:26:02.390+0000] {dag.py:3239} INFO - Sync 1 DAGs
[2024-10-26T07:26:02.400+0000] {logging_mixin.py:190} INFO - [2024-10-26T07:26:02.400+0000] {dag.py:4180} INFO - Setting next_dagrun for example_params_trigger_ui to None, run_after=None
[2024-10-26T07:26:02.424+0000] {processor.py:208} INFO - Processing /home/airflow/.local/lib/python3.12/site-packages/airflow/example_dags/example_params_trigger_ui.py took 0.087 seconds
[2024-10-26T07:26:33.265+0000] {processor.py:186} INFO - Started process (PID=87585) to work on /home/airflow/.local/lib/python3.12/site-packages/airflow/example_dags/example_params_trigger_ui.py
[2024-10-26T07:26:33.267+0000] {processor.py:914} INFO - Processing file /home/airflow/.local/lib/python3.12/site-packages/airflow/example_dags/example_params_trigger_ui.py for tasks to queue
[2024-10-26T07:26:33.268+0000] {logging_mixin.py:190} INFO - [2024-10-26T07:26:33.268+0000] {dagbag.py:588} INFO - Filling up the DagBag from /home/airflow/.local/lib/python3.12/site-packages/airflow/example_dags/example_params_trigger_ui.py
[2024-10-26T07:26:33.275+0000] {processor.py:925} INFO - DAG(s) 'example_params_trigger_ui' retrieved from /home/airflow/.local/lib/python3.12/site-packages/airflow/example_dags/example_params_trigger_ui.py
[2024-10-26T07:26:33.295+0000] {logging_mixin.py:190} INFO - [2024-10-26T07:26:33.294+0000] {dag.py:3239} INFO - Sync 1 DAGs
[2024-10-26T07:26:33.302+0000] {logging_mixin.py:190} INFO - [2024-10-26T07:26:33.301+0000] {dag.py:4180} INFO - Setting next_dagrun for example_params_trigger_ui to None, run_after=None
[2024-10-26T07:26:33.313+0000] {processor.py:208} INFO - Processing /home/airflow/.local/lib/python3.12/site-packages/airflow/example_dags/example_params_trigger_ui.py took 0.051 seconds
[2024-10-26T07:27:03.502+0000] {processor.py:186} INFO - Started process (PID=87876) to work on /home/airflow/.local/lib/python3.12/site-packages/airflow/example_dags/example_params_trigger_ui.py
[2024-10-26T07:27:03.503+0000] {processor.py:914} INFO - Processing file /home/airflow/.local/lib/python3.12/site-packages/airflow/example_dags/example_params_trigger_ui.py for tasks to queue
[2024-10-26T07:27:03.504+0000] {logging_mixin.py:190} INFO - [2024-10-26T07:27:03.503+0000] {dagbag.py:588} INFO - Filling up the DagBag from /home/airflow/.local/lib/python3.12/site-packages/airflow/example_dags/example_params_trigger_ui.py
[2024-10-26T07:27:03.510+0000] {processor.py:925} INFO - DAG(s) 'example_params_trigger_ui' retrieved from /home/airflow/.local/lib/python3.12/site-packages/airflow/example_dags/example_params_trigger_ui.py
[2024-10-26T07:27:03.529+0000] {logging_mixin.py:190} INFO - [2024-10-26T07:27:03.529+0000] {dag.py:3239} INFO - Sync 1 DAGs
[2024-10-26T07:27:03.538+0000] {logging_mixin.py:190} INFO - [2024-10-26T07:27:03.538+0000] {dag.py:4180} INFO - Setting next_dagrun for example_params_trigger_ui to None, run_after=None
[2024-10-26T07:27:03.549+0000] {processor.py:208} INFO - Processing /home/airflow/.local/lib/python3.12/site-packages/airflow/example_dags/example_params_trigger_ui.py took 0.050 seconds
[2024-10-26T07:27:34.246+0000] {processor.py:186} INFO - Started process (PID=88165) to work on /home/airflow/.local/lib/python3.12/site-packages/airflow/example_dags/example_params_trigger_ui.py
[2024-10-26T07:27:34.246+0000] {processor.py:914} INFO - Processing file /home/airflow/.local/lib/python3.12/site-packages/airflow/example_dags/example_params_trigger_ui.py for tasks to queue
[2024-10-26T07:27:34.247+0000] {logging_mixin.py:190} INFO - [2024-10-26T07:27:34.247+0000] {dagbag.py:588} INFO - Filling up the DagBag from /home/airflow/.local/lib/python3.12/site-packages/airflow/example_dags/example_params_trigger_ui.py
[2024-10-26T07:27:34.254+0000] {processor.py:925} INFO - DAG(s) 'example_params_trigger_ui' retrieved from /home/airflow/.local/lib/python3.12/site-packages/airflow/example_dags/example_params_trigger_ui.py
[2024-10-26T07:27:34.274+0000] {logging_mixin.py:190} INFO - [2024-10-26T07:27:34.274+0000] {dag.py:3239} INFO - Sync 1 DAGs
[2024-10-26T07:27:34.281+0000] {logging_mixin.py:190} INFO - [2024-10-26T07:27:34.281+0000] {dag.py:4180} INFO - Setting next_dagrun for example_params_trigger_ui to None, run_after=None
[2024-10-26T07:27:34.292+0000] {processor.py:208} INFO - Processing /home/airflow/.local/lib/python3.12/site-packages/airflow/example_dags/example_params_trigger_ui.py took 0.049 seconds
