[2024-10-26T00:46:26.690+0000] {processor.py:186} INFO - Started process (PID=70989) to work on /home/airflow/.local/lib/python3.12/site-packages/airflow/example_dags/example_time_delta_sensor_async.py
[2024-10-26T00:46:26.691+0000] {processor.py:914} INFO - Processing file /home/airflow/.local/lib/python3.12/site-packages/airflow/example_dags/example_time_delta_sensor_async.py for tasks to queue
[2024-10-26T00:46:26.692+0000] {logging_mixin.py:190} INFO - [2024-10-26T00:46:26.692+0000] {dagbag.py:588} INFO - Filling up the DagBag from /home/airflow/.local/lib/python3.12/site-packages/airflow/example_dags/example_time_delta_sensor_async.py
[2024-10-26T00:46:26.696+0000] {processor.py:925} INFO - DAG(s) 'example_time_delta_sensor_async' retrieved from /home/airflow/.local/lib/python3.12/site-packages/airflow/example_dags/example_time_delta_sensor_async.py
[2024-10-26T00:46:26.708+0000] {logging_mixin.py:190} INFO - [2024-10-26T00:46:26.708+0000] {dag.py:3239} INFO - Sync 1 DAGs
[2024-10-26T00:46:26.715+0000] {logging_mixin.py:190} INFO - [2024-10-26T00:46:26.715+0000] {dag.py:4180} INFO - Setting next_dagrun for example_time_delta_sensor_async to None, run_after=None
[2024-10-26T00:46:26.724+0000] {processor.py:208} INFO - Processing /home/airflow/.local/lib/python3.12/site-packages/airflow/example_dags/example_time_delta_sensor_async.py took 0.037 seconds
[2024-10-26T01:37:10.312+0000] {processor.py:186} INFO - Started process (PID=71281) to work on /home/airflow/.local/lib/python3.12/site-packages/airflow/example_dags/example_time_delta_sensor_async.py
[2024-10-26T01:37:10.313+0000] {processor.py:914} INFO - Processing file /home/airflow/.local/lib/python3.12/site-packages/airflow/example_dags/example_time_delta_sensor_async.py for tasks to queue
[2024-10-26T01:37:10.314+0000] {logging_mixin.py:190} INFO - [2024-10-26T01:37:10.314+0000] {dagbag.py:588} INFO - Filling up the DagBag from /home/airflow/.local/lib/python3.12/site-packages/airflow/example_dags/example_time_delta_sensor_async.py
[2024-10-26T01:37:10.317+0000] {processor.py:925} INFO - DAG(s) 'example_time_delta_sensor_async' retrieved from /home/airflow/.local/lib/python3.12/site-packages/airflow/example_dags/example_time_delta_sensor_async.py
[2024-10-26T01:37:10.328+0000] {logging_mixin.py:190} INFO - [2024-10-26T01:37:10.328+0000] {dag.py:3239} INFO - Sync 1 DAGs
[2024-10-26T01:37:10.335+0000] {logging_mixin.py:190} INFO - [2024-10-26T01:37:10.335+0000] {dag.py:4180} INFO - Setting next_dagrun for example_time_delta_sensor_async to None, run_after=None
[2024-10-26T01:37:10.343+0000] {processor.py:208} INFO - Processing /home/airflow/.local/lib/python3.12/site-packages/airflow/example_dags/example_time_delta_sensor_async.py took 0.033 seconds
[2024-10-26T02:57:39.306+0000] {processor.py:186} INFO - Started process (PID=71572) to work on /home/airflow/.local/lib/python3.12/site-packages/airflow/example_dags/example_time_delta_sensor_async.py
[2024-10-26T02:57:39.307+0000] {processor.py:914} INFO - Processing file /home/airflow/.local/lib/python3.12/site-packages/airflow/example_dags/example_time_delta_sensor_async.py for tasks to queue
[2024-10-26T02:57:39.309+0000] {logging_mixin.py:190} INFO - [2024-10-26T02:57:39.309+0000] {dagbag.py:588} INFO - Filling up the DagBag from /home/airflow/.local/lib/python3.12/site-packages/airflow/example_dags/example_time_delta_sensor_async.py
[2024-10-26T02:57:39.314+0000] {processor.py:925} INFO - DAG(s) 'example_time_delta_sensor_async' retrieved from /home/airflow/.local/lib/python3.12/site-packages/airflow/example_dags/example_time_delta_sensor_async.py
[2024-10-26T02:57:39.329+0000] {logging_mixin.py:190} INFO - [2024-10-26T02:57:39.328+0000] {dag.py:3239} INFO - Sync 1 DAGs
[2024-10-26T02:57:39.336+0000] {logging_mixin.py:190} INFO - [2024-10-26T02:57:39.336+0000] {dag.py:4180} INFO - Setting next_dagrun for example_time_delta_sensor_async to None, run_after=None
[2024-10-26T02:57:39.345+0000] {processor.py:208} INFO - Processing /home/airflow/.local/lib/python3.12/site-packages/airflow/example_dags/example_time_delta_sensor_async.py took 0.042 seconds
[2024-10-26T04:18:36.537+0000] {processor.py:186} INFO - Started process (PID=71863) to work on /home/airflow/.local/lib/python3.12/site-packages/airflow/example_dags/example_time_delta_sensor_async.py
[2024-10-26T04:18:36.540+0000] {processor.py:914} INFO - Processing file /home/airflow/.local/lib/python3.12/site-packages/airflow/example_dags/example_time_delta_sensor_async.py for tasks to queue
[2024-10-26T04:18:36.541+0000] {logging_mixin.py:190} INFO - [2024-10-26T04:18:36.541+0000] {dagbag.py:588} INFO - Filling up the DagBag from /home/airflow/.local/lib/python3.12/site-packages/airflow/example_dags/example_time_delta_sensor_async.py
[2024-10-26T04:18:36.544+0000] {processor.py:925} INFO - DAG(s) 'example_time_delta_sensor_async' retrieved from /home/airflow/.local/lib/python3.12/site-packages/airflow/example_dags/example_time_delta_sensor_async.py
[2024-10-26T04:18:36.556+0000] {logging_mixin.py:190} INFO - [2024-10-26T04:18:36.556+0000] {dag.py:3239} INFO - Sync 1 DAGs
[2024-10-26T04:18:36.563+0000] {logging_mixin.py:190} INFO - [2024-10-26T04:18:36.563+0000] {dag.py:4180} INFO - Setting next_dagrun for example_time_delta_sensor_async to None, run_after=None
[2024-10-26T04:18:36.572+0000] {processor.py:208} INFO - Processing /home/airflow/.local/lib/python3.12/site-packages/airflow/example_dags/example_time_delta_sensor_async.py took 0.038 seconds
[2024-10-26T05:41:06.343+0000] {processor.py:186} INFO - Started process (PID=72154) to work on /home/airflow/.local/lib/python3.12/site-packages/airflow/example_dags/example_time_delta_sensor_async.py
[2024-10-26T05:41:06.344+0000] {processor.py:914} INFO - Processing file /home/airflow/.local/lib/python3.12/site-packages/airflow/example_dags/example_time_delta_sensor_async.py for tasks to queue
[2024-10-26T05:41:06.344+0000] {logging_mixin.py:190} INFO - [2024-10-26T05:41:06.344+0000] {dagbag.py:588} INFO - Filling up the DagBag from /home/airflow/.local/lib/python3.12/site-packages/airflow/example_dags/example_time_delta_sensor_async.py
[2024-10-26T05:41:06.348+0000] {processor.py:925} INFO - DAG(s) 'example_time_delta_sensor_async' retrieved from /home/airflow/.local/lib/python3.12/site-packages/airflow/example_dags/example_time_delta_sensor_async.py
[2024-10-26T05:41:06.358+0000] {logging_mixin.py:190} INFO - [2024-10-26T05:41:06.358+0000] {dag.py:3239} INFO - Sync 1 DAGs
[2024-10-26T05:41:06.366+0000] {logging_mixin.py:190} INFO - [2024-10-26T05:41:06.366+0000] {dag.py:4180} INFO - Setting next_dagrun for example_time_delta_sensor_async to None, run_after=None
[2024-10-26T05:41:06.378+0000] {processor.py:208} INFO - Processing /home/airflow/.local/lib/python3.12/site-packages/airflow/example_dags/example_time_delta_sensor_async.py took 0.039 seconds
[2024-10-26T06:59:46.707+0000] {processor.py:186} INFO - Started process (PID=72445) to work on /home/airflow/.local/lib/python3.12/site-packages/airflow/example_dags/example_time_delta_sensor_async.py
[2024-10-26T06:59:46.708+0000] {processor.py:914} INFO - Processing file /home/airflow/.local/lib/python3.12/site-packages/airflow/example_dags/example_time_delta_sensor_async.py for tasks to queue
[2024-10-26T06:59:46.709+0000] {logging_mixin.py:190} INFO - [2024-10-26T06:59:46.708+0000] {dagbag.py:588} INFO - Filling up the DagBag from /home/airflow/.local/lib/python3.12/site-packages/airflow/example_dags/example_time_delta_sensor_async.py
[2024-10-26T06:59:46.712+0000] {processor.py:925} INFO - DAG(s) 'example_time_delta_sensor_async' retrieved from /home/airflow/.local/lib/python3.12/site-packages/airflow/example_dags/example_time_delta_sensor_async.py
[2024-10-26T06:59:46.729+0000] {logging_mixin.py:190} INFO - [2024-10-26T06:59:46.729+0000] {dag.py:3239} INFO - Sync 1 DAGs
[2024-10-26T06:59:46.736+0000] {logging_mixin.py:190} INFO - [2024-10-26T06:59:46.736+0000] {dag.py:4180} INFO - Setting next_dagrun for example_time_delta_sensor_async to None, run_after=None
[2024-10-26T06:59:46.744+0000] {processor.py:208} INFO - Processing /home/airflow/.local/lib/python3.12/site-packages/airflow/example_dags/example_time_delta_sensor_async.py took 0.042 seconds
[2024-10-26T07:00:17.253+0000] {processor.py:186} INFO - Started process (PID=72736) to work on /home/airflow/.local/lib/python3.12/site-packages/airflow/example_dags/example_time_delta_sensor_async.py
[2024-10-26T07:00:17.254+0000] {processor.py:914} INFO - Processing file /home/airflow/.local/lib/python3.12/site-packages/airflow/example_dags/example_time_delta_sensor_async.py for tasks to queue
[2024-10-26T07:00:17.255+0000] {logging_mixin.py:190} INFO - [2024-10-26T07:00:17.254+0000] {dagbag.py:588} INFO - Filling up the DagBag from /home/airflow/.local/lib/python3.12/site-packages/airflow/example_dags/example_time_delta_sensor_async.py
[2024-10-26T07:00:17.258+0000] {processor.py:925} INFO - DAG(s) 'example_time_delta_sensor_async' retrieved from /home/airflow/.local/lib/python3.12/site-packages/airflow/example_dags/example_time_delta_sensor_async.py
[2024-10-26T07:00:17.268+0000] {logging_mixin.py:190} INFO - [2024-10-26T07:00:17.267+0000] {dag.py:3239} INFO - Sync 1 DAGs
[2024-10-26T07:00:17.275+0000] {logging_mixin.py:190} INFO - [2024-10-26T07:00:17.275+0000] {dag.py:4180} INFO - Setting next_dagrun for example_time_delta_sensor_async to None, run_after=None
[2024-10-26T07:00:17.286+0000] {processor.py:208} INFO - Processing /home/airflow/.local/lib/python3.12/site-packages/airflow/example_dags/example_time_delta_sensor_async.py took 0.037 seconds
[2024-10-26T07:00:47.822+0000] {processor.py:186} INFO - Started process (PID=73027) to work on /home/airflow/.local/lib/python3.12/site-packages/airflow/example_dags/example_time_delta_sensor_async.py
[2024-10-26T07:00:47.823+0000] {processor.py:914} INFO - Processing file /home/airflow/.local/lib/python3.12/site-packages/airflow/example_dags/example_time_delta_sensor_async.py for tasks to queue
[2024-10-26T07:00:47.824+0000] {logging_mixin.py:190} INFO - [2024-10-26T07:00:47.824+0000] {dagbag.py:588} INFO - Filling up the DagBag from /home/airflow/.local/lib/python3.12/site-packages/airflow/example_dags/example_time_delta_sensor_async.py
[2024-10-26T07:00:47.827+0000] {processor.py:925} INFO - DAG(s) 'example_time_delta_sensor_async' retrieved from /home/airflow/.local/lib/python3.12/site-packages/airflow/example_dags/example_time_delta_sensor_async.py
[2024-10-26T07:00:47.839+0000] {logging_mixin.py:190} INFO - [2024-10-26T07:00:47.839+0000] {dag.py:3239} INFO - Sync 1 DAGs
[2024-10-26T07:00:47.848+0000] {logging_mixin.py:190} INFO - [2024-10-26T07:00:47.848+0000] {dag.py:4180} INFO - Setting next_dagrun for example_time_delta_sensor_async to None, run_after=None
[2024-10-26T07:00:47.862+0000] {processor.py:208} INFO - Processing /home/airflow/.local/lib/python3.12/site-packages/airflow/example_dags/example_time_delta_sensor_async.py took 0.043 seconds
[2024-10-26T07:01:21.927+0000] {processor.py:186} INFO - Started process (PID=73320) to work on /home/airflow/.local/lib/python3.12/site-packages/airflow/example_dags/example_time_delta_sensor_async.py
[2024-10-26T07:01:21.928+0000] {processor.py:914} INFO - Processing file /home/airflow/.local/lib/python3.12/site-packages/airflow/example_dags/example_time_delta_sensor_async.py for tasks to queue
[2024-10-26T07:01:21.931+0000] {logging_mixin.py:190} INFO - [2024-10-26T07:01:21.930+0000] {dagbag.py:588} INFO - Filling up the DagBag from /home/airflow/.local/lib/python3.12/site-packages/airflow/example_dags/example_time_delta_sensor_async.py
[2024-10-26T07:01:21.952+0000] {processor.py:925} INFO - DAG(s) 'example_time_delta_sensor_async' retrieved from /home/airflow/.local/lib/python3.12/site-packages/airflow/example_dags/example_time_delta_sensor_async.py
[2024-10-26T07:01:22.036+0000] {logging_mixin.py:190} INFO - [2024-10-26T07:01:22.034+0000] {dag.py:3239} INFO - Sync 1 DAGs
[2024-10-26T07:01:22.073+0000] {logging_mixin.py:190} INFO - [2024-10-26T07:01:22.072+0000] {dag.py:4180} INFO - Setting next_dagrun for example_time_delta_sensor_async to None, run_after=None
[2024-10-26T07:01:22.112+0000] {processor.py:208} INFO - Processing /home/airflow/.local/lib/python3.12/site-packages/airflow/example_dags/example_time_delta_sensor_async.py took 0.197 seconds
[2024-10-26T07:01:52.392+0000] {processor.py:186} INFO - Started process (PID=73611) to work on /home/airflow/.local/lib/python3.12/site-packages/airflow/example_dags/example_time_delta_sensor_async.py
[2024-10-26T07:01:52.392+0000] {processor.py:914} INFO - Processing file /home/airflow/.local/lib/python3.12/site-packages/airflow/example_dags/example_time_delta_sensor_async.py for tasks to queue
[2024-10-26T07:01:52.393+0000] {logging_mixin.py:190} INFO - [2024-10-26T07:01:52.393+0000] {dagbag.py:588} INFO - Filling up the DagBag from /home/airflow/.local/lib/python3.12/site-packages/airflow/example_dags/example_time_delta_sensor_async.py
[2024-10-26T07:01:52.399+0000] {processor.py:925} INFO - DAG(s) 'example_time_delta_sensor_async' retrieved from /home/airflow/.local/lib/python3.12/site-packages/airflow/example_dags/example_time_delta_sensor_async.py
[2024-10-26T07:01:52.415+0000] {logging_mixin.py:190} INFO - [2024-10-26T07:01:52.415+0000] {dag.py:3239} INFO - Sync 1 DAGs
[2024-10-26T07:01:52.427+0000] {logging_mixin.py:190} INFO - [2024-10-26T07:01:52.427+0000] {dag.py:4180} INFO - Setting next_dagrun for example_time_delta_sensor_async to None, run_after=None
[2024-10-26T07:01:52.440+0000] {processor.py:208} INFO - Processing /home/airflow/.local/lib/python3.12/site-packages/airflow/example_dags/example_time_delta_sensor_async.py took 0.051 seconds
[2024-10-26T07:02:22.850+0000] {processor.py:186} INFO - Started process (PID=73900) to work on /home/airflow/.local/lib/python3.12/site-packages/airflow/example_dags/example_time_delta_sensor_async.py
[2024-10-26T07:02:22.851+0000] {processor.py:914} INFO - Processing file /home/airflow/.local/lib/python3.12/site-packages/airflow/example_dags/example_time_delta_sensor_async.py for tasks to queue
[2024-10-26T07:02:22.851+0000] {logging_mixin.py:190} INFO - [2024-10-26T07:02:22.851+0000] {dagbag.py:588} INFO - Filling up the DagBag from /home/airflow/.local/lib/python3.12/site-packages/airflow/example_dags/example_time_delta_sensor_async.py
[2024-10-26T07:02:22.859+0000] {processor.py:925} INFO - DAG(s) 'example_time_delta_sensor_async' retrieved from /home/airflow/.local/lib/python3.12/site-packages/airflow/example_dags/example_time_delta_sensor_async.py
[2024-10-26T07:02:22.873+0000] {logging_mixin.py:190} INFO - [2024-10-26T07:02:22.873+0000] {dag.py:3239} INFO - Sync 1 DAGs
[2024-10-26T07:02:22.881+0000] {logging_mixin.py:190} INFO - [2024-10-26T07:02:22.881+0000] {dag.py:4180} INFO - Setting next_dagrun for example_time_delta_sensor_async to None, run_after=None
[2024-10-26T07:02:22.891+0000] {processor.py:208} INFO - Processing /home/airflow/.local/lib/python3.12/site-packages/airflow/example_dags/example_time_delta_sensor_async.py took 0.044 seconds
[2024-10-26T07:02:53.585+0000] {processor.py:186} INFO - Started process (PID=74191) to work on /home/airflow/.local/lib/python3.12/site-packages/airflow/example_dags/example_time_delta_sensor_async.py
[2024-10-26T07:02:53.586+0000] {processor.py:914} INFO - Processing file /home/airflow/.local/lib/python3.12/site-packages/airflow/example_dags/example_time_delta_sensor_async.py for tasks to queue
[2024-10-26T07:02:53.587+0000] {logging_mixin.py:190} INFO - [2024-10-26T07:02:53.587+0000] {dagbag.py:588} INFO - Filling up the DagBag from /home/airflow/.local/lib/python3.12/site-packages/airflow/example_dags/example_time_delta_sensor_async.py
[2024-10-26T07:02:53.591+0000] {processor.py:925} INFO - DAG(s) 'example_time_delta_sensor_async' retrieved from /home/airflow/.local/lib/python3.12/site-packages/airflow/example_dags/example_time_delta_sensor_async.py
[2024-10-26T07:02:53.605+0000] {logging_mixin.py:190} INFO - [2024-10-26T07:02:53.602+0000] {dag.py:3239} INFO - Sync 1 DAGs
[2024-10-26T07:02:53.613+0000] {logging_mixin.py:190} INFO - [2024-10-26T07:02:53.613+0000] {dag.py:4180} INFO - Setting next_dagrun for example_time_delta_sensor_async to None, run_after=None
[2024-10-26T07:02:53.622+0000] {processor.py:208} INFO - Processing /home/airflow/.local/lib/python3.12/site-packages/airflow/example_dags/example_time_delta_sensor_async.py took 0.040 seconds
[2024-10-26T07:03:24.148+0000] {processor.py:186} INFO - Started process (PID=74482) to work on /home/airflow/.local/lib/python3.12/site-packages/airflow/example_dags/example_time_delta_sensor_async.py
[2024-10-26T07:03:24.150+0000] {processor.py:914} INFO - Processing file /home/airflow/.local/lib/python3.12/site-packages/airflow/example_dags/example_time_delta_sensor_async.py for tasks to queue
[2024-10-26T07:03:24.151+0000] {logging_mixin.py:190} INFO - [2024-10-26T07:03:24.150+0000] {dagbag.py:588} INFO - Filling up the DagBag from /home/airflow/.local/lib/python3.12/site-packages/airflow/example_dags/example_time_delta_sensor_async.py
[2024-10-26T07:03:24.159+0000] {processor.py:925} INFO - DAG(s) 'example_time_delta_sensor_async' retrieved from /home/airflow/.local/lib/python3.12/site-packages/airflow/example_dags/example_time_delta_sensor_async.py
[2024-10-26T07:03:24.176+0000] {logging_mixin.py:190} INFO - [2024-10-26T07:03:24.176+0000] {dag.py:3239} INFO - Sync 1 DAGs
[2024-10-26T07:03:24.189+0000] {logging_mixin.py:190} INFO - [2024-10-26T07:03:24.188+0000] {dag.py:4180} INFO - Setting next_dagrun for example_time_delta_sensor_async to None, run_after=None
[2024-10-26T07:03:24.218+0000] {processor.py:208} INFO - Processing /home/airflow/.local/lib/python3.12/site-packages/airflow/example_dags/example_time_delta_sensor_async.py took 0.076 seconds
[2024-10-26T07:03:55.056+0000] {processor.py:186} INFO - Started process (PID=74775) to work on /home/airflow/.local/lib/python3.12/site-packages/airflow/example_dags/example_time_delta_sensor_async.py
[2024-10-26T07:03:55.056+0000] {processor.py:914} INFO - Processing file /home/airflow/.local/lib/python3.12/site-packages/airflow/example_dags/example_time_delta_sensor_async.py for tasks to queue
[2024-10-26T07:03:55.057+0000] {logging_mixin.py:190} INFO - [2024-10-26T07:03:55.057+0000] {dagbag.py:588} INFO - Filling up the DagBag from /home/airflow/.local/lib/python3.12/site-packages/airflow/example_dags/example_time_delta_sensor_async.py
[2024-10-26T07:03:55.060+0000] {processor.py:925} INFO - DAG(s) 'example_time_delta_sensor_async' retrieved from /home/airflow/.local/lib/python3.12/site-packages/airflow/example_dags/example_time_delta_sensor_async.py
[2024-10-26T07:03:55.069+0000] {logging_mixin.py:190} INFO - [2024-10-26T07:03:55.069+0000] {dag.py:3239} INFO - Sync 1 DAGs
[2024-10-26T07:03:55.075+0000] {logging_mixin.py:190} INFO - [2024-10-26T07:03:55.075+0000] {dag.py:4180} INFO - Setting next_dagrun for example_time_delta_sensor_async to None, run_after=None
[2024-10-26T07:03:55.082+0000] {processor.py:208} INFO - Processing /home/airflow/.local/lib/python3.12/site-packages/airflow/example_dags/example_time_delta_sensor_async.py took 0.029 seconds
[2024-10-26T07:04:25.269+0000] {processor.py:186} INFO - Started process (PID=75063) to work on /home/airflow/.local/lib/python3.12/site-packages/airflow/example_dags/example_time_delta_sensor_async.py
[2024-10-26T07:04:25.270+0000] {processor.py:914} INFO - Processing file /home/airflow/.local/lib/python3.12/site-packages/airflow/example_dags/example_time_delta_sensor_async.py for tasks to queue
[2024-10-26T07:04:25.270+0000] {logging_mixin.py:190} INFO - [2024-10-26T07:04:25.270+0000] {dagbag.py:588} INFO - Filling up the DagBag from /home/airflow/.local/lib/python3.12/site-packages/airflow/example_dags/example_time_delta_sensor_async.py
[2024-10-26T07:04:25.273+0000] {processor.py:925} INFO - DAG(s) 'example_time_delta_sensor_async' retrieved from /home/airflow/.local/lib/python3.12/site-packages/airflow/example_dags/example_time_delta_sensor_async.py
[2024-10-26T07:04:25.285+0000] {logging_mixin.py:190} INFO - [2024-10-26T07:04:25.285+0000] {dag.py:3239} INFO - Sync 1 DAGs
[2024-10-26T07:04:25.292+0000] {logging_mixin.py:190} INFO - [2024-10-26T07:04:25.292+0000] {dag.py:4180} INFO - Setting next_dagrun for example_time_delta_sensor_async to None, run_after=None
[2024-10-26T07:04:25.304+0000] {processor.py:208} INFO - Processing /home/airflow/.local/lib/python3.12/site-packages/airflow/example_dags/example_time_delta_sensor_async.py took 0.039 seconds
[2024-10-26T07:04:55.615+0000] {processor.py:186} INFO - Started process (PID=75354) to work on /home/airflow/.local/lib/python3.12/site-packages/airflow/example_dags/example_time_delta_sensor_async.py
[2024-10-26T07:04:55.615+0000] {processor.py:914} INFO - Processing file /home/airflow/.local/lib/python3.12/site-packages/airflow/example_dags/example_time_delta_sensor_async.py for tasks to queue
[2024-10-26T07:04:55.616+0000] {logging_mixin.py:190} INFO - [2024-10-26T07:04:55.616+0000] {dagbag.py:588} INFO - Filling up the DagBag from /home/airflow/.local/lib/python3.12/site-packages/airflow/example_dags/example_time_delta_sensor_async.py
[2024-10-26T07:04:55.621+0000] {processor.py:925} INFO - DAG(s) 'example_time_delta_sensor_async' retrieved from /home/airflow/.local/lib/python3.12/site-packages/airflow/example_dags/example_time_delta_sensor_async.py
[2024-10-26T07:04:55.636+0000] {logging_mixin.py:190} INFO - [2024-10-26T07:04:55.635+0000] {dag.py:3239} INFO - Sync 1 DAGs
[2024-10-26T07:04:55.646+0000] {logging_mixin.py:190} INFO - [2024-10-26T07:04:55.646+0000] {dag.py:4180} INFO - Setting next_dagrun for example_time_delta_sensor_async to None, run_after=None
[2024-10-26T07:04:55.659+0000] {processor.py:208} INFO - Processing /home/airflow/.local/lib/python3.12/site-packages/airflow/example_dags/example_time_delta_sensor_async.py took 0.048 seconds
[2024-10-26T07:05:26.771+0000] {processor.py:186} INFO - Started process (PID=75650) to work on /home/airflow/.local/lib/python3.12/site-packages/airflow/example_dags/example_time_delta_sensor_async.py
[2024-10-26T07:05:26.772+0000] {processor.py:914} INFO - Processing file /home/airflow/.local/lib/python3.12/site-packages/airflow/example_dags/example_time_delta_sensor_async.py for tasks to queue
[2024-10-26T07:05:26.772+0000] {logging_mixin.py:190} INFO - [2024-10-26T07:05:26.772+0000] {dagbag.py:588} INFO - Filling up the DagBag from /home/airflow/.local/lib/python3.12/site-packages/airflow/example_dags/example_time_delta_sensor_async.py
[2024-10-26T07:05:26.776+0000] {processor.py:925} INFO - DAG(s) 'example_time_delta_sensor_async' retrieved from /home/airflow/.local/lib/python3.12/site-packages/airflow/example_dags/example_time_delta_sensor_async.py
[2024-10-26T07:05:26.789+0000] {logging_mixin.py:190} INFO - [2024-10-26T07:05:26.789+0000] {dag.py:3239} INFO - Sync 1 DAGs
[2024-10-26T07:05:26.799+0000] {logging_mixin.py:190} INFO - [2024-10-26T07:05:26.798+0000] {dag.py:4180} INFO - Setting next_dagrun for example_time_delta_sensor_async to None, run_after=None
[2024-10-26T07:05:26.817+0000] {processor.py:208} INFO - Processing /home/airflow/.local/lib/python3.12/site-packages/airflow/example_dags/example_time_delta_sensor_async.py took 0.050 seconds
[2024-10-26T07:05:57.433+0000] {processor.py:186} INFO - Started process (PID=75940) to work on /home/airflow/.local/lib/python3.12/site-packages/airflow/example_dags/example_time_delta_sensor_async.py
[2024-10-26T07:05:57.433+0000] {processor.py:914} INFO - Processing file /home/airflow/.local/lib/python3.12/site-packages/airflow/example_dags/example_time_delta_sensor_async.py for tasks to queue
[2024-10-26T07:05:57.435+0000] {logging_mixin.py:190} INFO - [2024-10-26T07:05:57.434+0000] {dagbag.py:588} INFO - Filling up the DagBag from /home/airflow/.local/lib/python3.12/site-packages/airflow/example_dags/example_time_delta_sensor_async.py
[2024-10-26T07:05:57.438+0000] {processor.py:925} INFO - DAG(s) 'example_time_delta_sensor_async' retrieved from /home/airflow/.local/lib/python3.12/site-packages/airflow/example_dags/example_time_delta_sensor_async.py
[2024-10-26T07:05:57.450+0000] {logging_mixin.py:190} INFO - [2024-10-26T07:05:57.450+0000] {dag.py:3239} INFO - Sync 1 DAGs
[2024-10-26T07:05:57.459+0000] {logging_mixin.py:190} INFO - [2024-10-26T07:05:57.459+0000] {dag.py:4180} INFO - Setting next_dagrun for example_time_delta_sensor_async to None, run_after=None
[2024-10-26T07:05:57.468+0000] {processor.py:208} INFO - Processing /home/airflow/.local/lib/python3.12/site-packages/airflow/example_dags/example_time_delta_sensor_async.py took 0.038 seconds
[2024-10-26T07:06:27.778+0000] {processor.py:186} INFO - Started process (PID=76231) to work on /home/airflow/.local/lib/python3.12/site-packages/airflow/example_dags/example_time_delta_sensor_async.py
[2024-10-26T07:06:27.779+0000] {processor.py:914} INFO - Processing file /home/airflow/.local/lib/python3.12/site-packages/airflow/example_dags/example_time_delta_sensor_async.py for tasks to queue
[2024-10-26T07:06:27.780+0000] {logging_mixin.py:190} INFO - [2024-10-26T07:06:27.779+0000] {dagbag.py:588} INFO - Filling up the DagBag from /home/airflow/.local/lib/python3.12/site-packages/airflow/example_dags/example_time_delta_sensor_async.py
[2024-10-26T07:06:27.783+0000] {processor.py:925} INFO - DAG(s) 'example_time_delta_sensor_async' retrieved from /home/airflow/.local/lib/python3.12/site-packages/airflow/example_dags/example_time_delta_sensor_async.py
[2024-10-26T07:06:27.793+0000] {logging_mixin.py:190} INFO - [2024-10-26T07:06:27.793+0000] {dag.py:3239} INFO - Sync 1 DAGs
[2024-10-26T07:06:27.801+0000] {logging_mixin.py:190} INFO - [2024-10-26T07:06:27.801+0000] {dag.py:4180} INFO - Setting next_dagrun for example_time_delta_sensor_async to None, run_after=None
[2024-10-26T07:06:27.813+0000] {processor.py:208} INFO - Processing /home/airflow/.local/lib/python3.12/site-packages/airflow/example_dags/example_time_delta_sensor_async.py took 0.038 seconds
[2024-10-26T07:06:58.056+0000] {processor.py:186} INFO - Started process (PID=76522) to work on /home/airflow/.local/lib/python3.12/site-packages/airflow/example_dags/example_time_delta_sensor_async.py
[2024-10-26T07:06:58.057+0000] {processor.py:914} INFO - Processing file /home/airflow/.local/lib/python3.12/site-packages/airflow/example_dags/example_time_delta_sensor_async.py for tasks to queue
[2024-10-26T07:06:58.057+0000] {logging_mixin.py:190} INFO - [2024-10-26T07:06:58.057+0000] {dagbag.py:588} INFO - Filling up the DagBag from /home/airflow/.local/lib/python3.12/site-packages/airflow/example_dags/example_time_delta_sensor_async.py
[2024-10-26T07:06:58.061+0000] {processor.py:925} INFO - DAG(s) 'example_time_delta_sensor_async' retrieved from /home/airflow/.local/lib/python3.12/site-packages/airflow/example_dags/example_time_delta_sensor_async.py
[2024-10-26T07:06:58.072+0000] {logging_mixin.py:190} INFO - [2024-10-26T07:06:58.072+0000] {dag.py:3239} INFO - Sync 1 DAGs
[2024-10-26T07:06:58.079+0000] {logging_mixin.py:190} INFO - [2024-10-26T07:06:58.079+0000] {dag.py:4180} INFO - Setting next_dagrun for example_time_delta_sensor_async to None, run_after=None
[2024-10-26T07:06:58.093+0000] {processor.py:208} INFO - Processing /home/airflow/.local/lib/python3.12/site-packages/airflow/example_dags/example_time_delta_sensor_async.py took 0.041 seconds
[2024-10-26T07:07:28.544+0000] {processor.py:186} INFO - Started process (PID=76813) to work on /home/airflow/.local/lib/python3.12/site-packages/airflow/example_dags/example_time_delta_sensor_async.py
[2024-10-26T07:07:28.548+0000] {processor.py:914} INFO - Processing file /home/airflow/.local/lib/python3.12/site-packages/airflow/example_dags/example_time_delta_sensor_async.py for tasks to queue
[2024-10-26T07:07:28.549+0000] {logging_mixin.py:190} INFO - [2024-10-26T07:07:28.549+0000] {dagbag.py:588} INFO - Filling up the DagBag from /home/airflow/.local/lib/python3.12/site-packages/airflow/example_dags/example_time_delta_sensor_async.py
[2024-10-26T07:07:28.553+0000] {processor.py:925} INFO - DAG(s) 'example_time_delta_sensor_async' retrieved from /home/airflow/.local/lib/python3.12/site-packages/airflow/example_dags/example_time_delta_sensor_async.py
[2024-10-26T07:07:28.564+0000] {logging_mixin.py:190} INFO - [2024-10-26T07:07:28.564+0000] {dag.py:3239} INFO - Sync 1 DAGs
[2024-10-26T07:07:28.571+0000] {logging_mixin.py:190} INFO - [2024-10-26T07:07:28.571+0000] {dag.py:4180} INFO - Setting next_dagrun for example_time_delta_sensor_async to None, run_after=None
[2024-10-26T07:07:28.580+0000] {processor.py:208} INFO - Processing /home/airflow/.local/lib/python3.12/site-packages/airflow/example_dags/example_time_delta_sensor_async.py took 0.039 seconds
[2024-10-26T07:07:59.739+0000] {processor.py:186} INFO - Started process (PID=77104) to work on /home/airflow/.local/lib/python3.12/site-packages/airflow/example_dags/example_time_delta_sensor_async.py
[2024-10-26T07:07:59.739+0000] {processor.py:914} INFO - Processing file /home/airflow/.local/lib/python3.12/site-packages/airflow/example_dags/example_time_delta_sensor_async.py for tasks to queue
[2024-10-26T07:07:59.740+0000] {logging_mixin.py:190} INFO - [2024-10-26T07:07:59.740+0000] {dagbag.py:588} INFO - Filling up the DagBag from /home/airflow/.local/lib/python3.12/site-packages/airflow/example_dags/example_time_delta_sensor_async.py
[2024-10-26T07:07:59.744+0000] {processor.py:925} INFO - DAG(s) 'example_time_delta_sensor_async' retrieved from /home/airflow/.local/lib/python3.12/site-packages/airflow/example_dags/example_time_delta_sensor_async.py
[2024-10-26T07:07:59.756+0000] {logging_mixin.py:190} INFO - [2024-10-26T07:07:59.756+0000] {dag.py:3239} INFO - Sync 1 DAGs
[2024-10-26T07:07:59.765+0000] {logging_mixin.py:190} INFO - [2024-10-26T07:07:59.764+0000] {dag.py:4180} INFO - Setting next_dagrun for example_time_delta_sensor_async to None, run_after=None
[2024-10-26T07:07:59.773+0000] {processor.py:208} INFO - Processing /home/airflow/.local/lib/python3.12/site-packages/airflow/example_dags/example_time_delta_sensor_async.py took 0.038 seconds
[2024-10-26T07:08:30.300+0000] {processor.py:186} INFO - Started process (PID=77395) to work on /home/airflow/.local/lib/python3.12/site-packages/airflow/example_dags/example_time_delta_sensor_async.py
[2024-10-26T07:08:30.300+0000] {processor.py:914} INFO - Processing file /home/airflow/.local/lib/python3.12/site-packages/airflow/example_dags/example_time_delta_sensor_async.py for tasks to queue
[2024-10-26T07:08:30.301+0000] {logging_mixin.py:190} INFO - [2024-10-26T07:08:30.301+0000] {dagbag.py:588} INFO - Filling up the DagBag from /home/airflow/.local/lib/python3.12/site-packages/airflow/example_dags/example_time_delta_sensor_async.py
[2024-10-26T07:08:30.304+0000] {processor.py:925} INFO - DAG(s) 'example_time_delta_sensor_async' retrieved from /home/airflow/.local/lib/python3.12/site-packages/airflow/example_dags/example_time_delta_sensor_async.py
[2024-10-26T07:08:30.315+0000] {logging_mixin.py:190} INFO - [2024-10-26T07:08:30.315+0000] {dag.py:3239} INFO - Sync 1 DAGs
[2024-10-26T07:08:30.323+0000] {logging_mixin.py:190} INFO - [2024-10-26T07:08:30.323+0000] {dag.py:4180} INFO - Setting next_dagrun for example_time_delta_sensor_async to None, run_after=None
[2024-10-26T07:08:30.334+0000] {processor.py:208} INFO - Processing /home/airflow/.local/lib/python3.12/site-packages/airflow/example_dags/example_time_delta_sensor_async.py took 0.038 seconds
[2024-10-26T07:09:01.311+0000] {processor.py:186} INFO - Started process (PID=77686) to work on /home/airflow/.local/lib/python3.12/site-packages/airflow/example_dags/example_time_delta_sensor_async.py
[2024-10-26T07:09:01.312+0000] {processor.py:914} INFO - Processing file /home/airflow/.local/lib/python3.12/site-packages/airflow/example_dags/example_time_delta_sensor_async.py for tasks to queue
[2024-10-26T07:09:01.313+0000] {logging_mixin.py:190} INFO - [2024-10-26T07:09:01.313+0000] {dagbag.py:588} INFO - Filling up the DagBag from /home/airflow/.local/lib/python3.12/site-packages/airflow/example_dags/example_time_delta_sensor_async.py
[2024-10-26T07:09:01.316+0000] {processor.py:925} INFO - DAG(s) 'example_time_delta_sensor_async' retrieved from /home/airflow/.local/lib/python3.12/site-packages/airflow/example_dags/example_time_delta_sensor_async.py
[2024-10-26T07:09:01.326+0000] {logging_mixin.py:190} INFO - [2024-10-26T07:09:01.326+0000] {dag.py:3239} INFO - Sync 1 DAGs
[2024-10-26T07:09:01.335+0000] {logging_mixin.py:190} INFO - [2024-10-26T07:09:01.334+0000] {dag.py:4180} INFO - Setting next_dagrun for example_time_delta_sensor_async to None, run_after=None
[2024-10-26T07:09:01.345+0000] {processor.py:208} INFO - Processing /home/airflow/.local/lib/python3.12/site-packages/airflow/example_dags/example_time_delta_sensor_async.py took 0.037 seconds
[2024-10-26T07:09:31.666+0000] {processor.py:186} INFO - Started process (PID=77977) to work on /home/airflow/.local/lib/python3.12/site-packages/airflow/example_dags/example_time_delta_sensor_async.py
[2024-10-26T07:09:31.666+0000] {processor.py:914} INFO - Processing file /home/airflow/.local/lib/python3.12/site-packages/airflow/example_dags/example_time_delta_sensor_async.py for tasks to queue
[2024-10-26T07:09:31.667+0000] {logging_mixin.py:190} INFO - [2024-10-26T07:09:31.667+0000] {dagbag.py:588} INFO - Filling up the DagBag from /home/airflow/.local/lib/python3.12/site-packages/airflow/example_dags/example_time_delta_sensor_async.py
[2024-10-26T07:09:31.670+0000] {processor.py:925} INFO - DAG(s) 'example_time_delta_sensor_async' retrieved from /home/airflow/.local/lib/python3.12/site-packages/airflow/example_dags/example_time_delta_sensor_async.py
[2024-10-26T07:09:31.682+0000] {logging_mixin.py:190} INFO - [2024-10-26T07:09:31.681+0000] {dag.py:3239} INFO - Sync 1 DAGs
[2024-10-26T07:09:31.689+0000] {logging_mixin.py:190} INFO - [2024-10-26T07:09:31.689+0000] {dag.py:4180} INFO - Setting next_dagrun for example_time_delta_sensor_async to None, run_after=None
[2024-10-26T07:09:31.700+0000] {processor.py:208} INFO - Processing /home/airflow/.local/lib/python3.12/site-packages/airflow/example_dags/example_time_delta_sensor_async.py took 0.037 seconds
[2024-10-26T07:10:02.836+0000] {processor.py:186} INFO - Started process (PID=78268) to work on /home/airflow/.local/lib/python3.12/site-packages/airflow/example_dags/example_time_delta_sensor_async.py
[2024-10-26T07:10:02.839+0000] {processor.py:914} INFO - Processing file /home/airflow/.local/lib/python3.12/site-packages/airflow/example_dags/example_time_delta_sensor_async.py for tasks to queue
[2024-10-26T07:10:02.840+0000] {logging_mixin.py:190} INFO - [2024-10-26T07:10:02.840+0000] {dagbag.py:588} INFO - Filling up the DagBag from /home/airflow/.local/lib/python3.12/site-packages/airflow/example_dags/example_time_delta_sensor_async.py
[2024-10-26T07:10:02.844+0000] {processor.py:925} INFO - DAG(s) 'example_time_delta_sensor_async' retrieved from /home/airflow/.local/lib/python3.12/site-packages/airflow/example_dags/example_time_delta_sensor_async.py
[2024-10-26T07:10:02.857+0000] {logging_mixin.py:190} INFO - [2024-10-26T07:10:02.856+0000] {dag.py:3239} INFO - Sync 1 DAGs
[2024-10-26T07:10:02.864+0000] {logging_mixin.py:190} INFO - [2024-10-26T07:10:02.864+0000] {dag.py:4180} INFO - Setting next_dagrun for example_time_delta_sensor_async to None, run_after=None
[2024-10-26T07:10:02.874+0000] {processor.py:208} INFO - Processing /home/airflow/.local/lib/python3.12/site-packages/airflow/example_dags/example_time_delta_sensor_async.py took 0.043 seconds
[2024-10-26T07:10:34.582+0000] {processor.py:186} INFO - Started process (PID=78565) to work on /home/airflow/.local/lib/python3.12/site-packages/airflow/example_dags/example_time_delta_sensor_async.py
[2024-10-26T07:10:34.582+0000] {processor.py:914} INFO - Processing file /home/airflow/.local/lib/python3.12/site-packages/airflow/example_dags/example_time_delta_sensor_async.py for tasks to queue
[2024-10-26T07:10:34.583+0000] {logging_mixin.py:190} INFO - [2024-10-26T07:10:34.583+0000] {dagbag.py:588} INFO - Filling up the DagBag from /home/airflow/.local/lib/python3.12/site-packages/airflow/example_dags/example_time_delta_sensor_async.py
[2024-10-26T07:10:34.587+0000] {processor.py:925} INFO - DAG(s) 'example_time_delta_sensor_async' retrieved from /home/airflow/.local/lib/python3.12/site-packages/airflow/example_dags/example_time_delta_sensor_async.py
[2024-10-26T07:10:34.607+0000] {logging_mixin.py:190} INFO - [2024-10-26T07:10:34.607+0000] {dag.py:3239} INFO - Sync 1 DAGs
[2024-10-26T07:10:34.616+0000] {logging_mixin.py:190} INFO - [2024-10-26T07:10:34.616+0000] {dag.py:4180} INFO - Setting next_dagrun for example_time_delta_sensor_async to None, run_after=None
[2024-10-26T07:10:34.625+0000] {processor.py:208} INFO - Processing /home/airflow/.local/lib/python3.12/site-packages/airflow/example_dags/example_time_delta_sensor_async.py took 0.047 seconds
[2024-10-26T07:11:06.273+0000] {processor.py:186} INFO - Started process (PID=78861) to work on /home/airflow/.local/lib/python3.12/site-packages/airflow/example_dags/example_time_delta_sensor_async.py
[2024-10-26T07:11:06.273+0000] {processor.py:914} INFO - Processing file /home/airflow/.local/lib/python3.12/site-packages/airflow/example_dags/example_time_delta_sensor_async.py for tasks to queue
[2024-10-26T07:11:06.274+0000] {logging_mixin.py:190} INFO - [2024-10-26T07:11:06.274+0000] {dagbag.py:588} INFO - Filling up the DagBag from /home/airflow/.local/lib/python3.12/site-packages/airflow/example_dags/example_time_delta_sensor_async.py
[2024-10-26T07:11:06.278+0000] {processor.py:925} INFO - DAG(s) 'example_time_delta_sensor_async' retrieved from /home/airflow/.local/lib/python3.12/site-packages/airflow/example_dags/example_time_delta_sensor_async.py
[2024-10-26T07:11:06.288+0000] {logging_mixin.py:190} INFO - [2024-10-26T07:11:06.288+0000] {dag.py:3239} INFO - Sync 1 DAGs
[2024-10-26T07:11:06.299+0000] {logging_mixin.py:190} INFO - [2024-10-26T07:11:06.298+0000] {dag.py:4180} INFO - Setting next_dagrun for example_time_delta_sensor_async to None, run_after=None
[2024-10-26T07:11:06.311+0000] {processor.py:208} INFO - Processing /home/airflow/.local/lib/python3.12/site-packages/airflow/example_dags/example_time_delta_sensor_async.py took 0.041 seconds
[2024-10-26T07:11:36.656+0000] {processor.py:186} INFO - Started process (PID=79152) to work on /home/airflow/.local/lib/python3.12/site-packages/airflow/example_dags/example_time_delta_sensor_async.py
[2024-10-26T07:11:36.657+0000] {processor.py:914} INFO - Processing file /home/airflow/.local/lib/python3.12/site-packages/airflow/example_dags/example_time_delta_sensor_async.py for tasks to queue
[2024-10-26T07:11:36.658+0000] {logging_mixin.py:190} INFO - [2024-10-26T07:11:36.658+0000] {dagbag.py:588} INFO - Filling up the DagBag from /home/airflow/.local/lib/python3.12/site-packages/airflow/example_dags/example_time_delta_sensor_async.py
[2024-10-26T07:11:36.663+0000] {processor.py:925} INFO - DAG(s) 'example_time_delta_sensor_async' retrieved from /home/airflow/.local/lib/python3.12/site-packages/airflow/example_dags/example_time_delta_sensor_async.py
[2024-10-26T07:11:36.683+0000] {logging_mixin.py:190} INFO - [2024-10-26T07:11:36.683+0000] {dag.py:3239} INFO - Sync 1 DAGs
[2024-10-26T07:11:36.690+0000] {logging_mixin.py:190} INFO - [2024-10-26T07:11:36.690+0000] {dag.py:4180} INFO - Setting next_dagrun for example_time_delta_sensor_async to None, run_after=None
[2024-10-26T07:11:36.699+0000] {processor.py:208} INFO - Processing /home/airflow/.local/lib/python3.12/site-packages/airflow/example_dags/example_time_delta_sensor_async.py took 0.046 seconds
[2024-10-26T07:12:07.823+0000] {processor.py:186} INFO - Started process (PID=79443) to work on /home/airflow/.local/lib/python3.12/site-packages/airflow/example_dags/example_time_delta_sensor_async.py
[2024-10-26T07:12:07.824+0000] {processor.py:914} INFO - Processing file /home/airflow/.local/lib/python3.12/site-packages/airflow/example_dags/example_time_delta_sensor_async.py for tasks to queue
[2024-10-26T07:12:07.824+0000] {logging_mixin.py:190} INFO - [2024-10-26T07:12:07.824+0000] {dagbag.py:588} INFO - Filling up the DagBag from /home/airflow/.local/lib/python3.12/site-packages/airflow/example_dags/example_time_delta_sensor_async.py
[2024-10-26T07:12:07.828+0000] {processor.py:925} INFO - DAG(s) 'example_time_delta_sensor_async' retrieved from /home/airflow/.local/lib/python3.12/site-packages/airflow/example_dags/example_time_delta_sensor_async.py
[2024-10-26T07:12:07.844+0000] {logging_mixin.py:190} INFO - [2024-10-26T07:12:07.844+0000] {dag.py:3239} INFO - Sync 1 DAGs
[2024-10-26T07:12:07.852+0000] {logging_mixin.py:190} INFO - [2024-10-26T07:12:07.852+0000] {dag.py:4180} INFO - Setting next_dagrun for example_time_delta_sensor_async to None, run_after=None
[2024-10-26T07:12:07.861+0000] {processor.py:208} INFO - Processing /home/airflow/.local/lib/python3.12/site-packages/airflow/example_dags/example_time_delta_sensor_async.py took 0.045 seconds
[2024-10-26T07:12:38.665+0000] {processor.py:186} INFO - Started process (PID=79734) to work on /home/airflow/.local/lib/python3.12/site-packages/airflow/example_dags/example_time_delta_sensor_async.py
[2024-10-26T07:12:38.669+0000] {processor.py:914} INFO - Processing file /home/airflow/.local/lib/python3.12/site-packages/airflow/example_dags/example_time_delta_sensor_async.py for tasks to queue
[2024-10-26T07:12:38.673+0000] {logging_mixin.py:190} INFO - [2024-10-26T07:12:38.672+0000] {dagbag.py:588} INFO - Filling up the DagBag from /home/airflow/.local/lib/python3.12/site-packages/airflow/example_dags/example_time_delta_sensor_async.py
[2024-10-26T07:12:38.678+0000] {processor.py:925} INFO - DAG(s) 'example_time_delta_sensor_async' retrieved from /home/airflow/.local/lib/python3.12/site-packages/airflow/example_dags/example_time_delta_sensor_async.py
[2024-10-26T07:12:38.697+0000] {logging_mixin.py:190} INFO - [2024-10-26T07:12:38.696+0000] {dag.py:3239} INFO - Sync 1 DAGs
[2024-10-26T07:12:38.705+0000] {logging_mixin.py:190} INFO - [2024-10-26T07:12:38.705+0000] {dag.py:4180} INFO - Setting next_dagrun for example_time_delta_sensor_async to None, run_after=None
[2024-10-26T07:12:38.718+0000] {processor.py:208} INFO - Processing /home/airflow/.local/lib/python3.12/site-packages/airflow/example_dags/example_time_delta_sensor_async.py took 0.061 seconds
[2024-10-26T07:13:09.491+0000] {processor.py:186} INFO - Started process (PID=80026) to work on /home/airflow/.local/lib/python3.12/site-packages/airflow/example_dags/example_time_delta_sensor_async.py
[2024-10-26T07:13:09.491+0000] {processor.py:914} INFO - Processing file /home/airflow/.local/lib/python3.12/site-packages/airflow/example_dags/example_time_delta_sensor_async.py for tasks to queue
[2024-10-26T07:13:09.493+0000] {logging_mixin.py:190} INFO - [2024-10-26T07:13:09.493+0000] {dagbag.py:588} INFO - Filling up the DagBag from /home/airflow/.local/lib/python3.12/site-packages/airflow/example_dags/example_time_delta_sensor_async.py
[2024-10-26T07:13:09.496+0000] {processor.py:925} INFO - DAG(s) 'example_time_delta_sensor_async' retrieved from /home/airflow/.local/lib/python3.12/site-packages/airflow/example_dags/example_time_delta_sensor_async.py
[2024-10-26T07:13:09.513+0000] {logging_mixin.py:190} INFO - [2024-10-26T07:13:09.513+0000] {dag.py:3239} INFO - Sync 1 DAGs
[2024-10-26T07:13:09.521+0000] {logging_mixin.py:190} INFO - [2024-10-26T07:13:09.521+0000] {dag.py:4180} INFO - Setting next_dagrun for example_time_delta_sensor_async to None, run_after=None
[2024-10-26T07:13:09.539+0000] {processor.py:208} INFO - Processing /home/airflow/.local/lib/python3.12/site-packages/airflow/example_dags/example_time_delta_sensor_async.py took 0.051 seconds
[2024-10-26T07:13:40.143+0000] {processor.py:186} INFO - Started process (PID=80315) to work on /home/airflow/.local/lib/python3.12/site-packages/airflow/example_dags/example_time_delta_sensor_async.py
[2024-10-26T07:13:40.144+0000] {processor.py:914} INFO - Processing file /home/airflow/.local/lib/python3.12/site-packages/airflow/example_dags/example_time_delta_sensor_async.py for tasks to queue
[2024-10-26T07:13:40.145+0000] {logging_mixin.py:190} INFO - [2024-10-26T07:13:40.145+0000] {dagbag.py:588} INFO - Filling up the DagBag from /home/airflow/.local/lib/python3.12/site-packages/airflow/example_dags/example_time_delta_sensor_async.py
[2024-10-26T07:13:40.149+0000] {processor.py:925} INFO - DAG(s) 'example_time_delta_sensor_async' retrieved from /home/airflow/.local/lib/python3.12/site-packages/airflow/example_dags/example_time_delta_sensor_async.py
[2024-10-26T07:13:40.159+0000] {logging_mixin.py:190} INFO - [2024-10-26T07:13:40.159+0000] {dag.py:3239} INFO - Sync 1 DAGs
[2024-10-26T07:13:40.168+0000] {logging_mixin.py:190} INFO - [2024-10-26T07:13:40.168+0000] {dag.py:4180} INFO - Setting next_dagrun for example_time_delta_sensor_async to None, run_after=None
[2024-10-26T07:13:40.184+0000] {processor.py:208} INFO - Processing /home/airflow/.local/lib/python3.12/site-packages/airflow/example_dags/example_time_delta_sensor_async.py took 0.044 seconds
[2024-10-26T07:14:12.280+0000] {processor.py:186} INFO - Started process (PID=80608) to work on /home/airflow/.local/lib/python3.12/site-packages/airflow/example_dags/example_time_delta_sensor_async.py
[2024-10-26T07:14:12.281+0000] {processor.py:914} INFO - Processing file /home/airflow/.local/lib/python3.12/site-packages/airflow/example_dags/example_time_delta_sensor_async.py for tasks to queue
[2024-10-26T07:14:12.282+0000] {logging_mixin.py:190} INFO - [2024-10-26T07:14:12.281+0000] {dagbag.py:588} INFO - Filling up the DagBag from /home/airflow/.local/lib/python3.12/site-packages/airflow/example_dags/example_time_delta_sensor_async.py
[2024-10-26T07:14:12.287+0000] {processor.py:925} INFO - DAG(s) 'example_time_delta_sensor_async' retrieved from /home/airflow/.local/lib/python3.12/site-packages/airflow/example_dags/example_time_delta_sensor_async.py
[2024-10-26T07:14:12.298+0000] {logging_mixin.py:190} INFO - [2024-10-26T07:14:12.298+0000] {dag.py:3239} INFO - Sync 1 DAGs
[2024-10-26T07:14:12.313+0000] {logging_mixin.py:190} INFO - [2024-10-26T07:14:12.312+0000] {dag.py:4180} INFO - Setting next_dagrun for example_time_delta_sensor_async to None, run_after=None
[2024-10-26T07:14:12.322+0000] {processor.py:208} INFO - Processing /home/airflow/.local/lib/python3.12/site-packages/airflow/example_dags/example_time_delta_sensor_async.py took 0.046 seconds
[2024-10-26T07:14:43.996+0000] {processor.py:186} INFO - Started process (PID=80899) to work on /home/airflow/.local/lib/python3.12/site-packages/airflow/example_dags/example_time_delta_sensor_async.py
[2024-10-26T07:14:43.996+0000] {processor.py:914} INFO - Processing file /home/airflow/.local/lib/python3.12/site-packages/airflow/example_dags/example_time_delta_sensor_async.py for tasks to queue
[2024-10-26T07:14:43.997+0000] {logging_mixin.py:190} INFO - [2024-10-26T07:14:43.997+0000] {dagbag.py:588} INFO - Filling up the DagBag from /home/airflow/.local/lib/python3.12/site-packages/airflow/example_dags/example_time_delta_sensor_async.py
[2024-10-26T07:14:44.002+0000] {processor.py:925} INFO - DAG(s) 'example_time_delta_sensor_async' retrieved from /home/airflow/.local/lib/python3.12/site-packages/airflow/example_dags/example_time_delta_sensor_async.py
[2024-10-26T07:14:44.016+0000] {logging_mixin.py:190} INFO - [2024-10-26T07:14:44.016+0000] {dag.py:3239} INFO - Sync 1 DAGs
[2024-10-26T07:14:44.145+0000] {logging_mixin.py:190} INFO - [2024-10-26T07:14:44.145+0000] {dag.py:4180} INFO - Setting next_dagrun for example_time_delta_sensor_async to None, run_after=None
[2024-10-26T07:14:44.157+0000] {processor.py:208} INFO - Processing /home/airflow/.local/lib/python3.12/site-packages/airflow/example_dags/example_time_delta_sensor_async.py took 0.165 seconds
[2024-10-26T07:15:15.103+0000] {processor.py:186} INFO - Started process (PID=81190) to work on /home/airflow/.local/lib/python3.12/site-packages/airflow/example_dags/example_time_delta_sensor_async.py
[2024-10-26T07:15:15.105+0000] {processor.py:914} INFO - Processing file /home/airflow/.local/lib/python3.12/site-packages/airflow/example_dags/example_time_delta_sensor_async.py for tasks to queue
[2024-10-26T07:15:15.106+0000] {logging_mixin.py:190} INFO - [2024-10-26T07:15:15.105+0000] {dagbag.py:588} INFO - Filling up the DagBag from /home/airflow/.local/lib/python3.12/site-packages/airflow/example_dags/example_time_delta_sensor_async.py
[2024-10-26T07:15:15.110+0000] {processor.py:925} INFO - DAG(s) 'example_time_delta_sensor_async' retrieved from /home/airflow/.local/lib/python3.12/site-packages/airflow/example_dags/example_time_delta_sensor_async.py
[2024-10-26T07:15:15.129+0000] {logging_mixin.py:190} INFO - [2024-10-26T07:15:15.129+0000] {dag.py:3239} INFO - Sync 1 DAGs
[2024-10-26T07:15:15.141+0000] {logging_mixin.py:190} INFO - [2024-10-26T07:15:15.141+0000] {dag.py:4180} INFO - Setting next_dagrun for example_time_delta_sensor_async to None, run_after=None
[2024-10-26T07:15:15.156+0000] {processor.py:208} INFO - Processing /home/airflow/.local/lib/python3.12/site-packages/airflow/example_dags/example_time_delta_sensor_async.py took 0.059 seconds
[2024-10-26T07:15:45.226+0000] {processor.py:186} INFO - Started process (PID=81481) to work on /home/airflow/.local/lib/python3.12/site-packages/airflow/example_dags/example_time_delta_sensor_async.py
[2024-10-26T07:15:45.228+0000] {processor.py:914} INFO - Processing file /home/airflow/.local/lib/python3.12/site-packages/airflow/example_dags/example_time_delta_sensor_async.py for tasks to queue
[2024-10-26T07:15:45.230+0000] {logging_mixin.py:190} INFO - [2024-10-26T07:15:45.230+0000] {dagbag.py:588} INFO - Filling up the DagBag from /home/airflow/.local/lib/python3.12/site-packages/airflow/example_dags/example_time_delta_sensor_async.py
[2024-10-26T07:15:45.240+0000] {processor.py:925} INFO - DAG(s) 'example_time_delta_sensor_async' retrieved from /home/airflow/.local/lib/python3.12/site-packages/airflow/example_dags/example_time_delta_sensor_async.py
[2024-10-26T07:15:45.260+0000] {logging_mixin.py:190} INFO - [2024-10-26T07:15:45.260+0000] {dag.py:3239} INFO - Sync 1 DAGs
[2024-10-26T07:15:45.271+0000] {logging_mixin.py:190} INFO - [2024-10-26T07:15:45.271+0000] {dag.py:4180} INFO - Setting next_dagrun for example_time_delta_sensor_async to None, run_after=None
[2024-10-26T07:15:45.285+0000] {processor.py:208} INFO - Processing /home/airflow/.local/lib/python3.12/site-packages/airflow/example_dags/example_time_delta_sensor_async.py took 0.072 seconds
[2024-10-26T07:16:16.162+0000] {processor.py:186} INFO - Started process (PID=81770) to work on /home/airflow/.local/lib/python3.12/site-packages/airflow/example_dags/example_time_delta_sensor_async.py
[2024-10-26T07:16:16.164+0000] {processor.py:914} INFO - Processing file /home/airflow/.local/lib/python3.12/site-packages/airflow/example_dags/example_time_delta_sensor_async.py for tasks to queue
[2024-10-26T07:16:16.164+0000] {logging_mixin.py:190} INFO - [2024-10-26T07:16:16.164+0000] {dagbag.py:588} INFO - Filling up the DagBag from /home/airflow/.local/lib/python3.12/site-packages/airflow/example_dags/example_time_delta_sensor_async.py
[2024-10-26T07:16:16.171+0000] {processor.py:925} INFO - DAG(s) 'example_time_delta_sensor_async' retrieved from /home/airflow/.local/lib/python3.12/site-packages/airflow/example_dags/example_time_delta_sensor_async.py
[2024-10-26T07:16:16.275+0000] {logging_mixin.py:190} INFO - [2024-10-26T07:16:16.274+0000] {dag.py:3239} INFO - Sync 1 DAGs
[2024-10-26T07:16:16.291+0000] {logging_mixin.py:190} INFO - [2024-10-26T07:16:16.291+0000] {dag.py:4180} INFO - Setting next_dagrun for example_time_delta_sensor_async to None, run_after=None
[2024-10-26T07:16:16.309+0000] {processor.py:208} INFO - Processing /home/airflow/.local/lib/python3.12/site-packages/airflow/example_dags/example_time_delta_sensor_async.py took 0.151 seconds
[2024-10-26T07:16:46.609+0000] {processor.py:186} INFO - Started process (PID=82061) to work on /home/airflow/.local/lib/python3.12/site-packages/airflow/example_dags/example_time_delta_sensor_async.py
[2024-10-26T07:16:46.610+0000] {processor.py:914} INFO - Processing file /home/airflow/.local/lib/python3.12/site-packages/airflow/example_dags/example_time_delta_sensor_async.py for tasks to queue
[2024-10-26T07:16:46.613+0000] {logging_mixin.py:190} INFO - [2024-10-26T07:16:46.612+0000] {dagbag.py:588} INFO - Filling up the DagBag from /home/airflow/.local/lib/python3.12/site-packages/airflow/example_dags/example_time_delta_sensor_async.py
[2024-10-26T07:16:46.619+0000] {processor.py:925} INFO - DAG(s) 'example_time_delta_sensor_async' retrieved from /home/airflow/.local/lib/python3.12/site-packages/airflow/example_dags/example_time_delta_sensor_async.py
[2024-10-26T07:16:46.630+0000] {logging_mixin.py:190} INFO - [2024-10-26T07:16:46.629+0000] {dag.py:3239} INFO - Sync 1 DAGs
[2024-10-26T07:16:46.638+0000] {logging_mixin.py:190} INFO - [2024-10-26T07:16:46.638+0000] {dag.py:4180} INFO - Setting next_dagrun for example_time_delta_sensor_async to None, run_after=None
[2024-10-26T07:16:46.652+0000] {processor.py:208} INFO - Processing /home/airflow/.local/lib/python3.12/site-packages/airflow/example_dags/example_time_delta_sensor_async.py took 0.046 seconds
[2024-10-26T07:17:17.464+0000] {processor.py:186} INFO - Started process (PID=82351) to work on /home/airflow/.local/lib/python3.12/site-packages/airflow/example_dags/example_time_delta_sensor_async.py
[2024-10-26T07:17:17.465+0000] {processor.py:914} INFO - Processing file /home/airflow/.local/lib/python3.12/site-packages/airflow/example_dags/example_time_delta_sensor_async.py for tasks to queue
[2024-10-26T07:17:17.466+0000] {logging_mixin.py:190} INFO - [2024-10-26T07:17:17.465+0000] {dagbag.py:588} INFO - Filling up the DagBag from /home/airflow/.local/lib/python3.12/site-packages/airflow/example_dags/example_time_delta_sensor_async.py
[2024-10-26T07:17:17.469+0000] {processor.py:925} INFO - DAG(s) 'example_time_delta_sensor_async' retrieved from /home/airflow/.local/lib/python3.12/site-packages/airflow/example_dags/example_time_delta_sensor_async.py
[2024-10-26T07:17:17.490+0000] {logging_mixin.py:190} INFO - [2024-10-26T07:17:17.489+0000] {dag.py:3239} INFO - Sync 1 DAGs
[2024-10-26T07:17:17.501+0000] {logging_mixin.py:190} INFO - [2024-10-26T07:17:17.500+0000] {dag.py:4180} INFO - Setting next_dagrun for example_time_delta_sensor_async to None, run_after=None
[2024-10-26T07:17:17.516+0000] {processor.py:208} INFO - Processing /home/airflow/.local/lib/python3.12/site-packages/airflow/example_dags/example_time_delta_sensor_async.py took 0.055 seconds
[2024-10-26T07:17:48.516+0000] {processor.py:186} INFO - Started process (PID=82642) to work on /home/airflow/.local/lib/python3.12/site-packages/airflow/example_dags/example_time_delta_sensor_async.py
[2024-10-26T07:17:48.516+0000] {processor.py:914} INFO - Processing file /home/airflow/.local/lib/python3.12/site-packages/airflow/example_dags/example_time_delta_sensor_async.py for tasks to queue
[2024-10-26T07:17:48.517+0000] {logging_mixin.py:190} INFO - [2024-10-26T07:17:48.517+0000] {dagbag.py:588} INFO - Filling up the DagBag from /home/airflow/.local/lib/python3.12/site-packages/airflow/example_dags/example_time_delta_sensor_async.py
[2024-10-26T07:17:48.522+0000] {processor.py:925} INFO - DAG(s) 'example_time_delta_sensor_async' retrieved from /home/airflow/.local/lib/python3.12/site-packages/airflow/example_dags/example_time_delta_sensor_async.py
[2024-10-26T07:17:48.539+0000] {logging_mixin.py:190} INFO - [2024-10-26T07:17:48.538+0000] {dag.py:3239} INFO - Sync 1 DAGs
[2024-10-26T07:17:48.548+0000] {logging_mixin.py:190} INFO - [2024-10-26T07:17:48.548+0000] {dag.py:4180} INFO - Setting next_dagrun for example_time_delta_sensor_async to None, run_after=None
[2024-10-26T07:17:48.559+0000] {processor.py:208} INFO - Processing /home/airflow/.local/lib/python3.12/site-packages/airflow/example_dags/example_time_delta_sensor_async.py took 0.047 seconds
[2024-10-26T07:18:18.887+0000] {processor.py:186} INFO - Started process (PID=82935) to work on /home/airflow/.local/lib/python3.12/site-packages/airflow/example_dags/example_time_delta_sensor_async.py
[2024-10-26T07:18:18.888+0000] {processor.py:914} INFO - Processing file /home/airflow/.local/lib/python3.12/site-packages/airflow/example_dags/example_time_delta_sensor_async.py for tasks to queue
[2024-10-26T07:18:18.888+0000] {logging_mixin.py:190} INFO - [2024-10-26T07:18:18.888+0000] {dagbag.py:588} INFO - Filling up the DagBag from /home/airflow/.local/lib/python3.12/site-packages/airflow/example_dags/example_time_delta_sensor_async.py
[2024-10-26T07:18:18.892+0000] {processor.py:925} INFO - DAG(s) 'example_time_delta_sensor_async' retrieved from /home/airflow/.local/lib/python3.12/site-packages/airflow/example_dags/example_time_delta_sensor_async.py
[2024-10-26T07:18:18.905+0000] {logging_mixin.py:190} INFO - [2024-10-26T07:18:18.904+0000] {dag.py:3239} INFO - Sync 1 DAGs
[2024-10-26T07:18:18.915+0000] {logging_mixin.py:190} INFO - [2024-10-26T07:18:18.915+0000] {dag.py:4180} INFO - Setting next_dagrun for example_time_delta_sensor_async to None, run_after=None
[2024-10-26T07:18:18.930+0000] {processor.py:208} INFO - Processing /home/airflow/.local/lib/python3.12/site-packages/airflow/example_dags/example_time_delta_sensor_async.py took 0.046 seconds
[2024-10-26T07:18:49.793+0000] {processor.py:186} INFO - Started process (PID=83224) to work on /home/airflow/.local/lib/python3.12/site-packages/airflow/example_dags/example_time_delta_sensor_async.py
[2024-10-26T07:18:49.794+0000] {processor.py:914} INFO - Processing file /home/airflow/.local/lib/python3.12/site-packages/airflow/example_dags/example_time_delta_sensor_async.py for tasks to queue
[2024-10-26T07:18:49.795+0000] {logging_mixin.py:190} INFO - [2024-10-26T07:18:49.795+0000] {dagbag.py:588} INFO - Filling up the DagBag from /home/airflow/.local/lib/python3.12/site-packages/airflow/example_dags/example_time_delta_sensor_async.py
[2024-10-26T07:18:49.804+0000] {processor.py:925} INFO - DAG(s) 'example_time_delta_sensor_async' retrieved from /home/airflow/.local/lib/python3.12/site-packages/airflow/example_dags/example_time_delta_sensor_async.py
[2024-10-26T07:18:49.818+0000] {logging_mixin.py:190} INFO - [2024-10-26T07:18:49.818+0000] {dag.py:3239} INFO - Sync 1 DAGs
[2024-10-26T07:18:49.827+0000] {logging_mixin.py:190} INFO - [2024-10-26T07:18:49.827+0000] {dag.py:4180} INFO - Setting next_dagrun for example_time_delta_sensor_async to None, run_after=None
[2024-10-26T07:18:49.838+0000] {processor.py:208} INFO - Processing /home/airflow/.local/lib/python3.12/site-packages/airflow/example_dags/example_time_delta_sensor_async.py took 0.049 seconds
[2024-10-26T07:19:20.171+0000] {processor.py:186} INFO - Started process (PID=83514) to work on /home/airflow/.local/lib/python3.12/site-packages/airflow/example_dags/example_time_delta_sensor_async.py
[2024-10-26T07:19:20.174+0000] {processor.py:914} INFO - Processing file /home/airflow/.local/lib/python3.12/site-packages/airflow/example_dags/example_time_delta_sensor_async.py for tasks to queue
[2024-10-26T07:19:20.179+0000] {logging_mixin.py:190} INFO - [2024-10-26T07:19:20.179+0000] {dagbag.py:588} INFO - Filling up the DagBag from /home/airflow/.local/lib/python3.12/site-packages/airflow/example_dags/example_time_delta_sensor_async.py
[2024-10-26T07:19:20.182+0000] {processor.py:925} INFO - DAG(s) 'example_time_delta_sensor_async' retrieved from /home/airflow/.local/lib/python3.12/site-packages/airflow/example_dags/example_time_delta_sensor_async.py
[2024-10-26T07:19:20.194+0000] {logging_mixin.py:190} INFO - [2024-10-26T07:19:20.194+0000] {dag.py:3239} INFO - Sync 1 DAGs
[2024-10-26T07:19:20.205+0000] {logging_mixin.py:190} INFO - [2024-10-26T07:19:20.205+0000] {dag.py:4180} INFO - Setting next_dagrun for example_time_delta_sensor_async to None, run_after=None
[2024-10-26T07:19:20.219+0000] {processor.py:208} INFO - Processing /home/airflow/.local/lib/python3.12/site-packages/airflow/example_dags/example_time_delta_sensor_async.py took 0.051 seconds
[2024-10-26T07:19:51.182+0000] {processor.py:186} INFO - Started process (PID=83805) to work on /home/airflow/.local/lib/python3.12/site-packages/airflow/example_dags/example_time_delta_sensor_async.py
[2024-10-26T07:19:51.183+0000] {processor.py:914} INFO - Processing file /home/airflow/.local/lib/python3.12/site-packages/airflow/example_dags/example_time_delta_sensor_async.py for tasks to queue
[2024-10-26T07:19:51.185+0000] {logging_mixin.py:190} INFO - [2024-10-26T07:19:51.185+0000] {dagbag.py:588} INFO - Filling up the DagBag from /home/airflow/.local/lib/python3.12/site-packages/airflow/example_dags/example_time_delta_sensor_async.py
[2024-10-26T07:19:51.190+0000] {processor.py:925} INFO - DAG(s) 'example_time_delta_sensor_async' retrieved from /home/airflow/.local/lib/python3.12/site-packages/airflow/example_dags/example_time_delta_sensor_async.py
[2024-10-26T07:19:51.204+0000] {logging_mixin.py:190} INFO - [2024-10-26T07:19:51.204+0000] {dag.py:3239} INFO - Sync 1 DAGs
[2024-10-26T07:19:51.214+0000] {logging_mixin.py:190} INFO - [2024-10-26T07:19:51.213+0000] {dag.py:4180} INFO - Setting next_dagrun for example_time_delta_sensor_async to None, run_after=None
[2024-10-26T07:19:51.223+0000] {processor.py:208} INFO - Processing /home/airflow/.local/lib/python3.12/site-packages/airflow/example_dags/example_time_delta_sensor_async.py took 0.045 seconds
[2024-10-26T07:20:22.017+0000] {processor.py:186} INFO - Started process (PID=84096) to work on /home/airflow/.local/lib/python3.12/site-packages/airflow/example_dags/example_time_delta_sensor_async.py
[2024-10-26T07:20:22.019+0000] {processor.py:914} INFO - Processing file /home/airflow/.local/lib/python3.12/site-packages/airflow/example_dags/example_time_delta_sensor_async.py for tasks to queue
[2024-10-26T07:20:22.020+0000] {logging_mixin.py:190} INFO - [2024-10-26T07:20:22.020+0000] {dagbag.py:588} INFO - Filling up the DagBag from /home/airflow/.local/lib/python3.12/site-packages/airflow/example_dags/example_time_delta_sensor_async.py
[2024-10-26T07:20:22.026+0000] {processor.py:925} INFO - DAG(s) 'example_time_delta_sensor_async' retrieved from /home/airflow/.local/lib/python3.12/site-packages/airflow/example_dags/example_time_delta_sensor_async.py
[2024-10-26T07:20:22.063+0000] {logging_mixin.py:190} INFO - [2024-10-26T07:20:22.063+0000] {dag.py:3239} INFO - Sync 1 DAGs
[2024-10-26T07:20:22.080+0000] {logging_mixin.py:190} INFO - [2024-10-26T07:20:22.079+0000] {dag.py:4180} INFO - Setting next_dagrun for example_time_delta_sensor_async to None, run_after=None
[2024-10-26T07:20:22.116+0000] {processor.py:208} INFO - Processing /home/airflow/.local/lib/python3.12/site-packages/airflow/example_dags/example_time_delta_sensor_async.py took 0.103 seconds
[2024-10-26T07:20:52.510+0000] {processor.py:186} INFO - Started process (PID=84387) to work on /home/airflow/.local/lib/python3.12/site-packages/airflow/example_dags/example_time_delta_sensor_async.py
[2024-10-26T07:20:52.513+0000] {processor.py:914} INFO - Processing file /home/airflow/.local/lib/python3.12/site-packages/airflow/example_dags/example_time_delta_sensor_async.py for tasks to queue
[2024-10-26T07:20:52.514+0000] {logging_mixin.py:190} INFO - [2024-10-26T07:20:52.514+0000] {dagbag.py:588} INFO - Filling up the DagBag from /home/airflow/.local/lib/python3.12/site-packages/airflow/example_dags/example_time_delta_sensor_async.py
[2024-10-26T07:20:52.517+0000] {processor.py:925} INFO - DAG(s) 'example_time_delta_sensor_async' retrieved from /home/airflow/.local/lib/python3.12/site-packages/airflow/example_dags/example_time_delta_sensor_async.py
[2024-10-26T07:20:52.530+0000] {logging_mixin.py:190} INFO - [2024-10-26T07:20:52.530+0000] {dag.py:3239} INFO - Sync 1 DAGs
[2024-10-26T07:20:52.537+0000] {logging_mixin.py:190} INFO - [2024-10-26T07:20:52.537+0000] {dag.py:4180} INFO - Setting next_dagrun for example_time_delta_sensor_async to None, run_after=None
[2024-10-26T07:20:52.547+0000] {processor.py:208} INFO - Processing /home/airflow/.local/lib/python3.12/site-packages/airflow/example_dags/example_time_delta_sensor_async.py took 0.041 seconds
[2024-10-26T07:21:23.217+0000] {processor.py:186} INFO - Started process (PID=84678) to work on /home/airflow/.local/lib/python3.12/site-packages/airflow/example_dags/example_time_delta_sensor_async.py
[2024-10-26T07:21:23.217+0000] {processor.py:914} INFO - Processing file /home/airflow/.local/lib/python3.12/site-packages/airflow/example_dags/example_time_delta_sensor_async.py for tasks to queue
[2024-10-26T07:21:23.218+0000] {logging_mixin.py:190} INFO - [2024-10-26T07:21:23.218+0000] {dagbag.py:588} INFO - Filling up the DagBag from /home/airflow/.local/lib/python3.12/site-packages/airflow/example_dags/example_time_delta_sensor_async.py
[2024-10-26T07:21:23.222+0000] {processor.py:925} INFO - DAG(s) 'example_time_delta_sensor_async' retrieved from /home/airflow/.local/lib/python3.12/site-packages/airflow/example_dags/example_time_delta_sensor_async.py
[2024-10-26T07:21:23.236+0000] {logging_mixin.py:190} INFO - [2024-10-26T07:21:23.235+0000] {dag.py:3239} INFO - Sync 1 DAGs
[2024-10-26T07:21:23.244+0000] {logging_mixin.py:190} INFO - [2024-10-26T07:21:23.244+0000] {dag.py:4180} INFO - Setting next_dagrun for example_time_delta_sensor_async to None, run_after=None
[2024-10-26T07:21:23.253+0000] {processor.py:208} INFO - Processing /home/airflow/.local/lib/python3.12/site-packages/airflow/example_dags/example_time_delta_sensor_async.py took 0.039 seconds
[2024-10-26T07:21:55.006+0000] {processor.py:186} INFO - Started process (PID=84969) to work on /home/airflow/.local/lib/python3.12/site-packages/airflow/example_dags/example_time_delta_sensor_async.py
[2024-10-26T07:21:55.008+0000] {processor.py:914} INFO - Processing file /home/airflow/.local/lib/python3.12/site-packages/airflow/example_dags/example_time_delta_sensor_async.py for tasks to queue
[2024-10-26T07:21:55.009+0000] {logging_mixin.py:190} INFO - [2024-10-26T07:21:55.008+0000] {dagbag.py:588} INFO - Filling up the DagBag from /home/airflow/.local/lib/python3.12/site-packages/airflow/example_dags/example_time_delta_sensor_async.py
[2024-10-26T07:21:55.014+0000] {processor.py:925} INFO - DAG(s) 'example_time_delta_sensor_async' retrieved from /home/airflow/.local/lib/python3.12/site-packages/airflow/example_dags/example_time_delta_sensor_async.py
[2024-10-26T07:21:55.029+0000] {logging_mixin.py:190} INFO - [2024-10-26T07:21:55.029+0000] {dag.py:3239} INFO - Sync 1 DAGs
[2024-10-26T07:21:55.037+0000] {logging_mixin.py:190} INFO - [2024-10-26T07:21:55.037+0000] {dag.py:4180} INFO - Setting next_dagrun for example_time_delta_sensor_async to None, run_after=None
[2024-10-26T07:21:55.050+0000] {processor.py:208} INFO - Processing /home/airflow/.local/lib/python3.12/site-packages/airflow/example_dags/example_time_delta_sensor_async.py took 0.047 seconds
[2024-10-26T07:22:26.067+0000] {processor.py:186} INFO - Started process (PID=85262) to work on /home/airflow/.local/lib/python3.12/site-packages/airflow/example_dags/example_time_delta_sensor_async.py
[2024-10-26T07:22:26.067+0000] {processor.py:914} INFO - Processing file /home/airflow/.local/lib/python3.12/site-packages/airflow/example_dags/example_time_delta_sensor_async.py for tasks to queue
[2024-10-26T07:22:26.068+0000] {logging_mixin.py:190} INFO - [2024-10-26T07:22:26.068+0000] {dagbag.py:588} INFO - Filling up the DagBag from /home/airflow/.local/lib/python3.12/site-packages/airflow/example_dags/example_time_delta_sensor_async.py
[2024-10-26T07:22:26.072+0000] {processor.py:925} INFO - DAG(s) 'example_time_delta_sensor_async' retrieved from /home/airflow/.local/lib/python3.12/site-packages/airflow/example_dags/example_time_delta_sensor_async.py
[2024-10-26T07:22:26.082+0000] {logging_mixin.py:190} INFO - [2024-10-26T07:22:26.082+0000] {dag.py:3239} INFO - Sync 1 DAGs
[2024-10-26T07:22:26.089+0000] {logging_mixin.py:190} INFO - [2024-10-26T07:22:26.089+0000] {dag.py:4180} INFO - Setting next_dagrun for example_time_delta_sensor_async to None, run_after=None
[2024-10-26T07:22:26.108+0000] {processor.py:208} INFO - Processing /home/airflow/.local/lib/python3.12/site-packages/airflow/example_dags/example_time_delta_sensor_async.py took 0.044 seconds
[2024-10-26T07:22:56.860+0000] {processor.py:186} INFO - Started process (PID=85553) to work on /home/airflow/.local/lib/python3.12/site-packages/airflow/example_dags/example_time_delta_sensor_async.py
[2024-10-26T07:22:56.861+0000] {processor.py:914} INFO - Processing file /home/airflow/.local/lib/python3.12/site-packages/airflow/example_dags/example_time_delta_sensor_async.py for tasks to queue
[2024-10-26T07:22:56.866+0000] {logging_mixin.py:190} INFO - [2024-10-26T07:22:56.865+0000] {dagbag.py:588} INFO - Filling up the DagBag from /home/airflow/.local/lib/python3.12/site-packages/airflow/example_dags/example_time_delta_sensor_async.py
[2024-10-26T07:22:56.870+0000] {processor.py:925} INFO - DAG(s) 'example_time_delta_sensor_async' retrieved from /home/airflow/.local/lib/python3.12/site-packages/airflow/example_dags/example_time_delta_sensor_async.py
[2024-10-26T07:22:56.882+0000] {logging_mixin.py:190} INFO - [2024-10-26T07:22:56.882+0000] {dag.py:3239} INFO - Sync 1 DAGs
[2024-10-26T07:22:56.891+0000] {logging_mixin.py:190} INFO - [2024-10-26T07:22:56.890+0000] {dag.py:4180} INFO - Setting next_dagrun for example_time_delta_sensor_async to None, run_after=None
[2024-10-26T07:22:56.903+0000] {processor.py:208} INFO - Processing /home/airflow/.local/lib/python3.12/site-packages/airflow/example_dags/example_time_delta_sensor_async.py took 0.046 seconds
[2024-10-26T07:23:27.643+0000] {processor.py:186} INFO - Started process (PID=85844) to work on /home/airflow/.local/lib/python3.12/site-packages/airflow/example_dags/example_time_delta_sensor_async.py
[2024-10-26T07:23:27.643+0000] {processor.py:914} INFO - Processing file /home/airflow/.local/lib/python3.12/site-packages/airflow/example_dags/example_time_delta_sensor_async.py for tasks to queue
[2024-10-26T07:23:27.644+0000] {logging_mixin.py:190} INFO - [2024-10-26T07:23:27.644+0000] {dagbag.py:588} INFO - Filling up the DagBag from /home/airflow/.local/lib/python3.12/site-packages/airflow/example_dags/example_time_delta_sensor_async.py
[2024-10-26T07:23:27.648+0000] {processor.py:925} INFO - DAG(s) 'example_time_delta_sensor_async' retrieved from /home/airflow/.local/lib/python3.12/site-packages/airflow/example_dags/example_time_delta_sensor_async.py
[2024-10-26T07:23:27.661+0000] {logging_mixin.py:190} INFO - [2024-10-26T07:23:27.661+0000] {dag.py:3239} INFO - Sync 1 DAGs
[2024-10-26T07:23:27.671+0000] {logging_mixin.py:190} INFO - [2024-10-26T07:23:27.671+0000] {dag.py:4180} INFO - Setting next_dagrun for example_time_delta_sensor_async to None, run_after=None
[2024-10-26T07:23:27.680+0000] {processor.py:208} INFO - Processing /home/airflow/.local/lib/python3.12/site-packages/airflow/example_dags/example_time_delta_sensor_async.py took 0.040 seconds
[2024-10-26T07:23:58.428+0000] {processor.py:186} INFO - Started process (PID=86133) to work on /home/airflow/.local/lib/python3.12/site-packages/airflow/example_dags/example_time_delta_sensor_async.py
[2024-10-26T07:23:58.429+0000] {processor.py:914} INFO - Processing file /home/airflow/.local/lib/python3.12/site-packages/airflow/example_dags/example_time_delta_sensor_async.py for tasks to queue
[2024-10-26T07:23:58.431+0000] {logging_mixin.py:190} INFO - [2024-10-26T07:23:58.430+0000] {dagbag.py:588} INFO - Filling up the DagBag from /home/airflow/.local/lib/python3.12/site-packages/airflow/example_dags/example_time_delta_sensor_async.py
[2024-10-26T07:23:58.434+0000] {processor.py:925} INFO - DAG(s) 'example_time_delta_sensor_async' retrieved from /home/airflow/.local/lib/python3.12/site-packages/airflow/example_dags/example_time_delta_sensor_async.py
[2024-10-26T07:23:58.446+0000] {logging_mixin.py:190} INFO - [2024-10-26T07:23:58.446+0000] {dag.py:3239} INFO - Sync 1 DAGs
[2024-10-26T07:23:58.454+0000] {logging_mixin.py:190} INFO - [2024-10-26T07:23:58.454+0000] {dag.py:4180} INFO - Setting next_dagrun for example_time_delta_sensor_async to None, run_after=None
[2024-10-26T07:23:58.465+0000] {processor.py:208} INFO - Processing /home/airflow/.local/lib/python3.12/site-packages/airflow/example_dags/example_time_delta_sensor_async.py took 0.040 seconds
[2024-10-26T07:24:29.392+0000] {processor.py:186} INFO - Started process (PID=86426) to work on /home/airflow/.local/lib/python3.12/site-packages/airflow/example_dags/example_time_delta_sensor_async.py
[2024-10-26T07:24:29.393+0000] {processor.py:914} INFO - Processing file /home/airflow/.local/lib/python3.12/site-packages/airflow/example_dags/example_time_delta_sensor_async.py for tasks to queue
[2024-10-26T07:24:29.393+0000] {logging_mixin.py:190} INFO - [2024-10-26T07:24:29.393+0000] {dagbag.py:588} INFO - Filling up the DagBag from /home/airflow/.local/lib/python3.12/site-packages/airflow/example_dags/example_time_delta_sensor_async.py
[2024-10-26T07:24:29.399+0000] {processor.py:925} INFO - DAG(s) 'example_time_delta_sensor_async' retrieved from /home/airflow/.local/lib/python3.12/site-packages/airflow/example_dags/example_time_delta_sensor_async.py
[2024-10-26T07:24:29.414+0000] {logging_mixin.py:190} INFO - [2024-10-26T07:24:29.414+0000] {dag.py:3239} INFO - Sync 1 DAGs
[2024-10-26T07:24:29.424+0000] {logging_mixin.py:190} INFO - [2024-10-26T07:24:29.424+0000] {dag.py:4180} INFO - Setting next_dagrun for example_time_delta_sensor_async to None, run_after=None
[2024-10-26T07:24:29.436+0000] {processor.py:208} INFO - Processing /home/airflow/.local/lib/python3.12/site-packages/airflow/example_dags/example_time_delta_sensor_async.py took 0.048 seconds
[2024-10-26T07:25:00.305+0000] {processor.py:186} INFO - Started process (PID=86715) to work on /home/airflow/.local/lib/python3.12/site-packages/airflow/example_dags/example_time_delta_sensor_async.py
[2024-10-26T07:25:00.307+0000] {processor.py:914} INFO - Processing file /home/airflow/.local/lib/python3.12/site-packages/airflow/example_dags/example_time_delta_sensor_async.py for tasks to queue
[2024-10-26T07:25:00.307+0000] {logging_mixin.py:190} INFO - [2024-10-26T07:25:00.307+0000] {dagbag.py:588} INFO - Filling up the DagBag from /home/airflow/.local/lib/python3.12/site-packages/airflow/example_dags/example_time_delta_sensor_async.py
[2024-10-26T07:25:00.316+0000] {processor.py:925} INFO - DAG(s) 'example_time_delta_sensor_async' retrieved from /home/airflow/.local/lib/python3.12/site-packages/airflow/example_dags/example_time_delta_sensor_async.py
[2024-10-26T07:25:00.329+0000] {logging_mixin.py:190} INFO - [2024-10-26T07:25:00.329+0000] {dag.py:3239} INFO - Sync 1 DAGs
[2024-10-26T07:25:00.336+0000] {logging_mixin.py:190} INFO - [2024-10-26T07:25:00.336+0000] {dag.py:4180} INFO - Setting next_dagrun for example_time_delta_sensor_async to None, run_after=None
[2024-10-26T07:25:00.345+0000] {processor.py:208} INFO - Processing /home/airflow/.local/lib/python3.12/site-packages/airflow/example_dags/example_time_delta_sensor_async.py took 0.042 seconds
[2024-10-26T07:25:31.772+0000] {processor.py:186} INFO - Started process (PID=87006) to work on /home/airflow/.local/lib/python3.12/site-packages/airflow/example_dags/example_time_delta_sensor_async.py
[2024-10-26T07:25:31.773+0000] {processor.py:914} INFO - Processing file /home/airflow/.local/lib/python3.12/site-packages/airflow/example_dags/example_time_delta_sensor_async.py for tasks to queue
[2024-10-26T07:25:31.774+0000] {logging_mixin.py:190} INFO - [2024-10-26T07:25:31.774+0000] {dagbag.py:588} INFO - Filling up the DagBag from /home/airflow/.local/lib/python3.12/site-packages/airflow/example_dags/example_time_delta_sensor_async.py
[2024-10-26T07:25:31.780+0000] {processor.py:925} INFO - DAG(s) 'example_time_delta_sensor_async' retrieved from /home/airflow/.local/lib/python3.12/site-packages/airflow/example_dags/example_time_delta_sensor_async.py
[2024-10-26T07:25:31.799+0000] {logging_mixin.py:190} INFO - [2024-10-26T07:25:31.799+0000] {dag.py:3239} INFO - Sync 1 DAGs
[2024-10-26T07:25:31.818+0000] {logging_mixin.py:190} INFO - [2024-10-26T07:25:31.817+0000] {dag.py:4180} INFO - Setting next_dagrun for example_time_delta_sensor_async to None, run_after=None
[2024-10-26T07:25:31.830+0000] {processor.py:208} INFO - Processing /home/airflow/.local/lib/python3.12/site-packages/airflow/example_dags/example_time_delta_sensor_async.py took 0.066 seconds
[2024-10-26T07:26:02.347+0000] {processor.py:186} INFO - Started process (PID=87297) to work on /home/airflow/.local/lib/python3.12/site-packages/airflow/example_dags/example_time_delta_sensor_async.py
[2024-10-26T07:26:02.348+0000] {processor.py:914} INFO - Processing file /home/airflow/.local/lib/python3.12/site-packages/airflow/example_dags/example_time_delta_sensor_async.py for tasks to queue
[2024-10-26T07:26:02.349+0000] {logging_mixin.py:190} INFO - [2024-10-26T07:26:02.349+0000] {dagbag.py:588} INFO - Filling up the DagBag from /home/airflow/.local/lib/python3.12/site-packages/airflow/example_dags/example_time_delta_sensor_async.py
[2024-10-26T07:26:02.358+0000] {processor.py:925} INFO - DAG(s) 'example_time_delta_sensor_async' retrieved from /home/airflow/.local/lib/python3.12/site-packages/airflow/example_dags/example_time_delta_sensor_async.py
[2024-10-26T07:26:02.375+0000] {logging_mixin.py:190} INFO - [2024-10-26T07:26:02.375+0000] {dag.py:3239} INFO - Sync 1 DAGs
[2024-10-26T07:26:02.392+0000] {logging_mixin.py:190} INFO - [2024-10-26T07:26:02.392+0000] {dag.py:4180} INFO - Setting next_dagrun for example_time_delta_sensor_async to None, run_after=None
[2024-10-26T07:26:02.413+0000] {processor.py:208} INFO - Processing /home/airflow/.local/lib/python3.12/site-packages/airflow/example_dags/example_time_delta_sensor_async.py took 0.071 seconds
[2024-10-26T07:26:33.267+0000] {processor.py:186} INFO - Started process (PID=87588) to work on /home/airflow/.local/lib/python3.12/site-packages/airflow/example_dags/example_time_delta_sensor_async.py
[2024-10-26T07:26:33.267+0000] {processor.py:914} INFO - Processing file /home/airflow/.local/lib/python3.12/site-packages/airflow/example_dags/example_time_delta_sensor_async.py for tasks to queue
[2024-10-26T07:26:33.268+0000] {logging_mixin.py:190} INFO - [2024-10-26T07:26:33.268+0000] {dagbag.py:588} INFO - Filling up the DagBag from /home/airflow/.local/lib/python3.12/site-packages/airflow/example_dags/example_time_delta_sensor_async.py
[2024-10-26T07:26:33.271+0000] {processor.py:925} INFO - DAG(s) 'example_time_delta_sensor_async' retrieved from /home/airflow/.local/lib/python3.12/site-packages/airflow/example_dags/example_time_delta_sensor_async.py
[2024-10-26T07:26:33.284+0000] {logging_mixin.py:190} INFO - [2024-10-26T07:26:33.283+0000] {dag.py:3239} INFO - Sync 1 DAGs
[2024-10-26T07:26:33.291+0000] {logging_mixin.py:190} INFO - [2024-10-26T07:26:33.291+0000] {dag.py:4180} INFO - Setting next_dagrun for example_time_delta_sensor_async to None, run_after=None
[2024-10-26T07:26:33.300+0000] {processor.py:208} INFO - Processing /home/airflow/.local/lib/python3.12/site-packages/airflow/example_dags/example_time_delta_sensor_async.py took 0.036 seconds
[2024-10-26T07:27:03.507+0000] {processor.py:186} INFO - Started process (PID=87879) to work on /home/airflow/.local/lib/python3.12/site-packages/airflow/example_dags/example_time_delta_sensor_async.py
[2024-10-26T07:27:03.508+0000] {processor.py:914} INFO - Processing file /home/airflow/.local/lib/python3.12/site-packages/airflow/example_dags/example_time_delta_sensor_async.py for tasks to queue
[2024-10-26T07:27:03.510+0000] {logging_mixin.py:190} INFO - [2024-10-26T07:27:03.509+0000] {dagbag.py:588} INFO - Filling up the DagBag from /home/airflow/.local/lib/python3.12/site-packages/airflow/example_dags/example_time_delta_sensor_async.py
[2024-10-26T07:27:03.513+0000] {processor.py:925} INFO - DAG(s) 'example_time_delta_sensor_async' retrieved from /home/airflow/.local/lib/python3.12/site-packages/airflow/example_dags/example_time_delta_sensor_async.py
[2024-10-26T07:27:03.523+0000] {logging_mixin.py:190} INFO - [2024-10-26T07:27:03.523+0000] {dag.py:3239} INFO - Sync 1 DAGs
[2024-10-26T07:27:03.536+0000] {logging_mixin.py:190} INFO - [2024-10-26T07:27:03.536+0000] {dag.py:4180} INFO - Setting next_dagrun for example_time_delta_sensor_async to None, run_after=None
[2024-10-26T07:27:03.548+0000] {processor.py:208} INFO - Processing /home/airflow/.local/lib/python3.12/site-packages/airflow/example_dags/example_time_delta_sensor_async.py took 0.044 seconds
[2024-10-26T07:27:34.259+0000] {processor.py:186} INFO - Started process (PID=88170) to work on /home/airflow/.local/lib/python3.12/site-packages/airflow/example_dags/example_time_delta_sensor_async.py
[2024-10-26T07:27:34.259+0000] {processor.py:914} INFO - Processing file /home/airflow/.local/lib/python3.12/site-packages/airflow/example_dags/example_time_delta_sensor_async.py for tasks to queue
[2024-10-26T07:27:34.260+0000] {logging_mixin.py:190} INFO - [2024-10-26T07:27:34.260+0000] {dagbag.py:588} INFO - Filling up the DagBag from /home/airflow/.local/lib/python3.12/site-packages/airflow/example_dags/example_time_delta_sensor_async.py
[2024-10-26T07:27:34.263+0000] {processor.py:925} INFO - DAG(s) 'example_time_delta_sensor_async' retrieved from /home/airflow/.local/lib/python3.12/site-packages/airflow/example_dags/example_time_delta_sensor_async.py
[2024-10-26T07:27:34.274+0000] {logging_mixin.py:190} INFO - [2024-10-26T07:27:34.273+0000] {dag.py:3239} INFO - Sync 1 DAGs
[2024-10-26T07:27:34.282+0000] {logging_mixin.py:190} INFO - [2024-10-26T07:27:34.282+0000] {dag.py:4180} INFO - Setting next_dagrun for example_time_delta_sensor_async to None, run_after=None
[2024-10-26T07:27:34.292+0000] {processor.py:208} INFO - Processing /home/airflow/.local/lib/python3.12/site-packages/airflow/example_dags/example_time_delta_sensor_async.py took 0.036 seconds
