[2024-10-26T00:46:24.811+0000] {processor.py:186} INFO - Started process (PID=70778) to work on /home/airflow/.local/lib/python3.12/site-packages/airflow/example_dags/example_xcom.py
[2024-10-26T00:46:24.815+0000] {processor.py:914} INFO - Processing file /home/airflow/.local/lib/python3.12/site-packages/airflow/example_dags/example_xcom.py for tasks to queue
[2024-10-26T00:46:24.817+0000] {logging_mixin.py:190} INFO - [2024-10-26T00:46:24.816+0000] {dagbag.py:588} INFO - Filling up the DagBag from /home/airflow/.local/lib/python3.12/site-packages/airflow/example_dags/example_xcom.py
[2024-10-26T00:46:24.845+0000] {processor.py:925} INFO - DAG(s) 'example_xcom' retrieved from /home/airflow/.local/lib/python3.12/site-packages/airflow/example_dags/example_xcom.py
[2024-10-26T00:46:24.873+0000] {logging_mixin.py:190} INFO - [2024-10-26T00:46:24.872+0000] {dag.py:3239} INFO - Sync 1 DAGs
[2024-10-26T00:46:24.901+0000] {logging_mixin.py:190} INFO - [2024-10-26T00:46:24.900+0000] {dag.py:4180} INFO - Setting next_dagrun for example_xcom to 2021-01-01 00:00:00+00:00, run_after=2021-01-01 00:00:00+00:00
[2024-10-26T00:46:24.915+0000] {processor.py:208} INFO - Processing /home/airflow/.local/lib/python3.12/site-packages/airflow/example_dags/example_xcom.py took 0.115 seconds
[2024-10-26T01:37:08.350+0000] {processor.py:186} INFO - Started process (PID=71071) to work on /home/airflow/.local/lib/python3.12/site-packages/airflow/example_dags/example_xcom.py
[2024-10-26T01:37:08.351+0000] {processor.py:914} INFO - Processing file /home/airflow/.local/lib/python3.12/site-packages/airflow/example_dags/example_xcom.py for tasks to queue
[2024-10-26T01:37:08.353+0000] {logging_mixin.py:190} INFO - [2024-10-26T01:37:08.353+0000] {dagbag.py:588} INFO - Filling up the DagBag from /home/airflow/.local/lib/python3.12/site-packages/airflow/example_dags/example_xcom.py
[2024-10-26T01:37:08.372+0000] {processor.py:925} INFO - DAG(s) 'example_xcom' retrieved from /home/airflow/.local/lib/python3.12/site-packages/airflow/example_dags/example_xcom.py
[2024-10-26T01:37:08.395+0000] {logging_mixin.py:190} INFO - [2024-10-26T01:37:08.395+0000] {dag.py:3239} INFO - Sync 1 DAGs
[2024-10-26T01:37:08.418+0000] {logging_mixin.py:190} INFO - [2024-10-26T01:37:08.417+0000] {dag.py:4180} INFO - Setting next_dagrun for example_xcom to 2021-01-01 00:00:00+00:00, run_after=2021-01-01 00:00:00+00:00
[2024-10-26T01:37:08.439+0000] {processor.py:208} INFO - Processing /home/airflow/.local/lib/python3.12/site-packages/airflow/example_dags/example_xcom.py took 0.098 seconds
[2024-10-26T02:57:37.273+0000] {processor.py:186} INFO - Started process (PID=71362) to work on /home/airflow/.local/lib/python3.12/site-packages/airflow/example_dags/example_xcom.py
[2024-10-26T02:57:37.276+0000] {processor.py:914} INFO - Processing file /home/airflow/.local/lib/python3.12/site-packages/airflow/example_dags/example_xcom.py for tasks to queue
[2024-10-26T02:57:37.278+0000] {logging_mixin.py:190} INFO - [2024-10-26T02:57:37.277+0000] {dagbag.py:588} INFO - Filling up the DagBag from /home/airflow/.local/lib/python3.12/site-packages/airflow/example_dags/example_xcom.py
[2024-10-26T02:57:37.304+0000] {processor.py:925} INFO - DAG(s) 'example_xcom' retrieved from /home/airflow/.local/lib/python3.12/site-packages/airflow/example_dags/example_xcom.py
[2024-10-26T02:57:37.323+0000] {logging_mixin.py:190} INFO - [2024-10-26T02:57:37.323+0000] {dag.py:3239} INFO - Sync 1 DAGs
[2024-10-26T02:57:37.348+0000] {logging_mixin.py:190} INFO - [2024-10-26T02:57:37.348+0000] {dag.py:4180} INFO - Setting next_dagrun for example_xcom to 2021-01-01 00:00:00+00:00, run_after=2021-01-01 00:00:00+00:00
[2024-10-26T02:57:37.363+0000] {processor.py:208} INFO - Processing /home/airflow/.local/lib/python3.12/site-packages/airflow/example_dags/example_xcom.py took 0.098 seconds
[2024-10-26T04:18:34.811+0000] {processor.py:186} INFO - Started process (PID=71653) to work on /home/airflow/.local/lib/python3.12/site-packages/airflow/example_dags/example_xcom.py
[2024-10-26T04:18:34.813+0000] {processor.py:914} INFO - Processing file /home/airflow/.local/lib/python3.12/site-packages/airflow/example_dags/example_xcom.py for tasks to queue
[2024-10-26T04:18:34.820+0000] {logging_mixin.py:190} INFO - [2024-10-26T04:18:34.819+0000] {dagbag.py:588} INFO - Filling up the DagBag from /home/airflow/.local/lib/python3.12/site-packages/airflow/example_dags/example_xcom.py
[2024-10-26T04:18:34.839+0000] {processor.py:925} INFO - DAG(s) 'example_xcom' retrieved from /home/airflow/.local/lib/python3.12/site-packages/airflow/example_dags/example_xcom.py
[2024-10-26T04:18:34.868+0000] {logging_mixin.py:190} INFO - [2024-10-26T04:18:34.868+0000] {dag.py:3239} INFO - Sync 1 DAGs
[2024-10-26T04:18:34.901+0000] {logging_mixin.py:190} INFO - [2024-10-26T04:18:34.901+0000] {dag.py:4180} INFO - Setting next_dagrun for example_xcom to 2021-01-01 00:00:00+00:00, run_after=2021-01-01 00:00:00+00:00
[2024-10-26T04:18:34.924+0000] {processor.py:208} INFO - Processing /home/airflow/.local/lib/python3.12/site-packages/airflow/example_dags/example_xcom.py took 0.126 seconds
[2024-10-26T05:41:04.639+0000] {processor.py:186} INFO - Started process (PID=71944) to work on /home/airflow/.local/lib/python3.12/site-packages/airflow/example_dags/example_xcom.py
[2024-10-26T05:41:04.641+0000] {processor.py:914} INFO - Processing file /home/airflow/.local/lib/python3.12/site-packages/airflow/example_dags/example_xcom.py for tasks to queue
[2024-10-26T05:41:04.643+0000] {logging_mixin.py:190} INFO - [2024-10-26T05:41:04.643+0000] {dagbag.py:588} INFO - Filling up the DagBag from /home/airflow/.local/lib/python3.12/site-packages/airflow/example_dags/example_xcom.py
[2024-10-26T05:41:04.669+0000] {processor.py:925} INFO - DAG(s) 'example_xcom' retrieved from /home/airflow/.local/lib/python3.12/site-packages/airflow/example_dags/example_xcom.py
[2024-10-26T05:41:04.699+0000] {logging_mixin.py:190} INFO - [2024-10-26T05:41:04.699+0000] {dag.py:3239} INFO - Sync 1 DAGs
[2024-10-26T05:41:04.724+0000] {logging_mixin.py:190} INFO - [2024-10-26T05:41:04.723+0000] {dag.py:4180} INFO - Setting next_dagrun for example_xcom to 2021-01-01 00:00:00+00:00, run_after=2021-01-01 00:00:00+00:00
[2024-10-26T05:41:04.747+0000] {processor.py:208} INFO - Processing /home/airflow/.local/lib/python3.12/site-packages/airflow/example_dags/example_xcom.py took 0.121 seconds
[2024-10-26T06:59:44.944+0000] {processor.py:186} INFO - Started process (PID=72235) to work on /home/airflow/.local/lib/python3.12/site-packages/airflow/example_dags/example_xcom.py
[2024-10-26T06:59:44.946+0000] {processor.py:914} INFO - Processing file /home/airflow/.local/lib/python3.12/site-packages/airflow/example_dags/example_xcom.py for tasks to queue
[2024-10-26T06:59:44.947+0000] {logging_mixin.py:190} INFO - [2024-10-26T06:59:44.947+0000] {dagbag.py:588} INFO - Filling up the DagBag from /home/airflow/.local/lib/python3.12/site-packages/airflow/example_dags/example_xcom.py
[2024-10-26T06:59:44.969+0000] {processor.py:925} INFO - DAG(s) 'example_xcom' retrieved from /home/airflow/.local/lib/python3.12/site-packages/airflow/example_dags/example_xcom.py
[2024-10-26T06:59:44.993+0000] {logging_mixin.py:190} INFO - [2024-10-26T06:59:44.993+0000] {dag.py:3239} INFO - Sync 1 DAGs
[2024-10-26T06:59:45.016+0000] {logging_mixin.py:190} INFO - [2024-10-26T06:59:45.016+0000] {dag.py:4180} INFO - Setting next_dagrun for example_xcom to 2021-01-01 00:00:00+00:00, run_after=2021-01-01 00:00:00+00:00
[2024-10-26T06:59:45.033+0000] {processor.py:208} INFO - Processing /home/airflow/.local/lib/python3.12/site-packages/airflow/example_dags/example_xcom.py took 0.101 seconds
[2024-10-26T07:00:15.626+0000] {processor.py:186} INFO - Started process (PID=72526) to work on /home/airflow/.local/lib/python3.12/site-packages/airflow/example_dags/example_xcom.py
[2024-10-26T07:00:15.629+0000] {processor.py:914} INFO - Processing file /home/airflow/.local/lib/python3.12/site-packages/airflow/example_dags/example_xcom.py for tasks to queue
[2024-10-26T07:00:15.631+0000] {logging_mixin.py:190} INFO - [2024-10-26T07:00:15.630+0000] {dagbag.py:588} INFO - Filling up the DagBag from /home/airflow/.local/lib/python3.12/site-packages/airflow/example_dags/example_xcom.py
[2024-10-26T07:00:15.663+0000] {processor.py:925} INFO - DAG(s) 'example_xcom' retrieved from /home/airflow/.local/lib/python3.12/site-packages/airflow/example_dags/example_xcom.py
[2024-10-26T07:00:15.694+0000] {logging_mixin.py:190} INFO - [2024-10-26T07:00:15.694+0000] {dag.py:3239} INFO - Sync 1 DAGs
[2024-10-26T07:00:15.721+0000] {logging_mixin.py:190} INFO - [2024-10-26T07:00:15.721+0000] {dag.py:4180} INFO - Setting next_dagrun for example_xcom to 2021-01-01 00:00:00+00:00, run_after=2021-01-01 00:00:00+00:00
[2024-10-26T07:00:15.740+0000] {processor.py:208} INFO - Processing /home/airflow/.local/lib/python3.12/site-packages/airflow/example_dags/example_xcom.py took 0.133 seconds
[2024-10-26T07:00:46.109+0000] {processor.py:186} INFO - Started process (PID=72817) to work on /home/airflow/.local/lib/python3.12/site-packages/airflow/example_dags/example_xcom.py
[2024-10-26T07:00:46.111+0000] {processor.py:914} INFO - Processing file /home/airflow/.local/lib/python3.12/site-packages/airflow/example_dags/example_xcom.py for tasks to queue
[2024-10-26T07:00:46.113+0000] {logging_mixin.py:190} INFO - [2024-10-26T07:00:46.112+0000] {dagbag.py:588} INFO - Filling up the DagBag from /home/airflow/.local/lib/python3.12/site-packages/airflow/example_dags/example_xcom.py
[2024-10-26T07:00:46.134+0000] {processor.py:925} INFO - DAG(s) 'example_xcom' retrieved from /home/airflow/.local/lib/python3.12/site-packages/airflow/example_dags/example_xcom.py
[2024-10-26T07:00:46.159+0000] {logging_mixin.py:190} INFO - [2024-10-26T07:00:46.159+0000] {dag.py:3239} INFO - Sync 1 DAGs
[2024-10-26T07:00:46.183+0000] {logging_mixin.py:190} INFO - [2024-10-26T07:00:46.182+0000] {dag.py:4180} INFO - Setting next_dagrun for example_xcom to 2021-01-01 00:00:00+00:00, run_after=2021-01-01 00:00:00+00:00
[2024-10-26T07:00:46.210+0000] {processor.py:208} INFO - Processing /home/airflow/.local/lib/python3.12/site-packages/airflow/example_dags/example_xcom.py took 0.115 seconds
[2024-10-26T07:01:16.833+0000] {processor.py:186} INFO - Started process (PID=73108) to work on /home/airflow/.local/lib/python3.12/site-packages/airflow/example_dags/example_xcom.py
[2024-10-26T07:01:16.836+0000] {processor.py:914} INFO - Processing file /home/airflow/.local/lib/python3.12/site-packages/airflow/example_dags/example_xcom.py for tasks to queue
[2024-10-26T07:01:16.839+0000] {logging_mixin.py:190} INFO - [2024-10-26T07:01:16.839+0000] {dagbag.py:588} INFO - Filling up the DagBag from /home/airflow/.local/lib/python3.12/site-packages/airflow/example_dags/example_xcom.py
[2024-10-26T07:01:16.887+0000] {processor.py:925} INFO - DAG(s) 'example_xcom' retrieved from /home/airflow/.local/lib/python3.12/site-packages/airflow/example_dags/example_xcom.py
[2024-10-26T07:01:16.961+0000] {logging_mixin.py:190} INFO - [2024-10-26T07:01:16.961+0000] {dag.py:3239} INFO - Sync 1 DAGs
[2024-10-26T07:01:17.018+0000] {logging_mixin.py:190} INFO - [2024-10-26T07:01:17.017+0000] {dag.py:4180} INFO - Setting next_dagrun for example_xcom to 2021-01-01 00:00:00+00:00, run_after=2021-01-01 00:00:00+00:00
[2024-10-26T07:01:17.048+0000] {processor.py:208} INFO - Processing /home/airflow/.local/lib/python3.12/site-packages/airflow/example_dags/example_xcom.py took 0.226 seconds
[2024-10-26T07:01:47.647+0000] {processor.py:186} INFO - Started process (PID=73399) to work on /home/airflow/.local/lib/python3.12/site-packages/airflow/example_dags/example_xcom.py
[2024-10-26T07:01:47.649+0000] {processor.py:914} INFO - Processing file /home/airflow/.local/lib/python3.12/site-packages/airflow/example_dags/example_xcom.py for tasks to queue
[2024-10-26T07:01:47.651+0000] {logging_mixin.py:190} INFO - [2024-10-26T07:01:47.651+0000] {dagbag.py:588} INFO - Filling up the DagBag from /home/airflow/.local/lib/python3.12/site-packages/airflow/example_dags/example_xcom.py
[2024-10-26T07:01:47.693+0000] {processor.py:925} INFO - DAG(s) 'example_xcom' retrieved from /home/airflow/.local/lib/python3.12/site-packages/airflow/example_dags/example_xcom.py
[2024-10-26T07:01:47.731+0000] {logging_mixin.py:190} INFO - [2024-10-26T07:01:47.730+0000] {dag.py:3239} INFO - Sync 1 DAGs
[2024-10-26T07:01:47.760+0000] {logging_mixin.py:190} INFO - [2024-10-26T07:01:47.759+0000] {dag.py:4180} INFO - Setting next_dagrun for example_xcom to 2021-01-01 00:00:00+00:00, run_after=2021-01-01 00:00:00+00:00
[2024-10-26T07:01:47.782+0000] {processor.py:208} INFO - Processing /home/airflow/.local/lib/python3.12/site-packages/airflow/example_dags/example_xcom.py took 0.155 seconds
[2024-10-26T07:02:18.323+0000] {processor.py:186} INFO - Started process (PID=73690) to work on /home/airflow/.local/lib/python3.12/site-packages/airflow/example_dags/example_xcom.py
[2024-10-26T07:02:18.328+0000] {processor.py:914} INFO - Processing file /home/airflow/.local/lib/python3.12/site-packages/airflow/example_dags/example_xcom.py for tasks to queue
[2024-10-26T07:02:18.332+0000] {logging_mixin.py:190} INFO - [2024-10-26T07:02:18.331+0000] {dagbag.py:588} INFO - Filling up the DagBag from /home/airflow/.local/lib/python3.12/site-packages/airflow/example_dags/example_xcom.py
[2024-10-26T07:02:18.361+0000] {processor.py:925} INFO - DAG(s) 'example_xcom' retrieved from /home/airflow/.local/lib/python3.12/site-packages/airflow/example_dags/example_xcom.py
[2024-10-26T07:02:18.393+0000] {logging_mixin.py:190} INFO - [2024-10-26T07:02:18.392+0000] {dag.py:3239} INFO - Sync 1 DAGs
[2024-10-26T07:02:18.416+0000] {logging_mixin.py:190} INFO - [2024-10-26T07:02:18.416+0000] {dag.py:4180} INFO - Setting next_dagrun for example_xcom to 2021-01-01 00:00:00+00:00, run_after=2021-01-01 00:00:00+00:00
[2024-10-26T07:02:18.432+0000] {processor.py:208} INFO - Processing /home/airflow/.local/lib/python3.12/site-packages/airflow/example_dags/example_xcom.py took 0.118 seconds
[2024-10-26T07:02:48.729+0000] {processor.py:186} INFO - Started process (PID=73981) to work on /home/airflow/.local/lib/python3.12/site-packages/airflow/example_dags/example_xcom.py
[2024-10-26T07:02:48.730+0000] {processor.py:914} INFO - Processing file /home/airflow/.local/lib/python3.12/site-packages/airflow/example_dags/example_xcom.py for tasks to queue
[2024-10-26T07:02:48.732+0000] {logging_mixin.py:190} INFO - [2024-10-26T07:02:48.731+0000] {dagbag.py:588} INFO - Filling up the DagBag from /home/airflow/.local/lib/python3.12/site-packages/airflow/example_dags/example_xcom.py
[2024-10-26T07:02:48.756+0000] {processor.py:925} INFO - DAG(s) 'example_xcom' retrieved from /home/airflow/.local/lib/python3.12/site-packages/airflow/example_dags/example_xcom.py
[2024-10-26T07:02:48.776+0000] {logging_mixin.py:190} INFO - [2024-10-26T07:02:48.776+0000] {dag.py:3239} INFO - Sync 1 DAGs
[2024-10-26T07:02:48.801+0000] {logging_mixin.py:190} INFO - [2024-10-26T07:02:48.801+0000] {dag.py:4180} INFO - Setting next_dagrun for example_xcom to 2021-01-01 00:00:00+00:00, run_after=2021-01-01 00:00:00+00:00
[2024-10-26T07:02:48.813+0000] {processor.py:208} INFO - Processing /home/airflow/.local/lib/python3.12/site-packages/airflow/example_dags/example_xcom.py took 0.102 seconds
[2024-10-26T07:03:19.335+0000] {processor.py:186} INFO - Started process (PID=74272) to work on /home/airflow/.local/lib/python3.12/site-packages/airflow/example_dags/example_xcom.py
[2024-10-26T07:03:19.337+0000] {processor.py:914} INFO - Processing file /home/airflow/.local/lib/python3.12/site-packages/airflow/example_dags/example_xcom.py for tasks to queue
[2024-10-26T07:03:19.341+0000] {logging_mixin.py:190} INFO - [2024-10-26T07:03:19.341+0000] {dagbag.py:588} INFO - Filling up the DagBag from /home/airflow/.local/lib/python3.12/site-packages/airflow/example_dags/example_xcom.py
[2024-10-26T07:03:19.362+0000] {processor.py:925} INFO - DAG(s) 'example_xcom' retrieved from /home/airflow/.local/lib/python3.12/site-packages/airflow/example_dags/example_xcom.py
[2024-10-26T07:03:19.397+0000] {logging_mixin.py:190} INFO - [2024-10-26T07:03:19.397+0000] {dag.py:3239} INFO - Sync 1 DAGs
[2024-10-26T07:03:19.430+0000] {logging_mixin.py:190} INFO - [2024-10-26T07:03:19.429+0000] {dag.py:4180} INFO - Setting next_dagrun for example_xcom to 2021-01-01 00:00:00+00:00, run_after=2021-01-01 00:00:00+00:00
[2024-10-26T07:03:19.459+0000] {processor.py:208} INFO - Processing /home/airflow/.local/lib/python3.12/site-packages/airflow/example_dags/example_xcom.py took 0.140 seconds
[2024-10-26T07:03:50.065+0000] {processor.py:186} INFO - Started process (PID=74563) to work on /home/airflow/.local/lib/python3.12/site-packages/airflow/example_dags/example_xcom.py
[2024-10-26T07:03:50.069+0000] {processor.py:914} INFO - Processing file /home/airflow/.local/lib/python3.12/site-packages/airflow/example_dags/example_xcom.py for tasks to queue
[2024-10-26T07:03:50.071+0000] {logging_mixin.py:190} INFO - [2024-10-26T07:03:50.071+0000] {dagbag.py:588} INFO - Filling up the DagBag from /home/airflow/.local/lib/python3.12/site-packages/airflow/example_dags/example_xcom.py
[2024-10-26T07:03:50.089+0000] {processor.py:925} INFO - DAG(s) 'example_xcom' retrieved from /home/airflow/.local/lib/python3.12/site-packages/airflow/example_dags/example_xcom.py
[2024-10-26T07:03:50.111+0000] {logging_mixin.py:190} INFO - [2024-10-26T07:03:50.111+0000] {dag.py:3239} INFO - Sync 1 DAGs
[2024-10-26T07:03:50.133+0000] {logging_mixin.py:190} INFO - [2024-10-26T07:03:50.133+0000] {dag.py:4180} INFO - Setting next_dagrun for example_xcom to 2021-01-01 00:00:00+00:00, run_after=2021-01-01 00:00:00+00:00
[2024-10-26T07:03:50.151+0000] {processor.py:208} INFO - Processing /home/airflow/.local/lib/python3.12/site-packages/airflow/example_dags/example_xcom.py took 0.095 seconds
[2024-10-26T07:04:20.898+0000] {processor.py:186} INFO - Started process (PID=74853) to work on /home/airflow/.local/lib/python3.12/site-packages/airflow/example_dags/example_xcom.py
[2024-10-26T07:04:20.899+0000] {processor.py:914} INFO - Processing file /home/airflow/.local/lib/python3.12/site-packages/airflow/example_dags/example_xcom.py for tasks to queue
[2024-10-26T07:04:20.901+0000] {logging_mixin.py:190} INFO - [2024-10-26T07:04:20.901+0000] {dagbag.py:588} INFO - Filling up the DagBag from /home/airflow/.local/lib/python3.12/site-packages/airflow/example_dags/example_xcom.py
[2024-10-26T07:04:20.946+0000] {processor.py:925} INFO - DAG(s) 'example_xcom' retrieved from /home/airflow/.local/lib/python3.12/site-packages/airflow/example_dags/example_xcom.py
[2024-10-26T07:04:21.031+0000] {logging_mixin.py:190} INFO - [2024-10-26T07:04:21.031+0000] {dag.py:3239} INFO - Sync 1 DAGs
[2024-10-26T07:04:21.090+0000] {logging_mixin.py:190} INFO - [2024-10-26T07:04:21.090+0000] {dag.py:4180} INFO - Setting next_dagrun for example_xcom to 2021-01-01 00:00:00+00:00, run_after=2021-01-01 00:00:00+00:00
[2024-10-26T07:04:21.119+0000] {processor.py:208} INFO - Processing /home/airflow/.local/lib/python3.12/site-packages/airflow/example_dags/example_xcom.py took 0.235 seconds
[2024-10-26T07:04:51.407+0000] {processor.py:186} INFO - Started process (PID=75144) to work on /home/airflow/.local/lib/python3.12/site-packages/airflow/example_dags/example_xcom.py
[2024-10-26T07:04:51.414+0000] {processor.py:914} INFO - Processing file /home/airflow/.local/lib/python3.12/site-packages/airflow/example_dags/example_xcom.py for tasks to queue
[2024-10-26T07:04:51.417+0000] {logging_mixin.py:190} INFO - [2024-10-26T07:04:51.416+0000] {dagbag.py:588} INFO - Filling up the DagBag from /home/airflow/.local/lib/python3.12/site-packages/airflow/example_dags/example_xcom.py
[2024-10-26T07:04:51.437+0000] {processor.py:925} INFO - DAG(s) 'example_xcom' retrieved from /home/airflow/.local/lib/python3.12/site-packages/airflow/example_dags/example_xcom.py
[2024-10-26T07:04:51.477+0000] {logging_mixin.py:190} INFO - [2024-10-26T07:04:51.477+0000] {dag.py:3239} INFO - Sync 1 DAGs
[2024-10-26T07:04:51.501+0000] {logging_mixin.py:190} INFO - [2024-10-26T07:04:51.500+0000] {dag.py:4180} INFO - Setting next_dagrun for example_xcom to 2021-01-01 00:00:00+00:00, run_after=2021-01-01 00:00:00+00:00
[2024-10-26T07:04:51.521+0000] {processor.py:208} INFO - Processing /home/airflow/.local/lib/python3.12/site-packages/airflow/example_dags/example_xcom.py took 0.124 seconds
[2024-10-26T07:05:21.789+0000] {processor.py:186} INFO - Started process (PID=75437) to work on /home/airflow/.local/lib/python3.12/site-packages/airflow/example_dags/example_xcom.py
[2024-10-26T07:05:21.793+0000] {processor.py:914} INFO - Processing file /home/airflow/.local/lib/python3.12/site-packages/airflow/example_dags/example_xcom.py for tasks to queue
[2024-10-26T07:05:21.796+0000] {logging_mixin.py:190} INFO - [2024-10-26T07:05:21.796+0000] {dagbag.py:588} INFO - Filling up the DagBag from /home/airflow/.local/lib/python3.12/site-packages/airflow/example_dags/example_xcom.py
[2024-10-26T07:05:21.814+0000] {processor.py:925} INFO - DAG(s) 'example_xcom' retrieved from /home/airflow/.local/lib/python3.12/site-packages/airflow/example_dags/example_xcom.py
[2024-10-26T07:05:21.846+0000] {logging_mixin.py:190} INFO - [2024-10-26T07:05:21.846+0000] {dag.py:3239} INFO - Sync 1 DAGs
[2024-10-26T07:05:21.877+0000] {logging_mixin.py:190} INFO - [2024-10-26T07:05:21.877+0000] {dag.py:4180} INFO - Setting next_dagrun for example_xcom to 2021-01-01 00:00:00+00:00, run_after=2021-01-01 00:00:00+00:00
[2024-10-26T07:05:21.894+0000] {processor.py:208} INFO - Processing /home/airflow/.local/lib/python3.12/site-packages/airflow/example_dags/example_xcom.py took 0.133 seconds
[2024-10-26T07:05:52.809+0000] {processor.py:186} INFO - Started process (PID=75727) to work on /home/airflow/.local/lib/python3.12/site-packages/airflow/example_dags/example_xcom.py
[2024-10-26T07:05:52.810+0000] {processor.py:914} INFO - Processing file /home/airflow/.local/lib/python3.12/site-packages/airflow/example_dags/example_xcom.py for tasks to queue
[2024-10-26T07:05:52.812+0000] {logging_mixin.py:190} INFO - [2024-10-26T07:05:52.812+0000] {dagbag.py:588} INFO - Filling up the DagBag from /home/airflow/.local/lib/python3.12/site-packages/airflow/example_dags/example_xcom.py
[2024-10-26T07:05:52.831+0000] {processor.py:925} INFO - DAG(s) 'example_xcom' retrieved from /home/airflow/.local/lib/python3.12/site-packages/airflow/example_dags/example_xcom.py
[2024-10-26T07:05:52.866+0000] {logging_mixin.py:190} INFO - [2024-10-26T07:05:52.866+0000] {dag.py:3239} INFO - Sync 1 DAGs
[2024-10-26T07:05:52.890+0000] {logging_mixin.py:190} INFO - [2024-10-26T07:05:52.890+0000] {dag.py:4180} INFO - Setting next_dagrun for example_xcom to 2021-01-01 00:00:00+00:00, run_after=2021-01-01 00:00:00+00:00
[2024-10-26T07:05:52.911+0000] {processor.py:208} INFO - Processing /home/airflow/.local/lib/python3.12/site-packages/airflow/example_dags/example_xcom.py took 0.118 seconds
[2024-10-26T07:06:23.366+0000] {processor.py:186} INFO - Started process (PID=76018) to work on /home/airflow/.local/lib/python3.12/site-packages/airflow/example_dags/example_xcom.py
[2024-10-26T07:06:23.368+0000] {processor.py:914} INFO - Processing file /home/airflow/.local/lib/python3.12/site-packages/airflow/example_dags/example_xcom.py for tasks to queue
[2024-10-26T07:06:23.370+0000] {logging_mixin.py:190} INFO - [2024-10-26T07:06:23.370+0000] {dagbag.py:588} INFO - Filling up the DagBag from /home/airflow/.local/lib/python3.12/site-packages/airflow/example_dags/example_xcom.py
[2024-10-26T07:06:23.384+0000] {processor.py:925} INFO - DAG(s) 'example_xcom' retrieved from /home/airflow/.local/lib/python3.12/site-packages/airflow/example_dags/example_xcom.py
[2024-10-26T07:06:23.411+0000] {logging_mixin.py:190} INFO - [2024-10-26T07:06:23.411+0000] {dag.py:3239} INFO - Sync 1 DAGs
[2024-10-26T07:06:23.434+0000] {logging_mixin.py:190} INFO - [2024-10-26T07:06:23.434+0000] {dag.py:4180} INFO - Setting next_dagrun for example_xcom to 2021-01-01 00:00:00+00:00, run_after=2021-01-01 00:00:00+00:00
[2024-10-26T07:06:23.448+0000] {processor.py:208} INFO - Processing /home/airflow/.local/lib/python3.12/site-packages/airflow/example_dags/example_xcom.py took 0.098 seconds
[2024-10-26T07:06:53.568+0000] {processor.py:186} INFO - Started process (PID=76309) to work on /home/airflow/.local/lib/python3.12/site-packages/airflow/example_dags/example_xcom.py
[2024-10-26T07:06:53.570+0000] {processor.py:914} INFO - Processing file /home/airflow/.local/lib/python3.12/site-packages/airflow/example_dags/example_xcom.py for tasks to queue
[2024-10-26T07:06:53.574+0000] {logging_mixin.py:190} INFO - [2024-10-26T07:06:53.573+0000] {dagbag.py:588} INFO - Filling up the DagBag from /home/airflow/.local/lib/python3.12/site-packages/airflow/example_dags/example_xcom.py
[2024-10-26T07:06:53.591+0000] {processor.py:925} INFO - DAG(s) 'example_xcom' retrieved from /home/airflow/.local/lib/python3.12/site-packages/airflow/example_dags/example_xcom.py
[2024-10-26T07:06:53.630+0000] {logging_mixin.py:190} INFO - [2024-10-26T07:06:53.629+0000] {dag.py:3239} INFO - Sync 1 DAGs
[2024-10-26T07:06:53.657+0000] {logging_mixin.py:190} INFO - [2024-10-26T07:06:53.657+0000] {dag.py:4180} INFO - Setting next_dagrun for example_xcom to 2021-01-01 00:00:00+00:00, run_after=2021-01-01 00:00:00+00:00
[2024-10-26T07:06:53.679+0000] {processor.py:208} INFO - Processing /home/airflow/.local/lib/python3.12/site-packages/airflow/example_dags/example_xcom.py took 0.124 seconds
[2024-10-26T07:07:23.954+0000] {processor.py:186} INFO - Started process (PID=76600) to work on /home/airflow/.local/lib/python3.12/site-packages/airflow/example_dags/example_xcom.py
[2024-10-26T07:07:23.955+0000] {processor.py:914} INFO - Processing file /home/airflow/.local/lib/python3.12/site-packages/airflow/example_dags/example_xcom.py for tasks to queue
[2024-10-26T07:07:23.957+0000] {logging_mixin.py:190} INFO - [2024-10-26T07:07:23.957+0000] {dagbag.py:588} INFO - Filling up the DagBag from /home/airflow/.local/lib/python3.12/site-packages/airflow/example_dags/example_xcom.py
[2024-10-26T07:07:23.980+0000] {processor.py:925} INFO - DAG(s) 'example_xcom' retrieved from /home/airflow/.local/lib/python3.12/site-packages/airflow/example_dags/example_xcom.py
[2024-10-26T07:07:24.022+0000] {logging_mixin.py:190} INFO - [2024-10-26T07:07:24.022+0000] {dag.py:3239} INFO - Sync 1 DAGs
[2024-10-26T07:07:24.049+0000] {logging_mixin.py:190} INFO - [2024-10-26T07:07:24.049+0000] {dag.py:4180} INFO - Setting next_dagrun for example_xcom to 2021-01-01 00:00:00+00:00, run_after=2021-01-01 00:00:00+00:00
[2024-10-26T07:07:24.062+0000] {processor.py:208} INFO - Processing /home/airflow/.local/lib/python3.12/site-packages/airflow/example_dags/example_xcom.py took 0.127 seconds
[2024-10-26T07:07:54.545+0000] {processor.py:186} INFO - Started process (PID=76891) to work on /home/airflow/.local/lib/python3.12/site-packages/airflow/example_dags/example_xcom.py
[2024-10-26T07:07:54.551+0000] {processor.py:914} INFO - Processing file /home/airflow/.local/lib/python3.12/site-packages/airflow/example_dags/example_xcom.py for tasks to queue
[2024-10-26T07:07:54.553+0000] {logging_mixin.py:190} INFO - [2024-10-26T07:07:54.552+0000] {dagbag.py:588} INFO - Filling up the DagBag from /home/airflow/.local/lib/python3.12/site-packages/airflow/example_dags/example_xcom.py
[2024-10-26T07:07:54.575+0000] {processor.py:925} INFO - DAG(s) 'example_xcom' retrieved from /home/airflow/.local/lib/python3.12/site-packages/airflow/example_dags/example_xcom.py
[2024-10-26T07:07:54.616+0000] {logging_mixin.py:190} INFO - [2024-10-26T07:07:54.616+0000] {dag.py:3239} INFO - Sync 1 DAGs
[2024-10-26T07:07:54.645+0000] {logging_mixin.py:190} INFO - [2024-10-26T07:07:54.645+0000] {dag.py:4180} INFO - Setting next_dagrun for example_xcom to 2021-01-01 00:00:00+00:00, run_after=2021-01-01 00:00:00+00:00
[2024-10-26T07:07:54.664+0000] {processor.py:208} INFO - Processing /home/airflow/.local/lib/python3.12/site-packages/airflow/example_dags/example_xcom.py took 0.138 seconds
[2024-10-26T07:08:25.766+0000] {processor.py:186} INFO - Started process (PID=77182) to work on /home/airflow/.local/lib/python3.12/site-packages/airflow/example_dags/example_xcom.py
[2024-10-26T07:08:25.768+0000] {processor.py:914} INFO - Processing file /home/airflow/.local/lib/python3.12/site-packages/airflow/example_dags/example_xcom.py for tasks to queue
[2024-10-26T07:08:25.770+0000] {logging_mixin.py:190} INFO - [2024-10-26T07:08:25.769+0000] {dagbag.py:588} INFO - Filling up the DagBag from /home/airflow/.local/lib/python3.12/site-packages/airflow/example_dags/example_xcom.py
[2024-10-26T07:08:25.792+0000] {processor.py:925} INFO - DAG(s) 'example_xcom' retrieved from /home/airflow/.local/lib/python3.12/site-packages/airflow/example_dags/example_xcom.py
[2024-10-26T07:08:25.824+0000] {logging_mixin.py:190} INFO - [2024-10-26T07:08:25.823+0000] {dag.py:3239} INFO - Sync 1 DAGs
[2024-10-26T07:08:25.849+0000] {logging_mixin.py:190} INFO - [2024-10-26T07:08:25.849+0000] {dag.py:4180} INFO - Setting next_dagrun for example_xcom to 2021-01-01 00:00:00+00:00, run_after=2021-01-01 00:00:00+00:00
[2024-10-26T07:08:25.868+0000] {processor.py:208} INFO - Processing /home/airflow/.local/lib/python3.12/site-packages/airflow/example_dags/example_xcom.py took 0.129 seconds
[2024-10-26T07:08:56.059+0000] {processor.py:186} INFO - Started process (PID=77473) to work on /home/airflow/.local/lib/python3.12/site-packages/airflow/example_dags/example_xcom.py
[2024-10-26T07:08:56.065+0000] {processor.py:914} INFO - Processing file /home/airflow/.local/lib/python3.12/site-packages/airflow/example_dags/example_xcom.py for tasks to queue
[2024-10-26T07:08:56.066+0000] {logging_mixin.py:190} INFO - [2024-10-26T07:08:56.066+0000] {dagbag.py:588} INFO - Filling up the DagBag from /home/airflow/.local/lib/python3.12/site-packages/airflow/example_dags/example_xcom.py
[2024-10-26T07:08:56.088+0000] {processor.py:925} INFO - DAG(s) 'example_xcom' retrieved from /home/airflow/.local/lib/python3.12/site-packages/airflow/example_dags/example_xcom.py
[2024-10-26T07:08:56.128+0000] {logging_mixin.py:190} INFO - [2024-10-26T07:08:56.127+0000] {dag.py:3239} INFO - Sync 1 DAGs
[2024-10-26T07:08:56.162+0000] {logging_mixin.py:190} INFO - [2024-10-26T07:08:56.162+0000] {dag.py:4180} INFO - Setting next_dagrun for example_xcom to 2021-01-01 00:00:00+00:00, run_after=2021-01-01 00:00:00+00:00
[2024-10-26T07:08:56.178+0000] {processor.py:208} INFO - Processing /home/airflow/.local/lib/python3.12/site-packages/airflow/example_dags/example_xcom.py took 0.136 seconds
[2024-10-26T07:09:27.195+0000] {processor.py:186} INFO - Started process (PID=77764) to work on /home/airflow/.local/lib/python3.12/site-packages/airflow/example_dags/example_xcom.py
[2024-10-26T07:09:27.200+0000] {processor.py:914} INFO - Processing file /home/airflow/.local/lib/python3.12/site-packages/airflow/example_dags/example_xcom.py for tasks to queue
[2024-10-26T07:09:27.206+0000] {logging_mixin.py:190} INFO - [2024-10-26T07:09:27.202+0000] {dagbag.py:588} INFO - Filling up the DagBag from /home/airflow/.local/lib/python3.12/site-packages/airflow/example_dags/example_xcom.py
[2024-10-26T07:09:27.236+0000] {processor.py:925} INFO - DAG(s) 'example_xcom' retrieved from /home/airflow/.local/lib/python3.12/site-packages/airflow/example_dags/example_xcom.py
[2024-10-26T07:09:27.281+0000] {logging_mixin.py:190} INFO - [2024-10-26T07:09:27.280+0000] {dag.py:3239} INFO - Sync 1 DAGs
[2024-10-26T07:09:27.323+0000] {logging_mixin.py:190} INFO - [2024-10-26T07:09:27.322+0000] {dag.py:4180} INFO - Setting next_dagrun for example_xcom to 2021-01-01 00:00:00+00:00, run_after=2021-01-01 00:00:00+00:00
[2024-10-26T07:09:27.340+0000] {processor.py:208} INFO - Processing /home/airflow/.local/lib/python3.12/site-packages/airflow/example_dags/example_xcom.py took 0.169 seconds
[2024-10-26T07:09:57.644+0000] {processor.py:186} INFO - Started process (PID=78055) to work on /home/airflow/.local/lib/python3.12/site-packages/airflow/example_dags/example_xcom.py
[2024-10-26T07:09:57.645+0000] {processor.py:914} INFO - Processing file /home/airflow/.local/lib/python3.12/site-packages/airflow/example_dags/example_xcom.py for tasks to queue
[2024-10-26T07:09:57.647+0000] {logging_mixin.py:190} INFO - [2024-10-26T07:09:57.646+0000] {dagbag.py:588} INFO - Filling up the DagBag from /home/airflow/.local/lib/python3.12/site-packages/airflow/example_dags/example_xcom.py
[2024-10-26T07:09:57.666+0000] {processor.py:925} INFO - DAG(s) 'example_xcom' retrieved from /home/airflow/.local/lib/python3.12/site-packages/airflow/example_dags/example_xcom.py
[2024-10-26T07:09:57.698+0000] {logging_mixin.py:190} INFO - [2024-10-26T07:09:57.697+0000] {dag.py:3239} INFO - Sync 1 DAGs
[2024-10-26T07:09:57.717+0000] {logging_mixin.py:190} INFO - [2024-10-26T07:09:57.717+0000] {dag.py:4180} INFO - Setting next_dagrun for example_xcom to 2021-01-01 00:00:00+00:00, run_after=2021-01-01 00:00:00+00:00
[2024-10-26T07:09:57.734+0000] {processor.py:208} INFO - Processing /home/airflow/.local/lib/python3.12/site-packages/airflow/example_dags/example_xcom.py took 0.112 seconds
[2024-10-26T07:10:28.845+0000] {processor.py:186} INFO - Started process (PID=78346) to work on /home/airflow/.local/lib/python3.12/site-packages/airflow/example_dags/example_xcom.py
[2024-10-26T07:10:28.848+0000] {processor.py:914} INFO - Processing file /home/airflow/.local/lib/python3.12/site-packages/airflow/example_dags/example_xcom.py for tasks to queue
[2024-10-26T07:10:28.850+0000] {logging_mixin.py:190} INFO - [2024-10-26T07:10:28.850+0000] {dagbag.py:588} INFO - Filling up the DagBag from /home/airflow/.local/lib/python3.12/site-packages/airflow/example_dags/example_xcom.py
[2024-10-26T07:10:28.873+0000] {processor.py:925} INFO - DAG(s) 'example_xcom' retrieved from /home/airflow/.local/lib/python3.12/site-packages/airflow/example_dags/example_xcom.py
[2024-10-26T07:10:28.924+0000] {logging_mixin.py:190} INFO - [2024-10-26T07:10:28.924+0000] {dag.py:3239} INFO - Sync 1 DAGs
[2024-10-26T07:10:28.964+0000] {logging_mixin.py:190} INFO - [2024-10-26T07:10:28.964+0000] {dag.py:4180} INFO - Setting next_dagrun for example_xcom to 2021-01-01 00:00:00+00:00, run_after=2021-01-01 00:00:00+00:00
[2024-10-26T07:10:28.983+0000] {processor.py:208} INFO - Processing /home/airflow/.local/lib/python3.12/site-packages/airflow/example_dags/example_xcom.py took 0.165 seconds
[2024-10-26T07:10:59.492+0000] {processor.py:186} INFO - Started process (PID=78637) to work on /home/airflow/.local/lib/python3.12/site-packages/airflow/example_dags/example_xcom.py
[2024-10-26T07:10:59.496+0000] {processor.py:914} INFO - Processing file /home/airflow/.local/lib/python3.12/site-packages/airflow/example_dags/example_xcom.py for tasks to queue
[2024-10-26T07:10:59.498+0000] {logging_mixin.py:190} INFO - [2024-10-26T07:10:59.497+0000] {dagbag.py:588} INFO - Filling up the DagBag from /home/airflow/.local/lib/python3.12/site-packages/airflow/example_dags/example_xcom.py
[2024-10-26T07:10:59.526+0000] {processor.py:925} INFO - DAG(s) 'example_xcom' retrieved from /home/airflow/.local/lib/python3.12/site-packages/airflow/example_dags/example_xcom.py
[2024-10-26T07:10:59.560+0000] {logging_mixin.py:190} INFO - [2024-10-26T07:10:59.560+0000] {dag.py:3239} INFO - Sync 1 DAGs
[2024-10-26T07:10:59.588+0000] {logging_mixin.py:190} INFO - [2024-10-26T07:10:59.587+0000] {dag.py:4180} INFO - Setting next_dagrun for example_xcom to 2021-01-01 00:00:00+00:00, run_after=2021-01-01 00:00:00+00:00
[2024-10-26T07:10:59.605+0000] {processor.py:208} INFO - Processing /home/airflow/.local/lib/python3.12/site-packages/airflow/example_dags/example_xcom.py took 0.146 seconds
[2024-10-26T07:11:30.129+0000] {processor.py:186} INFO - Started process (PID=78933) to work on /home/airflow/.local/lib/python3.12/site-packages/airflow/example_dags/example_xcom.py
[2024-10-26T07:11:30.132+0000] {processor.py:914} INFO - Processing file /home/airflow/.local/lib/python3.12/site-packages/airflow/example_dags/example_xcom.py for tasks to queue
[2024-10-26T07:11:30.134+0000] {logging_mixin.py:190} INFO - [2024-10-26T07:11:30.133+0000] {dagbag.py:588} INFO - Filling up the DagBag from /home/airflow/.local/lib/python3.12/site-packages/airflow/example_dags/example_xcom.py
[2024-10-26T07:11:30.152+0000] {processor.py:925} INFO - DAG(s) 'example_xcom' retrieved from /home/airflow/.local/lib/python3.12/site-packages/airflow/example_dags/example_xcom.py
[2024-10-26T07:11:30.204+0000] {logging_mixin.py:190} INFO - [2024-10-26T07:11:30.203+0000] {dag.py:3239} INFO - Sync 1 DAGs
[2024-10-26T07:11:30.243+0000] {logging_mixin.py:190} INFO - [2024-10-26T07:11:30.242+0000] {dag.py:4180} INFO - Setting next_dagrun for example_xcom to 2021-01-01 00:00:00+00:00, run_after=2021-01-01 00:00:00+00:00
[2024-10-26T07:11:30.738+0000] {processor.py:208} INFO - Processing /home/airflow/.local/lib/python3.12/site-packages/airflow/example_dags/example_xcom.py took 0.661 seconds
[2024-10-26T07:12:01.735+0000] {processor.py:186} INFO - Started process (PID=79234) to work on /home/airflow/.local/lib/python3.12/site-packages/airflow/example_dags/example_xcom.py
[2024-10-26T07:12:01.737+0000] {processor.py:914} INFO - Processing file /home/airflow/.local/lib/python3.12/site-packages/airflow/example_dags/example_xcom.py for tasks to queue
[2024-10-26T07:12:01.738+0000] {logging_mixin.py:190} INFO - [2024-10-26T07:12:01.738+0000] {dagbag.py:588} INFO - Filling up the DagBag from /home/airflow/.local/lib/python3.12/site-packages/airflow/example_dags/example_xcom.py
[2024-10-26T07:12:01.747+0000] {processor.py:925} INFO - DAG(s) 'example_xcom' retrieved from /home/airflow/.local/lib/python3.12/site-packages/airflow/example_dags/example_xcom.py
[2024-10-26T07:12:01.771+0000] {logging_mixin.py:190} INFO - [2024-10-26T07:12:01.771+0000] {dag.py:3239} INFO - Sync 1 DAGs
[2024-10-26T07:12:01.787+0000] {logging_mixin.py:190} INFO - [2024-10-26T07:12:01.787+0000] {dag.py:4180} INFO - Setting next_dagrun for example_xcom to 2021-01-01 00:00:00+00:00, run_after=2021-01-01 00:00:00+00:00
[2024-10-26T07:12:01.804+0000] {processor.py:208} INFO - Processing /home/airflow/.local/lib/python3.12/site-packages/airflow/example_dags/example_xcom.py took 0.079 seconds
[2024-10-26T07:12:31.883+0000] {processor.py:186} INFO - Started process (PID=79525) to work on /home/airflow/.local/lib/python3.12/site-packages/airflow/example_dags/example_xcom.py
[2024-10-26T07:12:31.884+0000] {processor.py:914} INFO - Processing file /home/airflow/.local/lib/python3.12/site-packages/airflow/example_dags/example_xcom.py for tasks to queue
[2024-10-26T07:12:31.884+0000] {logging_mixin.py:190} INFO - [2024-10-26T07:12:31.884+0000] {dagbag.py:588} INFO - Filling up the DagBag from /home/airflow/.local/lib/python3.12/site-packages/airflow/example_dags/example_xcom.py
[2024-10-26T07:12:31.889+0000] {processor.py:925} INFO - DAG(s) 'example_xcom' retrieved from /home/airflow/.local/lib/python3.12/site-packages/airflow/example_dags/example_xcom.py
[2024-10-26T07:12:31.899+0000] {logging_mixin.py:190} INFO - [2024-10-26T07:12:31.899+0000] {dag.py:3239} INFO - Sync 1 DAGs
[2024-10-26T07:12:31.908+0000] {logging_mixin.py:190} INFO - [2024-10-26T07:12:31.908+0000] {dag.py:4180} INFO - Setting next_dagrun for example_xcom to 2021-01-01 00:00:00+00:00, run_after=2021-01-01 00:00:00+00:00
[2024-10-26T07:12:31.917+0000] {processor.py:208} INFO - Processing /home/airflow/.local/lib/python3.12/site-packages/airflow/example_dags/example_xcom.py took 0.037 seconds
[2024-10-26T07:13:02.656+0000] {processor.py:186} INFO - Started process (PID=79806) to work on /home/airflow/.local/lib/python3.12/site-packages/airflow/example_dags/example_xcom.py
[2024-10-26T07:13:02.659+0000] {processor.py:914} INFO - Processing file /home/airflow/.local/lib/python3.12/site-packages/airflow/example_dags/example_xcom.py for tasks to queue
[2024-10-26T07:13:02.667+0000] {logging_mixin.py:190} INFO - [2024-10-26T07:13:02.667+0000] {dagbag.py:588} INFO - Filling up the DagBag from /home/airflow/.local/lib/python3.12/site-packages/airflow/example_dags/example_xcom.py
[2024-10-26T07:13:02.681+0000] {processor.py:925} INFO - DAG(s) 'example_xcom' retrieved from /home/airflow/.local/lib/python3.12/site-packages/airflow/example_dags/example_xcom.py
[2024-10-26T07:13:02.717+0000] {logging_mixin.py:190} INFO - [2024-10-26T07:13:02.717+0000] {dag.py:3239} INFO - Sync 1 DAGs
[2024-10-26T07:13:02.750+0000] {logging_mixin.py:190} INFO - [2024-10-26T07:13:02.749+0000] {dag.py:4180} INFO - Setting next_dagrun for example_xcom to 2021-01-01 00:00:00+00:00, run_after=2021-01-01 00:00:00+00:00
[2024-10-26T07:13:02.775+0000] {processor.py:208} INFO - Processing /home/airflow/.local/lib/python3.12/site-packages/airflow/example_dags/example_xcom.py took 0.137 seconds
[2024-10-26T07:13:33.397+0000] {processor.py:186} INFO - Started process (PID=80096) to work on /home/airflow/.local/lib/python3.12/site-packages/airflow/example_dags/example_xcom.py
[2024-10-26T07:13:33.404+0000] {processor.py:914} INFO - Processing file /home/airflow/.local/lib/python3.12/site-packages/airflow/example_dags/example_xcom.py for tasks to queue
[2024-10-26T07:13:33.407+0000] {logging_mixin.py:190} INFO - [2024-10-26T07:13:33.405+0000] {dagbag.py:588} INFO - Filling up the DagBag from /home/airflow/.local/lib/python3.12/site-packages/airflow/example_dags/example_xcom.py
[2024-10-26T07:13:33.435+0000] {processor.py:925} INFO - DAG(s) 'example_xcom' retrieved from /home/airflow/.local/lib/python3.12/site-packages/airflow/example_dags/example_xcom.py
[2024-10-26T07:13:33.469+0000] {logging_mixin.py:190} INFO - [2024-10-26T07:13:33.469+0000] {dag.py:3239} INFO - Sync 1 DAGs
[2024-10-26T07:13:33.799+0000] {logging_mixin.py:190} INFO - [2024-10-26T07:13:33.799+0000] {dag.py:4180} INFO - Setting next_dagrun for example_xcom to 2021-01-01 00:00:00+00:00, run_after=2021-01-01 00:00:00+00:00
[2024-10-26T07:13:33.812+0000] {processor.py:208} INFO - Processing /home/airflow/.local/lib/python3.12/site-packages/airflow/example_dags/example_xcom.py took 0.430 seconds
[2024-10-26T07:14:03.914+0000] {processor.py:186} INFO - Started process (PID=80398) to work on /home/airflow/.local/lib/python3.12/site-packages/airflow/example_dags/example_xcom.py
[2024-10-26T07:14:03.916+0000] {processor.py:914} INFO - Processing file /home/airflow/.local/lib/python3.12/site-packages/airflow/example_dags/example_xcom.py for tasks to queue
[2024-10-26T07:14:03.917+0000] {logging_mixin.py:190} INFO - [2024-10-26T07:14:03.917+0000] {dagbag.py:588} INFO - Filling up the DagBag from /home/airflow/.local/lib/python3.12/site-packages/airflow/example_dags/example_xcom.py
[2024-10-26T07:14:03.943+0000] {processor.py:925} INFO - DAG(s) 'example_xcom' retrieved from /home/airflow/.local/lib/python3.12/site-packages/airflow/example_dags/example_xcom.py
[2024-10-26T07:14:03.979+0000] {logging_mixin.py:190} INFO - [2024-10-26T07:14:03.978+0000] {dag.py:3239} INFO - Sync 1 DAGs
[2024-10-26T07:14:04.007+0000] {logging_mixin.py:190} INFO - [2024-10-26T07:14:04.006+0000] {dag.py:4180} INFO - Setting next_dagrun for example_xcom to 2021-01-01 00:00:00+00:00, run_after=2021-01-01 00:00:00+00:00
[2024-10-26T07:14:04.264+0000] {processor.py:208} INFO - Processing /home/airflow/.local/lib/python3.12/site-packages/airflow/example_dags/example_xcom.py took 0.360 seconds
[2024-10-26T07:14:35.190+0000] {processor.py:186} INFO - Started process (PID=80689) to work on /home/airflow/.local/lib/python3.12/site-packages/airflow/example_dags/example_xcom.py
[2024-10-26T07:14:35.192+0000] {processor.py:914} INFO - Processing file /home/airflow/.local/lib/python3.12/site-packages/airflow/example_dags/example_xcom.py for tasks to queue
[2024-10-26T07:14:35.194+0000] {logging_mixin.py:190} INFO - [2024-10-26T07:14:35.193+0000] {dagbag.py:588} INFO - Filling up the DagBag from /home/airflow/.local/lib/python3.12/site-packages/airflow/example_dags/example_xcom.py
[2024-10-26T07:14:35.220+0000] {processor.py:925} INFO - DAG(s) 'example_xcom' retrieved from /home/airflow/.local/lib/python3.12/site-packages/airflow/example_dags/example_xcom.py
[2024-10-26T07:14:35.260+0000] {logging_mixin.py:190} INFO - [2024-10-26T07:14:35.260+0000] {dag.py:3239} INFO - Sync 1 DAGs
[2024-10-26T07:14:35.287+0000] {logging_mixin.py:190} INFO - [2024-10-26T07:14:35.287+0000] {dag.py:4180} INFO - Setting next_dagrun for example_xcom to 2021-01-01 00:00:00+00:00, run_after=2021-01-01 00:00:00+00:00
[2024-10-26T07:14:35.304+0000] {processor.py:208} INFO - Processing /home/airflow/.local/lib/python3.12/site-packages/airflow/example_dags/example_xcom.py took 0.134 seconds
[2024-10-26T07:15:05.743+0000] {processor.py:186} INFO - Started process (PID=80980) to work on /home/airflow/.local/lib/python3.12/site-packages/airflow/example_dags/example_xcom.py
[2024-10-26T07:15:05.745+0000] {processor.py:914} INFO - Processing file /home/airflow/.local/lib/python3.12/site-packages/airflow/example_dags/example_xcom.py for tasks to queue
[2024-10-26T07:15:05.747+0000] {logging_mixin.py:190} INFO - [2024-10-26T07:15:05.747+0000] {dagbag.py:588} INFO - Filling up the DagBag from /home/airflow/.local/lib/python3.12/site-packages/airflow/example_dags/example_xcom.py
[2024-10-26T07:15:05.764+0000] {processor.py:925} INFO - DAG(s) 'example_xcom' retrieved from /home/airflow/.local/lib/python3.12/site-packages/airflow/example_dags/example_xcom.py
[2024-10-26T07:15:05.787+0000] {logging_mixin.py:190} INFO - [2024-10-26T07:15:05.786+0000] {dag.py:3239} INFO - Sync 1 DAGs
[2024-10-26T07:15:05.821+0000] {logging_mixin.py:190} INFO - [2024-10-26T07:15:05.821+0000] {dag.py:4180} INFO - Setting next_dagrun for example_xcom to 2021-01-01 00:00:00+00:00, run_after=2021-01-01 00:00:00+00:00
[2024-10-26T07:15:05.848+0000] {processor.py:208} INFO - Processing /home/airflow/.local/lib/python3.12/site-packages/airflow/example_dags/example_xcom.py took 0.114 seconds
[2024-10-26T07:15:36.084+0000] {processor.py:186} INFO - Started process (PID=81271) to work on /home/airflow/.local/lib/python3.12/site-packages/airflow/example_dags/example_xcom.py
[2024-10-26T07:15:36.086+0000] {processor.py:914} INFO - Processing file /home/airflow/.local/lib/python3.12/site-packages/airflow/example_dags/example_xcom.py for tasks to queue
[2024-10-26T07:15:36.088+0000] {logging_mixin.py:190} INFO - [2024-10-26T07:15:36.088+0000] {dagbag.py:588} INFO - Filling up the DagBag from /home/airflow/.local/lib/python3.12/site-packages/airflow/example_dags/example_xcom.py
[2024-10-26T07:15:36.108+0000] {processor.py:925} INFO - DAG(s) 'example_xcom' retrieved from /home/airflow/.local/lib/python3.12/site-packages/airflow/example_dags/example_xcom.py
[2024-10-26T07:15:36.141+0000] {logging_mixin.py:190} INFO - [2024-10-26T07:15:36.141+0000] {dag.py:3239} INFO - Sync 1 DAGs
[2024-10-26T07:15:36.167+0000] {logging_mixin.py:190} INFO - [2024-10-26T07:15:36.167+0000] {dag.py:4180} INFO - Setting next_dagrun for example_xcom to 2021-01-01 00:00:00+00:00, run_after=2021-01-01 00:00:00+00:00
[2024-10-26T07:15:36.182+0000] {processor.py:208} INFO - Processing /home/airflow/.local/lib/python3.12/site-packages/airflow/example_dags/example_xcom.py took 0.126 seconds
[2024-10-26T07:16:07.143+0000] {processor.py:186} INFO - Started process (PID=81562) to work on /home/airflow/.local/lib/python3.12/site-packages/airflow/example_dags/example_xcom.py
[2024-10-26T07:16:07.146+0000] {processor.py:914} INFO - Processing file /home/airflow/.local/lib/python3.12/site-packages/airflow/example_dags/example_xcom.py for tasks to queue
[2024-10-26T07:16:07.150+0000] {logging_mixin.py:190} INFO - [2024-10-26T07:16:07.149+0000] {dagbag.py:588} INFO - Filling up the DagBag from /home/airflow/.local/lib/python3.12/site-packages/airflow/example_dags/example_xcom.py
[2024-10-26T07:16:07.176+0000] {processor.py:925} INFO - DAG(s) 'example_xcom' retrieved from /home/airflow/.local/lib/python3.12/site-packages/airflow/example_dags/example_xcom.py
[2024-10-26T07:16:07.211+0000] {logging_mixin.py:190} INFO - [2024-10-26T07:16:07.211+0000] {dag.py:3239} INFO - Sync 1 DAGs
[2024-10-26T07:16:07.237+0000] {logging_mixin.py:190} INFO - [2024-10-26T07:16:07.237+0000] {dag.py:4180} INFO - Setting next_dagrun for example_xcom to 2021-01-01 00:00:00+00:00, run_after=2021-01-01 00:00:00+00:00
[2024-10-26T07:16:07.251+0000] {processor.py:208} INFO - Processing /home/airflow/.local/lib/python3.12/site-packages/airflow/example_dags/example_xcom.py took 0.137 seconds
[2024-10-26T07:16:37.619+0000] {processor.py:186} INFO - Started process (PID=81853) to work on /home/airflow/.local/lib/python3.12/site-packages/airflow/example_dags/example_xcom.py
[2024-10-26T07:16:37.621+0000] {processor.py:914} INFO - Processing file /home/airflow/.local/lib/python3.12/site-packages/airflow/example_dags/example_xcom.py for tasks to queue
[2024-10-26T07:16:37.624+0000] {logging_mixin.py:190} INFO - [2024-10-26T07:16:37.624+0000] {dagbag.py:588} INFO - Filling up the DagBag from /home/airflow/.local/lib/python3.12/site-packages/airflow/example_dags/example_xcom.py
[2024-10-26T07:16:37.646+0000] {processor.py:925} INFO - DAG(s) 'example_xcom' retrieved from /home/airflow/.local/lib/python3.12/site-packages/airflow/example_dags/example_xcom.py
[2024-10-26T07:16:37.684+0000] {logging_mixin.py:190} INFO - [2024-10-26T07:16:37.684+0000] {dag.py:3239} INFO - Sync 1 DAGs
[2024-10-26T07:16:37.709+0000] {logging_mixin.py:190} INFO - [2024-10-26T07:16:37.709+0000] {dag.py:4180} INFO - Setting next_dagrun for example_xcom to 2021-01-01 00:00:00+00:00, run_after=2021-01-01 00:00:00+00:00
[2024-10-26T07:16:37.728+0000] {processor.py:208} INFO - Processing /home/airflow/.local/lib/python3.12/site-packages/airflow/example_dags/example_xcom.py took 0.127 seconds
[2024-10-26T07:17:08.426+0000] {processor.py:186} INFO - Started process (PID=82143) to work on /home/airflow/.local/lib/python3.12/site-packages/airflow/example_dags/example_xcom.py
[2024-10-26T07:17:08.432+0000] {processor.py:914} INFO - Processing file /home/airflow/.local/lib/python3.12/site-packages/airflow/example_dags/example_xcom.py for tasks to queue
[2024-10-26T07:17:08.435+0000] {logging_mixin.py:190} INFO - [2024-10-26T07:17:08.435+0000] {dagbag.py:588} INFO - Filling up the DagBag from /home/airflow/.local/lib/python3.12/site-packages/airflow/example_dags/example_xcom.py
[2024-10-26T07:17:08.458+0000] {processor.py:925} INFO - DAG(s) 'example_xcom' retrieved from /home/airflow/.local/lib/python3.12/site-packages/airflow/example_dags/example_xcom.py
[2024-10-26T07:17:08.490+0000] {logging_mixin.py:190} INFO - [2024-10-26T07:17:08.490+0000] {dag.py:3239} INFO - Sync 1 DAGs
[2024-10-26T07:17:08.521+0000] {logging_mixin.py:190} INFO - [2024-10-26T07:17:08.520+0000] {dag.py:4180} INFO - Setting next_dagrun for example_xcom to 2021-01-01 00:00:00+00:00, run_after=2021-01-01 00:00:00+00:00
[2024-10-26T07:17:08.537+0000] {processor.py:208} INFO - Processing /home/airflow/.local/lib/python3.12/site-packages/airflow/example_dags/example_xcom.py took 0.126 seconds
[2024-10-26T07:17:39.404+0000] {processor.py:186} INFO - Started process (PID=82434) to work on /home/airflow/.local/lib/python3.12/site-packages/airflow/example_dags/example_xcom.py
[2024-10-26T07:17:39.406+0000] {processor.py:914} INFO - Processing file /home/airflow/.local/lib/python3.12/site-packages/airflow/example_dags/example_xcom.py for tasks to queue
[2024-10-26T07:17:39.409+0000] {logging_mixin.py:190} INFO - [2024-10-26T07:17:39.407+0000] {dagbag.py:588} INFO - Filling up the DagBag from /home/airflow/.local/lib/python3.12/site-packages/airflow/example_dags/example_xcom.py
[2024-10-26T07:17:39.424+0000] {processor.py:925} INFO - DAG(s) 'example_xcom' retrieved from /home/airflow/.local/lib/python3.12/site-packages/airflow/example_dags/example_xcom.py
[2024-10-26T07:17:39.459+0000] {logging_mixin.py:190} INFO - [2024-10-26T07:17:39.459+0000] {dag.py:3239} INFO - Sync 1 DAGs
[2024-10-26T07:17:39.481+0000] {logging_mixin.py:190} INFO - [2024-10-26T07:17:39.481+0000] {dag.py:4180} INFO - Setting next_dagrun for example_xcom to 2021-01-01 00:00:00+00:00, run_after=2021-01-01 00:00:00+00:00
[2024-10-26T07:17:39.501+0000] {processor.py:208} INFO - Processing /home/airflow/.local/lib/python3.12/site-packages/airflow/example_dags/example_xcom.py took 0.110 seconds
[2024-10-26T07:18:10.503+0000] {processor.py:186} INFO - Started process (PID=82725) to work on /home/airflow/.local/lib/python3.12/site-packages/airflow/example_dags/example_xcom.py
[2024-10-26T07:18:10.509+0000] {processor.py:914} INFO - Processing file /home/airflow/.local/lib/python3.12/site-packages/airflow/example_dags/example_xcom.py for tasks to queue
[2024-10-26T07:18:10.513+0000] {logging_mixin.py:190} INFO - [2024-10-26T07:18:10.513+0000] {dagbag.py:588} INFO - Filling up the DagBag from /home/airflow/.local/lib/python3.12/site-packages/airflow/example_dags/example_xcom.py
[2024-10-26T07:18:10.541+0000] {processor.py:925} INFO - DAG(s) 'example_xcom' retrieved from /home/airflow/.local/lib/python3.12/site-packages/airflow/example_dags/example_xcom.py
[2024-10-26T07:18:10.581+0000] {logging_mixin.py:190} INFO - [2024-10-26T07:18:10.581+0000] {dag.py:3239} INFO - Sync 1 DAGs
[2024-10-26T07:18:10.622+0000] {logging_mixin.py:190} INFO - [2024-10-26T07:18:10.622+0000] {dag.py:4180} INFO - Setting next_dagrun for example_xcom to 2021-01-01 00:00:00+00:00, run_after=2021-01-01 00:00:00+00:00
[2024-10-26T07:18:10.638+0000] {processor.py:208} INFO - Processing /home/airflow/.local/lib/python3.12/site-packages/airflow/example_dags/example_xcom.py took 0.157 seconds
[2024-10-26T07:18:40.875+0000] {processor.py:186} INFO - Started process (PID=83016) to work on /home/airflow/.local/lib/python3.12/site-packages/airflow/example_dags/example_xcom.py
[2024-10-26T07:18:40.878+0000] {processor.py:914} INFO - Processing file /home/airflow/.local/lib/python3.12/site-packages/airflow/example_dags/example_xcom.py for tasks to queue
[2024-10-26T07:18:40.881+0000] {logging_mixin.py:190} INFO - [2024-10-26T07:18:40.880+0000] {dagbag.py:588} INFO - Filling up the DagBag from /home/airflow/.local/lib/python3.12/site-packages/airflow/example_dags/example_xcom.py
[2024-10-26T07:18:40.899+0000] {processor.py:925} INFO - DAG(s) 'example_xcom' retrieved from /home/airflow/.local/lib/python3.12/site-packages/airflow/example_dags/example_xcom.py
[2024-10-26T07:18:40.926+0000] {logging_mixin.py:190} INFO - [2024-10-26T07:18:40.926+0000] {dag.py:3239} INFO - Sync 1 DAGs
[2024-10-26T07:18:40.947+0000] {logging_mixin.py:190} INFO - [2024-10-26T07:18:40.947+0000] {dag.py:4180} INFO - Setting next_dagrun for example_xcom to 2021-01-01 00:00:00+00:00, run_after=2021-01-01 00:00:00+00:00
[2024-10-26T07:18:40.964+0000] {processor.py:208} INFO - Processing /home/airflow/.local/lib/python3.12/site-packages/airflow/example_dags/example_xcom.py took 0.103 seconds
[2024-10-26T07:19:11.228+0000] {processor.py:186} INFO - Started process (PID=83306) to work on /home/airflow/.local/lib/python3.12/site-packages/airflow/example_dags/example_xcom.py
[2024-10-26T07:19:11.233+0000] {processor.py:914} INFO - Processing file /home/airflow/.local/lib/python3.12/site-packages/airflow/example_dags/example_xcom.py for tasks to queue
[2024-10-26T07:19:11.236+0000] {logging_mixin.py:190} INFO - [2024-10-26T07:19:11.235+0000] {dagbag.py:588} INFO - Filling up the DagBag from /home/airflow/.local/lib/python3.12/site-packages/airflow/example_dags/example_xcom.py
[2024-10-26T07:19:11.257+0000] {processor.py:925} INFO - DAG(s) 'example_xcom' retrieved from /home/airflow/.local/lib/python3.12/site-packages/airflow/example_dags/example_xcom.py
[2024-10-26T07:19:11.289+0000] {logging_mixin.py:190} INFO - [2024-10-26T07:19:11.289+0000] {dag.py:3239} INFO - Sync 1 DAGs
[2024-10-26T07:19:11.315+0000] {logging_mixin.py:190} INFO - [2024-10-26T07:19:11.315+0000] {dag.py:4180} INFO - Setting next_dagrun for example_xcom to 2021-01-01 00:00:00+00:00, run_after=2021-01-01 00:00:00+00:00
[2024-10-26T07:19:11.327+0000] {processor.py:208} INFO - Processing /home/airflow/.local/lib/python3.12/site-packages/airflow/example_dags/example_xcom.py took 0.121 seconds
[2024-10-26T07:19:42.175+0000] {processor.py:186} INFO - Started process (PID=83597) to work on /home/airflow/.local/lib/python3.12/site-packages/airflow/example_dags/example_xcom.py
[2024-10-26T07:19:42.177+0000] {processor.py:914} INFO - Processing file /home/airflow/.local/lib/python3.12/site-packages/airflow/example_dags/example_xcom.py for tasks to queue
[2024-10-26T07:19:42.179+0000] {logging_mixin.py:190} INFO - [2024-10-26T07:19:42.178+0000] {dagbag.py:588} INFO - Filling up the DagBag from /home/airflow/.local/lib/python3.12/site-packages/airflow/example_dags/example_xcom.py
[2024-10-26T07:19:42.204+0000] {processor.py:925} INFO - DAG(s) 'example_xcom' retrieved from /home/airflow/.local/lib/python3.12/site-packages/airflow/example_dags/example_xcom.py
[2024-10-26T07:19:42.250+0000] {logging_mixin.py:190} INFO - [2024-10-26T07:19:42.250+0000] {dag.py:3239} INFO - Sync 1 DAGs
[2024-10-26T07:19:42.291+0000] {logging_mixin.py:190} INFO - [2024-10-26T07:19:42.290+0000] {dag.py:4180} INFO - Setting next_dagrun for example_xcom to 2021-01-01 00:00:00+00:00, run_after=2021-01-01 00:00:00+00:00
[2024-10-26T07:19:42.315+0000] {processor.py:208} INFO - Processing /home/airflow/.local/lib/python3.12/site-packages/airflow/example_dags/example_xcom.py took 0.168 seconds
[2024-10-26T07:20:13.210+0000] {processor.py:186} INFO - Started process (PID=83888) to work on /home/airflow/.local/lib/python3.12/site-packages/airflow/example_dags/example_xcom.py
[2024-10-26T07:20:13.212+0000] {processor.py:914} INFO - Processing file /home/airflow/.local/lib/python3.12/site-packages/airflow/example_dags/example_xcom.py for tasks to queue
[2024-10-26T07:20:13.214+0000] {logging_mixin.py:190} INFO - [2024-10-26T07:20:13.213+0000] {dagbag.py:588} INFO - Filling up the DagBag from /home/airflow/.local/lib/python3.12/site-packages/airflow/example_dags/example_xcom.py
[2024-10-26T07:20:13.234+0000] {processor.py:925} INFO - DAG(s) 'example_xcom' retrieved from /home/airflow/.local/lib/python3.12/site-packages/airflow/example_dags/example_xcom.py
[2024-10-26T07:20:13.267+0000] {logging_mixin.py:190} INFO - [2024-10-26T07:20:13.267+0000] {dag.py:3239} INFO - Sync 1 DAGs
[2024-10-26T07:20:13.289+0000] {logging_mixin.py:190} INFO - [2024-10-26T07:20:13.289+0000] {dag.py:4180} INFO - Setting next_dagrun for example_xcom to 2021-01-01 00:00:00+00:00, run_after=2021-01-01 00:00:00+00:00
[2024-10-26T07:20:13.304+0000] {processor.py:208} INFO - Processing /home/airflow/.local/lib/python3.12/site-packages/airflow/example_dags/example_xcom.py took 0.118 seconds
[2024-10-26T07:20:43.442+0000] {processor.py:186} INFO - Started process (PID=84179) to work on /home/airflow/.local/lib/python3.12/site-packages/airflow/example_dags/example_xcom.py
[2024-10-26T07:20:43.444+0000] {processor.py:914} INFO - Processing file /home/airflow/.local/lib/python3.12/site-packages/airflow/example_dags/example_xcom.py for tasks to queue
[2024-10-26T07:20:43.446+0000] {logging_mixin.py:190} INFO - [2024-10-26T07:20:43.446+0000] {dagbag.py:588} INFO - Filling up the DagBag from /home/airflow/.local/lib/python3.12/site-packages/airflow/example_dags/example_xcom.py
[2024-10-26T07:20:43.469+0000] {processor.py:925} INFO - DAG(s) 'example_xcom' retrieved from /home/airflow/.local/lib/python3.12/site-packages/airflow/example_dags/example_xcom.py
[2024-10-26T07:20:43.504+0000] {logging_mixin.py:190} INFO - [2024-10-26T07:20:43.503+0000] {dag.py:3239} INFO - Sync 1 DAGs
[2024-10-26T07:20:43.525+0000] {logging_mixin.py:190} INFO - [2024-10-26T07:20:43.525+0000] {dag.py:4180} INFO - Setting next_dagrun for example_xcom to 2021-01-01 00:00:00+00:00, run_after=2021-01-01 00:00:00+00:00
[2024-10-26T07:20:43.543+0000] {processor.py:208} INFO - Processing /home/airflow/.local/lib/python3.12/site-packages/airflow/example_dags/example_xcom.py took 0.121 seconds
[2024-10-26T07:21:14.319+0000] {processor.py:186} INFO - Started process (PID=84470) to work on /home/airflow/.local/lib/python3.12/site-packages/airflow/example_dags/example_xcom.py
[2024-10-26T07:21:14.323+0000] {processor.py:914} INFO - Processing file /home/airflow/.local/lib/python3.12/site-packages/airflow/example_dags/example_xcom.py for tasks to queue
[2024-10-26T07:21:14.326+0000] {logging_mixin.py:190} INFO - [2024-10-26T07:21:14.325+0000] {dagbag.py:588} INFO - Filling up the DagBag from /home/airflow/.local/lib/python3.12/site-packages/airflow/example_dags/example_xcom.py
[2024-10-26T07:21:14.340+0000] {processor.py:925} INFO - DAG(s) 'example_xcom' retrieved from /home/airflow/.local/lib/python3.12/site-packages/airflow/example_dags/example_xcom.py
[2024-10-26T07:21:14.362+0000] {logging_mixin.py:190} INFO - [2024-10-26T07:21:14.362+0000] {dag.py:3239} INFO - Sync 1 DAGs
[2024-10-26T07:21:14.382+0000] {logging_mixin.py:190} INFO - [2024-10-26T07:21:14.381+0000] {dag.py:4180} INFO - Setting next_dagrun for example_xcom to 2021-01-01 00:00:00+00:00, run_after=2021-01-01 00:00:00+00:00
[2024-10-26T07:21:14.398+0000] {processor.py:208} INFO - Processing /home/airflow/.local/lib/python3.12/site-packages/airflow/example_dags/example_xcom.py took 0.091 seconds
[2024-10-26T07:21:44.969+0000] {processor.py:186} INFO - Started process (PID=84761) to work on /home/airflow/.local/lib/python3.12/site-packages/airflow/example_dags/example_xcom.py
[2024-10-26T07:21:44.972+0000] {processor.py:914} INFO - Processing file /home/airflow/.local/lib/python3.12/site-packages/airflow/example_dags/example_xcom.py for tasks to queue
[2024-10-26T07:21:44.976+0000] {logging_mixin.py:190} INFO - [2024-10-26T07:21:44.975+0000] {dagbag.py:588} INFO - Filling up the DagBag from /home/airflow/.local/lib/python3.12/site-packages/airflow/example_dags/example_xcom.py
[2024-10-26T07:21:44.995+0000] {processor.py:925} INFO - DAG(s) 'example_xcom' retrieved from /home/airflow/.local/lib/python3.12/site-packages/airflow/example_dags/example_xcom.py
[2024-10-26T07:21:45.018+0000] {logging_mixin.py:190} INFO - [2024-10-26T07:21:45.018+0000] {dag.py:3239} INFO - Sync 1 DAGs
[2024-10-26T07:21:45.038+0000] {logging_mixin.py:190} INFO - [2024-10-26T07:21:45.038+0000] {dag.py:4180} INFO - Setting next_dagrun for example_xcom to 2021-01-01 00:00:00+00:00, run_after=2021-01-01 00:00:00+00:00
[2024-10-26T07:21:45.052+0000] {processor.py:208} INFO - Processing /home/airflow/.local/lib/python3.12/site-packages/airflow/example_dags/example_xcom.py took 0.101 seconds
[2024-10-26T07:22:15.876+0000] {processor.py:186} INFO - Started process (PID=85052) to work on /home/airflow/.local/lib/python3.12/site-packages/airflow/example_dags/example_xcom.py
[2024-10-26T07:22:15.884+0000] {processor.py:914} INFO - Processing file /home/airflow/.local/lib/python3.12/site-packages/airflow/example_dags/example_xcom.py for tasks to queue
[2024-10-26T07:22:15.887+0000] {logging_mixin.py:190} INFO - [2024-10-26T07:22:15.887+0000] {dagbag.py:588} INFO - Filling up the DagBag from /home/airflow/.local/lib/python3.12/site-packages/airflow/example_dags/example_xcom.py
[2024-10-26T07:22:15.908+0000] {processor.py:925} INFO - DAG(s) 'example_xcom' retrieved from /home/airflow/.local/lib/python3.12/site-packages/airflow/example_dags/example_xcom.py
[2024-10-26T07:22:15.964+0000] {logging_mixin.py:190} INFO - [2024-10-26T07:22:15.963+0000] {dag.py:3239} INFO - Sync 1 DAGs
[2024-10-26T07:22:15.995+0000] {logging_mixin.py:190} INFO - [2024-10-26T07:22:15.995+0000] {dag.py:4180} INFO - Setting next_dagrun for example_xcom to 2021-01-01 00:00:00+00:00, run_after=2021-01-01 00:00:00+00:00
[2024-10-26T07:22:16.019+0000] {processor.py:208} INFO - Processing /home/airflow/.local/lib/python3.12/site-packages/airflow/example_dags/example_xcom.py took 0.168 seconds
[2024-10-26T07:22:46.830+0000] {processor.py:186} INFO - Started process (PID=85343) to work on /home/airflow/.local/lib/python3.12/site-packages/airflow/example_dags/example_xcom.py
[2024-10-26T07:22:46.832+0000] {processor.py:914} INFO - Processing file /home/airflow/.local/lib/python3.12/site-packages/airflow/example_dags/example_xcom.py for tasks to queue
[2024-10-26T07:22:46.834+0000] {logging_mixin.py:190} INFO - [2024-10-26T07:22:46.834+0000] {dagbag.py:588} INFO - Filling up the DagBag from /home/airflow/.local/lib/python3.12/site-packages/airflow/example_dags/example_xcom.py
[2024-10-26T07:22:46.849+0000] {processor.py:925} INFO - DAG(s) 'example_xcom' retrieved from /home/airflow/.local/lib/python3.12/site-packages/airflow/example_dags/example_xcom.py
[2024-10-26T07:22:46.871+0000] {logging_mixin.py:190} INFO - [2024-10-26T07:22:46.871+0000] {dag.py:3239} INFO - Sync 1 DAGs
[2024-10-26T07:22:46.888+0000] {logging_mixin.py:190} INFO - [2024-10-26T07:22:46.888+0000] {dag.py:4180} INFO - Setting next_dagrun for example_xcom to 2021-01-01 00:00:00+00:00, run_after=2021-01-01 00:00:00+00:00
[2024-10-26T07:22:46.903+0000] {processor.py:208} INFO - Processing /home/airflow/.local/lib/python3.12/site-packages/airflow/example_dags/example_xcom.py took 0.086 seconds
[2024-10-26T07:23:17.662+0000] {processor.py:186} INFO - Started process (PID=85634) to work on /home/airflow/.local/lib/python3.12/site-packages/airflow/example_dags/example_xcom.py
[2024-10-26T07:23:17.664+0000] {processor.py:914} INFO - Processing file /home/airflow/.local/lib/python3.12/site-packages/airflow/example_dags/example_xcom.py for tasks to queue
[2024-10-26T07:23:17.665+0000] {logging_mixin.py:190} INFO - [2024-10-26T07:23:17.664+0000] {dagbag.py:588} INFO - Filling up the DagBag from /home/airflow/.local/lib/python3.12/site-packages/airflow/example_dags/example_xcom.py
[2024-10-26T07:23:17.694+0000] {processor.py:925} INFO - DAG(s) 'example_xcom' retrieved from /home/airflow/.local/lib/python3.12/site-packages/airflow/example_dags/example_xcom.py
[2024-10-26T07:23:17.716+0000] {logging_mixin.py:190} INFO - [2024-10-26T07:23:17.716+0000] {dag.py:3239} INFO - Sync 1 DAGs
[2024-10-26T07:23:17.731+0000] {logging_mixin.py:190} INFO - [2024-10-26T07:23:17.731+0000] {dag.py:4180} INFO - Setting next_dagrun for example_xcom to 2021-01-01 00:00:00+00:00, run_after=2021-01-01 00:00:00+00:00
[2024-10-26T07:23:17.748+0000] {processor.py:208} INFO - Processing /home/airflow/.local/lib/python3.12/site-packages/airflow/example_dags/example_xcom.py took 0.095 seconds
[2024-10-26T07:23:48.452+0000] {processor.py:186} INFO - Started process (PID=85925) to work on /home/airflow/.local/lib/python3.12/site-packages/airflow/example_dags/example_xcom.py
[2024-10-26T07:23:48.453+0000] {processor.py:914} INFO - Processing file /home/airflow/.local/lib/python3.12/site-packages/airflow/example_dags/example_xcom.py for tasks to queue
[2024-10-26T07:23:48.455+0000] {logging_mixin.py:190} INFO - [2024-10-26T07:23:48.455+0000] {dagbag.py:588} INFO - Filling up the DagBag from /home/airflow/.local/lib/python3.12/site-packages/airflow/example_dags/example_xcom.py
[2024-10-26T07:23:48.466+0000] {processor.py:925} INFO - DAG(s) 'example_xcom' retrieved from /home/airflow/.local/lib/python3.12/site-packages/airflow/example_dags/example_xcom.py
[2024-10-26T07:23:48.490+0000] {logging_mixin.py:190} INFO - [2024-10-26T07:23:48.490+0000] {dag.py:3239} INFO - Sync 1 DAGs
[2024-10-26T07:23:48.507+0000] {logging_mixin.py:190} INFO - [2024-10-26T07:23:48.507+0000] {dag.py:4180} INFO - Setting next_dagrun for example_xcom to 2021-01-01 00:00:00+00:00, run_after=2021-01-01 00:00:00+00:00
[2024-10-26T07:23:48.520+0000] {processor.py:208} INFO - Processing /home/airflow/.local/lib/python3.12/site-packages/airflow/example_dags/example_xcom.py took 0.079 seconds
[2024-10-26T07:24:19.162+0000] {processor.py:186} INFO - Started process (PID=86216) to work on /home/airflow/.local/lib/python3.12/site-packages/airflow/example_dags/example_xcom.py
[2024-10-26T07:24:19.165+0000] {processor.py:914} INFO - Processing file /home/airflow/.local/lib/python3.12/site-packages/airflow/example_dags/example_xcom.py for tasks to queue
[2024-10-26T07:24:19.167+0000] {logging_mixin.py:190} INFO - [2024-10-26T07:24:19.167+0000] {dagbag.py:588} INFO - Filling up the DagBag from /home/airflow/.local/lib/python3.12/site-packages/airflow/example_dags/example_xcom.py
[2024-10-26T07:24:19.177+0000] {processor.py:925} INFO - DAG(s) 'example_xcom' retrieved from /home/airflow/.local/lib/python3.12/site-packages/airflow/example_dags/example_xcom.py
[2024-10-26T07:24:19.202+0000] {logging_mixin.py:190} INFO - [2024-10-26T07:24:19.202+0000] {dag.py:3239} INFO - Sync 1 DAGs
[2024-10-26T07:24:19.229+0000] {logging_mixin.py:190} INFO - [2024-10-26T07:24:19.229+0000] {dag.py:4180} INFO - Setting next_dagrun for example_xcom to 2021-01-01 00:00:00+00:00, run_after=2021-01-01 00:00:00+00:00
[2024-10-26T07:24:19.247+0000] {processor.py:208} INFO - Processing /home/airflow/.local/lib/python3.12/site-packages/airflow/example_dags/example_xcom.py took 0.093 seconds
[2024-10-26T07:24:49.471+0000] {processor.py:186} INFO - Started process (PID=86507) to work on /home/airflow/.local/lib/python3.12/site-packages/airflow/example_dags/example_xcom.py
[2024-10-26T07:24:49.473+0000] {processor.py:914} INFO - Processing file /home/airflow/.local/lib/python3.12/site-packages/airflow/example_dags/example_xcom.py for tasks to queue
[2024-10-26T07:24:49.474+0000] {logging_mixin.py:190} INFO - [2024-10-26T07:24:49.473+0000] {dagbag.py:588} INFO - Filling up the DagBag from /home/airflow/.local/lib/python3.12/site-packages/airflow/example_dags/example_xcom.py
[2024-10-26T07:24:49.482+0000] {processor.py:925} INFO - DAG(s) 'example_xcom' retrieved from /home/airflow/.local/lib/python3.12/site-packages/airflow/example_dags/example_xcom.py
[2024-10-26T07:24:49.506+0000] {logging_mixin.py:190} INFO - [2024-10-26T07:24:49.506+0000] {dag.py:3239} INFO - Sync 1 DAGs
[2024-10-26T07:24:49.528+0000] {logging_mixin.py:190} INFO - [2024-10-26T07:24:49.528+0000] {dag.py:4180} INFO - Setting next_dagrun for example_xcom to 2021-01-01 00:00:00+00:00, run_after=2021-01-01 00:00:00+00:00
[2024-10-26T07:24:49.540+0000] {processor.py:208} INFO - Processing /home/airflow/.local/lib/python3.12/site-packages/airflow/example_dags/example_xcom.py took 0.082 seconds
[2024-10-26T07:25:20.183+0000] {processor.py:186} INFO - Started process (PID=86798) to work on /home/airflow/.local/lib/python3.12/site-packages/airflow/example_dags/example_xcom.py
[2024-10-26T07:25:20.186+0000] {processor.py:914} INFO - Processing file /home/airflow/.local/lib/python3.12/site-packages/airflow/example_dags/example_xcom.py for tasks to queue
[2024-10-26T07:25:20.195+0000] {logging_mixin.py:190} INFO - [2024-10-26T07:25:20.194+0000] {dagbag.py:588} INFO - Filling up the DagBag from /home/airflow/.local/lib/python3.12/site-packages/airflow/example_dags/example_xcom.py
[2024-10-26T07:25:20.221+0000] {processor.py:925} INFO - DAG(s) 'example_xcom' retrieved from /home/airflow/.local/lib/python3.12/site-packages/airflow/example_dags/example_xcom.py
[2024-10-26T07:25:20.271+0000] {logging_mixin.py:190} INFO - [2024-10-26T07:25:20.271+0000] {dag.py:3239} INFO - Sync 1 DAGs
[2024-10-26T07:25:20.387+0000] {logging_mixin.py:190} INFO - [2024-10-26T07:25:20.387+0000] {dag.py:4180} INFO - Setting next_dagrun for example_xcom to 2021-01-01 00:00:00+00:00, run_after=2021-01-01 00:00:00+00:00
[2024-10-26T07:25:20.546+0000] {processor.py:208} INFO - Processing /home/airflow/.local/lib/python3.12/site-packages/airflow/example_dags/example_xcom.py took 0.386 seconds
[2024-10-26T07:25:50.842+0000] {processor.py:186} INFO - Started process (PID=87089) to work on /home/airflow/.local/lib/python3.12/site-packages/airflow/example_dags/example_xcom.py
[2024-10-26T07:25:50.844+0000] {processor.py:914} INFO - Processing file /home/airflow/.local/lib/python3.12/site-packages/airflow/example_dags/example_xcom.py for tasks to queue
[2024-10-26T07:25:50.846+0000] {logging_mixin.py:190} INFO - [2024-10-26T07:25:50.845+0000] {dagbag.py:588} INFO - Filling up the DagBag from /home/airflow/.local/lib/python3.12/site-packages/airflow/example_dags/example_xcom.py
[2024-10-26T07:25:50.859+0000] {processor.py:925} INFO - DAG(s) 'example_xcom' retrieved from /home/airflow/.local/lib/python3.12/site-packages/airflow/example_dags/example_xcom.py
[2024-10-26T07:25:50.885+0000] {logging_mixin.py:190} INFO - [2024-10-26T07:25:50.885+0000] {dag.py:3239} INFO - Sync 1 DAGs
[2024-10-26T07:25:50.904+0000] {logging_mixin.py:190} INFO - [2024-10-26T07:25:50.904+0000] {dag.py:4180} INFO - Setting next_dagrun for example_xcom to 2021-01-01 00:00:00+00:00, run_after=2021-01-01 00:00:00+00:00
[2024-10-26T07:25:50.918+0000] {processor.py:208} INFO - Processing /home/airflow/.local/lib/python3.12/site-packages/airflow/example_dags/example_xcom.py took 0.084 seconds
[2024-10-26T07:26:21.222+0000] {processor.py:186} INFO - Started process (PID=87380) to work on /home/airflow/.local/lib/python3.12/site-packages/airflow/example_dags/example_xcom.py
[2024-10-26T07:26:21.224+0000] {processor.py:914} INFO - Processing file /home/airflow/.local/lib/python3.12/site-packages/airflow/example_dags/example_xcom.py for tasks to queue
[2024-10-26T07:26:21.225+0000] {logging_mixin.py:190} INFO - [2024-10-26T07:26:21.225+0000] {dagbag.py:588} INFO - Filling up the DagBag from /home/airflow/.local/lib/python3.12/site-packages/airflow/example_dags/example_xcom.py
[2024-10-26T07:26:21.236+0000] {processor.py:925} INFO - DAG(s) 'example_xcom' retrieved from /home/airflow/.local/lib/python3.12/site-packages/airflow/example_dags/example_xcom.py
[2024-10-26T07:26:21.289+0000] {logging_mixin.py:190} INFO - [2024-10-26T07:26:21.289+0000] {dag.py:3239} INFO - Sync 1 DAGs
[2024-10-26T07:26:21.309+0000] {logging_mixin.py:190} INFO - [2024-10-26T07:26:21.308+0000] {dag.py:4180} INFO - Setting next_dagrun for example_xcom to 2021-01-01 00:00:00+00:00, run_after=2021-01-01 00:00:00+00:00
[2024-10-26T07:26:21.322+0000] {processor.py:208} INFO - Processing /home/airflow/.local/lib/python3.12/site-packages/airflow/example_dags/example_xcom.py took 0.107 seconds
[2024-10-26T07:26:51.901+0000] {processor.py:186} INFO - Started process (PID=87671) to work on /home/airflow/.local/lib/python3.12/site-packages/airflow/example_dags/example_xcom.py
[2024-10-26T07:26:51.902+0000] {processor.py:914} INFO - Processing file /home/airflow/.local/lib/python3.12/site-packages/airflow/example_dags/example_xcom.py for tasks to queue
[2024-10-26T07:26:51.904+0000] {logging_mixin.py:190} INFO - [2024-10-26T07:26:51.903+0000] {dagbag.py:588} INFO - Filling up the DagBag from /home/airflow/.local/lib/python3.12/site-packages/airflow/example_dags/example_xcom.py
[2024-10-26T07:26:51.912+0000] {processor.py:925} INFO - DAG(s) 'example_xcom' retrieved from /home/airflow/.local/lib/python3.12/site-packages/airflow/example_dags/example_xcom.py
[2024-10-26T07:26:51.931+0000] {logging_mixin.py:190} INFO - [2024-10-26T07:26:51.930+0000] {dag.py:3239} INFO - Sync 1 DAGs
[2024-10-26T07:26:51.947+0000] {logging_mixin.py:190} INFO - [2024-10-26T07:26:51.947+0000] {dag.py:4180} INFO - Setting next_dagrun for example_xcom to 2021-01-01 00:00:00+00:00, run_after=2021-01-01 00:00:00+00:00
[2024-10-26T07:26:51.957+0000] {processor.py:208} INFO - Processing /home/airflow/.local/lib/python3.12/site-packages/airflow/example_dags/example_xcom.py took 0.062 seconds
[2024-10-26T07:27:22.175+0000] {processor.py:186} INFO - Started process (PID=87962) to work on /home/airflow/.local/lib/python3.12/site-packages/airflow/example_dags/example_xcom.py
[2024-10-26T07:27:22.176+0000] {processor.py:914} INFO - Processing file /home/airflow/.local/lib/python3.12/site-packages/airflow/example_dags/example_xcom.py for tasks to queue
[2024-10-26T07:27:22.178+0000] {logging_mixin.py:190} INFO - [2024-10-26T07:27:22.177+0000] {dagbag.py:588} INFO - Filling up the DagBag from /home/airflow/.local/lib/python3.12/site-packages/airflow/example_dags/example_xcom.py
[2024-10-26T07:27:22.189+0000] {processor.py:925} INFO - DAG(s) 'example_xcom' retrieved from /home/airflow/.local/lib/python3.12/site-packages/airflow/example_dags/example_xcom.py
[2024-10-26T07:27:22.209+0000] {logging_mixin.py:190} INFO - [2024-10-26T07:27:22.209+0000] {dag.py:3239} INFO - Sync 1 DAGs
[2024-10-26T07:27:22.227+0000] {logging_mixin.py:190} INFO - [2024-10-26T07:27:22.226+0000] {dag.py:4180} INFO - Setting next_dagrun for example_xcom to 2021-01-01 00:00:00+00:00, run_after=2021-01-01 00:00:00+00:00
[2024-10-26T07:27:22.238+0000] {processor.py:208} INFO - Processing /home/airflow/.local/lib/python3.12/site-packages/airflow/example_dags/example_xcom.py took 0.074 seconds
