[2024-10-26T00:46:26.783+0000] {processor.py:186} INFO - Started process (PID=71004) to work on /home/airflow/.local/lib/python3.12/site-packages/airflow/example_dags/example_branch_operator_decorator.py
[2024-10-26T00:46:26.783+0000] {processor.py:914} INFO - Processing file /home/airflow/.local/lib/python3.12/site-packages/airflow/example_dags/example_branch_operator_decorator.py for tasks to queue
[2024-10-26T00:46:26.784+0000] {logging_mixin.py:190} INFO - [2024-10-26T00:46:26.784+0000] {dagbag.py:588} INFO - Filling up the DagBag from /home/airflow/.local/lib/python3.12/site-packages/airflow/example_dags/example_branch_operator_decorator.py
[2024-10-26T00:46:26.794+0000] {processor.py:925} INFO - DAG(s) 'example_branch_python_operator_decorator' retrieved from /home/airflow/.local/lib/python3.12/site-packages/airflow/example_dags/example_branch_operator_decorator.py
[2024-10-26T00:46:26.808+0000] {logging_mixin.py:190} INFO - [2024-10-26T00:46:26.808+0000] {dag.py:3239} INFO - Sync 1 DAGs
[2024-10-26T00:46:26.822+0000] {logging_mixin.py:190} INFO - [2024-10-26T00:46:26.822+0000] {dag.py:4180} INFO - Setting next_dagrun for example_branch_python_operator_decorator to 2024-10-25 00:00:00+00:00, run_after=2024-10-26 00:00:00+00:00
[2024-10-26T00:46:26.834+0000] {processor.py:208} INFO - Processing /home/airflow/.local/lib/python3.12/site-packages/airflow/example_dags/example_branch_operator_decorator.py took 0.055 seconds
[2024-10-26T01:37:10.420+0000] {processor.py:186} INFO - Started process (PID=71296) to work on /home/airflow/.local/lib/python3.12/site-packages/airflow/example_dags/example_branch_operator_decorator.py
[2024-10-26T01:37:10.420+0000] {processor.py:914} INFO - Processing file /home/airflow/.local/lib/python3.12/site-packages/airflow/example_dags/example_branch_operator_decorator.py for tasks to queue
[2024-10-26T01:37:10.421+0000] {logging_mixin.py:190} INFO - [2024-10-26T01:37:10.421+0000] {dagbag.py:588} INFO - Filling up the DagBag from /home/airflow/.local/lib/python3.12/site-packages/airflow/example_dags/example_branch_operator_decorator.py
[2024-10-26T01:37:10.432+0000] {processor.py:925} INFO - DAG(s) 'example_branch_python_operator_decorator' retrieved from /home/airflow/.local/lib/python3.12/site-packages/airflow/example_dags/example_branch_operator_decorator.py
[2024-10-26T01:37:10.445+0000] {logging_mixin.py:190} INFO - [2024-10-26T01:37:10.445+0000] {dag.py:3239} INFO - Sync 1 DAGs
[2024-10-26T01:37:10.459+0000] {logging_mixin.py:190} INFO - [2024-10-26T01:37:10.459+0000] {dag.py:4180} INFO - Setting next_dagrun for example_branch_python_operator_decorator to 2024-10-25 00:00:00+00:00, run_after=2024-10-26 00:00:00+00:00
[2024-10-26T01:37:10.472+0000] {processor.py:208} INFO - Processing /home/airflow/.local/lib/python3.12/site-packages/airflow/example_dags/example_branch_operator_decorator.py took 0.056 seconds
[2024-10-26T02:57:39.411+0000] {processor.py:186} INFO - Started process (PID=71587) to work on /home/airflow/.local/lib/python3.12/site-packages/airflow/example_dags/example_branch_operator_decorator.py
[2024-10-26T02:57:39.412+0000] {processor.py:914} INFO - Processing file /home/airflow/.local/lib/python3.12/site-packages/airflow/example_dags/example_branch_operator_decorator.py for tasks to queue
[2024-10-26T02:57:39.413+0000] {logging_mixin.py:190} INFO - [2024-10-26T02:57:39.413+0000] {dagbag.py:588} INFO - Filling up the DagBag from /home/airflow/.local/lib/python3.12/site-packages/airflow/example_dags/example_branch_operator_decorator.py
[2024-10-26T02:57:39.424+0000] {processor.py:925} INFO - DAG(s) 'example_branch_python_operator_decorator' retrieved from /home/airflow/.local/lib/python3.12/site-packages/airflow/example_dags/example_branch_operator_decorator.py
[2024-10-26T02:57:39.448+0000] {logging_mixin.py:190} INFO - [2024-10-26T02:57:39.448+0000] {dag.py:3239} INFO - Sync 1 DAGs
[2024-10-26T02:57:39.464+0000] {logging_mixin.py:190} INFO - [2024-10-26T02:57:39.463+0000] {dag.py:4180} INFO - Setting next_dagrun for example_branch_python_operator_decorator to 2024-10-25 00:00:00+00:00, run_after=2024-10-26 00:00:00+00:00
[2024-10-26T02:57:39.477+0000] {processor.py:208} INFO - Processing /home/airflow/.local/lib/python3.12/site-packages/airflow/example_dags/example_branch_operator_decorator.py took 0.069 seconds
[2024-10-26T04:18:36.643+0000] {processor.py:186} INFO - Started process (PID=71878) to work on /home/airflow/.local/lib/python3.12/site-packages/airflow/example_dags/example_branch_operator_decorator.py
[2024-10-26T04:18:36.646+0000] {processor.py:914} INFO - Processing file /home/airflow/.local/lib/python3.12/site-packages/airflow/example_dags/example_branch_operator_decorator.py for tasks to queue
[2024-10-26T04:18:36.647+0000] {logging_mixin.py:190} INFO - [2024-10-26T04:18:36.647+0000] {dagbag.py:588} INFO - Filling up the DagBag from /home/airflow/.local/lib/python3.12/site-packages/airflow/example_dags/example_branch_operator_decorator.py
[2024-10-26T04:18:36.658+0000] {processor.py:925} INFO - DAG(s) 'example_branch_python_operator_decorator' retrieved from /home/airflow/.local/lib/python3.12/site-packages/airflow/example_dags/example_branch_operator_decorator.py
[2024-10-26T04:18:36.672+0000] {logging_mixin.py:190} INFO - [2024-10-26T04:18:36.671+0000] {dag.py:3239} INFO - Sync 1 DAGs
[2024-10-26T04:18:36.683+0000] {logging_mixin.py:190} INFO - [2024-10-26T04:18:36.683+0000] {dag.py:4180} INFO - Setting next_dagrun for example_branch_python_operator_decorator to 2024-10-25 00:00:00+00:00, run_after=2024-10-26 00:00:00+00:00
[2024-10-26T04:18:36.692+0000] {processor.py:208} INFO - Processing /home/airflow/.local/lib/python3.12/site-packages/airflow/example_dags/example_branch_operator_decorator.py took 0.052 seconds
[2024-10-26T05:41:06.419+0000] {processor.py:186} INFO - Started process (PID=72169) to work on /home/airflow/.local/lib/python3.12/site-packages/airflow/example_dags/example_branch_operator_decorator.py
[2024-10-26T05:41:06.421+0000] {processor.py:914} INFO - Processing file /home/airflow/.local/lib/python3.12/site-packages/airflow/example_dags/example_branch_operator_decorator.py for tasks to queue
[2024-10-26T05:41:06.421+0000] {logging_mixin.py:190} INFO - [2024-10-26T05:41:06.421+0000] {dagbag.py:588} INFO - Filling up the DagBag from /home/airflow/.local/lib/python3.12/site-packages/airflow/example_dags/example_branch_operator_decorator.py
[2024-10-26T05:41:06.431+0000] {processor.py:925} INFO - DAG(s) 'example_branch_python_operator_decorator' retrieved from /home/airflow/.local/lib/python3.12/site-packages/airflow/example_dags/example_branch_operator_decorator.py
[2024-10-26T05:41:06.446+0000] {logging_mixin.py:190} INFO - [2024-10-26T05:41:06.446+0000] {dag.py:3239} INFO - Sync 1 DAGs
[2024-10-26T05:41:06.461+0000] {logging_mixin.py:190} INFO - [2024-10-26T05:41:06.461+0000] {dag.py:4180} INFO - Setting next_dagrun for example_branch_python_operator_decorator to 2024-10-25 00:00:00+00:00, run_after=2024-10-26 00:00:00+00:00
[2024-10-26T05:41:06.474+0000] {processor.py:208} INFO - Processing /home/airflow/.local/lib/python3.12/site-packages/airflow/example_dags/example_branch_operator_decorator.py took 0.058 seconds
[2024-10-26T06:59:46.801+0000] {processor.py:186} INFO - Started process (PID=72460) to work on /home/airflow/.local/lib/python3.12/site-packages/airflow/example_dags/example_branch_operator_decorator.py
[2024-10-26T06:59:46.801+0000] {processor.py:914} INFO - Processing file /home/airflow/.local/lib/python3.12/site-packages/airflow/example_dags/example_branch_operator_decorator.py for tasks to queue
[2024-10-26T06:59:46.802+0000] {logging_mixin.py:190} INFO - [2024-10-26T06:59:46.802+0000] {dagbag.py:588} INFO - Filling up the DagBag from /home/airflow/.local/lib/python3.12/site-packages/airflow/example_dags/example_branch_operator_decorator.py
[2024-10-26T06:59:46.812+0000] {processor.py:925} INFO - DAG(s) 'example_branch_python_operator_decorator' retrieved from /home/airflow/.local/lib/python3.12/site-packages/airflow/example_dags/example_branch_operator_decorator.py
[2024-10-26T06:59:46.826+0000] {logging_mixin.py:190} INFO - [2024-10-26T06:59:46.826+0000] {dag.py:3239} INFO - Sync 1 DAGs
[2024-10-26T06:59:46.838+0000] {logging_mixin.py:190} INFO - [2024-10-26T06:59:46.838+0000] {dag.py:4180} INFO - Setting next_dagrun for example_branch_python_operator_decorator to 2024-10-25 00:00:00+00:00, run_after=2024-10-26 00:00:00+00:00
[2024-10-26T06:59:46.853+0000] {processor.py:208} INFO - Processing /home/airflow/.local/lib/python3.12/site-packages/airflow/example_dags/example_branch_operator_decorator.py took 0.056 seconds
[2024-10-26T07:00:17.352+0000] {processor.py:186} INFO - Started process (PID=72751) to work on /home/airflow/.local/lib/python3.12/site-packages/airflow/example_dags/example_branch_operator_decorator.py
[2024-10-26T07:00:17.356+0000] {processor.py:914} INFO - Processing file /home/airflow/.local/lib/python3.12/site-packages/airflow/example_dags/example_branch_operator_decorator.py for tasks to queue
[2024-10-26T07:00:17.357+0000] {logging_mixin.py:190} INFO - [2024-10-26T07:00:17.357+0000] {dagbag.py:588} INFO - Filling up the DagBag from /home/airflow/.local/lib/python3.12/site-packages/airflow/example_dags/example_branch_operator_decorator.py
[2024-10-26T07:00:17.369+0000] {processor.py:925} INFO - DAG(s) 'example_branch_python_operator_decorator' retrieved from /home/airflow/.local/lib/python3.12/site-packages/airflow/example_dags/example_branch_operator_decorator.py
[2024-10-26T07:00:17.387+0000] {logging_mixin.py:190} INFO - [2024-10-26T07:00:17.387+0000] {dag.py:3239} INFO - Sync 1 DAGs
[2024-10-26T07:00:17.400+0000] {logging_mixin.py:190} INFO - [2024-10-26T07:00:17.400+0000] {dag.py:4180} INFO - Setting next_dagrun for example_branch_python_operator_decorator to 2024-10-25 00:00:00+00:00, run_after=2024-10-26 00:00:00+00:00
[2024-10-26T07:00:17.408+0000] {processor.py:208} INFO - Processing /home/airflow/.local/lib/python3.12/site-packages/airflow/example_dags/example_branch_operator_decorator.py took 0.059 seconds
[2024-10-26T07:00:47.930+0000] {processor.py:186} INFO - Started process (PID=73042) to work on /home/airflow/.local/lib/python3.12/site-packages/airflow/example_dags/example_branch_operator_decorator.py
[2024-10-26T07:00:47.931+0000] {processor.py:914} INFO - Processing file /home/airflow/.local/lib/python3.12/site-packages/airflow/example_dags/example_branch_operator_decorator.py for tasks to queue
[2024-10-26T07:00:47.933+0000] {logging_mixin.py:190} INFO - [2024-10-26T07:00:47.933+0000] {dagbag.py:588} INFO - Filling up the DagBag from /home/airflow/.local/lib/python3.12/site-packages/airflow/example_dags/example_branch_operator_decorator.py
[2024-10-26T07:00:47.945+0000] {processor.py:925} INFO - DAG(s) 'example_branch_python_operator_decorator' retrieved from /home/airflow/.local/lib/python3.12/site-packages/airflow/example_dags/example_branch_operator_decorator.py
[2024-10-26T07:00:47.962+0000] {logging_mixin.py:190} INFO - [2024-10-26T07:00:47.962+0000] {dag.py:3239} INFO - Sync 1 DAGs
[2024-10-26T07:00:47.975+0000] {logging_mixin.py:190} INFO - [2024-10-26T07:00:47.975+0000] {dag.py:4180} INFO - Setting next_dagrun for example_branch_python_operator_decorator to 2024-10-25 00:00:00+00:00, run_after=2024-10-26 00:00:00+00:00
[2024-10-26T07:00:47.985+0000] {processor.py:208} INFO - Processing /home/airflow/.local/lib/python3.12/site-packages/airflow/example_dags/example_branch_operator_decorator.py took 0.058 seconds
[2024-10-26T07:01:22.410+0000] {processor.py:186} INFO - Started process (PID=73333) to work on /home/airflow/.local/lib/python3.12/site-packages/airflow/example_dags/example_branch_operator_decorator.py
[2024-10-26T07:01:22.412+0000] {processor.py:914} INFO - Processing file /home/airflow/.local/lib/python3.12/site-packages/airflow/example_dags/example_branch_operator_decorator.py for tasks to queue
[2024-10-26T07:01:22.413+0000] {logging_mixin.py:190} INFO - [2024-10-26T07:01:22.413+0000] {dagbag.py:588} INFO - Filling up the DagBag from /home/airflow/.local/lib/python3.12/site-packages/airflow/example_dags/example_branch_operator_decorator.py
[2024-10-26T07:01:22.473+0000] {processor.py:925} INFO - DAG(s) 'example_branch_python_operator_decorator' retrieved from /home/airflow/.local/lib/python3.12/site-packages/airflow/example_dags/example_branch_operator_decorator.py
[2024-10-26T07:01:22.604+0000] {logging_mixin.py:190} INFO - [2024-10-26T07:01:22.604+0000] {dag.py:3239} INFO - Sync 1 DAGs
[2024-10-26T07:01:22.683+0000] {logging_mixin.py:190} INFO - [2024-10-26T07:01:22.683+0000] {dag.py:4180} INFO - Setting next_dagrun for example_branch_python_operator_decorator to 2024-10-25 00:00:00+00:00, run_after=2024-10-26 00:00:00+00:00
[2024-10-26T07:01:22.739+0000] {processor.py:208} INFO - Processing /home/airflow/.local/lib/python3.12/site-packages/airflow/example_dags/example_branch_operator_decorator.py took 0.344 seconds
[2024-10-26T07:01:53.543+0000] {processor.py:186} INFO - Started process (PID=73624) to work on /home/airflow/.local/lib/python3.12/site-packages/airflow/example_dags/example_branch_operator_decorator.py
[2024-10-26T07:01:53.547+0000] {processor.py:914} INFO - Processing file /home/airflow/.local/lib/python3.12/site-packages/airflow/example_dags/example_branch_operator_decorator.py for tasks to queue
[2024-10-26T07:01:53.548+0000] {logging_mixin.py:190} INFO - [2024-10-26T07:01:53.547+0000] {dagbag.py:588} INFO - Filling up the DagBag from /home/airflow/.local/lib/python3.12/site-packages/airflow/example_dags/example_branch_operator_decorator.py
[2024-10-26T07:01:53.571+0000] {processor.py:925} INFO - DAG(s) 'example_branch_python_operator_decorator' retrieved from /home/airflow/.local/lib/python3.12/site-packages/airflow/example_dags/example_branch_operator_decorator.py
[2024-10-26T07:01:53.590+0000] {logging_mixin.py:190} INFO - [2024-10-26T07:01:53.590+0000] {dag.py:3239} INFO - Sync 1 DAGs
[2024-10-26T07:01:53.619+0000] {logging_mixin.py:190} INFO - [2024-10-26T07:01:53.618+0000] {dag.py:4180} INFO - Setting next_dagrun for example_branch_python_operator_decorator to 2024-10-25 00:00:00+00:00, run_after=2024-10-26 00:00:00+00:00
[2024-10-26T07:01:53.637+0000] {processor.py:208} INFO - Processing /home/airflow/.local/lib/python3.12/site-packages/airflow/example_dags/example_branch_operator_decorator.py took 0.104 seconds
[2024-10-26T07:02:23.948+0000] {processor.py:186} INFO - Started process (PID=73915) to work on /home/airflow/.local/lib/python3.12/site-packages/airflow/example_dags/example_branch_operator_decorator.py
[2024-10-26T07:02:23.949+0000] {processor.py:914} INFO - Processing file /home/airflow/.local/lib/python3.12/site-packages/airflow/example_dags/example_branch_operator_decorator.py for tasks to queue
[2024-10-26T07:02:23.951+0000] {logging_mixin.py:190} INFO - [2024-10-26T07:02:23.951+0000] {dagbag.py:588} INFO - Filling up the DagBag from /home/airflow/.local/lib/python3.12/site-packages/airflow/example_dags/example_branch_operator_decorator.py
[2024-10-26T07:02:23.972+0000] {processor.py:925} INFO - DAG(s) 'example_branch_python_operator_decorator' retrieved from /home/airflow/.local/lib/python3.12/site-packages/airflow/example_dags/example_branch_operator_decorator.py
[2024-10-26T07:02:23.991+0000] {logging_mixin.py:190} INFO - [2024-10-26T07:02:23.991+0000] {dag.py:3239} INFO - Sync 1 DAGs
[2024-10-26T07:02:24.006+0000] {logging_mixin.py:190} INFO - [2024-10-26T07:02:24.006+0000] {dag.py:4180} INFO - Setting next_dagrun for example_branch_python_operator_decorator to 2024-10-25 00:00:00+00:00, run_after=2024-10-26 00:00:00+00:00
[2024-10-26T07:02:24.017+0000] {processor.py:208} INFO - Processing /home/airflow/.local/lib/python3.12/site-packages/airflow/example_dags/example_branch_operator_decorator.py took 0.078 seconds
[2024-10-26T07:02:54.666+0000] {processor.py:186} INFO - Started process (PID=74206) to work on /home/airflow/.local/lib/python3.12/site-packages/airflow/example_dags/example_branch_operator_decorator.py
[2024-10-26T07:02:54.669+0000] {processor.py:914} INFO - Processing file /home/airflow/.local/lib/python3.12/site-packages/airflow/example_dags/example_branch_operator_decorator.py for tasks to queue
[2024-10-26T07:02:54.671+0000] {logging_mixin.py:190} INFO - [2024-10-26T07:02:54.671+0000] {dagbag.py:588} INFO - Filling up the DagBag from /home/airflow/.local/lib/python3.12/site-packages/airflow/example_dags/example_branch_operator_decorator.py
[2024-10-26T07:02:54.683+0000] {processor.py:925} INFO - DAG(s) 'example_branch_python_operator_decorator' retrieved from /home/airflow/.local/lib/python3.12/site-packages/airflow/example_dags/example_branch_operator_decorator.py
[2024-10-26T07:02:54.702+0000] {logging_mixin.py:190} INFO - [2024-10-26T07:02:54.702+0000] {dag.py:3239} INFO - Sync 1 DAGs
[2024-10-26T07:02:54.718+0000] {logging_mixin.py:190} INFO - [2024-10-26T07:02:54.718+0000] {dag.py:4180} INFO - Setting next_dagrun for example_branch_python_operator_decorator to 2024-10-25 00:00:00+00:00, run_after=2024-10-26 00:00:00+00:00
[2024-10-26T07:02:54.727+0000] {processor.py:208} INFO - Processing /home/airflow/.local/lib/python3.12/site-packages/airflow/example_dags/example_branch_operator_decorator.py took 0.065 seconds
[2024-10-26T07:03:25.312+0000] {processor.py:186} INFO - Started process (PID=74497) to work on /home/airflow/.local/lib/python3.12/site-packages/airflow/example_dags/example_branch_operator_decorator.py
[2024-10-26T07:03:25.316+0000] {processor.py:914} INFO - Processing file /home/airflow/.local/lib/python3.12/site-packages/airflow/example_dags/example_branch_operator_decorator.py for tasks to queue
[2024-10-26T07:03:25.319+0000] {logging_mixin.py:190} INFO - [2024-10-26T07:03:25.319+0000] {dagbag.py:588} INFO - Filling up the DagBag from /home/airflow/.local/lib/python3.12/site-packages/airflow/example_dags/example_branch_operator_decorator.py
[2024-10-26T07:03:25.342+0000] {processor.py:925} INFO - DAG(s) 'example_branch_python_operator_decorator' retrieved from /home/airflow/.local/lib/python3.12/site-packages/airflow/example_dags/example_branch_operator_decorator.py
[2024-10-26T07:03:25.361+0000] {logging_mixin.py:190} INFO - [2024-10-26T07:03:25.361+0000] {dag.py:3239} INFO - Sync 1 DAGs
[2024-10-26T07:03:25.375+0000] {logging_mixin.py:190} INFO - [2024-10-26T07:03:25.375+0000] {dag.py:4180} INFO - Setting next_dagrun for example_branch_python_operator_decorator to 2024-10-25 00:00:00+00:00, run_after=2024-10-26 00:00:00+00:00
[2024-10-26T07:03:25.385+0000] {processor.py:208} INFO - Processing /home/airflow/.local/lib/python3.12/site-packages/airflow/example_dags/example_branch_operator_decorator.py took 0.087 seconds
[2024-10-26T07:03:56.135+0000] {processor.py:186} INFO - Started process (PID=74788) to work on /home/airflow/.local/lib/python3.12/site-packages/airflow/example_dags/example_branch_operator_decorator.py
[2024-10-26T07:03:56.136+0000] {processor.py:914} INFO - Processing file /home/airflow/.local/lib/python3.12/site-packages/airflow/example_dags/example_branch_operator_decorator.py for tasks to queue
[2024-10-26T07:03:56.137+0000] {logging_mixin.py:190} INFO - [2024-10-26T07:03:56.137+0000] {dagbag.py:588} INFO - Filling up the DagBag from /home/airflow/.local/lib/python3.12/site-packages/airflow/example_dags/example_branch_operator_decorator.py
[2024-10-26T07:03:56.154+0000] {processor.py:925} INFO - DAG(s) 'example_branch_python_operator_decorator' retrieved from /home/airflow/.local/lib/python3.12/site-packages/airflow/example_dags/example_branch_operator_decorator.py
[2024-10-26T07:03:56.174+0000] {logging_mixin.py:190} INFO - [2024-10-26T07:03:56.174+0000] {dag.py:3239} INFO - Sync 1 DAGs
[2024-10-26T07:03:56.187+0000] {logging_mixin.py:190} INFO - [2024-10-26T07:03:56.186+0000] {dag.py:4180} INFO - Setting next_dagrun for example_branch_python_operator_decorator to 2024-10-25 00:00:00+00:00, run_after=2024-10-26 00:00:00+00:00
[2024-10-26T07:03:56.197+0000] {processor.py:208} INFO - Processing /home/airflow/.local/lib/python3.12/site-packages/airflow/example_dags/example_branch_operator_decorator.py took 0.068 seconds
[2024-10-26T07:04:26.361+0000] {processor.py:186} INFO - Started process (PID=75078) to work on /home/airflow/.local/lib/python3.12/site-packages/airflow/example_dags/example_branch_operator_decorator.py
[2024-10-26T07:04:26.363+0000] {processor.py:914} INFO - Processing file /home/airflow/.local/lib/python3.12/site-packages/airflow/example_dags/example_branch_operator_decorator.py for tasks to queue
[2024-10-26T07:04:26.367+0000] {logging_mixin.py:190} INFO - [2024-10-26T07:04:26.367+0000] {dagbag.py:588} INFO - Filling up the DagBag from /home/airflow/.local/lib/python3.12/site-packages/airflow/example_dags/example_branch_operator_decorator.py
[2024-10-26T07:04:26.387+0000] {processor.py:925} INFO - DAG(s) 'example_branch_python_operator_decorator' retrieved from /home/airflow/.local/lib/python3.12/site-packages/airflow/example_dags/example_branch_operator_decorator.py
[2024-10-26T07:04:26.408+0000] {logging_mixin.py:190} INFO - [2024-10-26T07:04:26.407+0000] {dag.py:3239} INFO - Sync 1 DAGs
[2024-10-26T07:04:26.423+0000] {logging_mixin.py:190} INFO - [2024-10-26T07:04:26.422+0000] {dag.py:4180} INFO - Setting next_dagrun for example_branch_python_operator_decorator to 2024-10-25 00:00:00+00:00, run_after=2024-10-26 00:00:00+00:00
[2024-10-26T07:04:26.434+0000] {processor.py:208} INFO - Processing /home/airflow/.local/lib/python3.12/site-packages/airflow/example_dags/example_branch_operator_decorator.py took 0.081 seconds
[2024-10-26T07:04:56.723+0000] {processor.py:186} INFO - Started process (PID=75369) to work on /home/airflow/.local/lib/python3.12/site-packages/airflow/example_dags/example_branch_operator_decorator.py
[2024-10-26T07:04:56.725+0000] {processor.py:914} INFO - Processing file /home/airflow/.local/lib/python3.12/site-packages/airflow/example_dags/example_branch_operator_decorator.py for tasks to queue
[2024-10-26T07:04:56.727+0000] {logging_mixin.py:190} INFO - [2024-10-26T07:04:56.727+0000] {dagbag.py:588} INFO - Filling up the DagBag from /home/airflow/.local/lib/python3.12/site-packages/airflow/example_dags/example_branch_operator_decorator.py
[2024-10-26T07:04:56.749+0000] {processor.py:925} INFO - DAG(s) 'example_branch_python_operator_decorator' retrieved from /home/airflow/.local/lib/python3.12/site-packages/airflow/example_dags/example_branch_operator_decorator.py
[2024-10-26T07:04:56.771+0000] {logging_mixin.py:190} INFO - [2024-10-26T07:04:56.771+0000] {dag.py:3239} INFO - Sync 1 DAGs
[2024-10-26T07:04:56.787+0000] {logging_mixin.py:190} INFO - [2024-10-26T07:04:56.786+0000] {dag.py:4180} INFO - Setting next_dagrun for example_branch_python_operator_decorator to 2024-10-25 00:00:00+00:00, run_after=2024-10-26 00:00:00+00:00
[2024-10-26T07:04:56.799+0000] {processor.py:208} INFO - Processing /home/airflow/.local/lib/python3.12/site-packages/airflow/example_dags/example_branch_operator_decorator.py took 0.084 seconds
[2024-10-26T07:05:26.863+0000] {processor.py:186} INFO - Started process (PID=75665) to work on /home/airflow/.local/lib/python3.12/site-packages/airflow/example_dags/example_branch_operator_decorator.py
[2024-10-26T07:05:26.864+0000] {processor.py:914} INFO - Processing file /home/airflow/.local/lib/python3.12/site-packages/airflow/example_dags/example_branch_operator_decorator.py for tasks to queue
[2024-10-26T07:05:26.865+0000] {logging_mixin.py:190} INFO - [2024-10-26T07:05:26.865+0000] {dagbag.py:588} INFO - Filling up the DagBag from /home/airflow/.local/lib/python3.12/site-packages/airflow/example_dags/example_branch_operator_decorator.py
[2024-10-26T07:05:26.880+0000] {processor.py:925} INFO - DAG(s) 'example_branch_python_operator_decorator' retrieved from /home/airflow/.local/lib/python3.12/site-packages/airflow/example_dags/example_branch_operator_decorator.py
[2024-10-26T07:05:26.901+0000] {logging_mixin.py:190} INFO - [2024-10-26T07:05:26.901+0000] {dag.py:3239} INFO - Sync 1 DAGs
[2024-10-26T07:05:26.915+0000] {logging_mixin.py:190} INFO - [2024-10-26T07:05:26.915+0000] {dag.py:4180} INFO - Setting next_dagrun for example_branch_python_operator_decorator to 2024-10-25 00:00:00+00:00, run_after=2024-10-26 00:00:00+00:00
[2024-10-26T07:05:26.929+0000] {processor.py:208} INFO - Processing /home/airflow/.local/lib/python3.12/site-packages/airflow/example_dags/example_branch_operator_decorator.py took 0.069 seconds
[2024-10-26T07:05:57.532+0000] {processor.py:186} INFO - Started process (PID=75955) to work on /home/airflow/.local/lib/python3.12/site-packages/airflow/example_dags/example_branch_operator_decorator.py
[2024-10-26T07:05:57.532+0000] {processor.py:914} INFO - Processing file /home/airflow/.local/lib/python3.12/site-packages/airflow/example_dags/example_branch_operator_decorator.py for tasks to queue
[2024-10-26T07:05:57.533+0000] {logging_mixin.py:190} INFO - [2024-10-26T07:05:57.533+0000] {dagbag.py:588} INFO - Filling up the DagBag from /home/airflow/.local/lib/python3.12/site-packages/airflow/example_dags/example_branch_operator_decorator.py
[2024-10-26T07:05:57.547+0000] {processor.py:925} INFO - DAG(s) 'example_branch_python_operator_decorator' retrieved from /home/airflow/.local/lib/python3.12/site-packages/airflow/example_dags/example_branch_operator_decorator.py
[2024-10-26T07:05:57.565+0000] {logging_mixin.py:190} INFO - [2024-10-26T07:05:57.565+0000] {dag.py:3239} INFO - Sync 1 DAGs
[2024-10-26T07:05:57.580+0000] {logging_mixin.py:190} INFO - [2024-10-26T07:05:57.580+0000] {dag.py:4180} INFO - Setting next_dagrun for example_branch_python_operator_decorator to 2024-10-25 00:00:00+00:00, run_after=2024-10-26 00:00:00+00:00
[2024-10-26T07:05:57.590+0000] {processor.py:208} INFO - Processing /home/airflow/.local/lib/python3.12/site-packages/airflow/example_dags/example_branch_operator_decorator.py took 0.062 seconds
[2024-10-26T07:06:27.856+0000] {processor.py:186} INFO - Started process (PID=76246) to work on /home/airflow/.local/lib/python3.12/site-packages/airflow/example_dags/example_branch_operator_decorator.py
[2024-10-26T07:06:27.858+0000] {processor.py:914} INFO - Processing file /home/airflow/.local/lib/python3.12/site-packages/airflow/example_dags/example_branch_operator_decorator.py for tasks to queue
[2024-10-26T07:06:27.860+0000] {logging_mixin.py:190} INFO - [2024-10-26T07:06:27.860+0000] {dagbag.py:588} INFO - Filling up the DagBag from /home/airflow/.local/lib/python3.12/site-packages/airflow/example_dags/example_branch_operator_decorator.py
[2024-10-26T07:06:27.876+0000] {processor.py:925} INFO - DAG(s) 'example_branch_python_operator_decorator' retrieved from /home/airflow/.local/lib/python3.12/site-packages/airflow/example_dags/example_branch_operator_decorator.py
[2024-10-26T07:06:27.892+0000] {logging_mixin.py:190} INFO - [2024-10-26T07:06:27.892+0000] {dag.py:3239} INFO - Sync 1 DAGs
[2024-10-26T07:06:27.905+0000] {logging_mixin.py:190} INFO - [2024-10-26T07:06:27.905+0000] {dag.py:4180} INFO - Setting next_dagrun for example_branch_python_operator_decorator to 2024-10-25 00:00:00+00:00, run_after=2024-10-26 00:00:00+00:00
[2024-10-26T07:06:27.913+0000] {processor.py:208} INFO - Processing /home/airflow/.local/lib/python3.12/site-packages/airflow/example_dags/example_branch_operator_decorator.py took 0.060 seconds
[2024-10-26T07:06:58.149+0000] {processor.py:186} INFO - Started process (PID=76537) to work on /home/airflow/.local/lib/python3.12/site-packages/airflow/example_dags/example_branch_operator_decorator.py
[2024-10-26T07:06:58.150+0000] {processor.py:914} INFO - Processing file /home/airflow/.local/lib/python3.12/site-packages/airflow/example_dags/example_branch_operator_decorator.py for tasks to queue
[2024-10-26T07:06:58.152+0000] {logging_mixin.py:190} INFO - [2024-10-26T07:06:58.152+0000] {dagbag.py:588} INFO - Filling up the DagBag from /home/airflow/.local/lib/python3.12/site-packages/airflow/example_dags/example_branch_operator_decorator.py
[2024-10-26T07:06:58.166+0000] {processor.py:925} INFO - DAG(s) 'example_branch_python_operator_decorator' retrieved from /home/airflow/.local/lib/python3.12/site-packages/airflow/example_dags/example_branch_operator_decorator.py
[2024-10-26T07:06:58.182+0000] {logging_mixin.py:190} INFO - [2024-10-26T07:06:58.182+0000] {dag.py:3239} INFO - Sync 1 DAGs
[2024-10-26T07:06:58.195+0000] {logging_mixin.py:190} INFO - [2024-10-26T07:06:58.195+0000] {dag.py:4180} INFO - Setting next_dagrun for example_branch_python_operator_decorator to 2024-10-25 00:00:00+00:00, run_after=2024-10-26 00:00:00+00:00
[2024-10-26T07:06:58.203+0000] {processor.py:208} INFO - Processing /home/airflow/.local/lib/python3.12/site-packages/airflow/example_dags/example_branch_operator_decorator.py took 0.057 seconds
[2024-10-26T07:07:28.670+0000] {processor.py:186} INFO - Started process (PID=76828) to work on /home/airflow/.local/lib/python3.12/site-packages/airflow/example_dags/example_branch_operator_decorator.py
[2024-10-26T07:07:28.671+0000] {processor.py:914} INFO - Processing file /home/airflow/.local/lib/python3.12/site-packages/airflow/example_dags/example_branch_operator_decorator.py for tasks to queue
[2024-10-26T07:07:28.672+0000] {logging_mixin.py:190} INFO - [2024-10-26T07:07:28.672+0000] {dagbag.py:588} INFO - Filling up the DagBag from /home/airflow/.local/lib/python3.12/site-packages/airflow/example_dags/example_branch_operator_decorator.py
[2024-10-26T07:07:28.683+0000] {processor.py:925} INFO - DAG(s) 'example_branch_python_operator_decorator' retrieved from /home/airflow/.local/lib/python3.12/site-packages/airflow/example_dags/example_branch_operator_decorator.py
[2024-10-26T07:07:28.697+0000] {logging_mixin.py:190} INFO - [2024-10-26T07:07:28.697+0000] {dag.py:3239} INFO - Sync 1 DAGs
[2024-10-26T07:07:28.708+0000] {logging_mixin.py:190} INFO - [2024-10-26T07:07:28.708+0000] {dag.py:4180} INFO - Setting next_dagrun for example_branch_python_operator_decorator to 2024-10-25 00:00:00+00:00, run_after=2024-10-26 00:00:00+00:00
[2024-10-26T07:07:28.719+0000] {processor.py:208} INFO - Processing /home/airflow/.local/lib/python3.12/site-packages/airflow/example_dags/example_branch_operator_decorator.py took 0.065 seconds
[2024-10-26T07:07:59.810+0000] {processor.py:186} INFO - Started process (PID=77119) to work on /home/airflow/.local/lib/python3.12/site-packages/airflow/example_dags/example_branch_operator_decorator.py
[2024-10-26T07:07:59.814+0000] {processor.py:914} INFO - Processing file /home/airflow/.local/lib/python3.12/site-packages/airflow/example_dags/example_branch_operator_decorator.py for tasks to queue
[2024-10-26T07:07:59.815+0000] {logging_mixin.py:190} INFO - [2024-10-26T07:07:59.815+0000] {dagbag.py:588} INFO - Filling up the DagBag from /home/airflow/.local/lib/python3.12/site-packages/airflow/example_dags/example_branch_operator_decorator.py
[2024-10-26T07:07:59.845+0000] {processor.py:925} INFO - DAG(s) 'example_branch_python_operator_decorator' retrieved from /home/airflow/.local/lib/python3.12/site-packages/airflow/example_dags/example_branch_operator_decorator.py
[2024-10-26T07:07:59.868+0000] {logging_mixin.py:190} INFO - [2024-10-26T07:07:59.868+0000] {dag.py:3239} INFO - Sync 1 DAGs
[2024-10-26T07:07:59.884+0000] {logging_mixin.py:190} INFO - [2024-10-26T07:07:59.884+0000] {dag.py:4180} INFO - Setting next_dagrun for example_branch_python_operator_decorator to 2024-10-25 00:00:00+00:00, run_after=2024-10-26 00:00:00+00:00
[2024-10-26T07:07:59.894+0000] {processor.py:208} INFO - Processing /home/airflow/.local/lib/python3.12/site-packages/airflow/example_dags/example_branch_operator_decorator.py took 0.088 seconds
[2024-10-26T07:08:30.378+0000] {processor.py:186} INFO - Started process (PID=77410) to work on /home/airflow/.local/lib/python3.12/site-packages/airflow/example_dags/example_branch_operator_decorator.py
[2024-10-26T07:08:30.379+0000] {processor.py:914} INFO - Processing file /home/airflow/.local/lib/python3.12/site-packages/airflow/example_dags/example_branch_operator_decorator.py for tasks to queue
[2024-10-26T07:08:30.380+0000] {logging_mixin.py:190} INFO - [2024-10-26T07:08:30.380+0000] {dagbag.py:588} INFO - Filling up the DagBag from /home/airflow/.local/lib/python3.12/site-packages/airflow/example_dags/example_branch_operator_decorator.py
[2024-10-26T07:08:30.392+0000] {processor.py:925} INFO - DAG(s) 'example_branch_python_operator_decorator' retrieved from /home/airflow/.local/lib/python3.12/site-packages/airflow/example_dags/example_branch_operator_decorator.py
[2024-10-26T07:08:30.407+0000] {logging_mixin.py:190} INFO - [2024-10-26T07:08:30.406+0000] {dag.py:3239} INFO - Sync 1 DAGs
[2024-10-26T07:08:30.419+0000] {logging_mixin.py:190} INFO - [2024-10-26T07:08:30.419+0000] {dag.py:4180} INFO - Setting next_dagrun for example_branch_python_operator_decorator to 2024-10-25 00:00:00+00:00, run_after=2024-10-26 00:00:00+00:00
[2024-10-26T07:08:30.428+0000] {processor.py:208} INFO - Processing /home/airflow/.local/lib/python3.12/site-packages/airflow/example_dags/example_branch_operator_decorator.py took 0.054 seconds
[2024-10-26T07:09:01.395+0000] {processor.py:186} INFO - Started process (PID=77701) to work on /home/airflow/.local/lib/python3.12/site-packages/airflow/example_dags/example_branch_operator_decorator.py
[2024-10-26T07:09:01.396+0000] {processor.py:914} INFO - Processing file /home/airflow/.local/lib/python3.12/site-packages/airflow/example_dags/example_branch_operator_decorator.py for tasks to queue
[2024-10-26T07:09:01.397+0000] {logging_mixin.py:190} INFO - [2024-10-26T07:09:01.397+0000] {dagbag.py:588} INFO - Filling up the DagBag from /home/airflow/.local/lib/python3.12/site-packages/airflow/example_dags/example_branch_operator_decorator.py
[2024-10-26T07:09:01.408+0000] {processor.py:925} INFO - DAG(s) 'example_branch_python_operator_decorator' retrieved from /home/airflow/.local/lib/python3.12/site-packages/airflow/example_dags/example_branch_operator_decorator.py
[2024-10-26T07:09:01.426+0000] {logging_mixin.py:190} INFO - [2024-10-26T07:09:01.426+0000] {dag.py:3239} INFO - Sync 1 DAGs
[2024-10-26T07:09:01.443+0000] {logging_mixin.py:190} INFO - [2024-10-26T07:09:01.443+0000] {dag.py:4180} INFO - Setting next_dagrun for example_branch_python_operator_decorator to 2024-10-25 00:00:00+00:00, run_after=2024-10-26 00:00:00+00:00
[2024-10-26T07:09:01.457+0000] {processor.py:208} INFO - Processing /home/airflow/.local/lib/python3.12/site-packages/airflow/example_dags/example_branch_operator_decorator.py took 0.065 seconds
[2024-10-26T07:09:31.768+0000] {processor.py:186} INFO - Started process (PID=77992) to work on /home/airflow/.local/lib/python3.12/site-packages/airflow/example_dags/example_branch_operator_decorator.py
[2024-10-26T07:09:31.769+0000] {processor.py:914} INFO - Processing file /home/airflow/.local/lib/python3.12/site-packages/airflow/example_dags/example_branch_operator_decorator.py for tasks to queue
[2024-10-26T07:09:31.770+0000] {logging_mixin.py:190} INFO - [2024-10-26T07:09:31.770+0000] {dagbag.py:588} INFO - Filling up the DagBag from /home/airflow/.local/lib/python3.12/site-packages/airflow/example_dags/example_branch_operator_decorator.py
[2024-10-26T07:09:31.780+0000] {processor.py:925} INFO - DAG(s) 'example_branch_python_operator_decorator' retrieved from /home/airflow/.local/lib/python3.12/site-packages/airflow/example_dags/example_branch_operator_decorator.py
[2024-10-26T07:09:31.796+0000] {logging_mixin.py:190} INFO - [2024-10-26T07:09:31.795+0000] {dag.py:3239} INFO - Sync 1 DAGs
[2024-10-26T07:09:31.808+0000] {logging_mixin.py:190} INFO - [2024-10-26T07:09:31.808+0000] {dag.py:4180} INFO - Setting next_dagrun for example_branch_python_operator_decorator to 2024-10-25 00:00:00+00:00, run_after=2024-10-26 00:00:00+00:00
[2024-10-26T07:09:31.820+0000] {processor.py:208} INFO - Processing /home/airflow/.local/lib/python3.12/site-packages/airflow/example_dags/example_branch_operator_decorator.py took 0.055 seconds
[2024-10-26T07:10:02.959+0000] {processor.py:186} INFO - Started process (PID=78289) to work on /home/airflow/.local/lib/python3.12/site-packages/airflow/example_dags/example_branch_operator_decorator.py
[2024-10-26T07:10:02.960+0000] {processor.py:914} INFO - Processing file /home/airflow/.local/lib/python3.12/site-packages/airflow/example_dags/example_branch_operator_decorator.py for tasks to queue
[2024-10-26T07:10:02.962+0000] {logging_mixin.py:190} INFO - [2024-10-26T07:10:02.962+0000] {dagbag.py:588} INFO - Filling up the DagBag from /home/airflow/.local/lib/python3.12/site-packages/airflow/example_dags/example_branch_operator_decorator.py
[2024-10-26T07:10:02.981+0000] {processor.py:925} INFO - DAG(s) 'example_branch_python_operator_decorator' retrieved from /home/airflow/.local/lib/python3.12/site-packages/airflow/example_dags/example_branch_operator_decorator.py
[2024-10-26T07:10:03.003+0000] {logging_mixin.py:190} INFO - [2024-10-26T07:10:03.003+0000] {dag.py:3239} INFO - Sync 1 DAGs
[2024-10-26T07:10:03.017+0000] {logging_mixin.py:190} INFO - [2024-10-26T07:10:03.017+0000] {dag.py:4180} INFO - Setting next_dagrun for example_branch_python_operator_decorator to 2024-10-25 00:00:00+00:00, run_after=2024-10-26 00:00:00+00:00
[2024-10-26T07:10:03.026+0000] {processor.py:208} INFO - Processing /home/airflow/.local/lib/python3.12/site-packages/airflow/example_dags/example_branch_operator_decorator.py took 0.070 seconds
[2024-10-26T07:10:34.699+0000] {processor.py:186} INFO - Started process (PID=78580) to work on /home/airflow/.local/lib/python3.12/site-packages/airflow/example_dags/example_branch_operator_decorator.py
[2024-10-26T07:10:34.699+0000] {processor.py:914} INFO - Processing file /home/airflow/.local/lib/python3.12/site-packages/airflow/example_dags/example_branch_operator_decorator.py for tasks to queue
[2024-10-26T07:10:34.700+0000] {logging_mixin.py:190} INFO - [2024-10-26T07:10:34.700+0000] {dagbag.py:588} INFO - Filling up the DagBag from /home/airflow/.local/lib/python3.12/site-packages/airflow/example_dags/example_branch_operator_decorator.py
[2024-10-26T07:10:34.721+0000] {processor.py:925} INFO - DAG(s) 'example_branch_python_operator_decorator' retrieved from /home/airflow/.local/lib/python3.12/site-packages/airflow/example_dags/example_branch_operator_decorator.py
[2024-10-26T07:10:34.754+0000] {logging_mixin.py:190} INFO - [2024-10-26T07:10:34.743+0000] {dag.py:3239} INFO - Sync 1 DAGs
[2024-10-26T07:10:34.777+0000] {logging_mixin.py:190} INFO - [2024-10-26T07:10:34.776+0000] {dag.py:4180} INFO - Setting next_dagrun for example_branch_python_operator_decorator to 2024-10-25 00:00:00+00:00, run_after=2024-10-26 00:00:00+00:00
[2024-10-26T07:10:34.802+0000] {processor.py:208} INFO - Processing /home/airflow/.local/lib/python3.12/site-packages/airflow/example_dags/example_branch_operator_decorator.py took 0.107 seconds
[2024-10-26T07:11:06.358+0000] {processor.py:186} INFO - Started process (PID=78876) to work on /home/airflow/.local/lib/python3.12/site-packages/airflow/example_dags/example_branch_operator_decorator.py
[2024-10-26T07:11:06.359+0000] {processor.py:914} INFO - Processing file /home/airflow/.local/lib/python3.12/site-packages/airflow/example_dags/example_branch_operator_decorator.py for tasks to queue
[2024-10-26T07:11:06.359+0000] {logging_mixin.py:190} INFO - [2024-10-26T07:11:06.359+0000] {dagbag.py:588} INFO - Filling up the DagBag from /home/airflow/.local/lib/python3.12/site-packages/airflow/example_dags/example_branch_operator_decorator.py
[2024-10-26T07:11:06.375+0000] {processor.py:925} INFO - DAG(s) 'example_branch_python_operator_decorator' retrieved from /home/airflow/.local/lib/python3.12/site-packages/airflow/example_dags/example_branch_operator_decorator.py
[2024-10-26T07:11:06.392+0000] {logging_mixin.py:190} INFO - [2024-10-26T07:11:06.392+0000] {dag.py:3239} INFO - Sync 1 DAGs
[2024-10-26T07:11:06.404+0000] {logging_mixin.py:190} INFO - [2024-10-26T07:11:06.404+0000] {dag.py:4180} INFO - Setting next_dagrun for example_branch_python_operator_decorator to 2024-10-25 00:00:00+00:00, run_after=2024-10-26 00:00:00+00:00
[2024-10-26T07:11:06.413+0000] {processor.py:208} INFO - Processing /home/airflow/.local/lib/python3.12/site-packages/airflow/example_dags/example_branch_operator_decorator.py took 0.058 seconds
[2024-10-26T07:11:36.768+0000] {processor.py:186} INFO - Started process (PID=79167) to work on /home/airflow/.local/lib/python3.12/site-packages/airflow/example_dags/example_branch_operator_decorator.py
[2024-10-26T07:11:36.769+0000] {processor.py:914} INFO - Processing file /home/airflow/.local/lib/python3.12/site-packages/airflow/example_dags/example_branch_operator_decorator.py for tasks to queue
[2024-10-26T07:11:36.770+0000] {logging_mixin.py:190} INFO - [2024-10-26T07:11:36.770+0000] {dagbag.py:588} INFO - Filling up the DagBag from /home/airflow/.local/lib/python3.12/site-packages/airflow/example_dags/example_branch_operator_decorator.py
[2024-10-26T07:11:36.780+0000] {processor.py:925} INFO - DAG(s) 'example_branch_python_operator_decorator' retrieved from /home/airflow/.local/lib/python3.12/site-packages/airflow/example_dags/example_branch_operator_decorator.py
[2024-10-26T07:11:36.795+0000] {logging_mixin.py:190} INFO - [2024-10-26T07:11:36.795+0000] {dag.py:3239} INFO - Sync 1 DAGs
[2024-10-26T07:11:36.807+0000] {logging_mixin.py:190} INFO - [2024-10-26T07:11:36.807+0000] {dag.py:4180} INFO - Setting next_dagrun for example_branch_python_operator_decorator to 2024-10-25 00:00:00+00:00, run_after=2024-10-26 00:00:00+00:00
[2024-10-26T07:11:36.828+0000] {processor.py:208} INFO - Processing /home/airflow/.local/lib/python3.12/site-packages/airflow/example_dags/example_branch_operator_decorator.py took 0.063 seconds
[2024-10-26T07:12:07.954+0000] {processor.py:186} INFO - Started process (PID=79458) to work on /home/airflow/.local/lib/python3.12/site-packages/airflow/example_dags/example_branch_operator_decorator.py
[2024-10-26T07:12:07.955+0000] {processor.py:914} INFO - Processing file /home/airflow/.local/lib/python3.12/site-packages/airflow/example_dags/example_branch_operator_decorator.py for tasks to queue
[2024-10-26T07:12:07.955+0000] {logging_mixin.py:190} INFO - [2024-10-26T07:12:07.955+0000] {dagbag.py:588} INFO - Filling up the DagBag from /home/airflow/.local/lib/python3.12/site-packages/airflow/example_dags/example_branch_operator_decorator.py
[2024-10-26T07:12:07.967+0000] {processor.py:925} INFO - DAG(s) 'example_branch_python_operator_decorator' retrieved from /home/airflow/.local/lib/python3.12/site-packages/airflow/example_dags/example_branch_operator_decorator.py
[2024-10-26T07:12:07.984+0000] {logging_mixin.py:190} INFO - [2024-10-26T07:12:07.984+0000] {dag.py:3239} INFO - Sync 1 DAGs
[2024-10-26T07:12:08.001+0000] {logging_mixin.py:190} INFO - [2024-10-26T07:12:08.001+0000] {dag.py:4180} INFO - Setting next_dagrun for example_branch_python_operator_decorator to 2024-10-25 00:00:00+00:00, run_after=2024-10-26 00:00:00+00:00
[2024-10-26T07:12:08.018+0000] {processor.py:208} INFO - Processing /home/airflow/.local/lib/python3.12/site-packages/airflow/example_dags/example_branch_operator_decorator.py took 0.069 seconds
[2024-10-26T07:12:38.897+0000] {processor.py:186} INFO - Started process (PID=79749) to work on /home/airflow/.local/lib/python3.12/site-packages/airflow/example_dags/example_branch_operator_decorator.py
[2024-10-26T07:12:38.898+0000] {processor.py:914} INFO - Processing file /home/airflow/.local/lib/python3.12/site-packages/airflow/example_dags/example_branch_operator_decorator.py for tasks to queue
[2024-10-26T07:12:38.899+0000] {logging_mixin.py:190} INFO - [2024-10-26T07:12:38.899+0000] {dagbag.py:588} INFO - Filling up the DagBag from /home/airflow/.local/lib/python3.12/site-packages/airflow/example_dags/example_branch_operator_decorator.py
[2024-10-26T07:12:38.910+0000] {processor.py:925} INFO - DAG(s) 'example_branch_python_operator_decorator' retrieved from /home/airflow/.local/lib/python3.12/site-packages/airflow/example_dags/example_branch_operator_decorator.py
[2024-10-26T07:12:38.924+0000] {logging_mixin.py:190} INFO - [2024-10-26T07:12:38.924+0000] {dag.py:3239} INFO - Sync 1 DAGs
[2024-10-26T07:12:39.037+0000] {logging_mixin.py:190} INFO - [2024-10-26T07:12:39.037+0000] {dag.py:4180} INFO - Setting next_dagrun for example_branch_python_operator_decorator to 2024-10-25 00:00:00+00:00, run_after=2024-10-26 00:00:00+00:00
[2024-10-26T07:12:39.048+0000] {processor.py:208} INFO - Processing /home/airflow/.local/lib/python3.12/site-packages/airflow/example_dags/example_branch_operator_decorator.py took 0.154 seconds
[2024-10-26T07:13:09.579+0000] {processor.py:186} INFO - Started process (PID=80039) to work on /home/airflow/.local/lib/python3.12/site-packages/airflow/example_dags/example_branch_operator_decorator.py
[2024-10-26T07:13:09.581+0000] {processor.py:914} INFO - Processing file /home/airflow/.local/lib/python3.12/site-packages/airflow/example_dags/example_branch_operator_decorator.py for tasks to queue
[2024-10-26T07:13:09.581+0000] {logging_mixin.py:190} INFO - [2024-10-26T07:13:09.581+0000] {dagbag.py:588} INFO - Filling up the DagBag from /home/airflow/.local/lib/python3.12/site-packages/airflow/example_dags/example_branch_operator_decorator.py
[2024-10-26T07:13:09.597+0000] {processor.py:925} INFO - DAG(s) 'example_branch_python_operator_decorator' retrieved from /home/airflow/.local/lib/python3.12/site-packages/airflow/example_dags/example_branch_operator_decorator.py
[2024-10-26T07:13:09.616+0000] {logging_mixin.py:190} INFO - [2024-10-26T07:13:09.616+0000] {dag.py:3239} INFO - Sync 1 DAGs
[2024-10-26T07:13:09.633+0000] {logging_mixin.py:190} INFO - [2024-10-26T07:13:09.633+0000] {dag.py:4180} INFO - Setting next_dagrun for example_branch_python_operator_decorator to 2024-10-25 00:00:00+00:00, run_after=2024-10-26 00:00:00+00:00
[2024-10-26T07:13:09.790+0000] {processor.py:208} INFO - Processing /home/airflow/.local/lib/python3.12/site-packages/airflow/example_dags/example_branch_operator_decorator.py took 0.214 seconds
[2024-10-26T07:13:40.219+0000] {processor.py:186} INFO - Started process (PID=80330) to work on /home/airflow/.local/lib/python3.12/site-packages/airflow/example_dags/example_branch_operator_decorator.py
[2024-10-26T07:13:40.219+0000] {processor.py:914} INFO - Processing file /home/airflow/.local/lib/python3.12/site-packages/airflow/example_dags/example_branch_operator_decorator.py for tasks to queue
[2024-10-26T07:13:40.222+0000] {logging_mixin.py:190} INFO - [2024-10-26T07:13:40.221+0000] {dagbag.py:588} INFO - Filling up the DagBag from /home/airflow/.local/lib/python3.12/site-packages/airflow/example_dags/example_branch_operator_decorator.py
[2024-10-26T07:13:40.232+0000] {processor.py:925} INFO - DAG(s) 'example_branch_python_operator_decorator' retrieved from /home/airflow/.local/lib/python3.12/site-packages/airflow/example_dags/example_branch_operator_decorator.py
[2024-10-26T07:13:40.248+0000] {logging_mixin.py:190} INFO - [2024-10-26T07:13:40.248+0000] {dag.py:3239} INFO - Sync 1 DAGs
[2024-10-26T07:13:40.263+0000] {logging_mixin.py:190} INFO - [2024-10-26T07:13:40.262+0000] {dag.py:4180} INFO - Setting next_dagrun for example_branch_python_operator_decorator to 2024-10-25 00:00:00+00:00, run_after=2024-10-26 00:00:00+00:00
[2024-10-26T07:13:40.275+0000] {processor.py:208} INFO - Processing /home/airflow/.local/lib/python3.12/site-packages/airflow/example_dags/example_branch_operator_decorator.py took 0.060 seconds
[2024-10-26T07:14:12.371+0000] {processor.py:186} INFO - Started process (PID=80621) to work on /home/airflow/.local/lib/python3.12/site-packages/airflow/example_dags/example_branch_operator_decorator.py
[2024-10-26T07:14:12.372+0000] {processor.py:914} INFO - Processing file /home/airflow/.local/lib/python3.12/site-packages/airflow/example_dags/example_branch_operator_decorator.py for tasks to queue
[2024-10-26T07:14:12.373+0000] {logging_mixin.py:190} INFO - [2024-10-26T07:14:12.373+0000] {dagbag.py:588} INFO - Filling up the DagBag from /home/airflow/.local/lib/python3.12/site-packages/airflow/example_dags/example_branch_operator_decorator.py
[2024-10-26T07:14:12.385+0000] {processor.py:925} INFO - DAG(s) 'example_branch_python_operator_decorator' retrieved from /home/airflow/.local/lib/python3.12/site-packages/airflow/example_dags/example_branch_operator_decorator.py
[2024-10-26T07:14:12.401+0000] {logging_mixin.py:190} INFO - [2024-10-26T07:14:12.400+0000] {dag.py:3239} INFO - Sync 1 DAGs
[2024-10-26T07:14:12.413+0000] {logging_mixin.py:190} INFO - [2024-10-26T07:14:12.413+0000] {dag.py:4180} INFO - Setting next_dagrun for example_branch_python_operator_decorator to 2024-10-25 00:00:00+00:00, run_after=2024-10-26 00:00:00+00:00
[2024-10-26T07:14:12.424+0000] {processor.py:208} INFO - Processing /home/airflow/.local/lib/python3.12/site-packages/airflow/example_dags/example_branch_operator_decorator.py took 0.056 seconds
[2024-10-26T07:14:44.192+0000] {processor.py:186} INFO - Started process (PID=80912) to work on /home/airflow/.local/lib/python3.12/site-packages/airflow/example_dags/example_branch_operator_decorator.py
[2024-10-26T07:14:44.196+0000] {processor.py:914} INFO - Processing file /home/airflow/.local/lib/python3.12/site-packages/airflow/example_dags/example_branch_operator_decorator.py for tasks to queue
[2024-10-26T07:14:44.197+0000] {logging_mixin.py:190} INFO - [2024-10-26T07:14:44.196+0000] {dagbag.py:588} INFO - Filling up the DagBag from /home/airflow/.local/lib/python3.12/site-packages/airflow/example_dags/example_branch_operator_decorator.py
[2024-10-26T07:14:44.211+0000] {processor.py:925} INFO - DAG(s) 'example_branch_python_operator_decorator' retrieved from /home/airflow/.local/lib/python3.12/site-packages/airflow/example_dags/example_branch_operator_decorator.py
[2024-10-26T07:14:44.344+0000] {logging_mixin.py:190} INFO - [2024-10-26T07:14:44.344+0000] {dag.py:3239} INFO - Sync 1 DAGs
[2024-10-26T07:14:44.355+0000] {logging_mixin.py:190} INFO - [2024-10-26T07:14:44.354+0000] {dag.py:4180} INFO - Setting next_dagrun for example_branch_python_operator_decorator to 2024-10-25 00:00:00+00:00, run_after=2024-10-26 00:00:00+00:00
[2024-10-26T07:14:44.363+0000] {processor.py:208} INFO - Processing /home/airflow/.local/lib/python3.12/site-packages/airflow/example_dags/example_branch_operator_decorator.py took 0.174 seconds
[2024-10-26T07:15:15.195+0000] {processor.py:186} INFO - Started process (PID=81203) to work on /home/airflow/.local/lib/python3.12/site-packages/airflow/example_dags/example_branch_operator_decorator.py
[2024-10-26T07:15:15.195+0000] {processor.py:914} INFO - Processing file /home/airflow/.local/lib/python3.12/site-packages/airflow/example_dags/example_branch_operator_decorator.py for tasks to queue
[2024-10-26T07:15:15.200+0000] {logging_mixin.py:190} INFO - [2024-10-26T07:15:15.199+0000] {dagbag.py:588} INFO - Filling up the DagBag from /home/airflow/.local/lib/python3.12/site-packages/airflow/example_dags/example_branch_operator_decorator.py
[2024-10-26T07:15:15.219+0000] {processor.py:925} INFO - DAG(s) 'example_branch_python_operator_decorator' retrieved from /home/airflow/.local/lib/python3.12/site-packages/airflow/example_dags/example_branch_operator_decorator.py
[2024-10-26T07:15:15.242+0000] {logging_mixin.py:190} INFO - [2024-10-26T07:15:15.241+0000] {dag.py:3239} INFO - Sync 1 DAGs
[2024-10-26T07:15:15.263+0000] {logging_mixin.py:190} INFO - [2024-10-26T07:15:15.263+0000] {dag.py:4180} INFO - Setting next_dagrun for example_branch_python_operator_decorator to 2024-10-25 00:00:00+00:00, run_after=2024-10-26 00:00:00+00:00
[2024-10-26T07:15:15.276+0000] {processor.py:208} INFO - Processing /home/airflow/.local/lib/python3.12/site-packages/airflow/example_dags/example_branch_operator_decorator.py took 0.087 seconds
[2024-10-26T07:15:45.314+0000] {processor.py:186} INFO - Started process (PID=81494) to work on /home/airflow/.local/lib/python3.12/site-packages/airflow/example_dags/example_branch_operator_decorator.py
[2024-10-26T07:15:45.315+0000] {processor.py:914} INFO - Processing file /home/airflow/.local/lib/python3.12/site-packages/airflow/example_dags/example_branch_operator_decorator.py for tasks to queue
[2024-10-26T07:15:45.315+0000] {logging_mixin.py:190} INFO - [2024-10-26T07:15:45.315+0000] {dagbag.py:588} INFO - Filling up the DagBag from /home/airflow/.local/lib/python3.12/site-packages/airflow/example_dags/example_branch_operator_decorator.py
[2024-10-26T07:15:45.333+0000] {processor.py:925} INFO - DAG(s) 'example_branch_python_operator_decorator' retrieved from /home/airflow/.local/lib/python3.12/site-packages/airflow/example_dags/example_branch_operator_decorator.py
[2024-10-26T07:15:45.351+0000] {logging_mixin.py:190} INFO - [2024-10-26T07:15:45.349+0000] {dag.py:3239} INFO - Sync 1 DAGs
[2024-10-26T07:15:45.366+0000] {logging_mixin.py:190} INFO - [2024-10-26T07:15:45.365+0000] {dag.py:4180} INFO - Setting next_dagrun for example_branch_python_operator_decorator to 2024-10-25 00:00:00+00:00, run_after=2024-10-26 00:00:00+00:00
[2024-10-26T07:15:45.375+0000] {processor.py:208} INFO - Processing /home/airflow/.local/lib/python3.12/site-packages/airflow/example_dags/example_branch_operator_decorator.py took 0.065 seconds
[2024-10-26T07:16:16.401+0000] {processor.py:186} INFO - Started process (PID=81785) to work on /home/airflow/.local/lib/python3.12/site-packages/airflow/example_dags/example_branch_operator_decorator.py
[2024-10-26T07:16:16.406+0000] {processor.py:914} INFO - Processing file /home/airflow/.local/lib/python3.12/site-packages/airflow/example_dags/example_branch_operator_decorator.py for tasks to queue
[2024-10-26T07:16:16.408+0000] {logging_mixin.py:190} INFO - [2024-10-26T07:16:16.407+0000] {dagbag.py:588} INFO - Filling up the DagBag from /home/airflow/.local/lib/python3.12/site-packages/airflow/example_dags/example_branch_operator_decorator.py
[2024-10-26T07:16:16.427+0000] {processor.py:925} INFO - DAG(s) 'example_branch_python_operator_decorator' retrieved from /home/airflow/.local/lib/python3.12/site-packages/airflow/example_dags/example_branch_operator_decorator.py
[2024-10-26T07:16:16.464+0000] {logging_mixin.py:190} INFO - [2024-10-26T07:16:16.464+0000] {dag.py:3239} INFO - Sync 1 DAGs
[2024-10-26T07:16:16.494+0000] {logging_mixin.py:190} INFO - [2024-10-26T07:16:16.493+0000] {dag.py:4180} INFO - Setting next_dagrun for example_branch_python_operator_decorator to 2024-10-25 00:00:00+00:00, run_after=2024-10-26 00:00:00+00:00
[2024-10-26T07:16:16.538+0000] {processor.py:208} INFO - Processing /home/airflow/.local/lib/python3.12/site-packages/airflow/example_dags/example_branch_operator_decorator.py took 0.140 seconds
[2024-10-26T07:16:46.733+0000] {processor.py:186} INFO - Started process (PID=82076) to work on /home/airflow/.local/lib/python3.12/site-packages/airflow/example_dags/example_branch_operator_decorator.py
[2024-10-26T07:16:46.733+0000] {processor.py:914} INFO - Processing file /home/airflow/.local/lib/python3.12/site-packages/airflow/example_dags/example_branch_operator_decorator.py for tasks to queue
[2024-10-26T07:16:46.734+0000] {logging_mixin.py:190} INFO - [2024-10-26T07:16:46.733+0000] {dagbag.py:588} INFO - Filling up the DagBag from /home/airflow/.local/lib/python3.12/site-packages/airflow/example_dags/example_branch_operator_decorator.py
[2024-10-26T07:16:46.743+0000] {processor.py:925} INFO - DAG(s) 'example_branch_python_operator_decorator' retrieved from /home/airflow/.local/lib/python3.12/site-packages/airflow/example_dags/example_branch_operator_decorator.py
[2024-10-26T07:16:46.755+0000] {logging_mixin.py:190} INFO - [2024-10-26T07:16:46.755+0000] {dag.py:3239} INFO - Sync 1 DAGs
[2024-10-26T07:16:46.765+0000] {logging_mixin.py:190} INFO - [2024-10-26T07:16:46.765+0000] {dag.py:4180} INFO - Setting next_dagrun for example_branch_python_operator_decorator to 2024-10-25 00:00:00+00:00, run_after=2024-10-26 00:00:00+00:00
[2024-10-26T07:16:46.773+0000] {processor.py:208} INFO - Processing /home/airflow/.local/lib/python3.12/site-packages/airflow/example_dags/example_branch_operator_decorator.py took 0.043 seconds
[2024-10-26T07:17:17.608+0000] {processor.py:186} INFO - Started process (PID=82366) to work on /home/airflow/.local/lib/python3.12/site-packages/airflow/example_dags/example_branch_operator_decorator.py
[2024-10-26T07:17:17.609+0000] {processor.py:914} INFO - Processing file /home/airflow/.local/lib/python3.12/site-packages/airflow/example_dags/example_branch_operator_decorator.py for tasks to queue
[2024-10-26T07:17:17.610+0000] {logging_mixin.py:190} INFO - [2024-10-26T07:17:17.610+0000] {dagbag.py:588} INFO - Filling up the DagBag from /home/airflow/.local/lib/python3.12/site-packages/airflow/example_dags/example_branch_operator_decorator.py
[2024-10-26T07:17:17.631+0000] {processor.py:925} INFO - DAG(s) 'example_branch_python_operator_decorator' retrieved from /home/airflow/.local/lib/python3.12/site-packages/airflow/example_dags/example_branch_operator_decorator.py
[2024-10-26T07:17:17.646+0000] {logging_mixin.py:190} INFO - [2024-10-26T07:17:17.646+0000] {dag.py:3239} INFO - Sync 1 DAGs
[2024-10-26T07:17:17.665+0000] {logging_mixin.py:190} INFO - [2024-10-26T07:17:17.665+0000] {dag.py:4180} INFO - Setting next_dagrun for example_branch_python_operator_decorator to 2024-10-25 00:00:00+00:00, run_after=2024-10-26 00:00:00+00:00
[2024-10-26T07:17:17.678+0000] {processor.py:208} INFO - Processing /home/airflow/.local/lib/python3.12/site-packages/airflow/example_dags/example_branch_operator_decorator.py took 0.074 seconds
[2024-10-26T07:17:48.632+0000] {processor.py:186} INFO - Started process (PID=82657) to work on /home/airflow/.local/lib/python3.12/site-packages/airflow/example_dags/example_branch_operator_decorator.py
[2024-10-26T07:17:48.633+0000] {processor.py:914} INFO - Processing file /home/airflow/.local/lib/python3.12/site-packages/airflow/example_dags/example_branch_operator_decorator.py for tasks to queue
[2024-10-26T07:17:48.634+0000] {logging_mixin.py:190} INFO - [2024-10-26T07:17:48.634+0000] {dagbag.py:588} INFO - Filling up the DagBag from /home/airflow/.local/lib/python3.12/site-packages/airflow/example_dags/example_branch_operator_decorator.py
[2024-10-26T07:17:48.645+0000] {processor.py:925} INFO - DAG(s) 'example_branch_python_operator_decorator' retrieved from /home/airflow/.local/lib/python3.12/site-packages/airflow/example_dags/example_branch_operator_decorator.py
[2024-10-26T07:17:48.665+0000] {logging_mixin.py:190} INFO - [2024-10-26T07:17:48.664+0000] {dag.py:3239} INFO - Sync 1 DAGs
[2024-10-26T07:17:48.676+0000] {logging_mixin.py:190} INFO - [2024-10-26T07:17:48.676+0000] {dag.py:4180} INFO - Setting next_dagrun for example_branch_python_operator_decorator to 2024-10-25 00:00:00+00:00, run_after=2024-10-26 00:00:00+00:00
[2024-10-26T07:17:48.689+0000] {processor.py:208} INFO - Processing /home/airflow/.local/lib/python3.12/site-packages/airflow/example_dags/example_branch_operator_decorator.py took 0.059 seconds
[2024-10-26T07:18:18.965+0000] {processor.py:186} INFO - Started process (PID=82948) to work on /home/airflow/.local/lib/python3.12/site-packages/airflow/example_dags/example_branch_operator_decorator.py
[2024-10-26T07:18:18.966+0000] {processor.py:914} INFO - Processing file /home/airflow/.local/lib/python3.12/site-packages/airflow/example_dags/example_branch_operator_decorator.py for tasks to queue
[2024-10-26T07:18:18.970+0000] {logging_mixin.py:190} INFO - [2024-10-26T07:18:18.970+0000] {dagbag.py:588} INFO - Filling up the DagBag from /home/airflow/.local/lib/python3.12/site-packages/airflow/example_dags/example_branch_operator_decorator.py
[2024-10-26T07:18:18.986+0000] {processor.py:925} INFO - DAG(s) 'example_branch_python_operator_decorator' retrieved from /home/airflow/.local/lib/python3.12/site-packages/airflow/example_dags/example_branch_operator_decorator.py
[2024-10-26T07:18:19.008+0000] {logging_mixin.py:190} INFO - [2024-10-26T07:18:19.008+0000] {dag.py:3239} INFO - Sync 1 DAGs
[2024-10-26T07:18:19.022+0000] {logging_mixin.py:190} INFO - [2024-10-26T07:18:19.022+0000] {dag.py:4180} INFO - Setting next_dagrun for example_branch_python_operator_decorator to 2024-10-25 00:00:00+00:00, run_after=2024-10-26 00:00:00+00:00
[2024-10-26T07:18:19.036+0000] {processor.py:208} INFO - Processing /home/airflow/.local/lib/python3.12/site-packages/airflow/example_dags/example_branch_operator_decorator.py took 0.077 seconds
[2024-10-26T07:18:49.903+0000] {processor.py:186} INFO - Started process (PID=83239) to work on /home/airflow/.local/lib/python3.12/site-packages/airflow/example_dags/example_branch_operator_decorator.py
[2024-10-26T07:18:49.905+0000] {processor.py:914} INFO - Processing file /home/airflow/.local/lib/python3.12/site-packages/airflow/example_dags/example_branch_operator_decorator.py for tasks to queue
[2024-10-26T07:18:49.906+0000] {logging_mixin.py:190} INFO - [2024-10-26T07:18:49.906+0000] {dagbag.py:588} INFO - Filling up the DagBag from /home/airflow/.local/lib/python3.12/site-packages/airflow/example_dags/example_branch_operator_decorator.py
[2024-10-26T07:18:49.920+0000] {processor.py:925} INFO - DAG(s) 'example_branch_python_operator_decorator' retrieved from /home/airflow/.local/lib/python3.12/site-packages/airflow/example_dags/example_branch_operator_decorator.py
[2024-10-26T07:18:49.940+0000] {logging_mixin.py:190} INFO - [2024-10-26T07:18:49.940+0000] {dag.py:3239} INFO - Sync 1 DAGs
[2024-10-26T07:18:49.956+0000] {logging_mixin.py:190} INFO - [2024-10-26T07:18:49.956+0000] {dag.py:4180} INFO - Setting next_dagrun for example_branch_python_operator_decorator to 2024-10-25 00:00:00+00:00, run_after=2024-10-26 00:00:00+00:00
[2024-10-26T07:18:49.964+0000] {processor.py:208} INFO - Processing /home/airflow/.local/lib/python3.12/site-packages/airflow/example_dags/example_branch_operator_decorator.py took 0.066 seconds
[2024-10-26T07:19:20.291+0000] {processor.py:186} INFO - Started process (PID=83529) to work on /home/airflow/.local/lib/python3.12/site-packages/airflow/example_dags/example_branch_operator_decorator.py
[2024-10-26T07:19:20.294+0000] {processor.py:914} INFO - Processing file /home/airflow/.local/lib/python3.12/site-packages/airflow/example_dags/example_branch_operator_decorator.py for tasks to queue
[2024-10-26T07:19:20.295+0000] {logging_mixin.py:190} INFO - [2024-10-26T07:19:20.295+0000] {dagbag.py:588} INFO - Filling up the DagBag from /home/airflow/.local/lib/python3.12/site-packages/airflow/example_dags/example_branch_operator_decorator.py
[2024-10-26T07:19:20.307+0000] {processor.py:925} INFO - DAG(s) 'example_branch_python_operator_decorator' retrieved from /home/airflow/.local/lib/python3.12/site-packages/airflow/example_dags/example_branch_operator_decorator.py
[2024-10-26T07:19:20.324+0000] {logging_mixin.py:190} INFO - [2024-10-26T07:19:20.324+0000] {dag.py:3239} INFO - Sync 1 DAGs
[2024-10-26T07:19:20.338+0000] {logging_mixin.py:190} INFO - [2024-10-26T07:19:20.338+0000] {dag.py:4180} INFO - Setting next_dagrun for example_branch_python_operator_decorator to 2024-10-25 00:00:00+00:00, run_after=2024-10-26 00:00:00+00:00
[2024-10-26T07:19:20.351+0000] {processor.py:208} INFO - Processing /home/airflow/.local/lib/python3.12/site-packages/airflow/example_dags/example_branch_operator_decorator.py took 0.064 seconds
[2024-10-26T07:19:51.300+0000] {processor.py:186} INFO - Started process (PID=83820) to work on /home/airflow/.local/lib/python3.12/site-packages/airflow/example_dags/example_branch_operator_decorator.py
[2024-10-26T07:19:51.300+0000] {processor.py:914} INFO - Processing file /home/airflow/.local/lib/python3.12/site-packages/airflow/example_dags/example_branch_operator_decorator.py for tasks to queue
[2024-10-26T07:19:51.301+0000] {logging_mixin.py:190} INFO - [2024-10-26T07:19:51.301+0000] {dagbag.py:588} INFO - Filling up the DagBag from /home/airflow/.local/lib/python3.12/site-packages/airflow/example_dags/example_branch_operator_decorator.py
[2024-10-26T07:19:51.312+0000] {processor.py:925} INFO - DAG(s) 'example_branch_python_operator_decorator' retrieved from /home/airflow/.local/lib/python3.12/site-packages/airflow/example_dags/example_branch_operator_decorator.py
[2024-10-26T07:19:51.327+0000] {logging_mixin.py:190} INFO - [2024-10-26T07:19:51.326+0000] {dag.py:3239} INFO - Sync 1 DAGs
[2024-10-26T07:19:51.338+0000] {logging_mixin.py:190} INFO - [2024-10-26T07:19:51.337+0000] {dag.py:4180} INFO - Setting next_dagrun for example_branch_python_operator_decorator to 2024-10-25 00:00:00+00:00, run_after=2024-10-26 00:00:00+00:00
[2024-10-26T07:19:51.346+0000] {processor.py:208} INFO - Processing /home/airflow/.local/lib/python3.12/site-packages/airflow/example_dags/example_branch_operator_decorator.py took 0.050 seconds
[2024-10-26T07:20:22.456+0000] {processor.py:186} INFO - Started process (PID=84111) to work on /home/airflow/.local/lib/python3.12/site-packages/airflow/example_dags/example_branch_operator_decorator.py
[2024-10-26T07:20:22.457+0000] {processor.py:914} INFO - Processing file /home/airflow/.local/lib/python3.12/site-packages/airflow/example_dags/example_branch_operator_decorator.py for tasks to queue
[2024-10-26T07:20:22.458+0000] {logging_mixin.py:190} INFO - [2024-10-26T07:20:22.458+0000] {dagbag.py:588} INFO - Filling up the DagBag from /home/airflow/.local/lib/python3.12/site-packages/airflow/example_dags/example_branch_operator_decorator.py
[2024-10-26T07:20:22.497+0000] {processor.py:925} INFO - DAG(s) 'example_branch_python_operator_decorator' retrieved from /home/airflow/.local/lib/python3.12/site-packages/airflow/example_dags/example_branch_operator_decorator.py
[2024-10-26T07:20:22.564+0000] {logging_mixin.py:190} INFO - [2024-10-26T07:20:22.564+0000] {dag.py:3239} INFO - Sync 1 DAGs
[2024-10-26T07:20:22.581+0000] {logging_mixin.py:190} INFO - [2024-10-26T07:20:22.581+0000] {dag.py:4180} INFO - Setting next_dagrun for example_branch_python_operator_decorator to 2024-10-25 00:00:00+00:00, run_after=2024-10-26 00:00:00+00:00
[2024-10-26T07:20:22.602+0000] {processor.py:208} INFO - Processing /home/airflow/.local/lib/python3.12/site-packages/airflow/example_dags/example_branch_operator_decorator.py took 0.155 seconds
[2024-10-26T07:20:52.625+0000] {processor.py:186} INFO - Started process (PID=84404) to work on /home/airflow/.local/lib/python3.12/site-packages/airflow/example_dags/example_branch_operator_decorator.py
[2024-10-26T07:20:52.626+0000] {processor.py:914} INFO - Processing file /home/airflow/.local/lib/python3.12/site-packages/airflow/example_dags/example_branch_operator_decorator.py for tasks to queue
[2024-10-26T07:20:52.627+0000] {logging_mixin.py:190} INFO - [2024-10-26T07:20:52.626+0000] {dagbag.py:588} INFO - Filling up the DagBag from /home/airflow/.local/lib/python3.12/site-packages/airflow/example_dags/example_branch_operator_decorator.py
[2024-10-26T07:20:52.636+0000] {processor.py:925} INFO - DAG(s) 'example_branch_python_operator_decorator' retrieved from /home/airflow/.local/lib/python3.12/site-packages/airflow/example_dags/example_branch_operator_decorator.py
[2024-10-26T07:20:52.649+0000] {logging_mixin.py:190} INFO - [2024-10-26T07:20:52.649+0000] {dag.py:3239} INFO - Sync 1 DAGs
[2024-10-26T07:20:52.659+0000] {logging_mixin.py:190} INFO - [2024-10-26T07:20:52.659+0000] {dag.py:4180} INFO - Setting next_dagrun for example_branch_python_operator_decorator to 2024-10-25 00:00:00+00:00, run_after=2024-10-26 00:00:00+00:00
[2024-10-26T07:20:52.667+0000] {processor.py:208} INFO - Processing /home/airflow/.local/lib/python3.12/site-packages/airflow/example_dags/example_branch_operator_decorator.py took 0.044 seconds
[2024-10-26T07:21:23.313+0000] {processor.py:186} INFO - Started process (PID=84693) to work on /home/airflow/.local/lib/python3.12/site-packages/airflow/example_dags/example_branch_operator_decorator.py
[2024-10-26T07:21:23.313+0000] {processor.py:914} INFO - Processing file /home/airflow/.local/lib/python3.12/site-packages/airflow/example_dags/example_branch_operator_decorator.py for tasks to queue
[2024-10-26T07:21:23.314+0000] {logging_mixin.py:190} INFO - [2024-10-26T07:21:23.314+0000] {dagbag.py:588} INFO - Filling up the DagBag from /home/airflow/.local/lib/python3.12/site-packages/airflow/example_dags/example_branch_operator_decorator.py
[2024-10-26T07:21:23.324+0000] {processor.py:925} INFO - DAG(s) 'example_branch_python_operator_decorator' retrieved from /home/airflow/.local/lib/python3.12/site-packages/airflow/example_dags/example_branch_operator_decorator.py
[2024-10-26T07:21:23.338+0000] {logging_mixin.py:190} INFO - [2024-10-26T07:21:23.338+0000] {dag.py:3239} INFO - Sync 1 DAGs
[2024-10-26T07:21:23.351+0000] {logging_mixin.py:190} INFO - [2024-10-26T07:21:23.350+0000] {dag.py:4180} INFO - Setting next_dagrun for example_branch_python_operator_decorator to 2024-10-25 00:00:00+00:00, run_after=2024-10-26 00:00:00+00:00
[2024-10-26T07:21:23.363+0000] {processor.py:208} INFO - Processing /home/airflow/.local/lib/python3.12/site-packages/airflow/example_dags/example_branch_operator_decorator.py took 0.053 seconds
[2024-10-26T07:21:55.181+0000] {processor.py:186} INFO - Started process (PID=84984) to work on /home/airflow/.local/lib/python3.12/site-packages/airflow/example_dags/example_branch_operator_decorator.py
[2024-10-26T07:21:55.182+0000] {processor.py:914} INFO - Processing file /home/airflow/.local/lib/python3.12/site-packages/airflow/example_dags/example_branch_operator_decorator.py for tasks to queue
[2024-10-26T07:21:55.183+0000] {logging_mixin.py:190} INFO - [2024-10-26T07:21:55.183+0000] {dagbag.py:588} INFO - Filling up the DagBag from /home/airflow/.local/lib/python3.12/site-packages/airflow/example_dags/example_branch_operator_decorator.py
[2024-10-26T07:21:55.194+0000] {processor.py:925} INFO - DAG(s) 'example_branch_python_operator_decorator' retrieved from /home/airflow/.local/lib/python3.12/site-packages/airflow/example_dags/example_branch_operator_decorator.py
[2024-10-26T07:21:55.209+0000] {logging_mixin.py:190} INFO - [2024-10-26T07:21:55.209+0000] {dag.py:3239} INFO - Sync 1 DAGs
[2024-10-26T07:21:55.221+0000] {logging_mixin.py:190} INFO - [2024-10-26T07:21:55.221+0000] {dag.py:4180} INFO - Setting next_dagrun for example_branch_python_operator_decorator to 2024-10-25 00:00:00+00:00, run_after=2024-10-26 00:00:00+00:00
[2024-10-26T07:21:55.230+0000] {processor.py:208} INFO - Processing /home/airflow/.local/lib/python3.12/site-packages/airflow/example_dags/example_branch_operator_decorator.py took 0.052 seconds
[2024-10-26T07:22:26.139+0000] {processor.py:186} INFO - Started process (PID=85275) to work on /home/airflow/.local/lib/python3.12/site-packages/airflow/example_dags/example_branch_operator_decorator.py
[2024-10-26T07:22:26.141+0000] {processor.py:914} INFO - Processing file /home/airflow/.local/lib/python3.12/site-packages/airflow/example_dags/example_branch_operator_decorator.py for tasks to queue
[2024-10-26T07:22:26.142+0000] {logging_mixin.py:190} INFO - [2024-10-26T07:22:26.142+0000] {dagbag.py:588} INFO - Filling up the DagBag from /home/airflow/.local/lib/python3.12/site-packages/airflow/example_dags/example_branch_operator_decorator.py
[2024-10-26T07:22:26.152+0000] {processor.py:925} INFO - DAG(s) 'example_branch_python_operator_decorator' retrieved from /home/airflow/.local/lib/python3.12/site-packages/airflow/example_dags/example_branch_operator_decorator.py
[2024-10-26T07:22:26.172+0000] {logging_mixin.py:190} INFO - [2024-10-26T07:22:26.172+0000] {dag.py:3239} INFO - Sync 1 DAGs
[2024-10-26T07:22:26.184+0000] {logging_mixin.py:190} INFO - [2024-10-26T07:22:26.184+0000] {dag.py:4180} INFO - Setting next_dagrun for example_branch_python_operator_decorator to 2024-10-25 00:00:00+00:00, run_after=2024-10-26 00:00:00+00:00
[2024-10-26T07:22:26.194+0000] {processor.py:208} INFO - Processing /home/airflow/.local/lib/python3.12/site-packages/airflow/example_dags/example_branch_operator_decorator.py took 0.059 seconds
[2024-10-26T07:22:56.937+0000] {processor.py:186} INFO - Started process (PID=85566) to work on /home/airflow/.local/lib/python3.12/site-packages/airflow/example_dags/example_branch_operator_decorator.py
[2024-10-26T07:22:56.938+0000] {processor.py:914} INFO - Processing file /home/airflow/.local/lib/python3.12/site-packages/airflow/example_dags/example_branch_operator_decorator.py for tasks to queue
[2024-10-26T07:22:56.939+0000] {logging_mixin.py:190} INFO - [2024-10-26T07:22:56.939+0000] {dagbag.py:588} INFO - Filling up the DagBag from /home/airflow/.local/lib/python3.12/site-packages/airflow/example_dags/example_branch_operator_decorator.py
[2024-10-26T07:22:56.954+0000] {processor.py:925} INFO - DAG(s) 'example_branch_python_operator_decorator' retrieved from /home/airflow/.local/lib/python3.12/site-packages/airflow/example_dags/example_branch_operator_decorator.py
[2024-10-26T07:22:56.977+0000] {logging_mixin.py:190} INFO - [2024-10-26T07:22:56.977+0000] {dag.py:3239} INFO - Sync 1 DAGs
[2024-10-26T07:22:56.997+0000] {logging_mixin.py:190} INFO - [2024-10-26T07:22:56.996+0000] {dag.py:4180} INFO - Setting next_dagrun for example_branch_python_operator_decorator to 2024-10-25 00:00:00+00:00, run_after=2024-10-26 00:00:00+00:00
[2024-10-26T07:22:57.005+0000] {processor.py:208} INFO - Processing /home/airflow/.local/lib/python3.12/site-packages/airflow/example_dags/example_branch_operator_decorator.py took 0.073 seconds
[2024-10-26T07:23:27.707+0000] {processor.py:186} INFO - Started process (PID=85857) to work on /home/airflow/.local/lib/python3.12/site-packages/airflow/example_dags/example_branch_operator_decorator.py
[2024-10-26T07:23:27.708+0000] {processor.py:914} INFO - Processing file /home/airflow/.local/lib/python3.12/site-packages/airflow/example_dags/example_branch_operator_decorator.py for tasks to queue
[2024-10-26T07:23:27.709+0000] {logging_mixin.py:190} INFO - [2024-10-26T07:23:27.709+0000] {dagbag.py:588} INFO - Filling up the DagBag from /home/airflow/.local/lib/python3.12/site-packages/airflow/example_dags/example_branch_operator_decorator.py
[2024-10-26T07:23:27.722+0000] {processor.py:925} INFO - DAG(s) 'example_branch_python_operator_decorator' retrieved from /home/airflow/.local/lib/python3.12/site-packages/airflow/example_dags/example_branch_operator_decorator.py
[2024-10-26T07:23:27.739+0000] {logging_mixin.py:190} INFO - [2024-10-26T07:23:27.739+0000] {dag.py:3239} INFO - Sync 1 DAGs
[2024-10-26T07:23:27.751+0000] {logging_mixin.py:190} INFO - [2024-10-26T07:23:27.751+0000] {dag.py:4180} INFO - Setting next_dagrun for example_branch_python_operator_decorator to 2024-10-25 00:00:00+00:00, run_after=2024-10-26 00:00:00+00:00
[2024-10-26T07:23:27.760+0000] {processor.py:208} INFO - Processing /home/airflow/.local/lib/python3.12/site-packages/airflow/example_dags/example_branch_operator_decorator.py took 0.056 seconds
[2024-10-26T07:23:58.522+0000] {processor.py:186} INFO - Started process (PID=86148) to work on /home/airflow/.local/lib/python3.12/site-packages/airflow/example_dags/example_branch_operator_decorator.py
[2024-10-26T07:23:58.522+0000] {processor.py:914} INFO - Processing file /home/airflow/.local/lib/python3.12/site-packages/airflow/example_dags/example_branch_operator_decorator.py for tasks to queue
[2024-10-26T07:23:58.523+0000] {logging_mixin.py:190} INFO - [2024-10-26T07:23:58.523+0000] {dagbag.py:588} INFO - Filling up the DagBag from /home/airflow/.local/lib/python3.12/site-packages/airflow/example_dags/example_branch_operator_decorator.py
[2024-10-26T07:23:58.534+0000] {processor.py:925} INFO - DAG(s) 'example_branch_python_operator_decorator' retrieved from /home/airflow/.local/lib/python3.12/site-packages/airflow/example_dags/example_branch_operator_decorator.py
[2024-10-26T07:23:58.548+0000] {logging_mixin.py:190} INFO - [2024-10-26T07:23:58.548+0000] {dag.py:3239} INFO - Sync 1 DAGs
[2024-10-26T07:23:58.560+0000] {logging_mixin.py:190} INFO - [2024-10-26T07:23:58.560+0000] {dag.py:4180} INFO - Setting next_dagrun for example_branch_python_operator_decorator to 2024-10-25 00:00:00+00:00, run_after=2024-10-26 00:00:00+00:00
[2024-10-26T07:23:58.573+0000] {processor.py:208} INFO - Processing /home/airflow/.local/lib/python3.12/site-packages/airflow/example_dags/example_branch_operator_decorator.py took 0.054 seconds
[2024-10-26T07:24:29.494+0000] {processor.py:186} INFO - Started process (PID=86439) to work on /home/airflow/.local/lib/python3.12/site-packages/airflow/example_dags/example_branch_operator_decorator.py
[2024-10-26T07:24:29.497+0000] {processor.py:914} INFO - Processing file /home/airflow/.local/lib/python3.12/site-packages/airflow/example_dags/example_branch_operator_decorator.py for tasks to queue
[2024-10-26T07:24:29.501+0000] {logging_mixin.py:190} INFO - [2024-10-26T07:24:29.500+0000] {dagbag.py:588} INFO - Filling up the DagBag from /home/airflow/.local/lib/python3.12/site-packages/airflow/example_dags/example_branch_operator_decorator.py
[2024-10-26T07:24:29.519+0000] {processor.py:925} INFO - DAG(s) 'example_branch_python_operator_decorator' retrieved from /home/airflow/.local/lib/python3.12/site-packages/airflow/example_dags/example_branch_operator_decorator.py
[2024-10-26T07:24:29.542+0000] {logging_mixin.py:190} INFO - [2024-10-26T07:24:29.541+0000] {dag.py:3239} INFO - Sync 1 DAGs
[2024-10-26T07:24:29.562+0000] {logging_mixin.py:190} INFO - [2024-10-26T07:24:29.562+0000] {dag.py:4180} INFO - Setting next_dagrun for example_branch_python_operator_decorator to 2024-10-25 00:00:00+00:00, run_after=2024-10-26 00:00:00+00:00
[2024-10-26T07:24:29.578+0000] {processor.py:208} INFO - Processing /home/airflow/.local/lib/python3.12/site-packages/airflow/example_dags/example_branch_operator_decorator.py took 0.095 seconds
[2024-10-26T07:25:00.408+0000] {processor.py:186} INFO - Started process (PID=86730) to work on /home/airflow/.local/lib/python3.12/site-packages/airflow/example_dags/example_branch_operator_decorator.py
[2024-10-26T07:25:00.411+0000] {processor.py:914} INFO - Processing file /home/airflow/.local/lib/python3.12/site-packages/airflow/example_dags/example_branch_operator_decorator.py for tasks to queue
[2024-10-26T07:25:00.412+0000] {logging_mixin.py:190} INFO - [2024-10-26T07:25:00.412+0000] {dagbag.py:588} INFO - Filling up the DagBag from /home/airflow/.local/lib/python3.12/site-packages/airflow/example_dags/example_branch_operator_decorator.py
[2024-10-26T07:25:00.424+0000] {processor.py:925} INFO - DAG(s) 'example_branch_python_operator_decorator' retrieved from /home/airflow/.local/lib/python3.12/site-packages/airflow/example_dags/example_branch_operator_decorator.py
[2024-10-26T07:25:00.438+0000] {logging_mixin.py:190} INFO - [2024-10-26T07:25:00.438+0000] {dag.py:3239} INFO - Sync 1 DAGs
[2024-10-26T07:25:00.450+0000] {logging_mixin.py:190} INFO - [2024-10-26T07:25:00.450+0000] {dag.py:4180} INFO - Setting next_dagrun for example_branch_python_operator_decorator to 2024-10-25 00:00:00+00:00, run_after=2024-10-26 00:00:00+00:00
[2024-10-26T07:25:00.463+0000] {processor.py:208} INFO - Processing /home/airflow/.local/lib/python3.12/site-packages/airflow/example_dags/example_branch_operator_decorator.py took 0.058 seconds
[2024-10-26T07:25:31.917+0000] {processor.py:186} INFO - Started process (PID=87021) to work on /home/airflow/.local/lib/python3.12/site-packages/airflow/example_dags/example_branch_operator_decorator.py
[2024-10-26T07:25:31.920+0000] {processor.py:914} INFO - Processing file /home/airflow/.local/lib/python3.12/site-packages/airflow/example_dags/example_branch_operator_decorator.py for tasks to queue
[2024-10-26T07:25:31.922+0000] {logging_mixin.py:190} INFO - [2024-10-26T07:25:31.922+0000] {dagbag.py:588} INFO - Filling up the DagBag from /home/airflow/.local/lib/python3.12/site-packages/airflow/example_dags/example_branch_operator_decorator.py
[2024-10-26T07:25:31.936+0000] {processor.py:925} INFO - DAG(s) 'example_branch_python_operator_decorator' retrieved from /home/airflow/.local/lib/python3.12/site-packages/airflow/example_dags/example_branch_operator_decorator.py
[2024-10-26T07:25:31.954+0000] {logging_mixin.py:190} INFO - [2024-10-26T07:25:31.954+0000] {dag.py:3239} INFO - Sync 1 DAGs
[2024-10-26T07:25:31.968+0000] {logging_mixin.py:190} INFO - [2024-10-26T07:25:31.968+0000] {dag.py:4180} INFO - Setting next_dagrun for example_branch_python_operator_decorator to 2024-10-25 00:00:00+00:00, run_after=2024-10-26 00:00:00+00:00
[2024-10-26T07:25:31.979+0000] {processor.py:208} INFO - Processing /home/airflow/.local/lib/python3.12/site-packages/airflow/example_dags/example_branch_operator_decorator.py took 0.066 seconds
[2024-10-26T07:26:02.570+0000] {processor.py:186} INFO - Started process (PID=87312) to work on /home/airflow/.local/lib/python3.12/site-packages/airflow/example_dags/example_branch_operator_decorator.py
[2024-10-26T07:26:02.572+0000] {processor.py:914} INFO - Processing file /home/airflow/.local/lib/python3.12/site-packages/airflow/example_dags/example_branch_operator_decorator.py for tasks to queue
[2024-10-26T07:26:02.574+0000] {logging_mixin.py:190} INFO - [2024-10-26T07:26:02.573+0000] {dagbag.py:588} INFO - Filling up the DagBag from /home/airflow/.local/lib/python3.12/site-packages/airflow/example_dags/example_branch_operator_decorator.py
[2024-10-26T07:26:02.592+0000] {processor.py:925} INFO - DAG(s) 'example_branch_python_operator_decorator' retrieved from /home/airflow/.local/lib/python3.12/site-packages/airflow/example_dags/example_branch_operator_decorator.py
[2024-10-26T07:26:02.609+0000] {logging_mixin.py:190} INFO - [2024-10-26T07:26:02.609+0000] {dag.py:3239} INFO - Sync 1 DAGs
[2024-10-26T07:26:02.623+0000] {logging_mixin.py:190} INFO - [2024-10-26T07:26:02.623+0000] {dag.py:4180} INFO - Setting next_dagrun for example_branch_python_operator_decorator to 2024-10-25 00:00:00+00:00, run_after=2024-10-26 00:00:00+00:00
[2024-10-26T07:26:02.635+0000] {processor.py:208} INFO - Processing /home/airflow/.local/lib/python3.12/site-packages/airflow/example_dags/example_branch_operator_decorator.py took 0.071 seconds
[2024-10-26T07:26:33.374+0000] {processor.py:186} INFO - Started process (PID=87603) to work on /home/airflow/.local/lib/python3.12/site-packages/airflow/example_dags/example_branch_operator_decorator.py
[2024-10-26T07:26:33.375+0000] {processor.py:914} INFO - Processing file /home/airflow/.local/lib/python3.12/site-packages/airflow/example_dags/example_branch_operator_decorator.py for tasks to queue
[2024-10-26T07:26:33.375+0000] {logging_mixin.py:190} INFO - [2024-10-26T07:26:33.375+0000] {dagbag.py:588} INFO - Filling up the DagBag from /home/airflow/.local/lib/python3.12/site-packages/airflow/example_dags/example_branch_operator_decorator.py
[2024-10-26T07:26:33.387+0000] {processor.py:925} INFO - DAG(s) 'example_branch_python_operator_decorator' retrieved from /home/airflow/.local/lib/python3.12/site-packages/airflow/example_dags/example_branch_operator_decorator.py
[2024-10-26T07:26:33.401+0000] {logging_mixin.py:190} INFO - [2024-10-26T07:26:33.401+0000] {dag.py:3239} INFO - Sync 1 DAGs
[2024-10-26T07:26:33.412+0000] {logging_mixin.py:190} INFO - [2024-10-26T07:26:33.412+0000] {dag.py:4180} INFO - Setting next_dagrun for example_branch_python_operator_decorator to 2024-10-25 00:00:00+00:00, run_after=2024-10-26 00:00:00+00:00
[2024-10-26T07:26:33.422+0000] {processor.py:208} INFO - Processing /home/airflow/.local/lib/python3.12/site-packages/airflow/example_dags/example_branch_operator_decorator.py took 0.052 seconds
[2024-10-26T07:27:03.614+0000] {processor.py:186} INFO - Started process (PID=87894) to work on /home/airflow/.local/lib/python3.12/site-packages/airflow/example_dags/example_branch_operator_decorator.py
[2024-10-26T07:27:03.614+0000] {processor.py:914} INFO - Processing file /home/airflow/.local/lib/python3.12/site-packages/airflow/example_dags/example_branch_operator_decorator.py for tasks to queue
[2024-10-26T07:27:03.616+0000] {logging_mixin.py:190} INFO - [2024-10-26T07:27:03.615+0000] {dagbag.py:588} INFO - Filling up the DagBag from /home/airflow/.local/lib/python3.12/site-packages/airflow/example_dags/example_branch_operator_decorator.py
[2024-10-26T07:27:03.626+0000] {processor.py:925} INFO - DAG(s) 'example_branch_python_operator_decorator' retrieved from /home/airflow/.local/lib/python3.12/site-packages/airflow/example_dags/example_branch_operator_decorator.py
[2024-10-26T07:27:03.640+0000] {logging_mixin.py:190} INFO - [2024-10-26T07:27:03.640+0000] {dag.py:3239} INFO - Sync 1 DAGs
[2024-10-26T07:27:03.655+0000] {logging_mixin.py:190} INFO - [2024-10-26T07:27:03.654+0000] {dag.py:4180} INFO - Setting next_dagrun for example_branch_python_operator_decorator to 2024-10-25 00:00:00+00:00, run_after=2024-10-26 00:00:00+00:00
[2024-10-26T07:27:03.664+0000] {processor.py:208} INFO - Processing /home/airflow/.local/lib/python3.12/site-packages/airflow/example_dags/example_branch_operator_decorator.py took 0.054 seconds
[2024-10-26T07:27:34.361+0000] {processor.py:186} INFO - Started process (PID=88185) to work on /home/airflow/.local/lib/python3.12/site-packages/airflow/example_dags/example_branch_operator_decorator.py
[2024-10-26T07:27:34.362+0000] {processor.py:914} INFO - Processing file /home/airflow/.local/lib/python3.12/site-packages/airflow/example_dags/example_branch_operator_decorator.py for tasks to queue
[2024-10-26T07:27:34.363+0000] {logging_mixin.py:190} INFO - [2024-10-26T07:27:34.363+0000] {dagbag.py:588} INFO - Filling up the DagBag from /home/airflow/.local/lib/python3.12/site-packages/airflow/example_dags/example_branch_operator_decorator.py
[2024-10-26T07:27:34.374+0000] {processor.py:925} INFO - DAG(s) 'example_branch_python_operator_decorator' retrieved from /home/airflow/.local/lib/python3.12/site-packages/airflow/example_dags/example_branch_operator_decorator.py
[2024-10-26T07:27:34.390+0000] {logging_mixin.py:190} INFO - [2024-10-26T07:27:34.390+0000] {dag.py:3239} INFO - Sync 1 DAGs
[2024-10-26T07:27:34.405+0000] {logging_mixin.py:190} INFO - [2024-10-26T07:27:34.404+0000] {dag.py:4180} INFO - Setting next_dagrun for example_branch_python_operator_decorator to 2024-10-25 00:00:00+00:00, run_after=2024-10-26 00:00:00+00:00
[2024-10-26T07:27:34.414+0000] {processor.py:208} INFO - Processing /home/airflow/.local/lib/python3.12/site-packages/airflow/example_dags/example_branch_operator_decorator.py took 0.057 seconds
