[2024-10-26T00:46:25.027+0000] {processor.py:186} INFO - Started process (PID=70799) to work on /home/airflow/.local/lib/python3.12/site-packages/airflow/example_dags/example_external_task_marker_dag.py
[2024-10-26T00:46:25.028+0000] {processor.py:914} INFO - Processing file /home/airflow/.local/lib/python3.12/site-packages/airflow/example_dags/example_external_task_marker_dag.py for tasks to queue
[2024-10-26T00:46:25.030+0000] {logging_mixin.py:190} INFO - [2024-10-26T00:46:25.030+0000] {dagbag.py:588} INFO - Filling up the DagBag from /home/airflow/.local/lib/python3.12/site-packages/airflow/example_dags/example_external_task_marker_dag.py
[2024-10-26T00:46:25.034+0000] {processor.py:925} INFO - DAG(s) 'example_external_task_marker_parent', 'example_external_task_marker_child' retrieved from /home/airflow/.local/lib/python3.12/site-packages/airflow/example_dags/example_external_task_marker_dag.py
[2024-10-26T00:46:25.048+0000] {logging_mixin.py:190} INFO - [2024-10-26T00:46:25.048+0000] {dag.py:3239} INFO - Sync 2 DAGs
[2024-10-26T00:46:25.056+0000] {logging_mixin.py:190} INFO - [2024-10-26T00:46:25.056+0000] {dag.py:4180} INFO - Setting next_dagrun for example_external_task_marker_child to None, run_after=None
[2024-10-26T00:46:25.058+0000] {logging_mixin.py:190} INFO - [2024-10-26T00:46:25.058+0000] {dag.py:4180} INFO - Setting next_dagrun for example_external_task_marker_parent to None, run_after=None
[2024-10-26T00:46:25.072+0000] {processor.py:208} INFO - Processing /home/airflow/.local/lib/python3.12/site-packages/airflow/example_dags/example_external_task_marker_dag.py took 0.051 seconds
[2024-10-26T01:37:08.536+0000] {processor.py:186} INFO - Started process (PID=71091) to work on /home/airflow/.local/lib/python3.12/site-packages/airflow/example_dags/example_external_task_marker_dag.py
[2024-10-26T01:37:08.539+0000] {processor.py:914} INFO - Processing file /home/airflow/.local/lib/python3.12/site-packages/airflow/example_dags/example_external_task_marker_dag.py for tasks to queue
[2024-10-26T01:37:08.539+0000] {logging_mixin.py:190} INFO - [2024-10-26T01:37:08.539+0000] {dagbag.py:588} INFO - Filling up the DagBag from /home/airflow/.local/lib/python3.12/site-packages/airflow/example_dags/example_external_task_marker_dag.py
[2024-10-26T01:37:08.543+0000] {processor.py:925} INFO - DAG(s) 'example_external_task_marker_parent', 'example_external_task_marker_child' retrieved from /home/airflow/.local/lib/python3.12/site-packages/airflow/example_dags/example_external_task_marker_dag.py
[2024-10-26T01:37:08.558+0000] {logging_mixin.py:190} INFO - [2024-10-26T01:37:08.558+0000] {dag.py:3239} INFO - Sync 2 DAGs
[2024-10-26T01:37:08.567+0000] {logging_mixin.py:190} INFO - [2024-10-26T01:37:08.566+0000] {dag.py:4180} INFO - Setting next_dagrun for example_external_task_marker_child to None, run_after=None
[2024-10-26T01:37:08.568+0000] {logging_mixin.py:190} INFO - [2024-10-26T01:37:08.568+0000] {dag.py:4180} INFO - Setting next_dagrun for example_external_task_marker_parent to None, run_after=None
[2024-10-26T01:37:08.576+0000] {processor.py:208} INFO - Processing /home/airflow/.local/lib/python3.12/site-packages/airflow/example_dags/example_external_task_marker_dag.py took 0.043 seconds
[2024-10-26T02:57:37.463+0000] {processor.py:186} INFO - Started process (PID=71382) to work on /home/airflow/.local/lib/python3.12/site-packages/airflow/example_dags/example_external_task_marker_dag.py
[2024-10-26T02:57:37.465+0000] {processor.py:914} INFO - Processing file /home/airflow/.local/lib/python3.12/site-packages/airflow/example_dags/example_external_task_marker_dag.py for tasks to queue
[2024-10-26T02:57:37.466+0000] {logging_mixin.py:190} INFO - [2024-10-26T02:57:37.466+0000] {dagbag.py:588} INFO - Filling up the DagBag from /home/airflow/.local/lib/python3.12/site-packages/airflow/example_dags/example_external_task_marker_dag.py
[2024-10-26T02:57:37.470+0000] {processor.py:925} INFO - DAG(s) 'example_external_task_marker_parent', 'example_external_task_marker_child' retrieved from /home/airflow/.local/lib/python3.12/site-packages/airflow/example_dags/example_external_task_marker_dag.py
[2024-10-26T02:57:37.487+0000] {logging_mixin.py:190} INFO - [2024-10-26T02:57:37.486+0000] {dag.py:3239} INFO - Sync 2 DAGs
[2024-10-26T02:57:37.496+0000] {logging_mixin.py:190} INFO - [2024-10-26T02:57:37.496+0000] {dag.py:4180} INFO - Setting next_dagrun for example_external_task_marker_child to None, run_after=None
[2024-10-26T02:57:37.498+0000] {logging_mixin.py:190} INFO - [2024-10-26T02:57:37.498+0000] {dag.py:4180} INFO - Setting next_dagrun for example_external_task_marker_parent to None, run_after=None
[2024-10-26T02:57:37.506+0000] {processor.py:208} INFO - Processing /home/airflow/.local/lib/python3.12/site-packages/airflow/example_dags/example_external_task_marker_dag.py took 0.046 seconds
[2024-10-26T04:18:35.052+0000] {processor.py:186} INFO - Started process (PID=71673) to work on /home/airflow/.local/lib/python3.12/site-packages/airflow/example_dags/example_external_task_marker_dag.py
[2024-10-26T04:18:35.056+0000] {processor.py:914} INFO - Processing file /home/airflow/.local/lib/python3.12/site-packages/airflow/example_dags/example_external_task_marker_dag.py for tasks to queue
[2024-10-26T04:18:35.056+0000] {logging_mixin.py:190} INFO - [2024-10-26T04:18:35.056+0000] {dagbag.py:588} INFO - Filling up the DagBag from /home/airflow/.local/lib/python3.12/site-packages/airflow/example_dags/example_external_task_marker_dag.py
[2024-10-26T04:18:35.061+0000] {processor.py:925} INFO - DAG(s) 'example_external_task_marker_child', 'example_external_task_marker_parent' retrieved from /home/airflow/.local/lib/python3.12/site-packages/airflow/example_dags/example_external_task_marker_dag.py
[2024-10-26T04:18:35.078+0000] {logging_mixin.py:190} INFO - [2024-10-26T04:18:35.077+0000] {dag.py:3239} INFO - Sync 2 DAGs
[2024-10-26T04:18:35.086+0000] {logging_mixin.py:190} INFO - [2024-10-26T04:18:35.086+0000] {dag.py:4180} INFO - Setting next_dagrun for example_external_task_marker_child to None, run_after=None
[2024-10-26T04:18:35.088+0000] {logging_mixin.py:190} INFO - [2024-10-26T04:18:35.088+0000] {dag.py:4180} INFO - Setting next_dagrun for example_external_task_marker_parent to None, run_after=None
[2024-10-26T04:18:35.096+0000] {processor.py:208} INFO - Processing /home/airflow/.local/lib/python3.12/site-packages/airflow/example_dags/example_external_task_marker_dag.py took 0.048 seconds
[2024-10-26T05:41:04.846+0000] {processor.py:186} INFO - Started process (PID=71964) to work on /home/airflow/.local/lib/python3.12/site-packages/airflow/example_dags/example_external_task_marker_dag.py
[2024-10-26T05:41:04.847+0000] {processor.py:914} INFO - Processing file /home/airflow/.local/lib/python3.12/site-packages/airflow/example_dags/example_external_task_marker_dag.py for tasks to queue
[2024-10-26T05:41:04.848+0000] {logging_mixin.py:190} INFO - [2024-10-26T05:41:04.848+0000] {dagbag.py:588} INFO - Filling up the DagBag from /home/airflow/.local/lib/python3.12/site-packages/airflow/example_dags/example_external_task_marker_dag.py
[2024-10-26T05:41:04.853+0000] {processor.py:925} INFO - DAG(s) 'example_external_task_marker_child', 'example_external_task_marker_parent' retrieved from /home/airflow/.local/lib/python3.12/site-packages/airflow/example_dags/example_external_task_marker_dag.py
[2024-10-26T05:41:04.875+0000] {logging_mixin.py:190} INFO - [2024-10-26T05:41:04.875+0000] {dag.py:3239} INFO - Sync 2 DAGs
[2024-10-26T05:41:04.883+0000] {logging_mixin.py:190} INFO - [2024-10-26T05:41:04.883+0000] {dag.py:4180} INFO - Setting next_dagrun for example_external_task_marker_child to None, run_after=None
[2024-10-26T05:41:04.885+0000] {logging_mixin.py:190} INFO - [2024-10-26T05:41:04.885+0000] {dag.py:4180} INFO - Setting next_dagrun for example_external_task_marker_parent to None, run_after=None
[2024-10-26T05:41:04.892+0000] {processor.py:208} INFO - Processing /home/airflow/.local/lib/python3.12/site-packages/airflow/example_dags/example_external_task_marker_dag.py took 0.050 seconds
[2024-10-26T06:59:45.122+0000] {processor.py:186} INFO - Started process (PID=72255) to work on /home/airflow/.local/lib/python3.12/site-packages/airflow/example_dags/example_external_task_marker_dag.py
[2024-10-26T06:59:45.124+0000] {processor.py:914} INFO - Processing file /home/airflow/.local/lib/python3.12/site-packages/airflow/example_dags/example_external_task_marker_dag.py for tasks to queue
[2024-10-26T06:59:45.125+0000] {logging_mixin.py:190} INFO - [2024-10-26T06:59:45.125+0000] {dagbag.py:588} INFO - Filling up the DagBag from /home/airflow/.local/lib/python3.12/site-packages/airflow/example_dags/example_external_task_marker_dag.py
[2024-10-26T06:59:45.136+0000] {processor.py:925} INFO - DAG(s) 'example_external_task_marker_parent', 'example_external_task_marker_child' retrieved from /home/airflow/.local/lib/python3.12/site-packages/airflow/example_dags/example_external_task_marker_dag.py
[2024-10-26T06:59:45.154+0000] {logging_mixin.py:190} INFO - [2024-10-26T06:59:45.153+0000] {dag.py:3239} INFO - Sync 2 DAGs
[2024-10-26T06:59:45.162+0000] {logging_mixin.py:190} INFO - [2024-10-26T06:59:45.162+0000] {dag.py:4180} INFO - Setting next_dagrun for example_external_task_marker_child to None, run_after=None
[2024-10-26T06:59:45.164+0000] {logging_mixin.py:190} INFO - [2024-10-26T06:59:45.164+0000] {dag.py:4180} INFO - Setting next_dagrun for example_external_task_marker_parent to None, run_after=None
[2024-10-26T06:59:45.177+0000] {processor.py:208} INFO - Processing /home/airflow/.local/lib/python3.12/site-packages/airflow/example_dags/example_external_task_marker_dag.py took 0.058 seconds
[2024-10-26T07:00:15.844+0000] {processor.py:186} INFO - Started process (PID=72546) to work on /home/airflow/.local/lib/python3.12/site-packages/airflow/example_dags/example_external_task_marker_dag.py
[2024-10-26T07:00:15.845+0000] {processor.py:914} INFO - Processing file /home/airflow/.local/lib/python3.12/site-packages/airflow/example_dags/example_external_task_marker_dag.py for tasks to queue
[2024-10-26T07:00:15.845+0000] {logging_mixin.py:190} INFO - [2024-10-26T07:00:15.845+0000] {dagbag.py:588} INFO - Filling up the DagBag from /home/airflow/.local/lib/python3.12/site-packages/airflow/example_dags/example_external_task_marker_dag.py
[2024-10-26T07:00:15.850+0000] {processor.py:925} INFO - DAG(s) 'example_external_task_marker_parent', 'example_external_task_marker_child' retrieved from /home/airflow/.local/lib/python3.12/site-packages/airflow/example_dags/example_external_task_marker_dag.py
[2024-10-26T07:00:15.864+0000] {logging_mixin.py:190} INFO - [2024-10-26T07:00:15.864+0000] {dag.py:3239} INFO - Sync 2 DAGs
[2024-10-26T07:00:15.871+0000] {logging_mixin.py:190} INFO - [2024-10-26T07:00:15.871+0000] {dag.py:4180} INFO - Setting next_dagrun for example_external_task_marker_child to None, run_after=None
[2024-10-26T07:00:15.873+0000] {logging_mixin.py:190} INFO - [2024-10-26T07:00:15.873+0000] {dag.py:4180} INFO - Setting next_dagrun for example_external_task_marker_parent to None, run_after=None
[2024-10-26T07:00:15.881+0000] {processor.py:208} INFO - Processing /home/airflow/.local/lib/python3.12/site-packages/airflow/example_dags/example_external_task_marker_dag.py took 0.047 seconds
[2024-10-26T07:00:46.299+0000] {processor.py:186} INFO - Started process (PID=72837) to work on /home/airflow/.local/lib/python3.12/site-packages/airflow/example_dags/example_external_task_marker_dag.py
[2024-10-26T07:00:46.300+0000] {processor.py:914} INFO - Processing file /home/airflow/.local/lib/python3.12/site-packages/airflow/example_dags/example_external_task_marker_dag.py for tasks to queue
[2024-10-26T07:00:46.301+0000] {logging_mixin.py:190} INFO - [2024-10-26T07:00:46.301+0000] {dagbag.py:588} INFO - Filling up the DagBag from /home/airflow/.local/lib/python3.12/site-packages/airflow/example_dags/example_external_task_marker_dag.py
[2024-10-26T07:00:46.305+0000] {processor.py:925} INFO - DAG(s) 'example_external_task_marker_child', 'example_external_task_marker_parent' retrieved from /home/airflow/.local/lib/python3.12/site-packages/airflow/example_dags/example_external_task_marker_dag.py
[2024-10-26T07:00:46.320+0000] {logging_mixin.py:190} INFO - [2024-10-26T07:00:46.320+0000] {dag.py:3239} INFO - Sync 2 DAGs
[2024-10-26T07:00:46.330+0000] {logging_mixin.py:190} INFO - [2024-10-26T07:00:46.329+0000] {dag.py:4180} INFO - Setting next_dagrun for example_external_task_marker_child to None, run_after=None
[2024-10-26T07:00:46.331+0000] {logging_mixin.py:190} INFO - [2024-10-26T07:00:46.331+0000] {dag.py:4180} INFO - Setting next_dagrun for example_external_task_marker_parent to None, run_after=None
[2024-10-26T07:00:46.339+0000] {processor.py:208} INFO - Processing /home/airflow/.local/lib/python3.12/site-packages/airflow/example_dags/example_external_task_marker_dag.py took 0.044 seconds
[2024-10-26T07:01:17.251+0000] {processor.py:186} INFO - Started process (PID=73128) to work on /home/airflow/.local/lib/python3.12/site-packages/airflow/example_dags/example_external_task_marker_dag.py
[2024-10-26T07:01:17.253+0000] {processor.py:914} INFO - Processing file /home/airflow/.local/lib/python3.12/site-packages/airflow/example_dags/example_external_task_marker_dag.py for tasks to queue
[2024-10-26T07:01:17.258+0000] {logging_mixin.py:190} INFO - [2024-10-26T07:01:17.257+0000] {dagbag.py:588} INFO - Filling up the DagBag from /home/airflow/.local/lib/python3.12/site-packages/airflow/example_dags/example_external_task_marker_dag.py
[2024-10-26T07:01:17.265+0000] {processor.py:925} INFO - DAG(s) 'example_external_task_marker_parent', 'example_external_task_marker_child' retrieved from /home/airflow/.local/lib/python3.12/site-packages/airflow/example_dags/example_external_task_marker_dag.py
[2024-10-26T07:01:17.295+0000] {logging_mixin.py:190} INFO - [2024-10-26T07:01:17.294+0000] {dag.py:3239} INFO - Sync 2 DAGs
[2024-10-26T07:01:17.308+0000] {logging_mixin.py:190} INFO - [2024-10-26T07:01:17.308+0000] {dag.py:4180} INFO - Setting next_dagrun for example_external_task_marker_child to None, run_after=None
[2024-10-26T07:01:17.312+0000] {logging_mixin.py:190} INFO - [2024-10-26T07:01:17.312+0000] {dag.py:4180} INFO - Setting next_dagrun for example_external_task_marker_parent to None, run_after=None
[2024-10-26T07:01:17.325+0000] {processor.py:208} INFO - Processing /home/airflow/.local/lib/python3.12/site-packages/airflow/example_dags/example_external_task_marker_dag.py took 0.085 seconds
[2024-10-26T07:01:47.892+0000] {processor.py:186} INFO - Started process (PID=73419) to work on /home/airflow/.local/lib/python3.12/site-packages/airflow/example_dags/example_external_task_marker_dag.py
[2024-10-26T07:01:47.892+0000] {processor.py:914} INFO - Processing file /home/airflow/.local/lib/python3.12/site-packages/airflow/example_dags/example_external_task_marker_dag.py for tasks to queue
[2024-10-26T07:01:47.893+0000] {logging_mixin.py:190} INFO - [2024-10-26T07:01:47.893+0000] {dagbag.py:588} INFO - Filling up the DagBag from /home/airflow/.local/lib/python3.12/site-packages/airflow/example_dags/example_external_task_marker_dag.py
[2024-10-26T07:01:47.898+0000] {processor.py:925} INFO - DAG(s) 'example_external_task_marker_child', 'example_external_task_marker_parent' retrieved from /home/airflow/.local/lib/python3.12/site-packages/airflow/example_dags/example_external_task_marker_dag.py
[2024-10-26T07:01:47.918+0000] {logging_mixin.py:190} INFO - [2024-10-26T07:01:47.918+0000] {dag.py:3239} INFO - Sync 2 DAGs
[2024-10-26T07:01:47.927+0000] {logging_mixin.py:190} INFO - [2024-10-26T07:01:47.927+0000] {dag.py:4180} INFO - Setting next_dagrun for example_external_task_marker_child to None, run_after=None
[2024-10-26T07:01:47.930+0000] {logging_mixin.py:190} INFO - [2024-10-26T07:01:47.929+0000] {dag.py:4180} INFO - Setting next_dagrun for example_external_task_marker_parent to None, run_after=None
[2024-10-26T07:01:47.941+0000] {processor.py:208} INFO - Processing /home/airflow/.local/lib/python3.12/site-packages/airflow/example_dags/example_external_task_marker_dag.py took 0.054 seconds
[2024-10-26T07:02:18.535+0000] {processor.py:186} INFO - Started process (PID=73710) to work on /home/airflow/.local/lib/python3.12/site-packages/airflow/example_dags/example_external_task_marker_dag.py
[2024-10-26T07:02:18.536+0000] {processor.py:914} INFO - Processing file /home/airflow/.local/lib/python3.12/site-packages/airflow/example_dags/example_external_task_marker_dag.py for tasks to queue
[2024-10-26T07:02:18.537+0000] {logging_mixin.py:190} INFO - [2024-10-26T07:02:18.536+0000] {dagbag.py:588} INFO - Filling up the DagBag from /home/airflow/.local/lib/python3.12/site-packages/airflow/example_dags/example_external_task_marker_dag.py
[2024-10-26T07:02:18.541+0000] {processor.py:925} INFO - DAG(s) 'example_external_task_marker_parent', 'example_external_task_marker_child' retrieved from /home/airflow/.local/lib/python3.12/site-packages/airflow/example_dags/example_external_task_marker_dag.py
[2024-10-26T07:02:18.554+0000] {logging_mixin.py:190} INFO - [2024-10-26T07:02:18.553+0000] {dag.py:3239} INFO - Sync 2 DAGs
[2024-10-26T07:02:18.564+0000] {logging_mixin.py:190} INFO - [2024-10-26T07:02:18.564+0000] {dag.py:4180} INFO - Setting next_dagrun for example_external_task_marker_child to None, run_after=None
[2024-10-26T07:02:18.566+0000] {logging_mixin.py:190} INFO - [2024-10-26T07:02:18.566+0000] {dag.py:4180} INFO - Setting next_dagrun for example_external_task_marker_parent to None, run_after=None
[2024-10-26T07:02:18.574+0000] {processor.py:208} INFO - Processing /home/airflow/.local/lib/python3.12/site-packages/airflow/example_dags/example_external_task_marker_dag.py took 0.043 seconds
[2024-10-26T07:02:48.907+0000] {processor.py:186} INFO - Started process (PID=74001) to work on /home/airflow/.local/lib/python3.12/site-packages/airflow/example_dags/example_external_task_marker_dag.py
[2024-10-26T07:02:48.908+0000] {processor.py:914} INFO - Processing file /home/airflow/.local/lib/python3.12/site-packages/airflow/example_dags/example_external_task_marker_dag.py for tasks to queue
[2024-10-26T07:02:48.909+0000] {logging_mixin.py:190} INFO - [2024-10-26T07:02:48.909+0000] {dagbag.py:588} INFO - Filling up the DagBag from /home/airflow/.local/lib/python3.12/site-packages/airflow/example_dags/example_external_task_marker_dag.py
[2024-10-26T07:02:48.913+0000] {processor.py:925} INFO - DAG(s) 'example_external_task_marker_child', 'example_external_task_marker_parent' retrieved from /home/airflow/.local/lib/python3.12/site-packages/airflow/example_dags/example_external_task_marker_dag.py
[2024-10-26T07:02:48.926+0000] {logging_mixin.py:190} INFO - [2024-10-26T07:02:48.926+0000] {dag.py:3239} INFO - Sync 2 DAGs
[2024-10-26T07:02:48.935+0000] {logging_mixin.py:190} INFO - [2024-10-26T07:02:48.935+0000] {dag.py:4180} INFO - Setting next_dagrun for example_external_task_marker_child to None, run_after=None
[2024-10-26T07:02:48.937+0000] {logging_mixin.py:190} INFO - [2024-10-26T07:02:48.937+0000] {dag.py:4180} INFO - Setting next_dagrun for example_external_task_marker_parent to None, run_after=None
[2024-10-26T07:02:48.945+0000] {processor.py:208} INFO - Processing /home/airflow/.local/lib/python3.12/site-packages/airflow/example_dags/example_external_task_marker_dag.py took 0.043 seconds
[2024-10-26T07:03:19.678+0000] {processor.py:186} INFO - Started process (PID=74292) to work on /home/airflow/.local/lib/python3.12/site-packages/airflow/example_dags/example_external_task_marker_dag.py
[2024-10-26T07:03:19.678+0000] {processor.py:914} INFO - Processing file /home/airflow/.local/lib/python3.12/site-packages/airflow/example_dags/example_external_task_marker_dag.py for tasks to queue
[2024-10-26T07:03:19.680+0000] {logging_mixin.py:190} INFO - [2024-10-26T07:03:19.680+0000] {dagbag.py:588} INFO - Filling up the DagBag from /home/airflow/.local/lib/python3.12/site-packages/airflow/example_dags/example_external_task_marker_dag.py
[2024-10-26T07:03:19.692+0000] {processor.py:925} INFO - DAG(s) 'example_external_task_marker_parent', 'example_external_task_marker_child' retrieved from /home/airflow/.local/lib/python3.12/site-packages/airflow/example_dags/example_external_task_marker_dag.py
[2024-10-26T07:03:19.721+0000] {logging_mixin.py:190} INFO - [2024-10-26T07:03:19.721+0000] {dag.py:3239} INFO - Sync 2 DAGs
[2024-10-26T07:03:19.736+0000] {logging_mixin.py:190} INFO - [2024-10-26T07:03:19.736+0000] {dag.py:4180} INFO - Setting next_dagrun for example_external_task_marker_child to None, run_after=None
[2024-10-26T07:03:19.743+0000] {logging_mixin.py:190} INFO - [2024-10-26T07:03:19.743+0000] {dag.py:4180} INFO - Setting next_dagrun for example_external_task_marker_parent to None, run_after=None
[2024-10-26T07:03:19.757+0000] {processor.py:208} INFO - Processing /home/airflow/.local/lib/python3.12/site-packages/airflow/example_dags/example_external_task_marker_dag.py took 0.084 seconds
[2024-10-26T07:03:50.254+0000] {processor.py:186} INFO - Started process (PID=74583) to work on /home/airflow/.local/lib/python3.12/site-packages/airflow/example_dags/example_external_task_marker_dag.py
[2024-10-26T07:03:50.255+0000] {processor.py:914} INFO - Processing file /home/airflow/.local/lib/python3.12/site-packages/airflow/example_dags/example_external_task_marker_dag.py for tasks to queue
[2024-10-26T07:03:50.256+0000] {logging_mixin.py:190} INFO - [2024-10-26T07:03:50.256+0000] {dagbag.py:588} INFO - Filling up the DagBag from /home/airflow/.local/lib/python3.12/site-packages/airflow/example_dags/example_external_task_marker_dag.py
[2024-10-26T07:03:50.261+0000] {processor.py:925} INFO - DAG(s) 'example_external_task_marker_parent', 'example_external_task_marker_child' retrieved from /home/airflow/.local/lib/python3.12/site-packages/airflow/example_dags/example_external_task_marker_dag.py
[2024-10-26T07:03:50.274+0000] {logging_mixin.py:190} INFO - [2024-10-26T07:03:50.274+0000] {dag.py:3239} INFO - Sync 2 DAGs
[2024-10-26T07:03:50.317+0000] {logging_mixin.py:190} INFO - [2024-10-26T07:03:50.317+0000] {dag.py:4180} INFO - Setting next_dagrun for example_external_task_marker_child to None, run_after=None
[2024-10-26T07:03:50.320+0000] {logging_mixin.py:190} INFO - [2024-10-26T07:03:50.320+0000] {dag.py:4180} INFO - Setting next_dagrun for example_external_task_marker_parent to None, run_after=None
[2024-10-26T07:03:50.337+0000] {processor.py:208} INFO - Processing /home/airflow/.local/lib/python3.12/site-packages/airflow/example_dags/example_external_task_marker_dag.py took 0.089 seconds
[2024-10-26T07:04:21.244+0000] {processor.py:186} INFO - Started process (PID=74873) to work on /home/airflow/.local/lib/python3.12/site-packages/airflow/example_dags/example_external_task_marker_dag.py
[2024-10-26T07:04:21.245+0000] {processor.py:914} INFO - Processing file /home/airflow/.local/lib/python3.12/site-packages/airflow/example_dags/example_external_task_marker_dag.py for tasks to queue
[2024-10-26T07:04:21.247+0000] {logging_mixin.py:190} INFO - [2024-10-26T07:04:21.246+0000] {dagbag.py:588} INFO - Filling up the DagBag from /home/airflow/.local/lib/python3.12/site-packages/airflow/example_dags/example_external_task_marker_dag.py
[2024-10-26T07:04:21.251+0000] {processor.py:925} INFO - DAG(s) 'example_external_task_marker_child', 'example_external_task_marker_parent' retrieved from /home/airflow/.local/lib/python3.12/site-packages/airflow/example_dags/example_external_task_marker_dag.py
[2024-10-26T07:04:21.267+0000] {logging_mixin.py:190} INFO - [2024-10-26T07:04:21.267+0000] {dag.py:3239} INFO - Sync 2 DAGs
[2024-10-26T07:04:21.275+0000] {logging_mixin.py:190} INFO - [2024-10-26T07:04:21.274+0000] {dag.py:4180} INFO - Setting next_dagrun for example_external_task_marker_child to None, run_after=None
[2024-10-26T07:04:21.277+0000] {logging_mixin.py:190} INFO - [2024-10-26T07:04:21.276+0000] {dag.py:4180} INFO - Setting next_dagrun for example_external_task_marker_parent to None, run_after=None
[2024-10-26T07:04:21.292+0000] {processor.py:208} INFO - Processing /home/airflow/.local/lib/python3.12/site-packages/airflow/example_dags/example_external_task_marker_dag.py took 0.050 seconds
[2024-10-26T07:04:51.612+0000] {processor.py:186} INFO - Started process (PID=75164) to work on /home/airflow/.local/lib/python3.12/site-packages/airflow/example_dags/example_external_task_marker_dag.py
[2024-10-26T07:04:51.613+0000] {processor.py:914} INFO - Processing file /home/airflow/.local/lib/python3.12/site-packages/airflow/example_dags/example_external_task_marker_dag.py for tasks to queue
[2024-10-26T07:04:51.614+0000] {logging_mixin.py:190} INFO - [2024-10-26T07:04:51.614+0000] {dagbag.py:588} INFO - Filling up the DagBag from /home/airflow/.local/lib/python3.12/site-packages/airflow/example_dags/example_external_task_marker_dag.py
[2024-10-26T07:04:51.619+0000] {processor.py:925} INFO - DAG(s) 'example_external_task_marker_child', 'example_external_task_marker_parent' retrieved from /home/airflow/.local/lib/python3.12/site-packages/airflow/example_dags/example_external_task_marker_dag.py
[2024-10-26T07:04:51.639+0000] {logging_mixin.py:190} INFO - [2024-10-26T07:04:51.639+0000] {dag.py:3239} INFO - Sync 2 DAGs
[2024-10-26T07:04:51.648+0000] {logging_mixin.py:190} INFO - [2024-10-26T07:04:51.648+0000] {dag.py:4180} INFO - Setting next_dagrun for example_external_task_marker_child to None, run_after=None
[2024-10-26T07:04:51.650+0000] {logging_mixin.py:190} INFO - [2024-10-26T07:04:51.650+0000] {dag.py:4180} INFO - Setting next_dagrun for example_external_task_marker_parent to None, run_after=None
[2024-10-26T07:04:51.660+0000] {processor.py:208} INFO - Processing /home/airflow/.local/lib/python3.12/site-packages/airflow/example_dags/example_external_task_marker_dag.py took 0.052 seconds
[2024-10-26T07:05:22.002+0000] {processor.py:186} INFO - Started process (PID=75455) to work on /home/airflow/.local/lib/python3.12/site-packages/airflow/example_dags/example_external_task_marker_dag.py
[2024-10-26T07:05:22.004+0000] {processor.py:914} INFO - Processing file /home/airflow/.local/lib/python3.12/site-packages/airflow/example_dags/example_external_task_marker_dag.py for tasks to queue
[2024-10-26T07:05:22.005+0000] {logging_mixin.py:190} INFO - [2024-10-26T07:05:22.005+0000] {dagbag.py:588} INFO - Filling up the DagBag from /home/airflow/.local/lib/python3.12/site-packages/airflow/example_dags/example_external_task_marker_dag.py
[2024-10-26T07:05:22.011+0000] {processor.py:925} INFO - DAG(s) 'example_external_task_marker_child', 'example_external_task_marker_parent' retrieved from /home/airflow/.local/lib/python3.12/site-packages/airflow/example_dags/example_external_task_marker_dag.py
[2024-10-26T07:05:22.033+0000] {logging_mixin.py:190} INFO - [2024-10-26T07:05:22.033+0000] {dag.py:3239} INFO - Sync 2 DAGs
[2024-10-26T07:05:22.055+0000] {logging_mixin.py:190} INFO - [2024-10-26T07:05:22.055+0000] {dag.py:4180} INFO - Setting next_dagrun for example_external_task_marker_child to None, run_after=None
[2024-10-26T07:05:22.059+0000] {logging_mixin.py:190} INFO - [2024-10-26T07:05:22.059+0000] {dag.py:4180} INFO - Setting next_dagrun for example_external_task_marker_parent to None, run_after=None
[2024-10-26T07:05:22.079+0000] {processor.py:208} INFO - Processing /home/airflow/.local/lib/python3.12/site-packages/airflow/example_dags/example_external_task_marker_dag.py took 0.085 seconds
[2024-10-26T07:05:52.996+0000] {processor.py:186} INFO - Started process (PID=75745) to work on /home/airflow/.local/lib/python3.12/site-packages/airflow/example_dags/example_external_task_marker_dag.py
[2024-10-26T07:05:52.996+0000] {processor.py:914} INFO - Processing file /home/airflow/.local/lib/python3.12/site-packages/airflow/example_dags/example_external_task_marker_dag.py for tasks to queue
[2024-10-26T07:05:52.997+0000] {logging_mixin.py:190} INFO - [2024-10-26T07:05:52.997+0000] {dagbag.py:588} INFO - Filling up the DagBag from /home/airflow/.local/lib/python3.12/site-packages/airflow/example_dags/example_external_task_marker_dag.py
[2024-10-26T07:05:53.002+0000] {processor.py:925} INFO - DAG(s) 'example_external_task_marker_child', 'example_external_task_marker_parent' retrieved from /home/airflow/.local/lib/python3.12/site-packages/airflow/example_dags/example_external_task_marker_dag.py
[2024-10-26T07:05:53.017+0000] {logging_mixin.py:190} INFO - [2024-10-26T07:05:53.017+0000] {dag.py:3239} INFO - Sync 2 DAGs
[2024-10-26T07:05:53.028+0000] {logging_mixin.py:190} INFO - [2024-10-26T07:05:53.028+0000] {dag.py:4180} INFO - Setting next_dagrun for example_external_task_marker_child to None, run_after=None
[2024-10-26T07:05:53.032+0000] {logging_mixin.py:190} INFO - [2024-10-26T07:05:53.032+0000] {dag.py:4180} INFO - Setting next_dagrun for example_external_task_marker_parent to None, run_after=None
[2024-10-26T07:05:53.042+0000] {processor.py:208} INFO - Processing /home/airflow/.local/lib/python3.12/site-packages/airflow/example_dags/example_external_task_marker_dag.py took 0.051 seconds
[2024-10-26T07:06:23.513+0000] {processor.py:186} INFO - Started process (PID=76036) to work on /home/airflow/.local/lib/python3.12/site-packages/airflow/example_dags/example_external_task_marker_dag.py
[2024-10-26T07:06:23.514+0000] {processor.py:914} INFO - Processing file /home/airflow/.local/lib/python3.12/site-packages/airflow/example_dags/example_external_task_marker_dag.py for tasks to queue
[2024-10-26T07:06:23.515+0000] {logging_mixin.py:190} INFO - [2024-10-26T07:06:23.515+0000] {dagbag.py:588} INFO - Filling up the DagBag from /home/airflow/.local/lib/python3.12/site-packages/airflow/example_dags/example_external_task_marker_dag.py
[2024-10-26T07:06:23.521+0000] {processor.py:925} INFO - DAG(s) 'example_external_task_marker_parent', 'example_external_task_marker_child' retrieved from /home/airflow/.local/lib/python3.12/site-packages/airflow/example_dags/example_external_task_marker_dag.py
[2024-10-26T07:06:23.537+0000] {logging_mixin.py:190} INFO - [2024-10-26T07:06:23.537+0000] {dag.py:3239} INFO - Sync 2 DAGs
[2024-10-26T07:06:23.545+0000] {logging_mixin.py:190} INFO - [2024-10-26T07:06:23.545+0000] {dag.py:4180} INFO - Setting next_dagrun for example_external_task_marker_child to None, run_after=None
[2024-10-26T07:06:23.550+0000] {logging_mixin.py:190} INFO - [2024-10-26T07:06:23.550+0000] {dag.py:4180} INFO - Setting next_dagrun for example_external_task_marker_parent to None, run_after=None
[2024-10-26T07:06:23.557+0000] {processor.py:208} INFO - Processing /home/airflow/.local/lib/python3.12/site-packages/airflow/example_dags/example_external_task_marker_dag.py took 0.048 seconds
[2024-10-26T07:06:53.767+0000] {processor.py:186} INFO - Started process (PID=76327) to work on /home/airflow/.local/lib/python3.12/site-packages/airflow/example_dags/example_external_task_marker_dag.py
[2024-10-26T07:06:53.770+0000] {processor.py:914} INFO - Processing file /home/airflow/.local/lib/python3.12/site-packages/airflow/example_dags/example_external_task_marker_dag.py for tasks to queue
[2024-10-26T07:06:53.771+0000] {logging_mixin.py:190} INFO - [2024-10-26T07:06:53.771+0000] {dagbag.py:588} INFO - Filling up the DagBag from /home/airflow/.local/lib/python3.12/site-packages/airflow/example_dags/example_external_task_marker_dag.py
[2024-10-26T07:06:53.778+0000] {processor.py:925} INFO - DAG(s) 'example_external_task_marker_parent', 'example_external_task_marker_child' retrieved from /home/airflow/.local/lib/python3.12/site-packages/airflow/example_dags/example_external_task_marker_dag.py
[2024-10-26T07:06:53.795+0000] {logging_mixin.py:190} INFO - [2024-10-26T07:06:53.795+0000] {dag.py:3239} INFO - Sync 2 DAGs
[2024-10-26T07:06:53.803+0000] {logging_mixin.py:190} INFO - [2024-10-26T07:06:53.803+0000] {dag.py:4180} INFO - Setting next_dagrun for example_external_task_marker_child to None, run_after=None
[2024-10-26T07:06:53.805+0000] {logging_mixin.py:190} INFO - [2024-10-26T07:06:53.805+0000] {dag.py:4180} INFO - Setting next_dagrun for example_external_task_marker_parent to None, run_after=None
[2024-10-26T07:06:53.812+0000] {processor.py:208} INFO - Processing /home/airflow/.local/lib/python3.12/site-packages/airflow/example_dags/example_external_task_marker_dag.py took 0.053 seconds
[2024-10-26T07:07:24.144+0000] {processor.py:186} INFO - Started process (PID=76618) to work on /home/airflow/.local/lib/python3.12/site-packages/airflow/example_dags/example_external_task_marker_dag.py
[2024-10-26T07:07:24.146+0000] {processor.py:914} INFO - Processing file /home/airflow/.local/lib/python3.12/site-packages/airflow/example_dags/example_external_task_marker_dag.py for tasks to queue
[2024-10-26T07:07:24.148+0000] {logging_mixin.py:190} INFO - [2024-10-26T07:07:24.148+0000] {dagbag.py:588} INFO - Filling up the DagBag from /home/airflow/.local/lib/python3.12/site-packages/airflow/example_dags/example_external_task_marker_dag.py
[2024-10-26T07:07:24.153+0000] {processor.py:925} INFO - DAG(s) 'example_external_task_marker_child', 'example_external_task_marker_parent' retrieved from /home/airflow/.local/lib/python3.12/site-packages/airflow/example_dags/example_external_task_marker_dag.py
[2024-10-26T07:07:24.168+0000] {logging_mixin.py:190} INFO - [2024-10-26T07:07:24.168+0000] {dag.py:3239} INFO - Sync 2 DAGs
[2024-10-26T07:07:24.177+0000] {logging_mixin.py:190} INFO - [2024-10-26T07:07:24.177+0000] {dag.py:4180} INFO - Setting next_dagrun for example_external_task_marker_child to None, run_after=None
[2024-10-26T07:07:24.183+0000] {logging_mixin.py:190} INFO - [2024-10-26T07:07:24.183+0000] {dag.py:4180} INFO - Setting next_dagrun for example_external_task_marker_parent to None, run_after=None
[2024-10-26T07:07:24.192+0000] {processor.py:208} INFO - Processing /home/airflow/.local/lib/python3.12/site-packages/airflow/example_dags/example_external_task_marker_dag.py took 0.051 seconds
[2024-10-26T07:07:54.758+0000] {processor.py:186} INFO - Started process (PID=76909) to work on /home/airflow/.local/lib/python3.12/site-packages/airflow/example_dags/example_external_task_marker_dag.py
[2024-10-26T07:07:54.759+0000] {processor.py:914} INFO - Processing file /home/airflow/.local/lib/python3.12/site-packages/airflow/example_dags/example_external_task_marker_dag.py for tasks to queue
[2024-10-26T07:07:54.759+0000] {logging_mixin.py:190} INFO - [2024-10-26T07:07:54.759+0000] {dagbag.py:588} INFO - Filling up the DagBag from /home/airflow/.local/lib/python3.12/site-packages/airflow/example_dags/example_external_task_marker_dag.py
[2024-10-26T07:07:54.764+0000] {processor.py:925} INFO - DAG(s) 'example_external_task_marker_child', 'example_external_task_marker_parent' retrieved from /home/airflow/.local/lib/python3.12/site-packages/airflow/example_dags/example_external_task_marker_dag.py
[2024-10-26T07:07:54.783+0000] {logging_mixin.py:190} INFO - [2024-10-26T07:07:54.783+0000] {dag.py:3239} INFO - Sync 2 DAGs
[2024-10-26T07:07:54.793+0000] {logging_mixin.py:190} INFO - [2024-10-26T07:07:54.793+0000] {dag.py:4180} INFO - Setting next_dagrun for example_external_task_marker_child to None, run_after=None
[2024-10-26T07:07:54.797+0000] {logging_mixin.py:190} INFO - [2024-10-26T07:07:54.797+0000] {dag.py:4180} INFO - Setting next_dagrun for example_external_task_marker_parent to None, run_after=None
[2024-10-26T07:07:54.808+0000] {processor.py:208} INFO - Processing /home/airflow/.local/lib/python3.12/site-packages/airflow/example_dags/example_external_task_marker_dag.py took 0.054 seconds
[2024-10-26T07:08:25.942+0000] {processor.py:186} INFO - Started process (PID=77200) to work on /home/airflow/.local/lib/python3.12/site-packages/airflow/example_dags/example_external_task_marker_dag.py
[2024-10-26T07:08:25.943+0000] {processor.py:914} INFO - Processing file /home/airflow/.local/lib/python3.12/site-packages/airflow/example_dags/example_external_task_marker_dag.py for tasks to queue
[2024-10-26T07:08:25.944+0000] {logging_mixin.py:190} INFO - [2024-10-26T07:08:25.944+0000] {dagbag.py:588} INFO - Filling up the DagBag from /home/airflow/.local/lib/python3.12/site-packages/airflow/example_dags/example_external_task_marker_dag.py
[2024-10-26T07:08:25.950+0000] {processor.py:925} INFO - DAG(s) 'example_external_task_marker_child', 'example_external_task_marker_parent' retrieved from /home/airflow/.local/lib/python3.12/site-packages/airflow/example_dags/example_external_task_marker_dag.py
[2024-10-26T07:08:25.964+0000] {logging_mixin.py:190} INFO - [2024-10-26T07:08:25.964+0000] {dag.py:3239} INFO - Sync 2 DAGs
[2024-10-26T07:08:25.975+0000] {logging_mixin.py:190} INFO - [2024-10-26T07:08:25.975+0000] {dag.py:4180} INFO - Setting next_dagrun for example_external_task_marker_child to None, run_after=None
[2024-10-26T07:08:25.978+0000] {logging_mixin.py:190} INFO - [2024-10-26T07:08:25.978+0000] {dag.py:4180} INFO - Setting next_dagrun for example_external_task_marker_parent to None, run_after=None
[2024-10-26T07:08:25.986+0000] {processor.py:208} INFO - Processing /home/airflow/.local/lib/python3.12/site-packages/airflow/example_dags/example_external_task_marker_dag.py took 0.047 seconds
[2024-10-26T07:08:56.248+0000] {processor.py:186} INFO - Started process (PID=77488) to work on /home/airflow/.local/lib/python3.12/site-packages/airflow/example_dags/example_external_task_marker_dag.py
[2024-10-26T07:08:56.249+0000] {processor.py:914} INFO - Processing file /home/airflow/.local/lib/python3.12/site-packages/airflow/example_dags/example_external_task_marker_dag.py for tasks to queue
[2024-10-26T07:08:56.250+0000] {logging_mixin.py:190} INFO - [2024-10-26T07:08:56.250+0000] {dagbag.py:588} INFO - Filling up the DagBag from /home/airflow/.local/lib/python3.12/site-packages/airflow/example_dags/example_external_task_marker_dag.py
[2024-10-26T07:08:56.254+0000] {processor.py:925} INFO - DAG(s) 'example_external_task_marker_parent', 'example_external_task_marker_child' retrieved from /home/airflow/.local/lib/python3.12/site-packages/airflow/example_dags/example_external_task_marker_dag.py
[2024-10-26T07:08:56.264+0000] {logging_mixin.py:190} INFO - [2024-10-26T07:08:56.264+0000] {dag.py:3239} INFO - Sync 2 DAGs
[2024-10-26T07:08:56.271+0000] {logging_mixin.py:190} INFO - [2024-10-26T07:08:56.271+0000] {dag.py:4180} INFO - Setting next_dagrun for example_external_task_marker_child to None, run_after=None
[2024-10-26T07:08:56.273+0000] {logging_mixin.py:190} INFO - [2024-10-26T07:08:56.273+0000] {dag.py:4180} INFO - Setting next_dagrun for example_external_task_marker_parent to None, run_after=None
[2024-10-26T07:08:56.279+0000] {processor.py:208} INFO - Processing /home/airflow/.local/lib/python3.12/site-packages/airflow/example_dags/example_external_task_marker_dag.py took 0.033 seconds
[2024-10-26T07:09:27.443+0000] {processor.py:186} INFO - Started process (PID=77782) to work on /home/airflow/.local/lib/python3.12/site-packages/airflow/example_dags/example_external_task_marker_dag.py
[2024-10-26T07:09:27.446+0000] {processor.py:914} INFO - Processing file /home/airflow/.local/lib/python3.12/site-packages/airflow/example_dags/example_external_task_marker_dag.py for tasks to queue
[2024-10-26T07:09:27.448+0000] {logging_mixin.py:190} INFO - [2024-10-26T07:09:27.447+0000] {dagbag.py:588} INFO - Filling up the DagBag from /home/airflow/.local/lib/python3.12/site-packages/airflow/example_dags/example_external_task_marker_dag.py
[2024-10-26T07:09:27.453+0000] {processor.py:925} INFO - DAG(s) 'example_external_task_marker_child', 'example_external_task_marker_parent' retrieved from /home/airflow/.local/lib/python3.12/site-packages/airflow/example_dags/example_external_task_marker_dag.py
[2024-10-26T07:09:27.468+0000] {logging_mixin.py:190} INFO - [2024-10-26T07:09:27.468+0000] {dag.py:3239} INFO - Sync 2 DAGs
[2024-10-26T07:09:27.479+0000] {logging_mixin.py:190} INFO - [2024-10-26T07:09:27.479+0000] {dag.py:4180} INFO - Setting next_dagrun for example_external_task_marker_child to None, run_after=None
[2024-10-26T07:09:27.481+0000] {logging_mixin.py:190} INFO - [2024-10-26T07:09:27.481+0000] {dag.py:4180} INFO - Setting next_dagrun for example_external_task_marker_parent to None, run_after=None
[2024-10-26T07:09:27.491+0000] {processor.py:208} INFO - Processing /home/airflow/.local/lib/python3.12/site-packages/airflow/example_dags/example_external_task_marker_dag.py took 0.053 seconds
[2024-10-26T07:09:57.812+0000] {processor.py:186} INFO - Started process (PID=78073) to work on /home/airflow/.local/lib/python3.12/site-packages/airflow/example_dags/example_external_task_marker_dag.py
[2024-10-26T07:09:57.817+0000] {processor.py:914} INFO - Processing file /home/airflow/.local/lib/python3.12/site-packages/airflow/example_dags/example_external_task_marker_dag.py for tasks to queue
[2024-10-26T07:09:57.819+0000] {logging_mixin.py:190} INFO - [2024-10-26T07:09:57.819+0000] {dagbag.py:588} INFO - Filling up the DagBag from /home/airflow/.local/lib/python3.12/site-packages/airflow/example_dags/example_external_task_marker_dag.py
[2024-10-26T07:09:57.824+0000] {processor.py:925} INFO - DAG(s) 'example_external_task_marker_parent', 'example_external_task_marker_child' retrieved from /home/airflow/.local/lib/python3.12/site-packages/airflow/example_dags/example_external_task_marker_dag.py
[2024-10-26T07:09:57.836+0000] {logging_mixin.py:190} INFO - [2024-10-26T07:09:57.836+0000] {dag.py:3239} INFO - Sync 2 DAGs
[2024-10-26T07:09:57.844+0000] {logging_mixin.py:190} INFO - [2024-10-26T07:09:57.844+0000] {dag.py:4180} INFO - Setting next_dagrun for example_external_task_marker_child to None, run_after=None
[2024-10-26T07:09:57.846+0000] {logging_mixin.py:190} INFO - [2024-10-26T07:09:57.846+0000] {dag.py:4180} INFO - Setting next_dagrun for example_external_task_marker_parent to None, run_after=None
[2024-10-26T07:09:57.854+0000] {processor.py:208} INFO - Processing /home/airflow/.local/lib/python3.12/site-packages/airflow/example_dags/example_external_task_marker_dag.py took 0.050 seconds
[2024-10-26T07:10:29.071+0000] {processor.py:186} INFO - Started process (PID=78364) to work on /home/airflow/.local/lib/python3.12/site-packages/airflow/example_dags/example_external_task_marker_dag.py
[2024-10-26T07:10:29.072+0000] {processor.py:914} INFO - Processing file /home/airflow/.local/lib/python3.12/site-packages/airflow/example_dags/example_external_task_marker_dag.py for tasks to queue
[2024-10-26T07:10:29.073+0000] {logging_mixin.py:190} INFO - [2024-10-26T07:10:29.073+0000] {dagbag.py:588} INFO - Filling up the DagBag from /home/airflow/.local/lib/python3.12/site-packages/airflow/example_dags/example_external_task_marker_dag.py
[2024-10-26T07:10:29.080+0000] {processor.py:925} INFO - DAG(s) 'example_external_task_marker_parent', 'example_external_task_marker_child' retrieved from /home/airflow/.local/lib/python3.12/site-packages/airflow/example_dags/example_external_task_marker_dag.py
[2024-10-26T07:10:29.100+0000] {logging_mixin.py:190} INFO - [2024-10-26T07:10:29.100+0000] {dag.py:3239} INFO - Sync 2 DAGs
[2024-10-26T07:10:29.111+0000] {logging_mixin.py:190} INFO - [2024-10-26T07:10:29.110+0000] {dag.py:4180} INFO - Setting next_dagrun for example_external_task_marker_child to None, run_after=None
[2024-10-26T07:10:29.112+0000] {logging_mixin.py:190} INFO - [2024-10-26T07:10:29.112+0000] {dag.py:4180} INFO - Setting next_dagrun for example_external_task_marker_parent to None, run_after=None
[2024-10-26T07:10:29.125+0000] {processor.py:208} INFO - Processing /home/airflow/.local/lib/python3.12/site-packages/airflow/example_dags/example_external_task_marker_dag.py took 0.062 seconds
[2024-10-26T07:10:59.679+0000] {processor.py:186} INFO - Started process (PID=78655) to work on /home/airflow/.local/lib/python3.12/site-packages/airflow/example_dags/example_external_task_marker_dag.py
[2024-10-26T07:10:59.681+0000] {processor.py:914} INFO - Processing file /home/airflow/.local/lib/python3.12/site-packages/airflow/example_dags/example_external_task_marker_dag.py for tasks to queue
[2024-10-26T07:10:59.682+0000] {logging_mixin.py:190} INFO - [2024-10-26T07:10:59.682+0000] {dagbag.py:588} INFO - Filling up the DagBag from /home/airflow/.local/lib/python3.12/site-packages/airflow/example_dags/example_external_task_marker_dag.py
[2024-10-26T07:10:59.686+0000] {processor.py:925} INFO - DAG(s) 'example_external_task_marker_parent', 'example_external_task_marker_child' retrieved from /home/airflow/.local/lib/python3.12/site-packages/airflow/example_dags/example_external_task_marker_dag.py
[2024-10-26T07:10:59.705+0000] {logging_mixin.py:190} INFO - [2024-10-26T07:10:59.705+0000] {dag.py:3239} INFO - Sync 2 DAGs
[2024-10-26T07:10:59.715+0000] {logging_mixin.py:190} INFO - [2024-10-26T07:10:59.715+0000] {dag.py:4180} INFO - Setting next_dagrun for example_external_task_marker_child to None, run_after=None
[2024-10-26T07:10:59.720+0000] {logging_mixin.py:190} INFO - [2024-10-26T07:10:59.720+0000] {dag.py:4180} INFO - Setting next_dagrun for example_external_task_marker_parent to None, run_after=None
[2024-10-26T07:10:59.741+0000] {processor.py:208} INFO - Processing /home/airflow/.local/lib/python3.12/site-packages/airflow/example_dags/example_external_task_marker_dag.py took 0.065 seconds
[2024-10-26T07:11:30.815+0000] {processor.py:186} INFO - Started process (PID=78951) to work on /home/airflow/.local/lib/python3.12/site-packages/airflow/example_dags/example_external_task_marker_dag.py
[2024-10-26T07:11:30.816+0000] {processor.py:914} INFO - Processing file /home/airflow/.local/lib/python3.12/site-packages/airflow/example_dags/example_external_task_marker_dag.py for tasks to queue
[2024-10-26T07:11:30.818+0000] {logging_mixin.py:190} INFO - [2024-10-26T07:11:30.817+0000] {dagbag.py:588} INFO - Filling up the DagBag from /home/airflow/.local/lib/python3.12/site-packages/airflow/example_dags/example_external_task_marker_dag.py
[2024-10-26T07:11:30.829+0000] {processor.py:925} INFO - DAG(s) 'example_external_task_marker_child', 'example_external_task_marker_parent' retrieved from /home/airflow/.local/lib/python3.12/site-packages/airflow/example_dags/example_external_task_marker_dag.py
[2024-10-26T07:11:30.862+0000] {logging_mixin.py:190} INFO - [2024-10-26T07:11:30.862+0000] {dag.py:3239} INFO - Sync 2 DAGs
[2024-10-26T07:11:30.875+0000] {logging_mixin.py:190} INFO - [2024-10-26T07:11:30.874+0000] {dag.py:4180} INFO - Setting next_dagrun for example_external_task_marker_child to None, run_after=None
[2024-10-26T07:11:30.878+0000] {logging_mixin.py:190} INFO - [2024-10-26T07:11:30.878+0000] {dag.py:4180} INFO - Setting next_dagrun for example_external_task_marker_parent to None, run_after=None
[2024-10-26T07:11:30.891+0000] {processor.py:208} INFO - Processing /home/airflow/.local/lib/python3.12/site-packages/airflow/example_dags/example_external_task_marker_dag.py took 0.084 seconds
[2024-10-26T07:12:01.822+0000] {processor.py:186} INFO - Started process (PID=79244) to work on /home/airflow/.local/lib/python3.12/site-packages/airflow/example_dags/example_external_task_marker_dag.py
[2024-10-26T07:12:01.823+0000] {processor.py:914} INFO - Processing file /home/airflow/.local/lib/python3.12/site-packages/airflow/example_dags/example_external_task_marker_dag.py for tasks to queue
[2024-10-26T07:12:01.823+0000] {logging_mixin.py:190} INFO - [2024-10-26T07:12:01.823+0000] {dagbag.py:588} INFO - Filling up the DagBag from /home/airflow/.local/lib/python3.12/site-packages/airflow/example_dags/example_external_task_marker_dag.py
[2024-10-26T07:12:01.830+0000] {processor.py:925} INFO - DAG(s) 'example_external_task_marker_child', 'example_external_task_marker_parent' retrieved from /home/airflow/.local/lib/python3.12/site-packages/airflow/example_dags/example_external_task_marker_dag.py
[2024-10-26T07:12:01.846+0000] {logging_mixin.py:190} INFO - [2024-10-26T07:12:01.846+0000] {dag.py:3239} INFO - Sync 2 DAGs
[2024-10-26T07:12:01.855+0000] {logging_mixin.py:190} INFO - [2024-10-26T07:12:01.855+0000] {dag.py:4180} INFO - Setting next_dagrun for example_external_task_marker_child to None, run_after=None
[2024-10-26T07:12:01.858+0000] {logging_mixin.py:190} INFO - [2024-10-26T07:12:01.857+0000] {dag.py:4180} INFO - Setting next_dagrun for example_external_task_marker_parent to None, run_after=None
[2024-10-26T07:12:01.866+0000] {processor.py:208} INFO - Processing /home/airflow/.local/lib/python3.12/site-packages/airflow/example_dags/example_external_task_marker_dag.py took 0.047 seconds
[2024-10-26T07:12:31.998+0000] {processor.py:186} INFO - Started process (PID=79535) to work on /home/airflow/.local/lib/python3.12/site-packages/airflow/example_dags/example_external_task_marker_dag.py
[2024-10-26T07:12:31.999+0000] {processor.py:914} INFO - Processing file /home/airflow/.local/lib/python3.12/site-packages/airflow/example_dags/example_external_task_marker_dag.py for tasks to queue
[2024-10-26T07:12:32.000+0000] {logging_mixin.py:190} INFO - [2024-10-26T07:12:32.000+0000] {dagbag.py:588} INFO - Filling up the DagBag from /home/airflow/.local/lib/python3.12/site-packages/airflow/example_dags/example_external_task_marker_dag.py
[2024-10-26T07:12:32.005+0000] {processor.py:925} INFO - DAG(s) 'example_external_task_marker_child', 'example_external_task_marker_parent' retrieved from /home/airflow/.local/lib/python3.12/site-packages/airflow/example_dags/example_external_task_marker_dag.py
[2024-10-26T07:12:32.021+0000] {logging_mixin.py:190} INFO - [2024-10-26T07:12:32.020+0000] {dag.py:3239} INFO - Sync 2 DAGs
[2024-10-26T07:12:32.028+0000] {logging_mixin.py:190} INFO - [2024-10-26T07:12:32.028+0000] {dag.py:4180} INFO - Setting next_dagrun for example_external_task_marker_child to None, run_after=None
[2024-10-26T07:12:32.033+0000] {logging_mixin.py:190} INFO - [2024-10-26T07:12:32.033+0000] {dag.py:4180} INFO - Setting next_dagrun for example_external_task_marker_parent to None, run_after=None
[2024-10-26T07:12:32.046+0000] {processor.py:208} INFO - Processing /home/airflow/.local/lib/python3.12/site-packages/airflow/example_dags/example_external_task_marker_dag.py took 0.052 seconds
[2024-10-26T07:13:02.857+0000] {processor.py:186} INFO - Started process (PID=79824) to work on /home/airflow/.local/lib/python3.12/site-packages/airflow/example_dags/example_external_task_marker_dag.py
[2024-10-26T07:13:02.859+0000] {processor.py:914} INFO - Processing file /home/airflow/.local/lib/python3.12/site-packages/airflow/example_dags/example_external_task_marker_dag.py for tasks to queue
[2024-10-26T07:13:02.861+0000] {logging_mixin.py:190} INFO - [2024-10-26T07:13:02.861+0000] {dagbag.py:588} INFO - Filling up the DagBag from /home/airflow/.local/lib/python3.12/site-packages/airflow/example_dags/example_external_task_marker_dag.py
[2024-10-26T07:13:02.866+0000] {processor.py:925} INFO - DAG(s) 'example_external_task_marker_child', 'example_external_task_marker_parent' retrieved from /home/airflow/.local/lib/python3.12/site-packages/airflow/example_dags/example_external_task_marker_dag.py
[2024-10-26T07:13:02.885+0000] {logging_mixin.py:190} INFO - [2024-10-26T07:13:02.885+0000] {dag.py:3239} INFO - Sync 2 DAGs
[2024-10-26T07:13:02.894+0000] {logging_mixin.py:190} INFO - [2024-10-26T07:13:02.894+0000] {dag.py:4180} INFO - Setting next_dagrun for example_external_task_marker_child to None, run_after=None
[2024-10-26T07:13:02.897+0000] {logging_mixin.py:190} INFO - [2024-10-26T07:13:02.897+0000] {dag.py:4180} INFO - Setting next_dagrun for example_external_task_marker_parent to None, run_after=None
[2024-10-26T07:13:02.909+0000] {processor.py:208} INFO - Processing /home/airflow/.local/lib/python3.12/site-packages/airflow/example_dags/example_external_task_marker_dag.py took 0.057 seconds
[2024-10-26T07:13:34.019+0000] {processor.py:186} INFO - Started process (PID=80120) to work on /home/airflow/.local/lib/python3.12/site-packages/airflow/example_dags/example_external_task_marker_dag.py
[2024-10-26T07:13:34.020+0000] {processor.py:914} INFO - Processing file /home/airflow/.local/lib/python3.12/site-packages/airflow/example_dags/example_external_task_marker_dag.py for tasks to queue
[2024-10-26T07:13:34.022+0000] {logging_mixin.py:190} INFO - [2024-10-26T07:13:34.021+0000] {dagbag.py:588} INFO - Filling up the DagBag from /home/airflow/.local/lib/python3.12/site-packages/airflow/example_dags/example_external_task_marker_dag.py
[2024-10-26T07:13:34.026+0000] {processor.py:925} INFO - DAG(s) 'example_external_task_marker_parent', 'example_external_task_marker_child' retrieved from /home/airflow/.local/lib/python3.12/site-packages/airflow/example_dags/example_external_task_marker_dag.py
[2024-10-26T07:13:34.038+0000] {logging_mixin.py:190} INFO - [2024-10-26T07:13:34.038+0000] {dag.py:3239} INFO - Sync 2 DAGs
[2024-10-26T07:13:34.153+0000] {logging_mixin.py:190} INFO - [2024-10-26T07:13:34.153+0000] {dag.py:4180} INFO - Setting next_dagrun for example_external_task_marker_child to None, run_after=None
[2024-10-26T07:13:34.161+0000] {logging_mixin.py:190} INFO - [2024-10-26T07:13:34.161+0000] {dag.py:4180} INFO - Setting next_dagrun for example_external_task_marker_parent to None, run_after=None
[2024-10-26T07:13:34.172+0000] {processor.py:208} INFO - Processing /home/airflow/.local/lib/python3.12/site-packages/airflow/example_dags/example_external_task_marker_dag.py took 0.157 seconds
[2024-10-26T07:14:04.334+0000] {processor.py:186} INFO - Started process (PID=80416) to work on /home/airflow/.local/lib/python3.12/site-packages/airflow/example_dags/example_external_task_marker_dag.py
[2024-10-26T07:14:04.337+0000] {processor.py:914} INFO - Processing file /home/airflow/.local/lib/python3.12/site-packages/airflow/example_dags/example_external_task_marker_dag.py for tasks to queue
[2024-10-26T07:14:04.338+0000] {logging_mixin.py:190} INFO - [2024-10-26T07:14:04.338+0000] {dagbag.py:588} INFO - Filling up the DagBag from /home/airflow/.local/lib/python3.12/site-packages/airflow/example_dags/example_external_task_marker_dag.py
[2024-10-26T07:14:04.343+0000] {processor.py:925} INFO - DAG(s) 'example_external_task_marker_parent', 'example_external_task_marker_child' retrieved from /home/airflow/.local/lib/python3.12/site-packages/airflow/example_dags/example_external_task_marker_dag.py
[2024-10-26T07:14:04.360+0000] {logging_mixin.py:190} INFO - [2024-10-26T07:14:04.360+0000] {dag.py:3239} INFO - Sync 2 DAGs
[2024-10-26T07:14:04.371+0000] {logging_mixin.py:190} INFO - [2024-10-26T07:14:04.371+0000] {dag.py:4180} INFO - Setting next_dagrun for example_external_task_marker_child to None, run_after=None
[2024-10-26T07:14:04.374+0000] {logging_mixin.py:190} INFO - [2024-10-26T07:14:04.374+0000] {dag.py:4180} INFO - Setting next_dagrun for example_external_task_marker_parent to None, run_after=None
[2024-10-26T07:14:04.384+0000] {processor.py:208} INFO - Processing /home/airflow/.local/lib/python3.12/site-packages/airflow/example_dags/example_external_task_marker_dag.py took 0.053 seconds
[2024-10-26T07:14:35.382+0000] {processor.py:186} INFO - Started process (PID=80707) to work on /home/airflow/.local/lib/python3.12/site-packages/airflow/example_dags/example_external_task_marker_dag.py
[2024-10-26T07:14:35.384+0000] {processor.py:914} INFO - Processing file /home/airflow/.local/lib/python3.12/site-packages/airflow/example_dags/example_external_task_marker_dag.py for tasks to queue
[2024-10-26T07:14:35.385+0000] {logging_mixin.py:190} INFO - [2024-10-26T07:14:35.385+0000] {dagbag.py:588} INFO - Filling up the DagBag from /home/airflow/.local/lib/python3.12/site-packages/airflow/example_dags/example_external_task_marker_dag.py
[2024-10-26T07:14:35.393+0000] {processor.py:925} INFO - DAG(s) 'example_external_task_marker_parent', 'example_external_task_marker_child' retrieved from /home/airflow/.local/lib/python3.12/site-packages/airflow/example_dags/example_external_task_marker_dag.py
[2024-10-26T07:14:35.414+0000] {logging_mixin.py:190} INFO - [2024-10-26T07:14:35.414+0000] {dag.py:3239} INFO - Sync 2 DAGs
[2024-10-26T07:14:35.424+0000] {logging_mixin.py:190} INFO - [2024-10-26T07:14:35.424+0000] {dag.py:4180} INFO - Setting next_dagrun for example_external_task_marker_child to None, run_after=None
[2024-10-26T07:14:35.428+0000] {logging_mixin.py:190} INFO - [2024-10-26T07:14:35.428+0000] {dag.py:4180} INFO - Setting next_dagrun for example_external_task_marker_parent to None, run_after=None
[2024-10-26T07:14:35.440+0000] {processor.py:208} INFO - Processing /home/airflow/.local/lib/python3.12/site-packages/airflow/example_dags/example_external_task_marker_dag.py took 0.064 seconds
[2024-10-26T07:15:05.940+0000] {processor.py:186} INFO - Started process (PID=80998) to work on /home/airflow/.local/lib/python3.12/site-packages/airflow/example_dags/example_external_task_marker_dag.py
[2024-10-26T07:15:05.942+0000] {processor.py:914} INFO - Processing file /home/airflow/.local/lib/python3.12/site-packages/airflow/example_dags/example_external_task_marker_dag.py for tasks to queue
[2024-10-26T07:15:05.944+0000] {logging_mixin.py:190} INFO - [2024-10-26T07:15:05.944+0000] {dagbag.py:588} INFO - Filling up the DagBag from /home/airflow/.local/lib/python3.12/site-packages/airflow/example_dags/example_external_task_marker_dag.py
[2024-10-26T07:15:05.951+0000] {processor.py:925} INFO - DAG(s) 'example_external_task_marker_child', 'example_external_task_marker_parent' retrieved from /home/airflow/.local/lib/python3.12/site-packages/airflow/example_dags/example_external_task_marker_dag.py
[2024-10-26T07:15:05.970+0000] {logging_mixin.py:190} INFO - [2024-10-26T07:15:05.970+0000] {dag.py:3239} INFO - Sync 2 DAGs
[2024-10-26T07:15:05.981+0000] {logging_mixin.py:190} INFO - [2024-10-26T07:15:05.980+0000] {dag.py:4180} INFO - Setting next_dagrun for example_external_task_marker_child to None, run_after=None
[2024-10-26T07:15:05.983+0000] {logging_mixin.py:190} INFO - [2024-10-26T07:15:05.983+0000] {dag.py:4180} INFO - Setting next_dagrun for example_external_task_marker_parent to None, run_after=None
[2024-10-26T07:15:05.994+0000] {processor.py:208} INFO - Processing /home/airflow/.local/lib/python3.12/site-packages/airflow/example_dags/example_external_task_marker_dag.py took 0.060 seconds
[2024-10-26T07:15:36.263+0000] {processor.py:186} INFO - Started process (PID=81289) to work on /home/airflow/.local/lib/python3.12/site-packages/airflow/example_dags/example_external_task_marker_dag.py
[2024-10-26T07:15:36.265+0000] {processor.py:914} INFO - Processing file /home/airflow/.local/lib/python3.12/site-packages/airflow/example_dags/example_external_task_marker_dag.py for tasks to queue
[2024-10-26T07:15:36.266+0000] {logging_mixin.py:190} INFO - [2024-10-26T07:15:36.266+0000] {dagbag.py:588} INFO - Filling up the DagBag from /home/airflow/.local/lib/python3.12/site-packages/airflow/example_dags/example_external_task_marker_dag.py
[2024-10-26T07:15:36.271+0000] {processor.py:925} INFO - DAG(s) 'example_external_task_marker_child', 'example_external_task_marker_parent' retrieved from /home/airflow/.local/lib/python3.12/site-packages/airflow/example_dags/example_external_task_marker_dag.py
[2024-10-26T07:15:36.289+0000] {logging_mixin.py:190} INFO - [2024-10-26T07:15:36.288+0000] {dag.py:3239} INFO - Sync 2 DAGs
[2024-10-26T07:15:36.298+0000] {logging_mixin.py:190} INFO - [2024-10-26T07:15:36.298+0000] {dag.py:4180} INFO - Setting next_dagrun for example_external_task_marker_child to None, run_after=None
[2024-10-26T07:15:36.302+0000] {logging_mixin.py:190} INFO - [2024-10-26T07:15:36.302+0000] {dag.py:4180} INFO - Setting next_dagrun for example_external_task_marker_parent to None, run_after=None
[2024-10-26T07:15:36.317+0000] {processor.py:208} INFO - Processing /home/airflow/.local/lib/python3.12/site-packages/airflow/example_dags/example_external_task_marker_dag.py took 0.058 seconds
[2024-10-26T07:16:07.323+0000] {processor.py:186} INFO - Started process (PID=81580) to work on /home/airflow/.local/lib/python3.12/site-packages/airflow/example_dags/example_external_task_marker_dag.py
[2024-10-26T07:16:07.325+0000] {processor.py:914} INFO - Processing file /home/airflow/.local/lib/python3.12/site-packages/airflow/example_dags/example_external_task_marker_dag.py for tasks to queue
[2024-10-26T07:16:07.327+0000] {logging_mixin.py:190} INFO - [2024-10-26T07:16:07.327+0000] {dagbag.py:588} INFO - Filling up the DagBag from /home/airflow/.local/lib/python3.12/site-packages/airflow/example_dags/example_external_task_marker_dag.py
[2024-10-26T07:16:07.332+0000] {processor.py:925} INFO - DAG(s) 'example_external_task_marker_parent', 'example_external_task_marker_child' retrieved from /home/airflow/.local/lib/python3.12/site-packages/airflow/example_dags/example_external_task_marker_dag.py
[2024-10-26T07:16:07.353+0000] {logging_mixin.py:190} INFO - [2024-10-26T07:16:07.352+0000] {dag.py:3239} INFO - Sync 2 DAGs
[2024-10-26T07:16:07.362+0000] {logging_mixin.py:190} INFO - [2024-10-26T07:16:07.362+0000] {dag.py:4180} INFO - Setting next_dagrun for example_external_task_marker_child to None, run_after=None
[2024-10-26T07:16:07.364+0000] {logging_mixin.py:190} INFO - [2024-10-26T07:16:07.364+0000] {dag.py:4180} INFO - Setting next_dagrun for example_external_task_marker_parent to None, run_after=None
[2024-10-26T07:16:07.377+0000] {processor.py:208} INFO - Processing /home/airflow/.local/lib/python3.12/site-packages/airflow/example_dags/example_external_task_marker_dag.py took 0.057 seconds
[2024-10-26T07:16:37.809+0000] {processor.py:186} INFO - Started process (PID=81871) to work on /home/airflow/.local/lib/python3.12/site-packages/airflow/example_dags/example_external_task_marker_dag.py
[2024-10-26T07:16:37.813+0000] {processor.py:914} INFO - Processing file /home/airflow/.local/lib/python3.12/site-packages/airflow/example_dags/example_external_task_marker_dag.py for tasks to queue
[2024-10-26T07:16:37.815+0000] {logging_mixin.py:190} INFO - [2024-10-26T07:16:37.815+0000] {dagbag.py:588} INFO - Filling up the DagBag from /home/airflow/.local/lib/python3.12/site-packages/airflow/example_dags/example_external_task_marker_dag.py
[2024-10-26T07:16:37.820+0000] {processor.py:925} INFO - DAG(s) 'example_external_task_marker_child', 'example_external_task_marker_parent' retrieved from /home/airflow/.local/lib/python3.12/site-packages/airflow/example_dags/example_external_task_marker_dag.py
[2024-10-26T07:16:37.838+0000] {logging_mixin.py:190} INFO - [2024-10-26T07:16:37.838+0000] {dag.py:3239} INFO - Sync 2 DAGs
[2024-10-26T07:16:37.848+0000] {logging_mixin.py:190} INFO - [2024-10-26T07:16:37.848+0000] {dag.py:4180} INFO - Setting next_dagrun for example_external_task_marker_child to None, run_after=None
[2024-10-26T07:16:37.852+0000] {logging_mixin.py:190} INFO - [2024-10-26T07:16:37.852+0000] {dag.py:4180} INFO - Setting next_dagrun for example_external_task_marker_parent to None, run_after=None
[2024-10-26T07:16:37.866+0000] {processor.py:208} INFO - Processing /home/airflow/.local/lib/python3.12/site-packages/airflow/example_dags/example_external_task_marker_dag.py took 0.062 seconds
[2024-10-26T07:17:08.620+0000] {processor.py:186} INFO - Started process (PID=82161) to work on /home/airflow/.local/lib/python3.12/site-packages/airflow/example_dags/example_external_task_marker_dag.py
[2024-10-26T07:17:08.620+0000] {processor.py:914} INFO - Processing file /home/airflow/.local/lib/python3.12/site-packages/airflow/example_dags/example_external_task_marker_dag.py for tasks to queue
[2024-10-26T07:17:08.621+0000] {logging_mixin.py:190} INFO - [2024-10-26T07:17:08.621+0000] {dagbag.py:588} INFO - Filling up the DagBag from /home/airflow/.local/lib/python3.12/site-packages/airflow/example_dags/example_external_task_marker_dag.py
[2024-10-26T07:17:08.625+0000] {processor.py:925} INFO - DAG(s) 'example_external_task_marker_parent', 'example_external_task_marker_child' retrieved from /home/airflow/.local/lib/python3.12/site-packages/airflow/example_dags/example_external_task_marker_dag.py
[2024-10-26T07:17:08.641+0000] {logging_mixin.py:190} INFO - [2024-10-26T07:17:08.641+0000] {dag.py:3239} INFO - Sync 2 DAGs
[2024-10-26T07:17:08.649+0000] {logging_mixin.py:190} INFO - [2024-10-26T07:17:08.649+0000] {dag.py:4180} INFO - Setting next_dagrun for example_external_task_marker_child to None, run_after=None
[2024-10-26T07:17:08.651+0000] {logging_mixin.py:190} INFO - [2024-10-26T07:17:08.651+0000] {dag.py:4180} INFO - Setting next_dagrun for example_external_task_marker_parent to None, run_after=None
[2024-10-26T07:17:08.664+0000] {processor.py:208} INFO - Processing /home/airflow/.local/lib/python3.12/site-packages/airflow/example_dags/example_external_task_marker_dag.py took 0.049 seconds
[2024-10-26T07:17:39.574+0000] {processor.py:186} INFO - Started process (PID=82452) to work on /home/airflow/.local/lib/python3.12/site-packages/airflow/example_dags/example_external_task_marker_dag.py
[2024-10-26T07:17:39.577+0000] {processor.py:914} INFO - Processing file /home/airflow/.local/lib/python3.12/site-packages/airflow/example_dags/example_external_task_marker_dag.py for tasks to queue
[2024-10-26T07:17:39.578+0000] {logging_mixin.py:190} INFO - [2024-10-26T07:17:39.578+0000] {dagbag.py:588} INFO - Filling up the DagBag from /home/airflow/.local/lib/python3.12/site-packages/airflow/example_dags/example_external_task_marker_dag.py
[2024-10-26T07:17:39.583+0000] {processor.py:925} INFO - DAG(s) 'example_external_task_marker_child', 'example_external_task_marker_parent' retrieved from /home/airflow/.local/lib/python3.12/site-packages/airflow/example_dags/example_external_task_marker_dag.py
[2024-10-26T07:17:39.602+0000] {logging_mixin.py:190} INFO - [2024-10-26T07:17:39.602+0000] {dag.py:3239} INFO - Sync 2 DAGs
[2024-10-26T07:17:39.617+0000] {logging_mixin.py:190} INFO - [2024-10-26T07:17:39.617+0000] {dag.py:4180} INFO - Setting next_dagrun for example_external_task_marker_child to None, run_after=None
[2024-10-26T07:17:39.619+0000] {logging_mixin.py:190} INFO - [2024-10-26T07:17:39.618+0000] {dag.py:4180} INFO - Setting next_dagrun for example_external_task_marker_parent to None, run_after=None
[2024-10-26T07:17:39.629+0000] {processor.py:208} INFO - Processing /home/airflow/.local/lib/python3.12/site-packages/airflow/example_dags/example_external_task_marker_dag.py took 0.058 seconds
[2024-10-26T07:18:10.739+0000] {processor.py:186} INFO - Started process (PID=82743) to work on /home/airflow/.local/lib/python3.12/site-packages/airflow/example_dags/example_external_task_marker_dag.py
[2024-10-26T07:18:10.739+0000] {processor.py:914} INFO - Processing file /home/airflow/.local/lib/python3.12/site-packages/airflow/example_dags/example_external_task_marker_dag.py for tasks to queue
[2024-10-26T07:18:10.740+0000] {logging_mixin.py:190} INFO - [2024-10-26T07:18:10.740+0000] {dagbag.py:588} INFO - Filling up the DagBag from /home/airflow/.local/lib/python3.12/site-packages/airflow/example_dags/example_external_task_marker_dag.py
[2024-10-26T07:18:10.744+0000] {processor.py:925} INFO - DAG(s) 'example_external_task_marker_parent', 'example_external_task_marker_child' retrieved from /home/airflow/.local/lib/python3.12/site-packages/airflow/example_dags/example_external_task_marker_dag.py
[2024-10-26T07:18:10.764+0000] {logging_mixin.py:190} INFO - [2024-10-26T07:18:10.764+0000] {dag.py:3239} INFO - Sync 2 DAGs
[2024-10-26T07:18:10.773+0000] {logging_mixin.py:190} INFO - [2024-10-26T07:18:10.773+0000] {dag.py:4180} INFO - Setting next_dagrun for example_external_task_marker_child to None, run_after=None
[2024-10-26T07:18:10.775+0000] {logging_mixin.py:190} INFO - [2024-10-26T07:18:10.775+0000] {dag.py:4180} INFO - Setting next_dagrun for example_external_task_marker_parent to None, run_after=None
[2024-10-26T07:18:10.787+0000] {processor.py:208} INFO - Processing /home/airflow/.local/lib/python3.12/site-packages/airflow/example_dags/example_external_task_marker_dag.py took 0.053 seconds
[2024-10-26T07:18:41.039+0000] {processor.py:186} INFO - Started process (PID=83034) to work on /home/airflow/.local/lib/python3.12/site-packages/airflow/example_dags/example_external_task_marker_dag.py
[2024-10-26T07:18:41.040+0000] {processor.py:914} INFO - Processing file /home/airflow/.local/lib/python3.12/site-packages/airflow/example_dags/example_external_task_marker_dag.py for tasks to queue
[2024-10-26T07:18:41.041+0000] {logging_mixin.py:190} INFO - [2024-10-26T07:18:41.041+0000] {dagbag.py:588} INFO - Filling up the DagBag from /home/airflow/.local/lib/python3.12/site-packages/airflow/example_dags/example_external_task_marker_dag.py
[2024-10-26T07:18:41.045+0000] {processor.py:925} INFO - DAG(s) 'example_external_task_marker_child', 'example_external_task_marker_parent' retrieved from /home/airflow/.local/lib/python3.12/site-packages/airflow/example_dags/example_external_task_marker_dag.py
[2024-10-26T07:18:41.059+0000] {logging_mixin.py:190} INFO - [2024-10-26T07:18:41.058+0000] {dag.py:3239} INFO - Sync 2 DAGs
[2024-10-26T07:18:41.066+0000] {logging_mixin.py:190} INFO - [2024-10-26T07:18:41.066+0000] {dag.py:4180} INFO - Setting next_dagrun for example_external_task_marker_child to None, run_after=None
[2024-10-26T07:18:41.069+0000] {logging_mixin.py:190} INFO - [2024-10-26T07:18:41.069+0000] {dag.py:4180} INFO - Setting next_dagrun for example_external_task_marker_parent to None, run_after=None
[2024-10-26T07:18:41.084+0000] {processor.py:208} INFO - Processing /home/airflow/.local/lib/python3.12/site-packages/airflow/example_dags/example_external_task_marker_dag.py took 0.047 seconds
[2024-10-26T07:19:11.410+0000] {processor.py:186} INFO - Started process (PID=83324) to work on /home/airflow/.local/lib/python3.12/site-packages/airflow/example_dags/example_external_task_marker_dag.py
[2024-10-26T07:19:11.411+0000] {processor.py:914} INFO - Processing file /home/airflow/.local/lib/python3.12/site-packages/airflow/example_dags/example_external_task_marker_dag.py for tasks to queue
[2024-10-26T07:19:11.412+0000] {logging_mixin.py:190} INFO - [2024-10-26T07:19:11.412+0000] {dagbag.py:588} INFO - Filling up the DagBag from /home/airflow/.local/lib/python3.12/site-packages/airflow/example_dags/example_external_task_marker_dag.py
[2024-10-26T07:19:11.417+0000] {processor.py:925} INFO - DAG(s) 'example_external_task_marker_child', 'example_external_task_marker_parent' retrieved from /home/airflow/.local/lib/python3.12/site-packages/airflow/example_dags/example_external_task_marker_dag.py
[2024-10-26T07:19:11.430+0000] {logging_mixin.py:190} INFO - [2024-10-26T07:19:11.430+0000] {dag.py:3239} INFO - Sync 2 DAGs
[2024-10-26T07:19:11.442+0000] {logging_mixin.py:190} INFO - [2024-10-26T07:19:11.442+0000] {dag.py:4180} INFO - Setting next_dagrun for example_external_task_marker_child to None, run_after=None
[2024-10-26T07:19:11.445+0000] {logging_mixin.py:190} INFO - [2024-10-26T07:19:11.445+0000] {dag.py:4180} INFO - Setting next_dagrun for example_external_task_marker_parent to None, run_after=None
[2024-10-26T07:19:11.459+0000] {processor.py:208} INFO - Processing /home/airflow/.local/lib/python3.12/site-packages/airflow/example_dags/example_external_task_marker_dag.py took 0.052 seconds
[2024-10-26T07:19:42.395+0000] {processor.py:186} INFO - Started process (PID=83615) to work on /home/airflow/.local/lib/python3.12/site-packages/airflow/example_dags/example_external_task_marker_dag.py
[2024-10-26T07:19:42.397+0000] {processor.py:914} INFO - Processing file /home/airflow/.local/lib/python3.12/site-packages/airflow/example_dags/example_external_task_marker_dag.py for tasks to queue
[2024-10-26T07:19:42.398+0000] {logging_mixin.py:190} INFO - [2024-10-26T07:19:42.398+0000] {dagbag.py:588} INFO - Filling up the DagBag from /home/airflow/.local/lib/python3.12/site-packages/airflow/example_dags/example_external_task_marker_dag.py
[2024-10-26T07:19:42.408+0000] {processor.py:925} INFO - DAG(s) 'example_external_task_marker_parent', 'example_external_task_marker_child' retrieved from /home/airflow/.local/lib/python3.12/site-packages/airflow/example_dags/example_external_task_marker_dag.py
[2024-10-26T07:19:42.430+0000] {logging_mixin.py:190} INFO - [2024-10-26T07:19:42.430+0000] {dag.py:3239} INFO - Sync 2 DAGs
[2024-10-26T07:19:42.439+0000] {logging_mixin.py:190} INFO - [2024-10-26T07:19:42.439+0000] {dag.py:4180} INFO - Setting next_dagrun for example_external_task_marker_child to None, run_after=None
[2024-10-26T07:19:42.442+0000] {logging_mixin.py:190} INFO - [2024-10-26T07:19:42.442+0000] {dag.py:4180} INFO - Setting next_dagrun for example_external_task_marker_parent to None, run_after=None
[2024-10-26T07:19:42.456+0000] {processor.py:208} INFO - Processing /home/airflow/.local/lib/python3.12/site-packages/airflow/example_dags/example_external_task_marker_dag.py took 0.063 seconds
[2024-10-26T07:20:13.396+0000] {processor.py:186} INFO - Started process (PID=83906) to work on /home/airflow/.local/lib/python3.12/site-packages/airflow/example_dags/example_external_task_marker_dag.py
[2024-10-26T07:20:13.396+0000] {processor.py:914} INFO - Processing file /home/airflow/.local/lib/python3.12/site-packages/airflow/example_dags/example_external_task_marker_dag.py for tasks to queue
[2024-10-26T07:20:13.397+0000] {logging_mixin.py:190} INFO - [2024-10-26T07:20:13.397+0000] {dagbag.py:588} INFO - Filling up the DagBag from /home/airflow/.local/lib/python3.12/site-packages/airflow/example_dags/example_external_task_marker_dag.py
[2024-10-26T07:20:13.401+0000] {processor.py:925} INFO - DAG(s) 'example_external_task_marker_child', 'example_external_task_marker_parent' retrieved from /home/airflow/.local/lib/python3.12/site-packages/airflow/example_dags/example_external_task_marker_dag.py
[2024-10-26T07:20:13.415+0000] {logging_mixin.py:190} INFO - [2024-10-26T07:20:13.415+0000] {dag.py:3239} INFO - Sync 2 DAGs
[2024-10-26T07:20:13.425+0000] {logging_mixin.py:190} INFO - [2024-10-26T07:20:13.425+0000] {dag.py:4180} INFO - Setting next_dagrun for example_external_task_marker_child to None, run_after=None
[2024-10-26T07:20:13.430+0000] {logging_mixin.py:190} INFO - [2024-10-26T07:20:13.430+0000] {dag.py:4180} INFO - Setting next_dagrun for example_external_task_marker_parent to None, run_after=None
[2024-10-26T07:20:13.447+0000] {processor.py:208} INFO - Processing /home/airflow/.local/lib/python3.12/site-packages/airflow/example_dags/example_external_task_marker_dag.py took 0.056 seconds
[2024-10-26T07:20:43.619+0000] {processor.py:186} INFO - Started process (PID=84197) to work on /home/airflow/.local/lib/python3.12/site-packages/airflow/example_dags/example_external_task_marker_dag.py
[2024-10-26T07:20:43.620+0000] {processor.py:914} INFO - Processing file /home/airflow/.local/lib/python3.12/site-packages/airflow/example_dags/example_external_task_marker_dag.py for tasks to queue
[2024-10-26T07:20:43.622+0000] {logging_mixin.py:190} INFO - [2024-10-26T07:20:43.622+0000] {dagbag.py:588} INFO - Filling up the DagBag from /home/airflow/.local/lib/python3.12/site-packages/airflow/example_dags/example_external_task_marker_dag.py
[2024-10-26T07:20:43.627+0000] {processor.py:925} INFO - DAG(s) 'example_external_task_marker_child', 'example_external_task_marker_parent' retrieved from /home/airflow/.local/lib/python3.12/site-packages/airflow/example_dags/example_external_task_marker_dag.py
[2024-10-26T07:20:43.645+0000] {logging_mixin.py:190} INFO - [2024-10-26T07:20:43.645+0000] {dag.py:3239} INFO - Sync 2 DAGs
[2024-10-26T07:20:43.653+0000] {logging_mixin.py:190} INFO - [2024-10-26T07:20:43.652+0000] {dag.py:4180} INFO - Setting next_dagrun for example_external_task_marker_child to None, run_after=None
[2024-10-26T07:20:43.655+0000] {logging_mixin.py:190} INFO - [2024-10-26T07:20:43.655+0000] {dag.py:4180} INFO - Setting next_dagrun for example_external_task_marker_parent to None, run_after=None
[2024-10-26T07:20:43.665+0000] {processor.py:208} INFO - Processing /home/airflow/.local/lib/python3.12/site-packages/airflow/example_dags/example_external_task_marker_dag.py took 0.051 seconds
[2024-10-26T07:21:14.471+0000] {processor.py:186} INFO - Started process (PID=84488) to work on /home/airflow/.local/lib/python3.12/site-packages/airflow/example_dags/example_external_task_marker_dag.py
[2024-10-26T07:21:14.474+0000] {processor.py:914} INFO - Processing file /home/airflow/.local/lib/python3.12/site-packages/airflow/example_dags/example_external_task_marker_dag.py for tasks to queue
[2024-10-26T07:21:14.476+0000] {logging_mixin.py:190} INFO - [2024-10-26T07:21:14.475+0000] {dagbag.py:588} INFO - Filling up the DagBag from /home/airflow/.local/lib/python3.12/site-packages/airflow/example_dags/example_external_task_marker_dag.py
[2024-10-26T07:21:14.480+0000] {processor.py:925} INFO - DAG(s) 'example_external_task_marker_parent', 'example_external_task_marker_child' retrieved from /home/airflow/.local/lib/python3.12/site-packages/airflow/example_dags/example_external_task_marker_dag.py
[2024-10-26T07:21:14.494+0000] {logging_mixin.py:190} INFO - [2024-10-26T07:21:14.494+0000] {dag.py:3239} INFO - Sync 2 DAGs
[2024-10-26T07:21:14.501+0000] {logging_mixin.py:190} INFO - [2024-10-26T07:21:14.501+0000] {dag.py:4180} INFO - Setting next_dagrun for example_external_task_marker_child to None, run_after=None
[2024-10-26T07:21:14.503+0000] {logging_mixin.py:190} INFO - [2024-10-26T07:21:14.503+0000] {dag.py:4180} INFO - Setting next_dagrun for example_external_task_marker_parent to None, run_after=None
[2024-10-26T07:21:14.513+0000] {processor.py:208} INFO - Processing /home/airflow/.local/lib/python3.12/site-packages/airflow/example_dags/example_external_task_marker_dag.py took 0.046 seconds
[2024-10-26T07:21:45.133+0000] {processor.py:186} INFO - Started process (PID=84779) to work on /home/airflow/.local/lib/python3.12/site-packages/airflow/example_dags/example_external_task_marker_dag.py
[2024-10-26T07:21:45.135+0000] {processor.py:914} INFO - Processing file /home/airflow/.local/lib/python3.12/site-packages/airflow/example_dags/example_external_task_marker_dag.py for tasks to queue
[2024-10-26T07:21:45.136+0000] {logging_mixin.py:190} INFO - [2024-10-26T07:21:45.136+0000] {dagbag.py:588} INFO - Filling up the DagBag from /home/airflow/.local/lib/python3.12/site-packages/airflow/example_dags/example_external_task_marker_dag.py
[2024-10-26T07:21:45.142+0000] {processor.py:925} INFO - DAG(s) 'example_external_task_marker_child', 'example_external_task_marker_parent' retrieved from /home/airflow/.local/lib/python3.12/site-packages/airflow/example_dags/example_external_task_marker_dag.py
[2024-10-26T07:21:45.156+0000] {logging_mixin.py:190} INFO - [2024-10-26T07:21:45.156+0000] {dag.py:3239} INFO - Sync 2 DAGs
[2024-10-26T07:21:45.164+0000] {logging_mixin.py:190} INFO - [2024-10-26T07:21:45.164+0000] {dag.py:4180} INFO - Setting next_dagrun for example_external_task_marker_child to None, run_after=None
[2024-10-26T07:21:45.166+0000] {logging_mixin.py:190} INFO - [2024-10-26T07:21:45.166+0000] {dag.py:4180} INFO - Setting next_dagrun for example_external_task_marker_parent to None, run_after=None
[2024-10-26T07:21:45.173+0000] {processor.py:208} INFO - Processing /home/airflow/.local/lib/python3.12/site-packages/airflow/example_dags/example_external_task_marker_dag.py took 0.045 seconds
[2024-10-26T07:22:16.101+0000] {processor.py:186} INFO - Started process (PID=85070) to work on /home/airflow/.local/lib/python3.12/site-packages/airflow/example_dags/example_external_task_marker_dag.py
[2024-10-26T07:22:16.102+0000] {processor.py:914} INFO - Processing file /home/airflow/.local/lib/python3.12/site-packages/airflow/example_dags/example_external_task_marker_dag.py for tasks to queue
[2024-10-26T07:22:16.103+0000] {logging_mixin.py:190} INFO - [2024-10-26T07:22:16.102+0000] {dagbag.py:588} INFO - Filling up the DagBag from /home/airflow/.local/lib/python3.12/site-packages/airflow/example_dags/example_external_task_marker_dag.py
[2024-10-26T07:22:16.107+0000] {processor.py:925} INFO - DAG(s) 'example_external_task_marker_child', 'example_external_task_marker_parent' retrieved from /home/airflow/.local/lib/python3.12/site-packages/airflow/example_dags/example_external_task_marker_dag.py
[2024-10-26T07:22:16.122+0000] {logging_mixin.py:190} INFO - [2024-10-26T07:22:16.121+0000] {dag.py:3239} INFO - Sync 2 DAGs
[2024-10-26T07:22:16.131+0000] {logging_mixin.py:190} INFO - [2024-10-26T07:22:16.130+0000] {dag.py:4180} INFO - Setting next_dagrun for example_external_task_marker_child to None, run_after=None
[2024-10-26T07:22:16.134+0000] {logging_mixin.py:190} INFO - [2024-10-26T07:22:16.133+0000] {dag.py:4180} INFO - Setting next_dagrun for example_external_task_marker_parent to None, run_after=None
[2024-10-26T07:22:16.146+0000] {processor.py:208} INFO - Processing /home/airflow/.local/lib/python3.12/site-packages/airflow/example_dags/example_external_task_marker_dag.py took 0.048 seconds
[2024-10-26T07:22:46.975+0000] {processor.py:186} INFO - Started process (PID=85361) to work on /home/airflow/.local/lib/python3.12/site-packages/airflow/example_dags/example_external_task_marker_dag.py
[2024-10-26T07:22:46.976+0000] {processor.py:914} INFO - Processing file /home/airflow/.local/lib/python3.12/site-packages/airflow/example_dags/example_external_task_marker_dag.py for tasks to queue
[2024-10-26T07:22:46.979+0000] {logging_mixin.py:190} INFO - [2024-10-26T07:22:46.978+0000] {dagbag.py:588} INFO - Filling up the DagBag from /home/airflow/.local/lib/python3.12/site-packages/airflow/example_dags/example_external_task_marker_dag.py
[2024-10-26T07:22:46.982+0000] {processor.py:925} INFO - DAG(s) 'example_external_task_marker_parent', 'example_external_task_marker_child' retrieved from /home/airflow/.local/lib/python3.12/site-packages/airflow/example_dags/example_external_task_marker_dag.py
[2024-10-26T07:22:46.997+0000] {logging_mixin.py:190} INFO - [2024-10-26T07:22:46.996+0000] {dag.py:3239} INFO - Sync 2 DAGs
[2024-10-26T07:22:47.004+0000] {logging_mixin.py:190} INFO - [2024-10-26T07:22:47.004+0000] {dag.py:4180} INFO - Setting next_dagrun for example_external_task_marker_child to None, run_after=None
[2024-10-26T07:22:47.006+0000] {logging_mixin.py:190} INFO - [2024-10-26T07:22:47.006+0000] {dag.py:4180} INFO - Setting next_dagrun for example_external_task_marker_parent to None, run_after=None
[2024-10-26T07:22:47.014+0000] {processor.py:208} INFO - Processing /home/airflow/.local/lib/python3.12/site-packages/airflow/example_dags/example_external_task_marker_dag.py took 0.043 seconds
[2024-10-26T07:23:17.819+0000] {processor.py:186} INFO - Started process (PID=85652) to work on /home/airflow/.local/lib/python3.12/site-packages/airflow/example_dags/example_external_task_marker_dag.py
[2024-10-26T07:23:17.822+0000] {processor.py:914} INFO - Processing file /home/airflow/.local/lib/python3.12/site-packages/airflow/example_dags/example_external_task_marker_dag.py for tasks to queue
[2024-10-26T07:23:17.822+0000] {logging_mixin.py:190} INFO - [2024-10-26T07:23:17.822+0000] {dagbag.py:588} INFO - Filling up the DagBag from /home/airflow/.local/lib/python3.12/site-packages/airflow/example_dags/example_external_task_marker_dag.py
[2024-10-26T07:23:17.826+0000] {processor.py:925} INFO - DAG(s) 'example_external_task_marker_parent', 'example_external_task_marker_child' retrieved from /home/airflow/.local/lib/python3.12/site-packages/airflow/example_dags/example_external_task_marker_dag.py
[2024-10-26T07:23:17.840+0000] {logging_mixin.py:190} INFO - [2024-10-26T07:23:17.840+0000] {dag.py:3239} INFO - Sync 2 DAGs
[2024-10-26T07:23:17.849+0000] {logging_mixin.py:190} INFO - [2024-10-26T07:23:17.849+0000] {dag.py:4180} INFO - Setting next_dagrun for example_external_task_marker_child to None, run_after=None
[2024-10-26T07:23:17.851+0000] {logging_mixin.py:190} INFO - [2024-10-26T07:23:17.851+0000] {dag.py:4180} INFO - Setting next_dagrun for example_external_task_marker_parent to None, run_after=None
[2024-10-26T07:23:17.869+0000] {processor.py:208} INFO - Processing /home/airflow/.local/lib/python3.12/site-packages/airflow/example_dags/example_external_task_marker_dag.py took 0.053 seconds
[2024-10-26T07:23:48.591+0000] {processor.py:186} INFO - Started process (PID=85943) to work on /home/airflow/.local/lib/python3.12/site-packages/airflow/example_dags/example_external_task_marker_dag.py
[2024-10-26T07:23:48.594+0000] {processor.py:914} INFO - Processing file /home/airflow/.local/lib/python3.12/site-packages/airflow/example_dags/example_external_task_marker_dag.py for tasks to queue
[2024-10-26T07:23:48.596+0000] {logging_mixin.py:190} INFO - [2024-10-26T07:23:48.595+0000] {dagbag.py:588} INFO - Filling up the DagBag from /home/airflow/.local/lib/python3.12/site-packages/airflow/example_dags/example_external_task_marker_dag.py
[2024-10-26T07:23:48.600+0000] {processor.py:925} INFO - DAG(s) 'example_external_task_marker_parent', 'example_external_task_marker_child' retrieved from /home/airflow/.local/lib/python3.12/site-packages/airflow/example_dags/example_external_task_marker_dag.py
[2024-10-26T07:23:48.615+0000] {logging_mixin.py:190} INFO - [2024-10-26T07:23:48.615+0000] {dag.py:3239} INFO - Sync 2 DAGs
[2024-10-26T07:23:48.624+0000] {logging_mixin.py:190} INFO - [2024-10-26T07:23:48.624+0000] {dag.py:4180} INFO - Setting next_dagrun for example_external_task_marker_child to None, run_after=None
[2024-10-26T07:23:48.628+0000] {logging_mixin.py:190} INFO - [2024-10-26T07:23:48.628+0000] {dag.py:4180} INFO - Setting next_dagrun for example_external_task_marker_parent to None, run_after=None
[2024-10-26T07:23:48.637+0000] {processor.py:208} INFO - Processing /home/airflow/.local/lib/python3.12/site-packages/airflow/example_dags/example_external_task_marker_dag.py took 0.049 seconds
[2024-10-26T07:24:19.322+0000] {processor.py:186} INFO - Started process (PID=86234) to work on /home/airflow/.local/lib/python3.12/site-packages/airflow/example_dags/example_external_task_marker_dag.py
[2024-10-26T07:24:19.323+0000] {processor.py:914} INFO - Processing file /home/airflow/.local/lib/python3.12/site-packages/airflow/example_dags/example_external_task_marker_dag.py for tasks to queue
[2024-10-26T07:24:19.324+0000] {logging_mixin.py:190} INFO - [2024-10-26T07:24:19.324+0000] {dagbag.py:588} INFO - Filling up the DagBag from /home/airflow/.local/lib/python3.12/site-packages/airflow/example_dags/example_external_task_marker_dag.py
[2024-10-26T07:24:19.328+0000] {processor.py:925} INFO - DAG(s) 'example_external_task_marker_child', 'example_external_task_marker_parent' retrieved from /home/airflow/.local/lib/python3.12/site-packages/airflow/example_dags/example_external_task_marker_dag.py
[2024-10-26T07:24:19.342+0000] {logging_mixin.py:190} INFO - [2024-10-26T07:24:19.342+0000] {dag.py:3239} INFO - Sync 2 DAGs
[2024-10-26T07:24:19.350+0000] {logging_mixin.py:190} INFO - [2024-10-26T07:24:19.350+0000] {dag.py:4180} INFO - Setting next_dagrun for example_external_task_marker_child to None, run_after=None
[2024-10-26T07:24:19.352+0000] {logging_mixin.py:190} INFO - [2024-10-26T07:24:19.352+0000] {dag.py:4180} INFO - Setting next_dagrun for example_external_task_marker_parent to None, run_after=None
[2024-10-26T07:24:19.359+0000] {processor.py:208} INFO - Processing /home/airflow/.local/lib/python3.12/site-packages/airflow/example_dags/example_external_task_marker_dag.py took 0.042 seconds
[2024-10-26T07:24:49.622+0000] {processor.py:186} INFO - Started process (PID=86525) to work on /home/airflow/.local/lib/python3.12/site-packages/airflow/example_dags/example_external_task_marker_dag.py
[2024-10-26T07:24:49.623+0000] {processor.py:914} INFO - Processing file /home/airflow/.local/lib/python3.12/site-packages/airflow/example_dags/example_external_task_marker_dag.py for tasks to queue
[2024-10-26T07:24:49.624+0000] {logging_mixin.py:190} INFO - [2024-10-26T07:24:49.623+0000] {dagbag.py:588} INFO - Filling up the DagBag from /home/airflow/.local/lib/python3.12/site-packages/airflow/example_dags/example_external_task_marker_dag.py
[2024-10-26T07:24:49.628+0000] {processor.py:925} INFO - DAG(s) 'example_external_task_marker_child', 'example_external_task_marker_parent' retrieved from /home/airflow/.local/lib/python3.12/site-packages/airflow/example_dags/example_external_task_marker_dag.py
[2024-10-26T07:24:49.641+0000] {logging_mixin.py:190} INFO - [2024-10-26T07:24:49.641+0000] {dag.py:3239} INFO - Sync 2 DAGs
[2024-10-26T07:24:49.648+0000] {logging_mixin.py:190} INFO - [2024-10-26T07:24:49.648+0000] {dag.py:4180} INFO - Setting next_dagrun for example_external_task_marker_child to None, run_after=None
[2024-10-26T07:24:49.650+0000] {logging_mixin.py:190} INFO - [2024-10-26T07:24:49.650+0000] {dag.py:4180} INFO - Setting next_dagrun for example_external_task_marker_parent to None, run_after=None
[2024-10-26T07:24:49.660+0000] {processor.py:208} INFO - Processing /home/airflow/.local/lib/python3.12/site-packages/airflow/example_dags/example_external_task_marker_dag.py took 0.042 seconds
[2024-10-26T07:25:20.757+0000] {processor.py:186} INFO - Started process (PID=86818) to work on /home/airflow/.local/lib/python3.12/site-packages/airflow/example_dags/example_external_task_marker_dag.py
[2024-10-26T07:25:20.759+0000] {processor.py:914} INFO - Processing file /home/airflow/.local/lib/python3.12/site-packages/airflow/example_dags/example_external_task_marker_dag.py for tasks to queue
[2024-10-26T07:25:20.761+0000] {logging_mixin.py:190} INFO - [2024-10-26T07:25:20.760+0000] {dagbag.py:588} INFO - Filling up the DagBag from /home/airflow/.local/lib/python3.12/site-packages/airflow/example_dags/example_external_task_marker_dag.py
[2024-10-26T07:25:20.771+0000] {processor.py:925} INFO - DAG(s) 'example_external_task_marker_parent', 'example_external_task_marker_child' retrieved from /home/airflow/.local/lib/python3.12/site-packages/airflow/example_dags/example_external_task_marker_dag.py
[2024-10-26T07:25:20.789+0000] {logging_mixin.py:190} INFO - [2024-10-26T07:25:20.789+0000] {dag.py:3239} INFO - Sync 2 DAGs
[2024-10-26T07:25:20.799+0000] {logging_mixin.py:190} INFO - [2024-10-26T07:25:20.799+0000] {dag.py:4180} INFO - Setting next_dagrun for example_external_task_marker_child to None, run_after=None
[2024-10-26T07:25:20.801+0000] {logging_mixin.py:190} INFO - [2024-10-26T07:25:20.801+0000] {dag.py:4180} INFO - Setting next_dagrun for example_external_task_marker_parent to None, run_after=None
[2024-10-26T07:25:20.809+0000] {processor.py:208} INFO - Processing /home/airflow/.local/lib/python3.12/site-packages/airflow/example_dags/example_external_task_marker_dag.py took 0.059 seconds
[2024-10-26T07:25:51.039+0000] {processor.py:186} INFO - Started process (PID=87109) to work on /home/airflow/.local/lib/python3.12/site-packages/airflow/example_dags/example_external_task_marker_dag.py
[2024-10-26T07:25:51.040+0000] {processor.py:914} INFO - Processing file /home/airflow/.local/lib/python3.12/site-packages/airflow/example_dags/example_external_task_marker_dag.py for tasks to queue
[2024-10-26T07:25:51.040+0000] {logging_mixin.py:190} INFO - [2024-10-26T07:25:51.040+0000] {dagbag.py:588} INFO - Filling up the DagBag from /home/airflow/.local/lib/python3.12/site-packages/airflow/example_dags/example_external_task_marker_dag.py
[2024-10-26T07:25:51.045+0000] {processor.py:925} INFO - DAG(s) 'example_external_task_marker_parent', 'example_external_task_marker_child' retrieved from /home/airflow/.local/lib/python3.12/site-packages/airflow/example_dags/example_external_task_marker_dag.py
[2024-10-26T07:25:51.059+0000] {logging_mixin.py:190} INFO - [2024-10-26T07:25:51.059+0000] {dag.py:3239} INFO - Sync 2 DAGs
[2024-10-26T07:25:51.069+0000] {logging_mixin.py:190} INFO - [2024-10-26T07:25:51.069+0000] {dag.py:4180} INFO - Setting next_dagrun for example_external_task_marker_child to None, run_after=None
[2024-10-26T07:25:51.073+0000] {logging_mixin.py:190} INFO - [2024-10-26T07:25:51.073+0000] {dag.py:4180} INFO - Setting next_dagrun for example_external_task_marker_parent to None, run_after=None
[2024-10-26T07:25:51.083+0000] {processor.py:208} INFO - Processing /home/airflow/.local/lib/python3.12/site-packages/airflow/example_dags/example_external_task_marker_dag.py took 0.047 seconds
[2024-10-26T07:26:21.410+0000] {processor.py:186} INFO - Started process (PID=87398) to work on /home/airflow/.local/lib/python3.12/site-packages/airflow/example_dags/example_external_task_marker_dag.py
[2024-10-26T07:26:21.411+0000] {processor.py:914} INFO - Processing file /home/airflow/.local/lib/python3.12/site-packages/airflow/example_dags/example_external_task_marker_dag.py for tasks to queue
[2024-10-26T07:26:21.411+0000] {logging_mixin.py:190} INFO - [2024-10-26T07:26:21.411+0000] {dagbag.py:588} INFO - Filling up the DagBag from /home/airflow/.local/lib/python3.12/site-packages/airflow/example_dags/example_external_task_marker_dag.py
[2024-10-26T07:26:21.416+0000] {processor.py:925} INFO - DAG(s) 'example_external_task_marker_child', 'example_external_task_marker_parent' retrieved from /home/airflow/.local/lib/python3.12/site-packages/airflow/example_dags/example_external_task_marker_dag.py
[2024-10-26T07:26:21.432+0000] {logging_mixin.py:190} INFO - [2024-10-26T07:26:21.432+0000] {dag.py:3239} INFO - Sync 2 DAGs
[2024-10-26T07:26:21.442+0000] {logging_mixin.py:190} INFO - [2024-10-26T07:26:21.442+0000] {dag.py:4180} INFO - Setting next_dagrun for example_external_task_marker_child to None, run_after=None
[2024-10-26T07:26:21.448+0000] {logging_mixin.py:190} INFO - [2024-10-26T07:26:21.448+0000] {dag.py:4180} INFO - Setting next_dagrun for example_external_task_marker_parent to None, run_after=None
[2024-10-26T07:26:21.459+0000] {processor.py:208} INFO - Processing /home/airflow/.local/lib/python3.12/site-packages/airflow/example_dags/example_external_task_marker_dag.py took 0.053 seconds
[2024-10-26T07:26:52.031+0000] {processor.py:186} INFO - Started process (PID=87689) to work on /home/airflow/.local/lib/python3.12/site-packages/airflow/example_dags/example_external_task_marker_dag.py
[2024-10-26T07:26:52.032+0000] {processor.py:914} INFO - Processing file /home/airflow/.local/lib/python3.12/site-packages/airflow/example_dags/example_external_task_marker_dag.py for tasks to queue
[2024-10-26T07:26:52.032+0000] {logging_mixin.py:190} INFO - [2024-10-26T07:26:52.032+0000] {dagbag.py:588} INFO - Filling up the DagBag from /home/airflow/.local/lib/python3.12/site-packages/airflow/example_dags/example_external_task_marker_dag.py
[2024-10-26T07:26:52.037+0000] {processor.py:925} INFO - DAG(s) 'example_external_task_marker_parent', 'example_external_task_marker_child' retrieved from /home/airflow/.local/lib/python3.12/site-packages/airflow/example_dags/example_external_task_marker_dag.py
[2024-10-26T07:26:52.048+0000] {logging_mixin.py:190} INFO - [2024-10-26T07:26:52.048+0000] {dag.py:3239} INFO - Sync 2 DAGs
[2024-10-26T07:26:52.056+0000] {logging_mixin.py:190} INFO - [2024-10-26T07:26:52.056+0000] {dag.py:4180} INFO - Setting next_dagrun for example_external_task_marker_child to None, run_after=None
[2024-10-26T07:26:52.059+0000] {logging_mixin.py:190} INFO - [2024-10-26T07:26:52.059+0000] {dag.py:4180} INFO - Setting next_dagrun for example_external_task_marker_parent to None, run_after=None
[2024-10-26T07:26:52.069+0000] {processor.py:208} INFO - Processing /home/airflow/.local/lib/python3.12/site-packages/airflow/example_dags/example_external_task_marker_dag.py took 0.042 seconds
[2024-10-26T07:27:22.321+0000] {processor.py:186} INFO - Started process (PID=87980) to work on /home/airflow/.local/lib/python3.12/site-packages/airflow/example_dags/example_external_task_marker_dag.py
[2024-10-26T07:27:22.322+0000] {processor.py:914} INFO - Processing file /home/airflow/.local/lib/python3.12/site-packages/airflow/example_dags/example_external_task_marker_dag.py for tasks to queue
[2024-10-26T07:27:22.323+0000] {logging_mixin.py:190} INFO - [2024-10-26T07:27:22.323+0000] {dagbag.py:588} INFO - Filling up the DagBag from /home/airflow/.local/lib/python3.12/site-packages/airflow/example_dags/example_external_task_marker_dag.py
[2024-10-26T07:27:22.329+0000] {processor.py:925} INFO - DAG(s) 'example_external_task_marker_parent', 'example_external_task_marker_child' retrieved from /home/airflow/.local/lib/python3.12/site-packages/airflow/example_dags/example_external_task_marker_dag.py
[2024-10-26T07:27:22.343+0000] {logging_mixin.py:190} INFO - [2024-10-26T07:27:22.343+0000] {dag.py:3239} INFO - Sync 2 DAGs
[2024-10-26T07:27:22.351+0000] {logging_mixin.py:190} INFO - [2024-10-26T07:27:22.351+0000] {dag.py:4180} INFO - Setting next_dagrun for example_external_task_marker_child to None, run_after=None
[2024-10-26T07:27:22.354+0000] {logging_mixin.py:190} INFO - [2024-10-26T07:27:22.353+0000] {dag.py:4180} INFO - Setting next_dagrun for example_external_task_marker_parent to None, run_after=None
[2024-10-26T07:27:22.368+0000] {processor.py:208} INFO - Processing /home/airflow/.local/lib/python3.12/site-packages/airflow/example_dags/example_external_task_marker_dag.py took 0.051 seconds
