[2024-10-26T00:46:26.074+0000] {processor.py:186} INFO - Started process (PID=70904) to work on /home/airflow/.local/lib/python3.12/site-packages/airflow/example_dags/example_inlet_event_extra.py
[2024-10-26T00:46:26.075+0000] {processor.py:914} INFO - Processing file /home/airflow/.local/lib/python3.12/site-packages/airflow/example_dags/example_inlet_event_extra.py for tasks to queue
[2024-10-26T00:46:26.076+0000] {logging_mixin.py:190} INFO - [2024-10-26T00:46:26.076+0000] {dagbag.py:588} INFO - Filling up the DagBag from /home/airflow/.local/lib/python3.12/site-packages/airflow/example_dags/example_inlet_event_extra.py
[2024-10-26T00:46:26.146+0000] {processor.py:925} INFO - DAG(s) 'read_dataset_event', 'read_dataset_event_from_classic' retrieved from /home/airflow/.local/lib/python3.12/site-packages/airflow/example_dags/example_inlet_event_extra.py
[2024-10-26T00:46:26.162+0000] {logging_mixin.py:190} INFO - [2024-10-26T00:46:26.162+0000] {dag.py:3239} INFO - Sync 2 DAGs
[2024-10-26T00:46:26.176+0000] {logging_mixin.py:190} INFO - [2024-10-26T00:46:26.176+0000] {dag.py:4180} INFO - Setting next_dagrun for read_dataset_event to 2024-10-25 00:00:00+00:00, run_after=2024-10-26 00:00:00+00:00
[2024-10-26T00:46:26.179+0000] {logging_mixin.py:190} INFO - [2024-10-26T00:46:26.179+0000] {dag.py:4180} INFO - Setting next_dagrun for read_dataset_event_from_classic to 2024-10-25 00:00:00+00:00, run_after=2024-10-26 00:00:00+00:00
[2024-10-26T00:46:26.189+0000] {processor.py:208} INFO - Processing /home/airflow/.local/lib/python3.12/site-packages/airflow/example_dags/example_inlet_event_extra.py took 0.118 seconds
[2024-10-26T01:37:09.698+0000] {processor.py:186} INFO - Started process (PID=71196) to work on /home/airflow/.local/lib/python3.12/site-packages/airflow/example_dags/example_inlet_event_extra.py
[2024-10-26T01:37:09.701+0000] {processor.py:914} INFO - Processing file /home/airflow/.local/lib/python3.12/site-packages/airflow/example_dags/example_inlet_event_extra.py for tasks to queue
[2024-10-26T01:37:09.703+0000] {logging_mixin.py:190} INFO - [2024-10-26T01:37:09.702+0000] {dagbag.py:588} INFO - Filling up the DagBag from /home/airflow/.local/lib/python3.12/site-packages/airflow/example_dags/example_inlet_event_extra.py
[2024-10-26T01:37:09.771+0000] {processor.py:925} INFO - DAG(s) 'read_dataset_event', 'read_dataset_event_from_classic' retrieved from /home/airflow/.local/lib/python3.12/site-packages/airflow/example_dags/example_inlet_event_extra.py
[2024-10-26T01:37:09.787+0000] {logging_mixin.py:190} INFO - [2024-10-26T01:37:09.787+0000] {dag.py:3239} INFO - Sync 2 DAGs
[2024-10-26T01:37:09.800+0000] {logging_mixin.py:190} INFO - [2024-10-26T01:37:09.800+0000] {dag.py:4180} INFO - Setting next_dagrun for read_dataset_event to 2024-10-25 00:00:00+00:00, run_after=2024-10-26 00:00:00+00:00
[2024-10-26T01:37:09.802+0000] {logging_mixin.py:190} INFO - [2024-10-26T01:37:09.802+0000] {dag.py:4180} INFO - Setting next_dagrun for read_dataset_event_from_classic to 2024-10-25 00:00:00+00:00, run_after=2024-10-26 00:00:00+00:00
[2024-10-26T01:37:09.814+0000] {processor.py:208} INFO - Processing /home/airflow/.local/lib/python3.12/site-packages/airflow/example_dags/example_inlet_event_extra.py took 0.119 seconds
[2024-10-26T02:57:38.655+0000] {processor.py:186} INFO - Started process (PID=71487) to work on /home/airflow/.local/lib/python3.12/site-packages/airflow/example_dags/example_inlet_event_extra.py
[2024-10-26T02:57:38.656+0000] {processor.py:914} INFO - Processing file /home/airflow/.local/lib/python3.12/site-packages/airflow/example_dags/example_inlet_event_extra.py for tasks to queue
[2024-10-26T02:57:38.657+0000] {logging_mixin.py:190} INFO - [2024-10-26T02:57:38.657+0000] {dagbag.py:588} INFO - Filling up the DagBag from /home/airflow/.local/lib/python3.12/site-packages/airflow/example_dags/example_inlet_event_extra.py
[2024-10-26T02:57:38.732+0000] {processor.py:925} INFO - DAG(s) 'read_dataset_event_from_classic', 'read_dataset_event' retrieved from /home/airflow/.local/lib/python3.12/site-packages/airflow/example_dags/example_inlet_event_extra.py
[2024-10-26T02:57:38.745+0000] {logging_mixin.py:190} INFO - [2024-10-26T02:57:38.745+0000] {dag.py:3239} INFO - Sync 2 DAGs
[2024-10-26T02:57:38.760+0000] {logging_mixin.py:190} INFO - [2024-10-26T02:57:38.760+0000] {dag.py:4180} INFO - Setting next_dagrun for read_dataset_event to 2024-10-25 00:00:00+00:00, run_after=2024-10-26 00:00:00+00:00
[2024-10-26T02:57:38.762+0000] {logging_mixin.py:190} INFO - [2024-10-26T02:57:38.762+0000] {dag.py:4180} INFO - Setting next_dagrun for read_dataset_event_from_classic to 2024-10-25 00:00:00+00:00, run_after=2024-10-26 00:00:00+00:00
[2024-10-26T02:57:38.773+0000] {processor.py:208} INFO - Processing /home/airflow/.local/lib/python3.12/site-packages/airflow/example_dags/example_inlet_event_extra.py took 0.121 seconds
[2024-10-26T04:18:35.965+0000] {processor.py:186} INFO - Started process (PID=71778) to work on /home/airflow/.local/lib/python3.12/site-packages/airflow/example_dags/example_inlet_event_extra.py
[2024-10-26T04:18:35.967+0000] {processor.py:914} INFO - Processing file /home/airflow/.local/lib/python3.12/site-packages/airflow/example_dags/example_inlet_event_extra.py for tasks to queue
[2024-10-26T04:18:35.968+0000] {logging_mixin.py:190} INFO - [2024-10-26T04:18:35.968+0000] {dagbag.py:588} INFO - Filling up the DagBag from /home/airflow/.local/lib/python3.12/site-packages/airflow/example_dags/example_inlet_event_extra.py
[2024-10-26T04:18:36.032+0000] {processor.py:925} INFO - DAG(s) 'read_dataset_event_from_classic', 'read_dataset_event' retrieved from /home/airflow/.local/lib/python3.12/site-packages/airflow/example_dags/example_inlet_event_extra.py
[2024-10-26T04:18:36.045+0000] {logging_mixin.py:190} INFO - [2024-10-26T04:18:36.045+0000] {dag.py:3239} INFO - Sync 2 DAGs
[2024-10-26T04:18:36.058+0000] {logging_mixin.py:190} INFO - [2024-10-26T04:18:36.058+0000] {dag.py:4180} INFO - Setting next_dagrun for read_dataset_event to 2024-10-25 00:00:00+00:00, run_after=2024-10-26 00:00:00+00:00
[2024-10-26T04:18:36.060+0000] {logging_mixin.py:190} INFO - [2024-10-26T04:18:36.060+0000] {dag.py:4180} INFO - Setting next_dagrun for read_dataset_event_from_classic to 2024-10-25 00:00:00+00:00, run_after=2024-10-26 00:00:00+00:00
[2024-10-26T04:18:36.068+0000] {processor.py:208} INFO - Processing /home/airflow/.local/lib/python3.12/site-packages/airflow/example_dags/example_inlet_event_extra.py took 0.108 seconds
[2024-10-26T05:41:05.743+0000] {processor.py:186} INFO - Started process (PID=72069) to work on /home/airflow/.local/lib/python3.12/site-packages/airflow/example_dags/example_inlet_event_extra.py
[2024-10-26T05:41:05.744+0000] {processor.py:914} INFO - Processing file /home/airflow/.local/lib/python3.12/site-packages/airflow/example_dags/example_inlet_event_extra.py for tasks to queue
[2024-10-26T05:41:05.745+0000] {logging_mixin.py:190} INFO - [2024-10-26T05:41:05.745+0000] {dagbag.py:588} INFO - Filling up the DagBag from /home/airflow/.local/lib/python3.12/site-packages/airflow/example_dags/example_inlet_event_extra.py
[2024-10-26T05:41:05.804+0000] {processor.py:925} INFO - DAG(s) 'read_dataset_event', 'read_dataset_event_from_classic' retrieved from /home/airflow/.local/lib/python3.12/site-packages/airflow/example_dags/example_inlet_event_extra.py
[2024-10-26T05:41:05.817+0000] {logging_mixin.py:190} INFO - [2024-10-26T05:41:05.816+0000] {dag.py:3239} INFO - Sync 2 DAGs
[2024-10-26T05:41:05.830+0000] {logging_mixin.py:190} INFO - [2024-10-26T05:41:05.830+0000] {dag.py:4180} INFO - Setting next_dagrun for read_dataset_event to 2024-10-25 00:00:00+00:00, run_after=2024-10-26 00:00:00+00:00
[2024-10-26T05:41:05.832+0000] {logging_mixin.py:190} INFO - [2024-10-26T05:41:05.832+0000] {dag.py:4180} INFO - Setting next_dagrun for read_dataset_event_from_classic to 2024-10-25 00:00:00+00:00, run_after=2024-10-26 00:00:00+00:00
[2024-10-26T05:41:05.839+0000] {processor.py:208} INFO - Processing /home/airflow/.local/lib/python3.12/site-packages/airflow/example_dags/example_inlet_event_extra.py took 0.099 seconds
[2024-10-26T06:59:46.064+0000] {processor.py:186} INFO - Started process (PID=72360) to work on /home/airflow/.local/lib/python3.12/site-packages/airflow/example_dags/example_inlet_event_extra.py
[2024-10-26T06:59:46.065+0000] {processor.py:914} INFO - Processing file /home/airflow/.local/lib/python3.12/site-packages/airflow/example_dags/example_inlet_event_extra.py for tasks to queue
[2024-10-26T06:59:46.066+0000] {logging_mixin.py:190} INFO - [2024-10-26T06:59:46.066+0000] {dagbag.py:588} INFO - Filling up the DagBag from /home/airflow/.local/lib/python3.12/site-packages/airflow/example_dags/example_inlet_event_extra.py
[2024-10-26T06:59:46.131+0000] {processor.py:925} INFO - DAG(s) 'read_dataset_event_from_classic', 'read_dataset_event' retrieved from /home/airflow/.local/lib/python3.12/site-packages/airflow/example_dags/example_inlet_event_extra.py
[2024-10-26T06:59:46.146+0000] {logging_mixin.py:190} INFO - [2024-10-26T06:59:46.146+0000] {dag.py:3239} INFO - Sync 2 DAGs
[2024-10-26T06:59:46.159+0000] {logging_mixin.py:190} INFO - [2024-10-26T06:59:46.159+0000] {dag.py:4180} INFO - Setting next_dagrun for read_dataset_event to 2024-10-25 00:00:00+00:00, run_after=2024-10-26 00:00:00+00:00
[2024-10-26T06:59:46.162+0000] {logging_mixin.py:190} INFO - [2024-10-26T06:59:46.162+0000] {dag.py:4180} INFO - Setting next_dagrun for read_dataset_event_from_classic to 2024-10-25 00:00:00+00:00, run_after=2024-10-26 00:00:00+00:00
[2024-10-26T06:59:46.171+0000] {processor.py:208} INFO - Processing /home/airflow/.local/lib/python3.12/site-packages/airflow/example_dags/example_inlet_event_extra.py took 0.110 seconds
[2024-10-26T07:00:16.688+0000] {processor.py:186} INFO - Started process (PID=72651) to work on /home/airflow/.local/lib/python3.12/site-packages/airflow/example_dags/example_inlet_event_extra.py
[2024-10-26T07:00:16.690+0000] {processor.py:914} INFO - Processing file /home/airflow/.local/lib/python3.12/site-packages/airflow/example_dags/example_inlet_event_extra.py for tasks to queue
[2024-10-26T07:00:16.691+0000] {logging_mixin.py:190} INFO - [2024-10-26T07:00:16.691+0000] {dagbag.py:588} INFO - Filling up the DagBag from /home/airflow/.local/lib/python3.12/site-packages/airflow/example_dags/example_inlet_event_extra.py
[2024-10-26T07:00:16.753+0000] {processor.py:925} INFO - DAG(s) 'read_dataset_event_from_classic', 'read_dataset_event' retrieved from /home/airflow/.local/lib/python3.12/site-packages/airflow/example_dags/example_inlet_event_extra.py
[2024-10-26T07:00:16.766+0000] {logging_mixin.py:190} INFO - [2024-10-26T07:00:16.766+0000] {dag.py:3239} INFO - Sync 2 DAGs
[2024-10-26T07:00:16.778+0000] {logging_mixin.py:190} INFO - [2024-10-26T07:00:16.778+0000] {dag.py:4180} INFO - Setting next_dagrun for read_dataset_event to 2024-10-25 00:00:00+00:00, run_after=2024-10-26 00:00:00+00:00
[2024-10-26T07:00:16.781+0000] {logging_mixin.py:190} INFO - [2024-10-26T07:00:16.781+0000] {dag.py:4180} INFO - Setting next_dagrun for read_dataset_event_from_classic to 2024-10-25 00:00:00+00:00, run_after=2024-10-26 00:00:00+00:00
[2024-10-26T07:00:16.788+0000] {processor.py:208} INFO - Processing /home/airflow/.local/lib/python3.12/site-packages/airflow/example_dags/example_inlet_event_extra.py took 0.104 seconds
[2024-10-26T07:00:47.230+0000] {processor.py:186} INFO - Started process (PID=72942) to work on /home/airflow/.local/lib/python3.12/site-packages/airflow/example_dags/example_inlet_event_extra.py
[2024-10-26T07:00:47.231+0000] {processor.py:914} INFO - Processing file /home/airflow/.local/lib/python3.12/site-packages/airflow/example_dags/example_inlet_event_extra.py for tasks to queue
[2024-10-26T07:00:47.231+0000] {logging_mixin.py:190} INFO - [2024-10-26T07:00:47.231+0000] {dagbag.py:588} INFO - Filling up the DagBag from /home/airflow/.local/lib/python3.12/site-packages/airflow/example_dags/example_inlet_event_extra.py
[2024-10-26T07:00:47.297+0000] {processor.py:925} INFO - DAG(s) 'read_dataset_event_from_classic', 'read_dataset_event' retrieved from /home/airflow/.local/lib/python3.12/site-packages/airflow/example_dags/example_inlet_event_extra.py
[2024-10-26T07:00:47.310+0000] {logging_mixin.py:190} INFO - [2024-10-26T07:00:47.310+0000] {dag.py:3239} INFO - Sync 2 DAGs
[2024-10-26T07:00:47.324+0000] {logging_mixin.py:190} INFO - [2024-10-26T07:00:47.323+0000] {dag.py:4180} INFO - Setting next_dagrun for read_dataset_event to 2024-10-25 00:00:00+00:00, run_after=2024-10-26 00:00:00+00:00
[2024-10-26T07:00:47.326+0000] {logging_mixin.py:190} INFO - [2024-10-26T07:00:47.326+0000] {dag.py:4180} INFO - Setting next_dagrun for read_dataset_event_from_classic to 2024-10-25 00:00:00+00:00, run_after=2024-10-26 00:00:00+00:00
[2024-10-26T07:00:47.334+0000] {processor.py:208} INFO - Processing /home/airflow/.local/lib/python3.12/site-packages/airflow/example_dags/example_inlet_event_extra.py took 0.108 seconds
[2024-10-26T07:01:19.500+0000] {processor.py:186} INFO - Started process (PID=73233) to work on /home/airflow/.local/lib/python3.12/site-packages/airflow/example_dags/example_inlet_event_extra.py
[2024-10-26T07:01:19.503+0000] {processor.py:914} INFO - Processing file /home/airflow/.local/lib/python3.12/site-packages/airflow/example_dags/example_inlet_event_extra.py for tasks to queue
[2024-10-26T07:01:19.507+0000] {logging_mixin.py:190} INFO - [2024-10-26T07:01:19.507+0000] {dagbag.py:588} INFO - Filling up the DagBag from /home/airflow/.local/lib/python3.12/site-packages/airflow/example_dags/example_inlet_event_extra.py
[2024-10-26T07:01:19.991+0000] {processor.py:925} INFO - DAG(s) 'read_dataset_event_from_classic', 'read_dataset_event' retrieved from /home/airflow/.local/lib/python3.12/site-packages/airflow/example_dags/example_inlet_event_extra.py
[2024-10-26T07:01:20.109+0000] {logging_mixin.py:190} INFO - [2024-10-26T07:01:20.105+0000] {dag.py:3239} INFO - Sync 2 DAGs
[2024-10-26T07:01:20.163+0000] {logging_mixin.py:190} INFO - [2024-10-26T07:01:20.163+0000] {dag.py:4180} INFO - Setting next_dagrun for read_dataset_event to 2024-10-25 00:00:00+00:00, run_after=2024-10-26 00:00:00+00:00
[2024-10-26T07:01:20.176+0000] {logging_mixin.py:190} INFO - [2024-10-26T07:01:20.175+0000] {dag.py:4180} INFO - Setting next_dagrun for read_dataset_event_from_classic to 2024-10-25 00:00:00+00:00, run_after=2024-10-26 00:00:00+00:00
[2024-10-26T07:01:20.254+0000] {processor.py:208} INFO - Processing /home/airflow/.local/lib/python3.12/site-packages/airflow/example_dags/example_inlet_event_extra.py took 0.759 seconds
[2024-10-26T07:01:50.606+0000] {processor.py:186} INFO - Started process (PID=73524) to work on /home/airflow/.local/lib/python3.12/site-packages/airflow/example_dags/example_inlet_event_extra.py
[2024-10-26T07:01:50.606+0000] {processor.py:914} INFO - Processing file /home/airflow/.local/lib/python3.12/site-packages/airflow/example_dags/example_inlet_event_extra.py for tasks to queue
[2024-10-26T07:01:50.608+0000] {logging_mixin.py:190} INFO - [2024-10-26T07:01:50.608+0000] {dagbag.py:588} INFO - Filling up the DagBag from /home/airflow/.local/lib/python3.12/site-packages/airflow/example_dags/example_inlet_event_extra.py
[2024-10-26T07:01:50.678+0000] {processor.py:925} INFO - DAG(s) 'read_dataset_event_from_classic', 'read_dataset_event' retrieved from /home/airflow/.local/lib/python3.12/site-packages/airflow/example_dags/example_inlet_event_extra.py
[2024-10-26T07:01:50.704+0000] {logging_mixin.py:190} INFO - [2024-10-26T07:01:50.703+0000] {dag.py:3239} INFO - Sync 2 DAGs
[2024-10-26T07:01:50.717+0000] {logging_mixin.py:190} INFO - [2024-10-26T07:01:50.717+0000] {dag.py:4180} INFO - Setting next_dagrun for read_dataset_event to 2024-10-25 00:00:00+00:00, run_after=2024-10-26 00:00:00+00:00
[2024-10-26T07:01:50.719+0000] {logging_mixin.py:190} INFO - [2024-10-26T07:01:50.719+0000] {dag.py:4180} INFO - Setting next_dagrun for read_dataset_event_from_classic to 2024-10-25 00:00:00+00:00, run_after=2024-10-26 00:00:00+00:00
[2024-10-26T07:01:50.729+0000] {processor.py:208} INFO - Processing /home/airflow/.local/lib/python3.12/site-packages/airflow/example_dags/example_inlet_event_extra.py took 0.127 seconds
[2024-10-26T07:02:20.875+0000] {processor.py:186} INFO - Started process (PID=73815) to work on /home/airflow/.local/lib/python3.12/site-packages/airflow/example_dags/example_inlet_event_extra.py
[2024-10-26T07:02:20.877+0000] {processor.py:914} INFO - Processing file /home/airflow/.local/lib/python3.12/site-packages/airflow/example_dags/example_inlet_event_extra.py for tasks to queue
[2024-10-26T07:02:20.878+0000] {logging_mixin.py:190} INFO - [2024-10-26T07:02:20.877+0000] {dagbag.py:588} INFO - Filling up the DagBag from /home/airflow/.local/lib/python3.12/site-packages/airflow/example_dags/example_inlet_event_extra.py
[2024-10-26T07:02:20.964+0000] {processor.py:925} INFO - DAG(s) 'read_dataset_event_from_classic', 'read_dataset_event' retrieved from /home/airflow/.local/lib/python3.12/site-packages/airflow/example_dags/example_inlet_event_extra.py
[2024-10-26T07:02:20.983+0000] {logging_mixin.py:190} INFO - [2024-10-26T07:02:20.983+0000] {dag.py:3239} INFO - Sync 2 DAGs
[2024-10-26T07:02:21.000+0000] {logging_mixin.py:190} INFO - [2024-10-26T07:02:20.999+0000] {dag.py:4180} INFO - Setting next_dagrun for read_dataset_event to 2024-10-25 00:00:00+00:00, run_after=2024-10-26 00:00:00+00:00
[2024-10-26T07:02:21.003+0000] {logging_mixin.py:190} INFO - [2024-10-26T07:02:21.002+0000] {dag.py:4180} INFO - Setting next_dagrun for read_dataset_event_from_classic to 2024-10-25 00:00:00+00:00, run_after=2024-10-26 00:00:00+00:00
[2024-10-26T07:02:21.015+0000] {processor.py:208} INFO - Processing /home/airflow/.local/lib/python3.12/site-packages/airflow/example_dags/example_inlet_event_extra.py took 0.143 seconds
[2024-10-26T07:02:51.956+0000] {processor.py:186} INFO - Started process (PID=74106) to work on /home/airflow/.local/lib/python3.12/site-packages/airflow/example_dags/example_inlet_event_extra.py
[2024-10-26T07:02:51.959+0000] {processor.py:914} INFO - Processing file /home/airflow/.local/lib/python3.12/site-packages/airflow/example_dags/example_inlet_event_extra.py for tasks to queue
[2024-10-26T07:02:51.961+0000] {logging_mixin.py:190} INFO - [2024-10-26T07:02:51.961+0000] {dagbag.py:588} INFO - Filling up the DagBag from /home/airflow/.local/lib/python3.12/site-packages/airflow/example_dags/example_inlet_event_extra.py
[2024-10-26T07:02:52.060+0000] {processor.py:925} INFO - DAG(s) 'read_dataset_event', 'read_dataset_event_from_classic' retrieved from /home/airflow/.local/lib/python3.12/site-packages/airflow/example_dags/example_inlet_event_extra.py
[2024-10-26T07:02:52.073+0000] {logging_mixin.py:190} INFO - [2024-10-26T07:02:52.073+0000] {dag.py:3239} INFO - Sync 2 DAGs
[2024-10-26T07:02:52.088+0000] {logging_mixin.py:190} INFO - [2024-10-26T07:02:52.088+0000] {dag.py:4180} INFO - Setting next_dagrun for read_dataset_event to 2024-10-25 00:00:00+00:00, run_after=2024-10-26 00:00:00+00:00
[2024-10-26T07:02:52.090+0000] {logging_mixin.py:190} INFO - [2024-10-26T07:02:52.090+0000] {dag.py:4180} INFO - Setting next_dagrun for read_dataset_event_from_classic to 2024-10-25 00:00:00+00:00, run_after=2024-10-26 00:00:00+00:00
[2024-10-26T07:02:52.098+0000] {processor.py:208} INFO - Processing /home/airflow/.local/lib/python3.12/site-packages/airflow/example_dags/example_inlet_event_extra.py took 0.148 seconds
[2024-10-26T07:03:22.252+0000] {processor.py:186} INFO - Started process (PID=74397) to work on /home/airflow/.local/lib/python3.12/site-packages/airflow/example_dags/example_inlet_event_extra.py
[2024-10-26T07:03:22.252+0000] {processor.py:914} INFO - Processing file /home/airflow/.local/lib/python3.12/site-packages/airflow/example_dags/example_inlet_event_extra.py for tasks to queue
[2024-10-26T07:03:22.253+0000] {logging_mixin.py:190} INFO - [2024-10-26T07:03:22.253+0000] {dagbag.py:588} INFO - Filling up the DagBag from /home/airflow/.local/lib/python3.12/site-packages/airflow/example_dags/example_inlet_event_extra.py
[2024-10-26T07:03:22.337+0000] {processor.py:925} INFO - DAG(s) 'read_dataset_event_from_classic', 'read_dataset_event' retrieved from /home/airflow/.local/lib/python3.12/site-packages/airflow/example_dags/example_inlet_event_extra.py
[2024-10-26T07:03:22.351+0000] {logging_mixin.py:190} INFO - [2024-10-26T07:03:22.351+0000] {dag.py:3239} INFO - Sync 2 DAGs
[2024-10-26T07:03:22.363+0000] {logging_mixin.py:190} INFO - [2024-10-26T07:03:22.363+0000] {dag.py:4180} INFO - Setting next_dagrun for read_dataset_event to 2024-10-25 00:00:00+00:00, run_after=2024-10-26 00:00:00+00:00
[2024-10-26T07:03:22.365+0000] {logging_mixin.py:190} INFO - [2024-10-26T07:03:22.365+0000] {dag.py:4180} INFO - Setting next_dagrun for read_dataset_event_from_classic to 2024-10-25 00:00:00+00:00, run_after=2024-10-26 00:00:00+00:00
[2024-10-26T07:03:22.373+0000] {processor.py:208} INFO - Processing /home/airflow/.local/lib/python3.12/site-packages/airflow/example_dags/example_inlet_event_extra.py took 0.125 seconds
[2024-10-26T07:03:53.175+0000] {processor.py:186} INFO - Started process (PID=74688) to work on /home/airflow/.local/lib/python3.12/site-packages/airflow/example_dags/example_inlet_event_extra.py
[2024-10-26T07:03:53.178+0000] {processor.py:914} INFO - Processing file /home/airflow/.local/lib/python3.12/site-packages/airflow/example_dags/example_inlet_event_extra.py for tasks to queue
[2024-10-26T07:03:53.180+0000] {logging_mixin.py:190} INFO - [2024-10-26T07:03:53.180+0000] {dagbag.py:588} INFO - Filling up the DagBag from /home/airflow/.local/lib/python3.12/site-packages/airflow/example_dags/example_inlet_event_extra.py
[2024-10-26T07:03:53.249+0000] {processor.py:925} INFO - DAG(s) 'read_dataset_event', 'read_dataset_event_from_classic' retrieved from /home/airflow/.local/lib/python3.12/site-packages/airflow/example_dags/example_inlet_event_extra.py
[2024-10-26T07:03:53.269+0000] {logging_mixin.py:190} INFO - [2024-10-26T07:03:53.268+0000] {dag.py:3239} INFO - Sync 2 DAGs
[2024-10-26T07:03:53.443+0000] {logging_mixin.py:190} INFO - [2024-10-26T07:03:53.442+0000] {dag.py:4180} INFO - Setting next_dagrun for read_dataset_event to 2024-10-25 00:00:00+00:00, run_after=2024-10-26 00:00:00+00:00
[2024-10-26T07:03:53.446+0000] {logging_mixin.py:190} INFO - [2024-10-26T07:03:53.446+0000] {dag.py:4180} INFO - Setting next_dagrun for read_dataset_event_from_classic to 2024-10-25 00:00:00+00:00, run_after=2024-10-26 00:00:00+00:00
[2024-10-26T07:03:53.453+0000] {processor.py:208} INFO - Processing /home/airflow/.local/lib/python3.12/site-packages/airflow/example_dags/example_inlet_event_extra.py took 0.284 seconds
[2024-10-26T07:04:23.517+0000] {processor.py:186} INFO - Started process (PID=74978) to work on /home/airflow/.local/lib/python3.12/site-packages/airflow/example_dags/example_inlet_event_extra.py
[2024-10-26T07:04:23.518+0000] {processor.py:914} INFO - Processing file /home/airflow/.local/lib/python3.12/site-packages/airflow/example_dags/example_inlet_event_extra.py for tasks to queue
[2024-10-26T07:04:23.518+0000] {logging_mixin.py:190} INFO - [2024-10-26T07:04:23.518+0000] {dagbag.py:588} INFO - Filling up the DagBag from /home/airflow/.local/lib/python3.12/site-packages/airflow/example_dags/example_inlet_event_extra.py
[2024-10-26T07:04:23.593+0000] {processor.py:925} INFO - DAG(s) 'read_dataset_event', 'read_dataset_event_from_classic' retrieved from /home/airflow/.local/lib/python3.12/site-packages/airflow/example_dags/example_inlet_event_extra.py
[2024-10-26T07:04:23.612+0000] {logging_mixin.py:190} INFO - [2024-10-26T07:04:23.612+0000] {dag.py:3239} INFO - Sync 2 DAGs
[2024-10-26T07:04:23.629+0000] {logging_mixin.py:190} INFO - [2024-10-26T07:04:23.629+0000] {dag.py:4180} INFO - Setting next_dagrun for read_dataset_event to 2024-10-25 00:00:00+00:00, run_after=2024-10-26 00:00:00+00:00
[2024-10-26T07:04:23.759+0000] {logging_mixin.py:190} INFO - [2024-10-26T07:04:23.759+0000] {dag.py:4180} INFO - Setting next_dagrun for read_dataset_event_from_classic to 2024-10-25 00:00:00+00:00, run_after=2024-10-26 00:00:00+00:00
[2024-10-26T07:04:23.768+0000] {processor.py:208} INFO - Processing /home/airflow/.local/lib/python3.12/site-packages/airflow/example_dags/example_inlet_event_extra.py took 0.254 seconds
[2024-10-26T07:04:53.887+0000] {processor.py:186} INFO - Started process (PID=75274) to work on /home/airflow/.local/lib/python3.12/site-packages/airflow/example_dags/example_inlet_event_extra.py
[2024-10-26T07:04:53.888+0000] {processor.py:914} INFO - Processing file /home/airflow/.local/lib/python3.12/site-packages/airflow/example_dags/example_inlet_event_extra.py for tasks to queue
[2024-10-26T07:04:53.889+0000] {logging_mixin.py:190} INFO - [2024-10-26T07:04:53.889+0000] {dagbag.py:588} INFO - Filling up the DagBag from /home/airflow/.local/lib/python3.12/site-packages/airflow/example_dags/example_inlet_event_extra.py
[2024-10-26T07:04:53.952+0000] {processor.py:925} INFO - DAG(s) 'read_dataset_event_from_classic', 'read_dataset_event' retrieved from /home/airflow/.local/lib/python3.12/site-packages/airflow/example_dags/example_inlet_event_extra.py
[2024-10-26T07:04:53.965+0000] {logging_mixin.py:190} INFO - [2024-10-26T07:04:53.964+0000] {dag.py:3239} INFO - Sync 2 DAGs
[2024-10-26T07:04:53.977+0000] {logging_mixin.py:190} INFO - [2024-10-26T07:04:53.977+0000] {dag.py:4180} INFO - Setting next_dagrun for read_dataset_event to 2024-10-25 00:00:00+00:00, run_after=2024-10-26 00:00:00+00:00
[2024-10-26T07:04:53.980+0000] {logging_mixin.py:190} INFO - [2024-10-26T07:04:53.980+0000] {dag.py:4180} INFO - Setting next_dagrun for read_dataset_event_from_classic to 2024-10-25 00:00:00+00:00, run_after=2024-10-26 00:00:00+00:00
[2024-10-26T07:04:54.105+0000] {processor.py:208} INFO - Processing /home/airflow/.local/lib/python3.12/site-packages/airflow/example_dags/example_inlet_event_extra.py took 0.222 seconds
[2024-10-26T07:05:24.730+0000] {processor.py:186} INFO - Started process (PID=75560) to work on /home/airflow/.local/lib/python3.12/site-packages/airflow/example_dags/example_inlet_event_extra.py
[2024-10-26T07:05:24.732+0000] {processor.py:914} INFO - Processing file /home/airflow/.local/lib/python3.12/site-packages/airflow/example_dags/example_inlet_event_extra.py for tasks to queue
[2024-10-26T07:05:24.733+0000] {logging_mixin.py:190} INFO - [2024-10-26T07:05:24.733+0000] {dagbag.py:588} INFO - Filling up the DagBag from /home/airflow/.local/lib/python3.12/site-packages/airflow/example_dags/example_inlet_event_extra.py
[2024-10-26T07:05:24.880+0000] {processor.py:925} INFO - DAG(s) 'read_dataset_event', 'read_dataset_event_from_classic' retrieved from /home/airflow/.local/lib/python3.12/site-packages/airflow/example_dags/example_inlet_event_extra.py
[2024-10-26T07:05:24.897+0000] {logging_mixin.py:190} INFO - [2024-10-26T07:05:24.896+0000] {dag.py:3239} INFO - Sync 2 DAGs
[2024-10-26T07:05:24.918+0000] {logging_mixin.py:190} INFO - [2024-10-26T07:05:24.918+0000] {dag.py:4180} INFO - Setting next_dagrun for read_dataset_event to 2024-10-25 00:00:00+00:00, run_after=2024-10-26 00:00:00+00:00
[2024-10-26T07:05:24.923+0000] {logging_mixin.py:190} INFO - [2024-10-26T07:05:24.922+0000] {dag.py:4180} INFO - Setting next_dagrun for read_dataset_event_from_classic to 2024-10-25 00:00:00+00:00, run_after=2024-10-26 00:00:00+00:00
[2024-10-26T07:05:24.938+0000] {processor.py:208} INFO - Processing /home/airflow/.local/lib/python3.12/site-packages/airflow/example_dags/example_inlet_event_extra.py took 0.213 seconds
[2024-10-26T07:05:55.494+0000] {processor.py:186} INFO - Started process (PID=75850) to work on /home/airflow/.local/lib/python3.12/site-packages/airflow/example_dags/example_inlet_event_extra.py
[2024-10-26T07:05:55.495+0000] {processor.py:914} INFO - Processing file /home/airflow/.local/lib/python3.12/site-packages/airflow/example_dags/example_inlet_event_extra.py for tasks to queue
[2024-10-26T07:05:55.496+0000] {logging_mixin.py:190} INFO - [2024-10-26T07:05:55.496+0000] {dagbag.py:588} INFO - Filling up the DagBag from /home/airflow/.local/lib/python3.12/site-packages/airflow/example_dags/example_inlet_event_extra.py
[2024-10-26T07:05:55.814+0000] {processor.py:925} INFO - DAG(s) 'read_dataset_event', 'read_dataset_event_from_classic' retrieved from /home/airflow/.local/lib/python3.12/site-packages/airflow/example_dags/example_inlet_event_extra.py
[2024-10-26T07:05:55.827+0000] {logging_mixin.py:190} INFO - [2024-10-26T07:05:55.827+0000] {dag.py:3239} INFO - Sync 2 DAGs
[2024-10-26T07:05:55.838+0000] {logging_mixin.py:190} INFO - [2024-10-26T07:05:55.838+0000] {dag.py:4180} INFO - Setting next_dagrun for read_dataset_event to 2024-10-25 00:00:00+00:00, run_after=2024-10-26 00:00:00+00:00
[2024-10-26T07:05:55.841+0000] {logging_mixin.py:190} INFO - [2024-10-26T07:05:55.841+0000] {dag.py:4180} INFO - Setting next_dagrun for read_dataset_event_from_classic to 2024-10-25 00:00:00+00:00, run_after=2024-10-26 00:00:00+00:00
[2024-10-26T07:05:55.852+0000] {processor.py:208} INFO - Processing /home/airflow/.local/lib/python3.12/site-packages/airflow/example_dags/example_inlet_event_extra.py took 0.361 seconds
[2024-10-26T07:06:26.678+0000] {processor.py:186} INFO - Started process (PID=76141) to work on /home/airflow/.local/lib/python3.12/site-packages/airflow/example_dags/example_inlet_event_extra.py
[2024-10-26T07:06:26.682+0000] {processor.py:914} INFO - Processing file /home/airflow/.local/lib/python3.12/site-packages/airflow/example_dags/example_inlet_event_extra.py for tasks to queue
[2024-10-26T07:06:26.685+0000] {logging_mixin.py:190} INFO - [2024-10-26T07:06:26.685+0000] {dagbag.py:588} INFO - Filling up the DagBag from /home/airflow/.local/lib/python3.12/site-packages/airflow/example_dags/example_inlet_event_extra.py
[2024-10-26T07:06:26.764+0000] {processor.py:925} INFO - DAG(s) 'read_dataset_event', 'read_dataset_event_from_classic' retrieved from /home/airflow/.local/lib/python3.12/site-packages/airflow/example_dags/example_inlet_event_extra.py
[2024-10-26T07:06:27.116+0000] {logging_mixin.py:190} INFO - [2024-10-26T07:06:27.116+0000] {dag.py:3239} INFO - Sync 2 DAGs
[2024-10-26T07:06:27.139+0000] {logging_mixin.py:190} INFO - [2024-10-26T07:06:27.139+0000] {dag.py:4180} INFO - Setting next_dagrun for read_dataset_event to 2024-10-25 00:00:00+00:00, run_after=2024-10-26 00:00:00+00:00
[2024-10-26T07:06:27.141+0000] {logging_mixin.py:190} INFO - [2024-10-26T07:06:27.141+0000] {dag.py:4180} INFO - Setting next_dagrun for read_dataset_event_from_classic to 2024-10-25 00:00:00+00:00, run_after=2024-10-26 00:00:00+00:00
[2024-10-26T07:06:27.151+0000] {processor.py:208} INFO - Processing /home/airflow/.local/lib/python3.12/site-packages/airflow/example_dags/example_inlet_event_extra.py took 0.479 seconds
[2024-10-26T07:06:57.249+0000] {processor.py:186} INFO - Started process (PID=76432) to work on /home/airflow/.local/lib/python3.12/site-packages/airflow/example_dags/example_inlet_event_extra.py
[2024-10-26T07:06:57.252+0000] {processor.py:914} INFO - Processing file /home/airflow/.local/lib/python3.12/site-packages/airflow/example_dags/example_inlet_event_extra.py for tasks to queue
[2024-10-26T07:06:57.254+0000] {logging_mixin.py:190} INFO - [2024-10-26T07:06:57.254+0000] {dagbag.py:588} INFO - Filling up the DagBag from /home/airflow/.local/lib/python3.12/site-packages/airflow/example_dags/example_inlet_event_extra.py
[2024-10-26T07:06:57.334+0000] {processor.py:925} INFO - DAG(s) 'read_dataset_event_from_classic', 'read_dataset_event' retrieved from /home/airflow/.local/lib/python3.12/site-packages/airflow/example_dags/example_inlet_event_extra.py
[2024-10-26T07:06:57.350+0000] {logging_mixin.py:190} INFO - [2024-10-26T07:06:57.350+0000] {dag.py:3239} INFO - Sync 2 DAGs
[2024-10-26T07:06:57.502+0000] {logging_mixin.py:190} INFO - [2024-10-26T07:06:57.502+0000] {dag.py:4180} INFO - Setting next_dagrun for read_dataset_event to 2024-10-25 00:00:00+00:00, run_after=2024-10-26 00:00:00+00:00
[2024-10-26T07:06:57.506+0000] {logging_mixin.py:190} INFO - [2024-10-26T07:06:57.506+0000] {dag.py:4180} INFO - Setting next_dagrun for read_dataset_event_from_classic to 2024-10-25 00:00:00+00:00, run_after=2024-10-26 00:00:00+00:00
[2024-10-26T07:06:57.513+0000] {processor.py:208} INFO - Processing /home/airflow/.local/lib/python3.12/site-packages/airflow/example_dags/example_inlet_event_extra.py took 0.280 seconds
[2024-10-26T07:07:27.595+0000] {processor.py:186} INFO - Started process (PID=76723) to work on /home/airflow/.local/lib/python3.12/site-packages/airflow/example_dags/example_inlet_event_extra.py
[2024-10-26T07:07:27.597+0000] {processor.py:914} INFO - Processing file /home/airflow/.local/lib/python3.12/site-packages/airflow/example_dags/example_inlet_event_extra.py for tasks to queue
[2024-10-26T07:07:27.600+0000] {logging_mixin.py:190} INFO - [2024-10-26T07:07:27.599+0000] {dagbag.py:588} INFO - Filling up the DagBag from /home/airflow/.local/lib/python3.12/site-packages/airflow/example_dags/example_inlet_event_extra.py
[2024-10-26T07:07:27.820+0000] {processor.py:925} INFO - DAG(s) 'read_dataset_event', 'read_dataset_event_from_classic' retrieved from /home/airflow/.local/lib/python3.12/site-packages/airflow/example_dags/example_inlet_event_extra.py
[2024-10-26T07:07:27.830+0000] {logging_mixin.py:190} INFO - [2024-10-26T07:07:27.830+0000] {dag.py:3239} INFO - Sync 2 DAGs
[2024-10-26T07:07:27.876+0000] {logging_mixin.py:190} INFO - [2024-10-26T07:07:27.876+0000] {dag.py:4180} INFO - Setting next_dagrun for read_dataset_event to 2024-10-25 00:00:00+00:00, run_after=2024-10-26 00:00:00+00:00
[2024-10-26T07:07:27.881+0000] {logging_mixin.py:190} INFO - [2024-10-26T07:07:27.881+0000] {dag.py:4180} INFO - Setting next_dagrun for read_dataset_event_from_classic to 2024-10-25 00:00:00+00:00, run_after=2024-10-26 00:00:00+00:00
[2024-10-26T07:07:27.894+0000] {processor.py:208} INFO - Processing /home/airflow/.local/lib/python3.12/site-packages/airflow/example_dags/example_inlet_event_extra.py took 0.306 seconds
[2024-10-26T07:07:58.733+0000] {processor.py:186} INFO - Started process (PID=77019) to work on /home/airflow/.local/lib/python3.12/site-packages/airflow/example_dags/example_inlet_event_extra.py
[2024-10-26T07:07:58.735+0000] {processor.py:914} INFO - Processing file /home/airflow/.local/lib/python3.12/site-packages/airflow/example_dags/example_inlet_event_extra.py for tasks to queue
[2024-10-26T07:07:58.737+0000] {logging_mixin.py:190} INFO - [2024-10-26T07:07:58.736+0000] {dagbag.py:588} INFO - Filling up the DagBag from /home/airflow/.local/lib/python3.12/site-packages/airflow/example_dags/example_inlet_event_extra.py
[2024-10-26T07:07:59.055+0000] {processor.py:925} INFO - DAG(s) 'read_dataset_event_from_classic', 'read_dataset_event' retrieved from /home/airflow/.local/lib/python3.12/site-packages/airflow/example_dags/example_inlet_event_extra.py
[2024-10-26T07:07:59.070+0000] {logging_mixin.py:190} INFO - [2024-10-26T07:07:59.069+0000] {dag.py:3239} INFO - Sync 2 DAGs
[2024-10-26T07:07:59.084+0000] {logging_mixin.py:190} INFO - [2024-10-26T07:07:59.084+0000] {dag.py:4180} INFO - Setting next_dagrun for read_dataset_event to 2024-10-25 00:00:00+00:00, run_after=2024-10-26 00:00:00+00:00
[2024-10-26T07:07:59.086+0000] {logging_mixin.py:190} INFO - [2024-10-26T07:07:59.086+0000] {dag.py:4180} INFO - Setting next_dagrun for read_dataset_event_from_classic to 2024-10-25 00:00:00+00:00, run_after=2024-10-26 00:00:00+00:00
[2024-10-26T07:07:59.095+0000] {processor.py:208} INFO - Processing /home/airflow/.local/lib/python3.12/site-packages/airflow/example_dags/example_inlet_event_extra.py took 0.373 seconds
[2024-10-26T07:08:29.488+0000] {processor.py:186} INFO - Started process (PID=77310) to work on /home/airflow/.local/lib/python3.12/site-packages/airflow/example_dags/example_inlet_event_extra.py
[2024-10-26T07:08:29.491+0000] {processor.py:914} INFO - Processing file /home/airflow/.local/lib/python3.12/site-packages/airflow/example_dags/example_inlet_event_extra.py for tasks to queue
[2024-10-26T07:08:29.492+0000] {logging_mixin.py:190} INFO - [2024-10-26T07:08:29.492+0000] {dagbag.py:588} INFO - Filling up the DagBag from /home/airflow/.local/lib/python3.12/site-packages/airflow/example_dags/example_inlet_event_extra.py
[2024-10-26T07:08:29.757+0000] {processor.py:925} INFO - DAG(s) 'read_dataset_event_from_classic', 'read_dataset_event' retrieved from /home/airflow/.local/lib/python3.12/site-packages/airflow/example_dags/example_inlet_event_extra.py
[2024-10-26T07:08:29.771+0000] {logging_mixin.py:190} INFO - [2024-10-26T07:08:29.770+0000] {dag.py:3239} INFO - Sync 2 DAGs
[2024-10-26T07:08:29.781+0000] {logging_mixin.py:190} INFO - [2024-10-26T07:08:29.781+0000] {dag.py:4180} INFO - Setting next_dagrun for read_dataset_event to 2024-10-25 00:00:00+00:00, run_after=2024-10-26 00:00:00+00:00
[2024-10-26T07:08:29.783+0000] {logging_mixin.py:190} INFO - [2024-10-26T07:08:29.783+0000] {dag.py:4180} INFO - Setting next_dagrun for read_dataset_event_from_classic to 2024-10-25 00:00:00+00:00, run_after=2024-10-26 00:00:00+00:00
[2024-10-26T07:08:29.790+0000] {processor.py:208} INFO - Processing /home/airflow/.local/lib/python3.12/site-packages/airflow/example_dags/example_inlet_event_extra.py took 0.307 seconds
[2024-10-26T07:09:00.550+0000] {processor.py:186} INFO - Started process (PID=77601) to work on /home/airflow/.local/lib/python3.12/site-packages/airflow/example_dags/example_inlet_event_extra.py
[2024-10-26T07:09:00.551+0000] {processor.py:914} INFO - Processing file /home/airflow/.local/lib/python3.12/site-packages/airflow/example_dags/example_inlet_event_extra.py for tasks to queue
[2024-10-26T07:09:00.555+0000] {logging_mixin.py:190} INFO - [2024-10-26T07:09:00.555+0000] {dagbag.py:588} INFO - Filling up the DagBag from /home/airflow/.local/lib/python3.12/site-packages/airflow/example_dags/example_inlet_event_extra.py
[2024-10-26T07:09:00.736+0000] {processor.py:925} INFO - DAG(s) 'read_dataset_event', 'read_dataset_event_from_classic' retrieved from /home/airflow/.local/lib/python3.12/site-packages/airflow/example_dags/example_inlet_event_extra.py
[2024-10-26T07:09:00.748+0000] {logging_mixin.py:190} INFO - [2024-10-26T07:09:00.748+0000] {dag.py:3239} INFO - Sync 2 DAGs
[2024-10-26T07:09:00.758+0000] {logging_mixin.py:190} INFO - [2024-10-26T07:09:00.758+0000] {dag.py:4180} INFO - Setting next_dagrun for read_dataset_event to 2024-10-25 00:00:00+00:00, run_after=2024-10-26 00:00:00+00:00
[2024-10-26T07:09:00.761+0000] {logging_mixin.py:190} INFO - [2024-10-26T07:09:00.761+0000] {dag.py:4180} INFO - Setting next_dagrun for read_dataset_event_from_classic to 2024-10-25 00:00:00+00:00, run_after=2024-10-26 00:00:00+00:00
[2024-10-26T07:09:00.771+0000] {processor.py:208} INFO - Processing /home/airflow/.local/lib/python3.12/site-packages/airflow/example_dags/example_inlet_event_extra.py took 0.229 seconds
[2024-10-26T07:09:30.908+0000] {processor.py:186} INFO - Started process (PID=77892) to work on /home/airflow/.local/lib/python3.12/site-packages/airflow/example_dags/example_inlet_event_extra.py
[2024-10-26T07:09:30.910+0000] {processor.py:914} INFO - Processing file /home/airflow/.local/lib/python3.12/site-packages/airflow/example_dags/example_inlet_event_extra.py for tasks to queue
[2024-10-26T07:09:30.911+0000] {logging_mixin.py:190} INFO - [2024-10-26T07:09:30.911+0000] {dagbag.py:588} INFO - Filling up the DagBag from /home/airflow/.local/lib/python3.12/site-packages/airflow/example_dags/example_inlet_event_extra.py
[2024-10-26T07:09:31.085+0000] {processor.py:925} INFO - DAG(s) 'read_dataset_event', 'read_dataset_event_from_classic' retrieved from /home/airflow/.local/lib/python3.12/site-packages/airflow/example_dags/example_inlet_event_extra.py
[2024-10-26T07:09:31.099+0000] {logging_mixin.py:190} INFO - [2024-10-26T07:09:31.099+0000] {dag.py:3239} INFO - Sync 2 DAGs
[2024-10-26T07:09:31.113+0000] {logging_mixin.py:190} INFO - [2024-10-26T07:09:31.113+0000] {dag.py:4180} INFO - Setting next_dagrun for read_dataset_event to 2024-10-25 00:00:00+00:00, run_after=2024-10-26 00:00:00+00:00
[2024-10-26T07:09:31.116+0000] {logging_mixin.py:190} INFO - [2024-10-26T07:09:31.116+0000] {dag.py:4180} INFO - Setting next_dagrun for read_dataset_event_from_classic to 2024-10-25 00:00:00+00:00, run_after=2024-10-26 00:00:00+00:00
[2024-10-26T07:09:31.125+0000] {processor.py:208} INFO - Processing /home/airflow/.local/lib/python3.12/site-packages/airflow/example_dags/example_inlet_event_extra.py took 0.220 seconds
[2024-10-26T07:10:02.105+0000] {processor.py:186} INFO - Started process (PID=78183) to work on /home/airflow/.local/lib/python3.12/site-packages/airflow/example_dags/example_inlet_event_extra.py
[2024-10-26T07:10:02.106+0000] {processor.py:914} INFO - Processing file /home/airflow/.local/lib/python3.12/site-packages/airflow/example_dags/example_inlet_event_extra.py for tasks to queue
[2024-10-26T07:10:02.107+0000] {logging_mixin.py:190} INFO - [2024-10-26T07:10:02.106+0000] {dagbag.py:588} INFO - Filling up the DagBag from /home/airflow/.local/lib/python3.12/site-packages/airflow/example_dags/example_inlet_event_extra.py
[2024-10-26T07:10:02.302+0000] {processor.py:925} INFO - DAG(s) 'read_dataset_event_from_classic', 'read_dataset_event' retrieved from /home/airflow/.local/lib/python3.12/site-packages/airflow/example_dags/example_inlet_event_extra.py
[2024-10-26T07:10:02.319+0000] {logging_mixin.py:190} INFO - [2024-10-26T07:10:02.319+0000] {dag.py:3239} INFO - Sync 2 DAGs
[2024-10-26T07:10:02.333+0000] {logging_mixin.py:190} INFO - [2024-10-26T07:10:02.333+0000] {dag.py:4180} INFO - Setting next_dagrun for read_dataset_event to 2024-10-25 00:00:00+00:00, run_after=2024-10-26 00:00:00+00:00
[2024-10-26T07:10:02.335+0000] {logging_mixin.py:190} INFO - [2024-10-26T07:10:02.335+0000] {dag.py:4180} INFO - Setting next_dagrun for read_dataset_event_from_classic to 2024-10-25 00:00:00+00:00, run_after=2024-10-26 00:00:00+00:00
[2024-10-26T07:10:02.343+0000] {processor.py:208} INFO - Processing /home/airflow/.local/lib/python3.12/site-packages/airflow/example_dags/example_inlet_event_extra.py took 0.244 seconds
[2024-10-26T07:10:33.813+0000] {processor.py:186} INFO - Started process (PID=78480) to work on /home/airflow/.local/lib/python3.12/site-packages/airflow/example_dags/example_inlet_event_extra.py
[2024-10-26T07:10:33.813+0000] {processor.py:914} INFO - Processing file /home/airflow/.local/lib/python3.12/site-packages/airflow/example_dags/example_inlet_event_extra.py for tasks to queue
[2024-10-26T07:10:33.814+0000] {logging_mixin.py:190} INFO - [2024-10-26T07:10:33.814+0000] {dagbag.py:588} INFO - Filling up the DagBag from /home/airflow/.local/lib/python3.12/site-packages/airflow/example_dags/example_inlet_event_extra.py
[2024-10-26T07:10:33.988+0000] {processor.py:925} INFO - DAG(s) 'read_dataset_event_from_classic', 'read_dataset_event' retrieved from /home/airflow/.local/lib/python3.12/site-packages/airflow/example_dags/example_inlet_event_extra.py
[2024-10-26T07:10:34.002+0000] {logging_mixin.py:190} INFO - [2024-10-26T07:10:34.001+0000] {dag.py:3239} INFO - Sync 2 DAGs
[2024-10-26T07:10:34.013+0000] {logging_mixin.py:190} INFO - [2024-10-26T07:10:34.013+0000] {dag.py:4180} INFO - Setting next_dagrun for read_dataset_event to 2024-10-25 00:00:00+00:00, run_after=2024-10-26 00:00:00+00:00
[2024-10-26T07:10:34.015+0000] {logging_mixin.py:190} INFO - [2024-10-26T07:10:34.015+0000] {dag.py:4180} INFO - Setting next_dagrun for read_dataset_event_from_classic to 2024-10-25 00:00:00+00:00, run_after=2024-10-26 00:00:00+00:00
[2024-10-26T07:10:34.026+0000] {processor.py:208} INFO - Processing /home/airflow/.local/lib/python3.12/site-packages/airflow/example_dags/example_inlet_event_extra.py took 0.217 seconds
[2024-10-26T07:11:05.493+0000] {processor.py:186} INFO - Started process (PID=78781) to work on /home/airflow/.local/lib/python3.12/site-packages/airflow/example_dags/example_inlet_event_extra.py
[2024-10-26T07:11:05.493+0000] {processor.py:914} INFO - Processing file /home/airflow/.local/lib/python3.12/site-packages/airflow/example_dags/example_inlet_event_extra.py for tasks to queue
[2024-10-26T07:11:05.494+0000] {logging_mixin.py:190} INFO - [2024-10-26T07:11:05.494+0000] {dagbag.py:588} INFO - Filling up the DagBag from /home/airflow/.local/lib/python3.12/site-packages/airflow/example_dags/example_inlet_event_extra.py
[2024-10-26T07:11:05.750+0000] {processor.py:925} INFO - DAG(s) 'read_dataset_event_from_classic', 'read_dataset_event' retrieved from /home/airflow/.local/lib/python3.12/site-packages/airflow/example_dags/example_inlet_event_extra.py
[2024-10-26T07:11:05.759+0000] {logging_mixin.py:190} INFO - [2024-10-26T07:11:05.759+0000] {dag.py:3239} INFO - Sync 2 DAGs
[2024-10-26T07:11:05.776+0000] {logging_mixin.py:190} INFO - [2024-10-26T07:11:05.775+0000] {dag.py:4180} INFO - Setting next_dagrun for read_dataset_event to 2024-10-25 00:00:00+00:00, run_after=2024-10-26 00:00:00+00:00
[2024-10-26T07:11:05.778+0000] {logging_mixin.py:190} INFO - [2024-10-26T07:11:05.778+0000] {dag.py:4180} INFO - Setting next_dagrun for read_dataset_event_from_classic to 2024-10-25 00:00:00+00:00, run_after=2024-10-26 00:00:00+00:00
[2024-10-26T07:11:05.786+0000] {processor.py:208} INFO - Processing /home/airflow/.local/lib/python3.12/site-packages/airflow/example_dags/example_inlet_event_extra.py took 0.300 seconds
[2024-10-26T07:11:35.931+0000] {processor.py:186} INFO - Started process (PID=79074) to work on /home/airflow/.local/lib/python3.12/site-packages/airflow/example_dags/example_inlet_event_extra.py
[2024-10-26T07:11:35.934+0000] {processor.py:914} INFO - Processing file /home/airflow/.local/lib/python3.12/site-packages/airflow/example_dags/example_inlet_event_extra.py for tasks to queue
[2024-10-26T07:11:35.935+0000] {logging_mixin.py:190} INFO - [2024-10-26T07:11:35.934+0000] {dagbag.py:588} INFO - Filling up the DagBag from /home/airflow/.local/lib/python3.12/site-packages/airflow/example_dags/example_inlet_event_extra.py
[2024-10-26T07:11:36.141+0000] {processor.py:925} INFO - DAG(s) 'read_dataset_event', 'read_dataset_event_from_classic' retrieved from /home/airflow/.local/lib/python3.12/site-packages/airflow/example_dags/example_inlet_event_extra.py
[2024-10-26T07:11:36.157+0000] {logging_mixin.py:190} INFO - [2024-10-26T07:11:36.157+0000] {dag.py:3239} INFO - Sync 2 DAGs
[2024-10-26T07:11:36.173+0000] {logging_mixin.py:190} INFO - [2024-10-26T07:11:36.173+0000] {dag.py:4180} INFO - Setting next_dagrun for read_dataset_event to 2024-10-25 00:00:00+00:00, run_after=2024-10-26 00:00:00+00:00
[2024-10-26T07:11:36.176+0000] {logging_mixin.py:190} INFO - [2024-10-26T07:11:36.176+0000] {dag.py:4180} INFO - Setting next_dagrun for read_dataset_event_from_classic to 2024-10-25 00:00:00+00:00, run_after=2024-10-26 00:00:00+00:00
[2024-10-26T07:11:36.184+0000] {processor.py:208} INFO - Processing /home/airflow/.local/lib/python3.12/site-packages/airflow/example_dags/example_inlet_event_extra.py took 0.256 seconds
[2024-10-26T07:12:06.595+0000] {processor.py:186} INFO - Started process (PID=79363) to work on /home/airflow/.local/lib/python3.12/site-packages/airflow/example_dags/example_inlet_event_extra.py
[2024-10-26T07:12:06.596+0000] {processor.py:914} INFO - Processing file /home/airflow/.local/lib/python3.12/site-packages/airflow/example_dags/example_inlet_event_extra.py for tasks to queue
[2024-10-26T07:12:06.597+0000] {logging_mixin.py:190} INFO - [2024-10-26T07:12:06.596+0000] {dagbag.py:588} INFO - Filling up the DagBag from /home/airflow/.local/lib/python3.12/site-packages/airflow/example_dags/example_inlet_event_extra.py
[2024-10-26T07:12:06.855+0000] {processor.py:925} INFO - DAG(s) 'read_dataset_event_from_classic', 'read_dataset_event' retrieved from /home/airflow/.local/lib/python3.12/site-packages/airflow/example_dags/example_inlet_event_extra.py
[2024-10-26T07:12:06.874+0000] {logging_mixin.py:190} INFO - [2024-10-26T07:12:06.873+0000] {dag.py:3239} INFO - Sync 2 DAGs
[2024-10-26T07:12:06.885+0000] {logging_mixin.py:190} INFO - [2024-10-26T07:12:06.885+0000] {dag.py:4180} INFO - Setting next_dagrun for read_dataset_event to 2024-10-25 00:00:00+00:00, run_after=2024-10-26 00:00:00+00:00
[2024-10-26T07:12:06.888+0000] {logging_mixin.py:190} INFO - [2024-10-26T07:12:06.888+0000] {dag.py:4180} INFO - Setting next_dagrun for read_dataset_event_from_classic to 2024-10-25 00:00:00+00:00, run_after=2024-10-26 00:00:00+00:00
[2024-10-26T07:12:06.896+0000] {processor.py:208} INFO - Processing /home/airflow/.local/lib/python3.12/site-packages/airflow/example_dags/example_inlet_event_extra.py took 0.307 seconds
[2024-10-26T07:12:37.520+0000] {processor.py:186} INFO - Started process (PID=79649) to work on /home/airflow/.local/lib/python3.12/site-packages/airflow/example_dags/example_inlet_event_extra.py
[2024-10-26T07:12:37.520+0000] {processor.py:914} INFO - Processing file /home/airflow/.local/lib/python3.12/site-packages/airflow/example_dags/example_inlet_event_extra.py for tasks to queue
[2024-10-26T07:12:37.521+0000] {logging_mixin.py:190} INFO - [2024-10-26T07:12:37.521+0000] {dagbag.py:588} INFO - Filling up the DagBag from /home/airflow/.local/lib/python3.12/site-packages/airflow/example_dags/example_inlet_event_extra.py
[2024-10-26T07:12:37.689+0000] {processor.py:925} INFO - DAG(s) 'read_dataset_event_from_classic', 'read_dataset_event' retrieved from /home/airflow/.local/lib/python3.12/site-packages/airflow/example_dags/example_inlet_event_extra.py
[2024-10-26T07:12:37.706+0000] {logging_mixin.py:190} INFO - [2024-10-26T07:12:37.706+0000] {dag.py:3239} INFO - Sync 2 DAGs
[2024-10-26T07:12:37.717+0000] {logging_mixin.py:190} INFO - [2024-10-26T07:12:37.717+0000] {dag.py:4180} INFO - Setting next_dagrun for read_dataset_event to 2024-10-25 00:00:00+00:00, run_after=2024-10-26 00:00:00+00:00
[2024-10-26T07:12:37.719+0000] {logging_mixin.py:190} INFO - [2024-10-26T07:12:37.719+0000] {dag.py:4180} INFO - Setting next_dagrun for read_dataset_event_from_classic to 2024-10-25 00:00:00+00:00, run_after=2024-10-26 00:00:00+00:00
[2024-10-26T07:12:37.726+0000] {processor.py:208} INFO - Processing /home/airflow/.local/lib/python3.12/site-packages/airflow/example_dags/example_inlet_event_extra.py took 0.212 seconds
[2024-10-26T07:13:08.654+0000] {processor.py:186} INFO - Started process (PID=79939) to work on /home/airflow/.local/lib/python3.12/site-packages/airflow/example_dags/example_inlet_event_extra.py
[2024-10-26T07:13:08.656+0000] {processor.py:914} INFO - Processing file /home/airflow/.local/lib/python3.12/site-packages/airflow/example_dags/example_inlet_event_extra.py for tasks to queue
[2024-10-26T07:13:08.658+0000] {logging_mixin.py:190} INFO - [2024-10-26T07:13:08.657+0000] {dagbag.py:588} INFO - Filling up the DagBag from /home/airflow/.local/lib/python3.12/site-packages/airflow/example_dags/example_inlet_event_extra.py
[2024-10-26T07:13:08.894+0000] {processor.py:925} INFO - DAG(s) 'read_dataset_event_from_classic', 'read_dataset_event' retrieved from /home/airflow/.local/lib/python3.12/site-packages/airflow/example_dags/example_inlet_event_extra.py
[2024-10-26T07:13:08.946+0000] {logging_mixin.py:190} INFO - [2024-10-26T07:13:08.946+0000] {dag.py:3239} INFO - Sync 2 DAGs
[2024-10-26T07:13:08.961+0000] {logging_mixin.py:190} INFO - [2024-10-26T07:13:08.961+0000] {dag.py:4180} INFO - Setting next_dagrun for read_dataset_event to 2024-10-25 00:00:00+00:00, run_after=2024-10-26 00:00:00+00:00
[2024-10-26T07:13:08.965+0000] {logging_mixin.py:190} INFO - [2024-10-26T07:13:08.965+0000] {dag.py:4180} INFO - Setting next_dagrun for read_dataset_event_from_classic to 2024-10-25 00:00:00+00:00, run_after=2024-10-26 00:00:00+00:00
[2024-10-26T07:13:08.978+0000] {processor.py:208} INFO - Processing /home/airflow/.local/lib/python3.12/site-packages/airflow/example_dags/example_inlet_event_extra.py took 0.335 seconds
[2024-10-26T07:13:39.420+0000] {processor.py:186} INFO - Started process (PID=80230) to work on /home/airflow/.local/lib/python3.12/site-packages/airflow/example_dags/example_inlet_event_extra.py
[2024-10-26T07:13:39.421+0000] {processor.py:914} INFO - Processing file /home/airflow/.local/lib/python3.12/site-packages/airflow/example_dags/example_inlet_event_extra.py for tasks to queue
[2024-10-26T07:13:39.422+0000] {logging_mixin.py:190} INFO - [2024-10-26T07:13:39.421+0000] {dagbag.py:588} INFO - Filling up the DagBag from /home/airflow/.local/lib/python3.12/site-packages/airflow/example_dags/example_inlet_event_extra.py
[2024-10-26T07:13:39.602+0000] {processor.py:925} INFO - DAG(s) 'read_dataset_event_from_classic', 'read_dataset_event' retrieved from /home/airflow/.local/lib/python3.12/site-packages/airflow/example_dags/example_inlet_event_extra.py
[2024-10-26T07:13:39.619+0000] {logging_mixin.py:190} INFO - [2024-10-26T07:13:39.618+0000] {dag.py:3239} INFO - Sync 2 DAGs
[2024-10-26T07:13:39.630+0000] {logging_mixin.py:190} INFO - [2024-10-26T07:13:39.630+0000] {dag.py:4180} INFO - Setting next_dagrun for read_dataset_event to 2024-10-25 00:00:00+00:00, run_after=2024-10-26 00:00:00+00:00
[2024-10-26T07:13:39.632+0000] {logging_mixin.py:190} INFO - [2024-10-26T07:13:39.632+0000] {dag.py:4180} INFO - Setting next_dagrun for read_dataset_event_from_classic to 2024-10-25 00:00:00+00:00, run_after=2024-10-26 00:00:00+00:00
[2024-10-26T07:13:39.641+0000] {processor.py:208} INFO - Processing /home/airflow/.local/lib/python3.12/site-packages/airflow/example_dags/example_inlet_event_extra.py took 0.225 seconds
[2024-10-26T07:14:10.434+0000] {processor.py:186} INFO - Started process (PID=80521) to work on /home/airflow/.local/lib/python3.12/site-packages/airflow/example_dags/example_inlet_event_extra.py
[2024-10-26T07:14:10.434+0000] {processor.py:914} INFO - Processing file /home/airflow/.local/lib/python3.12/site-packages/airflow/example_dags/example_inlet_event_extra.py for tasks to queue
[2024-10-26T07:14:10.435+0000] {logging_mixin.py:190} INFO - [2024-10-26T07:14:10.435+0000] {dagbag.py:588} INFO - Filling up the DagBag from /home/airflow/.local/lib/python3.12/site-packages/airflow/example_dags/example_inlet_event_extra.py
[2024-10-26T07:14:10.701+0000] {processor.py:925} INFO - DAG(s) 'read_dataset_event_from_classic', 'read_dataset_event' retrieved from /home/airflow/.local/lib/python3.12/site-packages/airflow/example_dags/example_inlet_event_extra.py
[2024-10-26T07:14:10.714+0000] {logging_mixin.py:190} INFO - [2024-10-26T07:14:10.714+0000] {dag.py:3239} INFO - Sync 2 DAGs
[2024-10-26T07:14:10.726+0000] {logging_mixin.py:190} INFO - [2024-10-26T07:14:10.726+0000] {dag.py:4180} INFO - Setting next_dagrun for read_dataset_event to 2024-10-25 00:00:00+00:00, run_after=2024-10-26 00:00:00+00:00
[2024-10-26T07:14:10.731+0000] {logging_mixin.py:190} INFO - [2024-10-26T07:14:10.731+0000] {dag.py:4180} INFO - Setting next_dagrun for read_dataset_event_from_classic to 2024-10-25 00:00:00+00:00, run_after=2024-10-26 00:00:00+00:00
[2024-10-26T07:14:10.741+0000] {processor.py:208} INFO - Processing /home/airflow/.local/lib/python3.12/site-packages/airflow/example_dags/example_inlet_event_extra.py took 0.311 seconds
[2024-10-26T07:14:42.180+0000] {processor.py:186} INFO - Started process (PID=80814) to work on /home/airflow/.local/lib/python3.12/site-packages/airflow/example_dags/example_inlet_event_extra.py
[2024-10-26T07:14:42.181+0000] {processor.py:914} INFO - Processing file /home/airflow/.local/lib/python3.12/site-packages/airflow/example_dags/example_inlet_event_extra.py for tasks to queue
[2024-10-26T07:14:42.182+0000] {logging_mixin.py:190} INFO - [2024-10-26T07:14:42.182+0000] {dagbag.py:588} INFO - Filling up the DagBag from /home/airflow/.local/lib/python3.12/site-packages/airflow/example_dags/example_inlet_event_extra.py
[2024-10-26T07:14:42.366+0000] {processor.py:925} INFO - DAG(s) 'read_dataset_event', 'read_dataset_event_from_classic' retrieved from /home/airflow/.local/lib/python3.12/site-packages/airflow/example_dags/example_inlet_event_extra.py
[2024-10-26T07:14:42.377+0000] {logging_mixin.py:190} INFO - [2024-10-26T07:14:42.377+0000] {dag.py:3239} INFO - Sync 2 DAGs
[2024-10-26T07:14:42.387+0000] {logging_mixin.py:190} INFO - [2024-10-26T07:14:42.387+0000] {dag.py:4180} INFO - Setting next_dagrun for read_dataset_event to 2024-10-25 00:00:00+00:00, run_after=2024-10-26 00:00:00+00:00
[2024-10-26T07:14:42.389+0000] {logging_mixin.py:190} INFO - [2024-10-26T07:14:42.389+0000] {dag.py:4180} INFO - Setting next_dagrun for read_dataset_event_from_classic to 2024-10-25 00:00:00+00:00, run_after=2024-10-26 00:00:00+00:00
[2024-10-26T07:14:42.396+0000] {processor.py:208} INFO - Processing /home/airflow/.local/lib/python3.12/site-packages/airflow/example_dags/example_inlet_event_extra.py took 0.224 seconds
[2024-10-26T07:15:13.239+0000] {processor.py:186} INFO - Started process (PID=81103) to work on /home/airflow/.local/lib/python3.12/site-packages/airflow/example_dags/example_inlet_event_extra.py
[2024-10-26T07:15:13.243+0000] {processor.py:914} INFO - Processing file /home/airflow/.local/lib/python3.12/site-packages/airflow/example_dags/example_inlet_event_extra.py for tasks to queue
[2024-10-26T07:15:13.245+0000] {logging_mixin.py:190} INFO - [2024-10-26T07:15:13.244+0000] {dagbag.py:588} INFO - Filling up the DagBag from /home/airflow/.local/lib/python3.12/site-packages/airflow/example_dags/example_inlet_event_extra.py
[2024-10-26T07:15:13.353+0000] {processor.py:925} INFO - DAG(s) 'read_dataset_event', 'read_dataset_event_from_classic' retrieved from /home/airflow/.local/lib/python3.12/site-packages/airflow/example_dags/example_inlet_event_extra.py
[2024-10-26T07:15:13.368+0000] {logging_mixin.py:190} INFO - [2024-10-26T07:15:13.368+0000] {dag.py:3239} INFO - Sync 2 DAGs
[2024-10-26T07:15:13.388+0000] {logging_mixin.py:190} INFO - [2024-10-26T07:15:13.388+0000] {dag.py:4180} INFO - Setting next_dagrun for read_dataset_event to 2024-10-25 00:00:00+00:00, run_after=2024-10-26 00:00:00+00:00
[2024-10-26T07:15:13.392+0000] {logging_mixin.py:190} INFO - [2024-10-26T07:15:13.392+0000] {dag.py:4180} INFO - Setting next_dagrun for read_dataset_event_from_classic to 2024-10-25 00:00:00+00:00, run_after=2024-10-26 00:00:00+00:00
[2024-10-26T07:15:13.408+0000] {processor.py:208} INFO - Processing /home/airflow/.local/lib/python3.12/site-packages/airflow/example_dags/example_inlet_event_extra.py took 0.175 seconds
[2024-10-26T07:15:43.610+0000] {processor.py:186} INFO - Started process (PID=81394) to work on /home/airflow/.local/lib/python3.12/site-packages/airflow/example_dags/example_inlet_event_extra.py
[2024-10-26T07:15:43.611+0000] {processor.py:914} INFO - Processing file /home/airflow/.local/lib/python3.12/site-packages/airflow/example_dags/example_inlet_event_extra.py for tasks to queue
[2024-10-26T07:15:43.612+0000] {logging_mixin.py:190} INFO - [2024-10-26T07:15:43.612+0000] {dagbag.py:588} INFO - Filling up the DagBag from /home/airflow/.local/lib/python3.12/site-packages/airflow/example_dags/example_inlet_event_extra.py
[2024-10-26T07:15:43.674+0000] {processor.py:925} INFO - DAG(s) 'read_dataset_event_from_classic', 'read_dataset_event' retrieved from /home/airflow/.local/lib/python3.12/site-packages/airflow/example_dags/example_inlet_event_extra.py
[2024-10-26T07:15:43.687+0000] {logging_mixin.py:190} INFO - [2024-10-26T07:15:43.687+0000] {dag.py:3239} INFO - Sync 2 DAGs
[2024-10-26T07:15:43.703+0000] {logging_mixin.py:190} INFO - [2024-10-26T07:15:43.703+0000] {dag.py:4180} INFO - Setting next_dagrun for read_dataset_event to 2024-10-25 00:00:00+00:00, run_after=2024-10-26 00:00:00+00:00
[2024-10-26T07:15:43.705+0000] {logging_mixin.py:190} INFO - [2024-10-26T07:15:43.705+0000] {dag.py:4180} INFO - Setting next_dagrun for read_dataset_event_from_classic to 2024-10-25 00:00:00+00:00, run_after=2024-10-26 00:00:00+00:00
[2024-10-26T07:15:43.714+0000] {processor.py:208} INFO - Processing /home/airflow/.local/lib/python3.12/site-packages/airflow/example_dags/example_inlet_event_extra.py took 0.107 seconds
[2024-10-26T07:16:14.653+0000] {processor.py:186} INFO - Started process (PID=81685) to work on /home/airflow/.local/lib/python3.12/site-packages/airflow/example_dags/example_inlet_event_extra.py
[2024-10-26T07:16:14.654+0000] {processor.py:914} INFO - Processing file /home/airflow/.local/lib/python3.12/site-packages/airflow/example_dags/example_inlet_event_extra.py for tasks to queue
[2024-10-26T07:16:14.655+0000] {logging_mixin.py:190} INFO - [2024-10-26T07:16:14.655+0000] {dagbag.py:588} INFO - Filling up the DagBag from /home/airflow/.local/lib/python3.12/site-packages/airflow/example_dags/example_inlet_event_extra.py
[2024-10-26T07:16:14.771+0000] {processor.py:925} INFO - DAG(s) 'read_dataset_event_from_classic', 'read_dataset_event' retrieved from /home/airflow/.local/lib/python3.12/site-packages/airflow/example_dags/example_inlet_event_extra.py
[2024-10-26T07:16:14.795+0000] {logging_mixin.py:190} INFO - [2024-10-26T07:16:14.795+0000] {dag.py:3239} INFO - Sync 2 DAGs
[2024-10-26T07:16:14.826+0000] {logging_mixin.py:190} INFO - [2024-10-26T07:16:14.826+0000] {dag.py:4180} INFO - Setting next_dagrun for read_dataset_event to 2024-10-25 00:00:00+00:00, run_after=2024-10-26 00:00:00+00:00
[2024-10-26T07:16:14.833+0000] {logging_mixin.py:190} INFO - [2024-10-26T07:16:14.833+0000] {dag.py:4180} INFO - Setting next_dagrun for read_dataset_event_from_classic to 2024-10-25 00:00:00+00:00, run_after=2024-10-26 00:00:00+00:00
[2024-10-26T07:16:14.897+0000] {processor.py:208} INFO - Processing /home/airflow/.local/lib/python3.12/site-packages/airflow/example_dags/example_inlet_event_extra.py took 0.248 seconds
[2024-10-26T07:16:44.997+0000] {processor.py:186} INFO - Started process (PID=81976) to work on /home/airflow/.local/lib/python3.12/site-packages/airflow/example_dags/example_inlet_event_extra.py
[2024-10-26T07:16:45.000+0000] {processor.py:914} INFO - Processing file /home/airflow/.local/lib/python3.12/site-packages/airflow/example_dags/example_inlet_event_extra.py for tasks to queue
[2024-10-26T07:16:45.000+0000] {logging_mixin.py:190} INFO - [2024-10-26T07:16:45.000+0000] {dagbag.py:588} INFO - Filling up the DagBag from /home/airflow/.local/lib/python3.12/site-packages/airflow/example_dags/example_inlet_event_extra.py
[2024-10-26T07:16:45.062+0000] {processor.py:925} INFO - DAG(s) 'read_dataset_event_from_classic', 'read_dataset_event' retrieved from /home/airflow/.local/lib/python3.12/site-packages/airflow/example_dags/example_inlet_event_extra.py
[2024-10-26T07:16:45.079+0000] {logging_mixin.py:190} INFO - [2024-10-26T07:16:45.079+0000] {dag.py:3239} INFO - Sync 2 DAGs
[2024-10-26T07:16:45.092+0000] {logging_mixin.py:190} INFO - [2024-10-26T07:16:45.092+0000] {dag.py:4180} INFO - Setting next_dagrun for read_dataset_event to 2024-10-25 00:00:00+00:00, run_after=2024-10-26 00:00:00+00:00
[2024-10-26T07:16:45.095+0000] {logging_mixin.py:190} INFO - [2024-10-26T07:16:45.095+0000] {dag.py:4180} INFO - Setting next_dagrun for read_dataset_event_from_classic to 2024-10-25 00:00:00+00:00, run_after=2024-10-26 00:00:00+00:00
[2024-10-26T07:16:45.105+0000] {processor.py:208} INFO - Processing /home/airflow/.local/lib/python3.12/site-packages/airflow/example_dags/example_inlet_event_extra.py took 0.111 seconds
[2024-10-26T07:17:15.630+0000] {processor.py:186} INFO - Started process (PID=82266) to work on /home/airflow/.local/lib/python3.12/site-packages/airflow/example_dags/example_inlet_event_extra.py
[2024-10-26T07:17:15.631+0000] {processor.py:914} INFO - Processing file /home/airflow/.local/lib/python3.12/site-packages/airflow/example_dags/example_inlet_event_extra.py for tasks to queue
[2024-10-26T07:17:15.632+0000] {logging_mixin.py:190} INFO - [2024-10-26T07:17:15.632+0000] {dagbag.py:588} INFO - Filling up the DagBag from /home/airflow/.local/lib/python3.12/site-packages/airflow/example_dags/example_inlet_event_extra.py
[2024-10-26T07:17:15.710+0000] {processor.py:925} INFO - DAG(s) 'read_dataset_event_from_classic', 'read_dataset_event' retrieved from /home/airflow/.local/lib/python3.12/site-packages/airflow/example_dags/example_inlet_event_extra.py
[2024-10-26T07:17:15.729+0000] {logging_mixin.py:190} INFO - [2024-10-26T07:17:15.729+0000] {dag.py:3239} INFO - Sync 2 DAGs
[2024-10-26T07:17:15.744+0000] {logging_mixin.py:190} INFO - [2024-10-26T07:17:15.744+0000] {dag.py:4180} INFO - Setting next_dagrun for read_dataset_event to 2024-10-25 00:00:00+00:00, run_after=2024-10-26 00:00:00+00:00
[2024-10-26T07:17:15.748+0000] {logging_mixin.py:190} INFO - [2024-10-26T07:17:15.748+0000] {dag.py:4180} INFO - Setting next_dagrun for read_dataset_event_from_classic to 2024-10-25 00:00:00+00:00, run_after=2024-10-26 00:00:00+00:00
[2024-10-26T07:17:15.760+0000] {processor.py:208} INFO - Processing /home/airflow/.local/lib/python3.12/site-packages/airflow/example_dags/example_inlet_event_extra.py took 0.137 seconds
[2024-10-26T07:17:45.845+0000] {processor.py:186} INFO - Started process (PID=82559) to work on /home/airflow/.local/lib/python3.12/site-packages/airflow/example_dags/example_inlet_event_extra.py
[2024-10-26T07:17:45.849+0000] {processor.py:914} INFO - Processing file /home/airflow/.local/lib/python3.12/site-packages/airflow/example_dags/example_inlet_event_extra.py for tasks to queue
[2024-10-26T07:17:45.850+0000] {logging_mixin.py:190} INFO - [2024-10-26T07:17:45.850+0000] {dagbag.py:588} INFO - Filling up the DagBag from /home/airflow/.local/lib/python3.12/site-packages/airflow/example_dags/example_inlet_event_extra.py
[2024-10-26T07:17:45.933+0000] {processor.py:925} INFO - DAG(s) 'read_dataset_event', 'read_dataset_event_from_classic' retrieved from /home/airflow/.local/lib/python3.12/site-packages/airflow/example_dags/example_inlet_event_extra.py
[2024-10-26T07:17:45.949+0000] {logging_mixin.py:190} INFO - [2024-10-26T07:17:45.948+0000] {dag.py:3239} INFO - Sync 2 DAGs
[2024-10-26T07:17:45.965+0000] {logging_mixin.py:190} INFO - [2024-10-26T07:17:45.965+0000] {dag.py:4180} INFO - Setting next_dagrun for read_dataset_event to 2024-10-25 00:00:00+00:00, run_after=2024-10-26 00:00:00+00:00
[2024-10-26T07:17:45.968+0000] {logging_mixin.py:190} INFO - [2024-10-26T07:17:45.968+0000] {dag.py:4180} INFO - Setting next_dagrun for read_dataset_event_from_classic to 2024-10-25 00:00:00+00:00, run_after=2024-10-26 00:00:00+00:00
[2024-10-26T07:17:45.979+0000] {processor.py:208} INFO - Processing /home/airflow/.local/lib/python3.12/site-packages/airflow/example_dags/example_inlet_event_extra.py took 0.137 seconds
[2024-10-26T07:18:17.062+0000] {processor.py:186} INFO - Started process (PID=82848) to work on /home/airflow/.local/lib/python3.12/site-packages/airflow/example_dags/example_inlet_event_extra.py
[2024-10-26T07:18:17.062+0000] {processor.py:914} INFO - Processing file /home/airflow/.local/lib/python3.12/site-packages/airflow/example_dags/example_inlet_event_extra.py for tasks to queue
[2024-10-26T07:18:17.063+0000] {logging_mixin.py:190} INFO - [2024-10-26T07:18:17.063+0000] {dagbag.py:588} INFO - Filling up the DagBag from /home/airflow/.local/lib/python3.12/site-packages/airflow/example_dags/example_inlet_event_extra.py
[2024-10-26T07:18:17.146+0000] {processor.py:925} INFO - DAG(s) 'read_dataset_event', 'read_dataset_event_from_classic' retrieved from /home/airflow/.local/lib/python3.12/site-packages/airflow/example_dags/example_inlet_event_extra.py
[2024-10-26T07:18:17.158+0000] {logging_mixin.py:190} INFO - [2024-10-26T07:18:17.158+0000] {dag.py:3239} INFO - Sync 2 DAGs
[2024-10-26T07:18:17.180+0000] {logging_mixin.py:190} INFO - [2024-10-26T07:18:17.179+0000] {dag.py:4180} INFO - Setting next_dagrun for read_dataset_event to 2024-10-25 00:00:00+00:00, run_after=2024-10-26 00:00:00+00:00
[2024-10-26T07:18:17.182+0000] {logging_mixin.py:190} INFO - [2024-10-26T07:18:17.182+0000] {dag.py:4180} INFO - Setting next_dagrun for read_dataset_event_from_classic to 2024-10-25 00:00:00+00:00, run_after=2024-10-26 00:00:00+00:00
[2024-10-26T07:18:17.192+0000] {processor.py:208} INFO - Processing /home/airflow/.local/lib/python3.12/site-packages/airflow/example_dags/example_inlet_event_extra.py took 0.134 seconds
[2024-10-26T07:18:48.184+0000] {processor.py:186} INFO - Started process (PID=83139) to work on /home/airflow/.local/lib/python3.12/site-packages/airflow/example_dags/example_inlet_event_extra.py
[2024-10-26T07:18:48.185+0000] {processor.py:914} INFO - Processing file /home/airflow/.local/lib/python3.12/site-packages/airflow/example_dags/example_inlet_event_extra.py for tasks to queue
[2024-10-26T07:18:48.186+0000] {logging_mixin.py:190} INFO - [2024-10-26T07:18:48.186+0000] {dagbag.py:588} INFO - Filling up the DagBag from /home/airflow/.local/lib/python3.12/site-packages/airflow/example_dags/example_inlet_event_extra.py
[2024-10-26T07:18:48.247+0000] {processor.py:925} INFO - DAG(s) 'read_dataset_event_from_classic', 'read_dataset_event' retrieved from /home/airflow/.local/lib/python3.12/site-packages/airflow/example_dags/example_inlet_event_extra.py
[2024-10-26T07:18:48.258+0000] {logging_mixin.py:190} INFO - [2024-10-26T07:18:48.258+0000] {dag.py:3239} INFO - Sync 2 DAGs
[2024-10-26T07:18:48.271+0000] {logging_mixin.py:190} INFO - [2024-10-26T07:18:48.271+0000] {dag.py:4180} INFO - Setting next_dagrun for read_dataset_event to 2024-10-25 00:00:00+00:00, run_after=2024-10-26 00:00:00+00:00
[2024-10-26T07:18:48.273+0000] {logging_mixin.py:190} INFO - [2024-10-26T07:18:48.273+0000] {dag.py:4180} INFO - Setting next_dagrun for read_dataset_event_from_classic to 2024-10-25 00:00:00+00:00, run_after=2024-10-26 00:00:00+00:00
[2024-10-26T07:18:48.280+0000] {processor.py:208} INFO - Processing /home/airflow/.local/lib/python3.12/site-packages/airflow/example_dags/example_inlet_event_extra.py took 0.100 seconds
[2024-10-26T07:19:18.572+0000] {processor.py:186} INFO - Started process (PID=83429) to work on /home/airflow/.local/lib/python3.12/site-packages/airflow/example_dags/example_inlet_event_extra.py
[2024-10-26T07:19:18.573+0000] {processor.py:914} INFO - Processing file /home/airflow/.local/lib/python3.12/site-packages/airflow/example_dags/example_inlet_event_extra.py for tasks to queue
[2024-10-26T07:19:18.573+0000] {logging_mixin.py:190} INFO - [2024-10-26T07:19:18.573+0000] {dagbag.py:588} INFO - Filling up the DagBag from /home/airflow/.local/lib/python3.12/site-packages/airflow/example_dags/example_inlet_event_extra.py
[2024-10-26T07:19:18.635+0000] {processor.py:925} INFO - DAG(s) 'read_dataset_event_from_classic', 'read_dataset_event' retrieved from /home/airflow/.local/lib/python3.12/site-packages/airflow/example_dags/example_inlet_event_extra.py
[2024-10-26T07:19:18.653+0000] {logging_mixin.py:190} INFO - [2024-10-26T07:19:18.653+0000] {dag.py:3239} INFO - Sync 2 DAGs
[2024-10-26T07:19:18.668+0000] {logging_mixin.py:190} INFO - [2024-10-26T07:19:18.668+0000] {dag.py:4180} INFO - Setting next_dagrun for read_dataset_event to 2024-10-25 00:00:00+00:00, run_after=2024-10-26 00:00:00+00:00
[2024-10-26T07:19:18.670+0000] {logging_mixin.py:190} INFO - [2024-10-26T07:19:18.670+0000] {dag.py:4180} INFO - Setting next_dagrun for read_dataset_event_from_classic to 2024-10-25 00:00:00+00:00, run_after=2024-10-26 00:00:00+00:00
[2024-10-26T07:19:18.678+0000] {processor.py:208} INFO - Processing /home/airflow/.local/lib/python3.12/site-packages/airflow/example_dags/example_inlet_event_extra.py took 0.109 seconds
[2024-10-26T07:19:50.152+0000] {processor.py:186} INFO - Started process (PID=83720) to work on /home/airflow/.local/lib/python3.12/site-packages/airflow/example_dags/example_inlet_event_extra.py
[2024-10-26T07:19:50.162+0000] {processor.py:914} INFO - Processing file /home/airflow/.local/lib/python3.12/site-packages/airflow/example_dags/example_inlet_event_extra.py for tasks to queue
[2024-10-26T07:19:50.164+0000] {logging_mixin.py:190} INFO - [2024-10-26T07:19:50.164+0000] {dagbag.py:588} INFO - Filling up the DagBag from /home/airflow/.local/lib/python3.12/site-packages/airflow/example_dags/example_inlet_event_extra.py
[2024-10-26T07:19:50.371+0000] {processor.py:925} INFO - DAG(s) 'read_dataset_event_from_classic', 'read_dataset_event' retrieved from /home/airflow/.local/lib/python3.12/site-packages/airflow/example_dags/example_inlet_event_extra.py
[2024-10-26T07:19:50.411+0000] {logging_mixin.py:190} INFO - [2024-10-26T07:19:50.410+0000] {dag.py:3239} INFO - Sync 2 DAGs
[2024-10-26T07:19:50.446+0000] {logging_mixin.py:190} INFO - [2024-10-26T07:19:50.445+0000] {dag.py:4180} INFO - Setting next_dagrun for read_dataset_event to 2024-10-25 00:00:00+00:00, run_after=2024-10-26 00:00:00+00:00
[2024-10-26T07:19:50.451+0000] {logging_mixin.py:190} INFO - [2024-10-26T07:19:50.451+0000] {dag.py:4180} INFO - Setting next_dagrun for read_dataset_event_from_classic to 2024-10-25 00:00:00+00:00, run_after=2024-10-26 00:00:00+00:00
[2024-10-26T07:19:50.476+0000] {processor.py:208} INFO - Processing /home/airflow/.local/lib/python3.12/site-packages/airflow/example_dags/example_inlet_event_extra.py took 0.340 seconds
[2024-10-26T07:20:20.869+0000] {processor.py:186} INFO - Started process (PID=84011) to work on /home/airflow/.local/lib/python3.12/site-packages/airflow/example_dags/example_inlet_event_extra.py
[2024-10-26T07:20:20.875+0000] {processor.py:914} INFO - Processing file /home/airflow/.local/lib/python3.12/site-packages/airflow/example_dags/example_inlet_event_extra.py for tasks to queue
[2024-10-26T07:20:20.878+0000] {logging_mixin.py:190} INFO - [2024-10-26T07:20:20.877+0000] {dagbag.py:588} INFO - Filling up the DagBag from /home/airflow/.local/lib/python3.12/site-packages/airflow/example_dags/example_inlet_event_extra.py
[2024-10-26T07:20:20.996+0000] {processor.py:925} INFO - DAG(s) 'read_dataset_event_from_classic', 'read_dataset_event' retrieved from /home/airflow/.local/lib/python3.12/site-packages/airflow/example_dags/example_inlet_event_extra.py
[2024-10-26T07:20:21.022+0000] {logging_mixin.py:190} INFO - [2024-10-26T07:20:21.022+0000] {dag.py:3239} INFO - Sync 2 DAGs
[2024-10-26T07:20:21.051+0000] {logging_mixin.py:190} INFO - [2024-10-26T07:20:21.050+0000] {dag.py:4180} INFO - Setting next_dagrun for read_dataset_event to 2024-10-25 00:00:00+00:00, run_after=2024-10-26 00:00:00+00:00
[2024-10-26T07:20:21.057+0000] {logging_mixin.py:190} INFO - [2024-10-26T07:20:21.056+0000] {dag.py:4180} INFO - Setting next_dagrun for read_dataset_event_from_classic to 2024-10-25 00:00:00+00:00, run_after=2024-10-26 00:00:00+00:00
[2024-10-26T07:20:21.067+0000] {processor.py:208} INFO - Processing /home/airflow/.local/lib/python3.12/site-packages/airflow/example_dags/example_inlet_event_extra.py took 0.203 seconds
[2024-10-26T07:20:51.865+0000] {processor.py:186} INFO - Started process (PID=84302) to work on /home/airflow/.local/lib/python3.12/site-packages/airflow/example_dags/example_inlet_event_extra.py
[2024-10-26T07:20:51.866+0000] {processor.py:914} INFO - Processing file /home/airflow/.local/lib/python3.12/site-packages/airflow/example_dags/example_inlet_event_extra.py for tasks to queue
[2024-10-26T07:20:51.867+0000] {logging_mixin.py:190} INFO - [2024-10-26T07:20:51.867+0000] {dagbag.py:588} INFO - Filling up the DagBag from /home/airflow/.local/lib/python3.12/site-packages/airflow/example_dags/example_inlet_event_extra.py
[2024-10-26T07:20:51.935+0000] {processor.py:925} INFO - DAG(s) 'read_dataset_event_from_classic', 'read_dataset_event' retrieved from /home/airflow/.local/lib/python3.12/site-packages/airflow/example_dags/example_inlet_event_extra.py
[2024-10-26T07:20:51.949+0000] {logging_mixin.py:190} INFO - [2024-10-26T07:20:51.949+0000] {dag.py:3239} INFO - Sync 2 DAGs
[2024-10-26T07:20:51.961+0000] {logging_mixin.py:190} INFO - [2024-10-26T07:20:51.961+0000] {dag.py:4180} INFO - Setting next_dagrun for read_dataset_event to 2024-10-25 00:00:00+00:00, run_after=2024-10-26 00:00:00+00:00
[2024-10-26T07:20:51.963+0000] {logging_mixin.py:190} INFO - [2024-10-26T07:20:51.963+0000] {dag.py:4180} INFO - Setting next_dagrun for read_dataset_event_from_classic to 2024-10-25 00:00:00+00:00, run_after=2024-10-26 00:00:00+00:00
[2024-10-26T07:20:51.972+0000] {processor.py:208} INFO - Processing /home/airflow/.local/lib/python3.12/site-packages/airflow/example_dags/example_inlet_event_extra.py took 0.112 seconds
[2024-10-26T07:21:22.611+0000] {processor.py:186} INFO - Started process (PID=84593) to work on /home/airflow/.local/lib/python3.12/site-packages/airflow/example_dags/example_inlet_event_extra.py
[2024-10-26T07:21:22.612+0000] {processor.py:914} INFO - Processing file /home/airflow/.local/lib/python3.12/site-packages/airflow/example_dags/example_inlet_event_extra.py for tasks to queue
[2024-10-26T07:21:22.614+0000] {logging_mixin.py:190} INFO - [2024-10-26T07:21:22.614+0000] {dagbag.py:588} INFO - Filling up the DagBag from /home/airflow/.local/lib/python3.12/site-packages/airflow/example_dags/example_inlet_event_extra.py
[2024-10-26T07:21:22.678+0000] {processor.py:925} INFO - DAG(s) 'read_dataset_event', 'read_dataset_event_from_classic' retrieved from /home/airflow/.local/lib/python3.12/site-packages/airflow/example_dags/example_inlet_event_extra.py
[2024-10-26T07:21:22.691+0000] {logging_mixin.py:190} INFO - [2024-10-26T07:21:22.691+0000] {dag.py:3239} INFO - Sync 2 DAGs
[2024-10-26T07:21:22.702+0000] {logging_mixin.py:190} INFO - [2024-10-26T07:21:22.702+0000] {dag.py:4180} INFO - Setting next_dagrun for read_dataset_event to 2024-10-25 00:00:00+00:00, run_after=2024-10-26 00:00:00+00:00
[2024-10-26T07:21:22.704+0000] {logging_mixin.py:190} INFO - [2024-10-26T07:21:22.704+0000] {dag.py:4180} INFO - Setting next_dagrun for read_dataset_event_from_classic to 2024-10-25 00:00:00+00:00, run_after=2024-10-26 00:00:00+00:00
[2024-10-26T07:21:22.712+0000] {processor.py:208} INFO - Processing /home/airflow/.local/lib/python3.12/site-packages/airflow/example_dags/example_inlet_event_extra.py took 0.104 seconds
[2024-10-26T07:21:54.250+0000] {processor.py:186} INFO - Started process (PID=84884) to work on /home/airflow/.local/lib/python3.12/site-packages/airflow/example_dags/example_inlet_event_extra.py
[2024-10-26T07:21:54.251+0000] {processor.py:914} INFO - Processing file /home/airflow/.local/lib/python3.12/site-packages/airflow/example_dags/example_inlet_event_extra.py for tasks to queue
[2024-10-26T07:21:54.252+0000] {logging_mixin.py:190} INFO - [2024-10-26T07:21:54.252+0000] {dagbag.py:588} INFO - Filling up the DagBag from /home/airflow/.local/lib/python3.12/site-packages/airflow/example_dags/example_inlet_event_extra.py
[2024-10-26T07:21:54.335+0000] {processor.py:925} INFO - DAG(s) 'read_dataset_event_from_classic', 'read_dataset_event' retrieved from /home/airflow/.local/lib/python3.12/site-packages/airflow/example_dags/example_inlet_event_extra.py
[2024-10-26T07:21:54.360+0000] {logging_mixin.py:190} INFO - [2024-10-26T07:21:54.359+0000] {dag.py:3239} INFO - Sync 2 DAGs
[2024-10-26T07:21:54.376+0000] {logging_mixin.py:190} INFO - [2024-10-26T07:21:54.376+0000] {dag.py:4180} INFO - Setting next_dagrun for read_dataset_event to 2024-10-25 00:00:00+00:00, run_after=2024-10-26 00:00:00+00:00
[2024-10-26T07:21:54.379+0000] {logging_mixin.py:190} INFO - [2024-10-26T07:21:54.379+0000] {dag.py:4180} INFO - Setting next_dagrun for read_dataset_event_from_classic to 2024-10-25 00:00:00+00:00, run_after=2024-10-26 00:00:00+00:00
[2024-10-26T07:21:54.393+0000] {processor.py:208} INFO - Processing /home/airflow/.local/lib/python3.12/site-packages/airflow/example_dags/example_inlet_event_extra.py took 0.147 seconds
[2024-10-26T07:22:25.376+0000] {processor.py:186} INFO - Started process (PID=85175) to work on /home/airflow/.local/lib/python3.12/site-packages/airflow/example_dags/example_inlet_event_extra.py
[2024-10-26T07:22:25.378+0000] {processor.py:914} INFO - Processing file /home/airflow/.local/lib/python3.12/site-packages/airflow/example_dags/example_inlet_event_extra.py for tasks to queue
[2024-10-26T07:22:25.382+0000] {logging_mixin.py:190} INFO - [2024-10-26T07:22:25.382+0000] {dagbag.py:588} INFO - Filling up the DagBag from /home/airflow/.local/lib/python3.12/site-packages/airflow/example_dags/example_inlet_event_extra.py
[2024-10-26T07:22:25.449+0000] {processor.py:925} INFO - DAG(s) 'read_dataset_event_from_classic', 'read_dataset_event' retrieved from /home/airflow/.local/lib/python3.12/site-packages/airflow/example_dags/example_inlet_event_extra.py
[2024-10-26T07:22:25.465+0000] {logging_mixin.py:190} INFO - [2024-10-26T07:22:25.464+0000] {dag.py:3239} INFO - Sync 2 DAGs
[2024-10-26T07:22:25.478+0000] {logging_mixin.py:190} INFO - [2024-10-26T07:22:25.478+0000] {dag.py:4180} INFO - Setting next_dagrun for read_dataset_event to 2024-10-25 00:00:00+00:00, run_after=2024-10-26 00:00:00+00:00
[2024-10-26T07:22:25.482+0000] {logging_mixin.py:190} INFO - [2024-10-26T07:22:25.481+0000] {dag.py:4180} INFO - Setting next_dagrun for read_dataset_event_from_classic to 2024-10-25 00:00:00+00:00, run_after=2024-10-26 00:00:00+00:00
[2024-10-26T07:22:25.490+0000] {processor.py:208} INFO - Processing /home/airflow/.local/lib/python3.12/site-packages/airflow/example_dags/example_inlet_event_extra.py took 0.121 seconds
[2024-10-26T07:22:56.127+0000] {processor.py:186} INFO - Started process (PID=85466) to work on /home/airflow/.local/lib/python3.12/site-packages/airflow/example_dags/example_inlet_event_extra.py
[2024-10-26T07:22:56.132+0000] {processor.py:914} INFO - Processing file /home/airflow/.local/lib/python3.12/site-packages/airflow/example_dags/example_inlet_event_extra.py for tasks to queue
[2024-10-26T07:22:56.137+0000] {logging_mixin.py:190} INFO - [2024-10-26T07:22:56.136+0000] {dagbag.py:588} INFO - Filling up the DagBag from /home/airflow/.local/lib/python3.12/site-packages/airflow/example_dags/example_inlet_event_extra.py
[2024-10-26T07:22:56.221+0000] {processor.py:925} INFO - DAG(s) 'read_dataset_event_from_classic', 'read_dataset_event' retrieved from /home/airflow/.local/lib/python3.12/site-packages/airflow/example_dags/example_inlet_event_extra.py
[2024-10-26T07:22:56.238+0000] {logging_mixin.py:190} INFO - [2024-10-26T07:22:56.238+0000] {dag.py:3239} INFO - Sync 2 DAGs
[2024-10-26T07:22:56.253+0000] {logging_mixin.py:190} INFO - [2024-10-26T07:22:56.253+0000] {dag.py:4180} INFO - Setting next_dagrun for read_dataset_event to 2024-10-25 00:00:00+00:00, run_after=2024-10-26 00:00:00+00:00
[2024-10-26T07:22:56.256+0000] {logging_mixin.py:190} INFO - [2024-10-26T07:22:56.256+0000] {dag.py:4180} INFO - Setting next_dagrun for read_dataset_event_from_classic to 2024-10-25 00:00:00+00:00, run_after=2024-10-26 00:00:00+00:00
[2024-10-26T07:22:56.268+0000] {processor.py:208} INFO - Processing /home/airflow/.local/lib/python3.12/site-packages/airflow/example_dags/example_inlet_event_extra.py took 0.146 seconds
[2024-10-26T07:23:26.921+0000] {processor.py:186} INFO - Started process (PID=85757) to work on /home/airflow/.local/lib/python3.12/site-packages/airflow/example_dags/example_inlet_event_extra.py
[2024-10-26T07:23:26.922+0000] {processor.py:914} INFO - Processing file /home/airflow/.local/lib/python3.12/site-packages/airflow/example_dags/example_inlet_event_extra.py for tasks to queue
[2024-10-26T07:23:26.923+0000] {logging_mixin.py:190} INFO - [2024-10-26T07:23:26.923+0000] {dagbag.py:588} INFO - Filling up the DagBag from /home/airflow/.local/lib/python3.12/site-packages/airflow/example_dags/example_inlet_event_extra.py
[2024-10-26T07:23:26.993+0000] {processor.py:925} INFO - DAG(s) 'read_dataset_event_from_classic', 'read_dataset_event' retrieved from /home/airflow/.local/lib/python3.12/site-packages/airflow/example_dags/example_inlet_event_extra.py
[2024-10-26T07:23:27.010+0000] {logging_mixin.py:190} INFO - [2024-10-26T07:23:27.010+0000] {dag.py:3239} INFO - Sync 2 DAGs
[2024-10-26T07:23:27.022+0000] {logging_mixin.py:190} INFO - [2024-10-26T07:23:27.022+0000] {dag.py:4180} INFO - Setting next_dagrun for read_dataset_event to 2024-10-25 00:00:00+00:00, run_after=2024-10-26 00:00:00+00:00
[2024-10-26T07:23:27.026+0000] {logging_mixin.py:190} INFO - [2024-10-26T07:23:27.026+0000] {dag.py:4180} INFO - Setting next_dagrun for read_dataset_event_from_classic to 2024-10-25 00:00:00+00:00, run_after=2024-10-26 00:00:00+00:00
[2024-10-26T07:23:27.034+0000] {processor.py:208} INFO - Processing /home/airflow/.local/lib/python3.12/site-packages/airflow/example_dags/example_inlet_event_extra.py took 0.119 seconds
[2024-10-26T07:23:57.808+0000] {processor.py:186} INFO - Started process (PID=86048) to work on /home/airflow/.local/lib/python3.12/site-packages/airflow/example_dags/example_inlet_event_extra.py
[2024-10-26T07:23:57.812+0000] {processor.py:914} INFO - Processing file /home/airflow/.local/lib/python3.12/site-packages/airflow/example_dags/example_inlet_event_extra.py for tasks to queue
[2024-10-26T07:23:57.817+0000] {logging_mixin.py:190} INFO - [2024-10-26T07:23:57.816+0000] {dagbag.py:588} INFO - Filling up the DagBag from /home/airflow/.local/lib/python3.12/site-packages/airflow/example_dags/example_inlet_event_extra.py
[2024-10-26T07:23:57.891+0000] {processor.py:925} INFO - DAG(s) 'read_dataset_event', 'read_dataset_event_from_classic' retrieved from /home/airflow/.local/lib/python3.12/site-packages/airflow/example_dags/example_inlet_event_extra.py
[2024-10-26T07:23:57.907+0000] {logging_mixin.py:190} INFO - [2024-10-26T07:23:57.906+0000] {dag.py:3239} INFO - Sync 2 DAGs
[2024-10-26T07:23:57.920+0000] {logging_mixin.py:190} INFO - [2024-10-26T07:23:57.920+0000] {dag.py:4180} INFO - Setting next_dagrun for read_dataset_event to 2024-10-25 00:00:00+00:00, run_after=2024-10-26 00:00:00+00:00
[2024-10-26T07:23:57.922+0000] {logging_mixin.py:190} INFO - [2024-10-26T07:23:57.922+0000] {dag.py:4180} INFO - Setting next_dagrun for read_dataset_event_from_classic to 2024-10-25 00:00:00+00:00, run_after=2024-10-26 00:00:00+00:00
[2024-10-26T07:23:57.931+0000] {processor.py:208} INFO - Processing /home/airflow/.local/lib/python3.12/site-packages/airflow/example_dags/example_inlet_event_extra.py took 0.129 seconds
[2024-10-26T07:24:28.521+0000] {processor.py:186} INFO - Started process (PID=86339) to work on /home/airflow/.local/lib/python3.12/site-packages/airflow/example_dags/example_inlet_event_extra.py
[2024-10-26T07:24:28.523+0000] {processor.py:914} INFO - Processing file /home/airflow/.local/lib/python3.12/site-packages/airflow/example_dags/example_inlet_event_extra.py for tasks to queue
[2024-10-26T07:24:28.527+0000] {logging_mixin.py:190} INFO - [2024-10-26T07:24:28.526+0000] {dagbag.py:588} INFO - Filling up the DagBag from /home/airflow/.local/lib/python3.12/site-packages/airflow/example_dags/example_inlet_event_extra.py
[2024-10-26T07:24:28.612+0000] {processor.py:925} INFO - DAG(s) 'read_dataset_event', 'read_dataset_event_from_classic' retrieved from /home/airflow/.local/lib/python3.12/site-packages/airflow/example_dags/example_inlet_event_extra.py
[2024-10-26T07:24:28.629+0000] {logging_mixin.py:190} INFO - [2024-10-26T07:24:28.629+0000] {dag.py:3239} INFO - Sync 2 DAGs
[2024-10-26T07:24:28.645+0000] {logging_mixin.py:190} INFO - [2024-10-26T07:24:28.645+0000] {dag.py:4180} INFO - Setting next_dagrun for read_dataset_event to 2024-10-25 00:00:00+00:00, run_after=2024-10-26 00:00:00+00:00
[2024-10-26T07:24:28.648+0000] {logging_mixin.py:190} INFO - [2024-10-26T07:24:28.648+0000] {dag.py:4180} INFO - Setting next_dagrun for read_dataset_event_from_classic to 2024-10-25 00:00:00+00:00, run_after=2024-10-26 00:00:00+00:00
[2024-10-26T07:24:28.660+0000] {processor.py:208} INFO - Processing /home/airflow/.local/lib/python3.12/site-packages/airflow/example_dags/example_inlet_event_extra.py took 0.145 seconds
[2024-10-26T07:24:59.634+0000] {processor.py:186} INFO - Started process (PID=86630) to work on /home/airflow/.local/lib/python3.12/site-packages/airflow/example_dags/example_inlet_event_extra.py
[2024-10-26T07:24:59.635+0000] {processor.py:914} INFO - Processing file /home/airflow/.local/lib/python3.12/site-packages/airflow/example_dags/example_inlet_event_extra.py for tasks to queue
[2024-10-26T07:24:59.638+0000] {logging_mixin.py:190} INFO - [2024-10-26T07:24:59.637+0000] {dagbag.py:588} INFO - Filling up the DagBag from /home/airflow/.local/lib/python3.12/site-packages/airflow/example_dags/example_inlet_event_extra.py
[2024-10-26T07:24:59.714+0000] {processor.py:925} INFO - DAG(s) 'read_dataset_event', 'read_dataset_event_from_classic' retrieved from /home/airflow/.local/lib/python3.12/site-packages/airflow/example_dags/example_inlet_event_extra.py
[2024-10-26T07:24:59.725+0000] {logging_mixin.py:190} INFO - [2024-10-26T07:24:59.725+0000] {dag.py:3239} INFO - Sync 2 DAGs
[2024-10-26T07:24:59.738+0000] {logging_mixin.py:190} INFO - [2024-10-26T07:24:59.738+0000] {dag.py:4180} INFO - Setting next_dagrun for read_dataset_event to 2024-10-25 00:00:00+00:00, run_after=2024-10-26 00:00:00+00:00
[2024-10-26T07:24:59.741+0000] {logging_mixin.py:190} INFO - [2024-10-26T07:24:59.741+0000] {dag.py:4180} INFO - Setting next_dagrun for read_dataset_event_from_classic to 2024-10-25 00:00:00+00:00, run_after=2024-10-26 00:00:00+00:00
[2024-10-26T07:24:59.750+0000] {processor.py:208} INFO - Processing /home/airflow/.local/lib/python3.12/site-packages/airflow/example_dags/example_inlet_event_extra.py took 0.122 seconds
[2024-10-26T07:25:30.279+0000] {processor.py:186} INFO - Started process (PID=86921) to work on /home/airflow/.local/lib/python3.12/site-packages/airflow/example_dags/example_inlet_event_extra.py
[2024-10-26T07:25:30.281+0000] {processor.py:914} INFO - Processing file /home/airflow/.local/lib/python3.12/site-packages/airflow/example_dags/example_inlet_event_extra.py for tasks to queue
[2024-10-26T07:25:30.291+0000] {logging_mixin.py:190} INFO - [2024-10-26T07:25:30.290+0000] {dagbag.py:588} INFO - Filling up the DagBag from /home/airflow/.local/lib/python3.12/site-packages/airflow/example_dags/example_inlet_event_extra.py
[2024-10-26T07:25:30.555+0000] {processor.py:925} INFO - DAG(s) 'read_dataset_event', 'read_dataset_event_from_classic' retrieved from /home/airflow/.local/lib/python3.12/site-packages/airflow/example_dags/example_inlet_event_extra.py
[2024-10-26T07:25:30.586+0000] {logging_mixin.py:190} INFO - [2024-10-26T07:25:30.586+0000] {dag.py:3239} INFO - Sync 2 DAGs
[2024-10-26T07:25:30.608+0000] {logging_mixin.py:190} INFO - [2024-10-26T07:25:30.607+0000] {dag.py:4180} INFO - Setting next_dagrun for read_dataset_event to 2024-10-25 00:00:00+00:00, run_after=2024-10-26 00:00:00+00:00
[2024-10-26T07:25:30.617+0000] {logging_mixin.py:190} INFO - [2024-10-26T07:25:30.617+0000] {dag.py:4180} INFO - Setting next_dagrun for read_dataset_event_from_classic to 2024-10-25 00:00:00+00:00, run_after=2024-10-26 00:00:00+00:00
[2024-10-26T07:25:30.630+0000] {processor.py:208} INFO - Processing /home/airflow/.local/lib/python3.12/site-packages/airflow/example_dags/example_inlet_event_extra.py took 0.374 seconds
[2024-10-26T07:26:01.348+0000] {processor.py:186} INFO - Started process (PID=87212) to work on /home/airflow/.local/lib/python3.12/site-packages/airflow/example_dags/example_inlet_event_extra.py
[2024-10-26T07:26:01.353+0000] {processor.py:914} INFO - Processing file /home/airflow/.local/lib/python3.12/site-packages/airflow/example_dags/example_inlet_event_extra.py for tasks to queue
[2024-10-26T07:26:01.354+0000] {logging_mixin.py:190} INFO - [2024-10-26T07:26:01.354+0000] {dagbag.py:588} INFO - Filling up the DagBag from /home/airflow/.local/lib/python3.12/site-packages/airflow/example_dags/example_inlet_event_extra.py
[2024-10-26T07:26:01.428+0000] {processor.py:925} INFO - DAG(s) 'read_dataset_event', 'read_dataset_event_from_classic' retrieved from /home/airflow/.local/lib/python3.12/site-packages/airflow/example_dags/example_inlet_event_extra.py
[2024-10-26T07:26:01.441+0000] {logging_mixin.py:190} INFO - [2024-10-26T07:26:01.441+0000] {dag.py:3239} INFO - Sync 2 DAGs
[2024-10-26T07:26:01.456+0000] {logging_mixin.py:190} INFO - [2024-10-26T07:26:01.455+0000] {dag.py:4180} INFO - Setting next_dagrun for read_dataset_event to 2024-10-25 00:00:00+00:00, run_after=2024-10-26 00:00:00+00:00
[2024-10-26T07:26:01.458+0000] {logging_mixin.py:190} INFO - [2024-10-26T07:26:01.458+0000] {dag.py:4180} INFO - Setting next_dagrun for read_dataset_event_from_classic to 2024-10-25 00:00:00+00:00, run_after=2024-10-26 00:00:00+00:00
[2024-10-26T07:26:01.468+0000] {processor.py:208} INFO - Processing /home/airflow/.local/lib/python3.12/site-packages/airflow/example_dags/example_inlet_event_extra.py took 0.127 seconds
[2024-10-26T07:26:31.573+0000] {processor.py:186} INFO - Started process (PID=87503) to work on /home/airflow/.local/lib/python3.12/site-packages/airflow/example_dags/example_inlet_event_extra.py
[2024-10-26T07:26:31.576+0000] {processor.py:914} INFO - Processing file /home/airflow/.local/lib/python3.12/site-packages/airflow/example_dags/example_inlet_event_extra.py for tasks to queue
[2024-10-26T07:26:31.578+0000] {logging_mixin.py:190} INFO - [2024-10-26T07:26:31.578+0000] {dagbag.py:588} INFO - Filling up the DagBag from /home/airflow/.local/lib/python3.12/site-packages/airflow/example_dags/example_inlet_event_extra.py
[2024-10-26T07:26:31.645+0000] {processor.py:925} INFO - DAG(s) 'read_dataset_event_from_classic', 'read_dataset_event' retrieved from /home/airflow/.local/lib/python3.12/site-packages/airflow/example_dags/example_inlet_event_extra.py
[2024-10-26T07:26:31.658+0000] {logging_mixin.py:190} INFO - [2024-10-26T07:26:31.658+0000] {dag.py:3239} INFO - Sync 2 DAGs
[2024-10-26T07:26:31.671+0000] {logging_mixin.py:190} INFO - [2024-10-26T07:26:31.671+0000] {dag.py:4180} INFO - Setting next_dagrun for read_dataset_event to 2024-10-25 00:00:00+00:00, run_after=2024-10-26 00:00:00+00:00
[2024-10-26T07:26:31.674+0000] {logging_mixin.py:190} INFO - [2024-10-26T07:26:31.674+0000] {dag.py:4180} INFO - Setting next_dagrun for read_dataset_event_from_classic to 2024-10-25 00:00:00+00:00, run_after=2024-10-26 00:00:00+00:00
[2024-10-26T07:26:31.683+0000] {processor.py:208} INFO - Processing /home/airflow/.local/lib/python3.12/site-packages/airflow/example_dags/example_inlet_event_extra.py took 0.113 seconds
[2024-10-26T07:27:01.919+0000] {processor.py:186} INFO - Started process (PID=87794) to work on /home/airflow/.local/lib/python3.12/site-packages/airflow/example_dags/example_inlet_event_extra.py
[2024-10-26T07:27:01.919+0000] {processor.py:914} INFO - Processing file /home/airflow/.local/lib/python3.12/site-packages/airflow/example_dags/example_inlet_event_extra.py for tasks to queue
[2024-10-26T07:27:01.920+0000] {logging_mixin.py:190} INFO - [2024-10-26T07:27:01.920+0000] {dagbag.py:588} INFO - Filling up the DagBag from /home/airflow/.local/lib/python3.12/site-packages/airflow/example_dags/example_inlet_event_extra.py
[2024-10-26T07:27:01.981+0000] {processor.py:925} INFO - DAG(s) 'read_dataset_event', 'read_dataset_event_from_classic' retrieved from /home/airflow/.local/lib/python3.12/site-packages/airflow/example_dags/example_inlet_event_extra.py
[2024-10-26T07:27:01.996+0000] {logging_mixin.py:190} INFO - [2024-10-26T07:27:01.996+0000] {dag.py:3239} INFO - Sync 2 DAGs
[2024-10-26T07:27:02.009+0000] {logging_mixin.py:190} INFO - [2024-10-26T07:27:02.009+0000] {dag.py:4180} INFO - Setting next_dagrun for read_dataset_event to 2024-10-25 00:00:00+00:00, run_after=2024-10-26 00:00:00+00:00
[2024-10-26T07:27:02.011+0000] {logging_mixin.py:190} INFO - [2024-10-26T07:27:02.011+0000] {dag.py:4180} INFO - Setting next_dagrun for read_dataset_event_from_classic to 2024-10-25 00:00:00+00:00, run_after=2024-10-26 00:00:00+00:00
[2024-10-26T07:27:02.018+0000] {processor.py:208} INFO - Processing /home/airflow/.local/lib/python3.12/site-packages/airflow/example_dags/example_inlet_event_extra.py took 0.103 seconds
[2024-10-26T07:27:32.623+0000] {processor.py:186} INFO - Started process (PID=88085) to work on /home/airflow/.local/lib/python3.12/site-packages/airflow/example_dags/example_inlet_event_extra.py
[2024-10-26T07:27:32.624+0000] {processor.py:914} INFO - Processing file /home/airflow/.local/lib/python3.12/site-packages/airflow/example_dags/example_inlet_event_extra.py for tasks to queue
[2024-10-26T07:27:32.625+0000] {logging_mixin.py:190} INFO - [2024-10-26T07:27:32.625+0000] {dagbag.py:588} INFO - Filling up the DagBag from /home/airflow/.local/lib/python3.12/site-packages/airflow/example_dags/example_inlet_event_extra.py
[2024-10-26T07:27:32.692+0000] {processor.py:925} INFO - DAG(s) 'read_dataset_event_from_classic', 'read_dataset_event' retrieved from /home/airflow/.local/lib/python3.12/site-packages/airflow/example_dags/example_inlet_event_extra.py
[2024-10-26T07:27:32.706+0000] {logging_mixin.py:190} INFO - [2024-10-26T07:27:32.706+0000] {dag.py:3239} INFO - Sync 2 DAGs
[2024-10-26T07:27:32.720+0000] {logging_mixin.py:190} INFO - [2024-10-26T07:27:32.720+0000] {dag.py:4180} INFO - Setting next_dagrun for read_dataset_event to 2024-10-25 00:00:00+00:00, run_after=2024-10-26 00:00:00+00:00
[2024-10-26T07:27:32.723+0000] {logging_mixin.py:190} INFO - [2024-10-26T07:27:32.722+0000] {dag.py:4180} INFO - Setting next_dagrun for read_dataset_event_from_classic to 2024-10-25 00:00:00+00:00, run_after=2024-10-26 00:00:00+00:00
[2024-10-26T07:27:32.730+0000] {processor.py:208} INFO - Processing /home/airflow/.local/lib/python3.12/site-packages/airflow/example_dags/example_inlet_event_extra.py took 0.115 seconds
