[2024-10-26T00:46:26.851+0000] {processor.py:186} INFO - Started process (PID=71014) to work on /home/airflow/.local/lib/python3.12/site-packages/airflow/example_dags/example_display_name.py
[2024-10-26T00:46:26.854+0000] {processor.py:914} INFO - Processing file /home/airflow/.local/lib/python3.12/site-packages/airflow/example_dags/example_display_name.py for tasks to queue
[2024-10-26T00:46:26.855+0000] {logging_mixin.py:190} INFO - [2024-10-26T00:46:26.855+0000] {dagbag.py:588} INFO - Filling up the DagBag from /home/airflow/.local/lib/python3.12/site-packages/airflow/example_dags/example_display_name.py
[2024-10-26T00:46:26.861+0000] {processor.py:925} INFO - DAG(s) 'example_display_name' retrieved from /home/airflow/.local/lib/python3.12/site-packages/airflow/example_dags/example_display_name.py
[2024-10-26T00:46:26.875+0000] {logging_mixin.py:190} INFO - [2024-10-26T00:46:26.875+0000] {dag.py:3239} INFO - Sync 1 DAGs
[2024-10-26T00:46:26.884+0000] {logging_mixin.py:190} INFO - [2024-10-26T00:46:26.884+0000] {dag.py:4180} INFO - Setting next_dagrun for example_display_name to None, run_after=None
[2024-10-26T00:46:26.899+0000] {processor.py:208} INFO - Processing /home/airflow/.local/lib/python3.12/site-packages/airflow/example_dags/example_display_name.py took 0.051 seconds
[2024-10-26T01:37:10.493+0000] {processor.py:186} INFO - Started process (PID=71306) to work on /home/airflow/.local/lib/python3.12/site-packages/airflow/example_dags/example_display_name.py
[2024-10-26T01:37:10.494+0000] {processor.py:914} INFO - Processing file /home/airflow/.local/lib/python3.12/site-packages/airflow/example_dags/example_display_name.py for tasks to queue
[2024-10-26T01:37:10.494+0000] {logging_mixin.py:190} INFO - [2024-10-26T01:37:10.494+0000] {dagbag.py:588} INFO - Filling up the DagBag from /home/airflow/.local/lib/python3.12/site-packages/airflow/example_dags/example_display_name.py
[2024-10-26T01:37:10.498+0000] {processor.py:925} INFO - DAG(s) 'example_display_name' retrieved from /home/airflow/.local/lib/python3.12/site-packages/airflow/example_dags/example_display_name.py
[2024-10-26T01:37:10.510+0000] {logging_mixin.py:190} INFO - [2024-10-26T01:37:10.509+0000] {dag.py:3239} INFO - Sync 1 DAGs
[2024-10-26T01:37:10.516+0000] {logging_mixin.py:190} INFO - [2024-10-26T01:37:10.516+0000] {dag.py:4180} INFO - Setting next_dagrun for example_display_name to None, run_after=None
[2024-10-26T01:37:10.525+0000] {processor.py:208} INFO - Processing /home/airflow/.local/lib/python3.12/site-packages/airflow/example_dags/example_display_name.py took 0.035 seconds
[2024-10-26T02:57:39.505+0000] {processor.py:186} INFO - Started process (PID=71597) to work on /home/airflow/.local/lib/python3.12/site-packages/airflow/example_dags/example_display_name.py
[2024-10-26T02:57:39.505+0000] {processor.py:914} INFO - Processing file /home/airflow/.local/lib/python3.12/site-packages/airflow/example_dags/example_display_name.py for tasks to queue
[2024-10-26T02:57:39.506+0000] {logging_mixin.py:190} INFO - [2024-10-26T02:57:39.506+0000] {dagbag.py:588} INFO - Filling up the DagBag from /home/airflow/.local/lib/python3.12/site-packages/airflow/example_dags/example_display_name.py
[2024-10-26T02:57:39.512+0000] {processor.py:925} INFO - DAG(s) 'example_display_name' retrieved from /home/airflow/.local/lib/python3.12/site-packages/airflow/example_dags/example_display_name.py
[2024-10-26T02:57:39.523+0000] {logging_mixin.py:190} INFO - [2024-10-26T02:57:39.523+0000] {dag.py:3239} INFO - Sync 1 DAGs
[2024-10-26T02:57:39.531+0000] {logging_mixin.py:190} INFO - [2024-10-26T02:57:39.531+0000] {dag.py:4180} INFO - Setting next_dagrun for example_display_name to None, run_after=None
[2024-10-26T02:57:39.546+0000] {processor.py:208} INFO - Processing /home/airflow/.local/lib/python3.12/site-packages/airflow/example_dags/example_display_name.py took 0.044 seconds
[2024-10-26T04:18:36.709+0000] {processor.py:186} INFO - Started process (PID=71890) to work on /home/airflow/.local/lib/python3.12/site-packages/airflow/example_dags/example_display_name.py
[2024-10-26T04:18:36.709+0000] {processor.py:914} INFO - Processing file /home/airflow/.local/lib/python3.12/site-packages/airflow/example_dags/example_display_name.py for tasks to queue
[2024-10-26T04:18:36.710+0000] {logging_mixin.py:190} INFO - [2024-10-26T04:18:36.710+0000] {dagbag.py:588} INFO - Filling up the DagBag from /home/airflow/.local/lib/python3.12/site-packages/airflow/example_dags/example_display_name.py
[2024-10-26T04:18:36.714+0000] {processor.py:925} INFO - DAG(s) 'example_display_name' retrieved from /home/airflow/.local/lib/python3.12/site-packages/airflow/example_dags/example_display_name.py
[2024-10-26T04:18:36.724+0000] {logging_mixin.py:190} INFO - [2024-10-26T04:18:36.724+0000] {dag.py:3239} INFO - Sync 1 DAGs
[2024-10-26T04:18:36.731+0000] {logging_mixin.py:190} INFO - [2024-10-26T04:18:36.731+0000] {dag.py:4180} INFO - Setting next_dagrun for example_display_name to None, run_after=None
[2024-10-26T04:18:36.741+0000] {processor.py:208} INFO - Processing /home/airflow/.local/lib/python3.12/site-packages/airflow/example_dags/example_display_name.py took 0.035 seconds
[2024-10-26T05:41:06.491+0000] {processor.py:186} INFO - Started process (PID=72179) to work on /home/airflow/.local/lib/python3.12/site-packages/airflow/example_dags/example_display_name.py
[2024-10-26T05:41:06.492+0000] {processor.py:914} INFO - Processing file /home/airflow/.local/lib/python3.12/site-packages/airflow/example_dags/example_display_name.py for tasks to queue
[2024-10-26T05:41:06.493+0000] {logging_mixin.py:190} INFO - [2024-10-26T05:41:06.493+0000] {dagbag.py:588} INFO - Filling up the DagBag from /home/airflow/.local/lib/python3.12/site-packages/airflow/example_dags/example_display_name.py
[2024-10-26T05:41:06.496+0000] {processor.py:925} INFO - DAG(s) 'example_display_name' retrieved from /home/airflow/.local/lib/python3.12/site-packages/airflow/example_dags/example_display_name.py
[2024-10-26T05:41:06.507+0000] {logging_mixin.py:190} INFO - [2024-10-26T05:41:06.507+0000] {dag.py:3239} INFO - Sync 1 DAGs
[2024-10-26T05:41:06.514+0000] {logging_mixin.py:190} INFO - [2024-10-26T05:41:06.514+0000] {dag.py:4180} INFO - Setting next_dagrun for example_display_name to None, run_after=None
[2024-10-26T05:41:06.525+0000] {processor.py:208} INFO - Processing /home/airflow/.local/lib/python3.12/site-packages/airflow/example_dags/example_display_name.py took 0.037 seconds
[2024-10-26T06:59:46.873+0000] {processor.py:186} INFO - Started process (PID=72470) to work on /home/airflow/.local/lib/python3.12/site-packages/airflow/example_dags/example_display_name.py
[2024-10-26T06:59:46.874+0000] {processor.py:914} INFO - Processing file /home/airflow/.local/lib/python3.12/site-packages/airflow/example_dags/example_display_name.py for tasks to queue
[2024-10-26T06:59:46.874+0000] {logging_mixin.py:190} INFO - [2024-10-26T06:59:46.874+0000] {dagbag.py:588} INFO - Filling up the DagBag from /home/airflow/.local/lib/python3.12/site-packages/airflow/example_dags/example_display_name.py
[2024-10-26T06:59:46.878+0000] {processor.py:925} INFO - DAG(s) 'example_display_name' retrieved from /home/airflow/.local/lib/python3.12/site-packages/airflow/example_dags/example_display_name.py
[2024-10-26T06:59:46.888+0000] {logging_mixin.py:190} INFO - [2024-10-26T06:59:46.888+0000] {dag.py:3239} INFO - Sync 1 DAGs
[2024-10-26T06:59:46.896+0000] {logging_mixin.py:190} INFO - [2024-10-26T06:59:46.895+0000] {dag.py:4180} INFO - Setting next_dagrun for example_display_name to None, run_after=None
[2024-10-26T06:59:46.906+0000] {processor.py:208} INFO - Processing /home/airflow/.local/lib/python3.12/site-packages/airflow/example_dags/example_display_name.py took 0.036 seconds
[2024-10-26T07:00:17.430+0000] {processor.py:186} INFO - Started process (PID=72761) to work on /home/airflow/.local/lib/python3.12/site-packages/airflow/example_dags/example_display_name.py
[2024-10-26T07:00:17.431+0000] {processor.py:914} INFO - Processing file /home/airflow/.local/lib/python3.12/site-packages/airflow/example_dags/example_display_name.py for tasks to queue
[2024-10-26T07:00:17.432+0000] {logging_mixin.py:190} INFO - [2024-10-26T07:00:17.431+0000] {dagbag.py:588} INFO - Filling up the DagBag from /home/airflow/.local/lib/python3.12/site-packages/airflow/example_dags/example_display_name.py
[2024-10-26T07:00:17.436+0000] {processor.py:925} INFO - DAG(s) 'example_display_name' retrieved from /home/airflow/.local/lib/python3.12/site-packages/airflow/example_dags/example_display_name.py
[2024-10-26T07:00:17.449+0000] {logging_mixin.py:190} INFO - [2024-10-26T07:00:17.449+0000] {dag.py:3239} INFO - Sync 1 DAGs
[2024-10-26T07:00:17.456+0000] {logging_mixin.py:190} INFO - [2024-10-26T07:00:17.456+0000] {dag.py:4180} INFO - Setting next_dagrun for example_display_name to None, run_after=None
[2024-10-26T07:00:17.466+0000] {processor.py:208} INFO - Processing /home/airflow/.local/lib/python3.12/site-packages/airflow/example_dags/example_display_name.py took 0.039 seconds
[2024-10-26T07:00:48.002+0000] {processor.py:186} INFO - Started process (PID=73052) to work on /home/airflow/.local/lib/python3.12/site-packages/airflow/example_dags/example_display_name.py
[2024-10-26T07:00:48.003+0000] {processor.py:914} INFO - Processing file /home/airflow/.local/lib/python3.12/site-packages/airflow/example_dags/example_display_name.py for tasks to queue
[2024-10-26T07:00:48.004+0000] {logging_mixin.py:190} INFO - [2024-10-26T07:00:48.004+0000] {dagbag.py:588} INFO - Filling up the DagBag from /home/airflow/.local/lib/python3.12/site-packages/airflow/example_dags/example_display_name.py
[2024-10-26T07:00:48.008+0000] {processor.py:925} INFO - DAG(s) 'example_display_name' retrieved from /home/airflow/.local/lib/python3.12/site-packages/airflow/example_dags/example_display_name.py
[2024-10-26T07:00:48.025+0000] {logging_mixin.py:190} INFO - [2024-10-26T07:00:48.024+0000] {dag.py:3239} INFO - Sync 1 DAGs
[2024-10-26T07:00:48.032+0000] {logging_mixin.py:190} INFO - [2024-10-26T07:00:48.032+0000] {dag.py:4180} INFO - Setting next_dagrun for example_display_name to None, run_after=None
[2024-10-26T07:00:48.044+0000] {processor.py:208} INFO - Processing /home/airflow/.local/lib/python3.12/site-packages/airflow/example_dags/example_display_name.py took 0.045 seconds
[2024-10-26T07:01:22.827+0000] {processor.py:186} INFO - Started process (PID=73343) to work on /home/airflow/.local/lib/python3.12/site-packages/airflow/example_dags/example_display_name.py
[2024-10-26T07:01:22.829+0000] {processor.py:914} INFO - Processing file /home/airflow/.local/lib/python3.12/site-packages/airflow/example_dags/example_display_name.py for tasks to queue
[2024-10-26T07:01:22.832+0000] {logging_mixin.py:190} INFO - [2024-10-26T07:01:22.831+0000] {dagbag.py:588} INFO - Filling up the DagBag from /home/airflow/.local/lib/python3.12/site-packages/airflow/example_dags/example_display_name.py
[2024-10-26T07:01:22.859+0000] {processor.py:925} INFO - DAG(s) 'example_display_name' retrieved from /home/airflow/.local/lib/python3.12/site-packages/airflow/example_dags/example_display_name.py
[2024-10-26T07:01:22.938+0000] {logging_mixin.py:190} INFO - [2024-10-26T07:01:22.937+0000] {dag.py:3239} INFO - Sync 1 DAGs
[2024-10-26T07:01:22.971+0000] {logging_mixin.py:190} INFO - [2024-10-26T07:01:22.971+0000] {dag.py:4180} INFO - Setting next_dagrun for example_display_name to None, run_after=None
[2024-10-26T07:01:23.035+0000] {processor.py:208} INFO - Processing /home/airflow/.local/lib/python3.12/site-packages/airflow/example_dags/example_display_name.py took 0.215 seconds
[2024-10-26T07:01:53.712+0000] {processor.py:186} INFO - Started process (PID=73636) to work on /home/airflow/.local/lib/python3.12/site-packages/airflow/example_dags/example_display_name.py
[2024-10-26T07:01:53.713+0000] {processor.py:914} INFO - Processing file /home/airflow/.local/lib/python3.12/site-packages/airflow/example_dags/example_display_name.py for tasks to queue
[2024-10-26T07:01:53.714+0000] {logging_mixin.py:190} INFO - [2024-10-26T07:01:53.713+0000] {dagbag.py:588} INFO - Filling up the DagBag from /home/airflow/.local/lib/python3.12/site-packages/airflow/example_dags/example_display_name.py
[2024-10-26T07:01:53.718+0000] {processor.py:925} INFO - DAG(s) 'example_display_name' retrieved from /home/airflow/.local/lib/python3.12/site-packages/airflow/example_dags/example_display_name.py
[2024-10-26T07:01:53.731+0000] {logging_mixin.py:190} INFO - [2024-10-26T07:01:53.731+0000] {dag.py:3239} INFO - Sync 1 DAGs
[2024-10-26T07:01:53.739+0000] {logging_mixin.py:190} INFO - [2024-10-26T07:01:53.739+0000] {dag.py:4180} INFO - Setting next_dagrun for example_display_name to None, run_after=None
[2024-10-26T07:01:53.752+0000] {processor.py:208} INFO - Processing /home/airflow/.local/lib/python3.12/site-packages/airflow/example_dags/example_display_name.py took 0.043 seconds
[2024-10-26T07:02:24.038+0000] {processor.py:186} INFO - Started process (PID=73925) to work on /home/airflow/.local/lib/python3.12/site-packages/airflow/example_dags/example_display_name.py
[2024-10-26T07:02:24.039+0000] {processor.py:914} INFO - Processing file /home/airflow/.local/lib/python3.12/site-packages/airflow/example_dags/example_display_name.py for tasks to queue
[2024-10-26T07:02:24.040+0000] {logging_mixin.py:190} INFO - [2024-10-26T07:02:24.039+0000] {dagbag.py:588} INFO - Filling up the DagBag from /home/airflow/.local/lib/python3.12/site-packages/airflow/example_dags/example_display_name.py
[2024-10-26T07:02:24.044+0000] {processor.py:925} INFO - DAG(s) 'example_display_name' retrieved from /home/airflow/.local/lib/python3.12/site-packages/airflow/example_dags/example_display_name.py
[2024-10-26T07:02:24.054+0000] {logging_mixin.py:190} INFO - [2024-10-26T07:02:24.054+0000] {dag.py:3239} INFO - Sync 1 DAGs
[2024-10-26T07:02:24.061+0000] {logging_mixin.py:190} INFO - [2024-10-26T07:02:24.061+0000] {dag.py:4180} INFO - Setting next_dagrun for example_display_name to None, run_after=None
[2024-10-26T07:02:24.072+0000] {processor.py:208} INFO - Processing /home/airflow/.local/lib/python3.12/site-packages/airflow/example_dags/example_display_name.py took 0.037 seconds
[2024-10-26T07:02:54.744+0000] {processor.py:186} INFO - Started process (PID=74216) to work on /home/airflow/.local/lib/python3.12/site-packages/airflow/example_dags/example_display_name.py
[2024-10-26T07:02:54.748+0000] {processor.py:914} INFO - Processing file /home/airflow/.local/lib/python3.12/site-packages/airflow/example_dags/example_display_name.py for tasks to queue
[2024-10-26T07:02:54.749+0000] {logging_mixin.py:190} INFO - [2024-10-26T07:02:54.749+0000] {dagbag.py:588} INFO - Filling up the DagBag from /home/airflow/.local/lib/python3.12/site-packages/airflow/example_dags/example_display_name.py
[2024-10-26T07:02:54.754+0000] {processor.py:925} INFO - DAG(s) 'example_display_name' retrieved from /home/airflow/.local/lib/python3.12/site-packages/airflow/example_dags/example_display_name.py
[2024-10-26T07:02:54.769+0000] {logging_mixin.py:190} INFO - [2024-10-26T07:02:54.769+0000] {dag.py:3239} INFO - Sync 1 DAGs
[2024-10-26T07:02:54.780+0000] {logging_mixin.py:190} INFO - [2024-10-26T07:02:54.780+0000] {dag.py:4180} INFO - Setting next_dagrun for example_display_name to None, run_after=None
[2024-10-26T07:02:54.790+0000] {processor.py:208} INFO - Processing /home/airflow/.local/lib/python3.12/site-packages/airflow/example_dags/example_display_name.py took 0.049 seconds
[2024-10-26T07:03:25.452+0000] {processor.py:186} INFO - Started process (PID=74509) to work on /home/airflow/.local/lib/python3.12/site-packages/airflow/example_dags/example_display_name.py
[2024-10-26T07:03:25.452+0000] {processor.py:914} INFO - Processing file /home/airflow/.local/lib/python3.12/site-packages/airflow/example_dags/example_display_name.py for tasks to queue
[2024-10-26T07:03:25.453+0000] {logging_mixin.py:190} INFO - [2024-10-26T07:03:25.453+0000] {dagbag.py:588} INFO - Filling up the DagBag from /home/airflow/.local/lib/python3.12/site-packages/airflow/example_dags/example_display_name.py
[2024-10-26T07:03:25.457+0000] {processor.py:925} INFO - DAG(s) 'example_display_name' retrieved from /home/airflow/.local/lib/python3.12/site-packages/airflow/example_dags/example_display_name.py
[2024-10-26T07:03:25.468+0000] {logging_mixin.py:190} INFO - [2024-10-26T07:03:25.468+0000] {dag.py:3239} INFO - Sync 1 DAGs
[2024-10-26T07:03:25.477+0000] {logging_mixin.py:190} INFO - [2024-10-26T07:03:25.477+0000] {dag.py:4180} INFO - Setting next_dagrun for example_display_name to None, run_after=None
[2024-10-26T07:03:25.486+0000] {processor.py:208} INFO - Processing /home/airflow/.local/lib/python3.12/site-packages/airflow/example_dags/example_display_name.py took 0.038 seconds
[2024-10-26T07:03:56.272+0000] {processor.py:186} INFO - Started process (PID=74800) to work on /home/airflow/.local/lib/python3.12/site-packages/airflow/example_dags/example_display_name.py
[2024-10-26T07:03:56.273+0000] {processor.py:914} INFO - Processing file /home/airflow/.local/lib/python3.12/site-packages/airflow/example_dags/example_display_name.py for tasks to queue
[2024-10-26T07:03:56.274+0000] {logging_mixin.py:190} INFO - [2024-10-26T07:03:56.274+0000] {dagbag.py:588} INFO - Filling up the DagBag from /home/airflow/.local/lib/python3.12/site-packages/airflow/example_dags/example_display_name.py
[2024-10-26T07:03:56.280+0000] {processor.py:925} INFO - DAG(s) 'example_display_name' retrieved from /home/airflow/.local/lib/python3.12/site-packages/airflow/example_dags/example_display_name.py
[2024-10-26T07:03:56.296+0000] {logging_mixin.py:190} INFO - [2024-10-26T07:03:56.296+0000] {dag.py:3239} INFO - Sync 1 DAGs
[2024-10-26T07:03:56.305+0000] {logging_mixin.py:190} INFO - [2024-10-26T07:03:56.305+0000] {dag.py:4180} INFO - Setting next_dagrun for example_display_name to None, run_after=None
[2024-10-26T07:03:56.319+0000] {processor.py:208} INFO - Processing /home/airflow/.local/lib/python3.12/site-packages/airflow/example_dags/example_display_name.py took 0.051 seconds
[2024-10-26T07:04:26.456+0000] {processor.py:186} INFO - Started process (PID=75088) to work on /home/airflow/.local/lib/python3.12/site-packages/airflow/example_dags/example_display_name.py
[2024-10-26T07:04:26.459+0000] {processor.py:914} INFO - Processing file /home/airflow/.local/lib/python3.12/site-packages/airflow/example_dags/example_display_name.py for tasks to queue
[2024-10-26T07:04:26.460+0000] {logging_mixin.py:190} INFO - [2024-10-26T07:04:26.459+0000] {dagbag.py:588} INFO - Filling up the DagBag from /home/airflow/.local/lib/python3.12/site-packages/airflow/example_dags/example_display_name.py
[2024-10-26T07:04:26.465+0000] {processor.py:925} INFO - DAG(s) 'example_display_name' retrieved from /home/airflow/.local/lib/python3.12/site-packages/airflow/example_dags/example_display_name.py
[2024-10-26T07:04:26.485+0000] {logging_mixin.py:190} INFO - [2024-10-26T07:04:26.485+0000] {dag.py:3239} INFO - Sync 1 DAGs
[2024-10-26T07:04:26.495+0000] {logging_mixin.py:190} INFO - [2024-10-26T07:04:26.495+0000] {dag.py:4180} INFO - Setting next_dagrun for example_display_name to None, run_after=None
[2024-10-26T07:04:26.505+0000] {processor.py:208} INFO - Processing /home/airflow/.local/lib/python3.12/site-packages/airflow/example_dags/example_display_name.py took 0.052 seconds
[2024-10-26T07:04:56.821+0000] {processor.py:186} INFO - Started process (PID=75379) to work on /home/airflow/.local/lib/python3.12/site-packages/airflow/example_dags/example_display_name.py
[2024-10-26T07:04:56.822+0000] {processor.py:914} INFO - Processing file /home/airflow/.local/lib/python3.12/site-packages/airflow/example_dags/example_display_name.py for tasks to queue
[2024-10-26T07:04:56.823+0000] {logging_mixin.py:190} INFO - [2024-10-26T07:04:56.823+0000] {dagbag.py:588} INFO - Filling up the DagBag from /home/airflow/.local/lib/python3.12/site-packages/airflow/example_dags/example_display_name.py
[2024-10-26T07:04:56.829+0000] {processor.py:925} INFO - DAG(s) 'example_display_name' retrieved from /home/airflow/.local/lib/python3.12/site-packages/airflow/example_dags/example_display_name.py
[2024-10-26T07:04:56.852+0000] {logging_mixin.py:190} INFO - [2024-10-26T07:04:56.852+0000] {dag.py:3239} INFO - Sync 1 DAGs
[2024-10-26T07:04:56.862+0000] {logging_mixin.py:190} INFO - [2024-10-26T07:04:56.862+0000] {dag.py:4180} INFO - Setting next_dagrun for example_display_name to None, run_after=None
[2024-10-26T07:04:56.873+0000] {processor.py:208} INFO - Processing /home/airflow/.local/lib/python3.12/site-packages/airflow/example_dags/example_display_name.py took 0.055 seconds
[2024-10-26T07:05:26.957+0000] {processor.py:186} INFO - Started process (PID=75675) to work on /home/airflow/.local/lib/python3.12/site-packages/airflow/example_dags/example_display_name.py
[2024-10-26T07:05:26.959+0000] {processor.py:914} INFO - Processing file /home/airflow/.local/lib/python3.12/site-packages/airflow/example_dags/example_display_name.py for tasks to queue
[2024-10-26T07:05:26.960+0000] {logging_mixin.py:190} INFO - [2024-10-26T07:05:26.960+0000] {dagbag.py:588} INFO - Filling up the DagBag from /home/airflow/.local/lib/python3.12/site-packages/airflow/example_dags/example_display_name.py
[2024-10-26T07:05:26.965+0000] {processor.py:925} INFO - DAG(s) 'example_display_name' retrieved from /home/airflow/.local/lib/python3.12/site-packages/airflow/example_dags/example_display_name.py
[2024-10-26T07:05:26.977+0000] {logging_mixin.py:190} INFO - [2024-10-26T07:05:26.977+0000] {dag.py:3239} INFO - Sync 1 DAGs
[2024-10-26T07:05:26.986+0000] {logging_mixin.py:190} INFO - [2024-10-26T07:05:26.986+0000] {dag.py:4180} INFO - Setting next_dagrun for example_display_name to None, run_after=None
[2024-10-26T07:05:27.000+0000] {processor.py:208} INFO - Processing /home/airflow/.local/lib/python3.12/site-packages/airflow/example_dags/example_display_name.py took 0.047 seconds
[2024-10-26T07:05:57.606+0000] {processor.py:186} INFO - Started process (PID=75967) to work on /home/airflow/.local/lib/python3.12/site-packages/airflow/example_dags/example_display_name.py
[2024-10-26T07:05:57.607+0000] {processor.py:914} INFO - Processing file /home/airflow/.local/lib/python3.12/site-packages/airflow/example_dags/example_display_name.py for tasks to queue
[2024-10-26T07:05:57.607+0000] {logging_mixin.py:190} INFO - [2024-10-26T07:05:57.607+0000] {dagbag.py:588} INFO - Filling up the DagBag from /home/airflow/.local/lib/python3.12/site-packages/airflow/example_dags/example_display_name.py
[2024-10-26T07:05:57.611+0000] {processor.py:925} INFO - DAG(s) 'example_display_name' retrieved from /home/airflow/.local/lib/python3.12/site-packages/airflow/example_dags/example_display_name.py
[2024-10-26T07:05:57.620+0000] {logging_mixin.py:190} INFO - [2024-10-26T07:05:57.620+0000] {dag.py:3239} INFO - Sync 1 DAGs
[2024-10-26T07:05:57.627+0000] {logging_mixin.py:190} INFO - [2024-10-26T07:05:57.627+0000] {dag.py:4180} INFO - Setting next_dagrun for example_display_name to None, run_after=None
[2024-10-26T07:05:57.634+0000] {processor.py:208} INFO - Processing /home/airflow/.local/lib/python3.12/site-packages/airflow/example_dags/example_display_name.py took 0.031 seconds
[2024-10-26T07:06:27.930+0000] {processor.py:186} INFO - Started process (PID=76256) to work on /home/airflow/.local/lib/python3.12/site-packages/airflow/example_dags/example_display_name.py
[2024-10-26T07:06:27.931+0000] {processor.py:914} INFO - Processing file /home/airflow/.local/lib/python3.12/site-packages/airflow/example_dags/example_display_name.py for tasks to queue
[2024-10-26T07:06:27.932+0000] {logging_mixin.py:190} INFO - [2024-10-26T07:06:27.932+0000] {dagbag.py:588} INFO - Filling up the DagBag from /home/airflow/.local/lib/python3.12/site-packages/airflow/example_dags/example_display_name.py
[2024-10-26T07:06:27.936+0000] {processor.py:925} INFO - DAG(s) 'example_display_name' retrieved from /home/airflow/.local/lib/python3.12/site-packages/airflow/example_dags/example_display_name.py
[2024-10-26T07:06:27.948+0000] {logging_mixin.py:190} INFO - [2024-10-26T07:06:27.948+0000] {dag.py:3239} INFO - Sync 1 DAGs
[2024-10-26T07:06:27.956+0000] {logging_mixin.py:190} INFO - [2024-10-26T07:06:27.956+0000] {dag.py:4180} INFO - Setting next_dagrun for example_display_name to None, run_after=None
[2024-10-26T07:06:27.970+0000] {processor.py:208} INFO - Processing /home/airflow/.local/lib/python3.12/site-packages/airflow/example_dags/example_display_name.py took 0.043 seconds
[2024-10-26T07:06:58.222+0000] {processor.py:186} INFO - Started process (PID=76547) to work on /home/airflow/.local/lib/python3.12/site-packages/airflow/example_dags/example_display_name.py
[2024-10-26T07:06:58.223+0000] {processor.py:914} INFO - Processing file /home/airflow/.local/lib/python3.12/site-packages/airflow/example_dags/example_display_name.py for tasks to queue
[2024-10-26T07:06:58.223+0000] {logging_mixin.py:190} INFO - [2024-10-26T07:06:58.223+0000] {dagbag.py:588} INFO - Filling up the DagBag from /home/airflow/.local/lib/python3.12/site-packages/airflow/example_dags/example_display_name.py
[2024-10-26T07:06:58.227+0000] {processor.py:925} INFO - DAG(s) 'example_display_name' retrieved from /home/airflow/.local/lib/python3.12/site-packages/airflow/example_dags/example_display_name.py
[2024-10-26T07:06:58.239+0000] {logging_mixin.py:190} INFO - [2024-10-26T07:06:58.239+0000] {dag.py:3239} INFO - Sync 1 DAGs
[2024-10-26T07:06:58.247+0000] {logging_mixin.py:190} INFO - [2024-10-26T07:06:58.246+0000] {dag.py:4180} INFO - Setting next_dagrun for example_display_name to None, run_after=None
[2024-10-26T07:06:58.256+0000] {processor.py:208} INFO - Processing /home/airflow/.local/lib/python3.12/site-packages/airflow/example_dags/example_display_name.py took 0.038 seconds
[2024-10-26T07:07:28.737+0000] {processor.py:186} INFO - Started process (PID=76840) to work on /home/airflow/.local/lib/python3.12/site-packages/airflow/example_dags/example_display_name.py
[2024-10-26T07:07:28.738+0000] {processor.py:914} INFO - Processing file /home/airflow/.local/lib/python3.12/site-packages/airflow/example_dags/example_display_name.py for tasks to queue
[2024-10-26T07:07:28.738+0000] {logging_mixin.py:190} INFO - [2024-10-26T07:07:28.738+0000] {dagbag.py:588} INFO - Filling up the DagBag from /home/airflow/.local/lib/python3.12/site-packages/airflow/example_dags/example_display_name.py
[2024-10-26T07:07:28.742+0000] {processor.py:925} INFO - DAG(s) 'example_display_name' retrieved from /home/airflow/.local/lib/python3.12/site-packages/airflow/example_dags/example_display_name.py
[2024-10-26T07:07:28.751+0000] {logging_mixin.py:190} INFO - [2024-10-26T07:07:28.751+0000] {dag.py:3239} INFO - Sync 1 DAGs
[2024-10-26T07:07:28.757+0000] {logging_mixin.py:190} INFO - [2024-10-26T07:07:28.757+0000] {dag.py:4180} INFO - Setting next_dagrun for example_display_name to None, run_after=None
[2024-10-26T07:07:28.764+0000] {processor.py:208} INFO - Processing /home/airflow/.local/lib/python3.12/site-packages/airflow/example_dags/example_display_name.py took 0.030 seconds
[2024-10-26T07:07:59.918+0000] {processor.py:186} INFO - Started process (PID=77129) to work on /home/airflow/.local/lib/python3.12/site-packages/airflow/example_dags/example_display_name.py
[2024-10-26T07:07:59.919+0000] {processor.py:914} INFO - Processing file /home/airflow/.local/lib/python3.12/site-packages/airflow/example_dags/example_display_name.py for tasks to queue
[2024-10-26T07:07:59.920+0000] {logging_mixin.py:190} INFO - [2024-10-26T07:07:59.920+0000] {dagbag.py:588} INFO - Filling up the DagBag from /home/airflow/.local/lib/python3.12/site-packages/airflow/example_dags/example_display_name.py
[2024-10-26T07:07:59.925+0000] {processor.py:925} INFO - DAG(s) 'example_display_name' retrieved from /home/airflow/.local/lib/python3.12/site-packages/airflow/example_dags/example_display_name.py
[2024-10-26T07:07:59.935+0000] {logging_mixin.py:190} INFO - [2024-10-26T07:07:59.935+0000] {dag.py:3239} INFO - Sync 1 DAGs
[2024-10-26T07:07:59.946+0000] {logging_mixin.py:190} INFO - [2024-10-26T07:07:59.945+0000] {dag.py:4180} INFO - Setting next_dagrun for example_display_name to None, run_after=None
[2024-10-26T07:07:59.975+0000] {processor.py:208} INFO - Processing /home/airflow/.local/lib/python3.12/site-packages/airflow/example_dags/example_display_name.py took 0.060 seconds
[2024-10-26T07:08:30.444+0000] {processor.py:186} INFO - Started process (PID=77420) to work on /home/airflow/.local/lib/python3.12/site-packages/airflow/example_dags/example_display_name.py
[2024-10-26T07:08:30.444+0000] {processor.py:914} INFO - Processing file /home/airflow/.local/lib/python3.12/site-packages/airflow/example_dags/example_display_name.py for tasks to queue
[2024-10-26T07:08:30.446+0000] {logging_mixin.py:190} INFO - [2024-10-26T07:08:30.445+0000] {dagbag.py:588} INFO - Filling up the DagBag from /home/airflow/.local/lib/python3.12/site-packages/airflow/example_dags/example_display_name.py
[2024-10-26T07:08:30.451+0000] {processor.py:925} INFO - DAG(s) 'example_display_name' retrieved from /home/airflow/.local/lib/python3.12/site-packages/airflow/example_dags/example_display_name.py
[2024-10-26T07:08:30.463+0000] {logging_mixin.py:190} INFO - [2024-10-26T07:08:30.463+0000] {dag.py:3239} INFO - Sync 1 DAGs
[2024-10-26T07:08:30.470+0000] {logging_mixin.py:190} INFO - [2024-10-26T07:08:30.470+0000] {dag.py:4180} INFO - Setting next_dagrun for example_display_name to None, run_after=None
[2024-10-26T07:08:30.479+0000] {processor.py:208} INFO - Processing /home/airflow/.local/lib/python3.12/site-packages/airflow/example_dags/example_display_name.py took 0.038 seconds
[2024-10-26T07:09:01.476+0000] {processor.py:186} INFO - Started process (PID=77713) to work on /home/airflow/.local/lib/python3.12/site-packages/airflow/example_dags/example_display_name.py
[2024-10-26T07:09:01.479+0000] {processor.py:914} INFO - Processing file /home/airflow/.local/lib/python3.12/site-packages/airflow/example_dags/example_display_name.py for tasks to queue
[2024-10-26T07:09:01.480+0000] {logging_mixin.py:190} INFO - [2024-10-26T07:09:01.480+0000] {dagbag.py:588} INFO - Filling up the DagBag from /home/airflow/.local/lib/python3.12/site-packages/airflow/example_dags/example_display_name.py
[2024-10-26T07:09:01.484+0000] {processor.py:925} INFO - DAG(s) 'example_display_name' retrieved from /home/airflow/.local/lib/python3.12/site-packages/airflow/example_dags/example_display_name.py
[2024-10-26T07:09:01.495+0000] {logging_mixin.py:190} INFO - [2024-10-26T07:09:01.495+0000] {dag.py:3239} INFO - Sync 1 DAGs
[2024-10-26T07:09:01.503+0000] {logging_mixin.py:190} INFO - [2024-10-26T07:09:01.503+0000] {dag.py:4180} INFO - Setting next_dagrun for example_display_name to None, run_after=None
[2024-10-26T07:09:01.514+0000] {processor.py:208} INFO - Processing /home/airflow/.local/lib/python3.12/site-packages/airflow/example_dags/example_display_name.py took 0.041 seconds
[2024-10-26T07:09:31.842+0000] {processor.py:186} INFO - Started process (PID=78002) to work on /home/airflow/.local/lib/python3.12/site-packages/airflow/example_dags/example_display_name.py
[2024-10-26T07:09:31.845+0000] {processor.py:914} INFO - Processing file /home/airflow/.local/lib/python3.12/site-packages/airflow/example_dags/example_display_name.py for tasks to queue
[2024-10-26T07:09:31.846+0000] {logging_mixin.py:190} INFO - [2024-10-26T07:09:31.846+0000] {dagbag.py:588} INFO - Filling up the DagBag from /home/airflow/.local/lib/python3.12/site-packages/airflow/example_dags/example_display_name.py
[2024-10-26T07:09:31.851+0000] {processor.py:925} INFO - DAG(s) 'example_display_name' retrieved from /home/airflow/.local/lib/python3.12/site-packages/airflow/example_dags/example_display_name.py
[2024-10-26T07:09:31.866+0000] {logging_mixin.py:190} INFO - [2024-10-26T07:09:31.865+0000] {dag.py:3239} INFO - Sync 1 DAGs
[2024-10-26T07:09:31.876+0000] {logging_mixin.py:190} INFO - [2024-10-26T07:09:31.875+0000] {dag.py:4180} INFO - Setting next_dagrun for example_display_name to None, run_after=None
[2024-10-26T07:09:31.885+0000] {processor.py:208} INFO - Processing /home/airflow/.local/lib/python3.12/site-packages/airflow/example_dags/example_display_name.py took 0.047 seconds
[2024-10-26T07:10:03.043+0000] {processor.py:186} INFO - Started process (PID=78299) to work on /home/airflow/.local/lib/python3.12/site-packages/airflow/example_dags/example_display_name.py
[2024-10-26T07:10:03.044+0000] {processor.py:914} INFO - Processing file /home/airflow/.local/lib/python3.12/site-packages/airflow/example_dags/example_display_name.py for tasks to queue
[2024-10-26T07:10:03.046+0000] {logging_mixin.py:190} INFO - [2024-10-26T07:10:03.046+0000] {dagbag.py:588} INFO - Filling up the DagBag from /home/airflow/.local/lib/python3.12/site-packages/airflow/example_dags/example_display_name.py
[2024-10-26T07:10:03.050+0000] {processor.py:925} INFO - DAG(s) 'example_display_name' retrieved from /home/airflow/.local/lib/python3.12/site-packages/airflow/example_dags/example_display_name.py
[2024-10-26T07:10:03.062+0000] {logging_mixin.py:190} INFO - [2024-10-26T07:10:03.062+0000] {dag.py:3239} INFO - Sync 1 DAGs
[2024-10-26T07:10:03.070+0000] {logging_mixin.py:190} INFO - [2024-10-26T07:10:03.070+0000] {dag.py:4180} INFO - Setting next_dagrun for example_display_name to None, run_after=None
[2024-10-26T07:10:03.080+0000] {processor.py:208} INFO - Processing /home/airflow/.local/lib/python3.12/site-packages/airflow/example_dags/example_display_name.py took 0.040 seconds
[2024-10-26T07:10:34.822+0000] {processor.py:186} INFO - Started process (PID=78592) to work on /home/airflow/.local/lib/python3.12/site-packages/airflow/example_dags/example_display_name.py
[2024-10-26T07:10:34.823+0000] {processor.py:914} INFO - Processing file /home/airflow/.local/lib/python3.12/site-packages/airflow/example_dags/example_display_name.py for tasks to queue
[2024-10-26T07:10:34.824+0000] {logging_mixin.py:190} INFO - [2024-10-26T07:10:34.823+0000] {dagbag.py:588} INFO - Filling up the DagBag from /home/airflow/.local/lib/python3.12/site-packages/airflow/example_dags/example_display_name.py
[2024-10-26T07:10:34.828+0000] {processor.py:925} INFO - DAG(s) 'example_display_name' retrieved from /home/airflow/.local/lib/python3.12/site-packages/airflow/example_dags/example_display_name.py
[2024-10-26T07:10:34.838+0000] {logging_mixin.py:190} INFO - [2024-10-26T07:10:34.838+0000] {dag.py:3239} INFO - Sync 1 DAGs
[2024-10-26T07:10:34.845+0000] {logging_mixin.py:190} INFO - [2024-10-26T07:10:34.845+0000] {dag.py:4180} INFO - Setting next_dagrun for example_display_name to None, run_after=None
[2024-10-26T07:10:34.856+0000] {processor.py:208} INFO - Processing /home/airflow/.local/lib/python3.12/site-packages/airflow/example_dags/example_display_name.py took 0.038 seconds
[2024-10-26T07:11:06.430+0000] {processor.py:186} INFO - Started process (PID=78886) to work on /home/airflow/.local/lib/python3.12/site-packages/airflow/example_dags/example_display_name.py
[2024-10-26T07:11:06.431+0000] {processor.py:914} INFO - Processing file /home/airflow/.local/lib/python3.12/site-packages/airflow/example_dags/example_display_name.py for tasks to queue
[2024-10-26T07:11:06.431+0000] {logging_mixin.py:190} INFO - [2024-10-26T07:11:06.431+0000] {dagbag.py:588} INFO - Filling up the DagBag from /home/airflow/.local/lib/python3.12/site-packages/airflow/example_dags/example_display_name.py
[2024-10-26T07:11:06.435+0000] {processor.py:925} INFO - DAG(s) 'example_display_name' retrieved from /home/airflow/.local/lib/python3.12/site-packages/airflow/example_dags/example_display_name.py
[2024-10-26T07:11:06.448+0000] {logging_mixin.py:190} INFO - [2024-10-26T07:11:06.447+0000] {dag.py:3239} INFO - Sync 1 DAGs
[2024-10-26T07:11:06.455+0000] {logging_mixin.py:190} INFO - [2024-10-26T07:11:06.455+0000] {dag.py:4180} INFO - Setting next_dagrun for example_display_name to None, run_after=None
[2024-10-26T07:11:06.464+0000] {processor.py:208} INFO - Processing /home/airflow/.local/lib/python3.12/site-packages/airflow/example_dags/example_display_name.py took 0.037 seconds
[2024-10-26T07:11:36.853+0000] {processor.py:186} INFO - Started process (PID=79177) to work on /home/airflow/.local/lib/python3.12/site-packages/airflow/example_dags/example_display_name.py
[2024-10-26T07:11:36.854+0000] {processor.py:914} INFO - Processing file /home/airflow/.local/lib/python3.12/site-packages/airflow/example_dags/example_display_name.py for tasks to queue
[2024-10-26T07:11:36.855+0000] {logging_mixin.py:190} INFO - [2024-10-26T07:11:36.855+0000] {dagbag.py:588} INFO - Filling up the DagBag from /home/airflow/.local/lib/python3.12/site-packages/airflow/example_dags/example_display_name.py
[2024-10-26T07:11:36.859+0000] {processor.py:925} INFO - DAG(s) 'example_display_name' retrieved from /home/airflow/.local/lib/python3.12/site-packages/airflow/example_dags/example_display_name.py
[2024-10-26T07:11:36.875+0000] {logging_mixin.py:190} INFO - [2024-10-26T07:11:36.875+0000] {dag.py:3239} INFO - Sync 1 DAGs
[2024-10-26T07:11:36.889+0000] {logging_mixin.py:190} INFO - [2024-10-26T07:11:36.889+0000] {dag.py:4180} INFO - Setting next_dagrun for example_display_name to None, run_after=None
[2024-10-26T07:11:36.910+0000] {processor.py:208} INFO - Processing /home/airflow/.local/lib/python3.12/site-packages/airflow/example_dags/example_display_name.py took 0.060 seconds
[2024-10-26T07:12:08.048+0000] {processor.py:186} INFO - Started process (PID=79468) to work on /home/airflow/.local/lib/python3.12/site-packages/airflow/example_dags/example_display_name.py
[2024-10-26T07:12:08.048+0000] {processor.py:914} INFO - Processing file /home/airflow/.local/lib/python3.12/site-packages/airflow/example_dags/example_display_name.py for tasks to queue
[2024-10-26T07:12:08.049+0000] {logging_mixin.py:190} INFO - [2024-10-26T07:12:08.049+0000] {dagbag.py:588} INFO - Filling up the DagBag from /home/airflow/.local/lib/python3.12/site-packages/airflow/example_dags/example_display_name.py
[2024-10-26T07:12:08.054+0000] {processor.py:925} INFO - DAG(s) 'example_display_name' retrieved from /home/airflow/.local/lib/python3.12/site-packages/airflow/example_dags/example_display_name.py
[2024-10-26T07:12:08.067+0000] {logging_mixin.py:190} INFO - [2024-10-26T07:12:08.067+0000] {dag.py:3239} INFO - Sync 1 DAGs
[2024-10-26T07:12:08.075+0000] {logging_mixin.py:190} INFO - [2024-10-26T07:12:08.075+0000] {dag.py:4180} INFO - Setting next_dagrun for example_display_name to None, run_after=None
[2024-10-26T07:12:08.092+0000] {processor.py:208} INFO - Processing /home/airflow/.local/lib/python3.12/site-packages/airflow/example_dags/example_display_name.py took 0.048 seconds
[2024-10-26T07:12:39.004+0000] {processor.py:186} INFO - Started process (PID=79759) to work on /home/airflow/.local/lib/python3.12/site-packages/airflow/example_dags/example_display_name.py
[2024-10-26T07:12:39.005+0000] {processor.py:914} INFO - Processing file /home/airflow/.local/lib/python3.12/site-packages/airflow/example_dags/example_display_name.py for tasks to queue
[2024-10-26T07:12:39.006+0000] {logging_mixin.py:190} INFO - [2024-10-26T07:12:39.005+0000] {dagbag.py:588} INFO - Filling up the DagBag from /home/airflow/.local/lib/python3.12/site-packages/airflow/example_dags/example_display_name.py
[2024-10-26T07:12:39.010+0000] {processor.py:925} INFO - DAG(s) 'example_display_name' retrieved from /home/airflow/.local/lib/python3.12/site-packages/airflow/example_dags/example_display_name.py
[2024-10-26T07:12:39.023+0000] {logging_mixin.py:190} INFO - [2024-10-26T07:12:39.023+0000] {dag.py:3239} INFO - Sync 1 DAGs
[2024-10-26T07:12:39.033+0000] {logging_mixin.py:190} INFO - [2024-10-26T07:12:39.032+0000] {dag.py:4180} INFO - Setting next_dagrun for example_display_name to None, run_after=None
[2024-10-26T07:12:39.046+0000] {processor.py:208} INFO - Processing /home/airflow/.local/lib/python3.12/site-packages/airflow/example_dags/example_display_name.py took 0.045 seconds
[2024-10-26T07:13:09.726+0000] {processor.py:186} INFO - Started process (PID=80049) to work on /home/airflow/.local/lib/python3.12/site-packages/airflow/example_dags/example_display_name.py
[2024-10-26T07:13:09.726+0000] {processor.py:914} INFO - Processing file /home/airflow/.local/lib/python3.12/site-packages/airflow/example_dags/example_display_name.py for tasks to queue
[2024-10-26T07:13:09.727+0000] {logging_mixin.py:190} INFO - [2024-10-26T07:13:09.727+0000] {dagbag.py:588} INFO - Filling up the DagBag from /home/airflow/.local/lib/python3.12/site-packages/airflow/example_dags/example_display_name.py
[2024-10-26T07:13:09.731+0000] {processor.py:925} INFO - DAG(s) 'example_display_name' retrieved from /home/airflow/.local/lib/python3.12/site-packages/airflow/example_dags/example_display_name.py
[2024-10-26T07:13:09.745+0000] {logging_mixin.py:190} INFO - [2024-10-26T07:13:09.745+0000] {dag.py:3239} INFO - Sync 1 DAGs
[2024-10-26T07:13:09.757+0000] {logging_mixin.py:190} INFO - [2024-10-26T07:13:09.756+0000] {dag.py:4180} INFO - Setting next_dagrun for example_display_name to None, run_after=None
[2024-10-26T07:13:09.767+0000] {processor.py:208} INFO - Processing /home/airflow/.local/lib/python3.12/site-packages/airflow/example_dags/example_display_name.py took 0.045 seconds
[2024-10-26T07:13:40.296+0000] {processor.py:186} INFO - Started process (PID=80340) to work on /home/airflow/.local/lib/python3.12/site-packages/airflow/example_dags/example_display_name.py
[2024-10-26T07:13:40.298+0000] {processor.py:914} INFO - Processing file /home/airflow/.local/lib/python3.12/site-packages/airflow/example_dags/example_display_name.py for tasks to queue
[2024-10-26T07:13:40.300+0000] {logging_mixin.py:190} INFO - [2024-10-26T07:13:40.300+0000] {dagbag.py:588} INFO - Filling up the DagBag from /home/airflow/.local/lib/python3.12/site-packages/airflow/example_dags/example_display_name.py
[2024-10-26T07:13:40.303+0000] {processor.py:925} INFO - DAG(s) 'example_display_name' retrieved from /home/airflow/.local/lib/python3.12/site-packages/airflow/example_dags/example_display_name.py
[2024-10-26T07:13:40.315+0000] {logging_mixin.py:190} INFO - [2024-10-26T07:13:40.315+0000] {dag.py:3239} INFO - Sync 1 DAGs
[2024-10-26T07:13:40.323+0000] {logging_mixin.py:190} INFO - [2024-10-26T07:13:40.323+0000] {dag.py:4180} INFO - Setting next_dagrun for example_display_name to None, run_after=None
[2024-10-26T07:13:40.331+0000] {processor.py:208} INFO - Processing /home/airflow/.local/lib/python3.12/site-packages/airflow/example_dags/example_display_name.py took 0.039 seconds
[2024-10-26T07:14:12.448+0000] {processor.py:186} INFO - Started process (PID=80631) to work on /home/airflow/.local/lib/python3.12/site-packages/airflow/example_dags/example_display_name.py
[2024-10-26T07:14:12.451+0000] {processor.py:914} INFO - Processing file /home/airflow/.local/lib/python3.12/site-packages/airflow/example_dags/example_display_name.py for tasks to queue
[2024-10-26T07:14:12.453+0000] {logging_mixin.py:190} INFO - [2024-10-26T07:14:12.453+0000] {dagbag.py:588} INFO - Filling up the DagBag from /home/airflow/.local/lib/python3.12/site-packages/airflow/example_dags/example_display_name.py
[2024-10-26T07:14:12.457+0000] {processor.py:925} INFO - DAG(s) 'example_display_name' retrieved from /home/airflow/.local/lib/python3.12/site-packages/airflow/example_dags/example_display_name.py
[2024-10-26T07:14:12.468+0000] {logging_mixin.py:190} INFO - [2024-10-26T07:14:12.468+0000] {dag.py:3239} INFO - Sync 1 DAGs
[2024-10-26T07:14:12.475+0000] {logging_mixin.py:190} INFO - [2024-10-26T07:14:12.475+0000] {dag.py:4180} INFO - Setting next_dagrun for example_display_name to None, run_after=None
[2024-10-26T07:14:12.484+0000] {processor.py:208} INFO - Processing /home/airflow/.local/lib/python3.12/site-packages/airflow/example_dags/example_display_name.py took 0.040 seconds
[2024-10-26T07:14:44.390+0000] {processor.py:186} INFO - Started process (PID=80922) to work on /home/airflow/.local/lib/python3.12/site-packages/airflow/example_dags/example_display_name.py
[2024-10-26T07:14:44.391+0000] {processor.py:914} INFO - Processing file /home/airflow/.local/lib/python3.12/site-packages/airflow/example_dags/example_display_name.py for tasks to queue
[2024-10-26T07:14:44.393+0000] {logging_mixin.py:190} INFO - [2024-10-26T07:14:44.393+0000] {dagbag.py:588} INFO - Filling up the DagBag from /home/airflow/.local/lib/python3.12/site-packages/airflow/example_dags/example_display_name.py
[2024-10-26T07:14:44.398+0000] {processor.py:925} INFO - DAG(s) 'example_display_name' retrieved from /home/airflow/.local/lib/python3.12/site-packages/airflow/example_dags/example_display_name.py
[2024-10-26T07:14:44.411+0000] {logging_mixin.py:190} INFO - [2024-10-26T07:14:44.411+0000] {dag.py:3239} INFO - Sync 1 DAGs
[2024-10-26T07:14:44.552+0000] {logging_mixin.py:190} INFO - [2024-10-26T07:14:44.552+0000] {dag.py:4180} INFO - Setting next_dagrun for example_display_name to None, run_after=None
[2024-10-26T07:14:44.562+0000] {processor.py:208} INFO - Processing /home/airflow/.local/lib/python3.12/site-packages/airflow/example_dags/example_display_name.py took 0.177 seconds
[2024-10-26T07:15:15.302+0000] {processor.py:186} INFO - Started process (PID=81213) to work on /home/airflow/.local/lib/python3.12/site-packages/airflow/example_dags/example_display_name.py
[2024-10-26T07:15:15.305+0000] {processor.py:914} INFO - Processing file /home/airflow/.local/lib/python3.12/site-packages/airflow/example_dags/example_display_name.py for tasks to queue
[2024-10-26T07:15:15.307+0000] {logging_mixin.py:190} INFO - [2024-10-26T07:15:15.306+0000] {dagbag.py:588} INFO - Filling up the DagBag from /home/airflow/.local/lib/python3.12/site-packages/airflow/example_dags/example_display_name.py
[2024-10-26T07:15:15.315+0000] {processor.py:925} INFO - DAG(s) 'example_display_name' retrieved from /home/airflow/.local/lib/python3.12/site-packages/airflow/example_dags/example_display_name.py
[2024-10-26T07:15:15.334+0000] {logging_mixin.py:190} INFO - [2024-10-26T07:15:15.334+0000] {dag.py:3239} INFO - Sync 1 DAGs
[2024-10-26T07:15:15.349+0000] {logging_mixin.py:190} INFO - [2024-10-26T07:15:15.349+0000] {dag.py:4180} INFO - Setting next_dagrun for example_display_name to None, run_after=None
[2024-10-26T07:15:15.362+0000] {processor.py:208} INFO - Processing /home/airflow/.local/lib/python3.12/site-packages/airflow/example_dags/example_display_name.py took 0.066 seconds
[2024-10-26T07:15:45.393+0000] {processor.py:186} INFO - Started process (PID=81504) to work on /home/airflow/.local/lib/python3.12/site-packages/airflow/example_dags/example_display_name.py
[2024-10-26T07:15:45.394+0000] {processor.py:914} INFO - Processing file /home/airflow/.local/lib/python3.12/site-packages/airflow/example_dags/example_display_name.py for tasks to queue
[2024-10-26T07:15:45.395+0000] {logging_mixin.py:190} INFO - [2024-10-26T07:15:45.395+0000] {dagbag.py:588} INFO - Filling up the DagBag from /home/airflow/.local/lib/python3.12/site-packages/airflow/example_dags/example_display_name.py
[2024-10-26T07:15:45.400+0000] {processor.py:925} INFO - DAG(s) 'example_display_name' retrieved from /home/airflow/.local/lib/python3.12/site-packages/airflow/example_dags/example_display_name.py
[2024-10-26T07:15:45.413+0000] {logging_mixin.py:190} INFO - [2024-10-26T07:15:45.412+0000] {dag.py:3239} INFO - Sync 1 DAGs
[2024-10-26T07:15:45.420+0000] {logging_mixin.py:190} INFO - [2024-10-26T07:15:45.420+0000] {dag.py:4180} INFO - Setting next_dagrun for example_display_name to None, run_after=None
[2024-10-26T07:15:45.428+0000] {processor.py:208} INFO - Processing /home/airflow/.local/lib/python3.12/site-packages/airflow/example_dags/example_display_name.py took 0.039 seconds
[2024-10-26T07:16:16.645+0000] {processor.py:186} INFO - Started process (PID=81795) to work on /home/airflow/.local/lib/python3.12/site-packages/airflow/example_dags/example_display_name.py
[2024-10-26T07:16:16.649+0000] {processor.py:914} INFO - Processing file /home/airflow/.local/lib/python3.12/site-packages/airflow/example_dags/example_display_name.py for tasks to queue
[2024-10-26T07:16:16.654+0000] {logging_mixin.py:190} INFO - [2024-10-26T07:16:16.653+0000] {dagbag.py:588} INFO - Filling up the DagBag from /home/airflow/.local/lib/python3.12/site-packages/airflow/example_dags/example_display_name.py
[2024-10-26T07:16:16.684+0000] {processor.py:925} INFO - DAG(s) 'example_display_name' retrieved from /home/airflow/.local/lib/python3.12/site-packages/airflow/example_dags/example_display_name.py
[2024-10-26T07:16:16.754+0000] {logging_mixin.py:190} INFO - [2024-10-26T07:16:16.753+0000] {dag.py:3239} INFO - Sync 1 DAGs
[2024-10-26T07:16:16.790+0000] {logging_mixin.py:190} INFO - [2024-10-26T07:16:16.790+0000] {dag.py:4180} INFO - Setting next_dagrun for example_display_name to None, run_after=None
[2024-10-26T07:16:16.841+0000] {processor.py:208} INFO - Processing /home/airflow/.local/lib/python3.12/site-packages/airflow/example_dags/example_display_name.py took 0.220 seconds
[2024-10-26T07:16:47.772+0000] {processor.py:186} INFO - Started process (PID=82086) to work on /home/airflow/.local/lib/python3.12/site-packages/airflow/example_dags/example_display_name.py
[2024-10-26T07:16:47.777+0000] {processor.py:914} INFO - Processing file /home/airflow/.local/lib/python3.12/site-packages/airflow/example_dags/example_display_name.py for tasks to queue
[2024-10-26T07:16:47.781+0000] {logging_mixin.py:190} INFO - [2024-10-26T07:16:47.780+0000] {dagbag.py:588} INFO - Filling up the DagBag from /home/airflow/.local/lib/python3.12/site-packages/airflow/example_dags/example_display_name.py
[2024-10-26T07:16:47.787+0000] {processor.py:925} INFO - DAG(s) 'example_display_name' retrieved from /home/airflow/.local/lib/python3.12/site-packages/airflow/example_dags/example_display_name.py
[2024-10-26T07:16:47.803+0000] {logging_mixin.py:190} INFO - [2024-10-26T07:16:47.803+0000] {dag.py:3239} INFO - Sync 1 DAGs
[2024-10-26T07:16:47.812+0000] {logging_mixin.py:190} INFO - [2024-10-26T07:16:47.812+0000] {dag.py:4180} INFO - Setting next_dagrun for example_display_name to None, run_after=None
[2024-10-26T07:16:47.826+0000] {processor.py:208} INFO - Processing /home/airflow/.local/lib/python3.12/site-packages/airflow/example_dags/example_display_name.py took 0.061 seconds
[2024-10-26T07:17:18.651+0000] {processor.py:186} INFO - Started process (PID=82376) to work on /home/airflow/.local/lib/python3.12/site-packages/airflow/example_dags/example_display_name.py
[2024-10-26T07:17:18.653+0000] {processor.py:914} INFO - Processing file /home/airflow/.local/lib/python3.12/site-packages/airflow/example_dags/example_display_name.py for tasks to queue
[2024-10-26T07:17:18.654+0000] {logging_mixin.py:190} INFO - [2024-10-26T07:17:18.654+0000] {dagbag.py:588} INFO - Filling up the DagBag from /home/airflow/.local/lib/python3.12/site-packages/airflow/example_dags/example_display_name.py
[2024-10-26T07:17:18.659+0000] {processor.py:925} INFO - DAG(s) 'example_display_name' retrieved from /home/airflow/.local/lib/python3.12/site-packages/airflow/example_dags/example_display_name.py
[2024-10-26T07:17:18.676+0000] {logging_mixin.py:190} INFO - [2024-10-26T07:17:18.676+0000] {dag.py:3239} INFO - Sync 1 DAGs
[2024-10-26T07:17:18.689+0000] {logging_mixin.py:190} INFO - [2024-10-26T07:17:18.689+0000] {dag.py:4180} INFO - Setting next_dagrun for example_display_name to None, run_after=None
[2024-10-26T07:17:18.704+0000] {processor.py:208} INFO - Processing /home/airflow/.local/lib/python3.12/site-packages/airflow/example_dags/example_display_name.py took 0.057 seconds
[2024-10-26T07:17:49.746+0000] {processor.py:186} INFO - Started process (PID=82667) to work on /home/airflow/.local/lib/python3.12/site-packages/airflow/example_dags/example_display_name.py
[2024-10-26T07:17:49.750+0000] {processor.py:914} INFO - Processing file /home/airflow/.local/lib/python3.12/site-packages/airflow/example_dags/example_display_name.py for tasks to queue
[2024-10-26T07:17:49.752+0000] {logging_mixin.py:190} INFO - [2024-10-26T07:17:49.751+0000] {dagbag.py:588} INFO - Filling up the DagBag from /home/airflow/.local/lib/python3.12/site-packages/airflow/example_dags/example_display_name.py
[2024-10-26T07:17:49.767+0000] {processor.py:925} INFO - DAG(s) 'example_display_name' retrieved from /home/airflow/.local/lib/python3.12/site-packages/airflow/example_dags/example_display_name.py
[2024-10-26T07:17:49.788+0000] {logging_mixin.py:190} INFO - [2024-10-26T07:17:49.787+0000] {dag.py:3239} INFO - Sync 1 DAGs
[2024-10-26T07:17:49.802+0000] {logging_mixin.py:190} INFO - [2024-10-26T07:17:49.802+0000] {dag.py:4180} INFO - Setting next_dagrun for example_display_name to None, run_after=None
[2024-10-26T07:17:49.819+0000] {processor.py:208} INFO - Processing /home/airflow/.local/lib/python3.12/site-packages/airflow/example_dags/example_display_name.py took 0.083 seconds
[2024-10-26T07:18:20.071+0000] {processor.py:186} INFO - Started process (PID=82958) to work on /home/airflow/.local/lib/python3.12/site-packages/airflow/example_dags/example_display_name.py
[2024-10-26T07:18:20.077+0000] {processor.py:914} INFO - Processing file /home/airflow/.local/lib/python3.12/site-packages/airflow/example_dags/example_display_name.py for tasks to queue
[2024-10-26T07:18:20.081+0000] {logging_mixin.py:190} INFO - [2024-10-26T07:18:20.081+0000] {dagbag.py:588} INFO - Filling up the DagBag from /home/airflow/.local/lib/python3.12/site-packages/airflow/example_dags/example_display_name.py
[2024-10-26T07:18:20.091+0000] {processor.py:925} INFO - DAG(s) 'example_display_name' retrieved from /home/airflow/.local/lib/python3.12/site-packages/airflow/example_dags/example_display_name.py
[2024-10-26T07:18:20.137+0000] {logging_mixin.py:190} INFO - [2024-10-26T07:18:20.137+0000] {dag.py:3239} INFO - Sync 1 DAGs
[2024-10-26T07:18:20.156+0000] {logging_mixin.py:190} INFO - [2024-10-26T07:18:20.156+0000] {dag.py:4180} INFO - Setting next_dagrun for example_display_name to None, run_after=None
[2024-10-26T07:18:20.173+0000] {processor.py:208} INFO - Processing /home/airflow/.local/lib/python3.12/site-packages/airflow/example_dags/example_display_name.py took 0.109 seconds
[2024-10-26T07:18:51.115+0000] {processor.py:186} INFO - Started process (PID=83249) to work on /home/airflow/.local/lib/python3.12/site-packages/airflow/example_dags/example_display_name.py
[2024-10-26T07:18:51.121+0000] {processor.py:914} INFO - Processing file /home/airflow/.local/lib/python3.12/site-packages/airflow/example_dags/example_display_name.py for tasks to queue
[2024-10-26T07:18:51.126+0000] {logging_mixin.py:190} INFO - [2024-10-26T07:18:51.126+0000] {dagbag.py:588} INFO - Filling up the DagBag from /home/airflow/.local/lib/python3.12/site-packages/airflow/example_dags/example_display_name.py
[2024-10-26T07:18:51.159+0000] {processor.py:925} INFO - DAG(s) 'example_display_name' retrieved from /home/airflow/.local/lib/python3.12/site-packages/airflow/example_dags/example_display_name.py
[2024-10-26T07:18:51.244+0000] {logging_mixin.py:190} INFO - [2024-10-26T07:18:51.244+0000] {dag.py:3239} INFO - Sync 1 DAGs
[2024-10-26T07:18:51.285+0000] {logging_mixin.py:190} INFO - [2024-10-26T07:18:51.285+0000] {dag.py:4180} INFO - Setting next_dagrun for example_display_name to None, run_after=None
[2024-10-26T07:18:51.316+0000] {processor.py:208} INFO - Processing /home/airflow/.local/lib/python3.12/site-packages/airflow/example_dags/example_display_name.py took 0.258 seconds
[2024-10-26T07:19:21.425+0000] {processor.py:186} INFO - Started process (PID=83539) to work on /home/airflow/.local/lib/python3.12/site-packages/airflow/example_dags/example_display_name.py
[2024-10-26T07:19:21.426+0000] {processor.py:914} INFO - Processing file /home/airflow/.local/lib/python3.12/site-packages/airflow/example_dags/example_display_name.py for tasks to queue
[2024-10-26T07:19:21.429+0000] {logging_mixin.py:190} INFO - [2024-10-26T07:19:21.428+0000] {dagbag.py:588} INFO - Filling up the DagBag from /home/airflow/.local/lib/python3.12/site-packages/airflow/example_dags/example_display_name.py
[2024-10-26T07:19:21.442+0000] {processor.py:925} INFO - DAG(s) 'example_display_name' retrieved from /home/airflow/.local/lib/python3.12/site-packages/airflow/example_dags/example_display_name.py
[2024-10-26T07:19:21.463+0000] {logging_mixin.py:190} INFO - [2024-10-26T07:19:21.463+0000] {dag.py:3239} INFO - Sync 1 DAGs
[2024-10-26T07:19:21.475+0000] {logging_mixin.py:190} INFO - [2024-10-26T07:19:21.475+0000] {dag.py:4180} INFO - Setting next_dagrun for example_display_name to None, run_after=None
[2024-10-26T07:19:21.492+0000] {processor.py:208} INFO - Processing /home/airflow/.local/lib/python3.12/site-packages/airflow/example_dags/example_display_name.py took 0.076 seconds
[2024-10-26T07:19:52.337+0000] {processor.py:186} INFO - Started process (PID=83830) to work on /home/airflow/.local/lib/python3.12/site-packages/airflow/example_dags/example_display_name.py
[2024-10-26T07:19:52.343+0000] {processor.py:914} INFO - Processing file /home/airflow/.local/lib/python3.12/site-packages/airflow/example_dags/example_display_name.py for tasks to queue
[2024-10-26T07:19:52.344+0000] {logging_mixin.py:190} INFO - [2024-10-26T07:19:52.343+0000] {dagbag.py:588} INFO - Filling up the DagBag from /home/airflow/.local/lib/python3.12/site-packages/airflow/example_dags/example_display_name.py
[2024-10-26T07:19:52.356+0000] {processor.py:925} INFO - DAG(s) 'example_display_name' retrieved from /home/airflow/.local/lib/python3.12/site-packages/airflow/example_dags/example_display_name.py
[2024-10-26T07:19:52.377+0000] {logging_mixin.py:190} INFO - [2024-10-26T07:19:52.377+0000] {dag.py:3239} INFO - Sync 1 DAGs
[2024-10-26T07:19:52.394+0000] {logging_mixin.py:190} INFO - [2024-10-26T07:19:52.393+0000] {dag.py:4180} INFO - Setting next_dagrun for example_display_name to None, run_after=None
[2024-10-26T07:19:52.409+0000] {processor.py:208} INFO - Processing /home/airflow/.local/lib/python3.12/site-packages/airflow/example_dags/example_display_name.py took 0.083 seconds
[2024-10-26T07:20:22.627+0000] {processor.py:186} INFO - Started process (PID=84122) to work on /home/airflow/.local/lib/python3.12/site-packages/airflow/example_dags/example_display_name.py
[2024-10-26T07:20:22.628+0000] {processor.py:914} INFO - Processing file /home/airflow/.local/lib/python3.12/site-packages/airflow/example_dags/example_display_name.py for tasks to queue
[2024-10-26T07:20:22.629+0000] {logging_mixin.py:190} INFO - [2024-10-26T07:20:22.629+0000] {dagbag.py:588} INFO - Filling up the DagBag from /home/airflow/.local/lib/python3.12/site-packages/airflow/example_dags/example_display_name.py
[2024-10-26T07:20:22.635+0000] {processor.py:925} INFO - DAG(s) 'example_display_name' retrieved from /home/airflow/.local/lib/python3.12/site-packages/airflow/example_dags/example_display_name.py
[2024-10-26T07:20:22.648+0000] {logging_mixin.py:190} INFO - [2024-10-26T07:20:22.648+0000] {dag.py:3239} INFO - Sync 1 DAGs
[2024-10-26T07:20:22.656+0000] {logging_mixin.py:190} INFO - [2024-10-26T07:20:22.655+0000] {dag.py:4180} INFO - Setting next_dagrun for example_display_name to None, run_after=None
[2024-10-26T07:20:22.671+0000] {processor.py:208} INFO - Processing /home/airflow/.local/lib/python3.12/site-packages/airflow/example_dags/example_display_name.py took 0.050 seconds
[2024-10-26T07:20:52.734+0000] {processor.py:186} INFO - Started process (PID=84414) to work on /home/airflow/.local/lib/python3.12/site-packages/airflow/example_dags/example_display_name.py
[2024-10-26T07:20:52.738+0000] {processor.py:914} INFO - Processing file /home/airflow/.local/lib/python3.12/site-packages/airflow/example_dags/example_display_name.py for tasks to queue
[2024-10-26T07:20:52.739+0000] {logging_mixin.py:190} INFO - [2024-10-26T07:20:52.739+0000] {dagbag.py:588} INFO - Filling up the DagBag from /home/airflow/.local/lib/python3.12/site-packages/airflow/example_dags/example_display_name.py
[2024-10-26T07:20:52.743+0000] {processor.py:925} INFO - DAG(s) 'example_display_name' retrieved from /home/airflow/.local/lib/python3.12/site-packages/airflow/example_dags/example_display_name.py
[2024-10-26T07:20:52.754+0000] {logging_mixin.py:190} INFO - [2024-10-26T07:20:52.754+0000] {dag.py:3239} INFO - Sync 1 DAGs
[2024-10-26T07:20:52.761+0000] {logging_mixin.py:190} INFO - [2024-10-26T07:20:52.761+0000] {dag.py:4180} INFO - Setting next_dagrun for example_display_name to None, run_after=None
[2024-10-26T07:20:52.773+0000] {processor.py:208} INFO - Processing /home/airflow/.local/lib/python3.12/site-packages/airflow/example_dags/example_display_name.py took 0.042 seconds
[2024-10-26T07:21:23.382+0000] {processor.py:186} INFO - Started process (PID=84703) to work on /home/airflow/.local/lib/python3.12/site-packages/airflow/example_dags/example_display_name.py
[2024-10-26T07:21:23.383+0000] {processor.py:914} INFO - Processing file /home/airflow/.local/lib/python3.12/site-packages/airflow/example_dags/example_display_name.py for tasks to queue
[2024-10-26T07:21:23.384+0000] {logging_mixin.py:190} INFO - [2024-10-26T07:21:23.383+0000] {dagbag.py:588} INFO - Filling up the DagBag from /home/airflow/.local/lib/python3.12/site-packages/airflow/example_dags/example_display_name.py
[2024-10-26T07:21:23.389+0000] {processor.py:925} INFO - DAG(s) 'example_display_name' retrieved from /home/airflow/.local/lib/python3.12/site-packages/airflow/example_dags/example_display_name.py
[2024-10-26T07:21:23.400+0000] {logging_mixin.py:190} INFO - [2024-10-26T07:21:23.400+0000] {dag.py:3239} INFO - Sync 1 DAGs
[2024-10-26T07:21:23.410+0000] {logging_mixin.py:190} INFO - [2024-10-26T07:21:23.410+0000] {dag.py:4180} INFO - Setting next_dagrun for example_display_name to None, run_after=None
[2024-10-26T07:21:23.419+0000] {processor.py:208} INFO - Processing /home/airflow/.local/lib/python3.12/site-packages/airflow/example_dags/example_display_name.py took 0.041 seconds
[2024-10-26T07:21:55.246+0000] {processor.py:186} INFO - Started process (PID=84994) to work on /home/airflow/.local/lib/python3.12/site-packages/airflow/example_dags/example_display_name.py
[2024-10-26T07:21:55.247+0000] {processor.py:914} INFO - Processing file /home/airflow/.local/lib/python3.12/site-packages/airflow/example_dags/example_display_name.py for tasks to queue
[2024-10-26T07:21:55.248+0000] {logging_mixin.py:190} INFO - [2024-10-26T07:21:55.248+0000] {dagbag.py:588} INFO - Filling up the DagBag from /home/airflow/.local/lib/python3.12/site-packages/airflow/example_dags/example_display_name.py
[2024-10-26T07:21:55.252+0000] {processor.py:925} INFO - DAG(s) 'example_display_name' retrieved from /home/airflow/.local/lib/python3.12/site-packages/airflow/example_dags/example_display_name.py
[2024-10-26T07:21:55.266+0000] {logging_mixin.py:190} INFO - [2024-10-26T07:21:55.266+0000] {dag.py:3239} INFO - Sync 1 DAGs
[2024-10-26T07:21:55.274+0000] {logging_mixin.py:190} INFO - [2024-10-26T07:21:55.273+0000] {dag.py:4180} INFO - Setting next_dagrun for example_display_name to None, run_after=None
[2024-10-26T07:21:55.282+0000] {processor.py:208} INFO - Processing /home/airflow/.local/lib/python3.12/site-packages/airflow/example_dags/example_display_name.py took 0.039 seconds
[2024-10-26T07:22:26.217+0000] {processor.py:186} INFO - Started process (PID=85285) to work on /home/airflow/.local/lib/python3.12/site-packages/airflow/example_dags/example_display_name.py
[2024-10-26T07:22:26.218+0000] {processor.py:914} INFO - Processing file /home/airflow/.local/lib/python3.12/site-packages/airflow/example_dags/example_display_name.py for tasks to queue
[2024-10-26T07:22:26.219+0000] {logging_mixin.py:190} INFO - [2024-10-26T07:22:26.219+0000] {dagbag.py:588} INFO - Filling up the DagBag from /home/airflow/.local/lib/python3.12/site-packages/airflow/example_dags/example_display_name.py
[2024-10-26T07:22:26.225+0000] {processor.py:925} INFO - DAG(s) 'example_display_name' retrieved from /home/airflow/.local/lib/python3.12/site-packages/airflow/example_dags/example_display_name.py
[2024-10-26T07:22:26.238+0000] {logging_mixin.py:190} INFO - [2024-10-26T07:22:26.237+0000] {dag.py:3239} INFO - Sync 1 DAGs
[2024-10-26T07:22:26.247+0000] {logging_mixin.py:190} INFO - [2024-10-26T07:22:26.247+0000] {dag.py:4180} INFO - Setting next_dagrun for example_display_name to None, run_after=None
[2024-10-26T07:22:26.256+0000] {processor.py:208} INFO - Processing /home/airflow/.local/lib/python3.12/site-packages/airflow/example_dags/example_display_name.py took 0.043 seconds
[2024-10-26T07:22:57.024+0000] {processor.py:186} INFO - Started process (PID=85576) to work on /home/airflow/.local/lib/python3.12/site-packages/airflow/example_dags/example_display_name.py
[2024-10-26T07:22:57.025+0000] {processor.py:914} INFO - Processing file /home/airflow/.local/lib/python3.12/site-packages/airflow/example_dags/example_display_name.py for tasks to queue
[2024-10-26T07:22:57.026+0000] {logging_mixin.py:190} INFO - [2024-10-26T07:22:57.026+0000] {dagbag.py:588} INFO - Filling up the DagBag from /home/airflow/.local/lib/python3.12/site-packages/airflow/example_dags/example_display_name.py
[2024-10-26T07:22:57.032+0000] {processor.py:925} INFO - DAG(s) 'example_display_name' retrieved from /home/airflow/.local/lib/python3.12/site-packages/airflow/example_dags/example_display_name.py
[2024-10-26T07:22:57.041+0000] {logging_mixin.py:190} INFO - [2024-10-26T07:22:57.041+0000] {dag.py:3239} INFO - Sync 1 DAGs
[2024-10-26T07:22:57.048+0000] {logging_mixin.py:190} INFO - [2024-10-26T07:22:57.048+0000] {dag.py:4180} INFO - Setting next_dagrun for example_display_name to None, run_after=None
[2024-10-26T07:22:57.058+0000] {processor.py:208} INFO - Processing /home/airflow/.local/lib/python3.12/site-packages/airflow/example_dags/example_display_name.py took 0.037 seconds
[2024-10-26T07:23:27.785+0000] {processor.py:186} INFO - Started process (PID=85867) to work on /home/airflow/.local/lib/python3.12/site-packages/airflow/example_dags/example_display_name.py
[2024-10-26T07:23:27.787+0000] {processor.py:914} INFO - Processing file /home/airflow/.local/lib/python3.12/site-packages/airflow/example_dags/example_display_name.py for tasks to queue
[2024-10-26T07:23:27.788+0000] {logging_mixin.py:190} INFO - [2024-10-26T07:23:27.788+0000] {dagbag.py:588} INFO - Filling up the DagBag from /home/airflow/.local/lib/python3.12/site-packages/airflow/example_dags/example_display_name.py
[2024-10-26T07:23:27.792+0000] {processor.py:925} INFO - DAG(s) 'example_display_name' retrieved from /home/airflow/.local/lib/python3.12/site-packages/airflow/example_dags/example_display_name.py
[2024-10-26T07:23:27.803+0000] {logging_mixin.py:190} INFO - [2024-10-26T07:23:27.803+0000] {dag.py:3239} INFO - Sync 1 DAGs
[2024-10-26T07:23:27.812+0000] {logging_mixin.py:190} INFO - [2024-10-26T07:23:27.812+0000] {dag.py:4180} INFO - Setting next_dagrun for example_display_name to None, run_after=None
[2024-10-26T07:23:27.821+0000] {processor.py:208} INFO - Processing /home/airflow/.local/lib/python3.12/site-packages/airflow/example_dags/example_display_name.py took 0.038 seconds
[2024-10-26T07:23:58.592+0000] {processor.py:186} INFO - Started process (PID=86158) to work on /home/airflow/.local/lib/python3.12/site-packages/airflow/example_dags/example_display_name.py
[2024-10-26T07:23:58.593+0000] {processor.py:914} INFO - Processing file /home/airflow/.local/lib/python3.12/site-packages/airflow/example_dags/example_display_name.py for tasks to queue
[2024-10-26T07:23:58.594+0000] {logging_mixin.py:190} INFO - [2024-10-26T07:23:58.594+0000] {dagbag.py:588} INFO - Filling up the DagBag from /home/airflow/.local/lib/python3.12/site-packages/airflow/example_dags/example_display_name.py
[2024-10-26T07:23:58.600+0000] {processor.py:925} INFO - DAG(s) 'example_display_name' retrieved from /home/airflow/.local/lib/python3.12/site-packages/airflow/example_dags/example_display_name.py
[2024-10-26T07:23:58.610+0000] {logging_mixin.py:190} INFO - [2024-10-26T07:23:58.610+0000] {dag.py:3239} INFO - Sync 1 DAGs
[2024-10-26T07:23:58.617+0000] {logging_mixin.py:190} INFO - [2024-10-26T07:23:58.617+0000] {dag.py:4180} INFO - Setting next_dagrun for example_display_name to None, run_after=None
[2024-10-26T07:23:58.626+0000] {processor.py:208} INFO - Processing /home/airflow/.local/lib/python3.12/site-packages/airflow/example_dags/example_display_name.py took 0.038 seconds
[2024-10-26T07:24:29.612+0000] {processor.py:186} INFO - Started process (PID=86449) to work on /home/airflow/.local/lib/python3.12/site-packages/airflow/example_dags/example_display_name.py
[2024-10-26T07:24:29.614+0000] {processor.py:914} INFO - Processing file /home/airflow/.local/lib/python3.12/site-packages/airflow/example_dags/example_display_name.py for tasks to queue
[2024-10-26T07:24:29.615+0000] {logging_mixin.py:190} INFO - [2024-10-26T07:24:29.615+0000] {dagbag.py:588} INFO - Filling up the DagBag from /home/airflow/.local/lib/python3.12/site-packages/airflow/example_dags/example_display_name.py
[2024-10-26T07:24:29.630+0000] {processor.py:925} INFO - DAG(s) 'example_display_name' retrieved from /home/airflow/.local/lib/python3.12/site-packages/airflow/example_dags/example_display_name.py
[2024-10-26T07:24:29.658+0000] {logging_mixin.py:190} INFO - [2024-10-26T07:24:29.657+0000] {dag.py:3239} INFO - Sync 1 DAGs
[2024-10-26T07:24:29.673+0000] {logging_mixin.py:190} INFO - [2024-10-26T07:24:29.673+0000] {dag.py:4180} INFO - Setting next_dagrun for example_display_name to None, run_after=None
[2024-10-26T07:24:29.688+0000] {processor.py:208} INFO - Processing /home/airflow/.local/lib/python3.12/site-packages/airflow/example_dags/example_display_name.py took 0.081 seconds
[2024-10-26T07:25:00.482+0000] {processor.py:186} INFO - Started process (PID=86742) to work on /home/airflow/.local/lib/python3.12/site-packages/airflow/example_dags/example_display_name.py
[2024-10-26T07:25:00.483+0000] {processor.py:914} INFO - Processing file /home/airflow/.local/lib/python3.12/site-packages/airflow/example_dags/example_display_name.py for tasks to queue
[2024-10-26T07:25:00.483+0000] {logging_mixin.py:190} INFO - [2024-10-26T07:25:00.483+0000] {dagbag.py:588} INFO - Filling up the DagBag from /home/airflow/.local/lib/python3.12/site-packages/airflow/example_dags/example_display_name.py
[2024-10-26T07:25:00.487+0000] {processor.py:925} INFO - DAG(s) 'example_display_name' retrieved from /home/airflow/.local/lib/python3.12/site-packages/airflow/example_dags/example_display_name.py
[2024-10-26T07:25:00.496+0000] {logging_mixin.py:190} INFO - [2024-10-26T07:25:00.496+0000] {dag.py:3239} INFO - Sync 1 DAGs
[2024-10-26T07:25:00.503+0000] {logging_mixin.py:190} INFO - [2024-10-26T07:25:00.502+0000] {dag.py:4180} INFO - Setting next_dagrun for example_display_name to None, run_after=None
[2024-10-26T07:25:00.510+0000] {processor.py:208} INFO - Processing /home/airflow/.local/lib/python3.12/site-packages/airflow/example_dags/example_display_name.py took 0.031 seconds
[2024-10-26T07:25:32.000+0000] {processor.py:186} INFO - Started process (PID=87031) to work on /home/airflow/.local/lib/python3.12/site-packages/airflow/example_dags/example_display_name.py
[2024-10-26T07:25:32.000+0000] {processor.py:914} INFO - Processing file /home/airflow/.local/lib/python3.12/site-packages/airflow/example_dags/example_display_name.py for tasks to queue
[2024-10-26T07:25:32.001+0000] {logging_mixin.py:190} INFO - [2024-10-26T07:25:32.001+0000] {dagbag.py:588} INFO - Filling up the DagBag from /home/airflow/.local/lib/python3.12/site-packages/airflow/example_dags/example_display_name.py
[2024-10-26T07:25:32.007+0000] {processor.py:925} INFO - DAG(s) 'example_display_name' retrieved from /home/airflow/.local/lib/python3.12/site-packages/airflow/example_dags/example_display_name.py
[2024-10-26T07:25:32.026+0000] {logging_mixin.py:190} INFO - [2024-10-26T07:25:32.025+0000] {dag.py:3239} INFO - Sync 1 DAGs
[2024-10-26T07:25:32.037+0000] {logging_mixin.py:190} INFO - [2024-10-26T07:25:32.037+0000] {dag.py:4180} INFO - Setting next_dagrun for example_display_name to None, run_after=None
[2024-10-26T07:25:32.052+0000] {processor.py:208} INFO - Processing /home/airflow/.local/lib/python3.12/site-packages/airflow/example_dags/example_display_name.py took 0.056 seconds
[2024-10-26T07:26:02.660+0000] {processor.py:186} INFO - Started process (PID=87322) to work on /home/airflow/.local/lib/python3.12/site-packages/airflow/example_dags/example_display_name.py
[2024-10-26T07:26:02.661+0000] {processor.py:914} INFO - Processing file /home/airflow/.local/lib/python3.12/site-packages/airflow/example_dags/example_display_name.py for tasks to queue
[2024-10-26T07:26:02.662+0000] {logging_mixin.py:190} INFO - [2024-10-26T07:26:02.661+0000] {dagbag.py:588} INFO - Filling up the DagBag from /home/airflow/.local/lib/python3.12/site-packages/airflow/example_dags/example_display_name.py
[2024-10-26T07:26:02.666+0000] {processor.py:925} INFO - DAG(s) 'example_display_name' retrieved from /home/airflow/.local/lib/python3.12/site-packages/airflow/example_dags/example_display_name.py
[2024-10-26T07:26:02.677+0000] {logging_mixin.py:190} INFO - [2024-10-26T07:26:02.676+0000] {dag.py:3239} INFO - Sync 1 DAGs
[2024-10-26T07:26:02.685+0000] {logging_mixin.py:190} INFO - [2024-10-26T07:26:02.684+0000] {dag.py:4180} INFO - Setting next_dagrun for example_display_name to None, run_after=None
[2024-10-26T07:26:02.697+0000] {processor.py:208} INFO - Processing /home/airflow/.local/lib/python3.12/site-packages/airflow/example_dags/example_display_name.py took 0.040 seconds
[2024-10-26T07:26:33.441+0000] {processor.py:186} INFO - Started process (PID=87613) to work on /home/airflow/.local/lib/python3.12/site-packages/airflow/example_dags/example_display_name.py
[2024-10-26T07:26:33.442+0000] {processor.py:914} INFO - Processing file /home/airflow/.local/lib/python3.12/site-packages/airflow/example_dags/example_display_name.py for tasks to queue
[2024-10-26T07:26:33.444+0000] {logging_mixin.py:190} INFO - [2024-10-26T07:26:33.444+0000] {dagbag.py:588} INFO - Filling up the DagBag from /home/airflow/.local/lib/python3.12/site-packages/airflow/example_dags/example_display_name.py
[2024-10-26T07:26:33.448+0000] {processor.py:925} INFO - DAG(s) 'example_display_name' retrieved from /home/airflow/.local/lib/python3.12/site-packages/airflow/example_dags/example_display_name.py
[2024-10-26T07:26:33.458+0000] {logging_mixin.py:190} INFO - [2024-10-26T07:26:33.458+0000] {dag.py:3239} INFO - Sync 1 DAGs
[2024-10-26T07:26:33.466+0000] {logging_mixin.py:190} INFO - [2024-10-26T07:26:33.466+0000] {dag.py:4180} INFO - Setting next_dagrun for example_display_name to None, run_after=None
[2024-10-26T07:26:33.476+0000] {processor.py:208} INFO - Processing /home/airflow/.local/lib/python3.12/site-packages/airflow/example_dags/example_display_name.py took 0.039 seconds
[2024-10-26T07:27:03.682+0000] {processor.py:186} INFO - Started process (PID=87904) to work on /home/airflow/.local/lib/python3.12/site-packages/airflow/example_dags/example_display_name.py
[2024-10-26T07:27:03.685+0000] {processor.py:914} INFO - Processing file /home/airflow/.local/lib/python3.12/site-packages/airflow/example_dags/example_display_name.py for tasks to queue
[2024-10-26T07:27:03.686+0000] {logging_mixin.py:190} INFO - [2024-10-26T07:27:03.686+0000] {dagbag.py:588} INFO - Filling up the DagBag from /home/airflow/.local/lib/python3.12/site-packages/airflow/example_dags/example_display_name.py
[2024-10-26T07:27:03.691+0000] {processor.py:925} INFO - DAG(s) 'example_display_name' retrieved from /home/airflow/.local/lib/python3.12/site-packages/airflow/example_dags/example_display_name.py
[2024-10-26T07:27:03.705+0000] {logging_mixin.py:190} INFO - [2024-10-26T07:27:03.705+0000] {dag.py:3239} INFO - Sync 1 DAGs
[2024-10-26T07:27:03.712+0000] {logging_mixin.py:190} INFO - [2024-10-26T07:27:03.712+0000] {dag.py:4180} INFO - Setting next_dagrun for example_display_name to None, run_after=None
[2024-10-26T07:27:03.721+0000] {processor.py:208} INFO - Processing /home/airflow/.local/lib/python3.12/site-packages/airflow/example_dags/example_display_name.py took 0.042 seconds
[2024-10-26T07:27:34.437+0000] {processor.py:186} INFO - Started process (PID=88195) to work on /home/airflow/.local/lib/python3.12/site-packages/airflow/example_dags/example_display_name.py
[2024-10-26T07:27:34.441+0000] {processor.py:914} INFO - Processing file /home/airflow/.local/lib/python3.12/site-packages/airflow/example_dags/example_display_name.py for tasks to queue
[2024-10-26T07:27:34.442+0000] {logging_mixin.py:190} INFO - [2024-10-26T07:27:34.442+0000] {dagbag.py:588} INFO - Filling up the DagBag from /home/airflow/.local/lib/python3.12/site-packages/airflow/example_dags/example_display_name.py
[2024-10-26T07:27:34.447+0000] {processor.py:925} INFO - DAG(s) 'example_display_name' retrieved from /home/airflow/.local/lib/python3.12/site-packages/airflow/example_dags/example_display_name.py
[2024-10-26T07:27:34.471+0000] {logging_mixin.py:190} INFO - [2024-10-26T07:27:34.471+0000] {dag.py:3239} INFO - Sync 1 DAGs
[2024-10-26T07:27:34.481+0000] {logging_mixin.py:190} INFO - [2024-10-26T07:27:34.481+0000] {dag.py:4180} INFO - Setting next_dagrun for example_display_name to None, run_after=None
[2024-10-26T07:27:34.493+0000] {processor.py:208} INFO - Processing /home/airflow/.local/lib/python3.12/site-packages/airflow/example_dags/example_display_name.py took 0.060 seconds
