[2024-10-26T00:46:25.772+0000] {processor.py:186} INFO - Started process (PID=70874) to work on /home/airflow/.local/lib/python3.12/site-packages/airflow/example_dags/example_short_circuit_operator.py
[2024-10-26T00:46:25.772+0000] {processor.py:914} INFO - Processing file /home/airflow/.local/lib/python3.12/site-packages/airflow/example_dags/example_short_circuit_operator.py for tasks to queue
[2024-10-26T00:46:25.773+0000] {logging_mixin.py:190} INFO - [2024-10-26T00:46:25.773+0000] {dagbag.py:588} INFO - Filling up the DagBag from /home/airflow/.local/lib/python3.12/site-packages/airflow/example_dags/example_short_circuit_operator.py
[2024-10-26T00:46:25.779+0000] {processor.py:925} INFO - DAG(s) 'example_short_circuit_operator' retrieved from /home/airflow/.local/lib/python3.12/site-packages/airflow/example_dags/example_short_circuit_operator.py
[2024-10-26T00:46:25.796+0000] {logging_mixin.py:190} INFO - [2024-10-26T00:46:25.796+0000] {dag.py:3239} INFO - Sync 1 DAGs
[2024-10-26T00:46:25.803+0000] {logging_mixin.py:190} INFO - [2024-10-26T00:46:25.803+0000] {dag.py:4180} INFO - Setting next_dagrun for example_short_circuit_operator to None, run_after=None
[2024-10-26T00:46:25.814+0000] {processor.py:208} INFO - Processing /home/airflow/.local/lib/python3.12/site-packages/airflow/example_dags/example_short_circuit_operator.py took 0.045 seconds
[2024-10-26T01:37:09.492+0000] {processor.py:186} INFO - Started process (PID=71168) to work on /home/airflow/.local/lib/python3.12/site-packages/airflow/example_dags/example_short_circuit_operator.py
[2024-10-26T01:37:09.493+0000] {processor.py:914} INFO - Processing file /home/airflow/.local/lib/python3.12/site-packages/airflow/example_dags/example_short_circuit_operator.py for tasks to queue
[2024-10-26T01:37:09.494+0000] {logging_mixin.py:190} INFO - [2024-10-26T01:37:09.494+0000] {dagbag.py:588} INFO - Filling up the DagBag from /home/airflow/.local/lib/python3.12/site-packages/airflow/example_dags/example_short_circuit_operator.py
[2024-10-26T01:37:09.498+0000] {processor.py:925} INFO - DAG(s) 'example_short_circuit_operator' retrieved from /home/airflow/.local/lib/python3.12/site-packages/airflow/example_dags/example_short_circuit_operator.py
[2024-10-26T01:37:09.510+0000] {logging_mixin.py:190} INFO - [2024-10-26T01:37:09.509+0000] {dag.py:3239} INFO - Sync 1 DAGs
[2024-10-26T01:37:09.517+0000] {logging_mixin.py:190} INFO - [2024-10-26T01:37:09.517+0000] {dag.py:4180} INFO - Setting next_dagrun for example_short_circuit_operator to None, run_after=None
[2024-10-26T01:37:09.527+0000] {processor.py:208} INFO - Processing /home/airflow/.local/lib/python3.12/site-packages/airflow/example_dags/example_short_circuit_operator.py took 0.038 seconds
[2024-10-26T02:57:38.424+0000] {processor.py:186} INFO - Started process (PID=71457) to work on /home/airflow/.local/lib/python3.12/site-packages/airflow/example_dags/example_short_circuit_operator.py
[2024-10-26T02:57:38.429+0000] {processor.py:914} INFO - Processing file /home/airflow/.local/lib/python3.12/site-packages/airflow/example_dags/example_short_circuit_operator.py for tasks to queue
[2024-10-26T02:57:38.429+0000] {logging_mixin.py:190} INFO - [2024-10-26T02:57:38.429+0000] {dagbag.py:588} INFO - Filling up the DagBag from /home/airflow/.local/lib/python3.12/site-packages/airflow/example_dags/example_short_circuit_operator.py
[2024-10-26T02:57:38.435+0000] {processor.py:925} INFO - DAG(s) 'example_short_circuit_operator' retrieved from /home/airflow/.local/lib/python3.12/site-packages/airflow/example_dags/example_short_circuit_operator.py
[2024-10-26T02:57:38.453+0000] {logging_mixin.py:190} INFO - [2024-10-26T02:57:38.451+0000] {dag.py:3239} INFO - Sync 1 DAGs
[2024-10-26T02:57:38.461+0000] {logging_mixin.py:190} INFO - [2024-10-26T02:57:38.461+0000] {dag.py:4180} INFO - Setting next_dagrun for example_short_circuit_operator to None, run_after=None
[2024-10-26T02:57:38.470+0000] {processor.py:208} INFO - Processing /home/airflow/.local/lib/python3.12/site-packages/airflow/example_dags/example_short_circuit_operator.py took 0.050 seconds
[2024-10-26T04:18:35.725+0000] {processor.py:186} INFO - Started process (PID=71748) to work on /home/airflow/.local/lib/python3.12/site-packages/airflow/example_dags/example_short_circuit_operator.py
[2024-10-26T04:18:35.726+0000] {processor.py:914} INFO - Processing file /home/airflow/.local/lib/python3.12/site-packages/airflow/example_dags/example_short_circuit_operator.py for tasks to queue
[2024-10-26T04:18:35.728+0000] {logging_mixin.py:190} INFO - [2024-10-26T04:18:35.727+0000] {dagbag.py:588} INFO - Filling up the DagBag from /home/airflow/.local/lib/python3.12/site-packages/airflow/example_dags/example_short_circuit_operator.py
[2024-10-26T04:18:35.732+0000] {processor.py:925} INFO - DAG(s) 'example_short_circuit_operator' retrieved from /home/airflow/.local/lib/python3.12/site-packages/airflow/example_dags/example_short_circuit_operator.py
[2024-10-26T04:18:35.747+0000] {logging_mixin.py:190} INFO - [2024-10-26T04:18:35.747+0000] {dag.py:3239} INFO - Sync 1 DAGs
[2024-10-26T04:18:35.755+0000] {logging_mixin.py:190} INFO - [2024-10-26T04:18:35.755+0000] {dag.py:4180} INFO - Setting next_dagrun for example_short_circuit_operator to None, run_after=None
[2024-10-26T04:18:35.764+0000] {processor.py:208} INFO - Processing /home/airflow/.local/lib/python3.12/site-packages/airflow/example_dags/example_short_circuit_operator.py took 0.043 seconds
[2024-10-26T05:41:05.510+0000] {processor.py:186} INFO - Started process (PID=72039) to work on /home/airflow/.local/lib/python3.12/site-packages/airflow/example_dags/example_short_circuit_operator.py
[2024-10-26T05:41:05.511+0000] {processor.py:914} INFO - Processing file /home/airflow/.local/lib/python3.12/site-packages/airflow/example_dags/example_short_circuit_operator.py for tasks to queue
[2024-10-26T05:41:05.513+0000] {logging_mixin.py:190} INFO - [2024-10-26T05:41:05.513+0000] {dagbag.py:588} INFO - Filling up the DagBag from /home/airflow/.local/lib/python3.12/site-packages/airflow/example_dags/example_short_circuit_operator.py
[2024-10-26T05:41:05.517+0000] {processor.py:925} INFO - DAG(s) 'example_short_circuit_operator' retrieved from /home/airflow/.local/lib/python3.12/site-packages/airflow/example_dags/example_short_circuit_operator.py
[2024-10-26T05:41:05.532+0000] {logging_mixin.py:190} INFO - [2024-10-26T05:41:05.532+0000] {dag.py:3239} INFO - Sync 1 DAGs
[2024-10-26T05:41:05.542+0000] {logging_mixin.py:190} INFO - [2024-10-26T05:41:05.542+0000] {dag.py:4180} INFO - Setting next_dagrun for example_short_circuit_operator to None, run_after=None
[2024-10-26T05:41:05.551+0000] {processor.py:208} INFO - Processing /home/airflow/.local/lib/python3.12/site-packages/airflow/example_dags/example_short_circuit_operator.py took 0.044 seconds
[2024-10-26T06:59:45.810+0000] {processor.py:186} INFO - Started process (PID=72330) to work on /home/airflow/.local/lib/python3.12/site-packages/airflow/example_dags/example_short_circuit_operator.py
[2024-10-26T06:59:45.810+0000] {processor.py:914} INFO - Processing file /home/airflow/.local/lib/python3.12/site-packages/airflow/example_dags/example_short_circuit_operator.py for tasks to queue
[2024-10-26T06:59:45.811+0000] {logging_mixin.py:190} INFO - [2024-10-26T06:59:45.811+0000] {dagbag.py:588} INFO - Filling up the DagBag from /home/airflow/.local/lib/python3.12/site-packages/airflow/example_dags/example_short_circuit_operator.py
[2024-10-26T06:59:45.816+0000] {processor.py:925} INFO - DAG(s) 'example_short_circuit_operator' retrieved from /home/airflow/.local/lib/python3.12/site-packages/airflow/example_dags/example_short_circuit_operator.py
[2024-10-26T06:59:45.827+0000] {logging_mixin.py:190} INFO - [2024-10-26T06:59:45.827+0000] {dag.py:3239} INFO - Sync 1 DAGs
[2024-10-26T06:59:45.834+0000] {logging_mixin.py:190} INFO - [2024-10-26T06:59:45.834+0000] {dag.py:4180} INFO - Setting next_dagrun for example_short_circuit_operator to None, run_after=None
[2024-10-26T06:59:45.844+0000] {processor.py:208} INFO - Processing /home/airflow/.local/lib/python3.12/site-packages/airflow/example_dags/example_short_circuit_operator.py took 0.038 seconds
[2024-10-26T07:00:16.452+0000] {processor.py:186} INFO - Started process (PID=72621) to work on /home/airflow/.local/lib/python3.12/site-packages/airflow/example_dags/example_short_circuit_operator.py
[2024-10-26T07:00:16.453+0000] {processor.py:914} INFO - Processing file /home/airflow/.local/lib/python3.12/site-packages/airflow/example_dags/example_short_circuit_operator.py for tasks to queue
[2024-10-26T07:00:16.453+0000] {logging_mixin.py:190} INFO - [2024-10-26T07:00:16.453+0000] {dagbag.py:588} INFO - Filling up the DagBag from /home/airflow/.local/lib/python3.12/site-packages/airflow/example_dags/example_short_circuit_operator.py
[2024-10-26T07:00:16.458+0000] {processor.py:925} INFO - DAG(s) 'example_short_circuit_operator' retrieved from /home/airflow/.local/lib/python3.12/site-packages/airflow/example_dags/example_short_circuit_operator.py
[2024-10-26T07:00:16.469+0000] {logging_mixin.py:190} INFO - [2024-10-26T07:00:16.469+0000] {dag.py:3239} INFO - Sync 1 DAGs
[2024-10-26T07:00:16.476+0000] {logging_mixin.py:190} INFO - [2024-10-26T07:00:16.476+0000] {dag.py:4180} INFO - Setting next_dagrun for example_short_circuit_operator to None, run_after=None
[2024-10-26T07:00:16.487+0000] {processor.py:208} INFO - Processing /home/airflow/.local/lib/python3.12/site-packages/airflow/example_dags/example_short_circuit_operator.py took 0.038 seconds
[2024-10-26T07:00:46.978+0000] {processor.py:186} INFO - Started process (PID=72914) to work on /home/airflow/.local/lib/python3.12/site-packages/airflow/example_dags/example_short_circuit_operator.py
[2024-10-26T07:00:46.981+0000] {processor.py:914} INFO - Processing file /home/airflow/.local/lib/python3.12/site-packages/airflow/example_dags/example_short_circuit_operator.py for tasks to queue
[2024-10-26T07:00:46.981+0000] {logging_mixin.py:190} INFO - [2024-10-26T07:00:46.981+0000] {dagbag.py:588} INFO - Filling up the DagBag from /home/airflow/.local/lib/python3.12/site-packages/airflow/example_dags/example_short_circuit_operator.py
[2024-10-26T07:00:46.987+0000] {processor.py:925} INFO - DAG(s) 'example_short_circuit_operator' retrieved from /home/airflow/.local/lib/python3.12/site-packages/airflow/example_dags/example_short_circuit_operator.py
[2024-10-26T07:00:46.998+0000] {logging_mixin.py:190} INFO - [2024-10-26T07:00:46.998+0000] {dag.py:3239} INFO - Sync 1 DAGs
[2024-10-26T07:00:47.004+0000] {logging_mixin.py:190} INFO - [2024-10-26T07:00:47.004+0000] {dag.py:4180} INFO - Setting next_dagrun for example_short_circuit_operator to None, run_after=None
[2024-10-26T07:00:47.012+0000] {processor.py:208} INFO - Processing /home/airflow/.local/lib/python3.12/site-packages/airflow/example_dags/example_short_circuit_operator.py took 0.036 seconds
[2024-10-26T07:01:18.710+0000] {processor.py:186} INFO - Started process (PID=73203) to work on /home/airflow/.local/lib/python3.12/site-packages/airflow/example_dags/example_short_circuit_operator.py
[2024-10-26T07:01:18.713+0000] {processor.py:914} INFO - Processing file /home/airflow/.local/lib/python3.12/site-packages/airflow/example_dags/example_short_circuit_operator.py for tasks to queue
[2024-10-26T07:01:18.715+0000] {logging_mixin.py:190} INFO - [2024-10-26T07:01:18.715+0000] {dagbag.py:588} INFO - Filling up the DagBag from /home/airflow/.local/lib/python3.12/site-packages/airflow/example_dags/example_short_circuit_operator.py
[2024-10-26T07:01:18.723+0000] {processor.py:925} INFO - DAG(s) 'example_short_circuit_operator' retrieved from /home/airflow/.local/lib/python3.12/site-packages/airflow/example_dags/example_short_circuit_operator.py
[2024-10-26T07:01:18.759+0000] {logging_mixin.py:190} INFO - [2024-10-26T07:01:18.759+0000] {dag.py:3239} INFO - Sync 1 DAGs
[2024-10-26T07:01:18.780+0000] {logging_mixin.py:190} INFO - [2024-10-26T07:01:18.780+0000] {dag.py:4180} INFO - Setting next_dagrun for example_short_circuit_operator to None, run_after=None
[2024-10-26T07:01:18.800+0000] {processor.py:208} INFO - Processing /home/airflow/.local/lib/python3.12/site-packages/airflow/example_dags/example_short_circuit_operator.py took 0.094 seconds
[2024-10-26T07:01:50.301+0000] {processor.py:186} INFO - Started process (PID=73494) to work on /home/airflow/.local/lib/python3.12/site-packages/airflow/example_dags/example_short_circuit_operator.py
[2024-10-26T07:01:50.301+0000] {processor.py:914} INFO - Processing file /home/airflow/.local/lib/python3.12/site-packages/airflow/example_dags/example_short_circuit_operator.py for tasks to queue
[2024-10-26T07:01:50.302+0000] {logging_mixin.py:190} INFO - [2024-10-26T07:01:50.302+0000] {dagbag.py:588} INFO - Filling up the DagBag from /home/airflow/.local/lib/python3.12/site-packages/airflow/example_dags/example_short_circuit_operator.py
[2024-10-26T07:01:50.307+0000] {processor.py:925} INFO - DAG(s) 'example_short_circuit_operator' retrieved from /home/airflow/.local/lib/python3.12/site-packages/airflow/example_dags/example_short_circuit_operator.py
[2024-10-26T07:01:50.319+0000] {logging_mixin.py:190} INFO - [2024-10-26T07:01:50.319+0000] {dag.py:3239} INFO - Sync 1 DAGs
[2024-10-26T07:01:50.331+0000] {logging_mixin.py:190} INFO - [2024-10-26T07:01:50.331+0000] {dag.py:4180} INFO - Setting next_dagrun for example_short_circuit_operator to None, run_after=None
[2024-10-26T07:01:50.343+0000] {processor.py:208} INFO - Processing /home/airflow/.local/lib/python3.12/site-packages/airflow/example_dags/example_short_circuit_operator.py took 0.048 seconds
[2024-10-26T07:02:20.586+0000] {processor.py:186} INFO - Started process (PID=73787) to work on /home/airflow/.local/lib/python3.12/site-packages/airflow/example_dags/example_short_circuit_operator.py
[2024-10-26T07:02:20.586+0000] {processor.py:914} INFO - Processing file /home/airflow/.local/lib/python3.12/site-packages/airflow/example_dags/example_short_circuit_operator.py for tasks to queue
[2024-10-26T07:02:20.587+0000] {logging_mixin.py:190} INFO - [2024-10-26T07:02:20.587+0000] {dagbag.py:588} INFO - Filling up the DagBag from /home/airflow/.local/lib/python3.12/site-packages/airflow/example_dags/example_short_circuit_operator.py
[2024-10-26T07:02:20.592+0000] {processor.py:925} INFO - DAG(s) 'example_short_circuit_operator' retrieved from /home/airflow/.local/lib/python3.12/site-packages/airflow/example_dags/example_short_circuit_operator.py
[2024-10-26T07:02:20.606+0000] {logging_mixin.py:190} INFO - [2024-10-26T07:02:20.605+0000] {dag.py:3239} INFO - Sync 1 DAGs
[2024-10-26T07:02:20.613+0000] {logging_mixin.py:190} INFO - [2024-10-26T07:02:20.613+0000] {dag.py:4180} INFO - Setting next_dagrun for example_short_circuit_operator to None, run_after=None
[2024-10-26T07:02:20.620+0000] {processor.py:208} INFO - Processing /home/airflow/.local/lib/python3.12/site-packages/airflow/example_dags/example_short_circuit_operator.py took 0.037 seconds
[2024-10-26T07:02:50.654+0000] {processor.py:186} INFO - Started process (PID=74076) to work on /home/airflow/.local/lib/python3.12/site-packages/airflow/example_dags/example_short_circuit_operator.py
[2024-10-26T07:02:50.655+0000] {processor.py:914} INFO - Processing file /home/airflow/.local/lib/python3.12/site-packages/airflow/example_dags/example_short_circuit_operator.py for tasks to queue
[2024-10-26T07:02:50.655+0000] {logging_mixin.py:190} INFO - [2024-10-26T07:02:50.655+0000] {dagbag.py:588} INFO - Filling up the DagBag from /home/airflow/.local/lib/python3.12/site-packages/airflow/example_dags/example_short_circuit_operator.py
[2024-10-26T07:02:50.660+0000] {processor.py:925} INFO - DAG(s) 'example_short_circuit_operator' retrieved from /home/airflow/.local/lib/python3.12/site-packages/airflow/example_dags/example_short_circuit_operator.py
[2024-10-26T07:02:50.674+0000] {logging_mixin.py:190} INFO - [2024-10-26T07:02:50.674+0000] {dag.py:3239} INFO - Sync 1 DAGs
[2024-10-26T07:02:50.685+0000] {logging_mixin.py:190} INFO - [2024-10-26T07:02:50.685+0000] {dag.py:4180} INFO - Setting next_dagrun for example_short_circuit_operator to None, run_after=None
[2024-10-26T07:02:50.697+0000] {processor.py:208} INFO - Processing /home/airflow/.local/lib/python3.12/site-packages/airflow/example_dags/example_short_circuit_operator.py took 0.046 seconds
[2024-10-26T07:03:21.789+0000] {processor.py:186} INFO - Started process (PID=74367) to work on /home/airflow/.local/lib/python3.12/site-packages/airflow/example_dags/example_short_circuit_operator.py
[2024-10-26T07:03:21.789+0000] {processor.py:914} INFO - Processing file /home/airflow/.local/lib/python3.12/site-packages/airflow/example_dags/example_short_circuit_operator.py for tasks to queue
[2024-10-26T07:03:21.790+0000] {logging_mixin.py:190} INFO - [2024-10-26T07:03:21.790+0000] {dagbag.py:588} INFO - Filling up the DagBag from /home/airflow/.local/lib/python3.12/site-packages/airflow/example_dags/example_short_circuit_operator.py
[2024-10-26T07:03:21.795+0000] {processor.py:925} INFO - DAG(s) 'example_short_circuit_operator' retrieved from /home/airflow/.local/lib/python3.12/site-packages/airflow/example_dags/example_short_circuit_operator.py
[2024-10-26T07:03:21.808+0000] {logging_mixin.py:190} INFO - [2024-10-26T07:03:21.808+0000] {dag.py:3239} INFO - Sync 1 DAGs
[2024-10-26T07:03:21.817+0000] {logging_mixin.py:190} INFO - [2024-10-26T07:03:21.816+0000] {dag.py:4180} INFO - Setting next_dagrun for example_short_circuit_operator to None, run_after=None
[2024-10-26T07:03:21.830+0000] {processor.py:208} INFO - Processing /home/airflow/.local/lib/python3.12/site-packages/airflow/example_dags/example_short_circuit_operator.py took 0.046 seconds
[2024-10-26T07:03:52.832+0000] {processor.py:186} INFO - Started process (PID=74658) to work on /home/airflow/.local/lib/python3.12/site-packages/airflow/example_dags/example_short_circuit_operator.py
[2024-10-26T07:03:52.833+0000] {processor.py:914} INFO - Processing file /home/airflow/.local/lib/python3.12/site-packages/airflow/example_dags/example_short_circuit_operator.py for tasks to queue
[2024-10-26T07:03:52.833+0000] {logging_mixin.py:190} INFO - [2024-10-26T07:03:52.833+0000] {dagbag.py:588} INFO - Filling up the DagBag from /home/airflow/.local/lib/python3.12/site-packages/airflow/example_dags/example_short_circuit_operator.py
[2024-10-26T07:03:52.841+0000] {processor.py:925} INFO - DAG(s) 'example_short_circuit_operator' retrieved from /home/airflow/.local/lib/python3.12/site-packages/airflow/example_dags/example_short_circuit_operator.py
[2024-10-26T07:03:52.879+0000] {logging_mixin.py:190} INFO - [2024-10-26T07:03:52.878+0000] {dag.py:3239} INFO - Sync 1 DAGs
[2024-10-26T07:03:52.897+0000] {logging_mixin.py:190} INFO - [2024-10-26T07:03:52.897+0000] {dag.py:4180} INFO - Setting next_dagrun for example_short_circuit_operator to None, run_after=None
[2024-10-26T07:03:52.918+0000] {processor.py:208} INFO - Processing /home/airflow/.local/lib/python3.12/site-packages/airflow/example_dags/example_short_circuit_operator.py took 0.091 seconds
[2024-10-26T07:04:23.289+0000] {processor.py:186} INFO - Started process (PID=74948) to work on /home/airflow/.local/lib/python3.12/site-packages/airflow/example_dags/example_short_circuit_operator.py
[2024-10-26T07:04:23.289+0000] {processor.py:914} INFO - Processing file /home/airflow/.local/lib/python3.12/site-packages/airflow/example_dags/example_short_circuit_operator.py for tasks to queue
[2024-10-26T07:04:23.290+0000] {logging_mixin.py:190} INFO - [2024-10-26T07:04:23.290+0000] {dagbag.py:588} INFO - Filling up the DagBag from /home/airflow/.local/lib/python3.12/site-packages/airflow/example_dags/example_short_circuit_operator.py
[2024-10-26T07:04:23.294+0000] {processor.py:925} INFO - DAG(s) 'example_short_circuit_operator' retrieved from /home/airflow/.local/lib/python3.12/site-packages/airflow/example_dags/example_short_circuit_operator.py
[2024-10-26T07:04:23.310+0000] {logging_mixin.py:190} INFO - [2024-10-26T07:04:23.310+0000] {dag.py:3239} INFO - Sync 1 DAGs
[2024-10-26T07:04:23.317+0000] {logging_mixin.py:190} INFO - [2024-10-26T07:04:23.317+0000] {dag.py:4180} INFO - Setting next_dagrun for example_short_circuit_operator to None, run_after=None
[2024-10-26T07:04:23.327+0000] {processor.py:208} INFO - Processing /home/airflow/.local/lib/python3.12/site-packages/airflow/example_dags/example_short_circuit_operator.py took 0.045 seconds
[2024-10-26T07:04:53.508+0000] {processor.py:186} INFO - Started process (PID=75239) to work on /home/airflow/.local/lib/python3.12/site-packages/airflow/example_dags/example_short_circuit_operator.py
[2024-10-26T07:04:53.509+0000] {processor.py:914} INFO - Processing file /home/airflow/.local/lib/python3.12/site-packages/airflow/example_dags/example_short_circuit_operator.py for tasks to queue
[2024-10-26T07:04:53.511+0000] {logging_mixin.py:190} INFO - [2024-10-26T07:04:53.510+0000] {dagbag.py:588} INFO - Filling up the DagBag from /home/airflow/.local/lib/python3.12/site-packages/airflow/example_dags/example_short_circuit_operator.py
[2024-10-26T07:04:53.516+0000] {processor.py:925} INFO - DAG(s) 'example_short_circuit_operator' retrieved from /home/airflow/.local/lib/python3.12/site-packages/airflow/example_dags/example_short_circuit_operator.py
[2024-10-26T07:04:53.534+0000] {logging_mixin.py:190} INFO - [2024-10-26T07:04:53.534+0000] {dag.py:3239} INFO - Sync 1 DAGs
[2024-10-26T07:04:53.541+0000] {logging_mixin.py:190} INFO - [2024-10-26T07:04:53.541+0000] {dag.py:4180} INFO - Setting next_dagrun for example_short_circuit_operator to None, run_after=None
[2024-10-26T07:04:53.550+0000] {processor.py:208} INFO - Processing /home/airflow/.local/lib/python3.12/site-packages/airflow/example_dags/example_short_circuit_operator.py took 0.045 seconds
[2024-10-26T07:05:24.396+0000] {processor.py:186} INFO - Started process (PID=75530) to work on /home/airflow/.local/lib/python3.12/site-packages/airflow/example_dags/example_short_circuit_operator.py
[2024-10-26T07:05:24.397+0000] {processor.py:914} INFO - Processing file /home/airflow/.local/lib/python3.12/site-packages/airflow/example_dags/example_short_circuit_operator.py for tasks to queue
[2024-10-26T07:05:24.398+0000] {logging_mixin.py:190} INFO - [2024-10-26T07:05:24.398+0000] {dagbag.py:588} INFO - Filling up the DagBag from /home/airflow/.local/lib/python3.12/site-packages/airflow/example_dags/example_short_circuit_operator.py
[2024-10-26T07:05:24.406+0000] {processor.py:925} INFO - DAG(s) 'example_short_circuit_operator' retrieved from /home/airflow/.local/lib/python3.12/site-packages/airflow/example_dags/example_short_circuit_operator.py
[2024-10-26T07:05:24.426+0000] {logging_mixin.py:190} INFO - [2024-10-26T07:05:24.426+0000] {dag.py:3239} INFO - Sync 1 DAGs
[2024-10-26T07:05:24.434+0000] {logging_mixin.py:190} INFO - [2024-10-26T07:05:24.434+0000] {dag.py:4180} INFO - Setting next_dagrun for example_short_circuit_operator to None, run_after=None
[2024-10-26T07:05:24.449+0000] {processor.py:208} INFO - Processing /home/airflow/.local/lib/python3.12/site-packages/airflow/example_dags/example_short_circuit_operator.py took 0.064 seconds
[2024-10-26T07:05:55.249+0000] {processor.py:186} INFO - Started process (PID=75820) to work on /home/airflow/.local/lib/python3.12/site-packages/airflow/example_dags/example_short_circuit_operator.py
[2024-10-26T07:05:55.250+0000] {processor.py:914} INFO - Processing file /home/airflow/.local/lib/python3.12/site-packages/airflow/example_dags/example_short_circuit_operator.py for tasks to queue
[2024-10-26T07:05:55.251+0000] {logging_mixin.py:190} INFO - [2024-10-26T07:05:55.250+0000] {dagbag.py:588} INFO - Filling up the DagBag from /home/airflow/.local/lib/python3.12/site-packages/airflow/example_dags/example_short_circuit_operator.py
[2024-10-26T07:05:55.255+0000] {processor.py:925} INFO - DAG(s) 'example_short_circuit_operator' retrieved from /home/airflow/.local/lib/python3.12/site-packages/airflow/example_dags/example_short_circuit_operator.py
[2024-10-26T07:05:55.268+0000] {logging_mixin.py:190} INFO - [2024-10-26T07:05:55.267+0000] {dag.py:3239} INFO - Sync 1 DAGs
[2024-10-26T07:05:55.275+0000] {logging_mixin.py:190} INFO - [2024-10-26T07:05:55.275+0000] {dag.py:4180} INFO - Setting next_dagrun for example_short_circuit_operator to None, run_after=None
[2024-10-26T07:05:55.287+0000] {processor.py:208} INFO - Processing /home/airflow/.local/lib/python3.12/site-packages/airflow/example_dags/example_short_circuit_operator.py took 0.041 seconds
[2024-10-26T07:06:25.474+0000] {processor.py:186} INFO - Started process (PID=76111) to work on /home/airflow/.local/lib/python3.12/site-packages/airflow/example_dags/example_short_circuit_operator.py
[2024-10-26T07:06:25.475+0000] {processor.py:914} INFO - Processing file /home/airflow/.local/lib/python3.12/site-packages/airflow/example_dags/example_short_circuit_operator.py for tasks to queue
[2024-10-26T07:06:25.476+0000] {logging_mixin.py:190} INFO - [2024-10-26T07:06:25.476+0000] {dagbag.py:588} INFO - Filling up the DagBag from /home/airflow/.local/lib/python3.12/site-packages/airflow/example_dags/example_short_circuit_operator.py
[2024-10-26T07:06:25.481+0000] {processor.py:925} INFO - DAG(s) 'example_short_circuit_operator' retrieved from /home/airflow/.local/lib/python3.12/site-packages/airflow/example_dags/example_short_circuit_operator.py
[2024-10-26T07:06:25.501+0000] {logging_mixin.py:190} INFO - [2024-10-26T07:06:25.501+0000] {dag.py:3239} INFO - Sync 1 DAGs
[2024-10-26T07:06:25.508+0000] {logging_mixin.py:190} INFO - [2024-10-26T07:06:25.508+0000] {dag.py:4180} INFO - Setting next_dagrun for example_short_circuit_operator to None, run_after=None
[2024-10-26T07:06:25.518+0000] {processor.py:208} INFO - Processing /home/airflow/.local/lib/python3.12/site-packages/airflow/example_dags/example_short_circuit_operator.py took 0.047 seconds
[2024-10-26T07:06:55.990+0000] {processor.py:186} INFO - Started process (PID=76402) to work on /home/airflow/.local/lib/python3.12/site-packages/airflow/example_dags/example_short_circuit_operator.py
[2024-10-26T07:06:55.991+0000] {processor.py:914} INFO - Processing file /home/airflow/.local/lib/python3.12/site-packages/airflow/example_dags/example_short_circuit_operator.py for tasks to queue
[2024-10-26T07:06:55.993+0000] {logging_mixin.py:190} INFO - [2024-10-26T07:06:55.993+0000] {dagbag.py:588} INFO - Filling up the DagBag from /home/airflow/.local/lib/python3.12/site-packages/airflow/example_dags/example_short_circuit_operator.py
[2024-10-26T07:06:55.999+0000] {processor.py:925} INFO - DAG(s) 'example_short_circuit_operator' retrieved from /home/airflow/.local/lib/python3.12/site-packages/airflow/example_dags/example_short_circuit_operator.py
[2024-10-26T07:06:56.014+0000] {logging_mixin.py:190} INFO - [2024-10-26T07:06:56.014+0000] {dag.py:3239} INFO - Sync 1 DAGs
[2024-10-26T07:06:56.022+0000] {logging_mixin.py:190} INFO - [2024-10-26T07:06:56.021+0000] {dag.py:4180} INFO - Setting next_dagrun for example_short_circuit_operator to None, run_after=None
[2024-10-26T07:06:56.030+0000] {processor.py:208} INFO - Processing /home/airflow/.local/lib/python3.12/site-packages/airflow/example_dags/example_short_circuit_operator.py took 0.045 seconds
[2024-10-26T07:07:26.301+0000] {processor.py:186} INFO - Started process (PID=76693) to work on /home/airflow/.local/lib/python3.12/site-packages/airflow/example_dags/example_short_circuit_operator.py
[2024-10-26T07:07:26.301+0000] {processor.py:914} INFO - Processing file /home/airflow/.local/lib/python3.12/site-packages/airflow/example_dags/example_short_circuit_operator.py for tasks to queue
[2024-10-26T07:07:26.302+0000] {logging_mixin.py:190} INFO - [2024-10-26T07:07:26.302+0000] {dagbag.py:588} INFO - Filling up the DagBag from /home/airflow/.local/lib/python3.12/site-packages/airflow/example_dags/example_short_circuit_operator.py
[2024-10-26T07:07:26.307+0000] {processor.py:925} INFO - DAG(s) 'example_short_circuit_operator' retrieved from /home/airflow/.local/lib/python3.12/site-packages/airflow/example_dags/example_short_circuit_operator.py
[2024-10-26T07:07:26.318+0000] {logging_mixin.py:190} INFO - [2024-10-26T07:07:26.318+0000] {dag.py:3239} INFO - Sync 1 DAGs
[2024-10-26T07:07:26.327+0000] {logging_mixin.py:190} INFO - [2024-10-26T07:07:26.327+0000] {dag.py:4180} INFO - Setting next_dagrun for example_short_circuit_operator to None, run_after=None
[2024-10-26T07:07:26.339+0000] {processor.py:208} INFO - Processing /home/airflow/.local/lib/python3.12/site-packages/airflow/example_dags/example_short_circuit_operator.py took 0.042 seconds
[2024-10-26T07:07:57.286+0000] {processor.py:186} INFO - Started process (PID=76984) to work on /home/airflow/.local/lib/python3.12/site-packages/airflow/example_dags/example_short_circuit_operator.py
[2024-10-26T07:07:57.287+0000] {processor.py:914} INFO - Processing file /home/airflow/.local/lib/python3.12/site-packages/airflow/example_dags/example_short_circuit_operator.py for tasks to queue
[2024-10-26T07:07:57.288+0000] {logging_mixin.py:190} INFO - [2024-10-26T07:07:57.288+0000] {dagbag.py:588} INFO - Filling up the DagBag from /home/airflow/.local/lib/python3.12/site-packages/airflow/example_dags/example_short_circuit_operator.py
[2024-10-26T07:07:57.296+0000] {processor.py:925} INFO - DAG(s) 'example_short_circuit_operator' retrieved from /home/airflow/.local/lib/python3.12/site-packages/airflow/example_dags/example_short_circuit_operator.py
[2024-10-26T07:07:57.319+0000] {logging_mixin.py:190} INFO - [2024-10-26T07:07:57.319+0000] {dag.py:3239} INFO - Sync 1 DAGs
[2024-10-26T07:07:57.341+0000] {logging_mixin.py:190} INFO - [2024-10-26T07:07:57.341+0000] {dag.py:4180} INFO - Setting next_dagrun for example_short_circuit_operator to None, run_after=None
[2024-10-26T07:07:57.359+0000] {processor.py:208} INFO - Processing /home/airflow/.local/lib/python3.12/site-packages/airflow/example_dags/example_short_circuit_operator.py took 0.078 seconds
[2024-10-26T07:08:28.143+0000] {processor.py:186} INFO - Started process (PID=77275) to work on /home/airflow/.local/lib/python3.12/site-packages/airflow/example_dags/example_short_circuit_operator.py
[2024-10-26T07:08:28.144+0000] {processor.py:914} INFO - Processing file /home/airflow/.local/lib/python3.12/site-packages/airflow/example_dags/example_short_circuit_operator.py for tasks to queue
[2024-10-26T07:08:28.145+0000] {logging_mixin.py:190} INFO - [2024-10-26T07:08:28.144+0000] {dagbag.py:588} INFO - Filling up the DagBag from /home/airflow/.local/lib/python3.12/site-packages/airflow/example_dags/example_short_circuit_operator.py
[2024-10-26T07:08:28.150+0000] {processor.py:925} INFO - DAG(s) 'example_short_circuit_operator' retrieved from /home/airflow/.local/lib/python3.12/site-packages/airflow/example_dags/example_short_circuit_operator.py
[2024-10-26T07:08:28.172+0000] {logging_mixin.py:190} INFO - [2024-10-26T07:08:28.172+0000] {dag.py:3239} INFO - Sync 1 DAGs
[2024-10-26T07:08:28.181+0000] {logging_mixin.py:190} INFO - [2024-10-26T07:08:28.181+0000] {dag.py:4180} INFO - Setting next_dagrun for example_short_circuit_operator to None, run_after=None
[2024-10-26T07:08:28.196+0000] {processor.py:208} INFO - Processing /home/airflow/.local/lib/python3.12/site-packages/airflow/example_dags/example_short_circuit_operator.py took 0.057 seconds
[2024-10-26T07:08:59.318+0000] {processor.py:186} INFO - Started process (PID=77566) to work on /home/airflow/.local/lib/python3.12/site-packages/airflow/example_dags/example_short_circuit_operator.py
[2024-10-26T07:08:59.319+0000] {processor.py:914} INFO - Processing file /home/airflow/.local/lib/python3.12/site-packages/airflow/example_dags/example_short_circuit_operator.py for tasks to queue
[2024-10-26T07:08:59.319+0000] {logging_mixin.py:190} INFO - [2024-10-26T07:08:59.319+0000] {dagbag.py:588} INFO - Filling up the DagBag from /home/airflow/.local/lib/python3.12/site-packages/airflow/example_dags/example_short_circuit_operator.py
[2024-10-26T07:08:59.324+0000] {processor.py:925} INFO - DAG(s) 'example_short_circuit_operator' retrieved from /home/airflow/.local/lib/python3.12/site-packages/airflow/example_dags/example_short_circuit_operator.py
[2024-10-26T07:08:59.335+0000] {logging_mixin.py:190} INFO - [2024-10-26T07:08:59.335+0000] {dag.py:3239} INFO - Sync 1 DAGs
[2024-10-26T07:08:59.342+0000] {logging_mixin.py:190} INFO - [2024-10-26T07:08:59.342+0000] {dag.py:4180} INFO - Setting next_dagrun for example_short_circuit_operator to None, run_after=None
[2024-10-26T07:08:59.356+0000] {processor.py:208} INFO - Processing /home/airflow/.local/lib/python3.12/site-packages/airflow/example_dags/example_short_circuit_operator.py took 0.041 seconds
[2024-10-26T07:09:30.654+0000] {processor.py:186} INFO - Started process (PID=77862) to work on /home/airflow/.local/lib/python3.12/site-packages/airflow/example_dags/example_short_circuit_operator.py
[2024-10-26T07:09:30.656+0000] {processor.py:914} INFO - Processing file /home/airflow/.local/lib/python3.12/site-packages/airflow/example_dags/example_short_circuit_operator.py for tasks to queue
[2024-10-26T07:09:30.657+0000] {logging_mixin.py:190} INFO - [2024-10-26T07:09:30.657+0000] {dagbag.py:588} INFO - Filling up the DagBag from /home/airflow/.local/lib/python3.12/site-packages/airflow/example_dags/example_short_circuit_operator.py
[2024-10-26T07:09:30.664+0000] {processor.py:925} INFO - DAG(s) 'example_short_circuit_operator' retrieved from /home/airflow/.local/lib/python3.12/site-packages/airflow/example_dags/example_short_circuit_operator.py
[2024-10-26T07:09:30.681+0000] {logging_mixin.py:190} INFO - [2024-10-26T07:09:30.681+0000] {dag.py:3239} INFO - Sync 1 DAGs
[2024-10-26T07:09:30.693+0000] {logging_mixin.py:190} INFO - [2024-10-26T07:09:30.693+0000] {dag.py:4180} INFO - Setting next_dagrun for example_short_circuit_operator to None, run_after=None
[2024-10-26T07:09:30.709+0000] {processor.py:208} INFO - Processing /home/airflow/.local/lib/python3.12/site-packages/airflow/example_dags/example_short_circuit_operator.py took 0.059 seconds
[2024-10-26T07:10:01.827+0000] {processor.py:186} INFO - Started process (PID=78153) to work on /home/airflow/.local/lib/python3.12/site-packages/airflow/example_dags/example_short_circuit_operator.py
[2024-10-26T07:10:01.827+0000] {processor.py:914} INFO - Processing file /home/airflow/.local/lib/python3.12/site-packages/airflow/example_dags/example_short_circuit_operator.py for tasks to queue
[2024-10-26T07:10:01.828+0000] {logging_mixin.py:190} INFO - [2024-10-26T07:10:01.828+0000] {dagbag.py:588} INFO - Filling up the DagBag from /home/airflow/.local/lib/python3.12/site-packages/airflow/example_dags/example_short_circuit_operator.py
[2024-10-26T07:10:01.833+0000] {processor.py:925} INFO - DAG(s) 'example_short_circuit_operator' retrieved from /home/airflow/.local/lib/python3.12/site-packages/airflow/example_dags/example_short_circuit_operator.py
[2024-10-26T07:10:01.847+0000] {logging_mixin.py:190} INFO - [2024-10-26T07:10:01.847+0000] {dag.py:3239} INFO - Sync 1 DAGs
[2024-10-26T07:10:01.856+0000] {logging_mixin.py:190} INFO - [2024-10-26T07:10:01.856+0000] {dag.py:4180} INFO - Setting next_dagrun for example_short_circuit_operator to None, run_after=None
[2024-10-26T07:10:01.865+0000] {processor.py:208} INFO - Processing /home/airflow/.local/lib/python3.12/site-packages/airflow/example_dags/example_short_circuit_operator.py took 0.043 seconds
[2024-10-26T07:10:33.557+0000] {processor.py:186} INFO - Started process (PID=78450) to work on /home/airflow/.local/lib/python3.12/site-packages/airflow/example_dags/example_short_circuit_operator.py
[2024-10-26T07:10:33.558+0000] {processor.py:914} INFO - Processing file /home/airflow/.local/lib/python3.12/site-packages/airflow/example_dags/example_short_circuit_operator.py for tasks to queue
[2024-10-26T07:10:33.560+0000] {logging_mixin.py:190} INFO - [2024-10-26T07:10:33.559+0000] {dagbag.py:588} INFO - Filling up the DagBag from /home/airflow/.local/lib/python3.12/site-packages/airflow/example_dags/example_short_circuit_operator.py
[2024-10-26T07:10:33.569+0000] {processor.py:925} INFO - DAG(s) 'example_short_circuit_operator' retrieved from /home/airflow/.local/lib/python3.12/site-packages/airflow/example_dags/example_short_circuit_operator.py
[2024-10-26T07:10:33.590+0000] {logging_mixin.py:190} INFO - [2024-10-26T07:10:33.590+0000] {dag.py:3239} INFO - Sync 1 DAGs
[2024-10-26T07:10:33.601+0000] {logging_mixin.py:190} INFO - [2024-10-26T07:10:33.600+0000] {dag.py:4180} INFO - Setting next_dagrun for example_short_circuit_operator to None, run_after=None
[2024-10-26T07:10:33.610+0000] {processor.py:208} INFO - Processing /home/airflow/.local/lib/python3.12/site-packages/airflow/example_dags/example_short_circuit_operator.py took 0.057 seconds
[2024-10-26T07:11:04.834+0000] {processor.py:186} INFO - Started process (PID=78746) to work on /home/airflow/.local/lib/python3.12/site-packages/airflow/example_dags/example_short_circuit_operator.py
[2024-10-26T07:11:04.835+0000] {processor.py:914} INFO - Processing file /home/airflow/.local/lib/python3.12/site-packages/airflow/example_dags/example_short_circuit_operator.py for tasks to queue
[2024-10-26T07:11:04.836+0000] {logging_mixin.py:190} INFO - [2024-10-26T07:11:04.836+0000] {dagbag.py:588} INFO - Filling up the DagBag from /home/airflow/.local/lib/python3.12/site-packages/airflow/example_dags/example_short_circuit_operator.py
[2024-10-26T07:11:04.857+0000] {processor.py:925} INFO - DAG(s) 'example_short_circuit_operator' retrieved from /home/airflow/.local/lib/python3.12/site-packages/airflow/example_dags/example_short_circuit_operator.py
[2024-10-26T07:11:04.884+0000] {logging_mixin.py:190} INFO - [2024-10-26T07:11:04.884+0000] {dag.py:3239} INFO - Sync 1 DAGs
[2024-10-26T07:11:04.900+0000] {logging_mixin.py:190} INFO - [2024-10-26T07:11:04.899+0000] {dag.py:4180} INFO - Setting next_dagrun for example_short_circuit_operator to None, run_after=None
[2024-10-26T07:11:04.913+0000] {processor.py:208} INFO - Processing /home/airflow/.local/lib/python3.12/site-packages/airflow/example_dags/example_short_circuit_operator.py took 0.095 seconds
[2024-10-26T07:11:35.068+0000] {processor.py:186} INFO - Started process (PID=79032) to work on /home/airflow/.local/lib/python3.12/site-packages/airflow/example_dags/example_short_circuit_operator.py
[2024-10-26T07:11:35.068+0000] {processor.py:914} INFO - Processing file /home/airflow/.local/lib/python3.12/site-packages/airflow/example_dags/example_short_circuit_operator.py for tasks to queue
[2024-10-26T07:11:35.069+0000] {logging_mixin.py:190} INFO - [2024-10-26T07:11:35.069+0000] {dagbag.py:588} INFO - Filling up the DagBag from /home/airflow/.local/lib/python3.12/site-packages/airflow/example_dags/example_short_circuit_operator.py
[2024-10-26T07:11:35.075+0000] {processor.py:925} INFO - DAG(s) 'example_short_circuit_operator' retrieved from /home/airflow/.local/lib/python3.12/site-packages/airflow/example_dags/example_short_circuit_operator.py
[2024-10-26T07:11:35.088+0000] {logging_mixin.py:190} INFO - [2024-10-26T07:11:35.088+0000] {dag.py:3239} INFO - Sync 1 DAGs
[2024-10-26T07:11:35.096+0000] {logging_mixin.py:190} INFO - [2024-10-26T07:11:35.096+0000] {dag.py:4180} INFO - Setting next_dagrun for example_short_circuit_operator to None, run_after=None
[2024-10-26T07:11:35.106+0000] {processor.py:208} INFO - Processing /home/airflow/.local/lib/python3.12/site-packages/airflow/example_dags/example_short_circuit_operator.py took 0.042 seconds
[2024-10-26T07:12:05.881+0000] {processor.py:186} INFO - Started process (PID=79323) to work on /home/airflow/.local/lib/python3.12/site-packages/airflow/example_dags/example_short_circuit_operator.py
[2024-10-26T07:12:05.882+0000] {processor.py:914} INFO - Processing file /home/airflow/.local/lib/python3.12/site-packages/airflow/example_dags/example_short_circuit_operator.py for tasks to queue
[2024-10-26T07:12:05.883+0000] {logging_mixin.py:190} INFO - [2024-10-26T07:12:05.883+0000] {dagbag.py:588} INFO - Filling up the DagBag from /home/airflow/.local/lib/python3.12/site-packages/airflow/example_dags/example_short_circuit_operator.py
[2024-10-26T07:12:05.888+0000] {processor.py:925} INFO - DAG(s) 'example_short_circuit_operator' retrieved from /home/airflow/.local/lib/python3.12/site-packages/airflow/example_dags/example_short_circuit_operator.py
[2024-10-26T07:12:05.902+0000] {logging_mixin.py:190} INFO - [2024-10-26T07:12:05.902+0000] {dag.py:3239} INFO - Sync 1 DAGs
[2024-10-26T07:12:05.912+0000] {logging_mixin.py:190} INFO - [2024-10-26T07:12:05.912+0000] {dag.py:4180} INFO - Setting next_dagrun for example_short_circuit_operator to None, run_after=None
[2024-10-26T07:12:05.923+0000] {processor.py:208} INFO - Processing /home/airflow/.local/lib/python3.12/site-packages/airflow/example_dags/example_short_circuit_operator.py took 0.045 seconds
[2024-10-26T07:12:37.186+0000] {processor.py:186} INFO - Started process (PID=79619) to work on /home/airflow/.local/lib/python3.12/site-packages/airflow/example_dags/example_short_circuit_operator.py
[2024-10-26T07:12:37.187+0000] {processor.py:914} INFO - Processing file /home/airflow/.local/lib/python3.12/site-packages/airflow/example_dags/example_short_circuit_operator.py for tasks to queue
[2024-10-26T07:12:37.188+0000] {logging_mixin.py:190} INFO - [2024-10-26T07:12:37.188+0000] {dagbag.py:588} INFO - Filling up the DagBag from /home/airflow/.local/lib/python3.12/site-packages/airflow/example_dags/example_short_circuit_operator.py
[2024-10-26T07:12:37.193+0000] {processor.py:925} INFO - DAG(s) 'example_short_circuit_operator' retrieved from /home/airflow/.local/lib/python3.12/site-packages/airflow/example_dags/example_short_circuit_operator.py
[2024-10-26T07:12:37.208+0000] {logging_mixin.py:190} INFO - [2024-10-26T07:12:37.208+0000] {dag.py:3239} INFO - Sync 1 DAGs
[2024-10-26T07:12:37.215+0000] {logging_mixin.py:190} INFO - [2024-10-26T07:12:37.215+0000] {dag.py:4180} INFO - Setting next_dagrun for example_short_circuit_operator to None, run_after=None
[2024-10-26T07:12:37.226+0000] {processor.py:208} INFO - Processing /home/airflow/.local/lib/python3.12/site-packages/airflow/example_dags/example_short_circuit_operator.py took 0.046 seconds
[2024-10-26T07:13:08.279+0000] {processor.py:186} INFO - Started process (PID=79909) to work on /home/airflow/.local/lib/python3.12/site-packages/airflow/example_dags/example_short_circuit_operator.py
[2024-10-26T07:13:08.282+0000] {processor.py:914} INFO - Processing file /home/airflow/.local/lib/python3.12/site-packages/airflow/example_dags/example_short_circuit_operator.py for tasks to queue
[2024-10-26T07:13:08.283+0000] {logging_mixin.py:190} INFO - [2024-10-26T07:13:08.283+0000] {dagbag.py:588} INFO - Filling up the DagBag from /home/airflow/.local/lib/python3.12/site-packages/airflow/example_dags/example_short_circuit_operator.py
[2024-10-26T07:13:08.288+0000] {processor.py:925} INFO - DAG(s) 'example_short_circuit_operator' retrieved from /home/airflow/.local/lib/python3.12/site-packages/airflow/example_dags/example_short_circuit_operator.py
[2024-10-26T07:13:08.306+0000] {logging_mixin.py:190} INFO - [2024-10-26T07:13:08.304+0000] {dag.py:3239} INFO - Sync 1 DAGs
[2024-10-26T07:13:08.315+0000] {logging_mixin.py:190} INFO - [2024-10-26T07:13:08.315+0000] {dag.py:4180} INFO - Setting next_dagrun for example_short_circuit_operator to None, run_after=None
[2024-10-26T07:13:08.325+0000] {processor.py:208} INFO - Processing /home/airflow/.local/lib/python3.12/site-packages/airflow/example_dags/example_short_circuit_operator.py took 0.049 seconds
[2024-10-26T07:13:39.164+0000] {processor.py:186} INFO - Started process (PID=80200) to work on /home/airflow/.local/lib/python3.12/site-packages/airflow/example_dags/example_short_circuit_operator.py
[2024-10-26T07:13:39.165+0000] {processor.py:914} INFO - Processing file /home/airflow/.local/lib/python3.12/site-packages/airflow/example_dags/example_short_circuit_operator.py for tasks to queue
[2024-10-26T07:13:39.167+0000] {logging_mixin.py:190} INFO - [2024-10-26T07:13:39.166+0000] {dagbag.py:588} INFO - Filling up the DagBag from /home/airflow/.local/lib/python3.12/site-packages/airflow/example_dags/example_short_circuit_operator.py
[2024-10-26T07:13:39.174+0000] {processor.py:925} INFO - DAG(s) 'example_short_circuit_operator' retrieved from /home/airflow/.local/lib/python3.12/site-packages/airflow/example_dags/example_short_circuit_operator.py
[2024-10-26T07:13:39.189+0000] {logging_mixin.py:190} INFO - [2024-10-26T07:13:39.189+0000] {dag.py:3239} INFO - Sync 1 DAGs
[2024-10-26T07:13:39.198+0000] {logging_mixin.py:190} INFO - [2024-10-26T07:13:39.198+0000] {dag.py:4180} INFO - Setting next_dagrun for example_short_circuit_operator to None, run_after=None
[2024-10-26T07:13:39.208+0000] {processor.py:208} INFO - Processing /home/airflow/.local/lib/python3.12/site-packages/airflow/example_dags/example_short_circuit_operator.py took 0.048 seconds
[2024-10-26T07:14:09.871+0000] {processor.py:186} INFO - Started process (PID=80491) to work on /home/airflow/.local/lib/python3.12/site-packages/airflow/example_dags/example_short_circuit_operator.py
[2024-10-26T07:14:09.871+0000] {processor.py:914} INFO - Processing file /home/airflow/.local/lib/python3.12/site-packages/airflow/example_dags/example_short_circuit_operator.py for tasks to queue
[2024-10-26T07:14:09.872+0000] {logging_mixin.py:190} INFO - [2024-10-26T07:14:09.872+0000] {dagbag.py:588} INFO - Filling up the DagBag from /home/airflow/.local/lib/python3.12/site-packages/airflow/example_dags/example_short_circuit_operator.py
[2024-10-26T07:14:09.877+0000] {processor.py:925} INFO - DAG(s) 'example_short_circuit_operator' retrieved from /home/airflow/.local/lib/python3.12/site-packages/airflow/example_dags/example_short_circuit_operator.py
[2024-10-26T07:14:09.890+0000] {logging_mixin.py:190} INFO - [2024-10-26T07:14:09.890+0000] {dag.py:3239} INFO - Sync 1 DAGs
[2024-10-26T07:14:09.997+0000] {logging_mixin.py:190} INFO - [2024-10-26T07:14:09.997+0000] {dag.py:4180} INFO - Setting next_dagrun for example_short_circuit_operator to None, run_after=None
[2024-10-26T07:14:10.007+0000] {processor.py:208} INFO - Processing /home/airflow/.local/lib/python3.12/site-packages/airflow/example_dags/example_short_circuit_operator.py took 0.139 seconds
[2024-10-26T07:14:41.369+0000] {processor.py:186} INFO - Started process (PID=80782) to work on /home/airflow/.local/lib/python3.12/site-packages/airflow/example_dags/example_short_circuit_operator.py
[2024-10-26T07:14:41.369+0000] {processor.py:914} INFO - Processing file /home/airflow/.local/lib/python3.12/site-packages/airflow/example_dags/example_short_circuit_operator.py for tasks to queue
[2024-10-26T07:14:41.370+0000] {logging_mixin.py:190} INFO - [2024-10-26T07:14:41.370+0000] {dagbag.py:588} INFO - Filling up the DagBag from /home/airflow/.local/lib/python3.12/site-packages/airflow/example_dags/example_short_circuit_operator.py
[2024-10-26T07:14:41.378+0000] {processor.py:925} INFO - DAG(s) 'example_short_circuit_operator' retrieved from /home/airflow/.local/lib/python3.12/site-packages/airflow/example_dags/example_short_circuit_operator.py
[2024-10-26T07:14:41.396+0000] {logging_mixin.py:190} INFO - [2024-10-26T07:14:41.395+0000] {dag.py:3239} INFO - Sync 1 DAGs
[2024-10-26T07:14:41.404+0000] {logging_mixin.py:190} INFO - [2024-10-26T07:14:41.404+0000] {dag.py:4180} INFO - Setting next_dagrun for example_short_circuit_operator to None, run_after=None
[2024-10-26T07:14:41.416+0000] {processor.py:208} INFO - Processing /home/airflow/.local/lib/python3.12/site-packages/airflow/example_dags/example_short_circuit_operator.py took 0.052 seconds
[2024-10-26T07:15:11.844+0000] {processor.py:186} INFO - Started process (PID=81068) to work on /home/airflow/.local/lib/python3.12/site-packages/airflow/example_dags/example_short_circuit_operator.py
[2024-10-26T07:15:11.844+0000] {processor.py:914} INFO - Processing file /home/airflow/.local/lib/python3.12/site-packages/airflow/example_dags/example_short_circuit_operator.py for tasks to queue
[2024-10-26T07:15:11.846+0000] {logging_mixin.py:190} INFO - [2024-10-26T07:15:11.845+0000] {dagbag.py:588} INFO - Filling up the DagBag from /home/airflow/.local/lib/python3.12/site-packages/airflow/example_dags/example_short_circuit_operator.py
[2024-10-26T07:15:11.850+0000] {processor.py:925} INFO - DAG(s) 'example_short_circuit_operator' retrieved from /home/airflow/.local/lib/python3.12/site-packages/airflow/example_dags/example_short_circuit_operator.py
[2024-10-26T07:15:11.863+0000] {logging_mixin.py:190} INFO - [2024-10-26T07:15:11.862+0000] {dag.py:3239} INFO - Sync 1 DAGs
[2024-10-26T07:15:11.870+0000] {logging_mixin.py:190} INFO - [2024-10-26T07:15:11.870+0000] {dag.py:4180} INFO - Setting next_dagrun for example_short_circuit_operator to None, run_after=None
[2024-10-26T07:15:11.882+0000] {processor.py:208} INFO - Processing /home/airflow/.local/lib/python3.12/site-packages/airflow/example_dags/example_short_circuit_operator.py took 0.041 seconds
[2024-10-26T07:15:42.392+0000] {processor.py:186} INFO - Started process (PID=81364) to work on /home/airflow/.local/lib/python3.12/site-packages/airflow/example_dags/example_short_circuit_operator.py
[2024-10-26T07:15:42.392+0000] {processor.py:914} INFO - Processing file /home/airflow/.local/lib/python3.12/site-packages/airflow/example_dags/example_short_circuit_operator.py for tasks to queue
[2024-10-26T07:15:42.393+0000] {logging_mixin.py:190} INFO - [2024-10-26T07:15:42.393+0000] {dagbag.py:588} INFO - Filling up the DagBag from /home/airflow/.local/lib/python3.12/site-packages/airflow/example_dags/example_short_circuit_operator.py
[2024-10-26T07:15:42.398+0000] {processor.py:925} INFO - DAG(s) 'example_short_circuit_operator' retrieved from /home/airflow/.local/lib/python3.12/site-packages/airflow/example_dags/example_short_circuit_operator.py
[2024-10-26T07:15:42.414+0000] {logging_mixin.py:190} INFO - [2024-10-26T07:15:42.413+0000] {dag.py:3239} INFO - Sync 1 DAGs
[2024-10-26T07:15:42.421+0000] {logging_mixin.py:190} INFO - [2024-10-26T07:15:42.420+0000] {dag.py:4180} INFO - Setting next_dagrun for example_short_circuit_operator to None, run_after=None
[2024-10-26T07:15:42.432+0000] {processor.py:208} INFO - Processing /home/airflow/.local/lib/python3.12/site-packages/airflow/example_dags/example_short_circuit_operator.py took 0.044 seconds
[2024-10-26T07:16:13.360+0000] {processor.py:186} INFO - Started process (PID=81655) to work on /home/airflow/.local/lib/python3.12/site-packages/airflow/example_dags/example_short_circuit_operator.py
[2024-10-26T07:16:13.361+0000] {processor.py:914} INFO - Processing file /home/airflow/.local/lib/python3.12/site-packages/airflow/example_dags/example_short_circuit_operator.py for tasks to queue
[2024-10-26T07:16:13.361+0000] {logging_mixin.py:190} INFO - [2024-10-26T07:16:13.361+0000] {dagbag.py:588} INFO - Filling up the DagBag from /home/airflow/.local/lib/python3.12/site-packages/airflow/example_dags/example_short_circuit_operator.py
[2024-10-26T07:16:13.366+0000] {processor.py:925} INFO - DAG(s) 'example_short_circuit_operator' retrieved from /home/airflow/.local/lib/python3.12/site-packages/airflow/example_dags/example_short_circuit_operator.py
[2024-10-26T07:16:13.380+0000] {logging_mixin.py:190} INFO - [2024-10-26T07:16:13.379+0000] {dag.py:3239} INFO - Sync 1 DAGs
[2024-10-26T07:16:13.386+0000] {logging_mixin.py:190} INFO - [2024-10-26T07:16:13.386+0000] {dag.py:4180} INFO - Setting next_dagrun for example_short_circuit_operator to None, run_after=None
[2024-10-26T07:16:13.399+0000] {processor.py:208} INFO - Processing /home/airflow/.local/lib/python3.12/site-packages/airflow/example_dags/example_short_circuit_operator.py took 0.042 seconds
[2024-10-26T07:16:43.769+0000] {processor.py:186} INFO - Started process (PID=81946) to work on /home/airflow/.local/lib/python3.12/site-packages/airflow/example_dags/example_short_circuit_operator.py
[2024-10-26T07:16:43.769+0000] {processor.py:914} INFO - Processing file /home/airflow/.local/lib/python3.12/site-packages/airflow/example_dags/example_short_circuit_operator.py for tasks to queue
[2024-10-26T07:16:43.770+0000] {logging_mixin.py:190} INFO - [2024-10-26T07:16:43.770+0000] {dagbag.py:588} INFO - Filling up the DagBag from /home/airflow/.local/lib/python3.12/site-packages/airflow/example_dags/example_short_circuit_operator.py
[2024-10-26T07:16:43.774+0000] {processor.py:925} INFO - DAG(s) 'example_short_circuit_operator' retrieved from /home/airflow/.local/lib/python3.12/site-packages/airflow/example_dags/example_short_circuit_operator.py
[2024-10-26T07:16:43.792+0000] {logging_mixin.py:190} INFO - [2024-10-26T07:16:43.791+0000] {dag.py:3239} INFO - Sync 1 DAGs
[2024-10-26T07:16:43.799+0000] {logging_mixin.py:190} INFO - [2024-10-26T07:16:43.799+0000] {dag.py:4180} INFO - Setting next_dagrun for example_short_circuit_operator to None, run_after=None
[2024-10-26T07:16:43.813+0000] {processor.py:208} INFO - Processing /home/airflow/.local/lib/python3.12/site-packages/airflow/example_dags/example_short_circuit_operator.py took 0.047 seconds
[2024-10-26T07:17:14.413+0000] {processor.py:186} INFO - Started process (PID=82236) to work on /home/airflow/.local/lib/python3.12/site-packages/airflow/example_dags/example_short_circuit_operator.py
[2024-10-26T07:17:14.413+0000] {processor.py:914} INFO - Processing file /home/airflow/.local/lib/python3.12/site-packages/airflow/example_dags/example_short_circuit_operator.py for tasks to queue
[2024-10-26T07:17:14.414+0000] {logging_mixin.py:190} INFO - [2024-10-26T07:17:14.414+0000] {dagbag.py:588} INFO - Filling up the DagBag from /home/airflow/.local/lib/python3.12/site-packages/airflow/example_dags/example_short_circuit_operator.py
[2024-10-26T07:17:14.418+0000] {processor.py:925} INFO - DAG(s) 'example_short_circuit_operator' retrieved from /home/airflow/.local/lib/python3.12/site-packages/airflow/example_dags/example_short_circuit_operator.py
[2024-10-26T07:17:14.436+0000] {logging_mixin.py:190} INFO - [2024-10-26T07:17:14.435+0000] {dag.py:3239} INFO - Sync 1 DAGs
[2024-10-26T07:17:14.443+0000] {logging_mixin.py:190} INFO - [2024-10-26T07:17:14.443+0000] {dag.py:4180} INFO - Setting next_dagrun for example_short_circuit_operator to None, run_after=None
[2024-10-26T07:17:14.455+0000] {processor.py:208} INFO - Processing /home/airflow/.local/lib/python3.12/site-packages/airflow/example_dags/example_short_circuit_operator.py took 0.045 seconds
[2024-10-26T07:17:45.545+0000] {processor.py:186} INFO - Started process (PID=82527) to work on /home/airflow/.local/lib/python3.12/site-packages/airflow/example_dags/example_short_circuit_operator.py
[2024-10-26T07:17:45.546+0000] {processor.py:914} INFO - Processing file /home/airflow/.local/lib/python3.12/site-packages/airflow/example_dags/example_short_circuit_operator.py for tasks to queue
[2024-10-26T07:17:45.548+0000] {logging_mixin.py:190} INFO - [2024-10-26T07:17:45.547+0000] {dagbag.py:588} INFO - Filling up the DagBag from /home/airflow/.local/lib/python3.12/site-packages/airflow/example_dags/example_short_circuit_operator.py
[2024-10-26T07:17:45.552+0000] {processor.py:925} INFO - DAG(s) 'example_short_circuit_operator' retrieved from /home/airflow/.local/lib/python3.12/site-packages/airflow/example_dags/example_short_circuit_operator.py
[2024-10-26T07:17:45.572+0000] {logging_mixin.py:190} INFO - [2024-10-26T07:17:45.571+0000] {dag.py:3239} INFO - Sync 1 DAGs
[2024-10-26T07:17:45.579+0000] {logging_mixin.py:190} INFO - [2024-10-26T07:17:45.579+0000] {dag.py:4180} INFO - Setting next_dagrun for example_short_circuit_operator to None, run_after=None
[2024-10-26T07:17:45.592+0000] {processor.py:208} INFO - Processing /home/airflow/.local/lib/python3.12/site-packages/airflow/example_dags/example_short_circuit_operator.py took 0.049 seconds
[2024-10-26T07:18:16.730+0000] {processor.py:186} INFO - Started process (PID=82818) to work on /home/airflow/.local/lib/python3.12/site-packages/airflow/example_dags/example_short_circuit_operator.py
[2024-10-26T07:18:16.730+0000] {processor.py:914} INFO - Processing file /home/airflow/.local/lib/python3.12/site-packages/airflow/example_dags/example_short_circuit_operator.py for tasks to queue
[2024-10-26T07:18:16.731+0000] {logging_mixin.py:190} INFO - [2024-10-26T07:18:16.731+0000] {dagbag.py:588} INFO - Filling up the DagBag from /home/airflow/.local/lib/python3.12/site-packages/airflow/example_dags/example_short_circuit_operator.py
[2024-10-26T07:18:16.735+0000] {processor.py:925} INFO - DAG(s) 'example_short_circuit_operator' retrieved from /home/airflow/.local/lib/python3.12/site-packages/airflow/example_dags/example_short_circuit_operator.py
[2024-10-26T07:18:16.757+0000] {logging_mixin.py:190} INFO - [2024-10-26T07:18:16.757+0000] {dag.py:3239} INFO - Sync 1 DAGs
[2024-10-26T07:18:16.769+0000] {logging_mixin.py:190} INFO - [2024-10-26T07:18:16.769+0000] {dag.py:4180} INFO - Setting next_dagrun for example_short_circuit_operator to None, run_after=None
[2024-10-26T07:18:16.782+0000] {processor.py:208} INFO - Processing /home/airflow/.local/lib/python3.12/site-packages/airflow/example_dags/example_short_circuit_operator.py took 0.057 seconds
[2024-10-26T07:18:47.939+0000] {processor.py:186} INFO - Started process (PID=83109) to work on /home/airflow/.local/lib/python3.12/site-packages/airflow/example_dags/example_short_circuit_operator.py
[2024-10-26T07:18:47.940+0000] {processor.py:914} INFO - Processing file /home/airflow/.local/lib/python3.12/site-packages/airflow/example_dags/example_short_circuit_operator.py for tasks to queue
[2024-10-26T07:18:47.940+0000] {logging_mixin.py:190} INFO - [2024-10-26T07:18:47.940+0000] {dagbag.py:588} INFO - Filling up the DagBag from /home/airflow/.local/lib/python3.12/site-packages/airflow/example_dags/example_short_circuit_operator.py
[2024-10-26T07:18:47.945+0000] {processor.py:925} INFO - DAG(s) 'example_short_circuit_operator' retrieved from /home/airflow/.local/lib/python3.12/site-packages/airflow/example_dags/example_short_circuit_operator.py
[2024-10-26T07:18:47.957+0000] {logging_mixin.py:190} INFO - [2024-10-26T07:18:47.957+0000] {dag.py:3239} INFO - Sync 1 DAGs
[2024-10-26T07:18:47.964+0000] {logging_mixin.py:190} INFO - [2024-10-26T07:18:47.964+0000] {dag.py:4180} INFO - Setting next_dagrun for example_short_circuit_operator to None, run_after=None
[2024-10-26T07:18:47.972+0000] {processor.py:208} INFO - Processing /home/airflow/.local/lib/python3.12/site-packages/airflow/example_dags/example_short_circuit_operator.py took 0.036 seconds
[2024-10-26T07:19:18.325+0000] {processor.py:186} INFO - Started process (PID=83399) to work on /home/airflow/.local/lib/python3.12/site-packages/airflow/example_dags/example_short_circuit_operator.py
[2024-10-26T07:19:18.326+0000] {processor.py:914} INFO - Processing file /home/airflow/.local/lib/python3.12/site-packages/airflow/example_dags/example_short_circuit_operator.py for tasks to queue
[2024-10-26T07:19:18.327+0000] {logging_mixin.py:190} INFO - [2024-10-26T07:19:18.326+0000] {dagbag.py:588} INFO - Filling up the DagBag from /home/airflow/.local/lib/python3.12/site-packages/airflow/example_dags/example_short_circuit_operator.py
[2024-10-26T07:19:18.333+0000] {processor.py:925} INFO - DAG(s) 'example_short_circuit_operator' retrieved from /home/airflow/.local/lib/python3.12/site-packages/airflow/example_dags/example_short_circuit_operator.py
[2024-10-26T07:19:18.346+0000] {logging_mixin.py:190} INFO - [2024-10-26T07:19:18.346+0000] {dag.py:3239} INFO - Sync 1 DAGs
[2024-10-26T07:19:18.354+0000] {logging_mixin.py:190} INFO - [2024-10-26T07:19:18.353+0000] {dag.py:4180} INFO - Setting next_dagrun for example_short_circuit_operator to None, run_after=None
[2024-10-26T07:19:18.366+0000] {processor.py:208} INFO - Processing /home/airflow/.local/lib/python3.12/site-packages/airflow/example_dags/example_short_circuit_operator.py took 0.044 seconds
[2024-10-26T07:19:49.643+0000] {processor.py:186} INFO - Started process (PID=83690) to work on /home/airflow/.local/lib/python3.12/site-packages/airflow/example_dags/example_short_circuit_operator.py
[2024-10-26T07:19:49.645+0000] {processor.py:914} INFO - Processing file /home/airflow/.local/lib/python3.12/site-packages/airflow/example_dags/example_short_circuit_operator.py for tasks to queue
[2024-10-26T07:19:49.649+0000] {logging_mixin.py:190} INFO - [2024-10-26T07:19:49.649+0000] {dagbag.py:588} INFO - Filling up the DagBag from /home/airflow/.local/lib/python3.12/site-packages/airflow/example_dags/example_short_circuit_operator.py
[2024-10-26T07:19:49.688+0000] {processor.py:925} INFO - DAG(s) 'example_short_circuit_operator' retrieved from /home/airflow/.local/lib/python3.12/site-packages/airflow/example_dags/example_short_circuit_operator.py
[2024-10-26T07:19:49.752+0000] {logging_mixin.py:190} INFO - [2024-10-26T07:19:49.751+0000] {dag.py:3239} INFO - Sync 1 DAGs
[2024-10-26T07:19:49.786+0000] {logging_mixin.py:190} INFO - [2024-10-26T07:19:49.786+0000] {dag.py:4180} INFO - Setting next_dagrun for example_short_circuit_operator to None, run_after=None
[2024-10-26T07:19:49.812+0000] {processor.py:208} INFO - Processing /home/airflow/.local/lib/python3.12/site-packages/airflow/example_dags/example_short_circuit_operator.py took 0.176 seconds
[2024-10-26T07:20:20.517+0000] {processor.py:186} INFO - Started process (PID=83981) to work on /home/airflow/.local/lib/python3.12/site-packages/airflow/example_dags/example_short_circuit_operator.py
[2024-10-26T07:20:20.518+0000] {processor.py:914} INFO - Processing file /home/airflow/.local/lib/python3.12/site-packages/airflow/example_dags/example_short_circuit_operator.py for tasks to queue
[2024-10-26T07:20:20.519+0000] {logging_mixin.py:190} INFO - [2024-10-26T07:20:20.519+0000] {dagbag.py:588} INFO - Filling up the DagBag from /home/airflow/.local/lib/python3.12/site-packages/airflow/example_dags/example_short_circuit_operator.py
[2024-10-26T07:20:20.526+0000] {processor.py:925} INFO - DAG(s) 'example_short_circuit_operator' retrieved from /home/airflow/.local/lib/python3.12/site-packages/airflow/example_dags/example_short_circuit_operator.py
[2024-10-26T07:20:20.540+0000] {logging_mixin.py:190} INFO - [2024-10-26T07:20:20.540+0000] {dag.py:3239} INFO - Sync 1 DAGs
[2024-10-26T07:20:20.548+0000] {logging_mixin.py:190} INFO - [2024-10-26T07:20:20.547+0000] {dag.py:4180} INFO - Setting next_dagrun for example_short_circuit_operator to None, run_after=None
[2024-10-26T07:20:20.565+0000] {processor.py:208} INFO - Processing /home/airflow/.local/lib/python3.12/site-packages/airflow/example_dags/example_short_circuit_operator.py took 0.052 seconds
[2024-10-26T07:20:51.603+0000] {processor.py:186} INFO - Started process (PID=84272) to work on /home/airflow/.local/lib/python3.12/site-packages/airflow/example_dags/example_short_circuit_operator.py
[2024-10-26T07:20:51.603+0000] {processor.py:914} INFO - Processing file /home/airflow/.local/lib/python3.12/site-packages/airflow/example_dags/example_short_circuit_operator.py for tasks to queue
[2024-10-26T07:20:51.604+0000] {logging_mixin.py:190} INFO - [2024-10-26T07:20:51.604+0000] {dagbag.py:588} INFO - Filling up the DagBag from /home/airflow/.local/lib/python3.12/site-packages/airflow/example_dags/example_short_circuit_operator.py
[2024-10-26T07:20:51.611+0000] {processor.py:925} INFO - DAG(s) 'example_short_circuit_operator' retrieved from /home/airflow/.local/lib/python3.12/site-packages/airflow/example_dags/example_short_circuit_operator.py
[2024-10-26T07:20:51.624+0000] {logging_mixin.py:190} INFO - [2024-10-26T07:20:51.624+0000] {dag.py:3239} INFO - Sync 1 DAGs
[2024-10-26T07:20:51.632+0000] {logging_mixin.py:190} INFO - [2024-10-26T07:20:51.632+0000] {dag.py:4180} INFO - Setting next_dagrun for example_short_circuit_operator to None, run_after=None
[2024-10-26T07:20:51.643+0000] {processor.py:208} INFO - Processing /home/airflow/.local/lib/python3.12/site-packages/airflow/example_dags/example_short_circuit_operator.py took 0.044 seconds
[2024-10-26T07:21:22.378+0000] {processor.py:186} INFO - Started process (PID=84563) to work on /home/airflow/.local/lib/python3.12/site-packages/airflow/example_dags/example_short_circuit_operator.py
[2024-10-26T07:21:22.379+0000] {processor.py:914} INFO - Processing file /home/airflow/.local/lib/python3.12/site-packages/airflow/example_dags/example_short_circuit_operator.py for tasks to queue
[2024-10-26T07:21:22.380+0000] {logging_mixin.py:190} INFO - [2024-10-26T07:21:22.380+0000] {dagbag.py:588} INFO - Filling up the DagBag from /home/airflow/.local/lib/python3.12/site-packages/airflow/example_dags/example_short_circuit_operator.py
[2024-10-26T07:21:22.385+0000] {processor.py:925} INFO - DAG(s) 'example_short_circuit_operator' retrieved from /home/airflow/.local/lib/python3.12/site-packages/airflow/example_dags/example_short_circuit_operator.py
[2024-10-26T07:21:22.398+0000] {logging_mixin.py:190} INFO - [2024-10-26T07:21:22.397+0000] {dag.py:3239} INFO - Sync 1 DAGs
[2024-10-26T07:21:22.405+0000] {logging_mixin.py:190} INFO - [2024-10-26T07:21:22.405+0000] {dag.py:4180} INFO - Setting next_dagrun for example_short_circuit_operator to None, run_after=None
[2024-10-26T07:21:22.413+0000] {processor.py:208} INFO - Processing /home/airflow/.local/lib/python3.12/site-packages/airflow/example_dags/example_short_circuit_operator.py took 0.039 seconds
[2024-10-26T07:21:53.638+0000] {processor.py:186} INFO - Started process (PID=84854) to work on /home/airflow/.local/lib/python3.12/site-packages/airflow/example_dags/example_short_circuit_operator.py
[2024-10-26T07:21:53.640+0000] {processor.py:914} INFO - Processing file /home/airflow/.local/lib/python3.12/site-packages/airflow/example_dags/example_short_circuit_operator.py for tasks to queue
[2024-10-26T07:21:53.642+0000] {logging_mixin.py:190} INFO - [2024-10-26T07:21:53.642+0000] {dagbag.py:588} INFO - Filling up the DagBag from /home/airflow/.local/lib/python3.12/site-packages/airflow/example_dags/example_short_circuit_operator.py
[2024-10-26T07:21:53.651+0000] {processor.py:925} INFO - DAG(s) 'example_short_circuit_operator' retrieved from /home/airflow/.local/lib/python3.12/site-packages/airflow/example_dags/example_short_circuit_operator.py
[2024-10-26T07:21:53.711+0000] {logging_mixin.py:190} INFO - [2024-10-26T07:21:53.711+0000] {dag.py:3239} INFO - Sync 1 DAGs
[2024-10-26T07:21:53.742+0000] {logging_mixin.py:190} INFO - [2024-10-26T07:21:53.742+0000] {dag.py:4180} INFO - Setting next_dagrun for example_short_circuit_operator to None, run_after=None
[2024-10-26T07:21:53.766+0000] {processor.py:208} INFO - Processing /home/airflow/.local/lib/python3.12/site-packages/airflow/example_dags/example_short_circuit_operator.py took 0.144 seconds
[2024-10-26T07:22:24.147+0000] {processor.py:186} INFO - Started process (PID=85145) to work on /home/airflow/.local/lib/python3.12/site-packages/airflow/example_dags/example_short_circuit_operator.py
[2024-10-26T07:22:24.149+0000] {processor.py:914} INFO - Processing file /home/airflow/.local/lib/python3.12/site-packages/airflow/example_dags/example_short_circuit_operator.py for tasks to queue
[2024-10-26T07:22:24.150+0000] {logging_mixin.py:190} INFO - [2024-10-26T07:22:24.149+0000] {dagbag.py:588} INFO - Filling up the DagBag from /home/airflow/.local/lib/python3.12/site-packages/airflow/example_dags/example_short_circuit_operator.py
[2024-10-26T07:22:24.155+0000] {processor.py:925} INFO - DAG(s) 'example_short_circuit_operator' retrieved from /home/airflow/.local/lib/python3.12/site-packages/airflow/example_dags/example_short_circuit_operator.py
[2024-10-26T07:22:24.170+0000] {logging_mixin.py:190} INFO - [2024-10-26T07:22:24.169+0000] {dag.py:3239} INFO - Sync 1 DAGs
[2024-10-26T07:22:24.178+0000] {logging_mixin.py:190} INFO - [2024-10-26T07:22:24.178+0000] {dag.py:4180} INFO - Setting next_dagrun for example_short_circuit_operator to None, run_after=None
[2024-10-26T07:22:24.191+0000] {processor.py:208} INFO - Processing /home/airflow/.local/lib/python3.12/site-packages/airflow/example_dags/example_short_circuit_operator.py took 0.048 seconds
[2024-10-26T07:22:54.874+0000] {processor.py:186} INFO - Started process (PID=85436) to work on /home/airflow/.local/lib/python3.12/site-packages/airflow/example_dags/example_short_circuit_operator.py
[2024-10-26T07:22:54.875+0000] {processor.py:914} INFO - Processing file /home/airflow/.local/lib/python3.12/site-packages/airflow/example_dags/example_short_circuit_operator.py for tasks to queue
[2024-10-26T07:22:54.876+0000] {logging_mixin.py:190} INFO - [2024-10-26T07:22:54.875+0000] {dagbag.py:588} INFO - Filling up the DagBag from /home/airflow/.local/lib/python3.12/site-packages/airflow/example_dags/example_short_circuit_operator.py
[2024-10-26T07:22:54.880+0000] {processor.py:925} INFO - DAG(s) 'example_short_circuit_operator' retrieved from /home/airflow/.local/lib/python3.12/site-packages/airflow/example_dags/example_short_circuit_operator.py
[2024-10-26T07:22:54.893+0000] {logging_mixin.py:190} INFO - [2024-10-26T07:22:54.893+0000] {dag.py:3239} INFO - Sync 1 DAGs
[2024-10-26T07:22:54.900+0000] {logging_mixin.py:190} INFO - [2024-10-26T07:22:54.899+0000] {dag.py:4180} INFO - Setting next_dagrun for example_short_circuit_operator to None, run_after=None
[2024-10-26T07:22:54.909+0000] {processor.py:208} INFO - Processing /home/airflow/.local/lib/python3.12/site-packages/airflow/example_dags/example_short_circuit_operator.py took 0.038 seconds
[2024-10-26T07:23:25.755+0000] {processor.py:186} INFO - Started process (PID=85727) to work on /home/airflow/.local/lib/python3.12/site-packages/airflow/example_dags/example_short_circuit_operator.py
[2024-10-26T07:23:25.756+0000] {processor.py:914} INFO - Processing file /home/airflow/.local/lib/python3.12/site-packages/airflow/example_dags/example_short_circuit_operator.py for tasks to queue
[2024-10-26T07:23:25.756+0000] {logging_mixin.py:190} INFO - [2024-10-26T07:23:25.756+0000] {dagbag.py:588} INFO - Filling up the DagBag from /home/airflow/.local/lib/python3.12/site-packages/airflow/example_dags/example_short_circuit_operator.py
[2024-10-26T07:23:25.761+0000] {processor.py:925} INFO - DAG(s) 'example_short_circuit_operator' retrieved from /home/airflow/.local/lib/python3.12/site-packages/airflow/example_dags/example_short_circuit_operator.py
[2024-10-26T07:23:25.779+0000] {logging_mixin.py:190} INFO - [2024-10-26T07:23:25.779+0000] {dag.py:3239} INFO - Sync 1 DAGs
[2024-10-26T07:23:25.786+0000] {logging_mixin.py:190} INFO - [2024-10-26T07:23:25.786+0000] {dag.py:4180} INFO - Setting next_dagrun for example_short_circuit_operator to None, run_after=None
[2024-10-26T07:23:25.795+0000] {processor.py:208} INFO - Processing /home/airflow/.local/lib/python3.12/site-packages/airflow/example_dags/example_short_circuit_operator.py took 0.044 seconds
[2024-10-26T07:23:56.606+0000] {processor.py:186} INFO - Started process (PID=86018) to work on /home/airflow/.local/lib/python3.12/site-packages/airflow/example_dags/example_short_circuit_operator.py
[2024-10-26T07:23:56.606+0000] {processor.py:914} INFO - Processing file /home/airflow/.local/lib/python3.12/site-packages/airflow/example_dags/example_short_circuit_operator.py for tasks to queue
[2024-10-26T07:23:56.607+0000] {logging_mixin.py:190} INFO - [2024-10-26T07:23:56.607+0000] {dagbag.py:588} INFO - Filling up the DagBag from /home/airflow/.local/lib/python3.12/site-packages/airflow/example_dags/example_short_circuit_operator.py
[2024-10-26T07:23:56.611+0000] {processor.py:925} INFO - DAG(s) 'example_short_circuit_operator' retrieved from /home/airflow/.local/lib/python3.12/site-packages/airflow/example_dags/example_short_circuit_operator.py
[2024-10-26T07:23:56.624+0000] {logging_mixin.py:190} INFO - [2024-10-26T07:23:56.624+0000] {dag.py:3239} INFO - Sync 1 DAGs
[2024-10-26T07:23:56.631+0000] {logging_mixin.py:190} INFO - [2024-10-26T07:23:56.631+0000] {dag.py:4180} INFO - Setting next_dagrun for example_short_circuit_operator to None, run_after=None
[2024-10-26T07:23:56.641+0000] {processor.py:208} INFO - Processing /home/airflow/.local/lib/python3.12/site-packages/airflow/example_dags/example_short_circuit_operator.py took 0.038 seconds
[2024-10-26T07:24:27.260+0000] {processor.py:186} INFO - Started process (PID=86309) to work on /home/airflow/.local/lib/python3.12/site-packages/airflow/example_dags/example_short_circuit_operator.py
[2024-10-26T07:24:27.261+0000] {processor.py:914} INFO - Processing file /home/airflow/.local/lib/python3.12/site-packages/airflow/example_dags/example_short_circuit_operator.py for tasks to queue
[2024-10-26T07:24:27.262+0000] {logging_mixin.py:190} INFO - [2024-10-26T07:24:27.262+0000] {dagbag.py:588} INFO - Filling up the DagBag from /home/airflow/.local/lib/python3.12/site-packages/airflow/example_dags/example_short_circuit_operator.py
[2024-10-26T07:24:27.270+0000] {processor.py:925} INFO - DAG(s) 'example_short_circuit_operator' retrieved from /home/airflow/.local/lib/python3.12/site-packages/airflow/example_dags/example_short_circuit_operator.py
[2024-10-26T07:24:27.296+0000] {logging_mixin.py:190} INFO - [2024-10-26T07:24:27.296+0000] {dag.py:3239} INFO - Sync 1 DAGs
[2024-10-26T07:24:27.307+0000] {logging_mixin.py:190} INFO - [2024-10-26T07:24:27.307+0000] {dag.py:4180} INFO - Setting next_dagrun for example_short_circuit_operator to None, run_after=None
[2024-10-26T07:24:27.321+0000] {processor.py:208} INFO - Processing /home/airflow/.local/lib/python3.12/site-packages/airflow/example_dags/example_short_circuit_operator.py took 0.066 seconds
[2024-10-26T07:24:58.416+0000] {processor.py:186} INFO - Started process (PID=86600) to work on /home/airflow/.local/lib/python3.12/site-packages/airflow/example_dags/example_short_circuit_operator.py
[2024-10-26T07:24:58.417+0000] {processor.py:914} INFO - Processing file /home/airflow/.local/lib/python3.12/site-packages/airflow/example_dags/example_short_circuit_operator.py for tasks to queue
[2024-10-26T07:24:58.418+0000] {logging_mixin.py:190} INFO - [2024-10-26T07:24:58.418+0000] {dagbag.py:588} INFO - Filling up the DagBag from /home/airflow/.local/lib/python3.12/site-packages/airflow/example_dags/example_short_circuit_operator.py
[2024-10-26T07:24:58.423+0000] {processor.py:925} INFO - DAG(s) 'example_short_circuit_operator' retrieved from /home/airflow/.local/lib/python3.12/site-packages/airflow/example_dags/example_short_circuit_operator.py
[2024-10-26T07:24:58.438+0000] {logging_mixin.py:190} INFO - [2024-10-26T07:24:58.438+0000] {dag.py:3239} INFO - Sync 1 DAGs
[2024-10-26T07:24:58.448+0000] {logging_mixin.py:190} INFO - [2024-10-26T07:24:58.448+0000] {dag.py:4180} INFO - Setting next_dagrun for example_short_circuit_operator to None, run_after=None
[2024-10-26T07:24:58.457+0000] {processor.py:208} INFO - Processing /home/airflow/.local/lib/python3.12/site-packages/airflow/example_dags/example_short_circuit_operator.py took 0.045 seconds
[2024-10-26T07:25:29.014+0000] {processor.py:186} INFO - Started process (PID=86891) to work on /home/airflow/.local/lib/python3.12/site-packages/airflow/example_dags/example_short_circuit_operator.py
[2024-10-26T07:25:29.016+0000] {processor.py:914} INFO - Processing file /home/airflow/.local/lib/python3.12/site-packages/airflow/example_dags/example_short_circuit_operator.py for tasks to queue
[2024-10-26T07:25:29.016+0000] {logging_mixin.py:190} INFO - [2024-10-26T07:25:29.016+0000] {dagbag.py:588} INFO - Filling up the DagBag from /home/airflow/.local/lib/python3.12/site-packages/airflow/example_dags/example_short_circuit_operator.py
[2024-10-26T07:25:29.021+0000] {processor.py:925} INFO - DAG(s) 'example_short_circuit_operator' retrieved from /home/airflow/.local/lib/python3.12/site-packages/airflow/example_dags/example_short_circuit_operator.py
[2024-10-26T07:25:29.035+0000] {logging_mixin.py:190} INFO - [2024-10-26T07:25:29.034+0000] {dag.py:3239} INFO - Sync 1 DAGs
[2024-10-26T07:25:29.043+0000] {logging_mixin.py:190} INFO - [2024-10-26T07:25:29.043+0000] {dag.py:4180} INFO - Setting next_dagrun for example_short_circuit_operator to None, run_after=None
[2024-10-26T07:25:29.057+0000] {processor.py:208} INFO - Processing /home/airflow/.local/lib/python3.12/site-packages/airflow/example_dags/example_short_circuit_operator.py took 0.047 seconds
[2024-10-26T07:26:00.120+0000] {processor.py:186} INFO - Started process (PID=87182) to work on /home/airflow/.local/lib/python3.12/site-packages/airflow/example_dags/example_short_circuit_operator.py
[2024-10-26T07:26:00.121+0000] {processor.py:914} INFO - Processing file /home/airflow/.local/lib/python3.12/site-packages/airflow/example_dags/example_short_circuit_operator.py for tasks to queue
[2024-10-26T07:26:00.121+0000] {logging_mixin.py:190} INFO - [2024-10-26T07:26:00.121+0000] {dagbag.py:588} INFO - Filling up the DagBag from /home/airflow/.local/lib/python3.12/site-packages/airflow/example_dags/example_short_circuit_operator.py
[2024-10-26T07:26:00.127+0000] {processor.py:925} INFO - DAG(s) 'example_short_circuit_operator' retrieved from /home/airflow/.local/lib/python3.12/site-packages/airflow/example_dags/example_short_circuit_operator.py
[2024-10-26T07:26:00.147+0000] {logging_mixin.py:190} INFO - [2024-10-26T07:26:00.147+0000] {dag.py:3239} INFO - Sync 1 DAGs
[2024-10-26T07:26:00.158+0000] {logging_mixin.py:190} INFO - [2024-10-26T07:26:00.158+0000] {dag.py:4180} INFO - Setting next_dagrun for example_short_circuit_operator to None, run_after=None
[2024-10-26T07:26:00.170+0000] {processor.py:208} INFO - Processing /home/airflow/.local/lib/python3.12/site-packages/airflow/example_dags/example_short_circuit_operator.py took 0.054 seconds
[2024-10-26T07:26:31.248+0000] {processor.py:186} INFO - Started process (PID=87473) to work on /home/airflow/.local/lib/python3.12/site-packages/airflow/example_dags/example_short_circuit_operator.py
[2024-10-26T07:26:31.250+0000] {processor.py:914} INFO - Processing file /home/airflow/.local/lib/python3.12/site-packages/airflow/example_dags/example_short_circuit_operator.py for tasks to queue
[2024-10-26T07:26:31.251+0000] {logging_mixin.py:190} INFO - [2024-10-26T07:26:31.251+0000] {dagbag.py:588} INFO - Filling up the DagBag from /home/airflow/.local/lib/python3.12/site-packages/airflow/example_dags/example_short_circuit_operator.py
[2024-10-26T07:26:31.258+0000] {processor.py:925} INFO - DAG(s) 'example_short_circuit_operator' retrieved from /home/airflow/.local/lib/python3.12/site-packages/airflow/example_dags/example_short_circuit_operator.py
[2024-10-26T07:26:31.275+0000] {logging_mixin.py:190} INFO - [2024-10-26T07:26:31.274+0000] {dag.py:3239} INFO - Sync 1 DAGs
[2024-10-26T07:26:31.284+0000] {logging_mixin.py:190} INFO - [2024-10-26T07:26:31.284+0000] {dag.py:4180} INFO - Setting next_dagrun for example_short_circuit_operator to None, run_after=None
[2024-10-26T07:26:31.297+0000] {processor.py:208} INFO - Processing /home/airflow/.local/lib/python3.12/site-packages/airflow/example_dags/example_short_circuit_operator.py took 0.053 seconds
[2024-10-26T07:27:01.724+0000] {processor.py:186} INFO - Started process (PID=87764) to work on /home/airflow/.local/lib/python3.12/site-packages/airflow/example_dags/example_short_circuit_operator.py
[2024-10-26T07:27:01.725+0000] {processor.py:914} INFO - Processing file /home/airflow/.local/lib/python3.12/site-packages/airflow/example_dags/example_short_circuit_operator.py for tasks to queue
[2024-10-26T07:27:01.726+0000] {logging_mixin.py:190} INFO - [2024-10-26T07:27:01.726+0000] {dagbag.py:588} INFO - Filling up the DagBag from /home/airflow/.local/lib/python3.12/site-packages/airflow/example_dags/example_short_circuit_operator.py
[2024-10-26T07:27:01.731+0000] {processor.py:925} INFO - DAG(s) 'example_short_circuit_operator' retrieved from /home/airflow/.local/lib/python3.12/site-packages/airflow/example_dags/example_short_circuit_operator.py
[2024-10-26T07:27:01.742+0000] {logging_mixin.py:190} INFO - [2024-10-26T07:27:01.742+0000] {dag.py:3239} INFO - Sync 1 DAGs
[2024-10-26T07:27:01.750+0000] {logging_mixin.py:190} INFO - [2024-10-26T07:27:01.749+0000] {dag.py:4180} INFO - Setting next_dagrun for example_short_circuit_operator to None, run_after=None
[2024-10-26T07:27:01.761+0000] {processor.py:208} INFO - Processing /home/airflow/.local/lib/python3.12/site-packages/airflow/example_dags/example_short_circuit_operator.py took 0.040 seconds
[2024-10-26T07:27:32.321+0000] {processor.py:186} INFO - Started process (PID=88055) to work on /home/airflow/.local/lib/python3.12/site-packages/airflow/example_dags/example_short_circuit_operator.py
[2024-10-26T07:27:32.322+0000] {processor.py:914} INFO - Processing file /home/airflow/.local/lib/python3.12/site-packages/airflow/example_dags/example_short_circuit_operator.py for tasks to queue
[2024-10-26T07:27:32.323+0000] {logging_mixin.py:190} INFO - [2024-10-26T07:27:32.323+0000] {dagbag.py:588} INFO - Filling up the DagBag from /home/airflow/.local/lib/python3.12/site-packages/airflow/example_dags/example_short_circuit_operator.py
[2024-10-26T07:27:32.328+0000] {processor.py:925} INFO - DAG(s) 'example_short_circuit_operator' retrieved from /home/airflow/.local/lib/python3.12/site-packages/airflow/example_dags/example_short_circuit_operator.py
[2024-10-26T07:27:32.344+0000] {logging_mixin.py:190} INFO - [2024-10-26T07:27:32.344+0000] {dag.py:3239} INFO - Sync 1 DAGs
[2024-10-26T07:27:32.354+0000] {logging_mixin.py:190} INFO - [2024-10-26T07:27:32.353+0000] {dag.py:4180} INFO - Setting next_dagrun for example_short_circuit_operator to None, run_after=None
[2024-10-26T07:27:32.367+0000] {processor.py:208} INFO - Processing /home/airflow/.local/lib/python3.12/site-packages/airflow/example_dags/example_short_circuit_operator.py took 0.050 seconds
