[2024-10-26T00:46:25.047+0000] {processor.py:186} INFO - Started process (PID=70804) to work on /home/airflow/.local/lib/python3.12/site-packages/airflow/example_dags/example_branch_labels.py
[2024-10-26T00:46:25.048+0000] {processor.py:914} INFO - Processing file /home/airflow/.local/lib/python3.12/site-packages/airflow/example_dags/example_branch_labels.py for tasks to queue
[2024-10-26T00:46:25.049+0000] {logging_mixin.py:190} INFO - [2024-10-26T00:46:25.048+0000] {dagbag.py:588} INFO - Filling up the DagBag from /home/airflow/.local/lib/python3.12/site-packages/airflow/example_dags/example_branch_labels.py
[2024-10-26T00:46:25.055+0000] {processor.py:925} INFO - DAG(s) 'example_branch_labels' retrieved from /home/airflow/.local/lib/python3.12/site-packages/airflow/example_dags/example_branch_labels.py
[2024-10-26T00:46:25.074+0000] {logging_mixin.py:190} INFO - [2024-10-26T00:46:25.074+0000] {dag.py:3239} INFO - Sync 1 DAGs
[2024-10-26T00:46:25.087+0000] {logging_mixin.py:190} INFO - [2024-10-26T00:46:25.087+0000] {dag.py:4180} INFO - Setting next_dagrun for example_branch_labels to 2024-10-25 00:00:00+00:00, run_after=2024-10-26 00:00:00+00:00
[2024-10-26T00:46:25.103+0000] {processor.py:208} INFO - Processing /home/airflow/.local/lib/python3.12/site-packages/airflow/example_dags/example_branch_labels.py took 0.062 seconds
[2024-10-26T01:37:08.581+0000] {processor.py:186} INFO - Started process (PID=71096) to work on /home/airflow/.local/lib/python3.12/site-packages/airflow/example_dags/example_branch_labels.py
[2024-10-26T01:37:08.581+0000] {processor.py:914} INFO - Processing file /home/airflow/.local/lib/python3.12/site-packages/airflow/example_dags/example_branch_labels.py for tasks to queue
[2024-10-26T01:37:08.582+0000] {logging_mixin.py:190} INFO - [2024-10-26T01:37:08.582+0000] {dagbag.py:588} INFO - Filling up the DagBag from /home/airflow/.local/lib/python3.12/site-packages/airflow/example_dags/example_branch_labels.py
[2024-10-26T01:37:08.587+0000] {processor.py:925} INFO - DAG(s) 'example_branch_labels' retrieved from /home/airflow/.local/lib/python3.12/site-packages/airflow/example_dags/example_branch_labels.py
[2024-10-26T01:37:08.602+0000] {logging_mixin.py:190} INFO - [2024-10-26T01:37:08.602+0000] {dag.py:3239} INFO - Sync 1 DAGs
[2024-10-26T01:37:08.615+0000] {logging_mixin.py:190} INFO - [2024-10-26T01:37:08.615+0000] {dag.py:4180} INFO - Setting next_dagrun for example_branch_labels to 2024-10-25 00:00:00+00:00, run_after=2024-10-26 00:00:00+00:00
[2024-10-26T01:37:08.631+0000] {processor.py:208} INFO - Processing /home/airflow/.local/lib/python3.12/site-packages/airflow/example_dags/example_branch_labels.py took 0.054 seconds
[2024-10-26T02:57:37.511+0000] {processor.py:186} INFO - Started process (PID=71387) to work on /home/airflow/.local/lib/python3.12/site-packages/airflow/example_dags/example_branch_labels.py
[2024-10-26T02:57:37.512+0000] {processor.py:914} INFO - Processing file /home/airflow/.local/lib/python3.12/site-packages/airflow/example_dags/example_branch_labels.py for tasks to queue
[2024-10-26T02:57:37.513+0000] {logging_mixin.py:190} INFO - [2024-10-26T02:57:37.513+0000] {dagbag.py:588} INFO - Filling up the DagBag from /home/airflow/.local/lib/python3.12/site-packages/airflow/example_dags/example_branch_labels.py
[2024-10-26T02:57:37.518+0000] {processor.py:925} INFO - DAG(s) 'example_branch_labels' retrieved from /home/airflow/.local/lib/python3.12/site-packages/airflow/example_dags/example_branch_labels.py
[2024-10-26T02:57:37.529+0000] {logging_mixin.py:190} INFO - [2024-10-26T02:57:37.529+0000] {dag.py:3239} INFO - Sync 1 DAGs
[2024-10-26T02:57:37.542+0000] {logging_mixin.py:190} INFO - [2024-10-26T02:57:37.542+0000] {dag.py:4180} INFO - Setting next_dagrun for example_branch_labels to 2024-10-25 00:00:00+00:00, run_after=2024-10-26 00:00:00+00:00
[2024-10-26T02:57:37.555+0000] {processor.py:208} INFO - Processing /home/airflow/.local/lib/python3.12/site-packages/airflow/example_dags/example_branch_labels.py took 0.052 seconds
[2024-10-26T04:18:35.100+0000] {processor.py:186} INFO - Started process (PID=71678) to work on /home/airflow/.local/lib/python3.12/site-packages/airflow/example_dags/example_branch_labels.py
[2024-10-26T04:18:35.101+0000] {processor.py:914} INFO - Processing file /home/airflow/.local/lib/python3.12/site-packages/airflow/example_dags/example_branch_labels.py for tasks to queue
[2024-10-26T04:18:35.102+0000] {logging_mixin.py:190} INFO - [2024-10-26T04:18:35.102+0000] {dagbag.py:588} INFO - Filling up the DagBag from /home/airflow/.local/lib/python3.12/site-packages/airflow/example_dags/example_branch_labels.py
[2024-10-26T04:18:35.107+0000] {processor.py:925} INFO - DAG(s) 'example_branch_labels' retrieved from /home/airflow/.local/lib/python3.12/site-packages/airflow/example_dags/example_branch_labels.py
[2024-10-26T04:18:35.117+0000] {logging_mixin.py:190} INFO - [2024-10-26T04:18:35.117+0000] {dag.py:3239} INFO - Sync 1 DAGs
[2024-10-26T04:18:35.130+0000] {logging_mixin.py:190} INFO - [2024-10-26T04:18:35.130+0000] {dag.py:4180} INFO - Setting next_dagrun for example_branch_labels to 2024-10-25 00:00:00+00:00, run_after=2024-10-26 00:00:00+00:00
[2024-10-26T04:18:35.146+0000] {processor.py:208} INFO - Processing /home/airflow/.local/lib/python3.12/site-packages/airflow/example_dags/example_branch_labels.py took 0.049 seconds
[2024-10-26T05:41:04.893+0000] {processor.py:186} INFO - Started process (PID=71969) to work on /home/airflow/.local/lib/python3.12/site-packages/airflow/example_dags/example_branch_labels.py
[2024-10-26T05:41:04.896+0000] {processor.py:914} INFO - Processing file /home/airflow/.local/lib/python3.12/site-packages/airflow/example_dags/example_branch_labels.py for tasks to queue
[2024-10-26T05:41:04.897+0000] {logging_mixin.py:190} INFO - [2024-10-26T05:41:04.897+0000] {dagbag.py:588} INFO - Filling up the DagBag from /home/airflow/.local/lib/python3.12/site-packages/airflow/example_dags/example_branch_labels.py
[2024-10-26T05:41:04.902+0000] {processor.py:925} INFO - DAG(s) 'example_branch_labels' retrieved from /home/airflow/.local/lib/python3.12/site-packages/airflow/example_dags/example_branch_labels.py
[2024-10-26T05:41:04.914+0000] {logging_mixin.py:190} INFO - [2024-10-26T05:41:04.914+0000] {dag.py:3239} INFO - Sync 1 DAGs
[2024-10-26T05:41:04.931+0000] {logging_mixin.py:190} INFO - [2024-10-26T05:41:04.931+0000] {dag.py:4180} INFO - Setting next_dagrun for example_branch_labels to 2024-10-25 00:00:00+00:00, run_after=2024-10-26 00:00:00+00:00
[2024-10-26T05:41:04.944+0000] {processor.py:208} INFO - Processing /home/airflow/.local/lib/python3.12/site-packages/airflow/example_dags/example_branch_labels.py took 0.055 seconds
[2024-10-26T06:59:45.165+0000] {processor.py:186} INFO - Started process (PID=72260) to work on /home/airflow/.local/lib/python3.12/site-packages/airflow/example_dags/example_branch_labels.py
[2024-10-26T06:59:45.167+0000] {processor.py:914} INFO - Processing file /home/airflow/.local/lib/python3.12/site-packages/airflow/example_dags/example_branch_labels.py for tasks to queue
[2024-10-26T06:59:45.169+0000] {logging_mixin.py:190} INFO - [2024-10-26T06:59:45.168+0000] {dagbag.py:588} INFO - Filling up the DagBag from /home/airflow/.local/lib/python3.12/site-packages/airflow/example_dags/example_branch_labels.py
[2024-10-26T06:59:45.174+0000] {processor.py:925} INFO - DAG(s) 'example_branch_labels' retrieved from /home/airflow/.local/lib/python3.12/site-packages/airflow/example_dags/example_branch_labels.py
[2024-10-26T06:59:45.189+0000] {logging_mixin.py:190} INFO - [2024-10-26T06:59:45.189+0000] {dag.py:3239} INFO - Sync 1 DAGs
[2024-10-26T06:59:45.203+0000] {logging_mixin.py:190} INFO - [2024-10-26T06:59:45.203+0000] {dag.py:4180} INFO - Setting next_dagrun for example_branch_labels to 2024-10-25 00:00:00+00:00, run_after=2024-10-26 00:00:00+00:00
[2024-10-26T06:59:45.216+0000] {processor.py:208} INFO - Processing /home/airflow/.local/lib/python3.12/site-packages/airflow/example_dags/example_branch_labels.py took 0.056 seconds
[2024-10-26T07:00:15.885+0000] {processor.py:186} INFO - Started process (PID=72551) to work on /home/airflow/.local/lib/python3.12/site-packages/airflow/example_dags/example_branch_labels.py
[2024-10-26T07:00:15.886+0000] {processor.py:914} INFO - Processing file /home/airflow/.local/lib/python3.12/site-packages/airflow/example_dags/example_branch_labels.py for tasks to queue
[2024-10-26T07:00:15.886+0000] {logging_mixin.py:190} INFO - [2024-10-26T07:00:15.886+0000] {dagbag.py:588} INFO - Filling up the DagBag from /home/airflow/.local/lib/python3.12/site-packages/airflow/example_dags/example_branch_labels.py
[2024-10-26T07:00:15.892+0000] {processor.py:925} INFO - DAG(s) 'example_branch_labels' retrieved from /home/airflow/.local/lib/python3.12/site-packages/airflow/example_dags/example_branch_labels.py
[2024-10-26T07:00:15.902+0000] {logging_mixin.py:190} INFO - [2024-10-26T07:00:15.902+0000] {dag.py:3239} INFO - Sync 1 DAGs
[2024-10-26T07:00:15.914+0000] {logging_mixin.py:190} INFO - [2024-10-26T07:00:15.914+0000] {dag.py:4180} INFO - Setting next_dagrun for example_branch_labels to 2024-10-25 00:00:00+00:00, run_after=2024-10-26 00:00:00+00:00
[2024-10-26T07:00:15.925+0000] {processor.py:208} INFO - Processing /home/airflow/.local/lib/python3.12/site-packages/airflow/example_dags/example_branch_labels.py took 0.043 seconds
[2024-10-26T07:00:46.340+0000] {processor.py:186} INFO - Started process (PID=72842) to work on /home/airflow/.local/lib/python3.12/site-packages/airflow/example_dags/example_branch_labels.py
[2024-10-26T07:00:46.344+0000] {processor.py:914} INFO - Processing file /home/airflow/.local/lib/python3.12/site-packages/airflow/example_dags/example_branch_labels.py for tasks to queue
[2024-10-26T07:00:46.344+0000] {logging_mixin.py:190} INFO - [2024-10-26T07:00:46.344+0000] {dagbag.py:588} INFO - Filling up the DagBag from /home/airflow/.local/lib/python3.12/site-packages/airflow/example_dags/example_branch_labels.py
[2024-10-26T07:00:46.350+0000] {processor.py:925} INFO - DAG(s) 'example_branch_labels' retrieved from /home/airflow/.local/lib/python3.12/site-packages/airflow/example_dags/example_branch_labels.py
[2024-10-26T07:00:46.360+0000] {logging_mixin.py:190} INFO - [2024-10-26T07:00:46.360+0000] {dag.py:3239} INFO - Sync 1 DAGs
[2024-10-26T07:00:46.374+0000] {logging_mixin.py:190} INFO - [2024-10-26T07:00:46.374+0000] {dag.py:4180} INFO - Setting next_dagrun for example_branch_labels to 2024-10-25 00:00:00+00:00, run_after=2024-10-26 00:00:00+00:00
[2024-10-26T07:00:46.387+0000] {processor.py:208} INFO - Processing /home/airflow/.local/lib/python3.12/site-packages/airflow/example_dags/example_branch_labels.py took 0.050 seconds
[2024-10-26T07:01:17.327+0000] {processor.py:186} INFO - Started process (PID=73133) to work on /home/airflow/.local/lib/python3.12/site-packages/airflow/example_dags/example_branch_labels.py
[2024-10-26T07:01:17.331+0000] {processor.py:914} INFO - Processing file /home/airflow/.local/lib/python3.12/site-packages/airflow/example_dags/example_branch_labels.py for tasks to queue
[2024-10-26T07:01:17.333+0000] {logging_mixin.py:190} INFO - [2024-10-26T07:01:17.333+0000] {dagbag.py:588} INFO - Filling up the DagBag from /home/airflow/.local/lib/python3.12/site-packages/airflow/example_dags/example_branch_labels.py
[2024-10-26T07:01:17.342+0000] {processor.py:925} INFO - DAG(s) 'example_branch_labels' retrieved from /home/airflow/.local/lib/python3.12/site-packages/airflow/example_dags/example_branch_labels.py
[2024-10-26T07:01:17.356+0000] {logging_mixin.py:190} INFO - [2024-10-26T07:01:17.355+0000] {dag.py:3239} INFO - Sync 1 DAGs
[2024-10-26T07:01:17.375+0000] {logging_mixin.py:190} INFO - [2024-10-26T07:01:17.375+0000] {dag.py:4180} INFO - Setting next_dagrun for example_branch_labels to 2024-10-25 00:00:00+00:00, run_after=2024-10-26 00:00:00+00:00
[2024-10-26T07:01:17.417+0000] {processor.py:208} INFO - Processing /home/airflow/.local/lib/python3.12/site-packages/airflow/example_dags/example_branch_labels.py took 0.095 seconds
[2024-10-26T07:01:47.928+0000] {processor.py:186} INFO - Started process (PID=73424) to work on /home/airflow/.local/lib/python3.12/site-packages/airflow/example_dags/example_branch_labels.py
[2024-10-26T07:01:47.929+0000] {processor.py:914} INFO - Processing file /home/airflow/.local/lib/python3.12/site-packages/airflow/example_dags/example_branch_labels.py for tasks to queue
[2024-10-26T07:01:47.930+0000] {logging_mixin.py:190} INFO - [2024-10-26T07:01:47.930+0000] {dagbag.py:588} INFO - Filling up the DagBag from /home/airflow/.local/lib/python3.12/site-packages/airflow/example_dags/example_branch_labels.py
[2024-10-26T07:01:47.938+0000] {processor.py:925} INFO - DAG(s) 'example_branch_labels' retrieved from /home/airflow/.local/lib/python3.12/site-packages/airflow/example_dags/example_branch_labels.py
[2024-10-26T07:01:47.953+0000] {logging_mixin.py:190} INFO - [2024-10-26T07:01:47.953+0000] {dag.py:3239} INFO - Sync 1 DAGs
[2024-10-26T07:01:47.967+0000] {logging_mixin.py:190} INFO - [2024-10-26T07:01:47.967+0000] {dag.py:4180} INFO - Setting next_dagrun for example_branch_labels to 2024-10-25 00:00:00+00:00, run_after=2024-10-26 00:00:00+00:00
[2024-10-26T07:01:47.983+0000] {processor.py:208} INFO - Processing /home/airflow/.local/lib/python3.12/site-packages/airflow/example_dags/example_branch_labels.py took 0.059 seconds
[2024-10-26T07:02:18.579+0000] {processor.py:186} INFO - Started process (PID=73715) to work on /home/airflow/.local/lib/python3.12/site-packages/airflow/example_dags/example_branch_labels.py
[2024-10-26T07:02:18.581+0000] {processor.py:914} INFO - Processing file /home/airflow/.local/lib/python3.12/site-packages/airflow/example_dags/example_branch_labels.py for tasks to queue
[2024-10-26T07:02:18.582+0000] {logging_mixin.py:190} INFO - [2024-10-26T07:02:18.582+0000] {dagbag.py:588} INFO - Filling up the DagBag from /home/airflow/.local/lib/python3.12/site-packages/airflow/example_dags/example_branch_labels.py
[2024-10-26T07:02:18.587+0000] {processor.py:925} INFO - DAG(s) 'example_branch_labels' retrieved from /home/airflow/.local/lib/python3.12/site-packages/airflow/example_dags/example_branch_labels.py
[2024-10-26T07:02:18.599+0000] {logging_mixin.py:190} INFO - [2024-10-26T07:02:18.599+0000] {dag.py:3239} INFO - Sync 1 DAGs
[2024-10-26T07:02:18.615+0000] {logging_mixin.py:190} INFO - [2024-10-26T07:02:18.615+0000] {dag.py:4180} INFO - Setting next_dagrun for example_branch_labels to 2024-10-25 00:00:00+00:00, run_after=2024-10-26 00:00:00+00:00
[2024-10-26T07:02:18.628+0000] {processor.py:208} INFO - Processing /home/airflow/.local/lib/python3.12/site-packages/airflow/example_dags/example_branch_labels.py took 0.056 seconds
[2024-10-26T07:02:48.949+0000] {processor.py:186} INFO - Started process (PID=74006) to work on /home/airflow/.local/lib/python3.12/site-packages/airflow/example_dags/example_branch_labels.py
[2024-10-26T07:02:48.949+0000] {processor.py:914} INFO - Processing file /home/airflow/.local/lib/python3.12/site-packages/airflow/example_dags/example_branch_labels.py for tasks to queue
[2024-10-26T07:02:48.950+0000] {logging_mixin.py:190} INFO - [2024-10-26T07:02:48.950+0000] {dagbag.py:588} INFO - Filling up the DagBag from /home/airflow/.local/lib/python3.12/site-packages/airflow/example_dags/example_branch_labels.py
[2024-10-26T07:02:48.955+0000] {processor.py:925} INFO - DAG(s) 'example_branch_labels' retrieved from /home/airflow/.local/lib/python3.12/site-packages/airflow/example_dags/example_branch_labels.py
[2024-10-26T07:02:48.968+0000] {logging_mixin.py:190} INFO - [2024-10-26T07:02:48.968+0000] {dag.py:3239} INFO - Sync 1 DAGs
[2024-10-26T07:02:48.980+0000] {logging_mixin.py:190} INFO - [2024-10-26T07:02:48.980+0000] {dag.py:4180} INFO - Setting next_dagrun for example_branch_labels to 2024-10-25 00:00:00+00:00, run_after=2024-10-26 00:00:00+00:00
[2024-10-26T07:02:48.994+0000] {processor.py:208} INFO - Processing /home/airflow/.local/lib/python3.12/site-packages/airflow/example_dags/example_branch_labels.py took 0.048 seconds
[2024-10-26T07:03:19.727+0000] {processor.py:186} INFO - Started process (PID=74297) to work on /home/airflow/.local/lib/python3.12/site-packages/airflow/example_dags/example_branch_labels.py
[2024-10-26T07:03:19.729+0000] {processor.py:914} INFO - Processing file /home/airflow/.local/lib/python3.12/site-packages/airflow/example_dags/example_branch_labels.py for tasks to queue
[2024-10-26T07:03:19.730+0000] {logging_mixin.py:190} INFO - [2024-10-26T07:03:19.730+0000] {dagbag.py:588} INFO - Filling up the DagBag from /home/airflow/.local/lib/python3.12/site-packages/airflow/example_dags/example_branch_labels.py
[2024-10-26T07:03:19.741+0000] {processor.py:925} INFO - DAG(s) 'example_branch_labels' retrieved from /home/airflow/.local/lib/python3.12/site-packages/airflow/example_dags/example_branch_labels.py
[2024-10-26T07:03:19.759+0000] {logging_mixin.py:190} INFO - [2024-10-26T07:03:19.759+0000] {dag.py:3239} INFO - Sync 1 DAGs
[2024-10-26T07:03:19.777+0000] {logging_mixin.py:190} INFO - [2024-10-26T07:03:19.776+0000] {dag.py:4180} INFO - Setting next_dagrun for example_branch_labels to 2024-10-25 00:00:00+00:00, run_after=2024-10-26 00:00:00+00:00
[2024-10-26T07:03:19.793+0000] {processor.py:208} INFO - Processing /home/airflow/.local/lib/python3.12/site-packages/airflow/example_dags/example_branch_labels.py took 0.072 seconds
[2024-10-26T07:03:50.319+0000] {processor.py:186} INFO - Started process (PID=74588) to work on /home/airflow/.local/lib/python3.12/site-packages/airflow/example_dags/example_branch_labels.py
[2024-10-26T07:03:50.320+0000] {processor.py:914} INFO - Processing file /home/airflow/.local/lib/python3.12/site-packages/airflow/example_dags/example_branch_labels.py for tasks to queue
[2024-10-26T07:03:50.321+0000] {logging_mixin.py:190} INFO - [2024-10-26T07:03:50.321+0000] {dagbag.py:588} INFO - Filling up the DagBag from /home/airflow/.local/lib/python3.12/site-packages/airflow/example_dags/example_branch_labels.py
[2024-10-26T07:03:50.328+0000] {processor.py:925} INFO - DAG(s) 'example_branch_labels' retrieved from /home/airflow/.local/lib/python3.12/site-packages/airflow/example_dags/example_branch_labels.py
[2024-10-26T07:03:50.354+0000] {logging_mixin.py:190} INFO - [2024-10-26T07:03:50.354+0000] {dag.py:3239} INFO - Sync 1 DAGs
[2024-10-26T07:03:50.371+0000] {logging_mixin.py:190} INFO - [2024-10-26T07:03:50.371+0000] {dag.py:4180} INFO - Setting next_dagrun for example_branch_labels to 2024-10-25 00:00:00+00:00, run_after=2024-10-26 00:00:00+00:00
[2024-10-26T07:03:50.399+0000] {processor.py:208} INFO - Processing /home/airflow/.local/lib/python3.12/site-packages/airflow/example_dags/example_branch_labels.py took 0.083 seconds
[2024-10-26T07:04:21.302+0000] {processor.py:186} INFO - Started process (PID=74880) to work on /home/airflow/.local/lib/python3.12/site-packages/airflow/example_dags/example_branch_labels.py
[2024-10-26T07:04:21.303+0000] {processor.py:914} INFO - Processing file /home/airflow/.local/lib/python3.12/site-packages/airflow/example_dags/example_branch_labels.py for tasks to queue
[2024-10-26T07:04:21.303+0000] {logging_mixin.py:190} INFO - [2024-10-26T07:04:21.303+0000] {dagbag.py:588} INFO - Filling up the DagBag from /home/airflow/.local/lib/python3.12/site-packages/airflow/example_dags/example_branch_labels.py
[2024-10-26T07:04:21.309+0000] {processor.py:925} INFO - DAG(s) 'example_branch_labels' retrieved from /home/airflow/.local/lib/python3.12/site-packages/airflow/example_dags/example_branch_labels.py
[2024-10-26T07:04:21.321+0000] {logging_mixin.py:190} INFO - [2024-10-26T07:04:21.321+0000] {dag.py:3239} INFO - Sync 1 DAGs
[2024-10-26T07:04:21.336+0000] {logging_mixin.py:190} INFO - [2024-10-26T07:04:21.336+0000] {dag.py:4180} INFO - Setting next_dagrun for example_branch_labels to 2024-10-25 00:00:00+00:00, run_after=2024-10-26 00:00:00+00:00
[2024-10-26T07:04:21.352+0000] {processor.py:208} INFO - Processing /home/airflow/.local/lib/python3.12/site-packages/airflow/example_dags/example_branch_labels.py took 0.054 seconds
[2024-10-26T07:04:51.647+0000] {processor.py:186} INFO - Started process (PID=75169) to work on /home/airflow/.local/lib/python3.12/site-packages/airflow/example_dags/example_branch_labels.py
[2024-10-26T07:04:51.648+0000] {processor.py:914} INFO - Processing file /home/airflow/.local/lib/python3.12/site-packages/airflow/example_dags/example_branch_labels.py for tasks to queue
[2024-10-26T07:04:51.650+0000] {logging_mixin.py:190} INFO - [2024-10-26T07:04:51.650+0000] {dagbag.py:588} INFO - Filling up the DagBag from /home/airflow/.local/lib/python3.12/site-packages/airflow/example_dags/example_branch_labels.py
[2024-10-26T07:04:51.655+0000] {processor.py:925} INFO - DAG(s) 'example_branch_labels' retrieved from /home/airflow/.local/lib/python3.12/site-packages/airflow/example_dags/example_branch_labels.py
[2024-10-26T07:04:51.666+0000] {logging_mixin.py:190} INFO - [2024-10-26T07:04:51.666+0000] {dag.py:3239} INFO - Sync 1 DAGs
[2024-10-26T07:04:51.679+0000] {logging_mixin.py:190} INFO - [2024-10-26T07:04:51.679+0000] {dag.py:4180} INFO - Setting next_dagrun for example_branch_labels to 2024-10-25 00:00:00+00:00, run_after=2024-10-26 00:00:00+00:00
[2024-10-26T07:04:51.687+0000] {processor.py:208} INFO - Processing /home/airflow/.local/lib/python3.12/site-packages/airflow/example_dags/example_branch_labels.py took 0.043 seconds
[2024-10-26T07:05:22.117+0000] {processor.py:186} INFO - Started process (PID=75462) to work on /home/airflow/.local/lib/python3.12/site-packages/airflow/example_dags/example_branch_labels.py
[2024-10-26T07:05:22.118+0000] {processor.py:914} INFO - Processing file /home/airflow/.local/lib/python3.12/site-packages/airflow/example_dags/example_branch_labels.py for tasks to queue
[2024-10-26T07:05:22.119+0000] {logging_mixin.py:190} INFO - [2024-10-26T07:05:22.119+0000] {dagbag.py:588} INFO - Filling up the DagBag from /home/airflow/.local/lib/python3.12/site-packages/airflow/example_dags/example_branch_labels.py
[2024-10-26T07:05:22.127+0000] {processor.py:925} INFO - DAG(s) 'example_branch_labels' retrieved from /home/airflow/.local/lib/python3.12/site-packages/airflow/example_dags/example_branch_labels.py
[2024-10-26T07:05:22.145+0000] {logging_mixin.py:190} INFO - [2024-10-26T07:05:22.145+0000] {dag.py:3239} INFO - Sync 1 DAGs
[2024-10-26T07:05:22.165+0000] {logging_mixin.py:190} INFO - [2024-10-26T07:05:22.165+0000] {dag.py:4180} INFO - Setting next_dagrun for example_branch_labels to 2024-10-25 00:00:00+00:00, run_after=2024-10-26 00:00:00+00:00
[2024-10-26T07:05:22.174+0000] {processor.py:208} INFO - Processing /home/airflow/.local/lib/python3.12/site-packages/airflow/example_dags/example_branch_labels.py took 0.063 seconds
[2024-10-26T07:05:53.011+0000] {processor.py:186} INFO - Started process (PID=75750) to work on /home/airflow/.local/lib/python3.12/site-packages/airflow/example_dags/example_branch_labels.py
[2024-10-26T07:05:53.015+0000] {processor.py:914} INFO - Processing file /home/airflow/.local/lib/python3.12/site-packages/airflow/example_dags/example_branch_labels.py for tasks to queue
[2024-10-26T07:05:53.016+0000] {logging_mixin.py:190} INFO - [2024-10-26T07:05:53.016+0000] {dagbag.py:588} INFO - Filling up the DagBag from /home/airflow/.local/lib/python3.12/site-packages/airflow/example_dags/example_branch_labels.py
[2024-10-26T07:05:53.021+0000] {processor.py:925} INFO - DAG(s) 'example_branch_labels' retrieved from /home/airflow/.local/lib/python3.12/site-packages/airflow/example_dags/example_branch_labels.py
[2024-10-26T07:05:53.032+0000] {logging_mixin.py:190} INFO - [2024-10-26T07:05:53.032+0000] {dag.py:3239} INFO - Sync 1 DAGs
[2024-10-26T07:05:53.044+0000] {logging_mixin.py:190} INFO - [2024-10-26T07:05:53.044+0000] {dag.py:4180} INFO - Setting next_dagrun for example_branch_labels to 2024-10-25 00:00:00+00:00, run_after=2024-10-26 00:00:00+00:00
[2024-10-26T07:05:53.055+0000] {processor.py:208} INFO - Processing /home/airflow/.local/lib/python3.12/site-packages/airflow/example_dags/example_branch_labels.py took 0.048 seconds
[2024-10-26T07:06:23.578+0000] {processor.py:186} INFO - Started process (PID=76041) to work on /home/airflow/.local/lib/python3.12/site-packages/airflow/example_dags/example_branch_labels.py
[2024-10-26T07:06:23.578+0000] {processor.py:914} INFO - Processing file /home/airflow/.local/lib/python3.12/site-packages/airflow/example_dags/example_branch_labels.py for tasks to queue
[2024-10-26T07:06:23.579+0000] {logging_mixin.py:190} INFO - [2024-10-26T07:06:23.579+0000] {dagbag.py:588} INFO - Filling up the DagBag from /home/airflow/.local/lib/python3.12/site-packages/airflow/example_dags/example_branch_labels.py
[2024-10-26T07:06:23.584+0000] {processor.py:925} INFO - DAG(s) 'example_branch_labels' retrieved from /home/airflow/.local/lib/python3.12/site-packages/airflow/example_dags/example_branch_labels.py
[2024-10-26T07:06:23.599+0000] {logging_mixin.py:190} INFO - [2024-10-26T07:06:23.599+0000] {dag.py:3239} INFO - Sync 1 DAGs
[2024-10-26T07:06:23.616+0000] {logging_mixin.py:190} INFO - [2024-10-26T07:06:23.616+0000] {dag.py:4180} INFO - Setting next_dagrun for example_branch_labels to 2024-10-25 00:00:00+00:00, run_after=2024-10-26 00:00:00+00:00
[2024-10-26T07:06:23.626+0000] {processor.py:208} INFO - Processing /home/airflow/.local/lib/python3.12/site-packages/airflow/example_dags/example_branch_labels.py took 0.054 seconds
[2024-10-26T07:06:53.837+0000] {processor.py:186} INFO - Started process (PID=76332) to work on /home/airflow/.local/lib/python3.12/site-packages/airflow/example_dags/example_branch_labels.py
[2024-10-26T07:06:53.837+0000] {processor.py:914} INFO - Processing file /home/airflow/.local/lib/python3.12/site-packages/airflow/example_dags/example_branch_labels.py for tasks to queue
[2024-10-26T07:06:53.838+0000] {logging_mixin.py:190} INFO - [2024-10-26T07:06:53.838+0000] {dagbag.py:588} INFO - Filling up the DagBag from /home/airflow/.local/lib/python3.12/site-packages/airflow/example_dags/example_branch_labels.py
[2024-10-26T07:06:53.844+0000] {processor.py:925} INFO - DAG(s) 'example_branch_labels' retrieved from /home/airflow/.local/lib/python3.12/site-packages/airflow/example_dags/example_branch_labels.py
[2024-10-26T07:06:53.855+0000] {logging_mixin.py:190} INFO - [2024-10-26T07:06:53.855+0000] {dag.py:3239} INFO - Sync 1 DAGs
[2024-10-26T07:06:53.868+0000] {logging_mixin.py:190} INFO - [2024-10-26T07:06:53.868+0000] {dag.py:4180} INFO - Setting next_dagrun for example_branch_labels to 2024-10-25 00:00:00+00:00, run_after=2024-10-26 00:00:00+00:00
[2024-10-26T07:06:53.878+0000] {processor.py:208} INFO - Processing /home/airflow/.local/lib/python3.12/site-packages/airflow/example_dags/example_branch_labels.py took 0.048 seconds
[2024-10-26T07:07:24.210+0000] {processor.py:186} INFO - Started process (PID=76625) to work on /home/airflow/.local/lib/python3.12/site-packages/airflow/example_dags/example_branch_labels.py
[2024-10-26T07:07:24.210+0000] {processor.py:914} INFO - Processing file /home/airflow/.local/lib/python3.12/site-packages/airflow/example_dags/example_branch_labels.py for tasks to queue
[2024-10-26T07:07:24.211+0000] {logging_mixin.py:190} INFO - [2024-10-26T07:07:24.211+0000] {dagbag.py:588} INFO - Filling up the DagBag from /home/airflow/.local/lib/python3.12/site-packages/airflow/example_dags/example_branch_labels.py
[2024-10-26T07:07:24.215+0000] {processor.py:925} INFO - DAG(s) 'example_branch_labels' retrieved from /home/airflow/.local/lib/python3.12/site-packages/airflow/example_dags/example_branch_labels.py
[2024-10-26T07:07:24.225+0000] {logging_mixin.py:190} INFO - [2024-10-26T07:07:24.225+0000] {dag.py:3239} INFO - Sync 1 DAGs
[2024-10-26T07:07:24.236+0000] {logging_mixin.py:190} INFO - [2024-10-26T07:07:24.236+0000] {dag.py:4180} INFO - Setting next_dagrun for example_branch_labels to 2024-10-25 00:00:00+00:00, run_after=2024-10-26 00:00:00+00:00
[2024-10-26T07:07:24.243+0000] {processor.py:208} INFO - Processing /home/airflow/.local/lib/python3.12/site-packages/airflow/example_dags/example_branch_labels.py took 0.036 seconds
[2024-10-26T07:07:54.787+0000] {processor.py:186} INFO - Started process (PID=76914) to work on /home/airflow/.local/lib/python3.12/site-packages/airflow/example_dags/example_branch_labels.py
[2024-10-26T07:07:54.790+0000] {processor.py:914} INFO - Processing file /home/airflow/.local/lib/python3.12/site-packages/airflow/example_dags/example_branch_labels.py for tasks to queue
[2024-10-26T07:07:54.791+0000] {logging_mixin.py:190} INFO - [2024-10-26T07:07:54.791+0000] {dagbag.py:588} INFO - Filling up the DagBag from /home/airflow/.local/lib/python3.12/site-packages/airflow/example_dags/example_branch_labels.py
[2024-10-26T07:07:54.797+0000] {processor.py:925} INFO - DAG(s) 'example_branch_labels' retrieved from /home/airflow/.local/lib/python3.12/site-packages/airflow/example_dags/example_branch_labels.py
[2024-10-26T07:07:54.810+0000] {logging_mixin.py:190} INFO - [2024-10-26T07:07:54.809+0000] {dag.py:3239} INFO - Sync 1 DAGs
[2024-10-26T07:07:54.822+0000] {logging_mixin.py:190} INFO - [2024-10-26T07:07:54.822+0000] {dag.py:4180} INFO - Setting next_dagrun for example_branch_labels to 2024-10-25 00:00:00+00:00, run_after=2024-10-26 00:00:00+00:00
[2024-10-26T07:07:54.834+0000] {processor.py:208} INFO - Processing /home/airflow/.local/lib/python3.12/site-packages/airflow/example_dags/example_branch_labels.py took 0.052 seconds
[2024-10-26T07:08:26.002+0000] {processor.py:186} INFO - Started process (PID=77207) to work on /home/airflow/.local/lib/python3.12/site-packages/airflow/example_dags/example_branch_labels.py
[2024-10-26T07:08:26.003+0000] {processor.py:914} INFO - Processing file /home/airflow/.local/lib/python3.12/site-packages/airflow/example_dags/example_branch_labels.py for tasks to queue
[2024-10-26T07:08:26.004+0000] {logging_mixin.py:190} INFO - [2024-10-26T07:08:26.004+0000] {dagbag.py:588} INFO - Filling up the DagBag from /home/airflow/.local/lib/python3.12/site-packages/airflow/example_dags/example_branch_labels.py
[2024-10-26T07:08:26.008+0000] {processor.py:925} INFO - DAG(s) 'example_branch_labels' retrieved from /home/airflow/.local/lib/python3.12/site-packages/airflow/example_dags/example_branch_labels.py
[2024-10-26T07:08:26.019+0000] {logging_mixin.py:190} INFO - [2024-10-26T07:08:26.019+0000] {dag.py:3239} INFO - Sync 1 DAGs
[2024-10-26T07:08:26.029+0000] {logging_mixin.py:190} INFO - [2024-10-26T07:08:26.029+0000] {dag.py:4180} INFO - Setting next_dagrun for example_branch_labels to 2024-10-25 00:00:00+00:00, run_after=2024-10-26 00:00:00+00:00
[2024-10-26T07:08:26.037+0000] {processor.py:208} INFO - Processing /home/airflow/.local/lib/python3.12/site-packages/airflow/example_dags/example_branch_labels.py took 0.037 seconds
[2024-10-26T07:08:56.300+0000] {processor.py:186} INFO - Started process (PID=77496) to work on /home/airflow/.local/lib/python3.12/site-packages/airflow/example_dags/example_branch_labels.py
[2024-10-26T07:08:56.302+0000] {processor.py:914} INFO - Processing file /home/airflow/.local/lib/python3.12/site-packages/airflow/example_dags/example_branch_labels.py for tasks to queue
[2024-10-26T07:08:56.304+0000] {logging_mixin.py:190} INFO - [2024-10-26T07:08:56.304+0000] {dagbag.py:588} INFO - Filling up the DagBag from /home/airflow/.local/lib/python3.12/site-packages/airflow/example_dags/example_branch_labels.py
[2024-10-26T07:08:56.309+0000] {processor.py:925} INFO - DAG(s) 'example_branch_labels' retrieved from /home/airflow/.local/lib/python3.12/site-packages/airflow/example_dags/example_branch_labels.py
[2024-10-26T07:08:56.323+0000] {logging_mixin.py:190} INFO - [2024-10-26T07:08:56.323+0000] {dag.py:3239} INFO - Sync 1 DAGs
[2024-10-26T07:08:56.341+0000] {logging_mixin.py:190} INFO - [2024-10-26T07:08:56.341+0000] {dag.py:4180} INFO - Setting next_dagrun for example_branch_labels to 2024-10-25 00:00:00+00:00, run_after=2024-10-26 00:00:00+00:00
[2024-10-26T07:08:56.353+0000] {processor.py:208} INFO - Processing /home/airflow/.local/lib/python3.12/site-packages/airflow/example_dags/example_branch_labels.py took 0.058 seconds
[2024-10-26T07:09:27.516+0000] {processor.py:186} INFO - Started process (PID=77789) to work on /home/airflow/.local/lib/python3.12/site-packages/airflow/example_dags/example_branch_labels.py
[2024-10-26T07:09:27.516+0000] {processor.py:914} INFO - Processing file /home/airflow/.local/lib/python3.12/site-packages/airflow/example_dags/example_branch_labels.py for tasks to queue
[2024-10-26T07:09:27.517+0000] {logging_mixin.py:190} INFO - [2024-10-26T07:09:27.517+0000] {dagbag.py:588} INFO - Filling up the DagBag from /home/airflow/.local/lib/python3.12/site-packages/airflow/example_dags/example_branch_labels.py
[2024-10-26T07:09:27.523+0000] {processor.py:925} INFO - DAG(s) 'example_branch_labels' retrieved from /home/airflow/.local/lib/python3.12/site-packages/airflow/example_dags/example_branch_labels.py
[2024-10-26T07:09:27.535+0000] {logging_mixin.py:190} INFO - [2024-10-26T07:09:27.535+0000] {dag.py:3239} INFO - Sync 1 DAGs
[2024-10-26T07:09:27.548+0000] {logging_mixin.py:190} INFO - [2024-10-26T07:09:27.548+0000] {dag.py:4180} INFO - Setting next_dagrun for example_branch_labels to 2024-10-25 00:00:00+00:00, run_after=2024-10-26 00:00:00+00:00
[2024-10-26T07:09:27.556+0000] {processor.py:208} INFO - Processing /home/airflow/.local/lib/python3.12/site-packages/airflow/example_dags/example_branch_labels.py took 0.046 seconds
[2024-10-26T07:09:57.832+0000] {processor.py:186} INFO - Started process (PID=78078) to work on /home/airflow/.local/lib/python3.12/site-packages/airflow/example_dags/example_branch_labels.py
[2024-10-26T07:09:57.833+0000] {processor.py:914} INFO - Processing file /home/airflow/.local/lib/python3.12/site-packages/airflow/example_dags/example_branch_labels.py for tasks to queue
[2024-10-26T07:09:57.834+0000] {logging_mixin.py:190} INFO - [2024-10-26T07:09:57.834+0000] {dagbag.py:588} INFO - Filling up the DagBag from /home/airflow/.local/lib/python3.12/site-packages/airflow/example_dags/example_branch_labels.py
[2024-10-26T07:09:57.842+0000] {processor.py:925} INFO - DAG(s) 'example_branch_labels' retrieved from /home/airflow/.local/lib/python3.12/site-packages/airflow/example_dags/example_branch_labels.py
[2024-10-26T07:09:57.854+0000] {logging_mixin.py:190} INFO - [2024-10-26T07:09:57.854+0000] {dag.py:3239} INFO - Sync 1 DAGs
[2024-10-26T07:09:57.867+0000] {logging_mixin.py:190} INFO - [2024-10-26T07:09:57.867+0000] {dag.py:4180} INFO - Setting next_dagrun for example_branch_labels to 2024-10-25 00:00:00+00:00, run_after=2024-10-26 00:00:00+00:00
[2024-10-26T07:09:57.875+0000] {processor.py:208} INFO - Processing /home/airflow/.local/lib/python3.12/site-packages/airflow/example_dags/example_branch_labels.py took 0.048 seconds
[2024-10-26T07:10:29.139+0000] {processor.py:186} INFO - Started process (PID=78371) to work on /home/airflow/.local/lib/python3.12/site-packages/airflow/example_dags/example_branch_labels.py
[2024-10-26T07:10:29.139+0000] {processor.py:914} INFO - Processing file /home/airflow/.local/lib/python3.12/site-packages/airflow/example_dags/example_branch_labels.py for tasks to queue
[2024-10-26T07:10:29.140+0000] {logging_mixin.py:190} INFO - [2024-10-26T07:10:29.140+0000] {dagbag.py:588} INFO - Filling up the DagBag from /home/airflow/.local/lib/python3.12/site-packages/airflow/example_dags/example_branch_labels.py
[2024-10-26T07:10:29.144+0000] {processor.py:925} INFO - DAG(s) 'example_branch_labels' retrieved from /home/airflow/.local/lib/python3.12/site-packages/airflow/example_dags/example_branch_labels.py
[2024-10-26T07:10:29.155+0000] {logging_mixin.py:190} INFO - [2024-10-26T07:10:29.154+0000] {dag.py:3239} INFO - Sync 1 DAGs
[2024-10-26T07:10:29.166+0000] {logging_mixin.py:190} INFO - [2024-10-26T07:10:29.166+0000] {dag.py:4180} INFO - Setting next_dagrun for example_branch_labels to 2024-10-25 00:00:00+00:00, run_after=2024-10-26 00:00:00+00:00
[2024-10-26T07:10:29.173+0000] {processor.py:208} INFO - Processing /home/airflow/.local/lib/python3.12/site-packages/airflow/example_dags/example_branch_labels.py took 0.038 seconds
[2024-10-26T07:10:59.758+0000] {processor.py:186} INFO - Started process (PID=78662) to work on /home/airflow/.local/lib/python3.12/site-packages/airflow/example_dags/example_branch_labels.py
[2024-10-26T07:10:59.759+0000] {processor.py:914} INFO - Processing file /home/airflow/.local/lib/python3.12/site-packages/airflow/example_dags/example_branch_labels.py for tasks to queue
[2024-10-26T07:10:59.759+0000] {logging_mixin.py:190} INFO - [2024-10-26T07:10:59.759+0000] {dagbag.py:588} INFO - Filling up the DagBag from /home/airflow/.local/lib/python3.12/site-packages/airflow/example_dags/example_branch_labels.py
[2024-10-26T07:10:59.764+0000] {processor.py:925} INFO - DAG(s) 'example_branch_labels' retrieved from /home/airflow/.local/lib/python3.12/site-packages/airflow/example_dags/example_branch_labels.py
[2024-10-26T07:10:59.774+0000] {logging_mixin.py:190} INFO - [2024-10-26T07:10:59.774+0000] {dag.py:3239} INFO - Sync 1 DAGs
[2024-10-26T07:10:59.785+0000] {logging_mixin.py:190} INFO - [2024-10-26T07:10:59.785+0000] {dag.py:4180} INFO - Setting next_dagrun for example_branch_labels to 2024-10-25 00:00:00+00:00, run_after=2024-10-26 00:00:00+00:00
[2024-10-26T07:10:59.792+0000] {processor.py:208} INFO - Processing /home/airflow/.local/lib/python3.12/site-packages/airflow/example_dags/example_branch_labels.py took 0.036 seconds
[2024-10-26T07:11:30.890+0000] {processor.py:186} INFO - Started process (PID=78956) to work on /home/airflow/.local/lib/python3.12/site-packages/airflow/example_dags/example_branch_labels.py
[2024-10-26T07:11:30.891+0000] {processor.py:914} INFO - Processing file /home/airflow/.local/lib/python3.12/site-packages/airflow/example_dags/example_branch_labels.py for tasks to queue
[2024-10-26T07:11:30.892+0000] {logging_mixin.py:190} INFO - [2024-10-26T07:11:30.891+0000] {dagbag.py:588} INFO - Filling up the DagBag from /home/airflow/.local/lib/python3.12/site-packages/airflow/example_dags/example_branch_labels.py
[2024-10-26T07:11:30.900+0000] {processor.py:925} INFO - DAG(s) 'example_branch_labels' retrieved from /home/airflow/.local/lib/python3.12/site-packages/airflow/example_dags/example_branch_labels.py
[2024-10-26T07:11:30.917+0000] {logging_mixin.py:190} INFO - [2024-10-26T07:11:30.917+0000] {dag.py:3239} INFO - Sync 1 DAGs
[2024-10-26T07:11:30.942+0000] {logging_mixin.py:190} INFO - [2024-10-26T07:11:30.942+0000] {dag.py:4180} INFO - Setting next_dagrun for example_branch_labels to 2024-10-25 00:00:00+00:00, run_after=2024-10-26 00:00:00+00:00
[2024-10-26T07:11:30.956+0000] {processor.py:208} INFO - Processing /home/airflow/.local/lib/python3.12/site-packages/airflow/example_dags/example_branch_labels.py took 0.070 seconds
[2024-10-26T07:12:01.836+0000] {processor.py:186} INFO - Started process (PID=79247) to work on /home/airflow/.local/lib/python3.12/site-packages/airflow/example_dags/example_branch_labels.py
[2024-10-26T07:12:01.837+0000] {processor.py:914} INFO - Processing file /home/airflow/.local/lib/python3.12/site-packages/airflow/example_dags/example_branch_labels.py for tasks to queue
[2024-10-26T07:12:01.838+0000] {logging_mixin.py:190} INFO - [2024-10-26T07:12:01.838+0000] {dagbag.py:588} INFO - Filling up the DagBag from /home/airflow/.local/lib/python3.12/site-packages/airflow/example_dags/example_branch_labels.py
[2024-10-26T07:12:01.848+0000] {processor.py:925} INFO - DAG(s) 'example_branch_labels' retrieved from /home/airflow/.local/lib/python3.12/site-packages/airflow/example_dags/example_branch_labels.py
[2024-10-26T07:12:01.866+0000] {logging_mixin.py:190} INFO - [2024-10-26T07:12:01.866+0000] {dag.py:3239} INFO - Sync 1 DAGs
[2024-10-26T07:12:01.881+0000] {logging_mixin.py:190} INFO - [2024-10-26T07:12:01.881+0000] {dag.py:4180} INFO - Setting next_dagrun for example_branch_labels to 2024-10-25 00:00:00+00:00, run_after=2024-10-26 00:00:00+00:00
[2024-10-26T07:12:01.890+0000] {processor.py:208} INFO - Processing /home/airflow/.local/lib/python3.12/site-packages/airflow/example_dags/example_branch_labels.py took 0.058 seconds
[2024-10-26T07:12:32.004+0000] {processor.py:186} INFO - Started process (PID=79538) to work on /home/airflow/.local/lib/python3.12/site-packages/airflow/example_dags/example_branch_labels.py
[2024-10-26T07:12:32.005+0000] {processor.py:914} INFO - Processing file /home/airflow/.local/lib/python3.12/site-packages/airflow/example_dags/example_branch_labels.py for tasks to queue
[2024-10-26T07:12:32.006+0000] {logging_mixin.py:190} INFO - [2024-10-26T07:12:32.006+0000] {dagbag.py:588} INFO - Filling up the DagBag from /home/airflow/.local/lib/python3.12/site-packages/airflow/example_dags/example_branch_labels.py
[2024-10-26T07:12:32.011+0000] {processor.py:925} INFO - DAG(s) 'example_branch_labels' retrieved from /home/airflow/.local/lib/python3.12/site-packages/airflow/example_dags/example_branch_labels.py
[2024-10-26T07:12:32.029+0000] {logging_mixin.py:190} INFO - [2024-10-26T07:12:32.029+0000] {dag.py:3239} INFO - Sync 1 DAGs
[2024-10-26T07:12:32.040+0000] {logging_mixin.py:190} INFO - [2024-10-26T07:12:32.040+0000] {dag.py:4180} INFO - Setting next_dagrun for example_branch_labels to 2024-10-25 00:00:00+00:00, run_after=2024-10-26 00:00:00+00:00
[2024-10-26T07:12:32.053+0000] {processor.py:208} INFO - Processing /home/airflow/.local/lib/python3.12/site-packages/airflow/example_dags/example_branch_labels.py took 0.054 seconds
[2024-10-26T07:13:02.925+0000] {processor.py:186} INFO - Started process (PID=79831) to work on /home/airflow/.local/lib/python3.12/site-packages/airflow/example_dags/example_branch_labels.py
[2024-10-26T07:13:02.926+0000] {processor.py:914} INFO - Processing file /home/airflow/.local/lib/python3.12/site-packages/airflow/example_dags/example_branch_labels.py for tasks to queue
[2024-10-26T07:13:02.926+0000] {logging_mixin.py:190} INFO - [2024-10-26T07:13:02.926+0000] {dagbag.py:588} INFO - Filling up the DagBag from /home/airflow/.local/lib/python3.12/site-packages/airflow/example_dags/example_branch_labels.py
[2024-10-26T07:13:02.931+0000] {processor.py:925} INFO - DAG(s) 'example_branch_labels' retrieved from /home/airflow/.local/lib/python3.12/site-packages/airflow/example_dags/example_branch_labels.py
[2024-10-26T07:13:02.940+0000] {logging_mixin.py:190} INFO - [2024-10-26T07:13:02.940+0000] {dag.py:3239} INFO - Sync 1 DAGs
[2024-10-26T07:13:02.950+0000] {logging_mixin.py:190} INFO - [2024-10-26T07:13:02.950+0000] {dag.py:4180} INFO - Setting next_dagrun for example_branch_labels to 2024-10-25 00:00:00+00:00, run_after=2024-10-26 00:00:00+00:00
[2024-10-26T07:13:02.958+0000] {processor.py:208} INFO - Processing /home/airflow/.local/lib/python3.12/site-packages/airflow/example_dags/example_branch_labels.py took 0.036 seconds
[2024-10-26T07:13:34.034+0000] {processor.py:186} INFO - Started process (PID=80125) to work on /home/airflow/.local/lib/python3.12/site-packages/airflow/example_dags/example_branch_labels.py
[2024-10-26T07:13:34.035+0000] {processor.py:914} INFO - Processing file /home/airflow/.local/lib/python3.12/site-packages/airflow/example_dags/example_branch_labels.py for tasks to queue
[2024-10-26T07:13:34.036+0000] {logging_mixin.py:190} INFO - [2024-10-26T07:13:34.036+0000] {dagbag.py:588} INFO - Filling up the DagBag from /home/airflow/.local/lib/python3.12/site-packages/airflow/example_dags/example_branch_labels.py
[2024-10-26T07:13:34.041+0000] {processor.py:925} INFO - DAG(s) 'example_branch_labels' retrieved from /home/airflow/.local/lib/python3.12/site-packages/airflow/example_dags/example_branch_labels.py
[2024-10-26T07:13:34.052+0000] {logging_mixin.py:190} INFO - [2024-10-26T07:13:34.052+0000] {dag.py:3239} INFO - Sync 1 DAGs
[2024-10-26T07:13:34.169+0000] {logging_mixin.py:190} INFO - [2024-10-26T07:13:34.169+0000] {dag.py:4180} INFO - Setting next_dagrun for example_branch_labels to 2024-10-25 00:00:00+00:00, run_after=2024-10-26 00:00:00+00:00
[2024-10-26T07:13:34.180+0000] {processor.py:208} INFO - Processing /home/airflow/.local/lib/python3.12/site-packages/airflow/example_dags/example_branch_labels.py took 0.149 seconds
[2024-10-26T07:14:04.402+0000] {processor.py:186} INFO - Started process (PID=80421) to work on /home/airflow/.local/lib/python3.12/site-packages/airflow/example_dags/example_branch_labels.py
[2024-10-26T07:14:04.402+0000] {processor.py:914} INFO - Processing file /home/airflow/.local/lib/python3.12/site-packages/airflow/example_dags/example_branch_labels.py for tasks to queue
[2024-10-26T07:14:04.403+0000] {logging_mixin.py:190} INFO - [2024-10-26T07:14:04.403+0000] {dagbag.py:588} INFO - Filling up the DagBag from /home/airflow/.local/lib/python3.12/site-packages/airflow/example_dags/example_branch_labels.py
[2024-10-26T07:14:04.408+0000] {processor.py:925} INFO - DAG(s) 'example_branch_labels' retrieved from /home/airflow/.local/lib/python3.12/site-packages/airflow/example_dags/example_branch_labels.py
[2024-10-26T07:14:04.420+0000] {logging_mixin.py:190} INFO - [2024-10-26T07:14:04.420+0000] {dag.py:3239} INFO - Sync 1 DAGs
[2024-10-26T07:14:04.433+0000] {logging_mixin.py:190} INFO - [2024-10-26T07:14:04.433+0000] {dag.py:4180} INFO - Setting next_dagrun for example_branch_labels to 2024-10-25 00:00:00+00:00, run_after=2024-10-26 00:00:00+00:00
[2024-10-26T07:14:04.570+0000] {processor.py:208} INFO - Processing /home/airflow/.local/lib/python3.12/site-packages/airflow/example_dags/example_branch_labels.py took 0.172 seconds
[2024-10-26T07:14:35.459+0000] {processor.py:186} INFO - Started process (PID=80714) to work on /home/airflow/.local/lib/python3.12/site-packages/airflow/example_dags/example_branch_labels.py
[2024-10-26T07:14:35.460+0000] {processor.py:914} INFO - Processing file /home/airflow/.local/lib/python3.12/site-packages/airflow/example_dags/example_branch_labels.py for tasks to queue
[2024-10-26T07:14:35.460+0000] {logging_mixin.py:190} INFO - [2024-10-26T07:14:35.460+0000] {dagbag.py:588} INFO - Filling up the DagBag from /home/airflow/.local/lib/python3.12/site-packages/airflow/example_dags/example_branch_labels.py
[2024-10-26T07:14:35.465+0000] {processor.py:925} INFO - DAG(s) 'example_branch_labels' retrieved from /home/airflow/.local/lib/python3.12/site-packages/airflow/example_dags/example_branch_labels.py
[2024-10-26T07:14:35.478+0000] {logging_mixin.py:190} INFO - [2024-10-26T07:14:35.478+0000] {dag.py:3239} INFO - Sync 1 DAGs
[2024-10-26T07:14:35.494+0000] {logging_mixin.py:190} INFO - [2024-10-26T07:14:35.494+0000] {dag.py:4180} INFO - Setting next_dagrun for example_branch_labels to 2024-10-25 00:00:00+00:00, run_after=2024-10-26 00:00:00+00:00
[2024-10-26T07:14:35.503+0000] {processor.py:208} INFO - Processing /home/airflow/.local/lib/python3.12/site-packages/airflow/example_dags/example_branch_labels.py took 0.048 seconds
[2024-10-26T07:15:06.013+0000] {processor.py:186} INFO - Started process (PID=81005) to work on /home/airflow/.local/lib/python3.12/site-packages/airflow/example_dags/example_branch_labels.py
[2024-10-26T07:15:06.013+0000] {processor.py:914} INFO - Processing file /home/airflow/.local/lib/python3.12/site-packages/airflow/example_dags/example_branch_labels.py for tasks to queue
[2024-10-26T07:15:06.014+0000] {logging_mixin.py:190} INFO - [2024-10-26T07:15:06.014+0000] {dagbag.py:588} INFO - Filling up the DagBag from /home/airflow/.local/lib/python3.12/site-packages/airflow/example_dags/example_branch_labels.py
[2024-10-26T07:15:06.019+0000] {processor.py:925} INFO - DAG(s) 'example_branch_labels' retrieved from /home/airflow/.local/lib/python3.12/site-packages/airflow/example_dags/example_branch_labels.py
[2024-10-26T07:15:06.029+0000] {logging_mixin.py:190} INFO - [2024-10-26T07:15:06.029+0000] {dag.py:3239} INFO - Sync 1 DAGs
[2024-10-26T07:15:06.039+0000] {logging_mixin.py:190} INFO - [2024-10-26T07:15:06.039+0000] {dag.py:4180} INFO - Setting next_dagrun for example_branch_labels to 2024-10-25 00:00:00+00:00, run_after=2024-10-26 00:00:00+00:00
[2024-10-26T07:15:06.046+0000] {processor.py:208} INFO - Processing /home/airflow/.local/lib/python3.12/site-packages/airflow/example_dags/example_branch_labels.py took 0.036 seconds
[2024-10-26T07:15:36.338+0000] {processor.py:186} INFO - Started process (PID=81296) to work on /home/airflow/.local/lib/python3.12/site-packages/airflow/example_dags/example_branch_labels.py
[2024-10-26T07:15:36.339+0000] {processor.py:914} INFO - Processing file /home/airflow/.local/lib/python3.12/site-packages/airflow/example_dags/example_branch_labels.py for tasks to queue
[2024-10-26T07:15:36.340+0000] {logging_mixin.py:190} INFO - [2024-10-26T07:15:36.340+0000] {dagbag.py:588} INFO - Filling up the DagBag from /home/airflow/.local/lib/python3.12/site-packages/airflow/example_dags/example_branch_labels.py
[2024-10-26T07:15:36.345+0000] {processor.py:925} INFO - DAG(s) 'example_branch_labels' retrieved from /home/airflow/.local/lib/python3.12/site-packages/airflow/example_dags/example_branch_labels.py
[2024-10-26T07:15:36.356+0000] {logging_mixin.py:190} INFO - [2024-10-26T07:15:36.356+0000] {dag.py:3239} INFO - Sync 1 DAGs
[2024-10-26T07:15:36.367+0000] {logging_mixin.py:190} INFO - [2024-10-26T07:15:36.367+0000] {dag.py:4180} INFO - Setting next_dagrun for example_branch_labels to 2024-10-25 00:00:00+00:00, run_after=2024-10-26 00:00:00+00:00
[2024-10-26T07:15:36.374+0000] {processor.py:208} INFO - Processing /home/airflow/.local/lib/python3.12/site-packages/airflow/example_dags/example_branch_labels.py took 0.039 seconds
[2024-10-26T07:16:07.393+0000] {processor.py:186} INFO - Started process (PID=81587) to work on /home/airflow/.local/lib/python3.12/site-packages/airflow/example_dags/example_branch_labels.py
[2024-10-26T07:16:07.393+0000] {processor.py:914} INFO - Processing file /home/airflow/.local/lib/python3.12/site-packages/airflow/example_dags/example_branch_labels.py for tasks to queue
[2024-10-26T07:16:07.394+0000] {logging_mixin.py:190} INFO - [2024-10-26T07:16:07.394+0000] {dagbag.py:588} INFO - Filling up the DagBag from /home/airflow/.local/lib/python3.12/site-packages/airflow/example_dags/example_branch_labels.py
[2024-10-26T07:16:07.399+0000] {processor.py:925} INFO - DAG(s) 'example_branch_labels' retrieved from /home/airflow/.local/lib/python3.12/site-packages/airflow/example_dags/example_branch_labels.py
[2024-10-26T07:16:07.410+0000] {logging_mixin.py:190} INFO - [2024-10-26T07:16:07.410+0000] {dag.py:3239} INFO - Sync 1 DAGs
[2024-10-26T07:16:07.421+0000] {logging_mixin.py:190} INFO - [2024-10-26T07:16:07.421+0000] {dag.py:4180} INFO - Setting next_dagrun for example_branch_labels to 2024-10-25 00:00:00+00:00, run_after=2024-10-26 00:00:00+00:00
[2024-10-26T07:16:07.428+0000] {processor.py:208} INFO - Processing /home/airflow/.local/lib/python3.12/site-packages/airflow/example_dags/example_branch_labels.py took 0.038 seconds
[2024-10-26T07:16:37.885+0000] {processor.py:186} INFO - Started process (PID=81878) to work on /home/airflow/.local/lib/python3.12/site-packages/airflow/example_dags/example_branch_labels.py
[2024-10-26T07:16:37.885+0000] {processor.py:914} INFO - Processing file /home/airflow/.local/lib/python3.12/site-packages/airflow/example_dags/example_branch_labels.py for tasks to queue
[2024-10-26T07:16:37.886+0000] {logging_mixin.py:190} INFO - [2024-10-26T07:16:37.886+0000] {dagbag.py:588} INFO - Filling up the DagBag from /home/airflow/.local/lib/python3.12/site-packages/airflow/example_dags/example_branch_labels.py
[2024-10-26T07:16:37.891+0000] {processor.py:925} INFO - DAG(s) 'example_branch_labels' retrieved from /home/airflow/.local/lib/python3.12/site-packages/airflow/example_dags/example_branch_labels.py
[2024-10-26T07:16:37.903+0000] {logging_mixin.py:190} INFO - [2024-10-26T07:16:37.903+0000] {dag.py:3239} INFO - Sync 1 DAGs
[2024-10-26T07:16:37.914+0000] {logging_mixin.py:190} INFO - [2024-10-26T07:16:37.914+0000] {dag.py:4180} INFO - Setting next_dagrun for example_branch_labels to 2024-10-25 00:00:00+00:00, run_after=2024-10-26 00:00:00+00:00
[2024-10-26T07:16:37.921+0000] {processor.py:208} INFO - Processing /home/airflow/.local/lib/python3.12/site-packages/airflow/example_dags/example_branch_labels.py took 0.039 seconds
[2024-10-26T07:17:08.681+0000] {processor.py:186} INFO - Started process (PID=82168) to work on /home/airflow/.local/lib/python3.12/site-packages/airflow/example_dags/example_branch_labels.py
[2024-10-26T07:17:08.682+0000] {processor.py:914} INFO - Processing file /home/airflow/.local/lib/python3.12/site-packages/airflow/example_dags/example_branch_labels.py for tasks to queue
[2024-10-26T07:17:08.682+0000] {logging_mixin.py:190} INFO - [2024-10-26T07:17:08.682+0000] {dagbag.py:588} INFO - Filling up the DagBag from /home/airflow/.local/lib/python3.12/site-packages/airflow/example_dags/example_branch_labels.py
[2024-10-26T07:17:08.687+0000] {processor.py:925} INFO - DAG(s) 'example_branch_labels' retrieved from /home/airflow/.local/lib/python3.12/site-packages/airflow/example_dags/example_branch_labels.py
[2024-10-26T07:17:08.697+0000] {logging_mixin.py:190} INFO - [2024-10-26T07:17:08.697+0000] {dag.py:3239} INFO - Sync 1 DAGs
[2024-10-26T07:17:08.707+0000] {logging_mixin.py:190} INFO - [2024-10-26T07:17:08.707+0000] {dag.py:4180} INFO - Setting next_dagrun for example_branch_labels to 2024-10-25 00:00:00+00:00, run_after=2024-10-26 00:00:00+00:00
[2024-10-26T07:17:08.714+0000] {processor.py:208} INFO - Processing /home/airflow/.local/lib/python3.12/site-packages/airflow/example_dags/example_branch_labels.py took 0.036 seconds
[2024-10-26T07:17:39.644+0000] {processor.py:186} INFO - Started process (PID=82459) to work on /home/airflow/.local/lib/python3.12/site-packages/airflow/example_dags/example_branch_labels.py
[2024-10-26T07:17:39.645+0000] {processor.py:914} INFO - Processing file /home/airflow/.local/lib/python3.12/site-packages/airflow/example_dags/example_branch_labels.py for tasks to queue
[2024-10-26T07:17:39.645+0000] {logging_mixin.py:190} INFO - [2024-10-26T07:17:39.645+0000] {dagbag.py:588} INFO - Filling up the DagBag from /home/airflow/.local/lib/python3.12/site-packages/airflow/example_dags/example_branch_labels.py
[2024-10-26T07:17:39.650+0000] {processor.py:925} INFO - DAG(s) 'example_branch_labels' retrieved from /home/airflow/.local/lib/python3.12/site-packages/airflow/example_dags/example_branch_labels.py
[2024-10-26T07:17:39.660+0000] {logging_mixin.py:190} INFO - [2024-10-26T07:17:39.660+0000] {dag.py:3239} INFO - Sync 1 DAGs
[2024-10-26T07:17:39.670+0000] {logging_mixin.py:190} INFO - [2024-10-26T07:17:39.670+0000] {dag.py:4180} INFO - Setting next_dagrun for example_branch_labels to 2024-10-25 00:00:00+00:00, run_after=2024-10-26 00:00:00+00:00
[2024-10-26T07:17:39.677+0000] {processor.py:208} INFO - Processing /home/airflow/.local/lib/python3.12/site-packages/airflow/example_dags/example_branch_labels.py took 0.036 seconds
[2024-10-26T07:18:10.758+0000] {processor.py:186} INFO - Started process (PID=82748) to work on /home/airflow/.local/lib/python3.12/site-packages/airflow/example_dags/example_branch_labels.py
[2024-10-26T07:18:10.759+0000] {processor.py:914} INFO - Processing file /home/airflow/.local/lib/python3.12/site-packages/airflow/example_dags/example_branch_labels.py for tasks to queue
[2024-10-26T07:18:10.760+0000] {logging_mixin.py:190} INFO - [2024-10-26T07:18:10.760+0000] {dagbag.py:588} INFO - Filling up the DagBag from /home/airflow/.local/lib/python3.12/site-packages/airflow/example_dags/example_branch_labels.py
[2024-10-26T07:18:10.767+0000] {processor.py:925} INFO - DAG(s) 'example_branch_labels' retrieved from /home/airflow/.local/lib/python3.12/site-packages/airflow/example_dags/example_branch_labels.py
[2024-10-26T07:18:10.785+0000] {logging_mixin.py:190} INFO - [2024-10-26T07:18:10.785+0000] {dag.py:3239} INFO - Sync 1 DAGs
[2024-10-26T07:18:10.801+0000] {logging_mixin.py:190} INFO - [2024-10-26T07:18:10.801+0000] {dag.py:4180} INFO - Setting next_dagrun for example_branch_labels to 2024-10-25 00:00:00+00:00, run_after=2024-10-26 00:00:00+00:00
[2024-10-26T07:18:10.810+0000] {processor.py:208} INFO - Processing /home/airflow/.local/lib/python3.12/site-packages/airflow/example_dags/example_branch_labels.py took 0.059 seconds
[2024-10-26T07:18:41.106+0000] {processor.py:186} INFO - Started process (PID=83039) to work on /home/airflow/.local/lib/python3.12/site-packages/airflow/example_dags/example_branch_labels.py
[2024-10-26T07:18:41.107+0000] {processor.py:914} INFO - Processing file /home/airflow/.local/lib/python3.12/site-packages/airflow/example_dags/example_branch_labels.py for tasks to queue
[2024-10-26T07:18:41.108+0000] {logging_mixin.py:190} INFO - [2024-10-26T07:18:41.107+0000] {dagbag.py:588} INFO - Filling up the DagBag from /home/airflow/.local/lib/python3.12/site-packages/airflow/example_dags/example_branch_labels.py
[2024-10-26T07:18:41.113+0000] {processor.py:925} INFO - DAG(s) 'example_branch_labels' retrieved from /home/airflow/.local/lib/python3.12/site-packages/airflow/example_dags/example_branch_labels.py
[2024-10-26T07:18:41.124+0000] {logging_mixin.py:190} INFO - [2024-10-26T07:18:41.124+0000] {dag.py:3239} INFO - Sync 1 DAGs
[2024-10-26T07:18:41.137+0000] {logging_mixin.py:190} INFO - [2024-10-26T07:18:41.137+0000] {dag.py:4180} INFO - Setting next_dagrun for example_branch_labels to 2024-10-25 00:00:00+00:00, run_after=2024-10-26 00:00:00+00:00
[2024-10-26T07:18:41.153+0000] {processor.py:208} INFO - Processing /home/airflow/.local/lib/python3.12/site-packages/airflow/example_dags/example_branch_labels.py took 0.053 seconds
[2024-10-26T07:19:11.426+0000] {processor.py:186} INFO - Started process (PID=83329) to work on /home/airflow/.local/lib/python3.12/site-packages/airflow/example_dags/example_branch_labels.py
[2024-10-26T07:19:11.427+0000] {processor.py:914} INFO - Processing file /home/airflow/.local/lib/python3.12/site-packages/airflow/example_dags/example_branch_labels.py for tasks to queue
[2024-10-26T07:19:11.427+0000] {logging_mixin.py:190} INFO - [2024-10-26T07:19:11.427+0000] {dagbag.py:588} INFO - Filling up the DagBag from /home/airflow/.local/lib/python3.12/site-packages/airflow/example_dags/example_branch_labels.py
[2024-10-26T07:19:11.432+0000] {processor.py:925} INFO - DAG(s) 'example_branch_labels' retrieved from /home/airflow/.local/lib/python3.12/site-packages/airflow/example_dags/example_branch_labels.py
[2024-10-26T07:19:11.447+0000] {logging_mixin.py:190} INFO - [2024-10-26T07:19:11.447+0000] {dag.py:3239} INFO - Sync 1 DAGs
[2024-10-26T07:19:11.463+0000] {logging_mixin.py:190} INFO - [2024-10-26T07:19:11.463+0000] {dag.py:4180} INFO - Setting next_dagrun for example_branch_labels to 2024-10-25 00:00:00+00:00, run_after=2024-10-26 00:00:00+00:00
[2024-10-26T07:19:11.472+0000] {processor.py:208} INFO - Processing /home/airflow/.local/lib/python3.12/site-packages/airflow/example_dags/example_branch_labels.py took 0.049 seconds
[2024-10-26T07:19:42.467+0000] {processor.py:186} INFO - Started process (PID=83622) to work on /home/airflow/.local/lib/python3.12/site-packages/airflow/example_dags/example_branch_labels.py
[2024-10-26T07:19:42.467+0000] {processor.py:914} INFO - Processing file /home/airflow/.local/lib/python3.12/site-packages/airflow/example_dags/example_branch_labels.py for tasks to queue
[2024-10-26T07:19:42.468+0000] {logging_mixin.py:190} INFO - [2024-10-26T07:19:42.468+0000] {dagbag.py:588} INFO - Filling up the DagBag from /home/airflow/.local/lib/python3.12/site-packages/airflow/example_dags/example_branch_labels.py
[2024-10-26T07:19:42.473+0000] {processor.py:925} INFO - DAG(s) 'example_branch_labels' retrieved from /home/airflow/.local/lib/python3.12/site-packages/airflow/example_dags/example_branch_labels.py
[2024-10-26T07:19:42.485+0000] {logging_mixin.py:190} INFO - [2024-10-26T07:19:42.485+0000] {dag.py:3239} INFO - Sync 1 DAGs
[2024-10-26T07:19:42.499+0000] {logging_mixin.py:190} INFO - [2024-10-26T07:19:42.499+0000] {dag.py:4180} INFO - Setting next_dagrun for example_branch_labels to 2024-10-25 00:00:00+00:00, run_after=2024-10-26 00:00:00+00:00
[2024-10-26T07:19:42.506+0000] {processor.py:208} INFO - Processing /home/airflow/.local/lib/python3.12/site-packages/airflow/example_dags/example_branch_labels.py took 0.042 seconds
[2024-10-26T07:20:13.420+0000] {processor.py:186} INFO - Started process (PID=83911) to work on /home/airflow/.local/lib/python3.12/site-packages/airflow/example_dags/example_branch_labels.py
[2024-10-26T07:20:13.421+0000] {processor.py:914} INFO - Processing file /home/airflow/.local/lib/python3.12/site-packages/airflow/example_dags/example_branch_labels.py for tasks to queue
[2024-10-26T07:20:13.422+0000] {logging_mixin.py:190} INFO - [2024-10-26T07:20:13.422+0000] {dagbag.py:588} INFO - Filling up the DagBag from /home/airflow/.local/lib/python3.12/site-packages/airflow/example_dags/example_branch_labels.py
[2024-10-26T07:20:13.427+0000] {processor.py:925} INFO - DAG(s) 'example_branch_labels' retrieved from /home/airflow/.local/lib/python3.12/site-packages/airflow/example_dags/example_branch_labels.py
[2024-10-26T07:20:13.448+0000] {logging_mixin.py:190} INFO - [2024-10-26T07:20:13.448+0000] {dag.py:3239} INFO - Sync 1 DAGs
[2024-10-26T07:20:13.463+0000] {logging_mixin.py:190} INFO - [2024-10-26T07:20:13.463+0000] {dag.py:4180} INFO - Setting next_dagrun for example_branch_labels to 2024-10-25 00:00:00+00:00, run_after=2024-10-26 00:00:00+00:00
[2024-10-26T07:20:13.473+0000] {processor.py:208} INFO - Processing /home/airflow/.local/lib/python3.12/site-packages/airflow/example_dags/example_branch_labels.py took 0.057 seconds
[2024-10-26T07:20:43.683+0000] {processor.py:186} INFO - Started process (PID=84204) to work on /home/airflow/.local/lib/python3.12/site-packages/airflow/example_dags/example_branch_labels.py
[2024-10-26T07:20:43.684+0000] {processor.py:914} INFO - Processing file /home/airflow/.local/lib/python3.12/site-packages/airflow/example_dags/example_branch_labels.py for tasks to queue
[2024-10-26T07:20:43.684+0000] {logging_mixin.py:190} INFO - [2024-10-26T07:20:43.684+0000] {dagbag.py:588} INFO - Filling up the DagBag from /home/airflow/.local/lib/python3.12/site-packages/airflow/example_dags/example_branch_labels.py
[2024-10-26T07:20:43.690+0000] {processor.py:925} INFO - DAG(s) 'example_branch_labels' retrieved from /home/airflow/.local/lib/python3.12/site-packages/airflow/example_dags/example_branch_labels.py
[2024-10-26T07:20:43.707+0000] {logging_mixin.py:190} INFO - [2024-10-26T07:20:43.707+0000] {dag.py:3239} INFO - Sync 1 DAGs
[2024-10-26T07:20:43.721+0000] {logging_mixin.py:190} INFO - [2024-10-26T07:20:43.721+0000] {dag.py:4180} INFO - Setting next_dagrun for example_branch_labels to 2024-10-25 00:00:00+00:00, run_after=2024-10-26 00:00:00+00:00
[2024-10-26T07:20:43.735+0000] {processor.py:208} INFO - Processing /home/airflow/.local/lib/python3.12/site-packages/airflow/example_dags/example_branch_labels.py took 0.055 seconds
[2024-10-26T07:21:14.530+0000] {processor.py:186} INFO - Started process (PID=84495) to work on /home/airflow/.local/lib/python3.12/site-packages/airflow/example_dags/example_branch_labels.py
[2024-10-26T07:21:14.530+0000] {processor.py:914} INFO - Processing file /home/airflow/.local/lib/python3.12/site-packages/airflow/example_dags/example_branch_labels.py for tasks to queue
[2024-10-26T07:21:14.531+0000] {logging_mixin.py:190} INFO - [2024-10-26T07:21:14.530+0000] {dagbag.py:588} INFO - Filling up the DagBag from /home/airflow/.local/lib/python3.12/site-packages/airflow/example_dags/example_branch_labels.py
[2024-10-26T07:21:14.535+0000] {processor.py:925} INFO - DAG(s) 'example_branch_labels' retrieved from /home/airflow/.local/lib/python3.12/site-packages/airflow/example_dags/example_branch_labels.py
[2024-10-26T07:21:14.551+0000] {logging_mixin.py:190} INFO - [2024-10-26T07:21:14.551+0000] {dag.py:3239} INFO - Sync 1 DAGs
[2024-10-26T07:21:14.563+0000] {logging_mixin.py:190} INFO - [2024-10-26T07:21:14.563+0000] {dag.py:4180} INFO - Setting next_dagrun for example_branch_labels to 2024-10-25 00:00:00+00:00, run_after=2024-10-26 00:00:00+00:00
[2024-10-26T07:21:14.572+0000] {processor.py:208} INFO - Processing /home/airflow/.local/lib/python3.12/site-packages/airflow/example_dags/example_branch_labels.py took 0.047 seconds
[2024-10-26T07:21:45.191+0000] {processor.py:186} INFO - Started process (PID=84786) to work on /home/airflow/.local/lib/python3.12/site-packages/airflow/example_dags/example_branch_labels.py
[2024-10-26T07:21:45.192+0000] {processor.py:914} INFO - Processing file /home/airflow/.local/lib/python3.12/site-packages/airflow/example_dags/example_branch_labels.py for tasks to queue
[2024-10-26T07:21:45.192+0000] {logging_mixin.py:190} INFO - [2024-10-26T07:21:45.192+0000] {dagbag.py:588} INFO - Filling up the DagBag from /home/airflow/.local/lib/python3.12/site-packages/airflow/example_dags/example_branch_labels.py
[2024-10-26T07:21:45.197+0000] {processor.py:925} INFO - DAG(s) 'example_branch_labels' retrieved from /home/airflow/.local/lib/python3.12/site-packages/airflow/example_dags/example_branch_labels.py
[2024-10-26T07:21:45.211+0000] {logging_mixin.py:190} INFO - [2024-10-26T07:21:45.211+0000] {dag.py:3239} INFO - Sync 1 DAGs
[2024-10-26T07:21:45.223+0000] {logging_mixin.py:190} INFO - [2024-10-26T07:21:45.223+0000] {dag.py:4180} INFO - Setting next_dagrun for example_branch_labels to 2024-10-25 00:00:00+00:00, run_after=2024-10-26 00:00:00+00:00
[2024-10-26T07:21:45.244+0000] {processor.py:208} INFO - Processing /home/airflow/.local/lib/python3.12/site-packages/airflow/example_dags/example_branch_labels.py took 0.057 seconds
[2024-10-26T07:22:16.176+0000] {processor.py:186} INFO - Started process (PID=85075) to work on /home/airflow/.local/lib/python3.12/site-packages/airflow/example_dags/example_branch_labels.py
[2024-10-26T07:22:16.178+0000] {processor.py:914} INFO - Processing file /home/airflow/.local/lib/python3.12/site-packages/airflow/example_dags/example_branch_labels.py for tasks to queue
[2024-10-26T07:22:16.179+0000] {logging_mixin.py:190} INFO - [2024-10-26T07:22:16.179+0000] {dagbag.py:588} INFO - Filling up the DagBag from /home/airflow/.local/lib/python3.12/site-packages/airflow/example_dags/example_branch_labels.py
[2024-10-26T07:22:16.185+0000] {processor.py:925} INFO - DAG(s) 'example_branch_labels' retrieved from /home/airflow/.local/lib/python3.12/site-packages/airflow/example_dags/example_branch_labels.py
[2024-10-26T07:22:16.199+0000] {logging_mixin.py:190} INFO - [2024-10-26T07:22:16.199+0000] {dag.py:3239} INFO - Sync 1 DAGs
[2024-10-26T07:22:16.216+0000] {logging_mixin.py:190} INFO - [2024-10-26T07:22:16.215+0000] {dag.py:4180} INFO - Setting next_dagrun for example_branch_labels to 2024-10-25 00:00:00+00:00, run_after=2024-10-26 00:00:00+00:00
[2024-10-26T07:22:16.226+0000] {processor.py:208} INFO - Processing /home/airflow/.local/lib/python3.12/site-packages/airflow/example_dags/example_branch_labels.py took 0.056 seconds
[2024-10-26T07:22:47.040+0000] {processor.py:186} INFO - Started process (PID=85366) to work on /home/airflow/.local/lib/python3.12/site-packages/airflow/example_dags/example_branch_labels.py
[2024-10-26T07:22:47.041+0000] {processor.py:914} INFO - Processing file /home/airflow/.local/lib/python3.12/site-packages/airflow/example_dags/example_branch_labels.py for tasks to queue
[2024-10-26T07:22:47.041+0000] {logging_mixin.py:190} INFO - [2024-10-26T07:22:47.041+0000] {dagbag.py:588} INFO - Filling up the DagBag from /home/airflow/.local/lib/python3.12/site-packages/airflow/example_dags/example_branch_labels.py
[2024-10-26T07:22:47.047+0000] {processor.py:925} INFO - DAG(s) 'example_branch_labels' retrieved from /home/airflow/.local/lib/python3.12/site-packages/airflow/example_dags/example_branch_labels.py
[2024-10-26T07:22:47.062+0000] {logging_mixin.py:190} INFO - [2024-10-26T07:22:47.062+0000] {dag.py:3239} INFO - Sync 1 DAGs
[2024-10-26T07:22:47.076+0000] {logging_mixin.py:190} INFO - [2024-10-26T07:22:47.076+0000] {dag.py:4180} INFO - Setting next_dagrun for example_branch_labels to 2024-10-25 00:00:00+00:00, run_after=2024-10-26 00:00:00+00:00
[2024-10-26T07:22:47.091+0000] {processor.py:208} INFO - Processing /home/airflow/.local/lib/python3.12/site-packages/airflow/example_dags/example_branch_labels.py took 0.057 seconds
[2024-10-26T07:23:17.890+0000] {processor.py:186} INFO - Started process (PID=85657) to work on /home/airflow/.local/lib/python3.12/site-packages/airflow/example_dags/example_branch_labels.py
[2024-10-26T07:23:17.890+0000] {processor.py:914} INFO - Processing file /home/airflow/.local/lib/python3.12/site-packages/airflow/example_dags/example_branch_labels.py for tasks to queue
[2024-10-26T07:23:17.891+0000] {logging_mixin.py:190} INFO - [2024-10-26T07:23:17.891+0000] {dagbag.py:588} INFO - Filling up the DagBag from /home/airflow/.local/lib/python3.12/site-packages/airflow/example_dags/example_branch_labels.py
[2024-10-26T07:23:17.896+0000] {processor.py:925} INFO - DAG(s) 'example_branch_labels' retrieved from /home/airflow/.local/lib/python3.12/site-packages/airflow/example_dags/example_branch_labels.py
[2024-10-26T07:23:17.907+0000] {logging_mixin.py:190} INFO - [2024-10-26T07:23:17.907+0000] {dag.py:3239} INFO - Sync 1 DAGs
[2024-10-26T07:23:17.921+0000] {logging_mixin.py:190} INFO - [2024-10-26T07:23:17.921+0000] {dag.py:4180} INFO - Setting next_dagrun for example_branch_labels to 2024-10-25 00:00:00+00:00, run_after=2024-10-26 00:00:00+00:00
[2024-10-26T07:23:17.932+0000] {processor.py:208} INFO - Processing /home/airflow/.local/lib/python3.12/site-packages/airflow/example_dags/example_branch_labels.py took 0.046 seconds
[2024-10-26T07:23:48.652+0000] {processor.py:186} INFO - Started process (PID=85950) to work on /home/airflow/.local/lib/python3.12/site-packages/airflow/example_dags/example_branch_labels.py
[2024-10-26T07:23:48.652+0000] {processor.py:914} INFO - Processing file /home/airflow/.local/lib/python3.12/site-packages/airflow/example_dags/example_branch_labels.py for tasks to queue
[2024-10-26T07:23:48.653+0000] {logging_mixin.py:190} INFO - [2024-10-26T07:23:48.653+0000] {dagbag.py:588} INFO - Filling up the DagBag from /home/airflow/.local/lib/python3.12/site-packages/airflow/example_dags/example_branch_labels.py
[2024-10-26T07:23:48.658+0000] {processor.py:925} INFO - DAG(s) 'example_branch_labels' retrieved from /home/airflow/.local/lib/python3.12/site-packages/airflow/example_dags/example_branch_labels.py
[2024-10-26T07:23:48.668+0000] {logging_mixin.py:190} INFO - [2024-10-26T07:23:48.667+0000] {dag.py:3239} INFO - Sync 1 DAGs
[2024-10-26T07:23:48.678+0000] {logging_mixin.py:190} INFO - [2024-10-26T07:23:48.677+0000] {dag.py:4180} INFO - Setting next_dagrun for example_branch_labels to 2024-10-25 00:00:00+00:00, run_after=2024-10-26 00:00:00+00:00
[2024-10-26T07:23:48.685+0000] {processor.py:208} INFO - Processing /home/airflow/.local/lib/python3.12/site-packages/airflow/example_dags/example_branch_labels.py took 0.035 seconds
[2024-10-26T07:24:19.352+0000] {processor.py:186} INFO - Started process (PID=86239) to work on /home/airflow/.local/lib/python3.12/site-packages/airflow/example_dags/example_branch_labels.py
[2024-10-26T07:24:19.352+0000] {processor.py:914} INFO - Processing file /home/airflow/.local/lib/python3.12/site-packages/airflow/example_dags/example_branch_labels.py for tasks to queue
[2024-10-26T07:24:19.353+0000] {logging_mixin.py:190} INFO - [2024-10-26T07:24:19.353+0000] {dagbag.py:588} INFO - Filling up the DagBag from /home/airflow/.local/lib/python3.12/site-packages/airflow/example_dags/example_branch_labels.py
[2024-10-26T07:24:19.358+0000] {processor.py:925} INFO - DAG(s) 'example_branch_labels' retrieved from /home/airflow/.local/lib/python3.12/site-packages/airflow/example_dags/example_branch_labels.py
[2024-10-26T07:24:19.370+0000] {logging_mixin.py:190} INFO - [2024-10-26T07:24:19.369+0000] {dag.py:3239} INFO - Sync 1 DAGs
[2024-10-26T07:24:19.385+0000] {logging_mixin.py:190} INFO - [2024-10-26T07:24:19.385+0000] {dag.py:4180} INFO - Setting next_dagrun for example_branch_labels to 2024-10-25 00:00:00+00:00, run_after=2024-10-26 00:00:00+00:00
[2024-10-26T07:24:19.400+0000] {processor.py:208} INFO - Processing /home/airflow/.local/lib/python3.12/site-packages/airflow/example_dags/example_branch_labels.py took 0.051 seconds
[2024-10-26T07:24:49.648+0000] {processor.py:186} INFO - Started process (PID=86530) to work on /home/airflow/.local/lib/python3.12/site-packages/airflow/example_dags/example_branch_labels.py
[2024-10-26T07:24:49.649+0000] {processor.py:914} INFO - Processing file /home/airflow/.local/lib/python3.12/site-packages/airflow/example_dags/example_branch_labels.py for tasks to queue
[2024-10-26T07:24:49.650+0000] {logging_mixin.py:190} INFO - [2024-10-26T07:24:49.650+0000] {dagbag.py:588} INFO - Filling up the DagBag from /home/airflow/.local/lib/python3.12/site-packages/airflow/example_dags/example_branch_labels.py
[2024-10-26T07:24:49.656+0000] {processor.py:925} INFO - DAG(s) 'example_branch_labels' retrieved from /home/airflow/.local/lib/python3.12/site-packages/airflow/example_dags/example_branch_labels.py
[2024-10-26T07:24:49.667+0000] {logging_mixin.py:190} INFO - [2024-10-26T07:24:49.667+0000] {dag.py:3239} INFO - Sync 1 DAGs
[2024-10-26T07:24:49.680+0000] {logging_mixin.py:190} INFO - [2024-10-26T07:24:49.680+0000] {dag.py:4180} INFO - Setting next_dagrun for example_branch_labels to 2024-10-25 00:00:00+00:00, run_after=2024-10-26 00:00:00+00:00
[2024-10-26T07:24:49.688+0000] {processor.py:208} INFO - Processing /home/airflow/.local/lib/python3.12/site-packages/airflow/example_dags/example_branch_labels.py took 0.043 seconds
[2024-10-26T07:25:20.837+0000] {processor.py:186} INFO - Started process (PID=86823) to work on /home/airflow/.local/lib/python3.12/site-packages/airflow/example_dags/example_branch_labels.py
[2024-10-26T07:25:20.838+0000] {processor.py:914} INFO - Processing file /home/airflow/.local/lib/python3.12/site-packages/airflow/example_dags/example_branch_labels.py for tasks to queue
[2024-10-26T07:25:20.839+0000] {logging_mixin.py:190} INFO - [2024-10-26T07:25:20.839+0000] {dagbag.py:588} INFO - Filling up the DagBag from /home/airflow/.local/lib/python3.12/site-packages/airflow/example_dags/example_branch_labels.py
[2024-10-26T07:25:20.850+0000] {processor.py:925} INFO - DAG(s) 'example_branch_labels' retrieved from /home/airflow/.local/lib/python3.12/site-packages/airflow/example_dags/example_branch_labels.py
[2024-10-26T07:25:20.874+0000] {logging_mixin.py:190} INFO - [2024-10-26T07:25:20.873+0000] {dag.py:3239} INFO - Sync 1 DAGs
[2024-10-26T07:25:20.897+0000] {logging_mixin.py:190} INFO - [2024-10-26T07:25:20.896+0000] {dag.py:4180} INFO - Setting next_dagrun for example_branch_labels to 2024-10-25 00:00:00+00:00, run_after=2024-10-26 00:00:00+00:00
[2024-10-26T07:25:20.908+0000] {processor.py:208} INFO - Processing /home/airflow/.local/lib/python3.12/site-packages/airflow/example_dags/example_branch_labels.py took 0.076 seconds
[2024-10-26T07:25:51.044+0000] {processor.py:186} INFO - Started process (PID=87112) to work on /home/airflow/.local/lib/python3.12/site-packages/airflow/example_dags/example_branch_labels.py
[2024-10-26T07:25:51.045+0000] {processor.py:914} INFO - Processing file /home/airflow/.local/lib/python3.12/site-packages/airflow/example_dags/example_branch_labels.py for tasks to queue
[2024-10-26T07:25:51.046+0000] {logging_mixin.py:190} INFO - [2024-10-26T07:25:51.046+0000] {dagbag.py:588} INFO - Filling up the DagBag from /home/airflow/.local/lib/python3.12/site-packages/airflow/example_dags/example_branch_labels.py
[2024-10-26T07:25:51.051+0000] {processor.py:925} INFO - DAG(s) 'example_branch_labels' retrieved from /home/airflow/.local/lib/python3.12/site-packages/airflow/example_dags/example_branch_labels.py
[2024-10-26T07:25:51.062+0000] {logging_mixin.py:190} INFO - [2024-10-26T07:25:51.062+0000] {dag.py:3239} INFO - Sync 1 DAGs
[2024-10-26T07:25:51.074+0000] {logging_mixin.py:190} INFO - [2024-10-26T07:25:51.074+0000] {dag.py:4180} INFO - Setting next_dagrun for example_branch_labels to 2024-10-25 00:00:00+00:00, run_after=2024-10-26 00:00:00+00:00
[2024-10-26T07:25:51.086+0000] {processor.py:208} INFO - Processing /home/airflow/.local/lib/python3.12/site-packages/airflow/example_dags/example_branch_labels.py took 0.046 seconds
[2024-10-26T07:26:21.440+0000] {processor.py:186} INFO - Started process (PID=87403) to work on /home/airflow/.local/lib/python3.12/site-packages/airflow/example_dags/example_branch_labels.py
[2024-10-26T07:26:21.441+0000] {processor.py:914} INFO - Processing file /home/airflow/.local/lib/python3.12/site-packages/airflow/example_dags/example_branch_labels.py for tasks to queue
[2024-10-26T07:26:21.442+0000] {logging_mixin.py:190} INFO - [2024-10-26T07:26:21.442+0000] {dagbag.py:588} INFO - Filling up the DagBag from /home/airflow/.local/lib/python3.12/site-packages/airflow/example_dags/example_branch_labels.py
[2024-10-26T07:26:21.449+0000] {processor.py:925} INFO - DAG(s) 'example_branch_labels' retrieved from /home/airflow/.local/lib/python3.12/site-packages/airflow/example_dags/example_branch_labels.py
[2024-10-26T07:26:21.466+0000] {logging_mixin.py:190} INFO - [2024-10-26T07:26:21.466+0000] {dag.py:3239} INFO - Sync 1 DAGs
[2024-10-26T07:26:21.480+0000] {logging_mixin.py:190} INFO - [2024-10-26T07:26:21.480+0000] {dag.py:4180} INFO - Setting next_dagrun for example_branch_labels to 2024-10-25 00:00:00+00:00, run_after=2024-10-26 00:00:00+00:00
[2024-10-26T07:26:21.491+0000] {processor.py:208} INFO - Processing /home/airflow/.local/lib/python3.12/site-packages/airflow/example_dags/example_branch_labels.py took 0.053 seconds
[2024-10-26T07:26:52.051+0000] {processor.py:186} INFO - Started process (PID=87694) to work on /home/airflow/.local/lib/python3.12/site-packages/airflow/example_dags/example_branch_labels.py
[2024-10-26T07:26:52.052+0000] {processor.py:914} INFO - Processing file /home/airflow/.local/lib/python3.12/site-packages/airflow/example_dags/example_branch_labels.py for tasks to queue
[2024-10-26T07:26:52.053+0000] {logging_mixin.py:190} INFO - [2024-10-26T07:26:52.053+0000] {dagbag.py:588} INFO - Filling up the DagBag from /home/airflow/.local/lib/python3.12/site-packages/airflow/example_dags/example_branch_labels.py
[2024-10-26T07:26:52.060+0000] {processor.py:925} INFO - DAG(s) 'example_branch_labels' retrieved from /home/airflow/.local/lib/python3.12/site-packages/airflow/example_dags/example_branch_labels.py
[2024-10-26T07:26:52.072+0000] {logging_mixin.py:190} INFO - [2024-10-26T07:26:52.072+0000] {dag.py:3239} INFO - Sync 1 DAGs
[2024-10-26T07:26:52.085+0000] {logging_mixin.py:190} INFO - [2024-10-26T07:26:52.084+0000] {dag.py:4180} INFO - Setting next_dagrun for example_branch_labels to 2024-10-25 00:00:00+00:00, run_after=2024-10-26 00:00:00+00:00
[2024-10-26T07:26:52.096+0000] {processor.py:208} INFO - Processing /home/airflow/.local/lib/python3.12/site-packages/airflow/example_dags/example_branch_labels.py took 0.048 seconds
[2024-10-26T07:27:22.373+0000] {processor.py:186} INFO - Started process (PID=87985) to work on /home/airflow/.local/lib/python3.12/site-packages/airflow/example_dags/example_branch_labels.py
[2024-10-26T07:27:22.374+0000] {processor.py:914} INFO - Processing file /home/airflow/.local/lib/python3.12/site-packages/airflow/example_dags/example_branch_labels.py for tasks to queue
[2024-10-26T07:27:22.376+0000] {logging_mixin.py:190} INFO - [2024-10-26T07:27:22.375+0000] {dagbag.py:588} INFO - Filling up the DagBag from /home/airflow/.local/lib/python3.12/site-packages/airflow/example_dags/example_branch_labels.py
[2024-10-26T07:27:22.382+0000] {processor.py:925} INFO - DAG(s) 'example_branch_labels' retrieved from /home/airflow/.local/lib/python3.12/site-packages/airflow/example_dags/example_branch_labels.py
[2024-10-26T07:27:22.397+0000] {logging_mixin.py:190} INFO - [2024-10-26T07:27:22.397+0000] {dag.py:3239} INFO - Sync 1 DAGs
[2024-10-26T07:27:22.413+0000] {logging_mixin.py:190} INFO - [2024-10-26T07:27:22.413+0000] {dag.py:4180} INFO - Setting next_dagrun for example_branch_labels to 2024-10-25 00:00:00+00:00, run_after=2024-10-26 00:00:00+00:00
[2024-10-26T07:27:22.423+0000] {processor.py:208} INFO - Processing /home/airflow/.local/lib/python3.12/site-packages/airflow/example_dags/example_branch_labels.py took 0.062 seconds
