[2024-10-26T00:46:25.493+0000] {processor.py:186} INFO - Started process (PID=70839) to work on /home/airflow/.local/lib/python3.12/site-packages/airflow/example_dags/example_python_operator.py
[2024-10-26T00:46:25.493+0000] {processor.py:914} INFO - Processing file /home/airflow/.local/lib/python3.12/site-packages/airflow/example_dags/example_python_operator.py for tasks to queue
[2024-10-26T00:46:25.494+0000] {logging_mixin.py:190} INFO - [2024-10-26T00:46:25.494+0000] {dagbag.py:588} INFO - Filling up the DagBag from /home/airflow/.local/lib/python3.12/site-packages/airflow/example_dags/example_python_operator.py
[2024-10-26T00:46:25.501+0000] {processor.py:925} INFO - DAG(s) 'example_python_operator' retrieved from /home/airflow/.local/lib/python3.12/site-packages/airflow/example_dags/example_python_operator.py
[2024-10-26T00:46:25.513+0000] {logging_mixin.py:190} INFO - [2024-10-26T00:46:25.513+0000] {dag.py:3239} INFO - Sync 1 DAGs
[2024-10-26T00:46:25.521+0000] {logging_mixin.py:190} INFO - [2024-10-26T00:46:25.521+0000] {dag.py:4180} INFO - Setting next_dagrun for example_python_operator to None, run_after=None
[2024-10-26T00:46:25.534+0000] {processor.py:208} INFO - Processing /home/airflow/.local/lib/python3.12/site-packages/airflow/example_dags/example_python_operator.py took 0.044 seconds
[2024-10-26T01:37:09.186+0000] {processor.py:186} INFO - Started process (PID=71131) to work on /home/airflow/.local/lib/python3.12/site-packages/airflow/example_dags/example_python_operator.py
[2024-10-26T01:37:09.187+0000] {processor.py:914} INFO - Processing file /home/airflow/.local/lib/python3.12/site-packages/airflow/example_dags/example_python_operator.py for tasks to queue
[2024-10-26T01:37:09.188+0000] {logging_mixin.py:190} INFO - [2024-10-26T01:37:09.188+0000] {dagbag.py:588} INFO - Filling up the DagBag from /home/airflow/.local/lib/python3.12/site-packages/airflow/example_dags/example_python_operator.py
[2024-10-26T01:37:09.196+0000] {processor.py:925} INFO - DAG(s) 'example_python_operator' retrieved from /home/airflow/.local/lib/python3.12/site-packages/airflow/example_dags/example_python_operator.py
[2024-10-26T01:37:09.211+0000] {logging_mixin.py:190} INFO - [2024-10-26T01:37:09.211+0000] {dag.py:3239} INFO - Sync 1 DAGs
[2024-10-26T01:37:09.221+0000] {logging_mixin.py:190} INFO - [2024-10-26T01:37:09.220+0000] {dag.py:4180} INFO - Setting next_dagrun for example_python_operator to None, run_after=None
[2024-10-26T01:37:09.232+0000] {processor.py:208} INFO - Processing /home/airflow/.local/lib/python3.12/site-packages/airflow/example_dags/example_python_operator.py took 0.052 seconds
[2024-10-26T02:57:38.163+0000] {processor.py:186} INFO - Started process (PID=71422) to work on /home/airflow/.local/lib/python3.12/site-packages/airflow/example_dags/example_python_operator.py
[2024-10-26T02:57:38.165+0000] {processor.py:914} INFO - Processing file /home/airflow/.local/lib/python3.12/site-packages/airflow/example_dags/example_python_operator.py for tasks to queue
[2024-10-26T02:57:38.166+0000] {logging_mixin.py:190} INFO - [2024-10-26T02:57:38.165+0000] {dagbag.py:588} INFO - Filling up the DagBag from /home/airflow/.local/lib/python3.12/site-packages/airflow/example_dags/example_python_operator.py
[2024-10-26T02:57:38.172+0000] {processor.py:925} INFO - DAG(s) 'example_python_operator' retrieved from /home/airflow/.local/lib/python3.12/site-packages/airflow/example_dags/example_python_operator.py
[2024-10-26T02:57:38.185+0000] {logging_mixin.py:190} INFO - [2024-10-26T02:57:38.185+0000] {dag.py:3239} INFO - Sync 1 DAGs
[2024-10-26T02:57:38.192+0000] {logging_mixin.py:190} INFO - [2024-10-26T02:57:38.192+0000] {dag.py:4180} INFO - Setting next_dagrun for example_python_operator to None, run_after=None
[2024-10-26T02:57:38.207+0000] {processor.py:208} INFO - Processing /home/airflow/.local/lib/python3.12/site-packages/airflow/example_dags/example_python_operator.py took 0.047 seconds
[2024-10-26T04:18:35.450+0000] {processor.py:186} INFO - Started process (PID=71713) to work on /home/airflow/.local/lib/python3.12/site-packages/airflow/example_dags/example_python_operator.py
[2024-10-26T04:18:35.450+0000] {processor.py:914} INFO - Processing file /home/airflow/.local/lib/python3.12/site-packages/airflow/example_dags/example_python_operator.py for tasks to queue
[2024-10-26T04:18:35.451+0000] {logging_mixin.py:190} INFO - [2024-10-26T04:18:35.451+0000] {dagbag.py:588} INFO - Filling up the DagBag from /home/airflow/.local/lib/python3.12/site-packages/airflow/example_dags/example_python_operator.py
[2024-10-26T04:18:35.459+0000] {processor.py:925} INFO - DAG(s) 'example_python_operator' retrieved from /home/airflow/.local/lib/python3.12/site-packages/airflow/example_dags/example_python_operator.py
[2024-10-26T04:18:35.472+0000] {logging_mixin.py:190} INFO - [2024-10-26T04:18:35.472+0000] {dag.py:3239} INFO - Sync 1 DAGs
[2024-10-26T04:18:35.482+0000] {logging_mixin.py:190} INFO - [2024-10-26T04:18:35.481+0000] {dag.py:4180} INFO - Setting next_dagrun for example_python_operator to None, run_after=None
[2024-10-26T04:18:35.493+0000] {processor.py:208} INFO - Processing /home/airflow/.local/lib/python3.12/site-packages/airflow/example_dags/example_python_operator.py took 0.046 seconds
[2024-10-26T05:41:05.247+0000] {processor.py:186} INFO - Started process (PID=72004) to work on /home/airflow/.local/lib/python3.12/site-packages/airflow/example_dags/example_python_operator.py
[2024-10-26T05:41:05.248+0000] {processor.py:914} INFO - Processing file /home/airflow/.local/lib/python3.12/site-packages/airflow/example_dags/example_python_operator.py for tasks to queue
[2024-10-26T05:41:05.249+0000] {logging_mixin.py:190} INFO - [2024-10-26T05:41:05.249+0000] {dagbag.py:588} INFO - Filling up the DagBag from /home/airflow/.local/lib/python3.12/site-packages/airflow/example_dags/example_python_operator.py
[2024-10-26T05:41:05.257+0000] {processor.py:925} INFO - DAG(s) 'example_python_operator' retrieved from /home/airflow/.local/lib/python3.12/site-packages/airflow/example_dags/example_python_operator.py
[2024-10-26T05:41:05.268+0000] {logging_mixin.py:190} INFO - [2024-10-26T05:41:05.268+0000] {dag.py:3239} INFO - Sync 1 DAGs
[2024-10-26T05:41:05.275+0000] {logging_mixin.py:190} INFO - [2024-10-26T05:41:05.275+0000] {dag.py:4180} INFO - Setting next_dagrun for example_python_operator to None, run_after=None
[2024-10-26T05:41:05.285+0000] {processor.py:208} INFO - Processing /home/airflow/.local/lib/python3.12/site-packages/airflow/example_dags/example_python_operator.py took 0.041 seconds
[2024-10-26T06:59:45.535+0000] {processor.py:186} INFO - Started process (PID=72295) to work on /home/airflow/.local/lib/python3.12/site-packages/airflow/example_dags/example_python_operator.py
[2024-10-26T06:59:45.536+0000] {processor.py:914} INFO - Processing file /home/airflow/.local/lib/python3.12/site-packages/airflow/example_dags/example_python_operator.py for tasks to queue
[2024-10-26T06:59:45.536+0000] {logging_mixin.py:190} INFO - [2024-10-26T06:59:45.536+0000] {dagbag.py:588} INFO - Filling up the DagBag from /home/airflow/.local/lib/python3.12/site-packages/airflow/example_dags/example_python_operator.py
[2024-10-26T06:59:45.546+0000] {processor.py:925} INFO - DAG(s) 'example_python_operator' retrieved from /home/airflow/.local/lib/python3.12/site-packages/airflow/example_dags/example_python_operator.py
[2024-10-26T06:59:45.558+0000] {logging_mixin.py:190} INFO - [2024-10-26T06:59:45.558+0000] {dag.py:3239} INFO - Sync 1 DAGs
[2024-10-26T06:59:45.565+0000] {logging_mixin.py:190} INFO - [2024-10-26T06:59:45.565+0000] {dag.py:4180} INFO - Setting next_dagrun for example_python_operator to None, run_after=None
[2024-10-26T06:59:45.582+0000] {processor.py:208} INFO - Processing /home/airflow/.local/lib/python3.12/site-packages/airflow/example_dags/example_python_operator.py took 0.050 seconds
[2024-10-26T07:00:16.215+0000] {processor.py:186} INFO - Started process (PID=72586) to work on /home/airflow/.local/lib/python3.12/site-packages/airflow/example_dags/example_python_operator.py
[2024-10-26T07:00:16.216+0000] {processor.py:914} INFO - Processing file /home/airflow/.local/lib/python3.12/site-packages/airflow/example_dags/example_python_operator.py for tasks to queue
[2024-10-26T07:00:16.217+0000] {logging_mixin.py:190} INFO - [2024-10-26T07:00:16.217+0000] {dagbag.py:588} INFO - Filling up the DagBag from /home/airflow/.local/lib/python3.12/site-packages/airflow/example_dags/example_python_operator.py
[2024-10-26T07:00:16.225+0000] {processor.py:925} INFO - DAG(s) 'example_python_operator' retrieved from /home/airflow/.local/lib/python3.12/site-packages/airflow/example_dags/example_python_operator.py
[2024-10-26T07:00:16.235+0000] {logging_mixin.py:190} INFO - [2024-10-26T07:00:16.235+0000] {dag.py:3239} INFO - Sync 1 DAGs
[2024-10-26T07:00:16.242+0000] {logging_mixin.py:190} INFO - [2024-10-26T07:00:16.242+0000] {dag.py:4180} INFO - Setting next_dagrun for example_python_operator to None, run_after=None
[2024-10-26T07:00:16.253+0000] {processor.py:208} INFO - Processing /home/airflow/.local/lib/python3.12/site-packages/airflow/example_dags/example_python_operator.py took 0.041 seconds
[2024-10-26T07:00:46.724+0000] {processor.py:186} INFO - Started process (PID=72877) to work on /home/airflow/.local/lib/python3.12/site-packages/airflow/example_dags/example_python_operator.py
[2024-10-26T07:00:46.725+0000] {processor.py:914} INFO - Processing file /home/airflow/.local/lib/python3.12/site-packages/airflow/example_dags/example_python_operator.py for tasks to queue
[2024-10-26T07:00:46.725+0000] {logging_mixin.py:190} INFO - [2024-10-26T07:00:46.725+0000] {dagbag.py:588} INFO - Filling up the DagBag from /home/airflow/.local/lib/python3.12/site-packages/airflow/example_dags/example_python_operator.py
[2024-10-26T07:00:46.733+0000] {processor.py:925} INFO - DAG(s) 'example_python_operator' retrieved from /home/airflow/.local/lib/python3.12/site-packages/airflow/example_dags/example_python_operator.py
[2024-10-26T07:00:46.747+0000] {logging_mixin.py:190} INFO - [2024-10-26T07:00:46.747+0000] {dag.py:3239} INFO - Sync 1 DAGs
[2024-10-26T07:00:46.754+0000] {logging_mixin.py:190} INFO - [2024-10-26T07:00:46.754+0000] {dag.py:4180} INFO - Setting next_dagrun for example_python_operator to None, run_after=None
[2024-10-26T07:00:46.765+0000] {processor.py:208} INFO - Processing /home/airflow/.local/lib/python3.12/site-packages/airflow/example_dags/example_python_operator.py took 0.044 seconds
[2024-10-26T07:01:18.006+0000] {processor.py:186} INFO - Started process (PID=73168) to work on /home/airflow/.local/lib/python3.12/site-packages/airflow/example_dags/example_python_operator.py
[2024-10-26T07:01:18.009+0000] {processor.py:914} INFO - Processing file /home/airflow/.local/lib/python3.12/site-packages/airflow/example_dags/example_python_operator.py for tasks to queue
[2024-10-26T07:01:18.011+0000] {logging_mixin.py:190} INFO - [2024-10-26T07:01:18.011+0000] {dagbag.py:588} INFO - Filling up the DagBag from /home/airflow/.local/lib/python3.12/site-packages/airflow/example_dags/example_python_operator.py
[2024-10-26T07:01:18.023+0000] {processor.py:925} INFO - DAG(s) 'example_python_operator' retrieved from /home/airflow/.local/lib/python3.12/site-packages/airflow/example_dags/example_python_operator.py
[2024-10-26T07:01:18.057+0000] {logging_mixin.py:190} INFO - [2024-10-26T07:01:18.057+0000] {dag.py:3239} INFO - Sync 1 DAGs
[2024-10-26T07:01:18.071+0000] {logging_mixin.py:190} INFO - [2024-10-26T07:01:18.070+0000] {dag.py:4180} INFO - Setting next_dagrun for example_python_operator to None, run_after=None
[2024-10-26T07:01:18.103+0000] {processor.py:208} INFO - Processing /home/airflow/.local/lib/python3.12/site-packages/airflow/example_dags/example_python_operator.py took 0.106 seconds
[2024-10-26T07:01:49.608+0000] {processor.py:186} INFO - Started process (PID=73459) to work on /home/airflow/.local/lib/python3.12/site-packages/airflow/example_dags/example_python_operator.py
[2024-10-26T07:01:49.609+0000] {processor.py:914} INFO - Processing file /home/airflow/.local/lib/python3.12/site-packages/airflow/example_dags/example_python_operator.py for tasks to queue
[2024-10-26T07:01:49.611+0000] {logging_mixin.py:190} INFO - [2024-10-26T07:01:49.611+0000] {dagbag.py:588} INFO - Filling up the DagBag from /home/airflow/.local/lib/python3.12/site-packages/airflow/example_dags/example_python_operator.py
[2024-10-26T07:01:49.628+0000] {processor.py:925} INFO - DAG(s) 'example_python_operator' retrieved from /home/airflow/.local/lib/python3.12/site-packages/airflow/example_dags/example_python_operator.py
[2024-10-26T07:01:49.643+0000] {logging_mixin.py:190} INFO - [2024-10-26T07:01:49.643+0000] {dag.py:3239} INFO - Sync 1 DAGs
[2024-10-26T07:01:49.656+0000] {logging_mixin.py:190} INFO - [2024-10-26T07:01:49.656+0000] {dag.py:4180} INFO - Setting next_dagrun for example_python_operator to None, run_after=None
[2024-10-26T07:01:49.676+0000] {processor.py:208} INFO - Processing /home/airflow/.local/lib/python3.12/site-packages/airflow/example_dags/example_python_operator.py took 0.072 seconds
[2024-10-26T07:02:20.257+0000] {processor.py:186} INFO - Started process (PID=73750) to work on /home/airflow/.local/lib/python3.12/site-packages/airflow/example_dags/example_python_operator.py
[2024-10-26T07:02:20.260+0000] {processor.py:914} INFO - Processing file /home/airflow/.local/lib/python3.12/site-packages/airflow/example_dags/example_python_operator.py for tasks to queue
[2024-10-26T07:02:20.260+0000] {logging_mixin.py:190} INFO - [2024-10-26T07:02:20.260+0000] {dagbag.py:588} INFO - Filling up the DagBag from /home/airflow/.local/lib/python3.12/site-packages/airflow/example_dags/example_python_operator.py
[2024-10-26T07:02:20.270+0000] {processor.py:925} INFO - DAG(s) 'example_python_operator' retrieved from /home/airflow/.local/lib/python3.12/site-packages/airflow/example_dags/example_python_operator.py
[2024-10-26T07:02:20.286+0000] {logging_mixin.py:190} INFO - [2024-10-26T07:02:20.285+0000] {dag.py:3239} INFO - Sync 1 DAGs
[2024-10-26T07:02:20.294+0000] {logging_mixin.py:190} INFO - [2024-10-26T07:02:20.293+0000] {dag.py:4180} INFO - Setting next_dagrun for example_python_operator to None, run_after=None
[2024-10-26T07:02:20.306+0000] {processor.py:208} INFO - Processing /home/airflow/.local/lib/python3.12/site-packages/airflow/example_dags/example_python_operator.py took 0.052 seconds
[2024-10-26T07:02:50.390+0000] {processor.py:186} INFO - Started process (PID=74041) to work on /home/airflow/.local/lib/python3.12/site-packages/airflow/example_dags/example_python_operator.py
[2024-10-26T07:02:50.393+0000] {processor.py:914} INFO - Processing file /home/airflow/.local/lib/python3.12/site-packages/airflow/example_dags/example_python_operator.py for tasks to queue
[2024-10-26T07:02:50.394+0000] {logging_mixin.py:190} INFO - [2024-10-26T07:02:50.394+0000] {dagbag.py:588} INFO - Filling up the DagBag from /home/airflow/.local/lib/python3.12/site-packages/airflow/example_dags/example_python_operator.py
[2024-10-26T07:02:50.401+0000] {processor.py:925} INFO - DAG(s) 'example_python_operator' retrieved from /home/airflow/.local/lib/python3.12/site-packages/airflow/example_dags/example_python_operator.py
[2024-10-26T07:02:50.415+0000] {logging_mixin.py:190} INFO - [2024-10-26T07:02:50.415+0000] {dag.py:3239} INFO - Sync 1 DAGs
[2024-10-26T07:02:50.423+0000] {logging_mixin.py:190} INFO - [2024-10-26T07:02:50.423+0000] {dag.py:4180} INFO - Setting next_dagrun for example_python_operator to None, run_after=None
[2024-10-26T07:02:50.436+0000] {processor.py:208} INFO - Processing /home/airflow/.local/lib/python3.12/site-packages/airflow/example_dags/example_python_operator.py took 0.049 seconds
[2024-10-26T07:03:21.461+0000] {processor.py:186} INFO - Started process (PID=74332) to work on /home/airflow/.local/lib/python3.12/site-packages/airflow/example_dags/example_python_operator.py
[2024-10-26T07:03:21.462+0000] {processor.py:914} INFO - Processing file /home/airflow/.local/lib/python3.12/site-packages/airflow/example_dags/example_python_operator.py for tasks to queue
[2024-10-26T07:03:21.463+0000] {logging_mixin.py:190} INFO - [2024-10-26T07:03:21.463+0000] {dagbag.py:588} INFO - Filling up the DagBag from /home/airflow/.local/lib/python3.12/site-packages/airflow/example_dags/example_python_operator.py
[2024-10-26T07:03:21.478+0000] {processor.py:925} INFO - DAG(s) 'example_python_operator' retrieved from /home/airflow/.local/lib/python3.12/site-packages/airflow/example_dags/example_python_operator.py
[2024-10-26T07:03:21.493+0000] {logging_mixin.py:190} INFO - [2024-10-26T07:03:21.493+0000] {dag.py:3239} INFO - Sync 1 DAGs
[2024-10-26T07:03:21.501+0000] {logging_mixin.py:190} INFO - [2024-10-26T07:03:21.501+0000] {dag.py:4180} INFO - Setting next_dagrun for example_python_operator to None, run_after=None
[2024-10-26T07:03:21.515+0000] {processor.py:208} INFO - Processing /home/airflow/.local/lib/python3.12/site-packages/airflow/example_dags/example_python_operator.py took 0.059 seconds
[2024-10-26T07:03:52.126+0000] {processor.py:186} INFO - Started process (PID=74623) to work on /home/airflow/.local/lib/python3.12/site-packages/airflow/example_dags/example_python_operator.py
[2024-10-26T07:03:52.129+0000] {processor.py:914} INFO - Processing file /home/airflow/.local/lib/python3.12/site-packages/airflow/example_dags/example_python_operator.py for tasks to queue
[2024-10-26T07:03:52.130+0000] {logging_mixin.py:190} INFO - [2024-10-26T07:03:52.130+0000] {dagbag.py:588} INFO - Filling up the DagBag from /home/airflow/.local/lib/python3.12/site-packages/airflow/example_dags/example_python_operator.py
[2024-10-26T07:03:52.137+0000] {processor.py:925} INFO - DAG(s) 'example_python_operator' retrieved from /home/airflow/.local/lib/python3.12/site-packages/airflow/example_dags/example_python_operator.py
[2024-10-26T07:03:52.155+0000] {logging_mixin.py:190} INFO - [2024-10-26T07:03:52.154+0000] {dag.py:3239} INFO - Sync 1 DAGs
[2024-10-26T07:03:52.163+0000] {logging_mixin.py:190} INFO - [2024-10-26T07:03:52.163+0000] {dag.py:4180} INFO - Setting next_dagrun for example_python_operator to None, run_after=None
[2024-10-26T07:03:52.172+0000] {processor.py:208} INFO - Processing /home/airflow/.local/lib/python3.12/site-packages/airflow/example_dags/example_python_operator.py took 0.050 seconds
[2024-10-26T07:04:22.952+0000] {processor.py:186} INFO - Started process (PID=74913) to work on /home/airflow/.local/lib/python3.12/site-packages/airflow/example_dags/example_python_operator.py
[2024-10-26T07:04:22.953+0000] {processor.py:914} INFO - Processing file /home/airflow/.local/lib/python3.12/site-packages/airflow/example_dags/example_python_operator.py for tasks to queue
[2024-10-26T07:04:22.954+0000] {logging_mixin.py:190} INFO - [2024-10-26T07:04:22.954+0000] {dagbag.py:588} INFO - Filling up the DagBag from /home/airflow/.local/lib/python3.12/site-packages/airflow/example_dags/example_python_operator.py
[2024-10-26T07:04:22.961+0000] {processor.py:925} INFO - DAG(s) 'example_python_operator' retrieved from /home/airflow/.local/lib/python3.12/site-packages/airflow/example_dags/example_python_operator.py
[2024-10-26T07:04:22.976+0000] {logging_mixin.py:190} INFO - [2024-10-26T07:04:22.975+0000] {dag.py:3239} INFO - Sync 1 DAGs
[2024-10-26T07:04:22.984+0000] {logging_mixin.py:190} INFO - [2024-10-26T07:04:22.984+0000] {dag.py:4180} INFO - Setting next_dagrun for example_python_operator to None, run_after=None
[2024-10-26T07:04:22.996+0000] {processor.py:208} INFO - Processing /home/airflow/.local/lib/python3.12/site-packages/airflow/example_dags/example_python_operator.py took 0.047 seconds
[2024-10-26T07:04:53.097+0000] {processor.py:186} INFO - Started process (PID=75204) to work on /home/airflow/.local/lib/python3.12/site-packages/airflow/example_dags/example_python_operator.py
[2024-10-26T07:04:53.100+0000] {processor.py:914} INFO - Processing file /home/airflow/.local/lib/python3.12/site-packages/airflow/example_dags/example_python_operator.py for tasks to queue
[2024-10-26T07:04:53.102+0000] {logging_mixin.py:190} INFO - [2024-10-26T07:04:53.101+0000] {dagbag.py:588} INFO - Filling up the DagBag from /home/airflow/.local/lib/python3.12/site-packages/airflow/example_dags/example_python_operator.py
[2024-10-26T07:04:53.108+0000] {processor.py:925} INFO - DAG(s) 'example_python_operator' retrieved from /home/airflow/.local/lib/python3.12/site-packages/airflow/example_dags/example_python_operator.py
[2024-10-26T07:04:53.134+0000] {logging_mixin.py:190} INFO - [2024-10-26T07:04:53.134+0000] {dag.py:3239} INFO - Sync 1 DAGs
[2024-10-26T07:04:53.144+0000] {logging_mixin.py:190} INFO - [2024-10-26T07:04:53.144+0000] {dag.py:4180} INFO - Setting next_dagrun for example_python_operator to None, run_after=None
[2024-10-26T07:04:53.159+0000] {processor.py:208} INFO - Processing /home/airflow/.local/lib/python3.12/site-packages/airflow/example_dags/example_python_operator.py took 0.066 seconds
[2024-10-26T07:05:23.670+0000] {processor.py:186} INFO - Started process (PID=75490) to work on /home/airflow/.local/lib/python3.12/site-packages/airflow/example_dags/example_python_operator.py
[2024-10-26T07:05:23.670+0000] {processor.py:914} INFO - Processing file /home/airflow/.local/lib/python3.12/site-packages/airflow/example_dags/example_python_operator.py for tasks to queue
[2024-10-26T07:05:23.671+0000] {logging_mixin.py:190} INFO - [2024-10-26T07:05:23.671+0000] {dagbag.py:588} INFO - Filling up the DagBag from /home/airflow/.local/lib/python3.12/site-packages/airflow/example_dags/example_python_operator.py
[2024-10-26T07:05:23.684+0000] {processor.py:925} INFO - DAG(s) 'example_python_operator' retrieved from /home/airflow/.local/lib/python3.12/site-packages/airflow/example_dags/example_python_operator.py
[2024-10-26T07:05:23.712+0000] {logging_mixin.py:190} INFO - [2024-10-26T07:05:23.712+0000] {dag.py:3239} INFO - Sync 1 DAGs
[2024-10-26T07:05:23.725+0000] {logging_mixin.py:190} INFO - [2024-10-26T07:05:23.725+0000] {dag.py:4180} INFO - Setting next_dagrun for example_python_operator to None, run_after=None
[2024-10-26T07:05:23.747+0000] {processor.py:208} INFO - Processing /home/airflow/.local/lib/python3.12/site-packages/airflow/example_dags/example_python_operator.py took 0.084 seconds
[2024-10-26T07:05:54.417+0000] {processor.py:186} INFO - Started process (PID=75780) to work on /home/airflow/.local/lib/python3.12/site-packages/airflow/example_dags/example_python_operator.py
[2024-10-26T07:05:54.418+0000] {processor.py:914} INFO - Processing file /home/airflow/.local/lib/python3.12/site-packages/airflow/example_dags/example_python_operator.py for tasks to queue
[2024-10-26T07:05:54.419+0000] {logging_mixin.py:190} INFO - [2024-10-26T07:05:54.419+0000] {dagbag.py:588} INFO - Filling up the DagBag from /home/airflow/.local/lib/python3.12/site-packages/airflow/example_dags/example_python_operator.py
[2024-10-26T07:05:54.428+0000] {processor.py:925} INFO - DAG(s) 'example_python_operator' retrieved from /home/airflow/.local/lib/python3.12/site-packages/airflow/example_dags/example_python_operator.py
[2024-10-26T07:05:54.443+0000] {logging_mixin.py:190} INFO - [2024-10-26T07:05:54.442+0000] {dag.py:3239} INFO - Sync 1 DAGs
[2024-10-26T07:05:54.453+0000] {logging_mixin.py:190} INFO - [2024-10-26T07:05:54.453+0000] {dag.py:4180} INFO - Setting next_dagrun for example_python_operator to None, run_after=None
[2024-10-26T07:05:54.465+0000] {processor.py:208} INFO - Processing /home/airflow/.local/lib/python3.12/site-packages/airflow/example_dags/example_python_operator.py took 0.052 seconds
[2024-10-26T07:06:24.947+0000] {processor.py:186} INFO - Started process (PID=76071) to work on /home/airflow/.local/lib/python3.12/site-packages/airflow/example_dags/example_python_operator.py
[2024-10-26T07:06:24.948+0000] {processor.py:914} INFO - Processing file /home/airflow/.local/lib/python3.12/site-packages/airflow/example_dags/example_python_operator.py for tasks to queue
[2024-10-26T07:06:24.949+0000] {logging_mixin.py:190} INFO - [2024-10-26T07:06:24.948+0000] {dagbag.py:588} INFO - Filling up the DagBag from /home/airflow/.local/lib/python3.12/site-packages/airflow/example_dags/example_python_operator.py
[2024-10-26T07:06:24.959+0000] {processor.py:925} INFO - DAG(s) 'example_python_operator' retrieved from /home/airflow/.local/lib/python3.12/site-packages/airflow/example_dags/example_python_operator.py
[2024-10-26T07:06:24.977+0000] {logging_mixin.py:190} INFO - [2024-10-26T07:06:24.977+0000] {dag.py:3239} INFO - Sync 1 DAGs
[2024-10-26T07:06:24.986+0000] {logging_mixin.py:190} INFO - [2024-10-26T07:06:24.985+0000] {dag.py:4180} INFO - Setting next_dagrun for example_python_operator to None, run_after=None
[2024-10-26T07:06:24.997+0000] {processor.py:208} INFO - Processing /home/airflow/.local/lib/python3.12/site-packages/airflow/example_dags/example_python_operator.py took 0.055 seconds
[2024-10-26T07:06:55.048+0000] {processor.py:186} INFO - Started process (PID=76357) to work on /home/airflow/.local/lib/python3.12/site-packages/airflow/example_dags/example_python_operator.py
[2024-10-26T07:06:55.049+0000] {processor.py:914} INFO - Processing file /home/airflow/.local/lib/python3.12/site-packages/airflow/example_dags/example_python_operator.py for tasks to queue
[2024-10-26T07:06:55.052+0000] {logging_mixin.py:190} INFO - [2024-10-26T07:06:55.052+0000] {dagbag.py:588} INFO - Filling up the DagBag from /home/airflow/.local/lib/python3.12/site-packages/airflow/example_dags/example_python_operator.py
[2024-10-26T07:06:55.060+0000] {processor.py:925} INFO - DAG(s) 'example_python_operator' retrieved from /home/airflow/.local/lib/python3.12/site-packages/airflow/example_dags/example_python_operator.py
[2024-10-26T07:06:55.076+0000] {logging_mixin.py:190} INFO - [2024-10-26T07:06:55.076+0000] {dag.py:3239} INFO - Sync 1 DAGs
[2024-10-26T07:06:55.083+0000] {logging_mixin.py:190} INFO - [2024-10-26T07:06:55.083+0000] {dag.py:4180} INFO - Setting next_dagrun for example_python_operator to None, run_after=None
[2024-10-26T07:06:55.091+0000] {processor.py:208} INFO - Processing /home/airflow/.local/lib/python3.12/site-packages/airflow/example_dags/example_python_operator.py took 0.049 seconds
[2024-10-26T07:07:25.420+0000] {processor.py:186} INFO - Started process (PID=76648) to work on /home/airflow/.local/lib/python3.12/site-packages/airflow/example_dags/example_python_operator.py
[2024-10-26T07:07:25.421+0000] {processor.py:914} INFO - Processing file /home/airflow/.local/lib/python3.12/site-packages/airflow/example_dags/example_python_operator.py for tasks to queue
[2024-10-26T07:07:25.421+0000] {logging_mixin.py:190} INFO - [2024-10-26T07:07:25.421+0000] {dagbag.py:588} INFO - Filling up the DagBag from /home/airflow/.local/lib/python3.12/site-packages/airflow/example_dags/example_python_operator.py
[2024-10-26T07:07:25.429+0000] {processor.py:925} INFO - DAG(s) 'example_python_operator' retrieved from /home/airflow/.local/lib/python3.12/site-packages/airflow/example_dags/example_python_operator.py
[2024-10-26T07:07:25.441+0000] {logging_mixin.py:190} INFO - [2024-10-26T07:07:25.441+0000] {dag.py:3239} INFO - Sync 1 DAGs
[2024-10-26T07:07:25.449+0000] {logging_mixin.py:190} INFO - [2024-10-26T07:07:25.449+0000] {dag.py:4180} INFO - Setting next_dagrun for example_python_operator to None, run_after=None
[2024-10-26T07:07:25.461+0000] {processor.py:208} INFO - Processing /home/airflow/.local/lib/python3.12/site-packages/airflow/example_dags/example_python_operator.py took 0.045 seconds
[2024-10-26T07:07:56.058+0000] {processor.py:186} INFO - Started process (PID=76939) to work on /home/airflow/.local/lib/python3.12/site-packages/airflow/example_dags/example_python_operator.py
[2024-10-26T07:07:56.060+0000] {processor.py:914} INFO - Processing file /home/airflow/.local/lib/python3.12/site-packages/airflow/example_dags/example_python_operator.py for tasks to queue
[2024-10-26T07:07:56.062+0000] {logging_mixin.py:190} INFO - [2024-10-26T07:07:56.062+0000] {dagbag.py:588} INFO - Filling up the DagBag from /home/airflow/.local/lib/python3.12/site-packages/airflow/example_dags/example_python_operator.py
[2024-10-26T07:07:56.080+0000] {processor.py:925} INFO - DAG(s) 'example_python_operator' retrieved from /home/airflow/.local/lib/python3.12/site-packages/airflow/example_dags/example_python_operator.py
[2024-10-26T07:07:56.095+0000] {logging_mixin.py:190} INFO - [2024-10-26T07:07:56.094+0000] {dag.py:3239} INFO - Sync 1 DAGs
[2024-10-26T07:07:56.103+0000] {logging_mixin.py:190} INFO - [2024-10-26T07:07:56.103+0000] {dag.py:4180} INFO - Setting next_dagrun for example_python_operator to None, run_after=None
[2024-10-26T07:07:56.113+0000] {processor.py:208} INFO - Processing /home/airflow/.local/lib/python3.12/site-packages/airflow/example_dags/example_python_operator.py took 0.059 seconds
[2024-10-26T07:08:26.198+0000] {processor.py:186} INFO - Started process (PID=77230) to work on /home/airflow/.local/lib/python3.12/site-packages/airflow/example_dags/example_python_operator.py
[2024-10-26T07:08:26.201+0000] {processor.py:914} INFO - Processing file /home/airflow/.local/lib/python3.12/site-packages/airflow/example_dags/example_python_operator.py for tasks to queue
[2024-10-26T07:08:26.202+0000] {logging_mixin.py:190} INFO - [2024-10-26T07:08:26.202+0000] {dagbag.py:588} INFO - Filling up the DagBag from /home/airflow/.local/lib/python3.12/site-packages/airflow/example_dags/example_python_operator.py
[2024-10-26T07:08:26.210+0000] {processor.py:925} INFO - DAG(s) 'example_python_operator' retrieved from /home/airflow/.local/lib/python3.12/site-packages/airflow/example_dags/example_python_operator.py
[2024-10-26T07:08:26.221+0000] {logging_mixin.py:190} INFO - [2024-10-26T07:08:26.220+0000] {dag.py:3239} INFO - Sync 1 DAGs
[2024-10-26T07:08:26.227+0000] {logging_mixin.py:190} INFO - [2024-10-26T07:08:26.227+0000] {dag.py:4180} INFO - Setting next_dagrun for example_python_operator to None, run_after=None
[2024-10-26T07:08:26.238+0000] {processor.py:208} INFO - Processing /home/airflow/.local/lib/python3.12/site-packages/airflow/example_dags/example_python_operator.py took 0.044 seconds
[2024-10-26T07:08:56.510+0000] {processor.py:186} INFO - Started process (PID=77521) to work on /home/airflow/.local/lib/python3.12/site-packages/airflow/example_dags/example_python_operator.py
[2024-10-26T07:08:56.511+0000] {processor.py:914} INFO - Processing file /home/airflow/.local/lib/python3.12/site-packages/airflow/example_dags/example_python_operator.py for tasks to queue
[2024-10-26T07:08:56.512+0000] {logging_mixin.py:190} INFO - [2024-10-26T07:08:56.512+0000] {dagbag.py:588} INFO - Filling up the DagBag from /home/airflow/.local/lib/python3.12/site-packages/airflow/example_dags/example_python_operator.py
[2024-10-26T07:08:56.519+0000] {processor.py:925} INFO - DAG(s) 'example_python_operator' retrieved from /home/airflow/.local/lib/python3.12/site-packages/airflow/example_dags/example_python_operator.py
[2024-10-26T07:08:56.531+0000] {logging_mixin.py:190} INFO - [2024-10-26T07:08:56.530+0000] {dag.py:3239} INFO - Sync 1 DAGs
[2024-10-26T07:08:56.538+0000] {logging_mixin.py:190} INFO - [2024-10-26T07:08:56.538+0000] {dag.py:4180} INFO - Setting next_dagrun for example_python_operator to None, run_after=None
[2024-10-26T07:08:56.546+0000] {processor.py:208} INFO - Processing /home/airflow/.local/lib/python3.12/site-packages/airflow/example_dags/example_python_operator.py took 0.039 seconds
[2024-10-26T07:09:27.739+0000] {processor.py:186} INFO - Started process (PID=77814) to work on /home/airflow/.local/lib/python3.12/site-packages/airflow/example_dags/example_python_operator.py
[2024-10-26T07:09:27.740+0000] {processor.py:914} INFO - Processing file /home/airflow/.local/lib/python3.12/site-packages/airflow/example_dags/example_python_operator.py for tasks to queue
[2024-10-26T07:09:27.740+0000] {logging_mixin.py:190} INFO - [2024-10-26T07:09:27.740+0000] {dagbag.py:588} INFO - Filling up the DagBag from /home/airflow/.local/lib/python3.12/site-packages/airflow/example_dags/example_python_operator.py
[2024-10-26T07:09:27.760+0000] {processor.py:925} INFO - DAG(s) 'example_python_operator' retrieved from /home/airflow/.local/lib/python3.12/site-packages/airflow/example_dags/example_python_operator.py
[2024-10-26T07:09:27.771+0000] {logging_mixin.py:190} INFO - [2024-10-26T07:09:27.771+0000] {dag.py:3239} INFO - Sync 1 DAGs
[2024-10-26T07:09:27.778+0000] {logging_mixin.py:190} INFO - [2024-10-26T07:09:27.778+0000] {dag.py:4180} INFO - Setting next_dagrun for example_python_operator to None, run_after=None
[2024-10-26T07:09:27.786+0000] {processor.py:208} INFO - Processing /home/airflow/.local/lib/python3.12/site-packages/airflow/example_dags/example_python_operator.py took 0.051 seconds
[2024-10-26T07:09:58.012+0000] {processor.py:186} INFO - Started process (PID=78103) to work on /home/airflow/.local/lib/python3.12/site-packages/airflow/example_dags/example_python_operator.py
[2024-10-26T07:09:58.013+0000] {processor.py:914} INFO - Processing file /home/airflow/.local/lib/python3.12/site-packages/airflow/example_dags/example_python_operator.py for tasks to queue
[2024-10-26T07:09:58.013+0000] {logging_mixin.py:190} INFO - [2024-10-26T07:09:58.013+0000] {dagbag.py:588} INFO - Filling up the DagBag from /home/airflow/.local/lib/python3.12/site-packages/airflow/example_dags/example_python_operator.py
[2024-10-26T07:09:58.021+0000] {processor.py:925} INFO - DAG(s) 'example_python_operator' retrieved from /home/airflow/.local/lib/python3.12/site-packages/airflow/example_dags/example_python_operator.py
[2024-10-26T07:09:58.034+0000] {logging_mixin.py:190} INFO - [2024-10-26T07:09:58.033+0000] {dag.py:3239} INFO - Sync 1 DAGs
[2024-10-26T07:09:58.041+0000] {logging_mixin.py:190} INFO - [2024-10-26T07:09:58.041+0000] {dag.py:4180} INFO - Setting next_dagrun for example_python_operator to None, run_after=None
[2024-10-26T07:09:58.050+0000] {processor.py:208} INFO - Processing /home/airflow/.local/lib/python3.12/site-packages/airflow/example_dags/example_python_operator.py took 0.044 seconds
[2024-10-26T07:10:29.379+0000] {processor.py:186} INFO - Started process (PID=78396) to work on /home/airflow/.local/lib/python3.12/site-packages/airflow/example_dags/example_python_operator.py
[2024-10-26T07:10:29.381+0000] {processor.py:914} INFO - Processing file /home/airflow/.local/lib/python3.12/site-packages/airflow/example_dags/example_python_operator.py for tasks to queue
[2024-10-26T07:10:29.386+0000] {logging_mixin.py:190} INFO - [2024-10-26T07:10:29.384+0000] {dagbag.py:588} INFO - Filling up the DagBag from /home/airflow/.local/lib/python3.12/site-packages/airflow/example_dags/example_python_operator.py
[2024-10-26T07:10:29.395+0000] {processor.py:925} INFO - DAG(s) 'example_python_operator' retrieved from /home/airflow/.local/lib/python3.12/site-packages/airflow/example_dags/example_python_operator.py
[2024-10-26T07:10:29.408+0000] {logging_mixin.py:190} INFO - [2024-10-26T07:10:29.408+0000] {dag.py:3239} INFO - Sync 1 DAGs
[2024-10-26T07:10:29.417+0000] {logging_mixin.py:190} INFO - [2024-10-26T07:10:29.417+0000] {dag.py:4180} INFO - Setting next_dagrun for example_python_operator to None, run_after=None
[2024-10-26T07:10:29.428+0000] {processor.py:208} INFO - Processing /home/airflow/.local/lib/python3.12/site-packages/airflow/example_dags/example_python_operator.py took 0.079 seconds
[2024-10-26T07:10:59.964+0000] {processor.py:186} INFO - Started process (PID=78687) to work on /home/airflow/.local/lib/python3.12/site-packages/airflow/example_dags/example_python_operator.py
[2024-10-26T07:10:59.964+0000] {processor.py:914} INFO - Processing file /home/airflow/.local/lib/python3.12/site-packages/airflow/example_dags/example_python_operator.py for tasks to queue
[2024-10-26T07:10:59.965+0000] {logging_mixin.py:190} INFO - [2024-10-26T07:10:59.965+0000] {dagbag.py:588} INFO - Filling up the DagBag from /home/airflow/.local/lib/python3.12/site-packages/airflow/example_dags/example_python_operator.py
[2024-10-26T07:10:59.978+0000] {processor.py:925} INFO - DAG(s) 'example_python_operator' retrieved from /home/airflow/.local/lib/python3.12/site-packages/airflow/example_dags/example_python_operator.py
[2024-10-26T07:10:59.989+0000] {logging_mixin.py:190} INFO - [2024-10-26T07:10:59.989+0000] {dag.py:3239} INFO - Sync 1 DAGs
[2024-10-26T07:10:59.996+0000] {logging_mixin.py:190} INFO - [2024-10-26T07:10:59.996+0000] {dag.py:4180} INFO - Setting next_dagrun for example_python_operator to None, run_after=None
[2024-10-26T07:11:00.008+0000] {processor.py:208} INFO - Processing /home/airflow/.local/lib/python3.12/site-packages/airflow/example_dags/example_python_operator.py took 0.047 seconds
[2024-10-26T07:11:31.174+0000] {processor.py:186} INFO - Started process (PID=78981) to work on /home/airflow/.local/lib/python3.12/site-packages/airflow/example_dags/example_python_operator.py
[2024-10-26T07:11:31.174+0000] {processor.py:914} INFO - Processing file /home/airflow/.local/lib/python3.12/site-packages/airflow/example_dags/example_python_operator.py for tasks to queue
[2024-10-26T07:11:31.176+0000] {logging_mixin.py:190} INFO - [2024-10-26T07:11:31.176+0000] {dagbag.py:588} INFO - Filling up the DagBag from /home/airflow/.local/lib/python3.12/site-packages/airflow/example_dags/example_python_operator.py
[2024-10-26T07:11:31.184+0000] {processor.py:925} INFO - DAG(s) 'example_python_operator' retrieved from /home/airflow/.local/lib/python3.12/site-packages/airflow/example_dags/example_python_operator.py
[2024-10-26T07:11:31.204+0000] {logging_mixin.py:190} INFO - [2024-10-26T07:11:31.204+0000] {dag.py:3239} INFO - Sync 1 DAGs
[2024-10-26T07:11:31.214+0000] {logging_mixin.py:190} INFO - [2024-10-26T07:11:31.214+0000] {dag.py:4180} INFO - Setting next_dagrun for example_python_operator to None, run_after=None
[2024-10-26T07:11:31.228+0000] {processor.py:208} INFO - Processing /home/airflow/.local/lib/python3.12/site-packages/airflow/example_dags/example_python_operator.py took 0.058 seconds
[2024-10-26T07:12:02.049+0000] {processor.py:186} INFO - Started process (PID=79274) to work on /home/airflow/.local/lib/python3.12/site-packages/airflow/example_dags/example_python_operator.py
[2024-10-26T07:12:02.050+0000] {processor.py:914} INFO - Processing file /home/airflow/.local/lib/python3.12/site-packages/airflow/example_dags/example_python_operator.py for tasks to queue
[2024-10-26T07:12:02.051+0000] {logging_mixin.py:190} INFO - [2024-10-26T07:12:02.051+0000] {dagbag.py:588} INFO - Filling up the DagBag from /home/airflow/.local/lib/python3.12/site-packages/airflow/example_dags/example_python_operator.py
[2024-10-26T07:12:02.064+0000] {processor.py:925} INFO - DAG(s) 'example_python_operator' retrieved from /home/airflow/.local/lib/python3.12/site-packages/airflow/example_dags/example_python_operator.py
[2024-10-26T07:12:02.076+0000] {logging_mixin.py:190} INFO - [2024-10-26T07:12:02.075+0000] {dag.py:3239} INFO - Sync 1 DAGs
[2024-10-26T07:12:02.088+0000] {logging_mixin.py:190} INFO - [2024-10-26T07:12:02.088+0000] {dag.py:4180} INFO - Setting next_dagrun for example_python_operator to None, run_after=None
[2024-10-26T07:12:02.100+0000] {processor.py:208} INFO - Processing /home/airflow/.local/lib/python3.12/site-packages/airflow/example_dags/example_python_operator.py took 0.053 seconds
[2024-10-26T07:12:32.299+0000] {processor.py:186} INFO - Started process (PID=79563) to work on /home/airflow/.local/lib/python3.12/site-packages/airflow/example_dags/example_python_operator.py
[2024-10-26T07:12:32.300+0000] {processor.py:914} INFO - Processing file /home/airflow/.local/lib/python3.12/site-packages/airflow/example_dags/example_python_operator.py for tasks to queue
[2024-10-26T07:12:32.301+0000] {logging_mixin.py:190} INFO - [2024-10-26T07:12:32.301+0000] {dagbag.py:588} INFO - Filling up the DagBag from /home/airflow/.local/lib/python3.12/site-packages/airflow/example_dags/example_python_operator.py
[2024-10-26T07:12:32.318+0000] {processor.py:925} INFO - DAG(s) 'example_python_operator' retrieved from /home/airflow/.local/lib/python3.12/site-packages/airflow/example_dags/example_python_operator.py
[2024-10-26T07:12:32.343+0000] {logging_mixin.py:190} INFO - [2024-10-26T07:12:32.343+0000] {dag.py:3239} INFO - Sync 1 DAGs
[2024-10-26T07:12:32.351+0000] {logging_mixin.py:190} INFO - [2024-10-26T07:12:32.350+0000] {dag.py:4180} INFO - Setting next_dagrun for example_python_operator to None, run_after=None
[2024-10-26T07:12:32.367+0000] {processor.py:208} INFO - Processing /home/airflow/.local/lib/python3.12/site-packages/airflow/example_dags/example_python_operator.py took 0.072 seconds
[2024-10-26T07:13:03.157+0000] {processor.py:186} INFO - Started process (PID=79856) to work on /home/airflow/.local/lib/python3.12/site-packages/airflow/example_dags/example_python_operator.py
[2024-10-26T07:13:03.158+0000] {processor.py:914} INFO - Processing file /home/airflow/.local/lib/python3.12/site-packages/airflow/example_dags/example_python_operator.py for tasks to queue
[2024-10-26T07:13:03.158+0000] {logging_mixin.py:190} INFO - [2024-10-26T07:13:03.158+0000] {dagbag.py:588} INFO - Filling up the DagBag from /home/airflow/.local/lib/python3.12/site-packages/airflow/example_dags/example_python_operator.py
[2024-10-26T07:13:03.177+0000] {processor.py:925} INFO - DAG(s) 'example_python_operator' retrieved from /home/airflow/.local/lib/python3.12/site-packages/airflow/example_dags/example_python_operator.py
[2024-10-26T07:13:03.194+0000] {logging_mixin.py:190} INFO - [2024-10-26T07:13:03.194+0000] {dag.py:3239} INFO - Sync 1 DAGs
[2024-10-26T07:13:03.205+0000] {logging_mixin.py:190} INFO - [2024-10-26T07:13:03.204+0000] {dag.py:4180} INFO - Setting next_dagrun for example_python_operator to None, run_after=None
[2024-10-26T07:13:03.223+0000] {processor.py:208} INFO - Processing /home/airflow/.local/lib/python3.12/site-packages/airflow/example_dags/example_python_operator.py took 0.070 seconds
[2024-10-26T07:13:34.405+0000] {processor.py:186} INFO - Started process (PID=80152) to work on /home/airflow/.local/lib/python3.12/site-packages/airflow/example_dags/example_python_operator.py
[2024-10-26T07:13:34.405+0000] {processor.py:914} INFO - Processing file /home/airflow/.local/lib/python3.12/site-packages/airflow/example_dags/example_python_operator.py for tasks to queue
[2024-10-26T07:13:34.406+0000] {logging_mixin.py:190} INFO - [2024-10-26T07:13:34.406+0000] {dagbag.py:588} INFO - Filling up the DagBag from /home/airflow/.local/lib/python3.12/site-packages/airflow/example_dags/example_python_operator.py
[2024-10-26T07:13:34.412+0000] {processor.py:925} INFO - DAG(s) 'example_python_operator' retrieved from /home/airflow/.local/lib/python3.12/site-packages/airflow/example_dags/example_python_operator.py
[2024-10-26T07:13:34.430+0000] {logging_mixin.py:190} INFO - [2024-10-26T07:13:34.430+0000] {dag.py:3239} INFO - Sync 1 DAGs
[2024-10-26T07:13:34.442+0000] {logging_mixin.py:190} INFO - [2024-10-26T07:13:34.441+0000] {dag.py:4180} INFO - Setting next_dagrun for example_python_operator to None, run_after=None
[2024-10-26T07:13:34.456+0000] {processor.py:208} INFO - Processing /home/airflow/.local/lib/python3.12/site-packages/airflow/example_dags/example_python_operator.py took 0.054 seconds
[2024-10-26T07:14:04.913+0000] {processor.py:186} INFO - Started process (PID=80446) to work on /home/airflow/.local/lib/python3.12/site-packages/airflow/example_dags/example_python_operator.py
[2024-10-26T07:14:04.914+0000] {processor.py:914} INFO - Processing file /home/airflow/.local/lib/python3.12/site-packages/airflow/example_dags/example_python_operator.py for tasks to queue
[2024-10-26T07:14:04.915+0000] {logging_mixin.py:190} INFO - [2024-10-26T07:14:04.915+0000] {dagbag.py:588} INFO - Filling up the DagBag from /home/airflow/.local/lib/python3.12/site-packages/airflow/example_dags/example_python_operator.py
[2024-10-26T07:14:04.925+0000] {processor.py:925} INFO - DAG(s) 'example_python_operator' retrieved from /home/airflow/.local/lib/python3.12/site-packages/airflow/example_dags/example_python_operator.py
[2024-10-26T07:14:04.940+0000] {logging_mixin.py:190} INFO - [2024-10-26T07:14:04.940+0000] {dag.py:3239} INFO - Sync 1 DAGs
[2024-10-26T07:14:05.054+0000] {logging_mixin.py:190} INFO - [2024-10-26T07:14:05.054+0000] {dag.py:4180} INFO - Setting next_dagrun for example_python_operator to None, run_after=None
[2024-10-26T07:14:05.073+0000] {processor.py:208} INFO - Processing /home/airflow/.local/lib/python3.12/site-packages/airflow/example_dags/example_python_operator.py took 0.166 seconds
[2024-10-26T07:14:35.919+0000] {processor.py:186} INFO - Started process (PID=80739) to work on /home/airflow/.local/lib/python3.12/site-packages/airflow/example_dags/example_python_operator.py
[2024-10-26T07:14:35.920+0000] {processor.py:914} INFO - Processing file /home/airflow/.local/lib/python3.12/site-packages/airflow/example_dags/example_python_operator.py for tasks to queue
[2024-10-26T07:14:35.920+0000] {logging_mixin.py:190} INFO - [2024-10-26T07:14:35.920+0000] {dagbag.py:588} INFO - Filling up the DagBag from /home/airflow/.local/lib/python3.12/site-packages/airflow/example_dags/example_python_operator.py
[2024-10-26T07:14:35.927+0000] {processor.py:925} INFO - DAG(s) 'example_python_operator' retrieved from /home/airflow/.local/lib/python3.12/site-packages/airflow/example_dags/example_python_operator.py
[2024-10-26T07:14:35.941+0000] {logging_mixin.py:190} INFO - [2024-10-26T07:14:35.940+0000] {dag.py:3239} INFO - Sync 1 DAGs
[2024-10-26T07:14:35.949+0000] {logging_mixin.py:190} INFO - [2024-10-26T07:14:35.949+0000] {dag.py:4180} INFO - Setting next_dagrun for example_python_operator to None, run_after=None
[2024-10-26T07:14:35.962+0000] {processor.py:208} INFO - Processing /home/airflow/.local/lib/python3.12/site-packages/airflow/example_dags/example_python_operator.py took 0.048 seconds
[2024-10-26T07:15:06.233+0000] {processor.py:186} INFO - Started process (PID=81030) to work on /home/airflow/.local/lib/python3.12/site-packages/airflow/example_dags/example_python_operator.py
[2024-10-26T07:15:06.234+0000] {processor.py:914} INFO - Processing file /home/airflow/.local/lib/python3.12/site-packages/airflow/example_dags/example_python_operator.py for tasks to queue
[2024-10-26T07:15:06.236+0000] {logging_mixin.py:190} INFO - [2024-10-26T07:15:06.235+0000] {dagbag.py:588} INFO - Filling up the DagBag from /home/airflow/.local/lib/python3.12/site-packages/airflow/example_dags/example_python_operator.py
[2024-10-26T07:15:06.244+0000] {processor.py:925} INFO - DAG(s) 'example_python_operator' retrieved from /home/airflow/.local/lib/python3.12/site-packages/airflow/example_dags/example_python_operator.py
[2024-10-26T07:15:06.266+0000] {logging_mixin.py:190} INFO - [2024-10-26T07:15:06.266+0000] {dag.py:3239} INFO - Sync 1 DAGs
[2024-10-26T07:15:06.274+0000] {logging_mixin.py:190} INFO - [2024-10-26T07:15:06.274+0000] {dag.py:4180} INFO - Setting next_dagrun for example_python_operator to None, run_after=None
[2024-10-26T07:15:06.284+0000] {processor.py:208} INFO - Processing /home/airflow/.local/lib/python3.12/site-packages/airflow/example_dags/example_python_operator.py took 0.057 seconds
[2024-10-26T07:15:36.534+0000] {processor.py:186} INFO - Started process (PID=81319) to work on /home/airflow/.local/lib/python3.12/site-packages/airflow/example_dags/example_python_operator.py
[2024-10-26T07:15:36.535+0000] {processor.py:914} INFO - Processing file /home/airflow/.local/lib/python3.12/site-packages/airflow/example_dags/example_python_operator.py for tasks to queue
[2024-10-26T07:15:36.535+0000] {logging_mixin.py:190} INFO - [2024-10-26T07:15:36.535+0000] {dagbag.py:588} INFO - Filling up the DagBag from /home/airflow/.local/lib/python3.12/site-packages/airflow/example_dags/example_python_operator.py
[2024-10-26T07:15:36.549+0000] {processor.py:925} INFO - DAG(s) 'example_python_operator' retrieved from /home/airflow/.local/lib/python3.12/site-packages/airflow/example_dags/example_python_operator.py
[2024-10-26T07:15:36.560+0000] {logging_mixin.py:190} INFO - [2024-10-26T07:15:36.560+0000] {dag.py:3239} INFO - Sync 1 DAGs
[2024-10-26T07:15:36.568+0000] {logging_mixin.py:190} INFO - [2024-10-26T07:15:36.568+0000] {dag.py:4180} INFO - Setting next_dagrun for example_python_operator to None, run_after=None
[2024-10-26T07:15:36.578+0000] {processor.py:208} INFO - Processing /home/airflow/.local/lib/python3.12/site-packages/airflow/example_dags/example_python_operator.py took 0.048 seconds
[2024-10-26T07:16:07.594+0000] {processor.py:186} INFO - Started process (PID=81612) to work on /home/airflow/.local/lib/python3.12/site-packages/airflow/example_dags/example_python_operator.py
[2024-10-26T07:16:07.595+0000] {processor.py:914} INFO - Processing file /home/airflow/.local/lib/python3.12/site-packages/airflow/example_dags/example_python_operator.py for tasks to queue
[2024-10-26T07:16:07.595+0000] {logging_mixin.py:190} INFO - [2024-10-26T07:16:07.595+0000] {dagbag.py:588} INFO - Filling up the DagBag from /home/airflow/.local/lib/python3.12/site-packages/airflow/example_dags/example_python_operator.py
[2024-10-26T07:16:07.603+0000] {processor.py:925} INFO - DAG(s) 'example_python_operator' retrieved from /home/airflow/.local/lib/python3.12/site-packages/airflow/example_dags/example_python_operator.py
[2024-10-26T07:16:07.621+0000] {logging_mixin.py:190} INFO - [2024-10-26T07:16:07.621+0000] {dag.py:3239} INFO - Sync 1 DAGs
[2024-10-26T07:16:07.628+0000] {logging_mixin.py:190} INFO - [2024-10-26T07:16:07.628+0000] {dag.py:4180} INFO - Setting next_dagrun for example_python_operator to None, run_after=None
[2024-10-26T07:16:07.637+0000] {processor.py:208} INFO - Processing /home/airflow/.local/lib/python3.12/site-packages/airflow/example_dags/example_python_operator.py took 0.046 seconds
[2024-10-26T07:16:38.185+0000] {processor.py:186} INFO - Started process (PID=81901) to work on /home/airflow/.local/lib/python3.12/site-packages/airflow/example_dags/example_python_operator.py
[2024-10-26T07:16:38.186+0000] {processor.py:914} INFO - Processing file /home/airflow/.local/lib/python3.12/site-packages/airflow/example_dags/example_python_operator.py for tasks to queue
[2024-10-26T07:16:38.187+0000] {logging_mixin.py:190} INFO - [2024-10-26T07:16:38.187+0000] {dagbag.py:588} INFO - Filling up the DagBag from /home/airflow/.local/lib/python3.12/site-packages/airflow/example_dags/example_python_operator.py
[2024-10-26T07:16:38.198+0000] {processor.py:925} INFO - DAG(s) 'example_python_operator' retrieved from /home/airflow/.local/lib/python3.12/site-packages/airflow/example_dags/example_python_operator.py
[2024-10-26T07:16:38.211+0000] {logging_mixin.py:190} INFO - [2024-10-26T07:16:38.211+0000] {dag.py:3239} INFO - Sync 1 DAGs
[2024-10-26T07:16:38.219+0000] {logging_mixin.py:190} INFO - [2024-10-26T07:16:38.219+0000] {dag.py:4180} INFO - Setting next_dagrun for example_python_operator to None, run_after=None
[2024-10-26T07:16:38.230+0000] {processor.py:208} INFO - Processing /home/airflow/.local/lib/python3.12/site-packages/airflow/example_dags/example_python_operator.py took 0.048 seconds
[2024-10-26T07:17:08.895+0000] {processor.py:186} INFO - Started process (PID=82193) to work on /home/airflow/.local/lib/python3.12/site-packages/airflow/example_dags/example_python_operator.py
[2024-10-26T07:17:08.895+0000] {processor.py:914} INFO - Processing file /home/airflow/.local/lib/python3.12/site-packages/airflow/example_dags/example_python_operator.py for tasks to queue
[2024-10-26T07:17:08.896+0000] {logging_mixin.py:190} INFO - [2024-10-26T07:17:08.896+0000] {dagbag.py:588} INFO - Filling up the DagBag from /home/airflow/.local/lib/python3.12/site-packages/airflow/example_dags/example_python_operator.py
[2024-10-26T07:17:08.903+0000] {processor.py:925} INFO - DAG(s) 'example_python_operator' retrieved from /home/airflow/.local/lib/python3.12/site-packages/airflow/example_dags/example_python_operator.py
[2024-10-26T07:17:08.914+0000] {logging_mixin.py:190} INFO - [2024-10-26T07:17:08.914+0000] {dag.py:3239} INFO - Sync 1 DAGs
[2024-10-26T07:17:08.921+0000] {logging_mixin.py:190} INFO - [2024-10-26T07:17:08.920+0000] {dag.py:4180} INFO - Setting next_dagrun for example_python_operator to None, run_after=None
[2024-10-26T07:17:08.928+0000] {processor.py:208} INFO - Processing /home/airflow/.local/lib/python3.12/site-packages/airflow/example_dags/example_python_operator.py took 0.037 seconds
[2024-10-26T07:17:39.838+0000] {processor.py:186} INFO - Started process (PID=82484) to work on /home/airflow/.local/lib/python3.12/site-packages/airflow/example_dags/example_python_operator.py
[2024-10-26T07:17:39.838+0000] {processor.py:914} INFO - Processing file /home/airflow/.local/lib/python3.12/site-packages/airflow/example_dags/example_python_operator.py for tasks to queue
[2024-10-26T07:17:39.839+0000] {logging_mixin.py:190} INFO - [2024-10-26T07:17:39.839+0000] {dagbag.py:588} INFO - Filling up the DagBag from /home/airflow/.local/lib/python3.12/site-packages/airflow/example_dags/example_python_operator.py
[2024-10-26T07:17:39.846+0000] {processor.py:925} INFO - DAG(s) 'example_python_operator' retrieved from /home/airflow/.local/lib/python3.12/site-packages/airflow/example_dags/example_python_operator.py
[2024-10-26T07:17:39.856+0000] {logging_mixin.py:190} INFO - [2024-10-26T07:17:39.856+0000] {dag.py:3239} INFO - Sync 1 DAGs
[2024-10-26T07:17:39.863+0000] {logging_mixin.py:190} INFO - [2024-10-26T07:17:39.863+0000] {dag.py:4180} INFO - Setting next_dagrun for example_python_operator to None, run_after=None
[2024-10-26T07:17:39.870+0000] {processor.py:208} INFO - Processing /home/airflow/.local/lib/python3.12/site-packages/airflow/example_dags/example_python_operator.py took 0.035 seconds
[2024-10-26T07:18:11.005+0000] {processor.py:186} INFO - Started process (PID=82774) to work on /home/airflow/.local/lib/python3.12/site-packages/airflow/example_dags/example_python_operator.py
[2024-10-26T07:18:11.006+0000] {processor.py:914} INFO - Processing file /home/airflow/.local/lib/python3.12/site-packages/airflow/example_dags/example_python_operator.py for tasks to queue
[2024-10-26T07:18:11.006+0000] {logging_mixin.py:190} INFO - [2024-10-26T07:18:11.006+0000] {dagbag.py:588} INFO - Filling up the DagBag from /home/airflow/.local/lib/python3.12/site-packages/airflow/example_dags/example_python_operator.py
[2024-10-26T07:18:11.014+0000] {processor.py:925} INFO - DAG(s) 'example_python_operator' retrieved from /home/airflow/.local/lib/python3.12/site-packages/airflow/example_dags/example_python_operator.py
[2024-10-26T07:18:11.027+0000] {logging_mixin.py:190} INFO - [2024-10-26T07:18:11.027+0000] {dag.py:3239} INFO - Sync 1 DAGs
[2024-10-26T07:18:11.038+0000] {logging_mixin.py:190} INFO - [2024-10-26T07:18:11.037+0000] {dag.py:4180} INFO - Setting next_dagrun for example_python_operator to None, run_after=None
[2024-10-26T07:18:11.054+0000] {processor.py:208} INFO - Processing /home/airflow/.local/lib/python3.12/site-packages/airflow/example_dags/example_python_operator.py took 0.052 seconds
[2024-10-26T07:18:41.296+0000] {processor.py:186} INFO - Started process (PID=83064) to work on /home/airflow/.local/lib/python3.12/site-packages/airflow/example_dags/example_python_operator.py
[2024-10-26T07:18:41.297+0000] {processor.py:914} INFO - Processing file /home/airflow/.local/lib/python3.12/site-packages/airflow/example_dags/example_python_operator.py for tasks to queue
[2024-10-26T07:18:41.298+0000] {logging_mixin.py:190} INFO - [2024-10-26T07:18:41.297+0000] {dagbag.py:588} INFO - Filling up the DagBag from /home/airflow/.local/lib/python3.12/site-packages/airflow/example_dags/example_python_operator.py
[2024-10-26T07:18:41.307+0000] {processor.py:925} INFO - DAG(s) 'example_python_operator' retrieved from /home/airflow/.local/lib/python3.12/site-packages/airflow/example_dags/example_python_operator.py
[2024-10-26T07:18:41.321+0000] {logging_mixin.py:190} INFO - [2024-10-26T07:18:41.321+0000] {dag.py:3239} INFO - Sync 1 DAGs
[2024-10-26T07:18:41.329+0000] {logging_mixin.py:190} INFO - [2024-10-26T07:18:41.328+0000] {dag.py:4180} INFO - Setting next_dagrun for example_python_operator to None, run_after=None
[2024-10-26T07:18:41.337+0000] {processor.py:208} INFO - Processing /home/airflow/.local/lib/python3.12/site-packages/airflow/example_dags/example_python_operator.py took 0.044 seconds
[2024-10-26T07:19:11.646+0000] {processor.py:186} INFO - Started process (PID=83356) to work on /home/airflow/.local/lib/python3.12/site-packages/airflow/example_dags/example_python_operator.py
[2024-10-26T07:19:11.647+0000] {processor.py:914} INFO - Processing file /home/airflow/.local/lib/python3.12/site-packages/airflow/example_dags/example_python_operator.py for tasks to queue
[2024-10-26T07:19:11.647+0000] {logging_mixin.py:190} INFO - [2024-10-26T07:19:11.647+0000] {dagbag.py:588} INFO - Filling up the DagBag from /home/airflow/.local/lib/python3.12/site-packages/airflow/example_dags/example_python_operator.py
[2024-10-26T07:19:11.656+0000] {processor.py:925} INFO - DAG(s) 'example_python_operator' retrieved from /home/airflow/.local/lib/python3.12/site-packages/airflow/example_dags/example_python_operator.py
[2024-10-26T07:19:11.669+0000] {logging_mixin.py:190} INFO - [2024-10-26T07:19:11.668+0000] {dag.py:3239} INFO - Sync 1 DAGs
[2024-10-26T07:19:11.679+0000] {logging_mixin.py:190} INFO - [2024-10-26T07:19:11.679+0000] {dag.py:4180} INFO - Setting next_dagrun for example_python_operator to None, run_after=None
[2024-10-26T07:19:11.693+0000] {processor.py:208} INFO - Processing /home/airflow/.local/lib/python3.12/site-packages/airflow/example_dags/example_python_operator.py took 0.051 seconds
[2024-10-26T07:19:42.695+0000] {processor.py:186} INFO - Started process (PID=83645) to work on /home/airflow/.local/lib/python3.12/site-packages/airflow/example_dags/example_python_operator.py
[2024-10-26T07:19:42.696+0000] {processor.py:914} INFO - Processing file /home/airflow/.local/lib/python3.12/site-packages/airflow/example_dags/example_python_operator.py for tasks to queue
[2024-10-26T07:19:42.696+0000] {logging_mixin.py:190} INFO - [2024-10-26T07:19:42.696+0000] {dagbag.py:588} INFO - Filling up the DagBag from /home/airflow/.local/lib/python3.12/site-packages/airflow/example_dags/example_python_operator.py
[2024-10-26T07:19:42.722+0000] {processor.py:925} INFO - DAG(s) 'example_python_operator' retrieved from /home/airflow/.local/lib/python3.12/site-packages/airflow/example_dags/example_python_operator.py
[2024-10-26T07:19:42.742+0000] {logging_mixin.py:190} INFO - [2024-10-26T07:19:42.741+0000] {dag.py:3239} INFO - Sync 1 DAGs
[2024-10-26T07:19:42.752+0000] {logging_mixin.py:190} INFO - [2024-10-26T07:19:42.752+0000] {dag.py:4180} INFO - Setting next_dagrun for example_python_operator to None, run_after=None
[2024-10-26T07:19:42.767+0000] {processor.py:208} INFO - Processing /home/airflow/.local/lib/python3.12/site-packages/airflow/example_dags/example_python_operator.py took 0.076 seconds
[2024-10-26T07:20:13.652+0000] {processor.py:186} INFO - Started process (PID=83936) to work on /home/airflow/.local/lib/python3.12/site-packages/airflow/example_dags/example_python_operator.py
[2024-10-26T07:20:13.653+0000] {processor.py:914} INFO - Processing file /home/airflow/.local/lib/python3.12/site-packages/airflow/example_dags/example_python_operator.py for tasks to queue
[2024-10-26T07:20:13.654+0000] {logging_mixin.py:190} INFO - [2024-10-26T07:20:13.653+0000] {dagbag.py:588} INFO - Filling up the DagBag from /home/airflow/.local/lib/python3.12/site-packages/airflow/example_dags/example_python_operator.py
[2024-10-26T07:20:13.674+0000] {processor.py:925} INFO - DAG(s) 'example_python_operator' retrieved from /home/airflow/.local/lib/python3.12/site-packages/airflow/example_dags/example_python_operator.py
[2024-10-26T07:20:13.689+0000] {logging_mixin.py:190} INFO - [2024-10-26T07:20:13.689+0000] {dag.py:3239} INFO - Sync 1 DAGs
[2024-10-26T07:20:13.698+0000] {logging_mixin.py:190} INFO - [2024-10-26T07:20:13.698+0000] {dag.py:4180} INFO - Setting next_dagrun for example_python_operator to None, run_after=None
[2024-10-26T07:20:13.709+0000] {processor.py:208} INFO - Processing /home/airflow/.local/lib/python3.12/site-packages/airflow/example_dags/example_python_operator.py took 0.061 seconds
[2024-10-26T07:20:43.863+0000] {processor.py:186} INFO - Started process (PID=84227) to work on /home/airflow/.local/lib/python3.12/site-packages/airflow/example_dags/example_python_operator.py
[2024-10-26T07:20:43.864+0000] {processor.py:914} INFO - Processing file /home/airflow/.local/lib/python3.12/site-packages/airflow/example_dags/example_python_operator.py for tasks to queue
[2024-10-26T07:20:43.866+0000] {logging_mixin.py:190} INFO - [2024-10-26T07:20:43.866+0000] {dagbag.py:588} INFO - Filling up the DagBag from /home/airflow/.local/lib/python3.12/site-packages/airflow/example_dags/example_python_operator.py
[2024-10-26T07:20:43.874+0000] {processor.py:925} INFO - DAG(s) 'example_python_operator' retrieved from /home/airflow/.local/lib/python3.12/site-packages/airflow/example_dags/example_python_operator.py
[2024-10-26T07:20:43.888+0000] {logging_mixin.py:190} INFO - [2024-10-26T07:20:43.888+0000] {dag.py:3239} INFO - Sync 1 DAGs
[2024-10-26T07:20:43.897+0000] {logging_mixin.py:190} INFO - [2024-10-26T07:20:43.897+0000] {dag.py:4180} INFO - Setting next_dagrun for example_python_operator to None, run_after=None
[2024-10-26T07:20:43.912+0000] {processor.py:208} INFO - Processing /home/airflow/.local/lib/python3.12/site-packages/airflow/example_dags/example_python_operator.py took 0.051 seconds
[2024-10-26T07:21:14.692+0000] {processor.py:186} INFO - Started process (PID=84518) to work on /home/airflow/.local/lib/python3.12/site-packages/airflow/example_dags/example_python_operator.py
[2024-10-26T07:21:14.692+0000] {processor.py:914} INFO - Processing file /home/airflow/.local/lib/python3.12/site-packages/airflow/example_dags/example_python_operator.py for tasks to queue
[2024-10-26T07:21:14.694+0000] {logging_mixin.py:190} INFO - [2024-10-26T07:21:14.693+0000] {dagbag.py:588} INFO - Filling up the DagBag from /home/airflow/.local/lib/python3.12/site-packages/airflow/example_dags/example_python_operator.py
[2024-10-26T07:21:14.701+0000] {processor.py:925} INFO - DAG(s) 'example_python_operator' retrieved from /home/airflow/.local/lib/python3.12/site-packages/airflow/example_dags/example_python_operator.py
[2024-10-26T07:21:14.713+0000] {logging_mixin.py:190} INFO - [2024-10-26T07:21:14.712+0000] {dag.py:3239} INFO - Sync 1 DAGs
[2024-10-26T07:21:14.720+0000] {logging_mixin.py:190} INFO - [2024-10-26T07:21:14.720+0000] {dag.py:4180} INFO - Setting next_dagrun for example_python_operator to None, run_after=None
[2024-10-26T07:21:14.728+0000] {processor.py:208} INFO - Processing /home/airflow/.local/lib/python3.12/site-packages/airflow/example_dags/example_python_operator.py took 0.040 seconds
[2024-10-26T07:21:45.372+0000] {processor.py:186} INFO - Started process (PID=84809) to work on /home/airflow/.local/lib/python3.12/site-packages/airflow/example_dags/example_python_operator.py
[2024-10-26T07:21:45.376+0000] {processor.py:914} INFO - Processing file /home/airflow/.local/lib/python3.12/site-packages/airflow/example_dags/example_python_operator.py for tasks to queue
[2024-10-26T07:21:45.377+0000] {logging_mixin.py:190} INFO - [2024-10-26T07:21:45.377+0000] {dagbag.py:588} INFO - Filling up the DagBag from /home/airflow/.local/lib/python3.12/site-packages/airflow/example_dags/example_python_operator.py
[2024-10-26T07:21:45.387+0000] {processor.py:925} INFO - DAG(s) 'example_python_operator' retrieved from /home/airflow/.local/lib/python3.12/site-packages/airflow/example_dags/example_python_operator.py
[2024-10-26T07:21:45.405+0000] {logging_mixin.py:190} INFO - [2024-10-26T07:21:45.404+0000] {dag.py:3239} INFO - Sync 1 DAGs
[2024-10-26T07:21:45.413+0000] {logging_mixin.py:190} INFO - [2024-10-26T07:21:45.413+0000] {dag.py:4180} INFO - Setting next_dagrun for example_python_operator to None, run_after=None
[2024-10-26T07:21:45.422+0000] {processor.py:208} INFO - Processing /home/airflow/.local/lib/python3.12/site-packages/airflow/example_dags/example_python_operator.py took 0.054 seconds
[2024-10-26T07:22:16.356+0000] {processor.py:186} INFO - Started process (PID=85100) to work on /home/airflow/.local/lib/python3.12/site-packages/airflow/example_dags/example_python_operator.py
[2024-10-26T07:22:16.357+0000] {processor.py:914} INFO - Processing file /home/airflow/.local/lib/python3.12/site-packages/airflow/example_dags/example_python_operator.py for tasks to queue
[2024-10-26T07:22:16.358+0000] {logging_mixin.py:190} INFO - [2024-10-26T07:22:16.358+0000] {dagbag.py:588} INFO - Filling up the DagBag from /home/airflow/.local/lib/python3.12/site-packages/airflow/example_dags/example_python_operator.py
[2024-10-26T07:22:16.367+0000] {processor.py:925} INFO - DAG(s) 'example_python_operator' retrieved from /home/airflow/.local/lib/python3.12/site-packages/airflow/example_dags/example_python_operator.py
[2024-10-26T07:22:16.379+0000] {logging_mixin.py:190} INFO - [2024-10-26T07:22:16.379+0000] {dag.py:3239} INFO - Sync 1 DAGs
[2024-10-26T07:22:16.386+0000] {logging_mixin.py:190} INFO - [2024-10-26T07:22:16.386+0000] {dag.py:4180} INFO - Setting next_dagrun for example_python_operator to None, run_after=None
[2024-10-26T07:22:16.397+0000] {processor.py:208} INFO - Processing /home/airflow/.local/lib/python3.12/site-packages/airflow/example_dags/example_python_operator.py took 0.044 seconds
[2024-10-26T07:22:47.207+0000] {processor.py:186} INFO - Started process (PID=85391) to work on /home/airflow/.local/lib/python3.12/site-packages/airflow/example_dags/example_python_operator.py
[2024-10-26T07:22:47.208+0000] {processor.py:914} INFO - Processing file /home/airflow/.local/lib/python3.12/site-packages/airflow/example_dags/example_python_operator.py for tasks to queue
[2024-10-26T07:22:47.210+0000] {logging_mixin.py:190} INFO - [2024-10-26T07:22:47.210+0000] {dagbag.py:588} INFO - Filling up the DagBag from /home/airflow/.local/lib/python3.12/site-packages/airflow/example_dags/example_python_operator.py
[2024-10-26T07:22:47.217+0000] {processor.py:925} INFO - DAG(s) 'example_python_operator' retrieved from /home/airflow/.local/lib/python3.12/site-packages/airflow/example_dags/example_python_operator.py
[2024-10-26T07:22:47.233+0000] {logging_mixin.py:190} INFO - [2024-10-26T07:22:47.232+0000] {dag.py:3239} INFO - Sync 1 DAGs
[2024-10-26T07:22:47.240+0000] {logging_mixin.py:190} INFO - [2024-10-26T07:22:47.240+0000] {dag.py:4180} INFO - Setting next_dagrun for example_python_operator to None, run_after=None
[2024-10-26T07:22:47.249+0000] {processor.py:208} INFO - Processing /home/airflow/.local/lib/python3.12/site-packages/airflow/example_dags/example_python_operator.py took 0.045 seconds
[2024-10-26T07:23:18.068+0000] {processor.py:186} INFO - Started process (PID=85682) to work on /home/airflow/.local/lib/python3.12/site-packages/airflow/example_dags/example_python_operator.py
[2024-10-26T07:23:18.069+0000] {processor.py:914} INFO - Processing file /home/airflow/.local/lib/python3.12/site-packages/airflow/example_dags/example_python_operator.py for tasks to queue
[2024-10-26T07:23:18.071+0000] {logging_mixin.py:190} INFO - [2024-10-26T07:23:18.070+0000] {dagbag.py:588} INFO - Filling up the DagBag from /home/airflow/.local/lib/python3.12/site-packages/airflow/example_dags/example_python_operator.py
[2024-10-26T07:23:18.079+0000] {processor.py:925} INFO - DAG(s) 'example_python_operator' retrieved from /home/airflow/.local/lib/python3.12/site-packages/airflow/example_dags/example_python_operator.py
[2024-10-26T07:23:18.090+0000] {logging_mixin.py:190} INFO - [2024-10-26T07:23:18.090+0000] {dag.py:3239} INFO - Sync 1 DAGs
[2024-10-26T07:23:18.103+0000] {logging_mixin.py:190} INFO - [2024-10-26T07:23:18.103+0000] {dag.py:4180} INFO - Setting next_dagrun for example_python_operator to None, run_after=None
[2024-10-26T07:23:18.115+0000] {processor.py:208} INFO - Processing /home/airflow/.local/lib/python3.12/site-packages/airflow/example_dags/example_python_operator.py took 0.050 seconds
[2024-10-26T07:23:48.839+0000] {processor.py:186} INFO - Started process (PID=85975) to work on /home/airflow/.local/lib/python3.12/site-packages/airflow/example_dags/example_python_operator.py
[2024-10-26T07:23:48.840+0000] {processor.py:914} INFO - Processing file /home/airflow/.local/lib/python3.12/site-packages/airflow/example_dags/example_python_operator.py for tasks to queue
[2024-10-26T07:23:48.841+0000] {logging_mixin.py:190} INFO - [2024-10-26T07:23:48.841+0000] {dagbag.py:588} INFO - Filling up the DagBag from /home/airflow/.local/lib/python3.12/site-packages/airflow/example_dags/example_python_operator.py
[2024-10-26T07:23:48.878+0000] {processor.py:925} INFO - DAG(s) 'example_python_operator' retrieved from /home/airflow/.local/lib/python3.12/site-packages/airflow/example_dags/example_python_operator.py
[2024-10-26T07:23:48.892+0000] {logging_mixin.py:190} INFO - [2024-10-26T07:23:48.892+0000] {dag.py:3239} INFO - Sync 1 DAGs
[2024-10-26T07:23:48.915+0000] {logging_mixin.py:190} INFO - [2024-10-26T07:23:48.915+0000] {dag.py:4180} INFO - Setting next_dagrun for example_python_operator to None, run_after=None
[2024-10-26T07:23:48.936+0000] {processor.py:208} INFO - Processing /home/airflow/.local/lib/python3.12/site-packages/airflow/example_dags/example_python_operator.py took 0.100 seconds
[2024-10-26T07:24:19.582+0000] {processor.py:186} INFO - Started process (PID=86264) to work on /home/airflow/.local/lib/python3.12/site-packages/airflow/example_dags/example_python_operator.py
[2024-10-26T07:24:19.586+0000] {processor.py:914} INFO - Processing file /home/airflow/.local/lib/python3.12/site-packages/airflow/example_dags/example_python_operator.py for tasks to queue
[2024-10-26T07:24:19.587+0000] {logging_mixin.py:190} INFO - [2024-10-26T07:24:19.586+0000] {dagbag.py:588} INFO - Filling up the DagBag from /home/airflow/.local/lib/python3.12/site-packages/airflow/example_dags/example_python_operator.py
[2024-10-26T07:24:19.598+0000] {processor.py:925} INFO - DAG(s) 'example_python_operator' retrieved from /home/airflow/.local/lib/python3.12/site-packages/airflow/example_dags/example_python_operator.py
[2024-10-26T07:24:19.611+0000] {logging_mixin.py:190} INFO - [2024-10-26T07:24:19.611+0000] {dag.py:3239} INFO - Sync 1 DAGs
[2024-10-26T07:24:19.619+0000] {logging_mixin.py:190} INFO - [2024-10-26T07:24:19.619+0000] {dag.py:4180} INFO - Setting next_dagrun for example_python_operator to None, run_after=None
[2024-10-26T07:24:19.629+0000] {processor.py:208} INFO - Processing /home/airflow/.local/lib/python3.12/site-packages/airflow/example_dags/example_python_operator.py took 0.051 seconds
[2024-10-26T07:24:49.840+0000] {processor.py:186} INFO - Started process (PID=86555) to work on /home/airflow/.local/lib/python3.12/site-packages/airflow/example_dags/example_python_operator.py
[2024-10-26T07:24:49.840+0000] {processor.py:914} INFO - Processing file /home/airflow/.local/lib/python3.12/site-packages/airflow/example_dags/example_python_operator.py for tasks to queue
[2024-10-26T07:24:49.841+0000] {logging_mixin.py:190} INFO - [2024-10-26T07:24:49.841+0000] {dagbag.py:588} INFO - Filling up the DagBag from /home/airflow/.local/lib/python3.12/site-packages/airflow/example_dags/example_python_operator.py
[2024-10-26T07:24:49.852+0000] {processor.py:925} INFO - DAG(s) 'example_python_operator' retrieved from /home/airflow/.local/lib/python3.12/site-packages/airflow/example_dags/example_python_operator.py
[2024-10-26T07:24:49.866+0000] {logging_mixin.py:190} INFO - [2024-10-26T07:24:49.866+0000] {dag.py:3239} INFO - Sync 1 DAGs
[2024-10-26T07:24:49.874+0000] {logging_mixin.py:190} INFO - [2024-10-26T07:24:49.874+0000] {dag.py:4180} INFO - Setting next_dagrun for example_python_operator to None, run_after=None
[2024-10-26T07:24:49.884+0000] {processor.py:208} INFO - Processing /home/airflow/.local/lib/python3.12/site-packages/airflow/example_dags/example_python_operator.py took 0.049 seconds
[2024-10-26T07:25:21.037+0000] {processor.py:186} INFO - Started process (PID=86846) to work on /home/airflow/.local/lib/python3.12/site-packages/airflow/example_dags/example_python_operator.py
[2024-10-26T07:25:21.038+0000] {processor.py:914} INFO - Processing file /home/airflow/.local/lib/python3.12/site-packages/airflow/example_dags/example_python_operator.py for tasks to queue
[2024-10-26T07:25:21.039+0000] {logging_mixin.py:190} INFO - [2024-10-26T07:25:21.039+0000] {dagbag.py:588} INFO - Filling up the DagBag from /home/airflow/.local/lib/python3.12/site-packages/airflow/example_dags/example_python_operator.py
[2024-10-26T07:25:21.047+0000] {processor.py:925} INFO - DAG(s) 'example_python_operator' retrieved from /home/airflow/.local/lib/python3.12/site-packages/airflow/example_dags/example_python_operator.py
[2024-10-26T07:25:21.064+0000] {logging_mixin.py:190} INFO - [2024-10-26T07:25:21.064+0000] {dag.py:3239} INFO - Sync 1 DAGs
[2024-10-26T07:25:21.072+0000] {logging_mixin.py:190} INFO - [2024-10-26T07:25:21.072+0000] {dag.py:4180} INFO - Setting next_dagrun for example_python_operator to None, run_after=None
[2024-10-26T07:25:21.084+0000] {processor.py:208} INFO - Processing /home/airflow/.local/lib/python3.12/site-packages/airflow/example_dags/example_python_operator.py took 0.050 seconds
[2024-10-26T07:25:51.331+0000] {processor.py:186} INFO - Started process (PID=87139) to work on /home/airflow/.local/lib/python3.12/site-packages/airflow/example_dags/example_python_operator.py
[2024-10-26T07:25:51.331+0000] {processor.py:914} INFO - Processing file /home/airflow/.local/lib/python3.12/site-packages/airflow/example_dags/example_python_operator.py for tasks to queue
[2024-10-26T07:25:51.332+0000] {logging_mixin.py:190} INFO - [2024-10-26T07:25:51.332+0000] {dagbag.py:588} INFO - Filling up the DagBag from /home/airflow/.local/lib/python3.12/site-packages/airflow/example_dags/example_python_operator.py
[2024-10-26T07:25:51.340+0000] {processor.py:925} INFO - DAG(s) 'example_python_operator' retrieved from /home/airflow/.local/lib/python3.12/site-packages/airflow/example_dags/example_python_operator.py
[2024-10-26T07:25:51.352+0000] {logging_mixin.py:190} INFO - [2024-10-26T07:25:51.352+0000] {dag.py:3239} INFO - Sync 1 DAGs
[2024-10-26T07:25:51.364+0000] {logging_mixin.py:190} INFO - [2024-10-26T07:25:51.364+0000] {dag.py:4180} INFO - Setting next_dagrun for example_python_operator to None, run_after=None
[2024-10-26T07:25:51.375+0000] {processor.py:208} INFO - Processing /home/airflow/.local/lib/python3.12/site-packages/airflow/example_dags/example_python_operator.py took 0.047 seconds
[2024-10-26T07:26:21.666+0000] {processor.py:186} INFO - Started process (PID=87428) to work on /home/airflow/.local/lib/python3.12/site-packages/airflow/example_dags/example_python_operator.py
[2024-10-26T07:26:21.666+0000] {processor.py:914} INFO - Processing file /home/airflow/.local/lib/python3.12/site-packages/airflow/example_dags/example_python_operator.py for tasks to queue
[2024-10-26T07:26:21.667+0000] {logging_mixin.py:190} INFO - [2024-10-26T07:26:21.667+0000] {dagbag.py:588} INFO - Filling up the DagBag from /home/airflow/.local/lib/python3.12/site-packages/airflow/example_dags/example_python_operator.py
[2024-10-26T07:26:21.677+0000] {processor.py:925} INFO - DAG(s) 'example_python_operator' retrieved from /home/airflow/.local/lib/python3.12/site-packages/airflow/example_dags/example_python_operator.py
[2024-10-26T07:26:21.692+0000] {logging_mixin.py:190} INFO - [2024-10-26T07:26:21.692+0000] {dag.py:3239} INFO - Sync 1 DAGs
[2024-10-26T07:26:21.700+0000] {logging_mixin.py:190} INFO - [2024-10-26T07:26:21.700+0000] {dag.py:4180} INFO - Setting next_dagrun for example_python_operator to None, run_after=None
[2024-10-26T07:26:21.711+0000] {processor.py:208} INFO - Processing /home/airflow/.local/lib/python3.12/site-packages/airflow/example_dags/example_python_operator.py took 0.049 seconds
[2024-10-26T07:26:52.230+0000] {processor.py:186} INFO - Started process (PID=87721) to work on /home/airflow/.local/lib/python3.12/site-packages/airflow/example_dags/example_python_operator.py
[2024-10-26T07:26:52.231+0000] {processor.py:914} INFO - Processing file /home/airflow/.local/lib/python3.12/site-packages/airflow/example_dags/example_python_operator.py for tasks to queue
[2024-10-26T07:26:52.231+0000] {logging_mixin.py:190} INFO - [2024-10-26T07:26:52.231+0000] {dagbag.py:588} INFO - Filling up the DagBag from /home/airflow/.local/lib/python3.12/site-packages/airflow/example_dags/example_python_operator.py
[2024-10-26T07:26:52.237+0000] {processor.py:925} INFO - DAG(s) 'example_python_operator' retrieved from /home/airflow/.local/lib/python3.12/site-packages/airflow/example_dags/example_python_operator.py
[2024-10-26T07:26:52.248+0000] {logging_mixin.py:190} INFO - [2024-10-26T07:26:52.247+0000] {dag.py:3239} INFO - Sync 1 DAGs
[2024-10-26T07:26:52.254+0000] {logging_mixin.py:190} INFO - [2024-10-26T07:26:52.254+0000] {dag.py:4180} INFO - Setting next_dagrun for example_python_operator to None, run_after=None
[2024-10-26T07:26:52.261+0000] {processor.py:208} INFO - Processing /home/airflow/.local/lib/python3.12/site-packages/airflow/example_dags/example_python_operator.py took 0.034 seconds
[2024-10-26T07:27:22.544+0000] {processor.py:186} INFO - Started process (PID=88010) to work on /home/airflow/.local/lib/python3.12/site-packages/airflow/example_dags/example_python_operator.py
[2024-10-26T07:27:22.546+0000] {processor.py:914} INFO - Processing file /home/airflow/.local/lib/python3.12/site-packages/airflow/example_dags/example_python_operator.py for tasks to queue
[2024-10-26T07:27:22.546+0000] {logging_mixin.py:190} INFO - [2024-10-26T07:27:22.546+0000] {dagbag.py:588} INFO - Filling up the DagBag from /home/airflow/.local/lib/python3.12/site-packages/airflow/example_dags/example_python_operator.py
[2024-10-26T07:27:22.554+0000] {processor.py:925} INFO - DAG(s) 'example_python_operator' retrieved from /home/airflow/.local/lib/python3.12/site-packages/airflow/example_dags/example_python_operator.py
[2024-10-26T07:27:22.568+0000] {logging_mixin.py:190} INFO - [2024-10-26T07:27:22.568+0000] {dag.py:3239} INFO - Sync 1 DAGs
[2024-10-26T07:27:22.576+0000] {logging_mixin.py:190} INFO - [2024-10-26T07:27:22.576+0000] {dag.py:4180} INFO - Setting next_dagrun for example_python_operator to None, run_after=None
[2024-10-26T07:27:22.587+0000] {processor.py:208} INFO - Processing /home/airflow/.local/lib/python3.12/site-packages/airflow/example_dags/example_python_operator.py took 0.046 seconds
