[2024-10-26T00:46:25.646+0000] {processor.py:186} INFO - Started process (PID=70864) to work on /home/airflow/.local/lib/python3.12/site-packages/airflow/example_dags/example_xcomargs.py
[2024-10-26T00:46:25.648+0000] {processor.py:914} INFO - Processing file /home/airflow/.local/lib/python3.12/site-packages/airflow/example_dags/example_xcomargs.py for tasks to queue
[2024-10-26T00:46:25.649+0000] {logging_mixin.py:190} INFO - [2024-10-26T00:46:25.649+0000] {dagbag.py:588} INFO - Filling up the DagBag from /home/airflow/.local/lib/python3.12/site-packages/airflow/example_dags/example_xcomargs.py
[2024-10-26T00:46:25.657+0000] {processor.py:925} INFO - DAG(s) 'example_xcom_args_with_operators', 'example_xcom_args' retrieved from /home/airflow/.local/lib/python3.12/site-packages/airflow/example_dags/example_xcomargs.py
[2024-10-26T00:46:25.677+0000] {logging_mixin.py:190} INFO - [2024-10-26T00:46:25.676+0000] {dag.py:3239} INFO - Sync 2 DAGs
[2024-10-26T00:46:25.685+0000] {logging_mixin.py:190} INFO - [2024-10-26T00:46:25.685+0000] {dag.py:4180} INFO - Setting next_dagrun for example_xcom_args to None, run_after=None
[2024-10-26T00:46:25.688+0000] {logging_mixin.py:190} INFO - [2024-10-26T00:46:25.687+0000] {dag.py:4180} INFO - Setting next_dagrun for example_xcom_args_with_operators to None, run_after=None
[2024-10-26T00:46:25.696+0000] {processor.py:208} INFO - Processing /home/airflow/.local/lib/python3.12/site-packages/airflow/example_dags/example_xcomargs.py took 0.054 seconds
[2024-10-26T01:37:09.369+0000] {processor.py:186} INFO - Started process (PID=71156) to work on /home/airflow/.local/lib/python3.12/site-packages/airflow/example_dags/example_xcomargs.py
[2024-10-26T01:37:09.372+0000] {processor.py:914} INFO - Processing file /home/airflow/.local/lib/python3.12/site-packages/airflow/example_dags/example_xcomargs.py for tasks to queue
[2024-10-26T01:37:09.374+0000] {logging_mixin.py:190} INFO - [2024-10-26T01:37:09.374+0000] {dagbag.py:588} INFO - Filling up the DagBag from /home/airflow/.local/lib/python3.12/site-packages/airflow/example_dags/example_xcomargs.py
[2024-10-26T01:37:09.382+0000] {processor.py:925} INFO - DAG(s) 'example_xcom_args_with_operators', 'example_xcom_args' retrieved from /home/airflow/.local/lib/python3.12/site-packages/airflow/example_dags/example_xcomargs.py
[2024-10-26T01:37:09.401+0000] {logging_mixin.py:190} INFO - [2024-10-26T01:37:09.401+0000] {dag.py:3239} INFO - Sync 2 DAGs
[2024-10-26T01:37:09.409+0000] {logging_mixin.py:190} INFO - [2024-10-26T01:37:09.409+0000] {dag.py:4180} INFO - Setting next_dagrun for example_xcom_args to None, run_after=None
[2024-10-26T01:37:09.411+0000] {logging_mixin.py:190} INFO - [2024-10-26T01:37:09.411+0000] {dag.py:4180} INFO - Setting next_dagrun for example_xcom_args_with_operators to None, run_after=None
[2024-10-26T01:37:09.418+0000] {processor.py:208} INFO - Processing /home/airflow/.local/lib/python3.12/site-packages/airflow/example_dags/example_xcomargs.py took 0.053 seconds
[2024-10-26T02:57:38.347+0000] {processor.py:186} INFO - Started process (PID=71447) to work on /home/airflow/.local/lib/python3.12/site-packages/airflow/example_dags/example_xcomargs.py
[2024-10-26T02:57:38.348+0000] {processor.py:914} INFO - Processing file /home/airflow/.local/lib/python3.12/site-packages/airflow/example_dags/example_xcomargs.py for tasks to queue
[2024-10-26T02:57:38.349+0000] {logging_mixin.py:190} INFO - [2024-10-26T02:57:38.349+0000] {dagbag.py:588} INFO - Filling up the DagBag from /home/airflow/.local/lib/python3.12/site-packages/airflow/example_dags/example_xcomargs.py
[2024-10-26T02:57:38.354+0000] {processor.py:925} INFO - DAG(s) 'example_xcom_args_with_operators', 'example_xcom_args' retrieved from /home/airflow/.local/lib/python3.12/site-packages/airflow/example_dags/example_xcomargs.py
[2024-10-26T02:57:38.367+0000] {logging_mixin.py:190} INFO - [2024-10-26T02:57:38.367+0000] {dag.py:3239} INFO - Sync 2 DAGs
[2024-10-26T02:57:38.376+0000] {logging_mixin.py:190} INFO - [2024-10-26T02:57:38.376+0000] {dag.py:4180} INFO - Setting next_dagrun for example_xcom_args to None, run_after=None
[2024-10-26T02:57:38.380+0000] {logging_mixin.py:190} INFO - [2024-10-26T02:57:38.380+0000] {dag.py:4180} INFO - Setting next_dagrun for example_xcom_args_with_operators to None, run_after=None
[2024-10-26T02:57:38.390+0000] {processor.py:208} INFO - Processing /home/airflow/.local/lib/python3.12/site-packages/airflow/example_dags/example_xcomargs.py took 0.046 seconds
[2024-10-26T04:18:35.610+0000] {processor.py:186} INFO - Started process (PID=71738) to work on /home/airflow/.local/lib/python3.12/site-packages/airflow/example_dags/example_xcomargs.py
[2024-10-26T04:18:35.611+0000] {processor.py:914} INFO - Processing file /home/airflow/.local/lib/python3.12/site-packages/airflow/example_dags/example_xcomargs.py for tasks to queue
[2024-10-26T04:18:35.612+0000] {logging_mixin.py:190} INFO - [2024-10-26T04:18:35.612+0000] {dagbag.py:588} INFO - Filling up the DagBag from /home/airflow/.local/lib/python3.12/site-packages/airflow/example_dags/example_xcomargs.py
[2024-10-26T04:18:35.618+0000] {processor.py:925} INFO - DAG(s) 'example_xcom_args_with_operators', 'example_xcom_args' retrieved from /home/airflow/.local/lib/python3.12/site-packages/airflow/example_dags/example_xcomargs.py
[2024-10-26T04:18:35.630+0000] {logging_mixin.py:190} INFO - [2024-10-26T04:18:35.630+0000] {dag.py:3239} INFO - Sync 2 DAGs
[2024-10-26T04:18:35.638+0000] {logging_mixin.py:190} INFO - [2024-10-26T04:18:35.638+0000] {dag.py:4180} INFO - Setting next_dagrun for example_xcom_args to None, run_after=None
[2024-10-26T04:18:35.642+0000] {logging_mixin.py:190} INFO - [2024-10-26T04:18:35.642+0000] {dag.py:4180} INFO - Setting next_dagrun for example_xcom_args_with_operators to None, run_after=None
[2024-10-26T04:18:35.678+0000] {processor.py:208} INFO - Processing /home/airflow/.local/lib/python3.12/site-packages/airflow/example_dags/example_xcomargs.py took 0.071 seconds
[2024-10-26T05:41:05.382+0000] {processor.py:186} INFO - Started process (PID=72029) to work on /home/airflow/.local/lib/python3.12/site-packages/airflow/example_dags/example_xcomargs.py
[2024-10-26T05:41:05.383+0000] {processor.py:914} INFO - Processing file /home/airflow/.local/lib/python3.12/site-packages/airflow/example_dags/example_xcomargs.py for tasks to queue
[2024-10-26T05:41:05.383+0000] {logging_mixin.py:190} INFO - [2024-10-26T05:41:05.383+0000] {dagbag.py:588} INFO - Filling up the DagBag from /home/airflow/.local/lib/python3.12/site-packages/airflow/example_dags/example_xcomargs.py
[2024-10-26T05:41:05.389+0000] {processor.py:925} INFO - DAG(s) 'example_xcom_args', 'example_xcom_args_with_operators' retrieved from /home/airflow/.local/lib/python3.12/site-packages/airflow/example_dags/example_xcomargs.py
[2024-10-26T05:41:05.400+0000] {logging_mixin.py:190} INFO - [2024-10-26T05:41:05.400+0000] {dag.py:3239} INFO - Sync 2 DAGs
[2024-10-26T05:41:05.407+0000] {logging_mixin.py:190} INFO - [2024-10-26T05:41:05.407+0000] {dag.py:4180} INFO - Setting next_dagrun for example_xcom_args to None, run_after=None
[2024-10-26T05:41:05.409+0000] {logging_mixin.py:190} INFO - [2024-10-26T05:41:05.409+0000] {dag.py:4180} INFO - Setting next_dagrun for example_xcom_args_with_operators to None, run_after=None
[2024-10-26T05:41:05.416+0000] {processor.py:208} INFO - Processing /home/airflow/.local/lib/python3.12/site-packages/airflow/example_dags/example_xcomargs.py took 0.037 seconds
[2024-10-26T06:59:45.690+0000] {processor.py:186} INFO - Started process (PID=72320) to work on /home/airflow/.local/lib/python3.12/site-packages/airflow/example_dags/example_xcomargs.py
[2024-10-26T06:59:45.690+0000] {processor.py:914} INFO - Processing file /home/airflow/.local/lib/python3.12/site-packages/airflow/example_dags/example_xcomargs.py for tasks to queue
[2024-10-26T06:59:45.691+0000] {logging_mixin.py:190} INFO - [2024-10-26T06:59:45.691+0000] {dagbag.py:588} INFO - Filling up the DagBag from /home/airflow/.local/lib/python3.12/site-packages/airflow/example_dags/example_xcomargs.py
[2024-10-26T06:59:45.696+0000] {processor.py:925} INFO - DAG(s) 'example_xcom_args_with_operators', 'example_xcom_args' retrieved from /home/airflow/.local/lib/python3.12/site-packages/airflow/example_dags/example_xcomargs.py
[2024-10-26T06:59:45.708+0000] {logging_mixin.py:190} INFO - [2024-10-26T06:59:45.708+0000] {dag.py:3239} INFO - Sync 2 DAGs
[2024-10-26T06:59:45.716+0000] {logging_mixin.py:190} INFO - [2024-10-26T06:59:45.716+0000] {dag.py:4180} INFO - Setting next_dagrun for example_xcom_args to None, run_after=None
[2024-10-26T06:59:45.718+0000] {logging_mixin.py:190} INFO - [2024-10-26T06:59:45.718+0000] {dag.py:4180} INFO - Setting next_dagrun for example_xcom_args_with_operators to None, run_after=None
[2024-10-26T06:59:45.725+0000] {processor.py:208} INFO - Processing /home/airflow/.local/lib/python3.12/site-packages/airflow/example_dags/example_xcomargs.py took 0.038 seconds
[2024-10-26T07:00:16.359+0000] {processor.py:186} INFO - Started process (PID=72611) to work on /home/airflow/.local/lib/python3.12/site-packages/airflow/example_dags/example_xcomargs.py
[2024-10-26T07:00:16.360+0000] {processor.py:914} INFO - Processing file /home/airflow/.local/lib/python3.12/site-packages/airflow/example_dags/example_xcomargs.py for tasks to queue
[2024-10-26T07:00:16.360+0000] {logging_mixin.py:190} INFO - [2024-10-26T07:00:16.360+0000] {dagbag.py:588} INFO - Filling up the DagBag from /home/airflow/.local/lib/python3.12/site-packages/airflow/example_dags/example_xcomargs.py
[2024-10-26T07:00:16.365+0000] {processor.py:925} INFO - DAG(s) 'example_xcom_args_with_operators', 'example_xcom_args' retrieved from /home/airflow/.local/lib/python3.12/site-packages/airflow/example_dags/example_xcomargs.py
[2024-10-26T07:00:16.377+0000] {logging_mixin.py:190} INFO - [2024-10-26T07:00:16.377+0000] {dag.py:3239} INFO - Sync 2 DAGs
[2024-10-26T07:00:16.384+0000] {logging_mixin.py:190} INFO - [2024-10-26T07:00:16.384+0000] {dag.py:4180} INFO - Setting next_dagrun for example_xcom_args to None, run_after=None
[2024-10-26T07:00:16.386+0000] {logging_mixin.py:190} INFO - [2024-10-26T07:00:16.386+0000] {dag.py:4180} INFO - Setting next_dagrun for example_xcom_args_with_operators to None, run_after=None
[2024-10-26T07:00:16.395+0000] {processor.py:208} INFO - Processing /home/airflow/.local/lib/python3.12/site-packages/airflow/example_dags/example_xcomargs.py took 0.039 seconds
[2024-10-26T07:00:46.861+0000] {processor.py:186} INFO - Started process (PID=72902) to work on /home/airflow/.local/lib/python3.12/site-packages/airflow/example_dags/example_xcomargs.py
[2024-10-26T07:00:46.863+0000] {processor.py:914} INFO - Processing file /home/airflow/.local/lib/python3.12/site-packages/airflow/example_dags/example_xcomargs.py for tasks to queue
[2024-10-26T07:00:46.864+0000] {logging_mixin.py:190} INFO - [2024-10-26T07:00:46.864+0000] {dagbag.py:588} INFO - Filling up the DagBag from /home/airflow/.local/lib/python3.12/site-packages/airflow/example_dags/example_xcomargs.py
[2024-10-26T07:00:46.870+0000] {processor.py:925} INFO - DAG(s) 'example_xcom_args', 'example_xcom_args_with_operators' retrieved from /home/airflow/.local/lib/python3.12/site-packages/airflow/example_dags/example_xcomargs.py
[2024-10-26T07:00:46.886+0000] {logging_mixin.py:190} INFO - [2024-10-26T07:00:46.886+0000] {dag.py:3239} INFO - Sync 2 DAGs
[2024-10-26T07:00:46.893+0000] {logging_mixin.py:190} INFO - [2024-10-26T07:00:46.893+0000] {dag.py:4180} INFO - Setting next_dagrun for example_xcom_args to None, run_after=None
[2024-10-26T07:00:46.895+0000] {logging_mixin.py:190} INFO - [2024-10-26T07:00:46.895+0000] {dag.py:4180} INFO - Setting next_dagrun for example_xcom_args_with_operators to None, run_after=None
[2024-10-26T07:00:46.902+0000] {processor.py:208} INFO - Processing /home/airflow/.local/lib/python3.12/site-packages/airflow/example_dags/example_xcomargs.py took 0.044 seconds
[2024-10-26T07:01:18.497+0000] {processor.py:186} INFO - Started process (PID=73193) to work on /home/airflow/.local/lib/python3.12/site-packages/airflow/example_dags/example_xcomargs.py
[2024-10-26T07:01:18.498+0000] {processor.py:914} INFO - Processing file /home/airflow/.local/lib/python3.12/site-packages/airflow/example_dags/example_xcomargs.py for tasks to queue
[2024-10-26T07:01:18.501+0000] {logging_mixin.py:190} INFO - [2024-10-26T07:01:18.500+0000] {dagbag.py:588} INFO - Filling up the DagBag from /home/airflow/.local/lib/python3.12/site-packages/airflow/example_dags/example_xcomargs.py
[2024-10-26T07:01:18.518+0000] {processor.py:925} INFO - DAG(s) 'example_xcom_args_with_operators', 'example_xcom_args' retrieved from /home/airflow/.local/lib/python3.12/site-packages/airflow/example_dags/example_xcomargs.py
[2024-10-26T07:01:18.572+0000] {logging_mixin.py:190} INFO - [2024-10-26T07:01:18.572+0000] {dag.py:3239} INFO - Sync 2 DAGs
[2024-10-26T07:01:18.599+0000] {logging_mixin.py:190} INFO - [2024-10-26T07:01:18.599+0000] {dag.py:4180} INFO - Setting next_dagrun for example_xcom_args to None, run_after=None
[2024-10-26T07:01:18.605+0000] {logging_mixin.py:190} INFO - [2024-10-26T07:01:18.605+0000] {dag.py:4180} INFO - Setting next_dagrun for example_xcom_args_with_operators to None, run_after=None
[2024-10-26T07:01:18.634+0000] {processor.py:208} INFO - Processing /home/airflow/.local/lib/python3.12/site-packages/airflow/example_dags/example_xcomargs.py took 0.146 seconds
[2024-10-26T07:01:50.211+0000] {processor.py:186} INFO - Started process (PID=73486) to work on /home/airflow/.local/lib/python3.12/site-packages/airflow/example_dags/example_xcomargs.py
[2024-10-26T07:01:50.212+0000] {processor.py:914} INFO - Processing file /home/airflow/.local/lib/python3.12/site-packages/airflow/example_dags/example_xcomargs.py for tasks to queue
[2024-10-26T07:01:50.213+0000] {logging_mixin.py:190} INFO - [2024-10-26T07:01:50.213+0000] {dagbag.py:588} INFO - Filling up the DagBag from /home/airflow/.local/lib/python3.12/site-packages/airflow/example_dags/example_xcomargs.py
[2024-10-26T07:01:50.231+0000] {processor.py:925} INFO - DAG(s) 'example_xcom_args', 'example_xcom_args_with_operators' retrieved from /home/airflow/.local/lib/python3.12/site-packages/airflow/example_dags/example_xcomargs.py
[2024-10-26T07:01:50.255+0000] {logging_mixin.py:190} INFO - [2024-10-26T07:01:50.255+0000] {dag.py:3239} INFO - Sync 2 DAGs
[2024-10-26T07:01:50.268+0000] {logging_mixin.py:190} INFO - [2024-10-26T07:01:50.268+0000] {dag.py:4180} INFO - Setting next_dagrun for example_xcom_args to None, run_after=None
[2024-10-26T07:01:50.270+0000] {logging_mixin.py:190} INFO - [2024-10-26T07:01:50.270+0000] {dag.py:4180} INFO - Setting next_dagrun for example_xcom_args_with_operators to None, run_after=None
[2024-10-26T07:01:50.279+0000] {processor.py:208} INFO - Processing /home/airflow/.local/lib/python3.12/site-packages/airflow/example_dags/example_xcomargs.py took 0.076 seconds
[2024-10-26T07:02:20.446+0000] {processor.py:186} INFO - Started process (PID=73775) to work on /home/airflow/.local/lib/python3.12/site-packages/airflow/example_dags/example_xcomargs.py
[2024-10-26T07:02:20.447+0000] {processor.py:914} INFO - Processing file /home/airflow/.local/lib/python3.12/site-packages/airflow/example_dags/example_xcomargs.py for tasks to queue
[2024-10-26T07:02:20.448+0000] {logging_mixin.py:190} INFO - [2024-10-26T07:02:20.448+0000] {dagbag.py:588} INFO - Filling up the DagBag from /home/airflow/.local/lib/python3.12/site-packages/airflow/example_dags/example_xcomargs.py
[2024-10-26T07:02:20.458+0000] {processor.py:925} INFO - DAG(s) 'example_xcom_args_with_operators', 'example_xcom_args' retrieved from /home/airflow/.local/lib/python3.12/site-packages/airflow/example_dags/example_xcomargs.py
[2024-10-26T07:02:20.477+0000] {logging_mixin.py:190} INFO - [2024-10-26T07:02:20.476+0000] {dag.py:3239} INFO - Sync 2 DAGs
[2024-10-26T07:02:20.485+0000] {logging_mixin.py:190} INFO - [2024-10-26T07:02:20.485+0000] {dag.py:4180} INFO - Setting next_dagrun for example_xcom_args to None, run_after=None
[2024-10-26T07:02:20.488+0000] {logging_mixin.py:190} INFO - [2024-10-26T07:02:20.488+0000] {dag.py:4180} INFO - Setting next_dagrun for example_xcom_args_with_operators to None, run_after=None
[2024-10-26T07:02:20.499+0000] {processor.py:208} INFO - Processing /home/airflow/.local/lib/python3.12/site-packages/airflow/example_dags/example_xcomargs.py took 0.056 seconds
[2024-10-26T07:02:50.552+0000] {processor.py:186} INFO - Started process (PID=74063) to work on /home/airflow/.local/lib/python3.12/site-packages/airflow/example_dags/example_xcomargs.py
[2024-10-26T07:02:50.552+0000] {processor.py:914} INFO - Processing file /home/airflow/.local/lib/python3.12/site-packages/airflow/example_dags/example_xcomargs.py for tasks to queue
[2024-10-26T07:02:50.553+0000] {logging_mixin.py:190} INFO - [2024-10-26T07:02:50.553+0000] {dagbag.py:588} INFO - Filling up the DagBag from /home/airflow/.local/lib/python3.12/site-packages/airflow/example_dags/example_xcomargs.py
[2024-10-26T07:02:50.558+0000] {processor.py:925} INFO - DAG(s) 'example_xcom_args_with_operators', 'example_xcom_args' retrieved from /home/airflow/.local/lib/python3.12/site-packages/airflow/example_dags/example_xcomargs.py
[2024-10-26T07:02:50.568+0000] {logging_mixin.py:190} INFO - [2024-10-26T07:02:50.568+0000] {dag.py:3239} INFO - Sync 2 DAGs
[2024-10-26T07:02:50.575+0000] {logging_mixin.py:190} INFO - [2024-10-26T07:02:50.575+0000] {dag.py:4180} INFO - Setting next_dagrun for example_xcom_args to None, run_after=None
[2024-10-26T07:02:50.576+0000] {logging_mixin.py:190} INFO - [2024-10-26T07:02:50.576+0000] {dag.py:4180} INFO - Setting next_dagrun for example_xcom_args_with_operators to None, run_after=None
[2024-10-26T07:02:50.583+0000] {processor.py:208} INFO - Processing /home/airflow/.local/lib/python3.12/site-packages/airflow/example_dags/example_xcomargs.py took 0.034 seconds
[2024-10-26T07:03:21.649+0000] {processor.py:186} INFO - Started process (PID=74357) to work on /home/airflow/.local/lib/python3.12/site-packages/airflow/example_dags/example_xcomargs.py
[2024-10-26T07:03:21.650+0000] {processor.py:914} INFO - Processing file /home/airflow/.local/lib/python3.12/site-packages/airflow/example_dags/example_xcomargs.py for tasks to queue
[2024-10-26T07:03:21.652+0000] {logging_mixin.py:190} INFO - [2024-10-26T07:03:21.651+0000] {dagbag.py:588} INFO - Filling up the DagBag from /home/airflow/.local/lib/python3.12/site-packages/airflow/example_dags/example_xcomargs.py
[2024-10-26T07:03:21.660+0000] {processor.py:925} INFO - DAG(s) 'example_xcom_args', 'example_xcom_args_with_operators' retrieved from /home/airflow/.local/lib/python3.12/site-packages/airflow/example_dags/example_xcomargs.py
[2024-10-26T07:03:21.684+0000] {logging_mixin.py:190} INFO - [2024-10-26T07:03:21.684+0000] {dag.py:3239} INFO - Sync 2 DAGs
[2024-10-26T07:03:21.693+0000] {logging_mixin.py:190} INFO - [2024-10-26T07:03:21.693+0000] {dag.py:4180} INFO - Setting next_dagrun for example_xcom_args to None, run_after=None
[2024-10-26T07:03:21.695+0000] {logging_mixin.py:190} INFO - [2024-10-26T07:03:21.695+0000] {dag.py:4180} INFO - Setting next_dagrun for example_xcom_args_with_operators to None, run_after=None
[2024-10-26T07:03:21.703+0000] {processor.py:208} INFO - Processing /home/airflow/.local/lib/python3.12/site-packages/airflow/example_dags/example_xcomargs.py took 0.058 seconds
[2024-10-26T07:03:52.360+0000] {processor.py:186} INFO - Started process (PID=74648) to work on /home/airflow/.local/lib/python3.12/site-packages/airflow/example_dags/example_xcomargs.py
[2024-10-26T07:03:52.362+0000] {processor.py:914} INFO - Processing file /home/airflow/.local/lib/python3.12/site-packages/airflow/example_dags/example_xcomargs.py for tasks to queue
[2024-10-26T07:03:52.364+0000] {logging_mixin.py:190} INFO - [2024-10-26T07:03:52.363+0000] {dagbag.py:588} INFO - Filling up the DagBag from /home/airflow/.local/lib/python3.12/site-packages/airflow/example_dags/example_xcomargs.py
[2024-10-26T07:03:52.381+0000] {processor.py:925} INFO - DAG(s) 'example_xcom_args', 'example_xcom_args_with_operators' retrieved from /home/airflow/.local/lib/python3.12/site-packages/airflow/example_dags/example_xcomargs.py
[2024-10-26T07:03:52.496+0000] {logging_mixin.py:190} INFO - [2024-10-26T07:03:52.495+0000] {dag.py:3239} INFO - Sync 2 DAGs
[2024-10-26T07:03:52.513+0000] {logging_mixin.py:190} INFO - [2024-10-26T07:03:52.512+0000] {dag.py:4180} INFO - Setting next_dagrun for example_xcom_args to None, run_after=None
[2024-10-26T07:03:52.520+0000] {logging_mixin.py:190} INFO - [2024-10-26T07:03:52.520+0000] {dag.py:4180} INFO - Setting next_dagrun for example_xcom_args_with_operators to None, run_after=None
[2024-10-26T07:03:52.552+0000] {processor.py:208} INFO - Processing /home/airflow/.local/lib/python3.12/site-packages/airflow/example_dags/example_xcomargs.py took 0.200 seconds
[2024-10-26T07:04:23.110+0000] {processor.py:186} INFO - Started process (PID=74938) to work on /home/airflow/.local/lib/python3.12/site-packages/airflow/example_dags/example_xcomargs.py
[2024-10-26T07:04:23.111+0000] {processor.py:914} INFO - Processing file /home/airflow/.local/lib/python3.12/site-packages/airflow/example_dags/example_xcomargs.py for tasks to queue
[2024-10-26T07:04:23.112+0000] {logging_mixin.py:190} INFO - [2024-10-26T07:04:23.111+0000] {dagbag.py:588} INFO - Filling up the DagBag from /home/airflow/.local/lib/python3.12/site-packages/airflow/example_dags/example_xcomargs.py
[2024-10-26T07:04:23.121+0000] {processor.py:925} INFO - DAG(s) 'example_xcom_args_with_operators', 'example_xcom_args' retrieved from /home/airflow/.local/lib/python3.12/site-packages/airflow/example_dags/example_xcomargs.py
[2024-10-26T07:04:23.134+0000] {logging_mixin.py:190} INFO - [2024-10-26T07:04:23.134+0000] {dag.py:3239} INFO - Sync 2 DAGs
[2024-10-26T07:04:23.142+0000] {logging_mixin.py:190} INFO - [2024-10-26T07:04:23.142+0000] {dag.py:4180} INFO - Setting next_dagrun for example_xcom_args to None, run_after=None
[2024-10-26T07:04:23.144+0000] {logging_mixin.py:190} INFO - [2024-10-26T07:04:23.144+0000] {dag.py:4180} INFO - Setting next_dagrun for example_xcom_args_with_operators to None, run_after=None
[2024-10-26T07:04:23.151+0000] {processor.py:208} INFO - Processing /home/airflow/.local/lib/python3.12/site-packages/airflow/example_dags/example_xcomargs.py took 0.049 seconds
[2024-10-26T07:04:53.370+0000] {processor.py:186} INFO - Started process (PID=75226) to work on /home/airflow/.local/lib/python3.12/site-packages/airflow/example_dags/example_xcomargs.py
[2024-10-26T07:04:53.371+0000] {processor.py:914} INFO - Processing file /home/airflow/.local/lib/python3.12/site-packages/airflow/example_dags/example_xcomargs.py for tasks to queue
[2024-10-26T07:04:53.371+0000] {logging_mixin.py:190} INFO - [2024-10-26T07:04:53.371+0000] {dagbag.py:588} INFO - Filling up the DagBag from /home/airflow/.local/lib/python3.12/site-packages/airflow/example_dags/example_xcomargs.py
[2024-10-26T07:04:53.376+0000] {processor.py:925} INFO - DAG(s) 'example_xcom_args_with_operators', 'example_xcom_args' retrieved from /home/airflow/.local/lib/python3.12/site-packages/airflow/example_dags/example_xcomargs.py
[2024-10-26T07:04:53.387+0000] {logging_mixin.py:190} INFO - [2024-10-26T07:04:53.387+0000] {dag.py:3239} INFO - Sync 2 DAGs
[2024-10-26T07:04:53.394+0000] {logging_mixin.py:190} INFO - [2024-10-26T07:04:53.394+0000] {dag.py:4180} INFO - Setting next_dagrun for example_xcom_args to None, run_after=None
[2024-10-26T07:04:53.396+0000] {logging_mixin.py:190} INFO - [2024-10-26T07:04:53.395+0000] {dag.py:4180} INFO - Setting next_dagrun for example_xcom_args_with_operators to None, run_after=None
[2024-10-26T07:04:53.402+0000] {processor.py:208} INFO - Processing /home/airflow/.local/lib/python3.12/site-packages/airflow/example_dags/example_xcomargs.py took 0.036 seconds
[2024-10-26T07:05:24.202+0000] {processor.py:186} INFO - Started process (PID=75520) to work on /home/airflow/.local/lib/python3.12/site-packages/airflow/example_dags/example_xcomargs.py
[2024-10-26T07:05:24.203+0000] {processor.py:914} INFO - Processing file /home/airflow/.local/lib/python3.12/site-packages/airflow/example_dags/example_xcomargs.py for tasks to queue
[2024-10-26T07:05:24.204+0000] {logging_mixin.py:190} INFO - [2024-10-26T07:05:24.204+0000] {dagbag.py:588} INFO - Filling up the DagBag from /home/airflow/.local/lib/python3.12/site-packages/airflow/example_dags/example_xcomargs.py
[2024-10-26T07:05:24.220+0000] {processor.py:925} INFO - DAG(s) 'example_xcom_args', 'example_xcom_args_with_operators' retrieved from /home/airflow/.local/lib/python3.12/site-packages/airflow/example_dags/example_xcomargs.py
[2024-10-26T07:05:24.252+0000] {logging_mixin.py:190} INFO - [2024-10-26T07:05:24.252+0000] {dag.py:3239} INFO - Sync 2 DAGs
[2024-10-26T07:05:24.263+0000] {logging_mixin.py:190} INFO - [2024-10-26T07:05:24.263+0000] {dag.py:4180} INFO - Setting next_dagrun for example_xcom_args to None, run_after=None
[2024-10-26T07:05:24.265+0000] {logging_mixin.py:190} INFO - [2024-10-26T07:05:24.265+0000] {dag.py:4180} INFO - Setting next_dagrun for example_xcom_args_with_operators to None, run_after=None
[2024-10-26T07:05:24.275+0000] {processor.py:208} INFO - Processing /home/airflow/.local/lib/python3.12/site-packages/airflow/example_dags/example_xcomargs.py took 0.077 seconds
[2024-10-26T07:05:55.185+0000] {processor.py:186} INFO - Started process (PID=75812) to work on /home/airflow/.local/lib/python3.12/site-packages/airflow/example_dags/example_xcomargs.py
[2024-10-26T07:05:55.189+0000] {processor.py:914} INFO - Processing file /home/airflow/.local/lib/python3.12/site-packages/airflow/example_dags/example_xcomargs.py for tasks to queue
[2024-10-26T07:05:55.190+0000] {logging_mixin.py:190} INFO - [2024-10-26T07:05:55.190+0000] {dagbag.py:588} INFO - Filling up the DagBag from /home/airflow/.local/lib/python3.12/site-packages/airflow/example_dags/example_xcomargs.py
[2024-10-26T07:05:55.196+0000] {processor.py:925} INFO - DAG(s) 'example_xcom_args', 'example_xcom_args_with_operators' retrieved from /home/airflow/.local/lib/python3.12/site-packages/airflow/example_dags/example_xcomargs.py
[2024-10-26T07:05:55.212+0000] {logging_mixin.py:190} INFO - [2024-10-26T07:05:55.212+0000] {dag.py:3239} INFO - Sync 2 DAGs
[2024-10-26T07:05:55.222+0000] {logging_mixin.py:190} INFO - [2024-10-26T07:05:55.222+0000] {dag.py:4180} INFO - Setting next_dagrun for example_xcom_args to None, run_after=None
[2024-10-26T07:05:55.224+0000] {logging_mixin.py:190} INFO - [2024-10-26T07:05:55.224+0000] {dag.py:4180} INFO - Setting next_dagrun for example_xcom_args_with_operators to None, run_after=None
[2024-10-26T07:05:55.232+0000] {processor.py:208} INFO - Processing /home/airflow/.local/lib/python3.12/site-packages/airflow/example_dags/example_xcomargs.py took 0.051 seconds
[2024-10-26T07:06:25.356+0000] {processor.py:186} INFO - Started process (PID=76101) to work on /home/airflow/.local/lib/python3.12/site-packages/airflow/example_dags/example_xcomargs.py
[2024-10-26T07:06:25.357+0000] {processor.py:914} INFO - Processing file /home/airflow/.local/lib/python3.12/site-packages/airflow/example_dags/example_xcomargs.py for tasks to queue
[2024-10-26T07:06:25.358+0000] {logging_mixin.py:190} INFO - [2024-10-26T07:06:25.358+0000] {dagbag.py:588} INFO - Filling up the DagBag from /home/airflow/.local/lib/python3.12/site-packages/airflow/example_dags/example_xcomargs.py
[2024-10-26T07:06:25.364+0000] {processor.py:925} INFO - DAG(s) 'example_xcom_args_with_operators', 'example_xcom_args' retrieved from /home/airflow/.local/lib/python3.12/site-packages/airflow/example_dags/example_xcomargs.py
[2024-10-26T07:06:25.378+0000] {logging_mixin.py:190} INFO - [2024-10-26T07:06:25.378+0000] {dag.py:3239} INFO - Sync 2 DAGs
[2024-10-26T07:06:25.386+0000] {logging_mixin.py:190} INFO - [2024-10-26T07:06:25.386+0000] {dag.py:4180} INFO - Setting next_dagrun for example_xcom_args to None, run_after=None
[2024-10-26T07:06:25.388+0000] {logging_mixin.py:190} INFO - [2024-10-26T07:06:25.388+0000] {dag.py:4180} INFO - Setting next_dagrun for example_xcom_args_with_operators to None, run_after=None
[2024-10-26T07:06:25.396+0000] {processor.py:208} INFO - Processing /home/airflow/.local/lib/python3.12/site-packages/airflow/example_dags/example_xcomargs.py took 0.044 seconds
[2024-10-26T07:06:55.918+0000] {processor.py:186} INFO - Started process (PID=76394) to work on /home/airflow/.local/lib/python3.12/site-packages/airflow/example_dags/example_xcomargs.py
[2024-10-26T07:06:55.920+0000] {processor.py:914} INFO - Processing file /home/airflow/.local/lib/python3.12/site-packages/airflow/example_dags/example_xcomargs.py for tasks to queue
[2024-10-26T07:06:55.921+0000] {logging_mixin.py:190} INFO - [2024-10-26T07:06:55.921+0000] {dagbag.py:588} INFO - Filling up the DagBag from /home/airflow/.local/lib/python3.12/site-packages/airflow/example_dags/example_xcomargs.py
[2024-10-26T07:06:55.928+0000] {processor.py:925} INFO - DAG(s) 'example_xcom_args_with_operators', 'example_xcom_args' retrieved from /home/airflow/.local/lib/python3.12/site-packages/airflow/example_dags/example_xcomargs.py
[2024-10-26T07:06:55.942+0000] {logging_mixin.py:190} INFO - [2024-10-26T07:06:55.942+0000] {dag.py:3239} INFO - Sync 2 DAGs
[2024-10-26T07:06:55.950+0000] {logging_mixin.py:190} INFO - [2024-10-26T07:06:55.950+0000] {dag.py:4180} INFO - Setting next_dagrun for example_xcom_args to None, run_after=None
[2024-10-26T07:06:55.952+0000] {logging_mixin.py:190} INFO - [2024-10-26T07:06:55.952+0000] {dag.py:4180} INFO - Setting next_dagrun for example_xcom_args_with_operators to None, run_after=None
[2024-10-26T07:06:55.959+0000] {processor.py:208} INFO - Processing /home/airflow/.local/lib/python3.12/site-packages/airflow/example_dags/example_xcomargs.py took 0.058 seconds
[2024-10-26T07:07:26.231+0000] {processor.py:186} INFO - Started process (PID=76685) to work on /home/airflow/.local/lib/python3.12/site-packages/airflow/example_dags/example_xcomargs.py
[2024-10-26T07:07:26.232+0000] {processor.py:914} INFO - Processing file /home/airflow/.local/lib/python3.12/site-packages/airflow/example_dags/example_xcomargs.py for tasks to queue
[2024-10-26T07:07:26.233+0000] {logging_mixin.py:190} INFO - [2024-10-26T07:07:26.232+0000] {dagbag.py:588} INFO - Filling up the DagBag from /home/airflow/.local/lib/python3.12/site-packages/airflow/example_dags/example_xcomargs.py
[2024-10-26T07:07:26.242+0000] {processor.py:925} INFO - DAG(s) 'example_xcom_args', 'example_xcom_args_with_operators' retrieved from /home/airflow/.local/lib/python3.12/site-packages/airflow/example_dags/example_xcomargs.py
[2024-10-26T07:07:26.261+0000] {logging_mixin.py:190} INFO - [2024-10-26T07:07:26.261+0000] {dag.py:3239} INFO - Sync 2 DAGs
[2024-10-26T07:07:26.271+0000] {logging_mixin.py:190} INFO - [2024-10-26T07:07:26.271+0000] {dag.py:4180} INFO - Setting next_dagrun for example_xcom_args to None, run_after=None
[2024-10-26T07:07:26.275+0000] {logging_mixin.py:190} INFO - [2024-10-26T07:07:26.275+0000] {dag.py:4180} INFO - Setting next_dagrun for example_xcom_args_with_operators to None, run_after=None
[2024-10-26T07:07:26.283+0000] {processor.py:208} INFO - Processing /home/airflow/.local/lib/python3.12/site-packages/airflow/example_dags/example_xcomargs.py took 0.058 seconds
[2024-10-26T07:07:56.877+0000] {processor.py:186} INFO - Started process (PID=76974) to work on /home/airflow/.local/lib/python3.12/site-packages/airflow/example_dags/example_xcomargs.py
[2024-10-26T07:07:56.878+0000] {processor.py:914} INFO - Processing file /home/airflow/.local/lib/python3.12/site-packages/airflow/example_dags/example_xcomargs.py for tasks to queue
[2024-10-26T07:07:56.880+0000] {logging_mixin.py:190} INFO - [2024-10-26T07:07:56.879+0000] {dagbag.py:588} INFO - Filling up the DagBag from /home/airflow/.local/lib/python3.12/site-packages/airflow/example_dags/example_xcomargs.py
[2024-10-26T07:07:56.895+0000] {processor.py:925} INFO - DAG(s) 'example_xcom_args_with_operators', 'example_xcom_args' retrieved from /home/airflow/.local/lib/python3.12/site-packages/airflow/example_dags/example_xcomargs.py
[2024-10-26T07:07:56.921+0000] {logging_mixin.py:190} INFO - [2024-10-26T07:07:56.920+0000] {dag.py:3239} INFO - Sync 2 DAGs
[2024-10-26T07:07:56.939+0000] {logging_mixin.py:190} INFO - [2024-10-26T07:07:56.938+0000] {dag.py:4180} INFO - Setting next_dagrun for example_xcom_args to None, run_after=None
[2024-10-26T07:07:56.947+0000] {logging_mixin.py:190} INFO - [2024-10-26T07:07:56.947+0000] {dag.py:4180} INFO - Setting next_dagrun for example_xcom_args_with_operators to None, run_after=None
[2024-10-26T07:07:56.972+0000] {processor.py:208} INFO - Processing /home/airflow/.local/lib/python3.12/site-packages/airflow/example_dags/example_xcomargs.py took 0.108 seconds
[2024-10-26T07:08:27.894+0000] {processor.py:186} INFO - Started process (PID=77262) to work on /home/airflow/.local/lib/python3.12/site-packages/airflow/example_dags/example_xcomargs.py
[2024-10-26T07:08:27.895+0000] {processor.py:914} INFO - Processing file /home/airflow/.local/lib/python3.12/site-packages/airflow/example_dags/example_xcomargs.py for tasks to queue
[2024-10-26T07:08:27.895+0000] {logging_mixin.py:190} INFO - [2024-10-26T07:08:27.895+0000] {dagbag.py:588} INFO - Filling up the DagBag from /home/airflow/.local/lib/python3.12/site-packages/airflow/example_dags/example_xcomargs.py
[2024-10-26T07:08:27.905+0000] {processor.py:925} INFO - DAG(s) 'example_xcom_args_with_operators', 'example_xcom_args' retrieved from /home/airflow/.local/lib/python3.12/site-packages/airflow/example_dags/example_xcomargs.py
[2024-10-26T07:08:27.921+0000] {logging_mixin.py:190} INFO - [2024-10-26T07:08:27.921+0000] {dag.py:3239} INFO - Sync 2 DAGs
[2024-10-26T07:08:27.929+0000] {logging_mixin.py:190} INFO - [2024-10-26T07:08:27.929+0000] {dag.py:4180} INFO - Setting next_dagrun for example_xcom_args to None, run_after=None
[2024-10-26T07:08:27.935+0000] {logging_mixin.py:190} INFO - [2024-10-26T07:08:27.935+0000] {dag.py:4180} INFO - Setting next_dagrun for example_xcom_args_with_operators to None, run_after=None
[2024-10-26T07:08:27.944+0000] {processor.py:208} INFO - Processing /home/airflow/.local/lib/python3.12/site-packages/airflow/example_dags/example_xcomargs.py took 0.056 seconds
[2024-10-26T07:08:59.149+0000] {processor.py:186} INFO - Started process (PID=77556) to work on /home/airflow/.local/lib/python3.12/site-packages/airflow/example_dags/example_xcomargs.py
[2024-10-26T07:08:59.150+0000] {processor.py:914} INFO - Processing file /home/airflow/.local/lib/python3.12/site-packages/airflow/example_dags/example_xcomargs.py for tasks to queue
[2024-10-26T07:08:59.150+0000] {logging_mixin.py:190} INFO - [2024-10-26T07:08:59.150+0000] {dagbag.py:588} INFO - Filling up the DagBag from /home/airflow/.local/lib/python3.12/site-packages/airflow/example_dags/example_xcomargs.py
[2024-10-26T07:08:59.157+0000] {processor.py:925} INFO - DAG(s) 'example_xcom_args', 'example_xcom_args_with_operators' retrieved from /home/airflow/.local/lib/python3.12/site-packages/airflow/example_dags/example_xcomargs.py
[2024-10-26T07:08:59.174+0000] {logging_mixin.py:190} INFO - [2024-10-26T07:08:59.174+0000] {dag.py:3239} INFO - Sync 2 DAGs
[2024-10-26T07:08:59.184+0000] {logging_mixin.py:190} INFO - [2024-10-26T07:08:59.184+0000] {dag.py:4180} INFO - Setting next_dagrun for example_xcom_args to None, run_after=None
[2024-10-26T07:08:59.187+0000] {logging_mixin.py:190} INFO - [2024-10-26T07:08:59.187+0000] {dag.py:4180} INFO - Setting next_dagrun for example_xcom_args_with_operators to None, run_after=None
[2024-10-26T07:08:59.198+0000] {processor.py:208} INFO - Processing /home/airflow/.local/lib/python3.12/site-packages/airflow/example_dags/example_xcomargs.py took 0.053 seconds
[2024-10-26T07:09:30.487+0000] {processor.py:186} INFO - Started process (PID=77852) to work on /home/airflow/.local/lib/python3.12/site-packages/airflow/example_dags/example_xcomargs.py
[2024-10-26T07:09:30.488+0000] {processor.py:914} INFO - Processing file /home/airflow/.local/lib/python3.12/site-packages/airflow/example_dags/example_xcomargs.py for tasks to queue
[2024-10-26T07:09:30.489+0000] {logging_mixin.py:190} INFO - [2024-10-26T07:09:30.489+0000] {dagbag.py:588} INFO - Filling up the DagBag from /home/airflow/.local/lib/python3.12/site-packages/airflow/example_dags/example_xcomargs.py
[2024-10-26T07:09:30.494+0000] {processor.py:925} INFO - DAG(s) 'example_xcom_args', 'example_xcom_args_with_operators' retrieved from /home/airflow/.local/lib/python3.12/site-packages/airflow/example_dags/example_xcomargs.py
[2024-10-26T07:09:30.507+0000] {logging_mixin.py:190} INFO - [2024-10-26T07:09:30.506+0000] {dag.py:3239} INFO - Sync 2 DAGs
[2024-10-26T07:09:30.516+0000] {logging_mixin.py:190} INFO - [2024-10-26T07:09:30.516+0000] {dag.py:4180} INFO - Setting next_dagrun for example_xcom_args to None, run_after=None
[2024-10-26T07:09:30.518+0000] {logging_mixin.py:190} INFO - [2024-10-26T07:09:30.518+0000] {dag.py:4180} INFO - Setting next_dagrun for example_xcom_args_with_operators to None, run_after=None
[2024-10-26T07:09:30.526+0000] {processor.py:208} INFO - Processing /home/airflow/.local/lib/python3.12/site-packages/airflow/example_dags/example_xcomargs.py took 0.043 seconds
[2024-10-26T07:10:01.664+0000] {processor.py:186} INFO - Started process (PID=78143) to work on /home/airflow/.local/lib/python3.12/site-packages/airflow/example_dags/example_xcomargs.py
[2024-10-26T07:10:01.664+0000] {processor.py:914} INFO - Processing file /home/airflow/.local/lib/python3.12/site-packages/airflow/example_dags/example_xcomargs.py for tasks to queue
[2024-10-26T07:10:01.665+0000] {logging_mixin.py:190} INFO - [2024-10-26T07:10:01.665+0000] {dagbag.py:588} INFO - Filling up the DagBag from /home/airflow/.local/lib/python3.12/site-packages/airflow/example_dags/example_xcomargs.py
[2024-10-26T07:10:01.670+0000] {processor.py:925} INFO - DAG(s) 'example_xcom_args', 'example_xcom_args_with_operators' retrieved from /home/airflow/.local/lib/python3.12/site-packages/airflow/example_dags/example_xcomargs.py
[2024-10-26T07:10:01.684+0000] {logging_mixin.py:190} INFO - [2024-10-26T07:10:01.684+0000] {dag.py:3239} INFO - Sync 2 DAGs
[2024-10-26T07:10:01.692+0000] {logging_mixin.py:190} INFO - [2024-10-26T07:10:01.692+0000] {dag.py:4180} INFO - Setting next_dagrun for example_xcom_args to None, run_after=None
[2024-10-26T07:10:01.694+0000] {logging_mixin.py:190} INFO - [2024-10-26T07:10:01.694+0000] {dag.py:4180} INFO - Setting next_dagrun for example_xcom_args_with_operators to None, run_after=None
[2024-10-26T07:10:01.702+0000] {processor.py:208} INFO - Processing /home/airflow/.local/lib/python3.12/site-packages/airflow/example_dags/example_xcomargs.py took 0.041 seconds
[2024-10-26T07:10:33.263+0000] {processor.py:186} INFO - Started process (PID=78440) to work on /home/airflow/.local/lib/python3.12/site-packages/airflow/example_dags/example_xcomargs.py
[2024-10-26T07:10:33.264+0000] {processor.py:914} INFO - Processing file /home/airflow/.local/lib/python3.12/site-packages/airflow/example_dags/example_xcomargs.py for tasks to queue
[2024-10-26T07:10:33.269+0000] {logging_mixin.py:190} INFO - [2024-10-26T07:10:33.269+0000] {dagbag.py:588} INFO - Filling up the DagBag from /home/airflow/.local/lib/python3.12/site-packages/airflow/example_dags/example_xcomargs.py
[2024-10-26T07:10:33.274+0000] {processor.py:925} INFO - DAG(s) 'example_xcom_args', 'example_xcom_args_with_operators' retrieved from /home/airflow/.local/lib/python3.12/site-packages/airflow/example_dags/example_xcomargs.py
[2024-10-26T07:10:33.286+0000] {logging_mixin.py:190} INFO - [2024-10-26T07:10:33.286+0000] {dag.py:3239} INFO - Sync 2 DAGs
[2024-10-26T07:10:33.294+0000] {logging_mixin.py:190} INFO - [2024-10-26T07:10:33.293+0000] {dag.py:4180} INFO - Setting next_dagrun for example_xcom_args to None, run_after=None
[2024-10-26T07:10:33.296+0000] {logging_mixin.py:190} INFO - [2024-10-26T07:10:33.295+0000] {dag.py:4180} INFO - Setting next_dagrun for example_xcom_args_with_operators to None, run_after=None
[2024-10-26T07:10:33.307+0000] {processor.py:208} INFO - Processing /home/airflow/.local/lib/python3.12/site-packages/airflow/example_dags/example_xcomargs.py took 0.048 seconds
[2024-10-26T07:11:04.423+0000] {processor.py:186} INFO - Started process (PID=78736) to work on /home/airflow/.local/lib/python3.12/site-packages/airflow/example_dags/example_xcomargs.py
[2024-10-26T07:11:04.425+0000] {processor.py:914} INFO - Processing file /home/airflow/.local/lib/python3.12/site-packages/airflow/example_dags/example_xcomargs.py for tasks to queue
[2024-10-26T07:11:04.428+0000] {logging_mixin.py:190} INFO - [2024-10-26T07:11:04.427+0000] {dagbag.py:588} INFO - Filling up the DagBag from /home/airflow/.local/lib/python3.12/site-packages/airflow/example_dags/example_xcomargs.py
[2024-10-26T07:11:04.442+0000] {processor.py:925} INFO - DAG(s) 'example_xcom_args_with_operators', 'example_xcom_args' retrieved from /home/airflow/.local/lib/python3.12/site-packages/airflow/example_dags/example_xcomargs.py
[2024-10-26T07:11:04.554+0000] {logging_mixin.py:190} INFO - [2024-10-26T07:11:04.552+0000] {dag.py:3239} INFO - Sync 2 DAGs
[2024-10-26T07:11:04.599+0000] {logging_mixin.py:190} INFO - [2024-10-26T07:11:04.599+0000] {dag.py:4180} INFO - Setting next_dagrun for example_xcom_args to None, run_after=None
[2024-10-26T07:11:04.603+0000] {logging_mixin.py:190} INFO - [2024-10-26T07:11:04.603+0000] {dag.py:4180} INFO - Setting next_dagrun for example_xcom_args_with_operators to None, run_after=None
[2024-10-26T07:11:04.621+0000] {processor.py:208} INFO - Processing /home/airflow/.local/lib/python3.12/site-packages/airflow/example_dags/example_xcomargs.py took 0.204 seconds
[2024-10-26T07:11:35.000+0000] {processor.py:186} INFO - Started process (PID=79027) to work on /home/airflow/.local/lib/python3.12/site-packages/airflow/example_dags/example_xcomargs.py
[2024-10-26T07:11:35.001+0000] {processor.py:914} INFO - Processing file /home/airflow/.local/lib/python3.12/site-packages/airflow/example_dags/example_xcomargs.py for tasks to queue
[2024-10-26T07:11:35.003+0000] {logging_mixin.py:190} INFO - [2024-10-26T07:11:35.002+0000] {dagbag.py:588} INFO - Filling up the DagBag from /home/airflow/.local/lib/python3.12/site-packages/airflow/example_dags/example_xcomargs.py
[2024-10-26T07:11:35.008+0000] {processor.py:925} INFO - DAG(s) 'example_xcom_args_with_operators', 'example_xcom_args' retrieved from /home/airflow/.local/lib/python3.12/site-packages/airflow/example_dags/example_xcomargs.py
[2024-10-26T07:11:35.025+0000] {logging_mixin.py:190} INFO - [2024-10-26T07:11:35.025+0000] {dag.py:3239} INFO - Sync 2 DAGs
[2024-10-26T07:11:35.036+0000] {logging_mixin.py:190} INFO - [2024-10-26T07:11:35.036+0000] {dag.py:4180} INFO - Setting next_dagrun for example_xcom_args to None, run_after=None
[2024-10-26T07:11:35.039+0000] {logging_mixin.py:190} INFO - [2024-10-26T07:11:35.039+0000] {dag.py:4180} INFO - Setting next_dagrun for example_xcom_args_with_operators to None, run_after=None
[2024-10-26T07:11:35.048+0000] {processor.py:208} INFO - Processing /home/airflow/.local/lib/python3.12/site-packages/airflow/example_dags/example_xcomargs.py took 0.052 seconds
[2024-10-26T07:12:05.812+0000] {processor.py:186} INFO - Started process (PID=79318) to work on /home/airflow/.local/lib/python3.12/site-packages/airflow/example_dags/example_xcomargs.py
[2024-10-26T07:12:05.813+0000] {processor.py:914} INFO - Processing file /home/airflow/.local/lib/python3.12/site-packages/airflow/example_dags/example_xcomargs.py for tasks to queue
[2024-10-26T07:12:05.815+0000] {logging_mixin.py:190} INFO - [2024-10-26T07:12:05.814+0000] {dagbag.py:588} INFO - Filling up the DagBag from /home/airflow/.local/lib/python3.12/site-packages/airflow/example_dags/example_xcomargs.py
[2024-10-26T07:12:05.821+0000] {processor.py:925} INFO - DAG(s) 'example_xcom_args_with_operators', 'example_xcom_args' retrieved from /home/airflow/.local/lib/python3.12/site-packages/airflow/example_dags/example_xcomargs.py
[2024-10-26T07:12:05.840+0000] {logging_mixin.py:190} INFO - [2024-10-26T07:12:05.840+0000] {dag.py:3239} INFO - Sync 2 DAGs
[2024-10-26T07:12:05.849+0000] {logging_mixin.py:190} INFO - [2024-10-26T07:12:05.849+0000] {dag.py:4180} INFO - Setting next_dagrun for example_xcom_args to None, run_after=None
[2024-10-26T07:12:05.851+0000] {logging_mixin.py:190} INFO - [2024-10-26T07:12:05.851+0000] {dag.py:4180} INFO - Setting next_dagrun for example_xcom_args_with_operators to None, run_after=None
[2024-10-26T07:12:05.862+0000] {processor.py:208} INFO - Processing /home/airflow/.local/lib/python3.12/site-packages/airflow/example_dags/example_xcomargs.py took 0.054 seconds
[2024-10-26T07:12:36.966+0000] {processor.py:186} INFO - Started process (PID=79609) to work on /home/airflow/.local/lib/python3.12/site-packages/airflow/example_dags/example_xcomargs.py
[2024-10-26T07:12:36.966+0000] {processor.py:914} INFO - Processing file /home/airflow/.local/lib/python3.12/site-packages/airflow/example_dags/example_xcomargs.py for tasks to queue
[2024-10-26T07:12:36.967+0000] {logging_mixin.py:190} INFO - [2024-10-26T07:12:36.967+0000] {dagbag.py:588} INFO - Filling up the DagBag from /home/airflow/.local/lib/python3.12/site-packages/airflow/example_dags/example_xcomargs.py
[2024-10-26T07:12:36.974+0000] {processor.py:925} INFO - DAG(s) 'example_xcom_args', 'example_xcom_args_with_operators' retrieved from /home/airflow/.local/lib/python3.12/site-packages/airflow/example_dags/example_xcomargs.py
[2024-10-26T07:12:36.990+0000] {logging_mixin.py:190} INFO - [2024-10-26T07:12:36.989+0000] {dag.py:3239} INFO - Sync 2 DAGs
[2024-10-26T07:12:36.999+0000] {logging_mixin.py:190} INFO - [2024-10-26T07:12:36.999+0000] {dag.py:4180} INFO - Setting next_dagrun for example_xcom_args to None, run_after=None
[2024-10-26T07:12:37.001+0000] {logging_mixin.py:190} INFO - [2024-10-26T07:12:37.001+0000] {dag.py:4180} INFO - Setting next_dagrun for example_xcom_args_with_operators to None, run_after=None
[2024-10-26T07:12:37.010+0000] {processor.py:208} INFO - Processing /home/airflow/.local/lib/python3.12/site-packages/airflow/example_dags/example_xcomargs.py took 0.048 seconds
[2024-10-26T07:13:07.994+0000] {processor.py:186} INFO - Started process (PID=79899) to work on /home/airflow/.local/lib/python3.12/site-packages/airflow/example_dags/example_xcomargs.py
[2024-10-26T07:13:07.994+0000] {processor.py:914} INFO - Processing file /home/airflow/.local/lib/python3.12/site-packages/airflow/example_dags/example_xcomargs.py for tasks to queue
[2024-10-26T07:13:07.995+0000] {logging_mixin.py:190} INFO - [2024-10-26T07:13:07.995+0000] {dagbag.py:588} INFO - Filling up the DagBag from /home/airflow/.local/lib/python3.12/site-packages/airflow/example_dags/example_xcomargs.py
[2024-10-26T07:13:08.008+0000] {processor.py:925} INFO - DAG(s) 'example_xcom_args_with_operators', 'example_xcom_args' retrieved from /home/airflow/.local/lib/python3.12/site-packages/airflow/example_dags/example_xcomargs.py
[2024-10-26T07:13:08.031+0000] {logging_mixin.py:190} INFO - [2024-10-26T07:13:08.031+0000] {dag.py:3239} INFO - Sync 2 DAGs
[2024-10-26T07:13:08.040+0000] {logging_mixin.py:190} INFO - [2024-10-26T07:13:08.040+0000] {dag.py:4180} INFO - Setting next_dagrun for example_xcom_args to None, run_after=None
[2024-10-26T07:13:08.042+0000] {logging_mixin.py:190} INFO - [2024-10-26T07:13:08.042+0000] {dag.py:4180} INFO - Setting next_dagrun for example_xcom_args_with_operators to None, run_after=None
[2024-10-26T07:13:08.051+0000] {processor.py:208} INFO - Processing /home/airflow/.local/lib/python3.12/site-packages/airflow/example_dags/example_xcomargs.py took 0.061 seconds
[2024-10-26T07:13:38.934+0000] {processor.py:186} INFO - Started process (PID=80190) to work on /home/airflow/.local/lib/python3.12/site-packages/airflow/example_dags/example_xcomargs.py
[2024-10-26T07:13:38.935+0000] {processor.py:914} INFO - Processing file /home/airflow/.local/lib/python3.12/site-packages/airflow/example_dags/example_xcomargs.py for tasks to queue
[2024-10-26T07:13:38.935+0000] {logging_mixin.py:190} INFO - [2024-10-26T07:13:38.935+0000] {dagbag.py:588} INFO - Filling up the DagBag from /home/airflow/.local/lib/python3.12/site-packages/airflow/example_dags/example_xcomargs.py
[2024-10-26T07:13:38.942+0000] {processor.py:925} INFO - DAG(s) 'example_xcom_args', 'example_xcom_args_with_operators' retrieved from /home/airflow/.local/lib/python3.12/site-packages/airflow/example_dags/example_xcomargs.py
[2024-10-26T07:13:38.965+0000] {logging_mixin.py:190} INFO - [2024-10-26T07:13:38.965+0000] {dag.py:3239} INFO - Sync 2 DAGs
[2024-10-26T07:13:38.974+0000] {logging_mixin.py:190} INFO - [2024-10-26T07:13:38.974+0000] {dag.py:4180} INFO - Setting next_dagrun for example_xcom_args to None, run_after=None
[2024-10-26T07:13:38.976+0000] {logging_mixin.py:190} INFO - [2024-10-26T07:13:38.976+0000] {dag.py:4180} INFO - Setting next_dagrun for example_xcom_args_with_operators to None, run_after=None
[2024-10-26T07:13:38.986+0000] {processor.py:208} INFO - Processing /home/airflow/.local/lib/python3.12/site-packages/airflow/example_dags/example_xcomargs.py took 0.055 seconds
[2024-10-26T07:14:09.664+0000] {processor.py:186} INFO - Started process (PID=80481) to work on /home/airflow/.local/lib/python3.12/site-packages/airflow/example_dags/example_xcomargs.py
[2024-10-26T07:14:09.665+0000] {processor.py:914} INFO - Processing file /home/airflow/.local/lib/python3.12/site-packages/airflow/example_dags/example_xcomargs.py for tasks to queue
[2024-10-26T07:14:09.667+0000] {logging_mixin.py:190} INFO - [2024-10-26T07:14:09.667+0000] {dagbag.py:588} INFO - Filling up the DagBag from /home/airflow/.local/lib/python3.12/site-packages/airflow/example_dags/example_xcomargs.py
[2024-10-26T07:14:09.674+0000] {processor.py:925} INFO - DAG(s) 'example_xcom_args_with_operators', 'example_xcom_args' retrieved from /home/airflow/.local/lib/python3.12/site-packages/airflow/example_dags/example_xcomargs.py
[2024-10-26T07:14:09.692+0000] {logging_mixin.py:190} INFO - [2024-10-26T07:14:09.692+0000] {dag.py:3239} INFO - Sync 2 DAGs
[2024-10-26T07:14:09.802+0000] {logging_mixin.py:190} INFO - [2024-10-26T07:14:09.802+0000] {dag.py:4180} INFO - Setting next_dagrun for example_xcom_args to None, run_after=None
[2024-10-26T07:14:09.804+0000] {logging_mixin.py:190} INFO - [2024-10-26T07:14:09.804+0000] {dag.py:4180} INFO - Setting next_dagrun for example_xcom_args_with_operators to None, run_after=None
[2024-10-26T07:14:09.812+0000] {processor.py:208} INFO - Processing /home/airflow/.local/lib/python3.12/site-packages/airflow/example_dags/example_xcomargs.py took 0.152 seconds
[2024-10-26T07:14:40.982+0000] {processor.py:186} INFO - Started process (PID=80772) to work on /home/airflow/.local/lib/python3.12/site-packages/airflow/example_dags/example_xcomargs.py
[2024-10-26T07:14:40.983+0000] {processor.py:914} INFO - Processing file /home/airflow/.local/lib/python3.12/site-packages/airflow/example_dags/example_xcomargs.py for tasks to queue
[2024-10-26T07:14:40.985+0000] {logging_mixin.py:190} INFO - [2024-10-26T07:14:40.985+0000] {dagbag.py:588} INFO - Filling up the DagBag from /home/airflow/.local/lib/python3.12/site-packages/airflow/example_dags/example_xcomargs.py
[2024-10-26T07:14:40.998+0000] {processor.py:925} INFO - DAG(s) 'example_xcom_args_with_operators', 'example_xcom_args' retrieved from /home/airflow/.local/lib/python3.12/site-packages/airflow/example_dags/example_xcomargs.py
[2024-10-26T07:14:41.035+0000] {logging_mixin.py:190} INFO - [2024-10-26T07:14:41.034+0000] {dag.py:3239} INFO - Sync 2 DAGs
[2024-10-26T07:14:41.046+0000] {logging_mixin.py:190} INFO - [2024-10-26T07:14:41.046+0000] {dag.py:4180} INFO - Setting next_dagrun for example_xcom_args to None, run_after=None
[2024-10-26T07:14:41.049+0000] {logging_mixin.py:190} INFO - [2024-10-26T07:14:41.049+0000] {dag.py:4180} INFO - Setting next_dagrun for example_xcom_args_with_operators to None, run_after=None
[2024-10-26T07:14:41.252+0000] {processor.py:208} INFO - Processing /home/airflow/.local/lib/python3.12/site-packages/airflow/example_dags/example_xcomargs.py took 0.277 seconds
[2024-10-26T07:15:11.760+0000] {processor.py:186} INFO - Started process (PID=81063) to work on /home/airflow/.local/lib/python3.12/site-packages/airflow/example_dags/example_xcomargs.py
[2024-10-26T07:15:11.764+0000] {processor.py:914} INFO - Processing file /home/airflow/.local/lib/python3.12/site-packages/airflow/example_dags/example_xcomargs.py for tasks to queue
[2024-10-26T07:15:11.766+0000] {logging_mixin.py:190} INFO - [2024-10-26T07:15:11.765+0000] {dagbag.py:588} INFO - Filling up the DagBag from /home/airflow/.local/lib/python3.12/site-packages/airflow/example_dags/example_xcomargs.py
[2024-10-26T07:15:11.774+0000] {processor.py:925} INFO - DAG(s) 'example_xcom_args', 'example_xcom_args_with_operators' retrieved from /home/airflow/.local/lib/python3.12/site-packages/airflow/example_dags/example_xcomargs.py
[2024-10-26T07:15:11.793+0000] {logging_mixin.py:190} INFO - [2024-10-26T07:15:11.793+0000] {dag.py:3239} INFO - Sync 2 DAGs
[2024-10-26T07:15:11.806+0000] {logging_mixin.py:190} INFO - [2024-10-26T07:15:11.806+0000] {dag.py:4180} INFO - Setting next_dagrun for example_xcom_args to None, run_after=None
[2024-10-26T07:15:11.811+0000] {logging_mixin.py:190} INFO - [2024-10-26T07:15:11.811+0000] {dag.py:4180} INFO - Setting next_dagrun for example_xcom_args_with_operators to None, run_after=None
[2024-10-26T07:15:11.821+0000] {processor.py:208} INFO - Processing /home/airflow/.local/lib/python3.12/site-packages/airflow/example_dags/example_xcomargs.py took 0.065 seconds
[2024-10-26T07:15:42.127+0000] {processor.py:186} INFO - Started process (PID=81349) to work on /home/airflow/.local/lib/python3.12/site-packages/airflow/example_dags/example_xcomargs.py
[2024-10-26T07:15:42.153+0000] {processor.py:914} INFO - Processing file /home/airflow/.local/lib/python3.12/site-packages/airflow/example_dags/example_xcomargs.py for tasks to queue
[2024-10-26T07:15:42.155+0000] {logging_mixin.py:190} INFO - [2024-10-26T07:15:42.154+0000] {dagbag.py:588} INFO - Filling up the DagBag from /home/airflow/.local/lib/python3.12/site-packages/airflow/example_dags/example_xcomargs.py
[2024-10-26T07:15:42.181+0000] {processor.py:925} INFO - DAG(s) 'example_xcom_args', 'example_xcom_args_with_operators' retrieved from /home/airflow/.local/lib/python3.12/site-packages/airflow/example_dags/example_xcomargs.py
[2024-10-26T07:15:42.211+0000] {logging_mixin.py:190} INFO - [2024-10-26T07:15:42.211+0000] {dag.py:3239} INFO - Sync 2 DAGs
[2024-10-26T07:15:42.253+0000] {logging_mixin.py:190} INFO - [2024-10-26T07:15:42.252+0000] {dag.py:4180} INFO - Setting next_dagrun for example_xcom_args to None, run_after=None
[2024-10-26T07:15:42.265+0000] {logging_mixin.py:190} INFO - [2024-10-26T07:15:42.265+0000] {dag.py:4180} INFO - Setting next_dagrun for example_xcom_args_with_operators to None, run_after=None
[2024-10-26T07:15:42.289+0000] {processor.py:208} INFO - Processing /home/airflow/.local/lib/python3.12/site-packages/airflow/example_dags/example_xcomargs.py took 0.166 seconds
[2024-10-26T07:16:13.232+0000] {processor.py:186} INFO - Started process (PID=81645) to work on /home/airflow/.local/lib/python3.12/site-packages/airflow/example_dags/example_xcomargs.py
[2024-10-26T07:16:13.237+0000] {processor.py:914} INFO - Processing file /home/airflow/.local/lib/python3.12/site-packages/airflow/example_dags/example_xcomargs.py for tasks to queue
[2024-10-26T07:16:13.238+0000] {logging_mixin.py:190} INFO - [2024-10-26T07:16:13.238+0000] {dagbag.py:588} INFO - Filling up the DagBag from /home/airflow/.local/lib/python3.12/site-packages/airflow/example_dags/example_xcomargs.py
[2024-10-26T07:16:13.244+0000] {processor.py:925} INFO - DAG(s) 'example_xcom_args', 'example_xcom_args_with_operators' retrieved from /home/airflow/.local/lib/python3.12/site-packages/airflow/example_dags/example_xcomargs.py
[2024-10-26T07:16:13.269+0000] {logging_mixin.py:190} INFO - [2024-10-26T07:16:13.269+0000] {dag.py:3239} INFO - Sync 2 DAGs
[2024-10-26T07:16:13.278+0000] {logging_mixin.py:190} INFO - [2024-10-26T07:16:13.278+0000] {dag.py:4180} INFO - Setting next_dagrun for example_xcom_args to None, run_after=None
[2024-10-26T07:16:13.281+0000] {logging_mixin.py:190} INFO - [2024-10-26T07:16:13.280+0000] {dag.py:4180} INFO - Setting next_dagrun for example_xcom_args_with_operators to None, run_after=None
[2024-10-26T07:16:13.292+0000] {processor.py:208} INFO - Processing /home/airflow/.local/lib/python3.12/site-packages/airflow/example_dags/example_xcomargs.py took 0.064 seconds
[2024-10-26T07:16:43.650+0000] {processor.py:186} INFO - Started process (PID=81936) to work on /home/airflow/.local/lib/python3.12/site-packages/airflow/example_dags/example_xcomargs.py
[2024-10-26T07:16:43.652+0000] {processor.py:914} INFO - Processing file /home/airflow/.local/lib/python3.12/site-packages/airflow/example_dags/example_xcomargs.py for tasks to queue
[2024-10-26T07:16:43.654+0000] {logging_mixin.py:190} INFO - [2024-10-26T07:16:43.654+0000] {dagbag.py:588} INFO - Filling up the DagBag from /home/airflow/.local/lib/python3.12/site-packages/airflow/example_dags/example_xcomargs.py
[2024-10-26T07:16:43.660+0000] {processor.py:925} INFO - DAG(s) 'example_xcom_args', 'example_xcom_args_with_operators' retrieved from /home/airflow/.local/lib/python3.12/site-packages/airflow/example_dags/example_xcomargs.py
[2024-10-26T07:16:43.673+0000] {logging_mixin.py:190} INFO - [2024-10-26T07:16:43.673+0000] {dag.py:3239} INFO - Sync 2 DAGs
[2024-10-26T07:16:43.681+0000] {logging_mixin.py:190} INFO - [2024-10-26T07:16:43.681+0000] {dag.py:4180} INFO - Setting next_dagrun for example_xcom_args to None, run_after=None
[2024-10-26T07:16:43.683+0000] {logging_mixin.py:190} INFO - [2024-10-26T07:16:43.683+0000] {dag.py:4180} INFO - Setting next_dagrun for example_xcom_args_with_operators to None, run_after=None
[2024-10-26T07:16:43.691+0000] {processor.py:208} INFO - Processing /home/airflow/.local/lib/python3.12/site-packages/airflow/example_dags/example_xcomargs.py took 0.044 seconds
[2024-10-26T07:17:14.310+0000] {processor.py:186} INFO - Started process (PID=82226) to work on /home/airflow/.local/lib/python3.12/site-packages/airflow/example_dags/example_xcomargs.py
[2024-10-26T07:17:14.311+0000] {processor.py:914} INFO - Processing file /home/airflow/.local/lib/python3.12/site-packages/airflow/example_dags/example_xcomargs.py for tasks to queue
[2024-10-26T07:17:14.312+0000] {logging_mixin.py:190} INFO - [2024-10-26T07:17:14.311+0000] {dagbag.py:588} INFO - Filling up the DagBag from /home/airflow/.local/lib/python3.12/site-packages/airflow/example_dags/example_xcomargs.py
[2024-10-26T07:17:14.317+0000] {processor.py:925} INFO - DAG(s) 'example_xcom_args_with_operators', 'example_xcom_args' retrieved from /home/airflow/.local/lib/python3.12/site-packages/airflow/example_dags/example_xcomargs.py
[2024-10-26T07:17:14.328+0000] {logging_mixin.py:190} INFO - [2024-10-26T07:17:14.328+0000] {dag.py:3239} INFO - Sync 2 DAGs
[2024-10-26T07:17:14.336+0000] {logging_mixin.py:190} INFO - [2024-10-26T07:17:14.336+0000] {dag.py:4180} INFO - Setting next_dagrun for example_xcom_args to None, run_after=None
[2024-10-26T07:17:14.337+0000] {logging_mixin.py:190} INFO - [2024-10-26T07:17:14.337+0000] {dag.py:4180} INFO - Setting next_dagrun for example_xcom_args_with_operators to None, run_after=None
[2024-10-26T07:17:14.345+0000] {processor.py:208} INFO - Processing /home/airflow/.local/lib/python3.12/site-packages/airflow/example_dags/example_xcomargs.py took 0.037 seconds
[2024-10-26T07:17:45.375+0000] {processor.py:186} INFO - Started process (PID=82517) to work on /home/airflow/.local/lib/python3.12/site-packages/airflow/example_dags/example_xcomargs.py
[2024-10-26T07:17:45.379+0000] {processor.py:914} INFO - Processing file /home/airflow/.local/lib/python3.12/site-packages/airflow/example_dags/example_xcomargs.py for tasks to queue
[2024-10-26T07:17:45.380+0000] {logging_mixin.py:190} INFO - [2024-10-26T07:17:45.380+0000] {dagbag.py:588} INFO - Filling up the DagBag from /home/airflow/.local/lib/python3.12/site-packages/airflow/example_dags/example_xcomargs.py
[2024-10-26T07:17:45.388+0000] {processor.py:925} INFO - DAG(s) 'example_xcom_args_with_operators', 'example_xcom_args' retrieved from /home/airflow/.local/lib/python3.12/site-packages/airflow/example_dags/example_xcomargs.py
[2024-10-26T07:17:45.404+0000] {logging_mixin.py:190} INFO - [2024-10-26T07:17:45.404+0000] {dag.py:3239} INFO - Sync 2 DAGs
[2024-10-26T07:17:45.413+0000] {logging_mixin.py:190} INFO - [2024-10-26T07:17:45.412+0000] {dag.py:4180} INFO - Setting next_dagrun for example_xcom_args to None, run_after=None
[2024-10-26T07:17:45.414+0000] {logging_mixin.py:190} INFO - [2024-10-26T07:17:45.414+0000] {dag.py:4180} INFO - Setting next_dagrun for example_xcom_args_with_operators to None, run_after=None
[2024-10-26T07:17:45.422+0000] {processor.py:208} INFO - Processing /home/airflow/.local/lib/python3.12/site-packages/airflow/example_dags/example_xcomargs.py took 0.051 seconds
[2024-10-26T07:18:16.588+0000] {processor.py:186} INFO - Started process (PID=82808) to work on /home/airflow/.local/lib/python3.12/site-packages/airflow/example_dags/example_xcomargs.py
[2024-10-26T07:18:16.592+0000] {processor.py:914} INFO - Processing file /home/airflow/.local/lib/python3.12/site-packages/airflow/example_dags/example_xcomargs.py for tasks to queue
[2024-10-26T07:18:16.594+0000] {logging_mixin.py:190} INFO - [2024-10-26T07:18:16.593+0000] {dagbag.py:588} INFO - Filling up the DagBag from /home/airflow/.local/lib/python3.12/site-packages/airflow/example_dags/example_xcomargs.py
[2024-10-26T07:18:16.603+0000] {processor.py:925} INFO - DAG(s) 'example_xcom_args', 'example_xcom_args_with_operators' retrieved from /home/airflow/.local/lib/python3.12/site-packages/airflow/example_dags/example_xcomargs.py
[2024-10-26T07:18:16.621+0000] {logging_mixin.py:190} INFO - [2024-10-26T07:18:16.621+0000] {dag.py:3239} INFO - Sync 2 DAGs
[2024-10-26T07:18:16.629+0000] {logging_mixin.py:190} INFO - [2024-10-26T07:18:16.629+0000] {dag.py:4180} INFO - Setting next_dagrun for example_xcom_args to None, run_after=None
[2024-10-26T07:18:16.631+0000] {logging_mixin.py:190} INFO - [2024-10-26T07:18:16.631+0000] {dag.py:4180} INFO - Setting next_dagrun for example_xcom_args_with_operators to None, run_after=None
[2024-10-26T07:18:16.639+0000] {processor.py:208} INFO - Processing /home/airflow/.local/lib/python3.12/site-packages/airflow/example_dags/example_xcomargs.py took 0.055 seconds
[2024-10-26T07:18:47.822+0000] {processor.py:186} INFO - Started process (PID=83099) to work on /home/airflow/.local/lib/python3.12/site-packages/airflow/example_dags/example_xcomargs.py
[2024-10-26T07:18:47.823+0000] {processor.py:914} INFO - Processing file /home/airflow/.local/lib/python3.12/site-packages/airflow/example_dags/example_xcomargs.py for tasks to queue
[2024-10-26T07:18:47.825+0000] {logging_mixin.py:190} INFO - [2024-10-26T07:18:47.825+0000] {dagbag.py:588} INFO - Filling up the DagBag from /home/airflow/.local/lib/python3.12/site-packages/airflow/example_dags/example_xcomargs.py
[2024-10-26T07:18:47.832+0000] {processor.py:925} INFO - DAG(s) 'example_xcom_args', 'example_xcom_args_with_operators' retrieved from /home/airflow/.local/lib/python3.12/site-packages/airflow/example_dags/example_xcomargs.py
[2024-10-26T07:18:47.851+0000] {logging_mixin.py:190} INFO - [2024-10-26T07:18:47.851+0000] {dag.py:3239} INFO - Sync 2 DAGs
[2024-10-26T07:18:47.859+0000] {logging_mixin.py:190} INFO - [2024-10-26T07:18:47.859+0000] {dag.py:4180} INFO - Setting next_dagrun for example_xcom_args to None, run_after=None
[2024-10-26T07:18:47.861+0000] {logging_mixin.py:190} INFO - [2024-10-26T07:18:47.861+0000] {dag.py:4180} INFO - Setting next_dagrun for example_xcom_args_with_operators to None, run_after=None
[2024-10-26T07:18:47.868+0000] {processor.py:208} INFO - Processing /home/airflow/.local/lib/python3.12/site-packages/airflow/example_dags/example_xcomargs.py took 0.049 seconds
[2024-10-26T07:19:18.195+0000] {processor.py:186} INFO - Started process (PID=83389) to work on /home/airflow/.local/lib/python3.12/site-packages/airflow/example_dags/example_xcomargs.py
[2024-10-26T07:19:18.197+0000] {processor.py:914} INFO - Processing file /home/airflow/.local/lib/python3.12/site-packages/airflow/example_dags/example_xcomargs.py for tasks to queue
[2024-10-26T07:19:18.199+0000] {logging_mixin.py:190} INFO - [2024-10-26T07:19:18.199+0000] {dagbag.py:588} INFO - Filling up the DagBag from /home/airflow/.local/lib/python3.12/site-packages/airflow/example_dags/example_xcomargs.py
[2024-10-26T07:19:18.206+0000] {processor.py:925} INFO - DAG(s) 'example_xcom_args', 'example_xcom_args_with_operators' retrieved from /home/airflow/.local/lib/python3.12/site-packages/airflow/example_dags/example_xcomargs.py
[2024-10-26T07:19:18.218+0000] {logging_mixin.py:190} INFO - [2024-10-26T07:19:18.217+0000] {dag.py:3239} INFO - Sync 2 DAGs
[2024-10-26T07:19:18.225+0000] {logging_mixin.py:190} INFO - [2024-10-26T07:19:18.225+0000] {dag.py:4180} INFO - Setting next_dagrun for example_xcom_args to None, run_after=None
[2024-10-26T07:19:18.227+0000] {logging_mixin.py:190} INFO - [2024-10-26T07:19:18.227+0000] {dag.py:4180} INFO - Setting next_dagrun for example_xcom_args_with_operators to None, run_after=None
[2024-10-26T07:19:18.234+0000] {processor.py:208} INFO - Processing /home/airflow/.local/lib/python3.12/site-packages/airflow/example_dags/example_xcomargs.py took 0.042 seconds
[2024-10-26T07:19:49.501+0000] {processor.py:186} INFO - Started process (PID=83680) to work on /home/airflow/.local/lib/python3.12/site-packages/airflow/example_dags/example_xcomargs.py
[2024-10-26T07:19:49.502+0000] {processor.py:914} INFO - Processing file /home/airflow/.local/lib/python3.12/site-packages/airflow/example_dags/example_xcomargs.py for tasks to queue
[2024-10-26T07:19:49.503+0000] {logging_mixin.py:190} INFO - [2024-10-26T07:19:49.502+0000] {dagbag.py:588} INFO - Filling up the DagBag from /home/airflow/.local/lib/python3.12/site-packages/airflow/example_dags/example_xcomargs.py
[2024-10-26T07:19:49.508+0000] {processor.py:925} INFO - DAG(s) 'example_xcom_args', 'example_xcom_args_with_operators' retrieved from /home/airflow/.local/lib/python3.12/site-packages/airflow/example_dags/example_xcomargs.py
[2024-10-26T07:19:49.521+0000] {logging_mixin.py:190} INFO - [2024-10-26T07:19:49.521+0000] {dag.py:3239} INFO - Sync 2 DAGs
[2024-10-26T07:19:49.529+0000] {logging_mixin.py:190} INFO - [2024-10-26T07:19:49.529+0000] {dag.py:4180} INFO - Setting next_dagrun for example_xcom_args to None, run_after=None
[2024-10-26T07:19:49.531+0000] {logging_mixin.py:190} INFO - [2024-10-26T07:19:49.531+0000] {dag.py:4180} INFO - Setting next_dagrun for example_xcom_args_with_operators to None, run_after=None
[2024-10-26T07:19:49.538+0000] {processor.py:208} INFO - Processing /home/airflow/.local/lib/python3.12/site-packages/airflow/example_dags/example_xcomargs.py took 0.040 seconds
[2024-10-26T07:20:20.357+0000] {processor.py:186} INFO - Started process (PID=83971) to work on /home/airflow/.local/lib/python3.12/site-packages/airflow/example_dags/example_xcomargs.py
[2024-10-26T07:20:20.358+0000] {processor.py:914} INFO - Processing file /home/airflow/.local/lib/python3.12/site-packages/airflow/example_dags/example_xcomargs.py for tasks to queue
[2024-10-26T07:20:20.360+0000] {logging_mixin.py:190} INFO - [2024-10-26T07:20:20.360+0000] {dagbag.py:588} INFO - Filling up the DagBag from /home/airflow/.local/lib/python3.12/site-packages/airflow/example_dags/example_xcomargs.py
[2024-10-26T07:20:20.366+0000] {processor.py:925} INFO - DAG(s) 'example_xcom_args_with_operators', 'example_xcom_args' retrieved from /home/airflow/.local/lib/python3.12/site-packages/airflow/example_dags/example_xcomargs.py
[2024-10-26T07:20:20.401+0000] {logging_mixin.py:190} INFO - [2024-10-26T07:20:20.401+0000] {dag.py:3239} INFO - Sync 2 DAGs
[2024-10-26T07:20:20.410+0000] {logging_mixin.py:190} INFO - [2024-10-26T07:20:20.410+0000] {dag.py:4180} INFO - Setting next_dagrun for example_xcom_args to None, run_after=None
[2024-10-26T07:20:20.413+0000] {logging_mixin.py:190} INFO - [2024-10-26T07:20:20.413+0000] {dag.py:4180} INFO - Setting next_dagrun for example_xcom_args_with_operators to None, run_after=None
[2024-10-26T07:20:20.423+0000] {processor.py:208} INFO - Processing /home/airflow/.local/lib/python3.12/site-packages/airflow/example_dags/example_xcomargs.py took 0.071 seconds
[2024-10-26T07:20:51.470+0000] {processor.py:186} INFO - Started process (PID=84262) to work on /home/airflow/.local/lib/python3.12/site-packages/airflow/example_dags/example_xcomargs.py
[2024-10-26T07:20:51.472+0000] {processor.py:914} INFO - Processing file /home/airflow/.local/lib/python3.12/site-packages/airflow/example_dags/example_xcomargs.py for tasks to queue
[2024-10-26T07:20:51.473+0000] {logging_mixin.py:190} INFO - [2024-10-26T07:20:51.473+0000] {dagbag.py:588} INFO - Filling up the DagBag from /home/airflow/.local/lib/python3.12/site-packages/airflow/example_dags/example_xcomargs.py
[2024-10-26T07:20:51.478+0000] {processor.py:925} INFO - DAG(s) 'example_xcom_args', 'example_xcom_args_with_operators' retrieved from /home/airflow/.local/lib/python3.12/site-packages/airflow/example_dags/example_xcomargs.py
[2024-10-26T07:20:51.498+0000] {logging_mixin.py:190} INFO - [2024-10-26T07:20:51.498+0000] {dag.py:3239} INFO - Sync 2 DAGs
[2024-10-26T07:20:51.506+0000] {logging_mixin.py:190} INFO - [2024-10-26T07:20:51.506+0000] {dag.py:4180} INFO - Setting next_dagrun for example_xcom_args to None, run_after=None
[2024-10-26T07:20:51.509+0000] {logging_mixin.py:190} INFO - [2024-10-26T07:20:51.509+0000] {dag.py:4180} INFO - Setting next_dagrun for example_xcom_args_with_operators to None, run_after=None
[2024-10-26T07:20:51.517+0000] {processor.py:208} INFO - Processing /home/airflow/.local/lib/python3.12/site-packages/airflow/example_dags/example_xcomargs.py took 0.050 seconds
[2024-10-26T07:21:22.204+0000] {processor.py:186} INFO - Started process (PID=84553) to work on /home/airflow/.local/lib/python3.12/site-packages/airflow/example_dags/example_xcomargs.py
[2024-10-26T07:21:22.205+0000] {processor.py:914} INFO - Processing file /home/airflow/.local/lib/python3.12/site-packages/airflow/example_dags/example_xcomargs.py for tasks to queue
[2024-10-26T07:21:22.207+0000] {logging_mixin.py:190} INFO - [2024-10-26T07:21:22.207+0000] {dagbag.py:588} INFO - Filling up the DagBag from /home/airflow/.local/lib/python3.12/site-packages/airflow/example_dags/example_xcomargs.py
[2024-10-26T07:21:22.213+0000] {processor.py:925} INFO - DAG(s) 'example_xcom_args', 'example_xcom_args_with_operators' retrieved from /home/airflow/.local/lib/python3.12/site-packages/airflow/example_dags/example_xcomargs.py
[2024-10-26T07:21:22.238+0000] {logging_mixin.py:190} INFO - [2024-10-26T07:21:22.238+0000] {dag.py:3239} INFO - Sync 2 DAGs
[2024-10-26T07:21:22.249+0000] {logging_mixin.py:190} INFO - [2024-10-26T07:21:22.249+0000] {dag.py:4180} INFO - Setting next_dagrun for example_xcom_args to None, run_after=None
[2024-10-26T07:21:22.257+0000] {logging_mixin.py:190} INFO - [2024-10-26T07:21:22.257+0000] {dag.py:4180} INFO - Setting next_dagrun for example_xcom_args_with_operators to None, run_after=None
[2024-10-26T07:21:22.280+0000] {processor.py:208} INFO - Processing /home/airflow/.local/lib/python3.12/site-packages/airflow/example_dags/example_xcomargs.py took 0.079 seconds
[2024-10-26T07:21:53.255+0000] {processor.py:186} INFO - Started process (PID=84844) to work on /home/airflow/.local/lib/python3.12/site-packages/airflow/example_dags/example_xcomargs.py
[2024-10-26T07:21:53.257+0000] {processor.py:914} INFO - Processing file /home/airflow/.local/lib/python3.12/site-packages/airflow/example_dags/example_xcomargs.py for tasks to queue
[2024-10-26T07:21:53.261+0000] {logging_mixin.py:190} INFO - [2024-10-26T07:21:53.261+0000] {dagbag.py:588} INFO - Filling up the DagBag from /home/airflow/.local/lib/python3.12/site-packages/airflow/example_dags/example_xcomargs.py
[2024-10-26T07:21:53.275+0000] {processor.py:925} INFO - DAG(s) 'example_xcom_args', 'example_xcom_args_with_operators' retrieved from /home/airflow/.local/lib/python3.12/site-packages/airflow/example_dags/example_xcomargs.py
[2024-10-26T07:21:53.306+0000] {logging_mixin.py:190} INFO - [2024-10-26T07:21:53.306+0000] {dag.py:3239} INFO - Sync 2 DAGs
[2024-10-26T07:21:53.345+0000] {logging_mixin.py:190} INFO - [2024-10-26T07:21:53.344+0000] {dag.py:4180} INFO - Setting next_dagrun for example_xcom_args to None, run_after=None
[2024-10-26T07:21:53.349+0000] {logging_mixin.py:190} INFO - [2024-10-26T07:21:53.349+0000] {dag.py:4180} INFO - Setting next_dagrun for example_xcom_args_with_operators to None, run_after=None
[2024-10-26T07:21:53.384+0000] {processor.py:208} INFO - Processing /home/airflow/.local/lib/python3.12/site-packages/airflow/example_dags/example_xcomargs.py took 0.134 seconds
[2024-10-26T07:22:24.015+0000] {processor.py:186} INFO - Started process (PID=85135) to work on /home/airflow/.local/lib/python3.12/site-packages/airflow/example_dags/example_xcomargs.py
[2024-10-26T07:22:24.016+0000] {processor.py:914} INFO - Processing file /home/airflow/.local/lib/python3.12/site-packages/airflow/example_dags/example_xcomargs.py for tasks to queue
[2024-10-26T07:22:24.020+0000] {logging_mixin.py:190} INFO - [2024-10-26T07:22:24.020+0000] {dagbag.py:588} INFO - Filling up the DagBag from /home/airflow/.local/lib/python3.12/site-packages/airflow/example_dags/example_xcomargs.py
[2024-10-26T07:22:24.025+0000] {processor.py:925} INFO - DAG(s) 'example_xcom_args_with_operators', 'example_xcom_args' retrieved from /home/airflow/.local/lib/python3.12/site-packages/airflow/example_dags/example_xcomargs.py
[2024-10-26T07:22:24.038+0000] {logging_mixin.py:190} INFO - [2024-10-26T07:22:24.038+0000] {dag.py:3239} INFO - Sync 2 DAGs
[2024-10-26T07:22:24.046+0000] {logging_mixin.py:190} INFO - [2024-10-26T07:22:24.046+0000] {dag.py:4180} INFO - Setting next_dagrun for example_xcom_args to None, run_after=None
[2024-10-26T07:22:24.048+0000] {logging_mixin.py:190} INFO - [2024-10-26T07:22:24.048+0000] {dag.py:4180} INFO - Setting next_dagrun for example_xcom_args_with_operators to None, run_after=None
[2024-10-26T07:22:24.055+0000] {processor.py:208} INFO - Processing /home/airflow/.local/lib/python3.12/site-packages/airflow/example_dags/example_xcomargs.py took 0.043 seconds
[2024-10-26T07:22:54.768+0000] {processor.py:186} INFO - Started process (PID=85426) to work on /home/airflow/.local/lib/python3.12/site-packages/airflow/example_dags/example_xcomargs.py
[2024-10-26T07:22:54.770+0000] {processor.py:914} INFO - Processing file /home/airflow/.local/lib/python3.12/site-packages/airflow/example_dags/example_xcomargs.py for tasks to queue
[2024-10-26T07:22:54.771+0000] {logging_mixin.py:190} INFO - [2024-10-26T07:22:54.771+0000] {dagbag.py:588} INFO - Filling up the DagBag from /home/airflow/.local/lib/python3.12/site-packages/airflow/example_dags/example_xcomargs.py
[2024-10-26T07:22:54.778+0000] {processor.py:925} INFO - DAG(s) 'example_xcom_args_with_operators', 'example_xcom_args' retrieved from /home/airflow/.local/lib/python3.12/site-packages/airflow/example_dags/example_xcomargs.py
[2024-10-26T07:22:54.795+0000] {logging_mixin.py:190} INFO - [2024-10-26T07:22:54.795+0000] {dag.py:3239} INFO - Sync 2 DAGs
[2024-10-26T07:22:54.803+0000] {logging_mixin.py:190} INFO - [2024-10-26T07:22:54.803+0000] {dag.py:4180} INFO - Setting next_dagrun for example_xcom_args to None, run_after=None
[2024-10-26T07:22:54.807+0000] {logging_mixin.py:190} INFO - [2024-10-26T07:22:54.807+0000] {dag.py:4180} INFO - Setting next_dagrun for example_xcom_args_with_operators to None, run_after=None
[2024-10-26T07:22:54.816+0000] {processor.py:208} INFO - Processing /home/airflow/.local/lib/python3.12/site-packages/airflow/example_dags/example_xcomargs.py took 0.051 seconds
[2024-10-26T07:23:25.637+0000] {processor.py:186} INFO - Started process (PID=85717) to work on /home/airflow/.local/lib/python3.12/site-packages/airflow/example_dags/example_xcomargs.py
[2024-10-26T07:23:25.637+0000] {processor.py:914} INFO - Processing file /home/airflow/.local/lib/python3.12/site-packages/airflow/example_dags/example_xcomargs.py for tasks to queue
[2024-10-26T07:23:25.639+0000] {logging_mixin.py:190} INFO - [2024-10-26T07:23:25.639+0000] {dagbag.py:588} INFO - Filling up the DagBag from /home/airflow/.local/lib/python3.12/site-packages/airflow/example_dags/example_xcomargs.py
[2024-10-26T07:23:25.648+0000] {processor.py:925} INFO - DAG(s) 'example_xcom_args_with_operators', 'example_xcom_args' retrieved from /home/airflow/.local/lib/python3.12/site-packages/airflow/example_dags/example_xcomargs.py
[2024-10-26T07:23:25.661+0000] {logging_mixin.py:190} INFO - [2024-10-26T07:23:25.661+0000] {dag.py:3239} INFO - Sync 2 DAGs
[2024-10-26T07:23:25.668+0000] {logging_mixin.py:190} INFO - [2024-10-26T07:23:25.668+0000] {dag.py:4180} INFO - Setting next_dagrun for example_xcom_args to None, run_after=None
[2024-10-26T07:23:25.672+0000] {logging_mixin.py:190} INFO - [2024-10-26T07:23:25.672+0000] {dag.py:4180} INFO - Setting next_dagrun for example_xcom_args_with_operators to None, run_after=None
[2024-10-26T07:23:25.680+0000] {processor.py:208} INFO - Processing /home/airflow/.local/lib/python3.12/site-packages/airflow/example_dags/example_xcomargs.py took 0.047 seconds
[2024-10-26T07:23:56.535+0000] {processor.py:186} INFO - Started process (PID=86010) to work on /home/airflow/.local/lib/python3.12/site-packages/airflow/example_dags/example_xcomargs.py
[2024-10-26T07:23:56.535+0000] {processor.py:914} INFO - Processing file /home/airflow/.local/lib/python3.12/site-packages/airflow/example_dags/example_xcomargs.py for tasks to queue
[2024-10-26T07:23:56.536+0000] {logging_mixin.py:190} INFO - [2024-10-26T07:23:56.536+0000] {dagbag.py:588} INFO - Filling up the DagBag from /home/airflow/.local/lib/python3.12/site-packages/airflow/example_dags/example_xcomargs.py
[2024-10-26T07:23:56.542+0000] {processor.py:925} INFO - DAG(s) 'example_xcom_args_with_operators', 'example_xcom_args' retrieved from /home/airflow/.local/lib/python3.12/site-packages/airflow/example_dags/example_xcomargs.py
[2024-10-26T07:23:56.566+0000] {logging_mixin.py:190} INFO - [2024-10-26T07:23:56.566+0000] {dag.py:3239} INFO - Sync 2 DAGs
[2024-10-26T07:23:56.575+0000] {logging_mixin.py:190} INFO - [2024-10-26T07:23:56.575+0000] {dag.py:4180} INFO - Setting next_dagrun for example_xcom_args to None, run_after=None
[2024-10-26T07:23:56.579+0000] {logging_mixin.py:190} INFO - [2024-10-26T07:23:56.579+0000] {dag.py:4180} INFO - Setting next_dagrun for example_xcom_args_with_operators to None, run_after=None
[2024-10-26T07:23:56.587+0000] {processor.py:208} INFO - Processing /home/airflow/.local/lib/python3.12/site-packages/airflow/example_dags/example_xcomargs.py took 0.056 seconds
[2024-10-26T07:24:27.132+0000] {processor.py:186} INFO - Started process (PID=86299) to work on /home/airflow/.local/lib/python3.12/site-packages/airflow/example_dags/example_xcomargs.py
[2024-10-26T07:24:27.134+0000] {processor.py:914} INFO - Processing file /home/airflow/.local/lib/python3.12/site-packages/airflow/example_dags/example_xcomargs.py for tasks to queue
[2024-10-26T07:24:27.136+0000] {logging_mixin.py:190} INFO - [2024-10-26T07:24:27.135+0000] {dagbag.py:588} INFO - Filling up the DagBag from /home/airflow/.local/lib/python3.12/site-packages/airflow/example_dags/example_xcomargs.py
[2024-10-26T07:24:27.143+0000] {processor.py:925} INFO - DAG(s) 'example_xcom_args_with_operators', 'example_xcom_args' retrieved from /home/airflow/.local/lib/python3.12/site-packages/airflow/example_dags/example_xcomargs.py
[2024-10-26T07:24:27.165+0000] {logging_mixin.py:190} INFO - [2024-10-26T07:24:27.164+0000] {dag.py:3239} INFO - Sync 2 DAGs
[2024-10-26T07:24:27.175+0000] {logging_mixin.py:190} INFO - [2024-10-26T07:24:27.175+0000] {dag.py:4180} INFO - Setting next_dagrun for example_xcom_args to None, run_after=None
[2024-10-26T07:24:27.177+0000] {logging_mixin.py:190} INFO - [2024-10-26T07:24:27.177+0000] {dag.py:4180} INFO - Setting next_dagrun for example_xcom_args_with_operators to None, run_after=None
[2024-10-26T07:24:27.188+0000] {processor.py:208} INFO - Processing /home/airflow/.local/lib/python3.12/site-packages/airflow/example_dags/example_xcomargs.py took 0.059 seconds
[2024-10-26T07:24:58.285+0000] {processor.py:186} INFO - Started process (PID=86590) to work on /home/airflow/.local/lib/python3.12/site-packages/airflow/example_dags/example_xcomargs.py
[2024-10-26T07:24:58.287+0000] {processor.py:914} INFO - Processing file /home/airflow/.local/lib/python3.12/site-packages/airflow/example_dags/example_xcomargs.py for tasks to queue
[2024-10-26T07:24:58.288+0000] {logging_mixin.py:190} INFO - [2024-10-26T07:24:58.288+0000] {dagbag.py:588} INFO - Filling up the DagBag from /home/airflow/.local/lib/python3.12/site-packages/airflow/example_dags/example_xcomargs.py
[2024-10-26T07:24:58.294+0000] {processor.py:925} INFO - DAG(s) 'example_xcom_args', 'example_xcom_args_with_operators' retrieved from /home/airflow/.local/lib/python3.12/site-packages/airflow/example_dags/example_xcomargs.py
[2024-10-26T07:24:58.309+0000] {logging_mixin.py:190} INFO - [2024-10-26T07:24:58.309+0000] {dag.py:3239} INFO - Sync 2 DAGs
[2024-10-26T07:24:58.318+0000] {logging_mixin.py:190} INFO - [2024-10-26T07:24:58.318+0000] {dag.py:4180} INFO - Setting next_dagrun for example_xcom_args to None, run_after=None
[2024-10-26T07:24:58.322+0000] {logging_mixin.py:190} INFO - [2024-10-26T07:24:58.322+0000] {dag.py:4180} INFO - Setting next_dagrun for example_xcom_args_with_operators to None, run_after=None
[2024-10-26T07:24:58.363+0000] {processor.py:208} INFO - Processing /home/airflow/.local/lib/python3.12/site-packages/airflow/example_dags/example_xcomargs.py took 0.082 seconds
[2024-10-26T07:25:28.856+0000] {processor.py:186} INFO - Started process (PID=86881) to work on /home/airflow/.local/lib/python3.12/site-packages/airflow/example_dags/example_xcomargs.py
[2024-10-26T07:25:28.859+0000] {processor.py:914} INFO - Processing file /home/airflow/.local/lib/python3.12/site-packages/airflow/example_dags/example_xcomargs.py for tasks to queue
[2024-10-26T07:25:28.861+0000] {logging_mixin.py:190} INFO - [2024-10-26T07:25:28.861+0000] {dagbag.py:588} INFO - Filling up the DagBag from /home/airflow/.local/lib/python3.12/site-packages/airflow/example_dags/example_xcomargs.py
[2024-10-26T07:25:28.873+0000] {processor.py:925} INFO - DAG(s) 'example_xcom_args', 'example_xcom_args_with_operators' retrieved from /home/airflow/.local/lib/python3.12/site-packages/airflow/example_dags/example_xcomargs.py
[2024-10-26T07:25:28.887+0000] {logging_mixin.py:190} INFO - [2024-10-26T07:25:28.887+0000] {dag.py:3239} INFO - Sync 2 DAGs
[2024-10-26T07:25:28.895+0000] {logging_mixin.py:190} INFO - [2024-10-26T07:25:28.895+0000] {dag.py:4180} INFO - Setting next_dagrun for example_xcom_args to None, run_after=None
[2024-10-26T07:25:28.898+0000] {logging_mixin.py:190} INFO - [2024-10-26T07:25:28.897+0000] {dag.py:4180} INFO - Setting next_dagrun for example_xcom_args_with_operators to None, run_after=None
[2024-10-26T07:25:28.910+0000] {processor.py:208} INFO - Processing /home/airflow/.local/lib/python3.12/site-packages/airflow/example_dags/example_xcomargs.py took 0.057 seconds
[2024-10-26T07:25:59.983+0000] {processor.py:186} INFO - Started process (PID=87172) to work on /home/airflow/.local/lib/python3.12/site-packages/airflow/example_dags/example_xcomargs.py
[2024-10-26T07:25:59.983+0000] {processor.py:914} INFO - Processing file /home/airflow/.local/lib/python3.12/site-packages/airflow/example_dags/example_xcomargs.py for tasks to queue
[2024-10-26T07:25:59.984+0000] {logging_mixin.py:190} INFO - [2024-10-26T07:25:59.984+0000] {dagbag.py:588} INFO - Filling up the DagBag from /home/airflow/.local/lib/python3.12/site-packages/airflow/example_dags/example_xcomargs.py
[2024-10-26T07:25:59.989+0000] {processor.py:925} INFO - DAG(s) 'example_xcom_args_with_operators', 'example_xcom_args' retrieved from /home/airflow/.local/lib/python3.12/site-packages/airflow/example_dags/example_xcomargs.py
[2024-10-26T07:26:00.006+0000] {logging_mixin.py:190} INFO - [2024-10-26T07:26:00.006+0000] {dag.py:3239} INFO - Sync 2 DAGs
[2024-10-26T07:26:00.015+0000] {logging_mixin.py:190} INFO - [2024-10-26T07:26:00.014+0000] {dag.py:4180} INFO - Setting next_dagrun for example_xcom_args to None, run_after=None
[2024-10-26T07:26:00.017+0000] {logging_mixin.py:190} INFO - [2024-10-26T07:26:00.016+0000] {dag.py:4180} INFO - Setting next_dagrun for example_xcom_args_with_operators to None, run_after=None
[2024-10-26T07:26:00.025+0000] {processor.py:208} INFO - Processing /home/airflow/.local/lib/python3.12/site-packages/airflow/example_dags/example_xcomargs.py took 0.045 seconds
[2024-10-26T07:26:31.138+0000] {processor.py:186} INFO - Started process (PID=87463) to work on /home/airflow/.local/lib/python3.12/site-packages/airflow/example_dags/example_xcomargs.py
[2024-10-26T07:26:31.138+0000] {processor.py:914} INFO - Processing file /home/airflow/.local/lib/python3.12/site-packages/airflow/example_dags/example_xcomargs.py for tasks to queue
[2024-10-26T07:26:31.141+0000] {logging_mixin.py:190} INFO - [2024-10-26T07:26:31.141+0000] {dagbag.py:588} INFO - Filling up the DagBag from /home/airflow/.local/lib/python3.12/site-packages/airflow/example_dags/example_xcomargs.py
[2024-10-26T07:26:31.146+0000] {processor.py:925} INFO - DAG(s) 'example_xcom_args_with_operators', 'example_xcom_args' retrieved from /home/airflow/.local/lib/python3.12/site-packages/airflow/example_dags/example_xcomargs.py
[2024-10-26T07:26:31.158+0000] {logging_mixin.py:190} INFO - [2024-10-26T07:26:31.158+0000] {dag.py:3239} INFO - Sync 2 DAGs
[2024-10-26T07:26:31.165+0000] {logging_mixin.py:190} INFO - [2024-10-26T07:26:31.165+0000] {dag.py:4180} INFO - Setting next_dagrun for example_xcom_args to None, run_after=None
[2024-10-26T07:26:31.167+0000] {logging_mixin.py:190} INFO - [2024-10-26T07:26:31.167+0000] {dag.py:4180} INFO - Setting next_dagrun for example_xcom_args_with_operators to None, run_after=None
[2024-10-26T07:26:31.174+0000] {processor.py:208} INFO - Processing /home/airflow/.local/lib/python3.12/site-packages/airflow/example_dags/example_xcomargs.py took 0.039 seconds
[2024-10-26T07:27:01.635+0000] {processor.py:186} INFO - Started process (PID=87754) to work on /home/airflow/.local/lib/python3.12/site-packages/airflow/example_dags/example_xcomargs.py
[2024-10-26T07:27:01.636+0000] {processor.py:914} INFO - Processing file /home/airflow/.local/lib/python3.12/site-packages/airflow/example_dags/example_xcomargs.py for tasks to queue
[2024-10-26T07:27:01.636+0000] {logging_mixin.py:190} INFO - [2024-10-26T07:27:01.636+0000] {dagbag.py:588} INFO - Filling up the DagBag from /home/airflow/.local/lib/python3.12/site-packages/airflow/example_dags/example_xcomargs.py
[2024-10-26T07:27:01.641+0000] {processor.py:925} INFO - DAG(s) 'example_xcom_args_with_operators', 'example_xcom_args' retrieved from /home/airflow/.local/lib/python3.12/site-packages/airflow/example_dags/example_xcomargs.py
[2024-10-26T07:27:01.653+0000] {logging_mixin.py:190} INFO - [2024-10-26T07:27:01.653+0000] {dag.py:3239} INFO - Sync 2 DAGs
[2024-10-26T07:27:01.660+0000] {logging_mixin.py:190} INFO - [2024-10-26T07:27:01.660+0000] {dag.py:4180} INFO - Setting next_dagrun for example_xcom_args to None, run_after=None
[2024-10-26T07:27:01.662+0000] {logging_mixin.py:190} INFO - [2024-10-26T07:27:01.661+0000] {dag.py:4180} INFO - Setting next_dagrun for example_xcom_args_with_operators to None, run_after=None
[2024-10-26T07:27:01.669+0000] {processor.py:208} INFO - Processing /home/airflow/.local/lib/python3.12/site-packages/airflow/example_dags/example_xcomargs.py took 0.037 seconds
[2024-10-26T07:27:32.207+0000] {processor.py:186} INFO - Started process (PID=88045) to work on /home/airflow/.local/lib/python3.12/site-packages/airflow/example_dags/example_xcomargs.py
[2024-10-26T07:27:32.208+0000] {processor.py:914} INFO - Processing file /home/airflow/.local/lib/python3.12/site-packages/airflow/example_dags/example_xcomargs.py for tasks to queue
[2024-10-26T07:27:32.209+0000] {logging_mixin.py:190} INFO - [2024-10-26T07:27:32.209+0000] {dagbag.py:588} INFO - Filling up the DagBag from /home/airflow/.local/lib/python3.12/site-packages/airflow/example_dags/example_xcomargs.py
[2024-10-26T07:27:32.218+0000] {processor.py:925} INFO - DAG(s) 'example_xcom_args', 'example_xcom_args_with_operators' retrieved from /home/airflow/.local/lib/python3.12/site-packages/airflow/example_dags/example_xcomargs.py
[2024-10-26T07:27:32.234+0000] {logging_mixin.py:190} INFO - [2024-10-26T07:27:32.234+0000] {dag.py:3239} INFO - Sync 2 DAGs
[2024-10-26T07:27:32.243+0000] {logging_mixin.py:190} INFO - [2024-10-26T07:27:32.243+0000] {dag.py:4180} INFO - Setting next_dagrun for example_xcom_args to None, run_after=None
[2024-10-26T07:27:32.246+0000] {logging_mixin.py:190} INFO - [2024-10-26T07:27:32.246+0000] {dag.py:4180} INFO - Setting next_dagrun for example_xcom_args_with_operators to None, run_after=None
[2024-10-26T07:27:32.259+0000] {processor.py:208} INFO - Processing /home/airflow/.local/lib/python3.12/site-packages/airflow/example_dags/example_xcomargs.py took 0.056 seconds
