[2024-10-26T00:46:26.575+0000] {processor.py:186} INFO - Started process (PID=70974) to work on /home/airflow/.local/lib/python3.12/site-packages/airflow/example_dags/example_setup_teardown_taskflow.py
[2024-10-26T00:46:26.577+0000] {processor.py:914} INFO - Processing file /home/airflow/.local/lib/python3.12/site-packages/airflow/example_dags/example_setup_teardown_taskflow.py for tasks to queue
[2024-10-26T00:46:26.579+0000] {logging_mixin.py:190} INFO - [2024-10-26T00:46:26.579+0000] {dagbag.py:588} INFO - Filling up the DagBag from /home/airflow/.local/lib/python3.12/site-packages/airflow/example_dags/example_setup_teardown_taskflow.py
[2024-10-26T00:46:26.584+0000] {processor.py:925} INFO - DAG(s) 'example_setup_teardown_taskflow' retrieved from /home/airflow/.local/lib/python3.12/site-packages/airflow/example_dags/example_setup_teardown_taskflow.py
[2024-10-26T00:46:26.597+0000] {logging_mixin.py:190} INFO - [2024-10-26T00:46:26.597+0000] {dag.py:3239} INFO - Sync 1 DAGs
[2024-10-26T00:46:26.608+0000] {logging_mixin.py:190} INFO - [2024-10-26T00:46:26.608+0000] {dag.py:4180} INFO - Setting next_dagrun for example_setup_teardown_taskflow to None, run_after=None
[2024-10-26T00:46:26.617+0000] {processor.py:208} INFO - Processing /home/airflow/.local/lib/python3.12/site-packages/airflow/example_dags/example_setup_teardown_taskflow.py took 0.045 seconds
[2024-10-26T01:37:10.200+0000] {processor.py:186} INFO - Started process (PID=71266) to work on /home/airflow/.local/lib/python3.12/site-packages/airflow/example_dags/example_setup_teardown_taskflow.py
[2024-10-26T01:37:10.203+0000] {processor.py:914} INFO - Processing file /home/airflow/.local/lib/python3.12/site-packages/airflow/example_dags/example_setup_teardown_taskflow.py for tasks to queue
[2024-10-26T01:37:10.206+0000] {logging_mixin.py:190} INFO - [2024-10-26T01:37:10.206+0000] {dagbag.py:588} INFO - Filling up the DagBag from /home/airflow/.local/lib/python3.12/site-packages/airflow/example_dags/example_setup_teardown_taskflow.py
[2024-10-26T01:37:10.212+0000] {processor.py:925} INFO - DAG(s) 'example_setup_teardown_taskflow' retrieved from /home/airflow/.local/lib/python3.12/site-packages/airflow/example_dags/example_setup_teardown_taskflow.py
[2024-10-26T01:37:10.229+0000] {logging_mixin.py:190} INFO - [2024-10-26T01:37:10.228+0000] {dag.py:3239} INFO - Sync 1 DAGs
[2024-10-26T01:37:10.234+0000] {logging_mixin.py:190} INFO - [2024-10-26T01:37:10.234+0000] {dag.py:4180} INFO - Setting next_dagrun for example_setup_teardown_taskflow to None, run_after=None
[2024-10-26T01:37:10.244+0000] {processor.py:208} INFO - Processing /home/airflow/.local/lib/python3.12/site-packages/airflow/example_dags/example_setup_teardown_taskflow.py took 0.049 seconds
[2024-10-26T02:57:39.188+0000] {processor.py:186} INFO - Started process (PID=71557) to work on /home/airflow/.local/lib/python3.12/site-packages/airflow/example_dags/example_setup_teardown_taskflow.py
[2024-10-26T02:57:39.190+0000] {processor.py:914} INFO - Processing file /home/airflow/.local/lib/python3.12/site-packages/airflow/example_dags/example_setup_teardown_taskflow.py for tasks to queue
[2024-10-26T02:57:39.191+0000] {logging_mixin.py:190} INFO - [2024-10-26T02:57:39.191+0000] {dagbag.py:588} INFO - Filling up the DagBag from /home/airflow/.local/lib/python3.12/site-packages/airflow/example_dags/example_setup_teardown_taskflow.py
[2024-10-26T02:57:39.197+0000] {processor.py:925} INFO - DAG(s) 'example_setup_teardown_taskflow' retrieved from /home/airflow/.local/lib/python3.12/site-packages/airflow/example_dags/example_setup_teardown_taskflow.py
[2024-10-26T02:57:39.210+0000] {logging_mixin.py:190} INFO - [2024-10-26T02:57:39.210+0000] {dag.py:3239} INFO - Sync 1 DAGs
[2024-10-26T02:57:39.219+0000] {logging_mixin.py:190} INFO - [2024-10-26T02:57:39.219+0000] {dag.py:4180} INFO - Setting next_dagrun for example_setup_teardown_taskflow to None, run_after=None
[2024-10-26T02:57:39.230+0000] {processor.py:208} INFO - Processing /home/airflow/.local/lib/python3.12/site-packages/airflow/example_dags/example_setup_teardown_taskflow.py took 0.046 seconds
[2024-10-26T04:18:36.441+0000] {processor.py:186} INFO - Started process (PID=71848) to work on /home/airflow/.local/lib/python3.12/site-packages/airflow/example_dags/example_setup_teardown_taskflow.py
[2024-10-26T04:18:36.442+0000] {processor.py:914} INFO - Processing file /home/airflow/.local/lib/python3.12/site-packages/airflow/example_dags/example_setup_teardown_taskflow.py for tasks to queue
[2024-10-26T04:18:36.442+0000] {logging_mixin.py:190} INFO - [2024-10-26T04:18:36.442+0000] {dagbag.py:588} INFO - Filling up the DagBag from /home/airflow/.local/lib/python3.12/site-packages/airflow/example_dags/example_setup_teardown_taskflow.py
[2024-10-26T04:18:36.449+0000] {processor.py:925} INFO - DAG(s) 'example_setup_teardown_taskflow' retrieved from /home/airflow/.local/lib/python3.12/site-packages/airflow/example_dags/example_setup_teardown_taskflow.py
[2024-10-26T04:18:36.460+0000] {logging_mixin.py:190} INFO - [2024-10-26T04:18:36.460+0000] {dag.py:3239} INFO - Sync 1 DAGs
[2024-10-26T04:18:36.467+0000] {logging_mixin.py:190} INFO - [2024-10-26T04:18:36.467+0000] {dag.py:4180} INFO - Setting next_dagrun for example_setup_teardown_taskflow to None, run_after=None
[2024-10-26T04:18:36.481+0000] {processor.py:208} INFO - Processing /home/airflow/.local/lib/python3.12/site-packages/airflow/example_dags/example_setup_teardown_taskflow.py took 0.043 seconds
[2024-10-26T05:41:06.236+0000] {processor.py:186} INFO - Started process (PID=72141) to work on /home/airflow/.local/lib/python3.12/site-packages/airflow/example_dags/example_setup_teardown_taskflow.py
[2024-10-26T05:41:06.236+0000] {processor.py:914} INFO - Processing file /home/airflow/.local/lib/python3.12/site-packages/airflow/example_dags/example_setup_teardown_taskflow.py for tasks to queue
[2024-10-26T05:41:06.237+0000] {logging_mixin.py:190} INFO - [2024-10-26T05:41:06.237+0000] {dagbag.py:588} INFO - Filling up the DagBag from /home/airflow/.local/lib/python3.12/site-packages/airflow/example_dags/example_setup_teardown_taskflow.py
[2024-10-26T05:41:06.242+0000] {processor.py:925} INFO - DAG(s) 'example_setup_teardown_taskflow' retrieved from /home/airflow/.local/lib/python3.12/site-packages/airflow/example_dags/example_setup_teardown_taskflow.py
[2024-10-26T05:41:06.252+0000] {logging_mixin.py:190} INFO - [2024-10-26T05:41:06.252+0000] {dag.py:3239} INFO - Sync 1 DAGs
[2024-10-26T05:41:06.258+0000] {logging_mixin.py:190} INFO - [2024-10-26T05:41:06.258+0000] {dag.py:4180} INFO - Setting next_dagrun for example_setup_teardown_taskflow to None, run_after=None
[2024-10-26T05:41:06.265+0000] {processor.py:208} INFO - Processing /home/airflow/.local/lib/python3.12/site-packages/airflow/example_dags/example_setup_teardown_taskflow.py took 0.033 seconds
[2024-10-26T06:59:46.605+0000] {processor.py:186} INFO - Started process (PID=72430) to work on /home/airflow/.local/lib/python3.12/site-packages/airflow/example_dags/example_setup_teardown_taskflow.py
[2024-10-26T06:59:46.606+0000] {processor.py:914} INFO - Processing file /home/airflow/.local/lib/python3.12/site-packages/airflow/example_dags/example_setup_teardown_taskflow.py for tasks to queue
[2024-10-26T06:59:46.607+0000] {logging_mixin.py:190} INFO - [2024-10-26T06:59:46.607+0000] {dagbag.py:588} INFO - Filling up the DagBag from /home/airflow/.local/lib/python3.12/site-packages/airflow/example_dags/example_setup_teardown_taskflow.py
[2024-10-26T06:59:46.612+0000] {processor.py:925} INFO - DAG(s) 'example_setup_teardown_taskflow' retrieved from /home/airflow/.local/lib/python3.12/site-packages/airflow/example_dags/example_setup_teardown_taskflow.py
[2024-10-26T06:59:46.626+0000] {logging_mixin.py:190} INFO - [2024-10-26T06:59:46.625+0000] {dag.py:3239} INFO - Sync 1 DAGs
[2024-10-26T06:59:46.633+0000] {logging_mixin.py:190} INFO - [2024-10-26T06:59:46.633+0000] {dag.py:4180} INFO - Setting next_dagrun for example_setup_teardown_taskflow to None, run_after=None
[2024-10-26T06:59:46.642+0000] {processor.py:208} INFO - Processing /home/airflow/.local/lib/python3.12/site-packages/airflow/example_dags/example_setup_teardown_taskflow.py took 0.041 seconds
[2024-10-26T07:00:17.174+0000] {processor.py:186} INFO - Started process (PID=72721) to work on /home/airflow/.local/lib/python3.12/site-packages/airflow/example_dags/example_setup_teardown_taskflow.py
[2024-10-26T07:00:17.175+0000] {processor.py:914} INFO - Processing file /home/airflow/.local/lib/python3.12/site-packages/airflow/example_dags/example_setup_teardown_taskflow.py for tasks to queue
[2024-10-26T07:00:17.175+0000] {logging_mixin.py:190} INFO - [2024-10-26T07:00:17.175+0000] {dagbag.py:588} INFO - Filling up the DagBag from /home/airflow/.local/lib/python3.12/site-packages/airflow/example_dags/example_setup_teardown_taskflow.py
[2024-10-26T07:00:17.181+0000] {processor.py:925} INFO - DAG(s) 'example_setup_teardown_taskflow' retrieved from /home/airflow/.local/lib/python3.12/site-packages/airflow/example_dags/example_setup_teardown_taskflow.py
[2024-10-26T07:00:17.192+0000] {logging_mixin.py:190} INFO - [2024-10-26T07:00:17.192+0000] {dag.py:3239} INFO - Sync 1 DAGs
[2024-10-26T07:00:17.200+0000] {logging_mixin.py:190} INFO - [2024-10-26T07:00:17.200+0000] {dag.py:4180} INFO - Setting next_dagrun for example_setup_teardown_taskflow to None, run_after=None
[2024-10-26T07:00:17.210+0000] {processor.py:208} INFO - Processing /home/airflow/.local/lib/python3.12/site-packages/airflow/example_dags/example_setup_teardown_taskflow.py took 0.039 seconds
[2024-10-26T07:00:47.749+0000] {processor.py:186} INFO - Started process (PID=73014) to work on /home/airflow/.local/lib/python3.12/site-packages/airflow/example_dags/example_setup_teardown_taskflow.py
[2024-10-26T07:00:47.749+0000] {processor.py:914} INFO - Processing file /home/airflow/.local/lib/python3.12/site-packages/airflow/example_dags/example_setup_teardown_taskflow.py for tasks to queue
[2024-10-26T07:00:47.750+0000] {logging_mixin.py:190} INFO - [2024-10-26T07:00:47.750+0000] {dagbag.py:588} INFO - Filling up the DagBag from /home/airflow/.local/lib/python3.12/site-packages/airflow/example_dags/example_setup_teardown_taskflow.py
[2024-10-26T07:00:47.755+0000] {processor.py:925} INFO - DAG(s) 'example_setup_teardown_taskflow' retrieved from /home/airflow/.local/lib/python3.12/site-packages/airflow/example_dags/example_setup_teardown_taskflow.py
[2024-10-26T07:00:47.771+0000] {logging_mixin.py:190} INFO - [2024-10-26T07:00:47.771+0000] {dag.py:3239} INFO - Sync 1 DAGs
[2024-10-26T07:00:47.781+0000] {logging_mixin.py:190} INFO - [2024-10-26T07:00:47.781+0000] {dag.py:4180} INFO - Setting next_dagrun for example_setup_teardown_taskflow to None, run_after=None
[2024-10-26T07:00:47.792+0000] {processor.py:208} INFO - Processing /home/airflow/.local/lib/python3.12/site-packages/airflow/example_dags/example_setup_teardown_taskflow.py took 0.047 seconds
[2024-10-26T07:01:21.499+0000] {processor.py:186} INFO - Started process (PID=73303) to work on /home/airflow/.local/lib/python3.12/site-packages/airflow/example_dags/example_setup_teardown_taskflow.py
[2024-10-26T07:01:21.504+0000] {processor.py:914} INFO - Processing file /home/airflow/.local/lib/python3.12/site-packages/airflow/example_dags/example_setup_teardown_taskflow.py for tasks to queue
[2024-10-26T07:01:21.507+0000] {logging_mixin.py:190} INFO - [2024-10-26T07:01:21.506+0000] {dagbag.py:588} INFO - Filling up the DagBag from /home/airflow/.local/lib/python3.12/site-packages/airflow/example_dags/example_setup_teardown_taskflow.py
[2024-10-26T07:01:21.521+0000] {processor.py:925} INFO - DAG(s) 'example_setup_teardown_taskflow' retrieved from /home/airflow/.local/lib/python3.12/site-packages/airflow/example_dags/example_setup_teardown_taskflow.py
[2024-10-26T07:01:21.568+0000] {logging_mixin.py:190} INFO - [2024-10-26T07:01:21.568+0000] {dag.py:3239} INFO - Sync 1 DAGs
[2024-10-26T07:01:21.594+0000] {logging_mixin.py:190} INFO - [2024-10-26T07:01:21.594+0000] {dag.py:4180} INFO - Setting next_dagrun for example_setup_teardown_taskflow to None, run_after=None
[2024-10-26T07:01:21.626+0000] {processor.py:208} INFO - Processing /home/airflow/.local/lib/python3.12/site-packages/airflow/example_dags/example_setup_teardown_taskflow.py took 0.139 seconds
[2024-10-26T07:01:52.260+0000] {processor.py:186} INFO - Started process (PID=73596) to work on /home/airflow/.local/lib/python3.12/site-packages/airflow/example_dags/example_setup_teardown_taskflow.py
[2024-10-26T07:01:52.261+0000] {processor.py:914} INFO - Processing file /home/airflow/.local/lib/python3.12/site-packages/airflow/example_dags/example_setup_teardown_taskflow.py for tasks to queue
[2024-10-26T07:01:52.261+0000] {logging_mixin.py:190} INFO - [2024-10-26T07:01:52.261+0000] {dagbag.py:588} INFO - Filling up the DagBag from /home/airflow/.local/lib/python3.12/site-packages/airflow/example_dags/example_setup_teardown_taskflow.py
[2024-10-26T07:01:52.266+0000] {processor.py:925} INFO - DAG(s) 'example_setup_teardown_taskflow' retrieved from /home/airflow/.local/lib/python3.12/site-packages/airflow/example_dags/example_setup_teardown_taskflow.py
[2024-10-26T07:01:52.280+0000] {logging_mixin.py:190} INFO - [2024-10-26T07:01:52.280+0000] {dag.py:3239} INFO - Sync 1 DAGs
[2024-10-26T07:01:52.290+0000] {logging_mixin.py:190} INFO - [2024-10-26T07:01:52.290+0000] {dag.py:4180} INFO - Setting next_dagrun for example_setup_teardown_taskflow to None, run_after=None
[2024-10-26T07:01:52.298+0000] {processor.py:208} INFO - Processing /home/airflow/.local/lib/python3.12/site-packages/airflow/example_dags/example_setup_teardown_taskflow.py took 0.041 seconds
[2024-10-26T07:02:22.764+0000] {processor.py:186} INFO - Started process (PID=73887) to work on /home/airflow/.local/lib/python3.12/site-packages/airflow/example_dags/example_setup_teardown_taskflow.py
[2024-10-26T07:02:22.767+0000] {processor.py:914} INFO - Processing file /home/airflow/.local/lib/python3.12/site-packages/airflow/example_dags/example_setup_teardown_taskflow.py for tasks to queue
[2024-10-26T07:02:22.768+0000] {logging_mixin.py:190} INFO - [2024-10-26T07:02:22.768+0000] {dagbag.py:588} INFO - Filling up the DagBag from /home/airflow/.local/lib/python3.12/site-packages/airflow/example_dags/example_setup_teardown_taskflow.py
[2024-10-26T07:02:22.775+0000] {processor.py:925} INFO - DAG(s) 'example_setup_teardown_taskflow' retrieved from /home/airflow/.local/lib/python3.12/site-packages/airflow/example_dags/example_setup_teardown_taskflow.py
[2024-10-26T07:02:22.786+0000] {logging_mixin.py:190} INFO - [2024-10-26T07:02:22.786+0000] {dag.py:3239} INFO - Sync 1 DAGs
[2024-10-26T07:02:22.794+0000] {logging_mixin.py:190} INFO - [2024-10-26T07:02:22.794+0000] {dag.py:4180} INFO - Setting next_dagrun for example_setup_teardown_taskflow to None, run_after=None
[2024-10-26T07:02:22.813+0000] {processor.py:208} INFO - Processing /home/airflow/.local/lib/python3.12/site-packages/airflow/example_dags/example_setup_teardown_taskflow.py took 0.052 seconds
[2024-10-26T07:02:53.489+0000] {processor.py:186} INFO - Started process (PID=74176) to work on /home/airflow/.local/lib/python3.12/site-packages/airflow/example_dags/example_setup_teardown_taskflow.py
[2024-10-26T07:02:53.489+0000] {processor.py:914} INFO - Processing file /home/airflow/.local/lib/python3.12/site-packages/airflow/example_dags/example_setup_teardown_taskflow.py for tasks to queue
[2024-10-26T07:02:53.490+0000] {logging_mixin.py:190} INFO - [2024-10-26T07:02:53.490+0000] {dagbag.py:588} INFO - Filling up the DagBag from /home/airflow/.local/lib/python3.12/site-packages/airflow/example_dags/example_setup_teardown_taskflow.py
[2024-10-26T07:02:53.496+0000] {processor.py:925} INFO - DAG(s) 'example_setup_teardown_taskflow' retrieved from /home/airflow/.local/lib/python3.12/site-packages/airflow/example_dags/example_setup_teardown_taskflow.py
[2024-10-26T07:02:53.509+0000] {logging_mixin.py:190} INFO - [2024-10-26T07:02:53.509+0000] {dag.py:3239} INFO - Sync 1 DAGs
[2024-10-26T07:02:53.518+0000] {logging_mixin.py:190} INFO - [2024-10-26T07:02:53.518+0000] {dag.py:4180} INFO - Setting next_dagrun for example_setup_teardown_taskflow to None, run_after=None
[2024-10-26T07:02:53.526+0000] {processor.py:208} INFO - Processing /home/airflow/.local/lib/python3.12/site-packages/airflow/example_dags/example_setup_teardown_taskflow.py took 0.041 seconds
[2024-10-26T07:03:24.058+0000] {processor.py:186} INFO - Started process (PID=74467) to work on /home/airflow/.local/lib/python3.12/site-packages/airflow/example_dags/example_setup_teardown_taskflow.py
[2024-10-26T07:03:24.059+0000] {processor.py:914} INFO - Processing file /home/airflow/.local/lib/python3.12/site-packages/airflow/example_dags/example_setup_teardown_taskflow.py for tasks to queue
[2024-10-26T07:03:24.060+0000] {logging_mixin.py:190} INFO - [2024-10-26T07:03:24.059+0000] {dagbag.py:588} INFO - Filling up the DagBag from /home/airflow/.local/lib/python3.12/site-packages/airflow/example_dags/example_setup_teardown_taskflow.py
[2024-10-26T07:03:24.066+0000] {processor.py:925} INFO - DAG(s) 'example_setup_teardown_taskflow' retrieved from /home/airflow/.local/lib/python3.12/site-packages/airflow/example_dags/example_setup_teardown_taskflow.py
[2024-10-26T07:03:24.077+0000] {logging_mixin.py:190} INFO - [2024-10-26T07:03:24.077+0000] {dag.py:3239} INFO - Sync 1 DAGs
[2024-10-26T07:03:24.088+0000] {logging_mixin.py:190} INFO - [2024-10-26T07:03:24.088+0000] {dag.py:4180} INFO - Setting next_dagrun for example_setup_teardown_taskflow to None, run_after=None
[2024-10-26T07:03:24.105+0000] {processor.py:208} INFO - Processing /home/airflow/.local/lib/python3.12/site-packages/airflow/example_dags/example_setup_teardown_taskflow.py took 0.050 seconds
[2024-10-26T07:03:54.948+0000] {processor.py:186} INFO - Started process (PID=74760) to work on /home/airflow/.local/lib/python3.12/site-packages/airflow/example_dags/example_setup_teardown_taskflow.py
[2024-10-26T07:03:54.948+0000] {processor.py:914} INFO - Processing file /home/airflow/.local/lib/python3.12/site-packages/airflow/example_dags/example_setup_teardown_taskflow.py for tasks to queue
[2024-10-26T07:03:54.949+0000] {logging_mixin.py:190} INFO - [2024-10-26T07:03:54.948+0000] {dagbag.py:588} INFO - Filling up the DagBag from /home/airflow/.local/lib/python3.12/site-packages/airflow/example_dags/example_setup_teardown_taskflow.py
[2024-10-26T07:03:54.953+0000] {processor.py:925} INFO - DAG(s) 'example_setup_teardown_taskflow' retrieved from /home/airflow/.local/lib/python3.12/site-packages/airflow/example_dags/example_setup_teardown_taskflow.py
[2024-10-26T07:03:54.963+0000] {logging_mixin.py:190} INFO - [2024-10-26T07:03:54.963+0000] {dag.py:3239} INFO - Sync 1 DAGs
[2024-10-26T07:03:54.970+0000] {logging_mixin.py:190} INFO - [2024-10-26T07:03:54.970+0000] {dag.py:4180} INFO - Setting next_dagrun for example_setup_teardown_taskflow to None, run_after=None
[2024-10-26T07:03:54.977+0000] {processor.py:208} INFO - Processing /home/airflow/.local/lib/python3.12/site-packages/airflow/example_dags/example_setup_teardown_taskflow.py took 0.032 seconds
[2024-10-26T07:04:25.158+0000] {processor.py:186} INFO - Started process (PID=75048) to work on /home/airflow/.local/lib/python3.12/site-packages/airflow/example_dags/example_setup_teardown_taskflow.py
[2024-10-26T07:04:25.159+0000] {processor.py:914} INFO - Processing file /home/airflow/.local/lib/python3.12/site-packages/airflow/example_dags/example_setup_teardown_taskflow.py for tasks to queue
[2024-10-26T07:04:25.160+0000] {logging_mixin.py:190} INFO - [2024-10-26T07:04:25.160+0000] {dagbag.py:588} INFO - Filling up the DagBag from /home/airflow/.local/lib/python3.12/site-packages/airflow/example_dags/example_setup_teardown_taskflow.py
[2024-10-26T07:04:25.165+0000] {processor.py:925} INFO - DAG(s) 'example_setup_teardown_taskflow' retrieved from /home/airflow/.local/lib/python3.12/site-packages/airflow/example_dags/example_setup_teardown_taskflow.py
[2024-10-26T07:04:25.177+0000] {logging_mixin.py:190} INFO - [2024-10-26T07:04:25.177+0000] {dag.py:3239} INFO - Sync 1 DAGs
[2024-10-26T07:04:25.188+0000] {logging_mixin.py:190} INFO - [2024-10-26T07:04:25.188+0000] {dag.py:4180} INFO - Setting next_dagrun for example_setup_teardown_taskflow to None, run_after=None
[2024-10-26T07:04:25.197+0000] {processor.py:208} INFO - Processing /home/airflow/.local/lib/python3.12/site-packages/airflow/example_dags/example_setup_teardown_taskflow.py took 0.043 seconds
[2024-10-26T07:04:55.497+0000] {processor.py:186} INFO - Started process (PID=75339) to work on /home/airflow/.local/lib/python3.12/site-packages/airflow/example_dags/example_setup_teardown_taskflow.py
[2024-10-26T07:04:55.498+0000] {processor.py:914} INFO - Processing file /home/airflow/.local/lib/python3.12/site-packages/airflow/example_dags/example_setup_teardown_taskflow.py for tasks to queue
[2024-10-26T07:04:55.499+0000] {logging_mixin.py:190} INFO - [2024-10-26T07:04:55.499+0000] {dagbag.py:588} INFO - Filling up the DagBag from /home/airflow/.local/lib/python3.12/site-packages/airflow/example_dags/example_setup_teardown_taskflow.py
[2024-10-26T07:04:55.506+0000] {processor.py:925} INFO - DAG(s) 'example_setup_teardown_taskflow' retrieved from /home/airflow/.local/lib/python3.12/site-packages/airflow/example_dags/example_setup_teardown_taskflow.py
[2024-10-26T07:04:55.524+0000] {logging_mixin.py:190} INFO - [2024-10-26T07:04:55.524+0000] {dag.py:3239} INFO - Sync 1 DAGs
[2024-10-26T07:04:55.531+0000] {logging_mixin.py:190} INFO - [2024-10-26T07:04:55.531+0000] {dag.py:4180} INFO - Setting next_dagrun for example_setup_teardown_taskflow to None, run_after=None
[2024-10-26T07:04:55.540+0000] {processor.py:208} INFO - Processing /home/airflow/.local/lib/python3.12/site-packages/airflow/example_dags/example_setup_teardown_taskflow.py took 0.045 seconds
[2024-10-26T07:05:26.655+0000] {processor.py:186} INFO - Started process (PID=75635) to work on /home/airflow/.local/lib/python3.12/site-packages/airflow/example_dags/example_setup_teardown_taskflow.py
[2024-10-26T07:05:26.660+0000] {processor.py:914} INFO - Processing file /home/airflow/.local/lib/python3.12/site-packages/airflow/example_dags/example_setup_teardown_taskflow.py for tasks to queue
[2024-10-26T07:05:26.662+0000] {logging_mixin.py:190} INFO - [2024-10-26T07:05:26.662+0000] {dagbag.py:588} INFO - Filling up the DagBag from /home/airflow/.local/lib/python3.12/site-packages/airflow/example_dags/example_setup_teardown_taskflow.py
[2024-10-26T07:05:26.668+0000] {processor.py:925} INFO - DAG(s) 'example_setup_teardown_taskflow' retrieved from /home/airflow/.local/lib/python3.12/site-packages/airflow/example_dags/example_setup_teardown_taskflow.py
[2024-10-26T07:05:26.682+0000] {logging_mixin.py:190} INFO - [2024-10-26T07:05:26.682+0000] {dag.py:3239} INFO - Sync 1 DAGs
[2024-10-26T07:05:26.690+0000] {logging_mixin.py:190} INFO - [2024-10-26T07:05:26.690+0000] {dag.py:4180} INFO - Setting next_dagrun for example_setup_teardown_taskflow to None, run_after=None
[2024-10-26T07:05:26.699+0000] {processor.py:208} INFO - Processing /home/airflow/.local/lib/python3.12/site-packages/airflow/example_dags/example_setup_teardown_taskflow.py took 0.047 seconds
[2024-10-26T07:05:57.323+0000] {processor.py:186} INFO - Started process (PID=75925) to work on /home/airflow/.local/lib/python3.12/site-packages/airflow/example_dags/example_setup_teardown_taskflow.py
[2024-10-26T07:05:57.325+0000] {processor.py:914} INFO - Processing file /home/airflow/.local/lib/python3.12/site-packages/airflow/example_dags/example_setup_teardown_taskflow.py for tasks to queue
[2024-10-26T07:05:57.327+0000] {logging_mixin.py:190} INFO - [2024-10-26T07:05:57.326+0000] {dagbag.py:588} INFO - Filling up the DagBag from /home/airflow/.local/lib/python3.12/site-packages/airflow/example_dags/example_setup_teardown_taskflow.py
[2024-10-26T07:05:57.335+0000] {processor.py:925} INFO - DAG(s) 'example_setup_teardown_taskflow' retrieved from /home/airflow/.local/lib/python3.12/site-packages/airflow/example_dags/example_setup_teardown_taskflow.py
[2024-10-26T07:05:57.348+0000] {logging_mixin.py:190} INFO - [2024-10-26T07:05:57.348+0000] {dag.py:3239} INFO - Sync 1 DAGs
[2024-10-26T07:05:57.357+0000] {logging_mixin.py:190} INFO - [2024-10-26T07:05:57.357+0000] {dag.py:4180} INFO - Setting next_dagrun for example_setup_teardown_taskflow to None, run_after=None
[2024-10-26T07:05:57.367+0000] {processor.py:208} INFO - Processing /home/airflow/.local/lib/python3.12/site-packages/airflow/example_dags/example_setup_teardown_taskflow.py took 0.049 seconds
[2024-10-26T07:06:27.668+0000] {processor.py:186} INFO - Started process (PID=76216) to work on /home/airflow/.local/lib/python3.12/site-packages/airflow/example_dags/example_setup_teardown_taskflow.py
[2024-10-26T07:06:27.668+0000] {processor.py:914} INFO - Processing file /home/airflow/.local/lib/python3.12/site-packages/airflow/example_dags/example_setup_teardown_taskflow.py for tasks to queue
[2024-10-26T07:06:27.669+0000] {logging_mixin.py:190} INFO - [2024-10-26T07:06:27.669+0000] {dagbag.py:588} INFO - Filling up the DagBag from /home/airflow/.local/lib/python3.12/site-packages/airflow/example_dags/example_setup_teardown_taskflow.py
[2024-10-26T07:06:27.674+0000] {processor.py:925} INFO - DAG(s) 'example_setup_teardown_taskflow' retrieved from /home/airflow/.local/lib/python3.12/site-packages/airflow/example_dags/example_setup_teardown_taskflow.py
[2024-10-26T07:06:27.690+0000] {logging_mixin.py:190} INFO - [2024-10-26T07:06:27.690+0000] {dag.py:3239} INFO - Sync 1 DAGs
[2024-10-26T07:06:27.699+0000] {logging_mixin.py:190} INFO - [2024-10-26T07:06:27.698+0000] {dag.py:4180} INFO - Setting next_dagrun for example_setup_teardown_taskflow to None, run_after=None
[2024-10-26T07:06:27.709+0000] {processor.py:208} INFO - Processing /home/airflow/.local/lib/python3.12/site-packages/airflow/example_dags/example_setup_teardown_taskflow.py took 0.045 seconds
[2024-10-26T07:06:57.951+0000] {processor.py:186} INFO - Started process (PID=76507) to work on /home/airflow/.local/lib/python3.12/site-packages/airflow/example_dags/example_setup_teardown_taskflow.py
[2024-10-26T07:06:57.952+0000] {processor.py:914} INFO - Processing file /home/airflow/.local/lib/python3.12/site-packages/airflow/example_dags/example_setup_teardown_taskflow.py for tasks to queue
[2024-10-26T07:06:57.953+0000] {logging_mixin.py:190} INFO - [2024-10-26T07:06:57.953+0000] {dagbag.py:588} INFO - Filling up the DagBag from /home/airflow/.local/lib/python3.12/site-packages/airflow/example_dags/example_setup_teardown_taskflow.py
[2024-10-26T07:06:57.958+0000] {processor.py:925} INFO - DAG(s) 'example_setup_teardown_taskflow' retrieved from /home/airflow/.local/lib/python3.12/site-packages/airflow/example_dags/example_setup_teardown_taskflow.py
[2024-10-26T07:06:57.971+0000] {logging_mixin.py:190} INFO - [2024-10-26T07:06:57.971+0000] {dag.py:3239} INFO - Sync 1 DAGs
[2024-10-26T07:06:57.979+0000] {logging_mixin.py:190} INFO - [2024-10-26T07:06:57.979+0000] {dag.py:4180} INFO - Setting next_dagrun for example_setup_teardown_taskflow to None, run_after=None
[2024-10-26T07:06:57.988+0000] {processor.py:208} INFO - Processing /home/airflow/.local/lib/python3.12/site-packages/airflow/example_dags/example_setup_teardown_taskflow.py took 0.040 seconds
[2024-10-26T07:07:28.434+0000] {processor.py:186} INFO - Started process (PID=76798) to work on /home/airflow/.local/lib/python3.12/site-packages/airflow/example_dags/example_setup_teardown_taskflow.py
[2024-10-26T07:07:28.434+0000] {processor.py:914} INFO - Processing file /home/airflow/.local/lib/python3.12/site-packages/airflow/example_dags/example_setup_teardown_taskflow.py for tasks to queue
[2024-10-26T07:07:28.436+0000] {logging_mixin.py:190} INFO - [2024-10-26T07:07:28.436+0000] {dagbag.py:588} INFO - Filling up the DagBag from /home/airflow/.local/lib/python3.12/site-packages/airflow/example_dags/example_setup_teardown_taskflow.py
[2024-10-26T07:07:28.442+0000] {processor.py:925} INFO - DAG(s) 'example_setup_teardown_taskflow' retrieved from /home/airflow/.local/lib/python3.12/site-packages/airflow/example_dags/example_setup_teardown_taskflow.py
[2024-10-26T07:07:28.455+0000] {logging_mixin.py:190} INFO - [2024-10-26T07:07:28.455+0000] {dag.py:3239} INFO - Sync 1 DAGs
[2024-10-26T07:07:28.463+0000] {logging_mixin.py:190} INFO - [2024-10-26T07:07:28.463+0000] {dag.py:4180} INFO - Setting next_dagrun for example_setup_teardown_taskflow to None, run_after=None
[2024-10-26T07:07:28.474+0000] {processor.py:208} INFO - Processing /home/airflow/.local/lib/python3.12/site-packages/airflow/example_dags/example_setup_teardown_taskflow.py took 0.044 seconds
[2024-10-26T07:07:59.610+0000] {processor.py:186} INFO - Started process (PID=77089) to work on /home/airflow/.local/lib/python3.12/site-packages/airflow/example_dags/example_setup_teardown_taskflow.py
[2024-10-26T07:07:59.612+0000] {processor.py:914} INFO - Processing file /home/airflow/.local/lib/python3.12/site-packages/airflow/example_dags/example_setup_teardown_taskflow.py for tasks to queue
[2024-10-26T07:07:59.614+0000] {logging_mixin.py:190} INFO - [2024-10-26T07:07:59.613+0000] {dagbag.py:588} INFO - Filling up the DagBag from /home/airflow/.local/lib/python3.12/site-packages/airflow/example_dags/example_setup_teardown_taskflow.py
[2024-10-26T07:07:59.623+0000] {processor.py:925} INFO - DAG(s) 'example_setup_teardown_taskflow' retrieved from /home/airflow/.local/lib/python3.12/site-packages/airflow/example_dags/example_setup_teardown_taskflow.py
[2024-10-26T07:07:59.636+0000] {logging_mixin.py:190} INFO - [2024-10-26T07:07:59.635+0000] {dag.py:3239} INFO - Sync 1 DAGs
[2024-10-26T07:07:59.649+0000] {logging_mixin.py:190} INFO - [2024-10-26T07:07:59.649+0000] {dag.py:4180} INFO - Setting next_dagrun for example_setup_teardown_taskflow to None, run_after=None
[2024-10-26T07:07:59.661+0000] {processor.py:208} INFO - Processing /home/airflow/.local/lib/python3.12/site-packages/airflow/example_dags/example_setup_teardown_taskflow.py took 0.060 seconds
[2024-10-26T07:08:30.193+0000] {processor.py:186} INFO - Started process (PID=77380) to work on /home/airflow/.local/lib/python3.12/site-packages/airflow/example_dags/example_setup_teardown_taskflow.py
[2024-10-26T07:08:30.194+0000] {processor.py:914} INFO - Processing file /home/airflow/.local/lib/python3.12/site-packages/airflow/example_dags/example_setup_teardown_taskflow.py for tasks to queue
[2024-10-26T07:08:30.194+0000] {logging_mixin.py:190} INFO - [2024-10-26T07:08:30.194+0000] {dagbag.py:588} INFO - Filling up the DagBag from /home/airflow/.local/lib/python3.12/site-packages/airflow/example_dags/example_setup_teardown_taskflow.py
[2024-10-26T07:08:30.199+0000] {processor.py:925} INFO - DAG(s) 'example_setup_teardown_taskflow' retrieved from /home/airflow/.local/lib/python3.12/site-packages/airflow/example_dags/example_setup_teardown_taskflow.py
[2024-10-26T07:08:30.212+0000] {logging_mixin.py:190} INFO - [2024-10-26T07:08:30.211+0000] {dag.py:3239} INFO - Sync 1 DAGs
[2024-10-26T07:08:30.218+0000] {logging_mixin.py:190} INFO - [2024-10-26T07:08:30.218+0000] {dag.py:4180} INFO - Setting next_dagrun for example_setup_teardown_taskflow to None, run_after=None
[2024-10-26T07:08:30.229+0000] {processor.py:208} INFO - Processing /home/airflow/.local/lib/python3.12/site-packages/airflow/example_dags/example_setup_teardown_taskflow.py took 0.040 seconds
[2024-10-26T07:09:01.207+0000] {processor.py:186} INFO - Started process (PID=77671) to work on /home/airflow/.local/lib/python3.12/site-packages/airflow/example_dags/example_setup_teardown_taskflow.py
[2024-10-26T07:09:01.208+0000] {processor.py:914} INFO - Processing file /home/airflow/.local/lib/python3.12/site-packages/airflow/example_dags/example_setup_teardown_taskflow.py for tasks to queue
[2024-10-26T07:09:01.209+0000] {logging_mixin.py:190} INFO - [2024-10-26T07:09:01.209+0000] {dagbag.py:588} INFO - Filling up the DagBag from /home/airflow/.local/lib/python3.12/site-packages/airflow/example_dags/example_setup_teardown_taskflow.py
[2024-10-26T07:09:01.214+0000] {processor.py:925} INFO - DAG(s) 'example_setup_teardown_taskflow' retrieved from /home/airflow/.local/lib/python3.12/site-packages/airflow/example_dags/example_setup_teardown_taskflow.py
[2024-10-26T07:09:01.230+0000] {logging_mixin.py:190} INFO - [2024-10-26T07:09:01.230+0000] {dag.py:3239} INFO - Sync 1 DAGs
[2024-10-26T07:09:01.238+0000] {logging_mixin.py:190} INFO - [2024-10-26T07:09:01.238+0000] {dag.py:4180} INFO - Setting next_dagrun for example_setup_teardown_taskflow to None, run_after=None
[2024-10-26T07:09:01.247+0000] {processor.py:208} INFO - Processing /home/airflow/.local/lib/python3.12/site-packages/airflow/example_dags/example_setup_teardown_taskflow.py took 0.043 seconds
[2024-10-26T07:09:31.601+0000] {processor.py:186} INFO - Started process (PID=77964) to work on /home/airflow/.local/lib/python3.12/site-packages/airflow/example_dags/example_setup_teardown_taskflow.py
[2024-10-26T07:09:31.602+0000] {processor.py:914} INFO - Processing file /home/airflow/.local/lib/python3.12/site-packages/airflow/example_dags/example_setup_teardown_taskflow.py for tasks to queue
[2024-10-26T07:09:31.602+0000] {logging_mixin.py:190} INFO - [2024-10-26T07:09:31.602+0000] {dagbag.py:588} INFO - Filling up the DagBag from /home/airflow/.local/lib/python3.12/site-packages/airflow/example_dags/example_setup_teardown_taskflow.py
[2024-10-26T07:09:31.609+0000] {processor.py:925} INFO - DAG(s) 'example_setup_teardown_taskflow' retrieved from /home/airflow/.local/lib/python3.12/site-packages/airflow/example_dags/example_setup_teardown_taskflow.py
[2024-10-26T07:09:31.621+0000] {logging_mixin.py:190} INFO - [2024-10-26T07:09:31.621+0000] {dag.py:3239} INFO - Sync 1 DAGs
[2024-10-26T07:09:31.630+0000] {logging_mixin.py:190} INFO - [2024-10-26T07:09:31.630+0000] {dag.py:4180} INFO - Setting next_dagrun for example_setup_teardown_taskflow to None, run_after=None
[2024-10-26T07:09:31.640+0000] {processor.py:208} INFO - Processing /home/airflow/.local/lib/python3.12/site-packages/airflow/example_dags/example_setup_teardown_taskflow.py took 0.042 seconds
[2024-10-26T07:10:02.751+0000] {processor.py:186} INFO - Started process (PID=78253) to work on /home/airflow/.local/lib/python3.12/site-packages/airflow/example_dags/example_setup_teardown_taskflow.py
[2024-10-26T07:10:02.751+0000] {processor.py:914} INFO - Processing file /home/airflow/.local/lib/python3.12/site-packages/airflow/example_dags/example_setup_teardown_taskflow.py for tasks to queue
[2024-10-26T07:10:02.753+0000] {logging_mixin.py:190} INFO - [2024-10-26T07:10:02.753+0000] {dagbag.py:588} INFO - Filling up the DagBag from /home/airflow/.local/lib/python3.12/site-packages/airflow/example_dags/example_setup_teardown_taskflow.py
[2024-10-26T07:10:02.759+0000] {processor.py:925} INFO - DAG(s) 'example_setup_teardown_taskflow' retrieved from /home/airflow/.local/lib/python3.12/site-packages/airflow/example_dags/example_setup_teardown_taskflow.py
[2024-10-26T07:10:02.772+0000] {logging_mixin.py:190} INFO - [2024-10-26T07:10:02.772+0000] {dag.py:3239} INFO - Sync 1 DAGs
[2024-10-26T07:10:02.783+0000] {logging_mixin.py:190} INFO - [2024-10-26T07:10:02.783+0000] {dag.py:4180} INFO - Setting next_dagrun for example_setup_teardown_taskflow to None, run_after=None
[2024-10-26T07:10:02.795+0000] {processor.py:208} INFO - Processing /home/airflow/.local/lib/python3.12/site-packages/airflow/example_dags/example_setup_teardown_taskflow.py took 0.048 seconds
[2024-10-26T07:10:34.402+0000] {processor.py:186} INFO - Started process (PID=78550) to work on /home/airflow/.local/lib/python3.12/site-packages/airflow/example_dags/example_setup_teardown_taskflow.py
[2024-10-26T07:10:34.403+0000] {processor.py:914} INFO - Processing file /home/airflow/.local/lib/python3.12/site-packages/airflow/example_dags/example_setup_teardown_taskflow.py for tasks to queue
[2024-10-26T07:10:34.405+0000] {logging_mixin.py:190} INFO - [2024-10-26T07:10:34.405+0000] {dagbag.py:588} INFO - Filling up the DagBag from /home/airflow/.local/lib/python3.12/site-packages/airflow/example_dags/example_setup_teardown_taskflow.py
[2024-10-26T07:10:34.425+0000] {processor.py:925} INFO - DAG(s) 'example_setup_teardown_taskflow' retrieved from /home/airflow/.local/lib/python3.12/site-packages/airflow/example_dags/example_setup_teardown_taskflow.py
[2024-10-26T07:10:34.457+0000] {logging_mixin.py:190} INFO - [2024-10-26T07:10:34.456+0000] {dag.py:3239} INFO - Sync 1 DAGs
[2024-10-26T07:10:34.478+0000] {logging_mixin.py:190} INFO - [2024-10-26T07:10:34.478+0000] {dag.py:4180} INFO - Setting next_dagrun for example_setup_teardown_taskflow to None, run_after=None
[2024-10-26T07:10:34.498+0000] {processor.py:208} INFO - Processing /home/airflow/.local/lib/python3.12/site-packages/airflow/example_dags/example_setup_teardown_taskflow.py took 0.102 seconds
[2024-10-26T07:11:06.154+0000] {processor.py:186} INFO - Started process (PID=78848) to work on /home/airflow/.local/lib/python3.12/site-packages/airflow/example_dags/example_setup_teardown_taskflow.py
[2024-10-26T07:11:06.155+0000] {processor.py:914} INFO - Processing file /home/airflow/.local/lib/python3.12/site-packages/airflow/example_dags/example_setup_teardown_taskflow.py for tasks to queue
[2024-10-26T07:11:06.155+0000] {logging_mixin.py:190} INFO - [2024-10-26T07:11:06.155+0000] {dagbag.py:588} INFO - Filling up the DagBag from /home/airflow/.local/lib/python3.12/site-packages/airflow/example_dags/example_setup_teardown_taskflow.py
[2024-10-26T07:11:06.161+0000] {processor.py:925} INFO - DAG(s) 'example_setup_teardown_taskflow' retrieved from /home/airflow/.local/lib/python3.12/site-packages/airflow/example_dags/example_setup_teardown_taskflow.py
[2024-10-26T07:11:06.172+0000] {logging_mixin.py:190} INFO - [2024-10-26T07:11:06.171+0000] {dag.py:3239} INFO - Sync 1 DAGs
[2024-10-26T07:11:06.178+0000] {logging_mixin.py:190} INFO - [2024-10-26T07:11:06.178+0000] {dag.py:4180} INFO - Setting next_dagrun for example_setup_teardown_taskflow to None, run_after=None
[2024-10-26T07:11:06.186+0000] {processor.py:208} INFO - Processing /home/airflow/.local/lib/python3.12/site-packages/airflow/example_dags/example_setup_teardown_taskflow.py took 0.035 seconds
[2024-10-26T07:11:36.521+0000] {processor.py:186} INFO - Started process (PID=79137) to work on /home/airflow/.local/lib/python3.12/site-packages/airflow/example_dags/example_setup_teardown_taskflow.py
[2024-10-26T07:11:36.524+0000] {processor.py:914} INFO - Processing file /home/airflow/.local/lib/python3.12/site-packages/airflow/example_dags/example_setup_teardown_taskflow.py for tasks to queue
[2024-10-26T07:11:36.526+0000] {logging_mixin.py:190} INFO - [2024-10-26T07:11:36.525+0000] {dagbag.py:588} INFO - Filling up the DagBag from /home/airflow/.local/lib/python3.12/site-packages/airflow/example_dags/example_setup_teardown_taskflow.py
[2024-10-26T07:11:36.531+0000] {processor.py:925} INFO - DAG(s) 'example_setup_teardown_taskflow' retrieved from /home/airflow/.local/lib/python3.12/site-packages/airflow/example_dags/example_setup_teardown_taskflow.py
[2024-10-26T07:11:36.545+0000] {logging_mixin.py:190} INFO - [2024-10-26T07:11:36.545+0000] {dag.py:3239} INFO - Sync 1 DAGs
[2024-10-26T07:11:36.556+0000] {logging_mixin.py:190} INFO - [2024-10-26T07:11:36.556+0000] {dag.py:4180} INFO - Setting next_dagrun for example_setup_teardown_taskflow to None, run_after=None
[2024-10-26T07:11:36.568+0000] {processor.py:208} INFO - Processing /home/airflow/.local/lib/python3.12/site-packages/airflow/example_dags/example_setup_teardown_taskflow.py took 0.050 seconds
[2024-10-26T07:12:07.649+0000] {processor.py:186} INFO - Started process (PID=79430) to work on /home/airflow/.local/lib/python3.12/site-packages/airflow/example_dags/example_setup_teardown_taskflow.py
[2024-10-26T07:12:07.650+0000] {processor.py:914} INFO - Processing file /home/airflow/.local/lib/python3.12/site-packages/airflow/example_dags/example_setup_teardown_taskflow.py for tasks to queue
[2024-10-26T07:12:07.652+0000] {logging_mixin.py:190} INFO - [2024-10-26T07:12:07.652+0000] {dagbag.py:588} INFO - Filling up the DagBag from /home/airflow/.local/lib/python3.12/site-packages/airflow/example_dags/example_setup_teardown_taskflow.py
[2024-10-26T07:12:07.664+0000] {processor.py:925} INFO - DAG(s) 'example_setup_teardown_taskflow' retrieved from /home/airflow/.local/lib/python3.12/site-packages/airflow/example_dags/example_setup_teardown_taskflow.py
[2024-10-26T07:12:07.684+0000] {logging_mixin.py:190} INFO - [2024-10-26T07:12:07.684+0000] {dag.py:3239} INFO - Sync 1 DAGs
[2024-10-26T07:12:07.699+0000] {logging_mixin.py:190} INFO - [2024-10-26T07:12:07.699+0000] {dag.py:4180} INFO - Setting next_dagrun for example_setup_teardown_taskflow to None, run_after=None
[2024-10-26T07:12:07.833+0000] {processor.py:208} INFO - Processing /home/airflow/.local/lib/python3.12/site-packages/airflow/example_dags/example_setup_teardown_taskflow.py took 0.190 seconds
[2024-10-26T07:12:38.366+0000] {processor.py:186} INFO - Started process (PID=79719) to work on /home/airflow/.local/lib/python3.12/site-packages/airflow/example_dags/example_setup_teardown_taskflow.py
[2024-10-26T07:12:38.367+0000] {processor.py:914} INFO - Processing file /home/airflow/.local/lib/python3.12/site-packages/airflow/example_dags/example_setup_teardown_taskflow.py for tasks to queue
[2024-10-26T07:12:38.368+0000] {logging_mixin.py:190} INFO - [2024-10-26T07:12:38.368+0000] {dagbag.py:588} INFO - Filling up the DagBag from /home/airflow/.local/lib/python3.12/site-packages/airflow/example_dags/example_setup_teardown_taskflow.py
[2024-10-26T07:12:38.373+0000] {processor.py:925} INFO - DAG(s) 'example_setup_teardown_taskflow' retrieved from /home/airflow/.local/lib/python3.12/site-packages/airflow/example_dags/example_setup_teardown_taskflow.py
[2024-10-26T07:12:38.386+0000] {logging_mixin.py:190} INFO - [2024-10-26T07:12:38.386+0000] {dag.py:3239} INFO - Sync 1 DAGs
[2024-10-26T07:12:38.396+0000] {logging_mixin.py:190} INFO - [2024-10-26T07:12:38.395+0000] {dag.py:4180} INFO - Setting next_dagrun for example_setup_teardown_taskflow to None, run_after=None
[2024-10-26T07:12:38.408+0000] {processor.py:208} INFO - Processing /home/airflow/.local/lib/python3.12/site-packages/airflow/example_dags/example_setup_teardown_taskflow.py took 0.045 seconds
[2024-10-26T07:13:09.352+0000] {processor.py:186} INFO - Started process (PID=80009) to work on /home/airflow/.local/lib/python3.12/site-packages/airflow/example_dags/example_setup_teardown_taskflow.py
[2024-10-26T07:13:09.353+0000] {processor.py:914} INFO - Processing file /home/airflow/.local/lib/python3.12/site-packages/airflow/example_dags/example_setup_teardown_taskflow.py for tasks to queue
[2024-10-26T07:13:09.354+0000] {logging_mixin.py:190} INFO - [2024-10-26T07:13:09.354+0000] {dagbag.py:588} INFO - Filling up the DagBag from /home/airflow/.local/lib/python3.12/site-packages/airflow/example_dags/example_setup_teardown_taskflow.py
[2024-10-26T07:13:09.362+0000] {processor.py:925} INFO - DAG(s) 'example_setup_teardown_taskflow' retrieved from /home/airflow/.local/lib/python3.12/site-packages/airflow/example_dags/example_setup_teardown_taskflow.py
[2024-10-26T07:13:09.379+0000] {logging_mixin.py:190} INFO - [2024-10-26T07:13:09.379+0000] {dag.py:3239} INFO - Sync 1 DAGs
[2024-10-26T07:13:09.390+0000] {logging_mixin.py:190} INFO - [2024-10-26T07:13:09.390+0000] {dag.py:4180} INFO - Setting next_dagrun for example_setup_teardown_taskflow to None, run_after=None
[2024-10-26T07:13:09.405+0000] {processor.py:208} INFO - Processing /home/airflow/.local/lib/python3.12/site-packages/airflow/example_dags/example_setup_teardown_taskflow.py took 0.057 seconds
[2024-10-26T07:13:40.023+0000] {processor.py:186} INFO - Started process (PID=80300) to work on /home/airflow/.local/lib/python3.12/site-packages/airflow/example_dags/example_setup_teardown_taskflow.py
[2024-10-26T07:13:40.024+0000] {processor.py:914} INFO - Processing file /home/airflow/.local/lib/python3.12/site-packages/airflow/example_dags/example_setup_teardown_taskflow.py for tasks to queue
[2024-10-26T07:13:40.024+0000] {logging_mixin.py:190} INFO - [2024-10-26T07:13:40.024+0000] {dagbag.py:588} INFO - Filling up the DagBag from /home/airflow/.local/lib/python3.12/site-packages/airflow/example_dags/example_setup_teardown_taskflow.py
[2024-10-26T07:13:40.031+0000] {processor.py:925} INFO - DAG(s) 'example_setup_teardown_taskflow' retrieved from /home/airflow/.local/lib/python3.12/site-packages/airflow/example_dags/example_setup_teardown_taskflow.py
[2024-10-26T07:13:40.049+0000] {logging_mixin.py:190} INFO - [2024-10-26T07:13:40.049+0000] {dag.py:3239} INFO - Sync 1 DAGs
[2024-10-26T07:13:40.057+0000] {logging_mixin.py:190} INFO - [2024-10-26T07:13:40.057+0000] {dag.py:4180} INFO - Setting next_dagrun for example_setup_teardown_taskflow to None, run_after=None
[2024-10-26T07:13:40.068+0000] {processor.py:208} INFO - Processing /home/airflow/.local/lib/python3.12/site-packages/airflow/example_dags/example_setup_teardown_taskflow.py took 0.048 seconds
[2024-10-26T07:14:11.823+0000] {processor.py:186} INFO - Started process (PID=80591) to work on /home/airflow/.local/lib/python3.12/site-packages/airflow/example_dags/example_setup_teardown_taskflow.py
[2024-10-26T07:14:11.824+0000] {processor.py:914} INFO - Processing file /home/airflow/.local/lib/python3.12/site-packages/airflow/example_dags/example_setup_teardown_taskflow.py for tasks to queue
[2024-10-26T07:14:11.825+0000] {logging_mixin.py:190} INFO - [2024-10-26T07:14:11.825+0000] {dagbag.py:588} INFO - Filling up the DagBag from /home/airflow/.local/lib/python3.12/site-packages/airflow/example_dags/example_setup_teardown_taskflow.py
[2024-10-26T07:14:11.831+0000] {processor.py:925} INFO - DAG(s) 'example_setup_teardown_taskflow' retrieved from /home/airflow/.local/lib/python3.12/site-packages/airflow/example_dags/example_setup_teardown_taskflow.py
[2024-10-26T07:14:11.862+0000] {logging_mixin.py:190} INFO - [2024-10-26T07:14:11.861+0000] {dag.py:3239} INFO - Sync 1 DAGs
[2024-10-26T07:14:12.082+0000] {logging_mixin.py:190} INFO - [2024-10-26T07:14:12.082+0000] {dag.py:4180} INFO - Setting next_dagrun for example_setup_teardown_taskflow to None, run_after=None
[2024-10-26T07:14:12.097+0000] {processor.py:208} INFO - Processing /home/airflow/.local/lib/python3.12/site-packages/airflow/example_dags/example_setup_teardown_taskflow.py took 0.278 seconds
[2024-10-26T07:14:43.643+0000] {processor.py:186} INFO - Started process (PID=80884) to work on /home/airflow/.local/lib/python3.12/site-packages/airflow/example_dags/example_setup_teardown_taskflow.py
[2024-10-26T07:14:43.643+0000] {processor.py:914} INFO - Processing file /home/airflow/.local/lib/python3.12/site-packages/airflow/example_dags/example_setup_teardown_taskflow.py for tasks to queue
[2024-10-26T07:14:43.644+0000] {logging_mixin.py:190} INFO - [2024-10-26T07:14:43.644+0000] {dagbag.py:588} INFO - Filling up the DagBag from /home/airflow/.local/lib/python3.12/site-packages/airflow/example_dags/example_setup_teardown_taskflow.py
[2024-10-26T07:14:43.648+0000] {processor.py:925} INFO - DAG(s) 'example_setup_teardown_taskflow' retrieved from /home/airflow/.local/lib/python3.12/site-packages/airflow/example_dags/example_setup_teardown_taskflow.py
[2024-10-26T07:14:43.659+0000] {logging_mixin.py:190} INFO - [2024-10-26T07:14:43.659+0000] {dag.py:3239} INFO - Sync 1 DAGs
[2024-10-26T07:14:43.754+0000] {logging_mixin.py:190} INFO - [2024-10-26T07:14:43.753+0000] {dag.py:4180} INFO - Setting next_dagrun for example_setup_teardown_taskflow to None, run_after=None
[2024-10-26T07:14:43.761+0000] {processor.py:208} INFO - Processing /home/airflow/.local/lib/python3.12/site-packages/airflow/example_dags/example_setup_teardown_taskflow.py took 0.122 seconds
[2024-10-26T07:15:13.995+0000] {processor.py:186} INFO - Started process (PID=81173) to work on /home/airflow/.local/lib/python3.12/site-packages/airflow/example_dags/example_setup_teardown_taskflow.py
[2024-10-26T07:15:13.996+0000] {processor.py:914} INFO - Processing file /home/airflow/.local/lib/python3.12/site-packages/airflow/example_dags/example_setup_teardown_taskflow.py for tasks to queue
[2024-10-26T07:15:13.997+0000] {logging_mixin.py:190} INFO - [2024-10-26T07:15:13.996+0000] {dagbag.py:588} INFO - Filling up the DagBag from /home/airflow/.local/lib/python3.12/site-packages/airflow/example_dags/example_setup_teardown_taskflow.py
[2024-10-26T07:15:14.003+0000] {processor.py:925} INFO - DAG(s) 'example_setup_teardown_taskflow' retrieved from /home/airflow/.local/lib/python3.12/site-packages/airflow/example_dags/example_setup_teardown_taskflow.py
[2024-10-26T07:15:14.014+0000] {logging_mixin.py:190} INFO - [2024-10-26T07:15:14.014+0000] {dag.py:3239} INFO - Sync 1 DAGs
[2024-10-26T07:15:14.023+0000] {logging_mixin.py:190} INFO - [2024-10-26T07:15:14.023+0000] {dag.py:4180} INFO - Setting next_dagrun for example_setup_teardown_taskflow to None, run_after=None
[2024-10-26T07:15:14.038+0000] {processor.py:208} INFO - Processing /home/airflow/.local/lib/python3.12/site-packages/airflow/example_dags/example_setup_teardown_taskflow.py took 0.045 seconds
[2024-10-26T07:15:44.101+0000] {processor.py:186} INFO - Started process (PID=81464) to work on /home/airflow/.local/lib/python3.12/site-packages/airflow/example_dags/example_setup_teardown_taskflow.py
[2024-10-26T07:15:44.102+0000] {processor.py:914} INFO - Processing file /home/airflow/.local/lib/python3.12/site-packages/airflow/example_dags/example_setup_teardown_taskflow.py for tasks to queue
[2024-10-26T07:15:44.103+0000] {logging_mixin.py:190} INFO - [2024-10-26T07:15:44.103+0000] {dagbag.py:588} INFO - Filling up the DagBag from /home/airflow/.local/lib/python3.12/site-packages/airflow/example_dags/example_setup_teardown_taskflow.py
[2024-10-26T07:15:44.108+0000] {processor.py:925} INFO - DAG(s) 'example_setup_teardown_taskflow' retrieved from /home/airflow/.local/lib/python3.12/site-packages/airflow/example_dags/example_setup_teardown_taskflow.py
[2024-10-26T07:15:44.120+0000] {logging_mixin.py:190} INFO - [2024-10-26T07:15:44.120+0000] {dag.py:3239} INFO - Sync 1 DAGs
[2024-10-26T07:15:44.128+0000] {logging_mixin.py:190} INFO - [2024-10-26T07:15:44.128+0000] {dag.py:4180} INFO - Setting next_dagrun for example_setup_teardown_taskflow to None, run_after=None
[2024-10-26T07:15:44.140+0000] {processor.py:208} INFO - Processing /home/airflow/.local/lib/python3.12/site-packages/airflow/example_dags/example_setup_teardown_taskflow.py took 0.042 seconds
[2024-10-26T07:16:16.036+0000] {processor.py:186} INFO - Started process (PID=81757) to work on /home/airflow/.local/lib/python3.12/site-packages/airflow/example_dags/example_setup_teardown_taskflow.py
[2024-10-26T07:16:16.037+0000] {processor.py:914} INFO - Processing file /home/airflow/.local/lib/python3.12/site-packages/airflow/example_dags/example_setup_teardown_taskflow.py for tasks to queue
[2024-10-26T07:16:16.037+0000] {logging_mixin.py:190} INFO - [2024-10-26T07:16:16.037+0000] {dagbag.py:588} INFO - Filling up the DagBag from /home/airflow/.local/lib/python3.12/site-packages/airflow/example_dags/example_setup_teardown_taskflow.py
[2024-10-26T07:16:16.044+0000] {processor.py:925} INFO - DAG(s) 'example_setup_teardown_taskflow' retrieved from /home/airflow/.local/lib/python3.12/site-packages/airflow/example_dags/example_setup_teardown_taskflow.py
[2024-10-26T07:16:16.058+0000] {logging_mixin.py:190} INFO - [2024-10-26T07:16:16.058+0000] {dag.py:3239} INFO - Sync 1 DAGs
[2024-10-26T07:16:16.079+0000] {logging_mixin.py:190} INFO - [2024-10-26T07:16:16.079+0000] {dag.py:4180} INFO - Setting next_dagrun for example_setup_teardown_taskflow to None, run_after=None
[2024-10-26T07:16:16.112+0000] {processor.py:208} INFO - Processing /home/airflow/.local/lib/python3.12/site-packages/airflow/example_dags/example_setup_teardown_taskflow.py took 0.080 seconds
[2024-10-26T07:16:46.524+0000] {processor.py:186} INFO - Started process (PID=82048) to work on /home/airflow/.local/lib/python3.12/site-packages/airflow/example_dags/example_setup_teardown_taskflow.py
[2024-10-26T07:16:46.525+0000] {processor.py:914} INFO - Processing file /home/airflow/.local/lib/python3.12/site-packages/airflow/example_dags/example_setup_teardown_taskflow.py for tasks to queue
[2024-10-26T07:16:46.525+0000] {logging_mixin.py:190} INFO - [2024-10-26T07:16:46.525+0000] {dagbag.py:588} INFO - Filling up the DagBag from /home/airflow/.local/lib/python3.12/site-packages/airflow/example_dags/example_setup_teardown_taskflow.py
[2024-10-26T07:16:46.531+0000] {processor.py:925} INFO - DAG(s) 'example_setup_teardown_taskflow' retrieved from /home/airflow/.local/lib/python3.12/site-packages/airflow/example_dags/example_setup_teardown_taskflow.py
[2024-10-26T07:16:46.542+0000] {logging_mixin.py:190} INFO - [2024-10-26T07:16:46.542+0000] {dag.py:3239} INFO - Sync 1 DAGs
[2024-10-26T07:16:46.553+0000] {logging_mixin.py:190} INFO - [2024-10-26T07:16:46.553+0000] {dag.py:4180} INFO - Setting next_dagrun for example_setup_teardown_taskflow to None, run_after=None
[2024-10-26T07:16:46.569+0000] {processor.py:208} INFO - Processing /home/airflow/.local/lib/python3.12/site-packages/airflow/example_dags/example_setup_teardown_taskflow.py took 0.049 seconds
[2024-10-26T07:17:17.324+0000] {processor.py:186} INFO - Started process (PID=82336) to work on /home/airflow/.local/lib/python3.12/site-packages/airflow/example_dags/example_setup_teardown_taskflow.py
[2024-10-26T07:17:17.326+0000] {processor.py:914} INFO - Processing file /home/airflow/.local/lib/python3.12/site-packages/airflow/example_dags/example_setup_teardown_taskflow.py for tasks to queue
[2024-10-26T07:17:17.327+0000] {logging_mixin.py:190} INFO - [2024-10-26T07:17:17.327+0000] {dagbag.py:588} INFO - Filling up the DagBag from /home/airflow/.local/lib/python3.12/site-packages/airflow/example_dags/example_setup_teardown_taskflow.py
[2024-10-26T07:17:17.357+0000] {processor.py:925} INFO - DAG(s) 'example_setup_teardown_taskflow' retrieved from /home/airflow/.local/lib/python3.12/site-packages/airflow/example_dags/example_setup_teardown_taskflow.py
[2024-10-26T07:17:17.388+0000] {logging_mixin.py:190} INFO - [2024-10-26T07:17:17.388+0000] {dag.py:3239} INFO - Sync 1 DAGs
[2024-10-26T07:17:17.402+0000] {logging_mixin.py:190} INFO - [2024-10-26T07:17:17.402+0000] {dag.py:4180} INFO - Setting next_dagrun for example_setup_teardown_taskflow to None, run_after=None
[2024-10-26T07:17:17.426+0000] {processor.py:208} INFO - Processing /home/airflow/.local/lib/python3.12/site-packages/airflow/example_dags/example_setup_teardown_taskflow.py took 0.105 seconds
[2024-10-26T07:17:48.406+0000] {processor.py:186} INFO - Started process (PID=82629) to work on /home/airflow/.local/lib/python3.12/site-packages/airflow/example_dags/example_setup_teardown_taskflow.py
[2024-10-26T07:17:48.408+0000] {processor.py:914} INFO - Processing file /home/airflow/.local/lib/python3.12/site-packages/airflow/example_dags/example_setup_teardown_taskflow.py for tasks to queue
[2024-10-26T07:17:48.409+0000] {logging_mixin.py:190} INFO - [2024-10-26T07:17:48.408+0000] {dagbag.py:588} INFO - Filling up the DagBag from /home/airflow/.local/lib/python3.12/site-packages/airflow/example_dags/example_setup_teardown_taskflow.py
[2024-10-26T07:17:48.420+0000] {processor.py:925} INFO - DAG(s) 'example_setup_teardown_taskflow' retrieved from /home/airflow/.local/lib/python3.12/site-packages/airflow/example_dags/example_setup_teardown_taskflow.py
[2024-10-26T07:17:48.450+0000] {logging_mixin.py:190} INFO - [2024-10-26T07:17:48.449+0000] {dag.py:3239} INFO - Sync 1 DAGs
[2024-10-26T07:17:48.461+0000] {logging_mixin.py:190} INFO - [2024-10-26T07:17:48.461+0000] {dag.py:4180} INFO - Setting next_dagrun for example_setup_teardown_taskflow to None, run_after=None
[2024-10-26T07:17:48.478+0000] {processor.py:208} INFO - Processing /home/airflow/.local/lib/python3.12/site-packages/airflow/example_dags/example_setup_teardown_taskflow.py took 0.078 seconds
[2024-10-26T07:18:18.733+0000] {processor.py:186} INFO - Started process (PID=82920) to work on /home/airflow/.local/lib/python3.12/site-packages/airflow/example_dags/example_setup_teardown_taskflow.py
[2024-10-26T07:18:18.734+0000] {processor.py:914} INFO - Processing file /home/airflow/.local/lib/python3.12/site-packages/airflow/example_dags/example_setup_teardown_taskflow.py for tasks to queue
[2024-10-26T07:18:18.735+0000] {logging_mixin.py:190} INFO - [2024-10-26T07:18:18.735+0000] {dagbag.py:588} INFO - Filling up the DagBag from /home/airflow/.local/lib/python3.12/site-packages/airflow/example_dags/example_setup_teardown_taskflow.py
[2024-10-26T07:18:18.746+0000] {processor.py:925} INFO - DAG(s) 'example_setup_teardown_taskflow' retrieved from /home/airflow/.local/lib/python3.12/site-packages/airflow/example_dags/example_setup_teardown_taskflow.py
[2024-10-26T07:18:18.768+0000] {logging_mixin.py:190} INFO - [2024-10-26T07:18:18.768+0000] {dag.py:3239} INFO - Sync 1 DAGs
[2024-10-26T07:18:18.789+0000] {logging_mixin.py:190} INFO - [2024-10-26T07:18:18.788+0000] {dag.py:4180} INFO - Setting next_dagrun for example_setup_teardown_taskflow to None, run_after=None
[2024-10-26T07:18:18.804+0000] {processor.py:208} INFO - Processing /home/airflow/.local/lib/python3.12/site-packages/airflow/example_dags/example_setup_teardown_taskflow.py took 0.077 seconds
[2024-10-26T07:18:49.698+0000] {processor.py:186} INFO - Started process (PID=83211) to work on /home/airflow/.local/lib/python3.12/site-packages/airflow/example_dags/example_setup_teardown_taskflow.py
[2024-10-26T07:18:49.699+0000] {processor.py:914} INFO - Processing file /home/airflow/.local/lib/python3.12/site-packages/airflow/example_dags/example_setup_teardown_taskflow.py for tasks to queue
[2024-10-26T07:18:49.700+0000] {logging_mixin.py:190} INFO - [2024-10-26T07:18:49.700+0000] {dagbag.py:588} INFO - Filling up the DagBag from /home/airflow/.local/lib/python3.12/site-packages/airflow/example_dags/example_setup_teardown_taskflow.py
[2024-10-26T07:18:49.712+0000] {processor.py:925} INFO - DAG(s) 'example_setup_teardown_taskflow' retrieved from /home/airflow/.local/lib/python3.12/site-packages/airflow/example_dags/example_setup_teardown_taskflow.py
[2024-10-26T07:18:49.734+0000] {logging_mixin.py:190} INFO - [2024-10-26T07:18:49.733+0000] {dag.py:3239} INFO - Sync 1 DAGs
[2024-10-26T07:18:49.746+0000] {logging_mixin.py:190} INFO - [2024-10-26T07:18:49.746+0000] {dag.py:4180} INFO - Setting next_dagrun for example_setup_teardown_taskflow to None, run_after=None
[2024-10-26T07:18:49.762+0000] {processor.py:208} INFO - Processing /home/airflow/.local/lib/python3.12/site-packages/airflow/example_dags/example_setup_teardown_taskflow.py took 0.070 seconds
[2024-10-26T07:19:20.082+0000] {processor.py:186} INFO - Started process (PID=83501) to work on /home/airflow/.local/lib/python3.12/site-packages/airflow/example_dags/example_setup_teardown_taskflow.py
[2024-10-26T07:19:20.082+0000] {processor.py:914} INFO - Processing file /home/airflow/.local/lib/python3.12/site-packages/airflow/example_dags/example_setup_teardown_taskflow.py for tasks to queue
[2024-10-26T07:19:20.084+0000] {logging_mixin.py:190} INFO - [2024-10-26T07:19:20.083+0000] {dagbag.py:588} INFO - Filling up the DagBag from /home/airflow/.local/lib/python3.12/site-packages/airflow/example_dags/example_setup_teardown_taskflow.py
[2024-10-26T07:19:20.095+0000] {processor.py:925} INFO - DAG(s) 'example_setup_teardown_taskflow' retrieved from /home/airflow/.local/lib/python3.12/site-packages/airflow/example_dags/example_setup_teardown_taskflow.py
[2024-10-26T07:19:20.116+0000] {logging_mixin.py:190} INFO - [2024-10-26T07:19:20.116+0000] {dag.py:3239} INFO - Sync 1 DAGs
[2024-10-26T07:19:20.127+0000] {logging_mixin.py:190} INFO - [2024-10-26T07:19:20.127+0000] {dag.py:4180} INFO - Setting next_dagrun for example_setup_teardown_taskflow to None, run_after=None
[2024-10-26T07:19:20.138+0000] {processor.py:208} INFO - Processing /home/airflow/.local/lib/python3.12/site-packages/airflow/example_dags/example_setup_teardown_taskflow.py took 0.062 seconds
[2024-10-26T07:19:51.084+0000] {processor.py:186} INFO - Started process (PID=83790) to work on /home/airflow/.local/lib/python3.12/site-packages/airflow/example_dags/example_setup_teardown_taskflow.py
[2024-10-26T07:19:51.087+0000] {processor.py:914} INFO - Processing file /home/airflow/.local/lib/python3.12/site-packages/airflow/example_dags/example_setup_teardown_taskflow.py for tasks to queue
[2024-10-26T07:19:51.088+0000] {logging_mixin.py:190} INFO - [2024-10-26T07:19:51.088+0000] {dagbag.py:588} INFO - Filling up the DagBag from /home/airflow/.local/lib/python3.12/site-packages/airflow/example_dags/example_setup_teardown_taskflow.py
[2024-10-26T07:19:51.094+0000] {processor.py:925} INFO - DAG(s) 'example_setup_teardown_taskflow' retrieved from /home/airflow/.local/lib/python3.12/site-packages/airflow/example_dags/example_setup_teardown_taskflow.py
[2024-10-26T07:19:51.106+0000] {logging_mixin.py:190} INFO - [2024-10-26T07:19:51.106+0000] {dag.py:3239} INFO - Sync 1 DAGs
[2024-10-26T07:19:51.113+0000] {logging_mixin.py:190} INFO - [2024-10-26T07:19:51.113+0000] {dag.py:4180} INFO - Setting next_dagrun for example_setup_teardown_taskflow to None, run_after=None
[2024-10-26T07:19:51.124+0000] {processor.py:208} INFO - Processing /home/airflow/.local/lib/python3.12/site-packages/airflow/example_dags/example_setup_teardown_taskflow.py took 0.044 seconds
[2024-10-26T07:20:21.900+0000] {processor.py:186} INFO - Started process (PID=84081) to work on /home/airflow/.local/lib/python3.12/site-packages/airflow/example_dags/example_setup_teardown_taskflow.py
[2024-10-26T07:20:21.902+0000] {processor.py:914} INFO - Processing file /home/airflow/.local/lib/python3.12/site-packages/airflow/example_dags/example_setup_teardown_taskflow.py for tasks to queue
[2024-10-26T07:20:21.903+0000] {logging_mixin.py:190} INFO - [2024-10-26T07:20:21.903+0000] {dagbag.py:588} INFO - Filling up the DagBag from /home/airflow/.local/lib/python3.12/site-packages/airflow/example_dags/example_setup_teardown_taskflow.py
[2024-10-26T07:20:21.915+0000] {processor.py:925} INFO - DAG(s) 'example_setup_teardown_taskflow' retrieved from /home/airflow/.local/lib/python3.12/site-packages/airflow/example_dags/example_setup_teardown_taskflow.py
[2024-10-26T07:20:21.930+0000] {logging_mixin.py:190} INFO - [2024-10-26T07:20:21.929+0000] {dag.py:3239} INFO - Sync 1 DAGs
[2024-10-26T07:20:21.941+0000] {logging_mixin.py:190} INFO - [2024-10-26T07:20:21.940+0000] {dag.py:4180} INFO - Setting next_dagrun for example_setup_teardown_taskflow to None, run_after=None
[2024-10-26T07:20:21.955+0000] {processor.py:208} INFO - Processing /home/airflow/.local/lib/python3.12/site-packages/airflow/example_dags/example_setup_teardown_taskflow.py took 0.061 seconds
[2024-10-26T07:20:52.417+0000] {processor.py:186} INFO - Started process (PID=84372) to work on /home/airflow/.local/lib/python3.12/site-packages/airflow/example_dags/example_setup_teardown_taskflow.py
[2024-10-26T07:20:52.418+0000] {processor.py:914} INFO - Processing file /home/airflow/.local/lib/python3.12/site-packages/airflow/example_dags/example_setup_teardown_taskflow.py for tasks to queue
[2024-10-26T07:20:52.418+0000] {logging_mixin.py:190} INFO - [2024-10-26T07:20:52.418+0000] {dagbag.py:588} INFO - Filling up the DagBag from /home/airflow/.local/lib/python3.12/site-packages/airflow/example_dags/example_setup_teardown_taskflow.py
[2024-10-26T07:20:52.425+0000] {processor.py:925} INFO - DAG(s) 'example_setup_teardown_taskflow' retrieved from /home/airflow/.local/lib/python3.12/site-packages/airflow/example_dags/example_setup_teardown_taskflow.py
[2024-10-26T07:20:52.436+0000] {logging_mixin.py:190} INFO - [2024-10-26T07:20:52.436+0000] {dag.py:3239} INFO - Sync 1 DAGs
[2024-10-26T07:20:52.444+0000] {logging_mixin.py:190} INFO - [2024-10-26T07:20:52.444+0000] {dag.py:4180} INFO - Setting next_dagrun for example_setup_teardown_taskflow to None, run_after=None
[2024-10-26T07:20:52.455+0000] {processor.py:208} INFO - Processing /home/airflow/.local/lib/python3.12/site-packages/airflow/example_dags/example_setup_teardown_taskflow.py took 0.042 seconds
[2024-10-26T07:21:23.114+0000] {processor.py:186} INFO - Started process (PID=84663) to work on /home/airflow/.local/lib/python3.12/site-packages/airflow/example_dags/example_setup_teardown_taskflow.py
[2024-10-26T07:21:23.115+0000] {processor.py:914} INFO - Processing file /home/airflow/.local/lib/python3.12/site-packages/airflow/example_dags/example_setup_teardown_taskflow.py for tasks to queue
[2024-10-26T07:21:23.117+0000] {logging_mixin.py:190} INFO - [2024-10-26T07:21:23.116+0000] {dagbag.py:588} INFO - Filling up the DagBag from /home/airflow/.local/lib/python3.12/site-packages/airflow/example_dags/example_setup_teardown_taskflow.py
[2024-10-26T07:21:23.122+0000] {processor.py:925} INFO - DAG(s) 'example_setup_teardown_taskflow' retrieved from /home/airflow/.local/lib/python3.12/site-packages/airflow/example_dags/example_setup_teardown_taskflow.py
[2024-10-26T07:21:23.134+0000] {logging_mixin.py:190} INFO - [2024-10-26T07:21:23.134+0000] {dag.py:3239} INFO - Sync 1 DAGs
[2024-10-26T07:21:23.142+0000] {logging_mixin.py:190} INFO - [2024-10-26T07:21:23.142+0000] {dag.py:4180} INFO - Setting next_dagrun for example_setup_teardown_taskflow to None, run_after=None
[2024-10-26T07:21:23.151+0000] {processor.py:208} INFO - Processing /home/airflow/.local/lib/python3.12/site-packages/airflow/example_dags/example_setup_teardown_taskflow.py took 0.040 seconds
[2024-10-26T07:21:54.911+0000] {processor.py:186} INFO - Started process (PID=84954) to work on /home/airflow/.local/lib/python3.12/site-packages/airflow/example_dags/example_setup_teardown_taskflow.py
[2024-10-26T07:21:54.911+0000] {processor.py:914} INFO - Processing file /home/airflow/.local/lib/python3.12/site-packages/airflow/example_dags/example_setup_teardown_taskflow.py for tasks to queue
[2024-10-26T07:21:54.912+0000] {logging_mixin.py:190} INFO - [2024-10-26T07:21:54.912+0000] {dagbag.py:588} INFO - Filling up the DagBag from /home/airflow/.local/lib/python3.12/site-packages/airflow/example_dags/example_setup_teardown_taskflow.py
[2024-10-26T07:21:54.917+0000] {processor.py:925} INFO - DAG(s) 'example_setup_teardown_taskflow' retrieved from /home/airflow/.local/lib/python3.12/site-packages/airflow/example_dags/example_setup_teardown_taskflow.py
[2024-10-26T07:21:54.930+0000] {logging_mixin.py:190} INFO - [2024-10-26T07:21:54.930+0000] {dag.py:3239} INFO - Sync 1 DAGs
[2024-10-26T07:21:54.938+0000] {logging_mixin.py:190} INFO - [2024-10-26T07:21:54.938+0000] {dag.py:4180} INFO - Setting next_dagrun for example_setup_teardown_taskflow to None, run_after=None
[2024-10-26T07:21:54.947+0000] {processor.py:208} INFO - Processing /home/airflow/.local/lib/python3.12/site-packages/airflow/example_dags/example_setup_teardown_taskflow.py took 0.040 seconds
[2024-10-26T07:22:25.944+0000] {processor.py:186} INFO - Started process (PID=85245) to work on /home/airflow/.local/lib/python3.12/site-packages/airflow/example_dags/example_setup_teardown_taskflow.py
[2024-10-26T07:22:25.945+0000] {processor.py:914} INFO - Processing file /home/airflow/.local/lib/python3.12/site-packages/airflow/example_dags/example_setup_teardown_taskflow.py for tasks to queue
[2024-10-26T07:22:25.947+0000] {logging_mixin.py:190} INFO - [2024-10-26T07:22:25.947+0000] {dagbag.py:588} INFO - Filling up the DagBag from /home/airflow/.local/lib/python3.12/site-packages/airflow/example_dags/example_setup_teardown_taskflow.py
[2024-10-26T07:22:25.953+0000] {processor.py:925} INFO - DAG(s) 'example_setup_teardown_taskflow' retrieved from /home/airflow/.local/lib/python3.12/site-packages/airflow/example_dags/example_setup_teardown_taskflow.py
[2024-10-26T07:22:25.967+0000] {logging_mixin.py:190} INFO - [2024-10-26T07:22:25.967+0000] {dag.py:3239} INFO - Sync 1 DAGs
[2024-10-26T07:22:25.974+0000] {logging_mixin.py:190} INFO - [2024-10-26T07:22:25.974+0000] {dag.py:4180} INFO - Setting next_dagrun for example_setup_teardown_taskflow to None, run_after=None
[2024-10-26T07:22:25.985+0000] {processor.py:208} INFO - Processing /home/airflow/.local/lib/python3.12/site-packages/airflow/example_dags/example_setup_teardown_taskflow.py took 0.043 seconds
[2024-10-26T07:22:56.698+0000] {processor.py:186} INFO - Started process (PID=85536) to work on /home/airflow/.local/lib/python3.12/site-packages/airflow/example_dags/example_setup_teardown_taskflow.py
[2024-10-26T07:22:56.700+0000] {processor.py:914} INFO - Processing file /home/airflow/.local/lib/python3.12/site-packages/airflow/example_dags/example_setup_teardown_taskflow.py for tasks to queue
[2024-10-26T07:22:56.702+0000] {logging_mixin.py:190} INFO - [2024-10-26T07:22:56.702+0000] {dagbag.py:588} INFO - Filling up the DagBag from /home/airflow/.local/lib/python3.12/site-packages/airflow/example_dags/example_setup_teardown_taskflow.py
[2024-10-26T07:22:56.709+0000] {processor.py:925} INFO - DAG(s) 'example_setup_teardown_taskflow' retrieved from /home/airflow/.local/lib/python3.12/site-packages/airflow/example_dags/example_setup_teardown_taskflow.py
[2024-10-26T07:22:56.725+0000] {logging_mixin.py:190} INFO - [2024-10-26T07:22:56.725+0000] {dag.py:3239} INFO - Sync 1 DAGs
[2024-10-26T07:22:56.732+0000] {logging_mixin.py:190} INFO - [2024-10-26T07:22:56.732+0000] {dag.py:4180} INFO - Setting next_dagrun for example_setup_teardown_taskflow to None, run_after=None
[2024-10-26T07:22:56.741+0000] {processor.py:208} INFO - Processing /home/airflow/.local/lib/python3.12/site-packages/airflow/example_dags/example_setup_teardown_taskflow.py took 0.047 seconds
[2024-10-26T07:23:27.475+0000] {processor.py:186} INFO - Started process (PID=85827) to work on /home/airflow/.local/lib/python3.12/site-packages/airflow/example_dags/example_setup_teardown_taskflow.py
[2024-10-26T07:23:27.476+0000] {processor.py:914} INFO - Processing file /home/airflow/.local/lib/python3.12/site-packages/airflow/example_dags/example_setup_teardown_taskflow.py for tasks to queue
[2024-10-26T07:23:27.478+0000] {logging_mixin.py:190} INFO - [2024-10-26T07:23:27.478+0000] {dagbag.py:588} INFO - Filling up the DagBag from /home/airflow/.local/lib/python3.12/site-packages/airflow/example_dags/example_setup_teardown_taskflow.py
[2024-10-26T07:23:27.483+0000] {processor.py:925} INFO - DAG(s) 'example_setup_teardown_taskflow' retrieved from /home/airflow/.local/lib/python3.12/site-packages/airflow/example_dags/example_setup_teardown_taskflow.py
[2024-10-26T07:23:27.500+0000] {logging_mixin.py:190} INFO - [2024-10-26T07:23:27.500+0000] {dag.py:3239} INFO - Sync 1 DAGs
[2024-10-26T07:23:27.508+0000] {logging_mixin.py:190} INFO - [2024-10-26T07:23:27.508+0000] {dag.py:4180} INFO - Setting next_dagrun for example_setup_teardown_taskflow to None, run_after=None
[2024-10-26T07:23:27.520+0000] {processor.py:208} INFO - Processing /home/airflow/.local/lib/python3.12/site-packages/airflow/example_dags/example_setup_teardown_taskflow.py took 0.048 seconds
[2024-10-26T07:23:58.322+0000] {processor.py:186} INFO - Started process (PID=86118) to work on /home/airflow/.local/lib/python3.12/site-packages/airflow/example_dags/example_setup_teardown_taskflow.py
[2024-10-26T07:23:58.323+0000] {processor.py:914} INFO - Processing file /home/airflow/.local/lib/python3.12/site-packages/airflow/example_dags/example_setup_teardown_taskflow.py for tasks to queue
[2024-10-26T07:23:58.328+0000] {logging_mixin.py:190} INFO - [2024-10-26T07:23:58.327+0000] {dagbag.py:588} INFO - Filling up the DagBag from /home/airflow/.local/lib/python3.12/site-packages/airflow/example_dags/example_setup_teardown_taskflow.py
[2024-10-26T07:23:58.333+0000] {processor.py:925} INFO - DAG(s) 'example_setup_teardown_taskflow' retrieved from /home/airflow/.local/lib/python3.12/site-packages/airflow/example_dags/example_setup_teardown_taskflow.py
[2024-10-26T07:23:58.346+0000] {logging_mixin.py:190} INFO - [2024-10-26T07:23:58.346+0000] {dag.py:3239} INFO - Sync 1 DAGs
[2024-10-26T07:23:58.353+0000] {logging_mixin.py:190} INFO - [2024-10-26T07:23:58.353+0000] {dag.py:4180} INFO - Setting next_dagrun for example_setup_teardown_taskflow to None, run_after=None
[2024-10-26T07:23:58.363+0000] {processor.py:208} INFO - Processing /home/airflow/.local/lib/python3.12/site-packages/airflow/example_dags/example_setup_teardown_taskflow.py took 0.044 seconds
[2024-10-26T07:24:29.230+0000] {processor.py:186} INFO - Started process (PID=86411) to work on /home/airflow/.local/lib/python3.12/site-packages/airflow/example_dags/example_setup_teardown_taskflow.py
[2024-10-26T07:24:29.230+0000] {processor.py:914} INFO - Processing file /home/airflow/.local/lib/python3.12/site-packages/airflow/example_dags/example_setup_teardown_taskflow.py for tasks to queue
[2024-10-26T07:24:29.231+0000] {logging_mixin.py:190} INFO - [2024-10-26T07:24:29.231+0000] {dagbag.py:588} INFO - Filling up the DagBag from /home/airflow/.local/lib/python3.12/site-packages/airflow/example_dags/example_setup_teardown_taskflow.py
[2024-10-26T07:24:29.237+0000] {processor.py:925} INFO - DAG(s) 'example_setup_teardown_taskflow' retrieved from /home/airflow/.local/lib/python3.12/site-packages/airflow/example_dags/example_setup_teardown_taskflow.py
[2024-10-26T07:24:29.248+0000] {logging_mixin.py:190} INFO - [2024-10-26T07:24:29.247+0000] {dag.py:3239} INFO - Sync 1 DAGs
[2024-10-26T07:24:29.258+0000] {logging_mixin.py:190} INFO - [2024-10-26T07:24:29.257+0000] {dag.py:4180} INFO - Setting next_dagrun for example_setup_teardown_taskflow to None, run_after=None
[2024-10-26T07:24:29.270+0000] {processor.py:208} INFO - Processing /home/airflow/.local/lib/python3.12/site-packages/airflow/example_dags/example_setup_teardown_taskflow.py took 0.043 seconds
[2024-10-26T07:25:00.233+0000] {processor.py:186} INFO - Started process (PID=86702) to work on /home/airflow/.local/lib/python3.12/site-packages/airflow/example_dags/example_setup_teardown_taskflow.py
[2024-10-26T07:25:00.234+0000] {processor.py:914} INFO - Processing file /home/airflow/.local/lib/python3.12/site-packages/airflow/example_dags/example_setup_teardown_taskflow.py for tasks to queue
[2024-10-26T07:25:00.235+0000] {logging_mixin.py:190} INFO - [2024-10-26T07:25:00.235+0000] {dagbag.py:588} INFO - Filling up the DagBag from /home/airflow/.local/lib/python3.12/site-packages/airflow/example_dags/example_setup_teardown_taskflow.py
[2024-10-26T07:25:00.240+0000] {processor.py:925} INFO - DAG(s) 'example_setup_teardown_taskflow' retrieved from /home/airflow/.local/lib/python3.12/site-packages/airflow/example_dags/example_setup_teardown_taskflow.py
[2024-10-26T07:25:00.252+0000] {logging_mixin.py:190} INFO - [2024-10-26T07:25:00.252+0000] {dag.py:3239} INFO - Sync 1 DAGs
[2024-10-26T07:25:00.259+0000] {logging_mixin.py:190} INFO - [2024-10-26T07:25:00.259+0000] {dag.py:4180} INFO - Setting next_dagrun for example_setup_teardown_taskflow to None, run_after=None
[2024-10-26T07:25:00.269+0000] {processor.py:208} INFO - Processing /home/airflow/.local/lib/python3.12/site-packages/airflow/example_dags/example_setup_teardown_taskflow.py took 0.039 seconds
[2024-10-26T07:25:31.388+0000] {processor.py:186} INFO - Started process (PID=86991) to work on /home/airflow/.local/lib/python3.12/site-packages/airflow/example_dags/example_setup_teardown_taskflow.py
[2024-10-26T07:25:31.393+0000] {processor.py:914} INFO - Processing file /home/airflow/.local/lib/python3.12/site-packages/airflow/example_dags/example_setup_teardown_taskflow.py for tasks to queue
[2024-10-26T07:25:31.397+0000] {logging_mixin.py:190} INFO - [2024-10-26T07:25:31.397+0000] {dagbag.py:588} INFO - Filling up the DagBag from /home/airflow/.local/lib/python3.12/site-packages/airflow/example_dags/example_setup_teardown_taskflow.py
[2024-10-26T07:25:31.419+0000] {processor.py:925} INFO - DAG(s) 'example_setup_teardown_taskflow' retrieved from /home/airflow/.local/lib/python3.12/site-packages/airflow/example_dags/example_setup_teardown_taskflow.py
[2024-10-26T07:25:31.451+0000] {logging_mixin.py:190} INFO - [2024-10-26T07:25:31.450+0000] {dag.py:3239} INFO - Sync 1 DAGs
[2024-10-26T07:25:31.464+0000] {logging_mixin.py:190} INFO - [2024-10-26T07:25:31.464+0000] {dag.py:4180} INFO - Setting next_dagrun for example_setup_teardown_taskflow to None, run_after=None
[2024-10-26T07:25:31.479+0000] {processor.py:208} INFO - Processing /home/airflow/.local/lib/python3.12/site-packages/airflow/example_dags/example_setup_teardown_taskflow.py took 0.102 seconds
[2024-10-26T07:26:02.196+0000] {processor.py:186} INFO - Started process (PID=87282) to work on /home/airflow/.local/lib/python3.12/site-packages/airflow/example_dags/example_setup_teardown_taskflow.py
[2024-10-26T07:26:02.198+0000] {processor.py:914} INFO - Processing file /home/airflow/.local/lib/python3.12/site-packages/airflow/example_dags/example_setup_teardown_taskflow.py for tasks to queue
[2024-10-26T07:26:02.199+0000] {logging_mixin.py:190} INFO - [2024-10-26T07:26:02.199+0000] {dagbag.py:588} INFO - Filling up the DagBag from /home/airflow/.local/lib/python3.12/site-packages/airflow/example_dags/example_setup_teardown_taskflow.py
[2024-10-26T07:26:02.210+0000] {processor.py:925} INFO - DAG(s) 'example_setup_teardown_taskflow' retrieved from /home/airflow/.local/lib/python3.12/site-packages/airflow/example_dags/example_setup_teardown_taskflow.py
[2024-10-26T07:26:02.226+0000] {logging_mixin.py:190} INFO - [2024-10-26T07:26:02.226+0000] {dag.py:3239} INFO - Sync 1 DAGs
[2024-10-26T07:26:02.237+0000] {logging_mixin.py:190} INFO - [2024-10-26T07:26:02.237+0000] {dag.py:4180} INFO - Setting next_dagrun for example_setup_teardown_taskflow to None, run_after=None
[2024-10-26T07:26:02.256+0000] {processor.py:208} INFO - Processing /home/airflow/.local/lib/python3.12/site-packages/airflow/example_dags/example_setup_teardown_taskflow.py took 0.063 seconds
[2024-10-26T07:26:33.161+0000] {processor.py:186} INFO - Started process (PID=87573) to work on /home/airflow/.local/lib/python3.12/site-packages/airflow/example_dags/example_setup_teardown_taskflow.py
[2024-10-26T07:26:33.161+0000] {processor.py:914} INFO - Processing file /home/airflow/.local/lib/python3.12/site-packages/airflow/example_dags/example_setup_teardown_taskflow.py for tasks to queue
[2024-10-26T07:26:33.162+0000] {logging_mixin.py:190} INFO - [2024-10-26T07:26:33.162+0000] {dagbag.py:588} INFO - Filling up the DagBag from /home/airflow/.local/lib/python3.12/site-packages/airflow/example_dags/example_setup_teardown_taskflow.py
[2024-10-26T07:26:33.168+0000] {processor.py:925} INFO - DAG(s) 'example_setup_teardown_taskflow' retrieved from /home/airflow/.local/lib/python3.12/site-packages/airflow/example_dags/example_setup_teardown_taskflow.py
[2024-10-26T07:26:33.182+0000] {logging_mixin.py:190} INFO - [2024-10-26T07:26:33.182+0000] {dag.py:3239} INFO - Sync 1 DAGs
[2024-10-26T07:26:33.190+0000] {logging_mixin.py:190} INFO - [2024-10-26T07:26:33.189+0000] {dag.py:4180} INFO - Setting next_dagrun for example_setup_teardown_taskflow to None, run_after=None
[2024-10-26T07:26:33.199+0000] {processor.py:208} INFO - Processing /home/airflow/.local/lib/python3.12/site-packages/airflow/example_dags/example_setup_teardown_taskflow.py took 0.040 seconds
[2024-10-26T07:27:03.389+0000] {processor.py:186} INFO - Started process (PID=87864) to work on /home/airflow/.local/lib/python3.12/site-packages/airflow/example_dags/example_setup_teardown_taskflow.py
[2024-10-26T07:27:03.391+0000] {processor.py:914} INFO - Processing file /home/airflow/.local/lib/python3.12/site-packages/airflow/example_dags/example_setup_teardown_taskflow.py for tasks to queue
[2024-10-26T07:27:03.393+0000] {logging_mixin.py:190} INFO - [2024-10-26T07:27:03.392+0000] {dagbag.py:588} INFO - Filling up the DagBag from /home/airflow/.local/lib/python3.12/site-packages/airflow/example_dags/example_setup_teardown_taskflow.py
[2024-10-26T07:27:03.402+0000] {processor.py:925} INFO - DAG(s) 'example_setup_teardown_taskflow' retrieved from /home/airflow/.local/lib/python3.12/site-packages/airflow/example_dags/example_setup_teardown_taskflow.py
[2024-10-26T07:27:03.415+0000] {logging_mixin.py:190} INFO - [2024-10-26T07:27:03.415+0000] {dag.py:3239} INFO - Sync 1 DAGs
[2024-10-26T07:27:03.425+0000] {logging_mixin.py:190} INFO - [2024-10-26T07:27:03.425+0000] {dag.py:4180} INFO - Setting next_dagrun for example_setup_teardown_taskflow to None, run_after=None
[2024-10-26T07:27:03.437+0000] {processor.py:208} INFO - Processing /home/airflow/.local/lib/python3.12/site-packages/airflow/example_dags/example_setup_teardown_taskflow.py took 0.051 seconds
[2024-10-26T07:27:34.178+0000] {processor.py:186} INFO - Started process (PID=88157) to work on /home/airflow/.local/lib/python3.12/site-packages/airflow/example_dags/example_setup_teardown_taskflow.py
[2024-10-26T07:27:34.179+0000] {processor.py:914} INFO - Processing file /home/airflow/.local/lib/python3.12/site-packages/airflow/example_dags/example_setup_teardown_taskflow.py for tasks to queue
[2024-10-26T07:27:34.182+0000] {logging_mixin.py:190} INFO - [2024-10-26T07:27:34.181+0000] {dagbag.py:588} INFO - Filling up the DagBag from /home/airflow/.local/lib/python3.12/site-packages/airflow/example_dags/example_setup_teardown_taskflow.py
[2024-10-26T07:27:34.189+0000] {processor.py:925} INFO - DAG(s) 'example_setup_teardown_taskflow' retrieved from /home/airflow/.local/lib/python3.12/site-packages/airflow/example_dags/example_setup_teardown_taskflow.py
[2024-10-26T07:27:34.204+0000] {logging_mixin.py:190} INFO - [2024-10-26T07:27:34.203+0000] {dag.py:3239} INFO - Sync 1 DAGs
[2024-10-26T07:27:34.212+0000] {logging_mixin.py:190} INFO - [2024-10-26T07:27:34.212+0000] {dag.py:4180} INFO - Setting next_dagrun for example_setup_teardown_taskflow to None, run_after=None
[2024-10-26T07:27:34.223+0000] {processor.py:208} INFO - Processing /home/airflow/.local/lib/python3.12/site-packages/airflow/example_dags/example_setup_teardown_taskflow.py took 0.048 seconds
