[2024-10-26T00:46:26.209+0000] {processor.py:186} INFO - Started process (PID=70919) to work on /home/airflow/.local/lib/python3.12/site-packages/airflow/example_dags/example_setup_teardown.py
[2024-10-26T00:46:26.210+0000] {processor.py:914} INFO - Processing file /home/airflow/.local/lib/python3.12/site-packages/airflow/example_dags/example_setup_teardown.py for tasks to queue
[2024-10-26T00:46:26.210+0000] {logging_mixin.py:190} INFO - [2024-10-26T00:46:26.210+0000] {dagbag.py:588} INFO - Filling up the DagBag from /home/airflow/.local/lib/python3.12/site-packages/airflow/example_dags/example_setup_teardown.py
[2024-10-26T00:46:26.219+0000] {processor.py:925} INFO - DAG(s) 'example_setup_teardown' retrieved from /home/airflow/.local/lib/python3.12/site-packages/airflow/example_dags/example_setup_teardown.py
[2024-10-26T00:46:26.237+0000] {logging_mixin.py:190} INFO - [2024-10-26T00:46:26.237+0000] {dag.py:3239} INFO - Sync 1 DAGs
[2024-10-26T00:46:26.245+0000] {logging_mixin.py:190} INFO - [2024-10-26T00:46:26.245+0000] {dag.py:4180} INFO - Setting next_dagrun for example_setup_teardown to None, run_after=None
[2024-10-26T00:46:26.253+0000] {processor.py:208} INFO - Processing /home/airflow/.local/lib/python3.12/site-packages/airflow/example_dags/example_setup_teardown.py took 0.048 seconds
[2024-10-26T01:37:09.836+0000] {processor.py:186} INFO - Started process (PID=71211) to work on /home/airflow/.local/lib/python3.12/site-packages/airflow/example_dags/example_setup_teardown.py
[2024-10-26T01:37:09.837+0000] {processor.py:914} INFO - Processing file /home/airflow/.local/lib/python3.12/site-packages/airflow/example_dags/example_setup_teardown.py for tasks to queue
[2024-10-26T01:37:09.838+0000] {logging_mixin.py:190} INFO - [2024-10-26T01:37:09.837+0000] {dagbag.py:588} INFO - Filling up the DagBag from /home/airflow/.local/lib/python3.12/site-packages/airflow/example_dags/example_setup_teardown.py
[2024-10-26T01:37:09.842+0000] {processor.py:925} INFO - DAG(s) 'example_setup_teardown' retrieved from /home/airflow/.local/lib/python3.12/site-packages/airflow/example_dags/example_setup_teardown.py
[2024-10-26T01:37:09.855+0000] {logging_mixin.py:190} INFO - [2024-10-26T01:37:09.855+0000] {dag.py:3239} INFO - Sync 1 DAGs
[2024-10-26T01:37:09.864+0000] {logging_mixin.py:190} INFO - [2024-10-26T01:37:09.864+0000] {dag.py:4180} INFO - Setting next_dagrun for example_setup_teardown to None, run_after=None
[2024-10-26T01:37:09.878+0000] {processor.py:208} INFO - Processing /home/airflow/.local/lib/python3.12/site-packages/airflow/example_dags/example_setup_teardown.py took 0.045 seconds
[2024-10-26T02:57:38.839+0000] {processor.py:186} INFO - Started process (PID=71504) to work on /home/airflow/.local/lib/python3.12/site-packages/airflow/example_dags/example_setup_teardown.py
[2024-10-26T02:57:38.840+0000] {processor.py:914} INFO - Processing file /home/airflow/.local/lib/python3.12/site-packages/airflow/example_dags/example_setup_teardown.py for tasks to queue
[2024-10-26T02:57:38.840+0000] {logging_mixin.py:190} INFO - [2024-10-26T02:57:38.840+0000] {dagbag.py:588} INFO - Filling up the DagBag from /home/airflow/.local/lib/python3.12/site-packages/airflow/example_dags/example_setup_teardown.py
[2024-10-26T02:57:38.845+0000] {processor.py:925} INFO - DAG(s) 'example_setup_teardown' retrieved from /home/airflow/.local/lib/python3.12/site-packages/airflow/example_dags/example_setup_teardown.py
[2024-10-26T02:57:38.862+0000] {logging_mixin.py:190} INFO - [2024-10-26T02:57:38.862+0000] {dag.py:3239} INFO - Sync 1 DAGs
[2024-10-26T02:57:38.872+0000] {logging_mixin.py:190} INFO - [2024-10-26T02:57:38.871+0000] {dag.py:4180} INFO - Setting next_dagrun for example_setup_teardown to None, run_after=None
[2024-10-26T02:57:38.883+0000] {processor.py:208} INFO - Processing /home/airflow/.local/lib/python3.12/site-packages/airflow/example_dags/example_setup_teardown.py took 0.047 seconds
[2024-10-26T04:18:36.089+0000] {processor.py:186} INFO - Started process (PID=71793) to work on /home/airflow/.local/lib/python3.12/site-packages/airflow/example_dags/example_setup_teardown.py
[2024-10-26T04:18:36.090+0000] {processor.py:914} INFO - Processing file /home/airflow/.local/lib/python3.12/site-packages/airflow/example_dags/example_setup_teardown.py for tasks to queue
[2024-10-26T04:18:36.092+0000] {logging_mixin.py:190} INFO - [2024-10-26T04:18:36.091+0000] {dagbag.py:588} INFO - Filling up the DagBag from /home/airflow/.local/lib/python3.12/site-packages/airflow/example_dags/example_setup_teardown.py
[2024-10-26T04:18:36.096+0000] {processor.py:925} INFO - DAG(s) 'example_setup_teardown' retrieved from /home/airflow/.local/lib/python3.12/site-packages/airflow/example_dags/example_setup_teardown.py
[2024-10-26T04:18:36.107+0000] {logging_mixin.py:190} INFO - [2024-10-26T04:18:36.107+0000] {dag.py:3239} INFO - Sync 1 DAGs
[2024-10-26T04:18:36.114+0000] {logging_mixin.py:190} INFO - [2024-10-26T04:18:36.114+0000] {dag.py:4180} INFO - Setting next_dagrun for example_setup_teardown to None, run_after=None
[2024-10-26T04:18:36.124+0000] {processor.py:208} INFO - Processing /home/airflow/.local/lib/python3.12/site-packages/airflow/example_dags/example_setup_teardown.py took 0.039 seconds
[2024-10-26T05:41:05.867+0000] {processor.py:186} INFO - Started process (PID=72084) to work on /home/airflow/.local/lib/python3.12/site-packages/airflow/example_dags/example_setup_teardown.py
[2024-10-26T05:41:05.868+0000] {processor.py:914} INFO - Processing file /home/airflow/.local/lib/python3.12/site-packages/airflow/example_dags/example_setup_teardown.py for tasks to queue
[2024-10-26T05:41:05.868+0000] {logging_mixin.py:190} INFO - [2024-10-26T05:41:05.868+0000] {dagbag.py:588} INFO - Filling up the DagBag from /home/airflow/.local/lib/python3.12/site-packages/airflow/example_dags/example_setup_teardown.py
[2024-10-26T05:41:05.873+0000] {processor.py:925} INFO - DAG(s) 'example_setup_teardown' retrieved from /home/airflow/.local/lib/python3.12/site-packages/airflow/example_dags/example_setup_teardown.py
[2024-10-26T05:41:05.884+0000] {logging_mixin.py:190} INFO - [2024-10-26T05:41:05.884+0000] {dag.py:3239} INFO - Sync 1 DAGs
[2024-10-26T05:41:05.892+0000] {logging_mixin.py:190} INFO - [2024-10-26T05:41:05.891+0000] {dag.py:4180} INFO - Setting next_dagrun for example_setup_teardown to None, run_after=None
[2024-10-26T05:41:05.906+0000] {processor.py:208} INFO - Processing /home/airflow/.local/lib/python3.12/site-packages/airflow/example_dags/example_setup_teardown.py took 0.042 seconds
[2024-10-26T06:59:46.193+0000] {processor.py:186} INFO - Started process (PID=72375) to work on /home/airflow/.local/lib/python3.12/site-packages/airflow/example_dags/example_setup_teardown.py
[2024-10-26T06:59:46.196+0000] {processor.py:914} INFO - Processing file /home/airflow/.local/lib/python3.12/site-packages/airflow/example_dags/example_setup_teardown.py for tasks to queue
[2024-10-26T06:59:46.197+0000] {logging_mixin.py:190} INFO - [2024-10-26T06:59:46.197+0000] {dagbag.py:588} INFO - Filling up the DagBag from /home/airflow/.local/lib/python3.12/site-packages/airflow/example_dags/example_setup_teardown.py
[2024-10-26T06:59:46.203+0000] {processor.py:925} INFO - DAG(s) 'example_setup_teardown' retrieved from /home/airflow/.local/lib/python3.12/site-packages/airflow/example_dags/example_setup_teardown.py
[2024-10-26T06:59:46.218+0000] {logging_mixin.py:190} INFO - [2024-10-26T06:59:46.217+0000] {dag.py:3239} INFO - Sync 1 DAGs
[2024-10-26T06:59:46.229+0000] {logging_mixin.py:190} INFO - [2024-10-26T06:59:46.229+0000] {dag.py:4180} INFO - Setting next_dagrun for example_setup_teardown to None, run_after=None
[2024-10-26T06:59:46.238+0000] {processor.py:208} INFO - Processing /home/airflow/.local/lib/python3.12/site-packages/airflow/example_dags/example_setup_teardown.py took 0.049 seconds
[2024-10-26T07:00:16.809+0000] {processor.py:186} INFO - Started process (PID=72666) to work on /home/airflow/.local/lib/python3.12/site-packages/airflow/example_dags/example_setup_teardown.py
[2024-10-26T07:00:16.810+0000] {processor.py:914} INFO - Processing file /home/airflow/.local/lib/python3.12/site-packages/airflow/example_dags/example_setup_teardown.py for tasks to queue
[2024-10-26T07:00:16.811+0000] {logging_mixin.py:190} INFO - [2024-10-26T07:00:16.811+0000] {dagbag.py:588} INFO - Filling up the DagBag from /home/airflow/.local/lib/python3.12/site-packages/airflow/example_dags/example_setup_teardown.py
[2024-10-26T07:00:16.815+0000] {processor.py:925} INFO - DAG(s) 'example_setup_teardown' retrieved from /home/airflow/.local/lib/python3.12/site-packages/airflow/example_dags/example_setup_teardown.py
[2024-10-26T07:00:16.826+0000] {logging_mixin.py:190} INFO - [2024-10-26T07:00:16.826+0000] {dag.py:3239} INFO - Sync 1 DAGs
[2024-10-26T07:00:16.834+0000] {logging_mixin.py:190} INFO - [2024-10-26T07:00:16.834+0000] {dag.py:4180} INFO - Setting next_dagrun for example_setup_teardown to None, run_after=None
[2024-10-26T07:00:16.844+0000] {processor.py:208} INFO - Processing /home/airflow/.local/lib/python3.12/site-packages/airflow/example_dags/example_setup_teardown.py took 0.038 seconds
[2024-10-26T07:00:47.357+0000] {processor.py:186} INFO - Started process (PID=72957) to work on /home/airflow/.local/lib/python3.12/site-packages/airflow/example_dags/example_setup_teardown.py
[2024-10-26T07:00:47.358+0000] {processor.py:914} INFO - Processing file /home/airflow/.local/lib/python3.12/site-packages/airflow/example_dags/example_setup_teardown.py for tasks to queue
[2024-10-26T07:00:47.359+0000] {logging_mixin.py:190} INFO - [2024-10-26T07:00:47.359+0000] {dagbag.py:588} INFO - Filling up the DagBag from /home/airflow/.local/lib/python3.12/site-packages/airflow/example_dags/example_setup_teardown.py
[2024-10-26T07:00:47.364+0000] {processor.py:925} INFO - DAG(s) 'example_setup_teardown' retrieved from /home/airflow/.local/lib/python3.12/site-packages/airflow/example_dags/example_setup_teardown.py
[2024-10-26T07:00:47.376+0000] {logging_mixin.py:190} INFO - [2024-10-26T07:00:47.376+0000] {dag.py:3239} INFO - Sync 1 DAGs
[2024-10-26T07:00:47.389+0000] {logging_mixin.py:190} INFO - [2024-10-26T07:00:47.389+0000] {dag.py:4180} INFO - Setting next_dagrun for example_setup_teardown to None, run_after=None
[2024-10-26T07:00:47.402+0000] {processor.py:208} INFO - Processing /home/airflow/.local/lib/python3.12/site-packages/airflow/example_dags/example_setup_teardown.py took 0.048 seconds
[2024-10-26T07:01:20.487+0000] {processor.py:186} INFO - Started process (PID=73248) to work on /home/airflow/.local/lib/python3.12/site-packages/airflow/example_dags/example_setup_teardown.py
[2024-10-26T07:01:20.489+0000] {processor.py:914} INFO - Processing file /home/airflow/.local/lib/python3.12/site-packages/airflow/example_dags/example_setup_teardown.py for tasks to queue
[2024-10-26T07:01:20.494+0000] {logging_mixin.py:190} INFO - [2024-10-26T07:01:20.493+0000] {dagbag.py:588} INFO - Filling up the DagBag from /home/airflow/.local/lib/python3.12/site-packages/airflow/example_dags/example_setup_teardown.py
[2024-10-26T07:01:20.510+0000] {processor.py:925} INFO - DAG(s) 'example_setup_teardown' retrieved from /home/airflow/.local/lib/python3.12/site-packages/airflow/example_dags/example_setup_teardown.py
[2024-10-26T07:01:20.568+0000] {logging_mixin.py:190} INFO - [2024-10-26T07:01:20.567+0000] {dag.py:3239} INFO - Sync 1 DAGs
[2024-10-26T07:01:20.594+0000] {logging_mixin.py:190} INFO - [2024-10-26T07:01:20.594+0000] {dag.py:4180} INFO - Setting next_dagrun for example_setup_teardown to None, run_after=None
[2024-10-26T07:01:20.666+0000] {processor.py:208} INFO - Processing /home/airflow/.local/lib/python3.12/site-packages/airflow/example_dags/example_setup_teardown.py took 0.183 seconds
[2024-10-26T07:01:50.749+0000] {processor.py:186} INFO - Started process (PID=73539) to work on /home/airflow/.local/lib/python3.12/site-packages/airflow/example_dags/example_setup_teardown.py
[2024-10-26T07:01:50.749+0000] {processor.py:914} INFO - Processing file /home/airflow/.local/lib/python3.12/site-packages/airflow/example_dags/example_setup_teardown.py for tasks to queue
[2024-10-26T07:01:50.750+0000] {logging_mixin.py:190} INFO - [2024-10-26T07:01:50.750+0000] {dagbag.py:588} INFO - Filling up the DagBag from /home/airflow/.local/lib/python3.12/site-packages/airflow/example_dags/example_setup_teardown.py
[2024-10-26T07:01:50.759+0000] {processor.py:925} INFO - DAG(s) 'example_setup_teardown' retrieved from /home/airflow/.local/lib/python3.12/site-packages/airflow/example_dags/example_setup_teardown.py
[2024-10-26T07:01:50.773+0000] {logging_mixin.py:190} INFO - [2024-10-26T07:01:50.773+0000] {dag.py:3239} INFO - Sync 1 DAGs
[2024-10-26T07:01:50.782+0000] {logging_mixin.py:190} INFO - [2024-10-26T07:01:50.782+0000] {dag.py:4180} INFO - Setting next_dagrun for example_setup_teardown to None, run_after=None
[2024-10-26T07:01:50.792+0000] {processor.py:208} INFO - Processing /home/airflow/.local/lib/python3.12/site-packages/airflow/example_dags/example_setup_teardown.py took 0.047 seconds
[2024-10-26T07:02:21.185+0000] {processor.py:186} INFO - Started process (PID=73830) to work on /home/airflow/.local/lib/python3.12/site-packages/airflow/example_dags/example_setup_teardown.py
[2024-10-26T07:02:21.186+0000] {processor.py:914} INFO - Processing file /home/airflow/.local/lib/python3.12/site-packages/airflow/example_dags/example_setup_teardown.py for tasks to queue
[2024-10-26T07:02:21.188+0000] {logging_mixin.py:190} INFO - [2024-10-26T07:02:21.187+0000] {dagbag.py:588} INFO - Filling up the DagBag from /home/airflow/.local/lib/python3.12/site-packages/airflow/example_dags/example_setup_teardown.py
[2024-10-26T07:02:21.197+0000] {processor.py:925} INFO - DAG(s) 'example_setup_teardown' retrieved from /home/airflow/.local/lib/python3.12/site-packages/airflow/example_dags/example_setup_teardown.py
[2024-10-26T07:02:21.216+0000] {logging_mixin.py:190} INFO - [2024-10-26T07:02:21.216+0000] {dag.py:3239} INFO - Sync 1 DAGs
[2024-10-26T07:02:21.225+0000] {logging_mixin.py:190} INFO - [2024-10-26T07:02:21.224+0000] {dag.py:4180} INFO - Setting next_dagrun for example_setup_teardown to None, run_after=None
[2024-10-26T07:02:21.236+0000] {processor.py:208} INFO - Processing /home/airflow/.local/lib/python3.12/site-packages/airflow/example_dags/example_setup_teardown.py took 0.092 seconds
[2024-10-26T07:02:52.124+0000] {processor.py:186} INFO - Started process (PID=74121) to work on /home/airflow/.local/lib/python3.12/site-packages/airflow/example_dags/example_setup_teardown.py
[2024-10-26T07:02:52.125+0000] {processor.py:914} INFO - Processing file /home/airflow/.local/lib/python3.12/site-packages/airflow/example_dags/example_setup_teardown.py for tasks to queue
[2024-10-26T07:02:52.126+0000] {logging_mixin.py:190} INFO - [2024-10-26T07:02:52.126+0000] {dagbag.py:588} INFO - Filling up the DagBag from /home/airflow/.local/lib/python3.12/site-packages/airflow/example_dags/example_setup_teardown.py
[2024-10-26T07:02:52.130+0000] {processor.py:925} INFO - DAG(s) 'example_setup_teardown' retrieved from /home/airflow/.local/lib/python3.12/site-packages/airflow/example_dags/example_setup_teardown.py
[2024-10-26T07:02:52.144+0000] {logging_mixin.py:190} INFO - [2024-10-26T07:02:52.144+0000] {dag.py:3239} INFO - Sync 1 DAGs
[2024-10-26T07:02:52.151+0000] {logging_mixin.py:190} INFO - [2024-10-26T07:02:52.151+0000] {dag.py:4180} INFO - Setting next_dagrun for example_setup_teardown to None, run_after=None
[2024-10-26T07:02:52.163+0000] {processor.py:208} INFO - Processing /home/airflow/.local/lib/python3.12/site-packages/airflow/example_dags/example_setup_teardown.py took 0.042 seconds
[2024-10-26T07:03:22.391+0000] {processor.py:186} INFO - Started process (PID=74412) to work on /home/airflow/.local/lib/python3.12/site-packages/airflow/example_dags/example_setup_teardown.py
[2024-10-26T07:03:22.392+0000] {processor.py:914} INFO - Processing file /home/airflow/.local/lib/python3.12/site-packages/airflow/example_dags/example_setup_teardown.py for tasks to queue
[2024-10-26T07:03:22.394+0000] {logging_mixin.py:190} INFO - [2024-10-26T07:03:22.394+0000] {dagbag.py:588} INFO - Filling up the DagBag from /home/airflow/.local/lib/python3.12/site-packages/airflow/example_dags/example_setup_teardown.py
[2024-10-26T07:03:22.398+0000] {processor.py:925} INFO - DAG(s) 'example_setup_teardown' retrieved from /home/airflow/.local/lib/python3.12/site-packages/airflow/example_dags/example_setup_teardown.py
[2024-10-26T07:03:22.411+0000] {logging_mixin.py:190} INFO - [2024-10-26T07:03:22.411+0000] {dag.py:3239} INFO - Sync 1 DAGs
[2024-10-26T07:03:22.419+0000] {logging_mixin.py:190} INFO - [2024-10-26T07:03:22.419+0000] {dag.py:4180} INFO - Setting next_dagrun for example_setup_teardown to None, run_after=None
[2024-10-26T07:03:22.431+0000] {processor.py:208} INFO - Processing /home/airflow/.local/lib/python3.12/site-packages/airflow/example_dags/example_setup_teardown.py took 0.043 seconds
[2024-10-26T07:03:53.475+0000] {processor.py:186} INFO - Started process (PID=74703) to work on /home/airflow/.local/lib/python3.12/site-packages/airflow/example_dags/example_setup_teardown.py
[2024-10-26T07:03:53.476+0000] {processor.py:914} INFO - Processing file /home/airflow/.local/lib/python3.12/site-packages/airflow/example_dags/example_setup_teardown.py for tasks to queue
[2024-10-26T07:03:53.477+0000] {logging_mixin.py:190} INFO - [2024-10-26T07:03:53.477+0000] {dagbag.py:588} INFO - Filling up the DagBag from /home/airflow/.local/lib/python3.12/site-packages/airflow/example_dags/example_setup_teardown.py
[2024-10-26T07:03:53.483+0000] {processor.py:925} INFO - DAG(s) 'example_setup_teardown' retrieved from /home/airflow/.local/lib/python3.12/site-packages/airflow/example_dags/example_setup_teardown.py
[2024-10-26T07:03:53.493+0000] {logging_mixin.py:190} INFO - [2024-10-26T07:03:53.493+0000] {dag.py:3239} INFO - Sync 1 DAGs
[2024-10-26T07:03:53.500+0000] {logging_mixin.py:190} INFO - [2024-10-26T07:03:53.500+0000] {dag.py:4180} INFO - Setting next_dagrun for example_setup_teardown to None, run_after=None
[2024-10-26T07:03:53.515+0000] {processor.py:208} INFO - Processing /home/airflow/.local/lib/python3.12/site-packages/airflow/example_dags/example_setup_teardown.py took 0.043 seconds
[2024-10-26T07:04:23.788+0000] {processor.py:186} INFO - Started process (PID=74995) to work on /home/airflow/.local/lib/python3.12/site-packages/airflow/example_dags/example_setup_teardown.py
[2024-10-26T07:04:23.791+0000] {processor.py:914} INFO - Processing file /home/airflow/.local/lib/python3.12/site-packages/airflow/example_dags/example_setup_teardown.py for tasks to queue
[2024-10-26T07:04:23.791+0000] {logging_mixin.py:190} INFO - [2024-10-26T07:04:23.791+0000] {dagbag.py:588} INFO - Filling up the DagBag from /home/airflow/.local/lib/python3.12/site-packages/airflow/example_dags/example_setup_teardown.py
[2024-10-26T07:04:23.797+0000] {processor.py:925} INFO - DAG(s) 'example_setup_teardown' retrieved from /home/airflow/.local/lib/python3.12/site-packages/airflow/example_dags/example_setup_teardown.py
[2024-10-26T07:04:23.811+0000] {logging_mixin.py:190} INFO - [2024-10-26T07:04:23.811+0000] {dag.py:3239} INFO - Sync 1 DAGs
[2024-10-26T07:04:23.820+0000] {logging_mixin.py:190} INFO - [2024-10-26T07:04:23.820+0000] {dag.py:4180} INFO - Setting next_dagrun for example_setup_teardown to None, run_after=None
[2024-10-26T07:04:23.830+0000] {processor.py:208} INFO - Processing /home/airflow/.local/lib/python3.12/site-packages/airflow/example_dags/example_setup_teardown.py took 0.045 seconds
[2024-10-26T07:04:54.035+0000] {processor.py:186} INFO - Started process (PID=75284) to work on /home/airflow/.local/lib/python3.12/site-packages/airflow/example_dags/example_setup_teardown.py
[2024-10-26T07:04:54.037+0000] {processor.py:914} INFO - Processing file /home/airflow/.local/lib/python3.12/site-packages/airflow/example_dags/example_setup_teardown.py for tasks to queue
[2024-10-26T07:04:54.038+0000] {logging_mixin.py:190} INFO - [2024-10-26T07:04:54.037+0000] {dagbag.py:588} INFO - Filling up the DagBag from /home/airflow/.local/lib/python3.12/site-packages/airflow/example_dags/example_setup_teardown.py
[2024-10-26T07:04:54.044+0000] {processor.py:925} INFO - DAG(s) 'example_setup_teardown' retrieved from /home/airflow/.local/lib/python3.12/site-packages/airflow/example_dags/example_setup_teardown.py
[2024-10-26T07:04:54.057+0000] {logging_mixin.py:190} INFO - [2024-10-26T07:04:54.057+0000] {dag.py:3239} INFO - Sync 1 DAGs
[2024-10-26T07:04:54.065+0000] {logging_mixin.py:190} INFO - [2024-10-26T07:04:54.065+0000] {dag.py:4180} INFO - Setting next_dagrun for example_setup_teardown to None, run_after=None
[2024-10-26T07:04:54.083+0000] {processor.py:208} INFO - Processing /home/airflow/.local/lib/python3.12/site-packages/airflow/example_dags/example_setup_teardown.py took 0.052 seconds
[2024-10-26T07:05:24.974+0000] {processor.py:186} INFO - Started process (PID=75575) to work on /home/airflow/.local/lib/python3.12/site-packages/airflow/example_dags/example_setup_teardown.py
[2024-10-26T07:05:24.977+0000] {processor.py:914} INFO - Processing file /home/airflow/.local/lib/python3.12/site-packages/airflow/example_dags/example_setup_teardown.py for tasks to queue
[2024-10-26T07:05:24.979+0000] {logging_mixin.py:190} INFO - [2024-10-26T07:05:24.979+0000] {dagbag.py:588} INFO - Filling up the DagBag from /home/airflow/.local/lib/python3.12/site-packages/airflow/example_dags/example_setup_teardown.py
[2024-10-26T07:05:24.989+0000] {processor.py:925} INFO - DAG(s) 'example_setup_teardown' retrieved from /home/airflow/.local/lib/python3.12/site-packages/airflow/example_dags/example_setup_teardown.py
[2024-10-26T07:05:25.010+0000] {logging_mixin.py:190} INFO - [2024-10-26T07:05:25.010+0000] {dag.py:3239} INFO - Sync 1 DAGs
[2024-10-26T07:05:25.023+0000] {logging_mixin.py:190} INFO - [2024-10-26T07:05:25.023+0000] {dag.py:4180} INFO - Setting next_dagrun for example_setup_teardown to None, run_after=None
[2024-10-26T07:05:25.039+0000] {processor.py:208} INFO - Processing /home/airflow/.local/lib/python3.12/site-packages/airflow/example_dags/example_setup_teardown.py took 0.070 seconds
[2024-10-26T07:05:55.869+0000] {processor.py:186} INFO - Started process (PID=75867) to work on /home/airflow/.local/lib/python3.12/site-packages/airflow/example_dags/example_setup_teardown.py
[2024-10-26T07:05:55.870+0000] {processor.py:914} INFO - Processing file /home/airflow/.local/lib/python3.12/site-packages/airflow/example_dags/example_setup_teardown.py for tasks to queue
[2024-10-26T07:05:55.870+0000] {logging_mixin.py:190} INFO - [2024-10-26T07:05:55.870+0000] {dagbag.py:588} INFO - Filling up the DagBag from /home/airflow/.local/lib/python3.12/site-packages/airflow/example_dags/example_setup_teardown.py
[2024-10-26T07:05:55.876+0000] {processor.py:925} INFO - DAG(s) 'example_setup_teardown' retrieved from /home/airflow/.local/lib/python3.12/site-packages/airflow/example_dags/example_setup_teardown.py
[2024-10-26T07:05:55.888+0000] {logging_mixin.py:190} INFO - [2024-10-26T07:05:55.888+0000] {dag.py:3239} INFO - Sync 1 DAGs
[2024-10-26T07:05:55.894+0000] {logging_mixin.py:190} INFO - [2024-10-26T07:05:55.894+0000] {dag.py:4180} INFO - Setting next_dagrun for example_setup_teardown to None, run_after=None
[2024-10-26T07:05:55.902+0000] {processor.py:208} INFO - Processing /home/airflow/.local/lib/python3.12/site-packages/airflow/example_dags/example_setup_teardown.py took 0.035 seconds
[2024-10-26T07:06:27.198+0000] {processor.py:186} INFO - Started process (PID=76156) to work on /home/airflow/.local/lib/python3.12/site-packages/airflow/example_dags/example_setup_teardown.py
[2024-10-26T07:06:27.204+0000] {processor.py:914} INFO - Processing file /home/airflow/.local/lib/python3.12/site-packages/airflow/example_dags/example_setup_teardown.py for tasks to queue
[2024-10-26T07:06:27.205+0000] {logging_mixin.py:190} INFO - [2024-10-26T07:06:27.205+0000] {dagbag.py:588} INFO - Filling up the DagBag from /home/airflow/.local/lib/python3.12/site-packages/airflow/example_dags/example_setup_teardown.py
[2024-10-26T07:06:27.212+0000] {processor.py:925} INFO - DAG(s) 'example_setup_teardown' retrieved from /home/airflow/.local/lib/python3.12/site-packages/airflow/example_dags/example_setup_teardown.py
[2024-10-26T07:06:27.227+0000] {logging_mixin.py:190} INFO - [2024-10-26T07:06:27.227+0000] {dag.py:3239} INFO - Sync 1 DAGs
[2024-10-26T07:06:27.236+0000] {logging_mixin.py:190} INFO - [2024-10-26T07:06:27.236+0000] {dag.py:4180} INFO - Setting next_dagrun for example_setup_teardown to None, run_after=None
[2024-10-26T07:06:27.252+0000] {processor.py:208} INFO - Processing /home/airflow/.local/lib/python3.12/site-packages/airflow/example_dags/example_setup_teardown.py took 0.079 seconds
[2024-10-26T07:06:57.601+0000] {processor.py:186} INFO - Started process (PID=76452) to work on /home/airflow/.local/lib/python3.12/site-packages/airflow/example_dags/example_setup_teardown.py
[2024-10-26T07:06:57.602+0000] {processor.py:914} INFO - Processing file /home/airflow/.local/lib/python3.12/site-packages/airflow/example_dags/example_setup_teardown.py for tasks to queue
[2024-10-26T07:06:57.603+0000] {logging_mixin.py:190} INFO - [2024-10-26T07:06:57.603+0000] {dagbag.py:588} INFO - Filling up the DagBag from /home/airflow/.local/lib/python3.12/site-packages/airflow/example_dags/example_setup_teardown.py
[2024-10-26T07:06:57.608+0000] {processor.py:925} INFO - DAG(s) 'example_setup_teardown' retrieved from /home/airflow/.local/lib/python3.12/site-packages/airflow/example_dags/example_setup_teardown.py
[2024-10-26T07:06:57.621+0000] {logging_mixin.py:190} INFO - [2024-10-26T07:06:57.621+0000] {dag.py:3239} INFO - Sync 1 DAGs
[2024-10-26T07:06:57.629+0000] {logging_mixin.py:190} INFO - [2024-10-26T07:06:57.629+0000] {dag.py:4180} INFO - Setting next_dagrun for example_setup_teardown to None, run_after=None
[2024-10-26T07:06:57.638+0000] {processor.py:208} INFO - Processing /home/airflow/.local/lib/python3.12/site-packages/airflow/example_dags/example_setup_teardown.py took 0.041 seconds
[2024-10-26T07:07:28.096+0000] {processor.py:186} INFO - Started process (PID=76745) to work on /home/airflow/.local/lib/python3.12/site-packages/airflow/example_dags/example_setup_teardown.py
[2024-10-26T07:07:28.097+0000] {processor.py:914} INFO - Processing file /home/airflow/.local/lib/python3.12/site-packages/airflow/example_dags/example_setup_teardown.py for tasks to queue
[2024-10-26T07:07:28.098+0000] {logging_mixin.py:190} INFO - [2024-10-26T07:07:28.097+0000] {dagbag.py:588} INFO - Filling up the DagBag from /home/airflow/.local/lib/python3.12/site-packages/airflow/example_dags/example_setup_teardown.py
[2024-10-26T07:07:28.102+0000] {processor.py:925} INFO - DAG(s) 'example_setup_teardown' retrieved from /home/airflow/.local/lib/python3.12/site-packages/airflow/example_dags/example_setup_teardown.py
[2024-10-26T07:07:28.111+0000] {logging_mixin.py:190} INFO - [2024-10-26T07:07:28.111+0000] {dag.py:3239} INFO - Sync 1 DAGs
[2024-10-26T07:07:28.118+0000] {logging_mixin.py:190} INFO - [2024-10-26T07:07:28.117+0000] {dag.py:4180} INFO - Setting next_dagrun for example_setup_teardown to None, run_after=None
[2024-10-26T07:07:28.125+0000] {processor.py:208} INFO - Processing /home/airflow/.local/lib/python3.12/site-packages/airflow/example_dags/example_setup_teardown.py took 0.032 seconds
[2024-10-26T07:07:59.185+0000] {processor.py:186} INFO - Started process (PID=77035) to work on /home/airflow/.local/lib/python3.12/site-packages/airflow/example_dags/example_setup_teardown.py
[2024-10-26T07:07:59.185+0000] {processor.py:914} INFO - Processing file /home/airflow/.local/lib/python3.12/site-packages/airflow/example_dags/example_setup_teardown.py for tasks to queue
[2024-10-26T07:07:59.186+0000] {logging_mixin.py:190} INFO - [2024-10-26T07:07:59.186+0000] {dagbag.py:588} INFO - Filling up the DagBag from /home/airflow/.local/lib/python3.12/site-packages/airflow/example_dags/example_setup_teardown.py
[2024-10-26T07:07:59.190+0000] {processor.py:925} INFO - DAG(s) 'example_setup_teardown' retrieved from /home/airflow/.local/lib/python3.12/site-packages/airflow/example_dags/example_setup_teardown.py
[2024-10-26T07:07:59.203+0000] {logging_mixin.py:190} INFO - [2024-10-26T07:07:59.203+0000] {dag.py:3239} INFO - Sync 1 DAGs
[2024-10-26T07:07:59.210+0000] {logging_mixin.py:190} INFO - [2024-10-26T07:07:59.210+0000] {dag.py:4180} INFO - Setting next_dagrun for example_setup_teardown to None, run_after=None
[2024-10-26T07:07:59.220+0000] {processor.py:208} INFO - Processing /home/airflow/.local/lib/python3.12/site-packages/airflow/example_dags/example_setup_teardown.py took 0.040 seconds
[2024-10-26T07:08:29.874+0000] {processor.py:186} INFO - Started process (PID=77325) to work on /home/airflow/.local/lib/python3.12/site-packages/airflow/example_dags/example_setup_teardown.py
[2024-10-26T07:08:29.875+0000] {processor.py:914} INFO - Processing file /home/airflow/.local/lib/python3.12/site-packages/airflow/example_dags/example_setup_teardown.py for tasks to queue
[2024-10-26T07:08:29.876+0000] {logging_mixin.py:190} INFO - [2024-10-26T07:08:29.875+0000] {dagbag.py:588} INFO - Filling up the DagBag from /home/airflow/.local/lib/python3.12/site-packages/airflow/example_dags/example_setup_teardown.py
[2024-10-26T07:08:29.880+0000] {processor.py:925} INFO - DAG(s) 'example_setup_teardown' retrieved from /home/airflow/.local/lib/python3.12/site-packages/airflow/example_dags/example_setup_teardown.py
[2024-10-26T07:08:29.892+0000] {logging_mixin.py:190} INFO - [2024-10-26T07:08:29.891+0000] {dag.py:3239} INFO - Sync 1 DAGs
[2024-10-26T07:08:29.899+0000] {logging_mixin.py:190} INFO - [2024-10-26T07:08:29.899+0000] {dag.py:4180} INFO - Setting next_dagrun for example_setup_teardown to None, run_after=None
[2024-10-26T07:08:29.912+0000] {processor.py:208} INFO - Processing /home/airflow/.local/lib/python3.12/site-packages/airflow/example_dags/example_setup_teardown.py took 0.041 seconds
[2024-10-26T07:09:00.846+0000] {processor.py:186} INFO - Started process (PID=77616) to work on /home/airflow/.local/lib/python3.12/site-packages/airflow/example_dags/example_setup_teardown.py
[2024-10-26T07:09:00.849+0000] {processor.py:914} INFO - Processing file /home/airflow/.local/lib/python3.12/site-packages/airflow/example_dags/example_setup_teardown.py for tasks to queue
[2024-10-26T07:09:00.849+0000] {logging_mixin.py:190} INFO - [2024-10-26T07:09:00.849+0000] {dagbag.py:588} INFO - Filling up the DagBag from /home/airflow/.local/lib/python3.12/site-packages/airflow/example_dags/example_setup_teardown.py
[2024-10-26T07:09:00.856+0000] {processor.py:925} INFO - DAG(s) 'example_setup_teardown' retrieved from /home/airflow/.local/lib/python3.12/site-packages/airflow/example_dags/example_setup_teardown.py
[2024-10-26T07:09:00.867+0000] {logging_mixin.py:190} INFO - [2024-10-26T07:09:00.867+0000] {dag.py:3239} INFO - Sync 1 DAGs
[2024-10-26T07:09:00.879+0000] {logging_mixin.py:190} INFO - [2024-10-26T07:09:00.879+0000] {dag.py:4180} INFO - Setting next_dagrun for example_setup_teardown to None, run_after=None
[2024-10-26T07:09:00.887+0000] {processor.py:208} INFO - Processing /home/airflow/.local/lib/python3.12/site-packages/airflow/example_dags/example_setup_teardown.py took 0.045 seconds
[2024-10-26T07:09:31.190+0000] {processor.py:186} INFO - Started process (PID=77907) to work on /home/airflow/.local/lib/python3.12/site-packages/airflow/example_dags/example_setup_teardown.py
[2024-10-26T07:09:31.192+0000] {processor.py:914} INFO - Processing file /home/airflow/.local/lib/python3.12/site-packages/airflow/example_dags/example_setup_teardown.py for tasks to queue
[2024-10-26T07:09:31.193+0000] {logging_mixin.py:190} INFO - [2024-10-26T07:09:31.193+0000] {dagbag.py:588} INFO - Filling up the DagBag from /home/airflow/.local/lib/python3.12/site-packages/airflow/example_dags/example_setup_teardown.py
[2024-10-26T07:09:31.198+0000] {processor.py:925} INFO - DAG(s) 'example_setup_teardown' retrieved from /home/airflow/.local/lib/python3.12/site-packages/airflow/example_dags/example_setup_teardown.py
[2024-10-26T07:09:31.208+0000] {logging_mixin.py:190} INFO - [2024-10-26T07:09:31.208+0000] {dag.py:3239} INFO - Sync 1 DAGs
[2024-10-26T07:09:31.214+0000] {logging_mixin.py:190} INFO - [2024-10-26T07:09:31.214+0000] {dag.py:4180} INFO - Setting next_dagrun for example_setup_teardown to None, run_after=None
[2024-10-26T07:09:31.224+0000] {processor.py:208} INFO - Processing /home/airflow/.local/lib/python3.12/site-packages/airflow/example_dags/example_setup_teardown.py took 0.037 seconds
[2024-10-26T07:10:02.365+0000] {processor.py:186} INFO - Started process (PID=78198) to work on /home/airflow/.local/lib/python3.12/site-packages/airflow/example_dags/example_setup_teardown.py
[2024-10-26T07:10:02.365+0000] {processor.py:914} INFO - Processing file /home/airflow/.local/lib/python3.12/site-packages/airflow/example_dags/example_setup_teardown.py for tasks to queue
[2024-10-26T07:10:02.366+0000] {logging_mixin.py:190} INFO - [2024-10-26T07:10:02.366+0000] {dagbag.py:588} INFO - Filling up the DagBag from /home/airflow/.local/lib/python3.12/site-packages/airflow/example_dags/example_setup_teardown.py
[2024-10-26T07:10:02.371+0000] {processor.py:925} INFO - DAG(s) 'example_setup_teardown' retrieved from /home/airflow/.local/lib/python3.12/site-packages/airflow/example_dags/example_setup_teardown.py
[2024-10-26T07:10:02.385+0000] {logging_mixin.py:190} INFO - [2024-10-26T07:10:02.384+0000] {dag.py:3239} INFO - Sync 1 DAGs
[2024-10-26T07:10:02.395+0000] {logging_mixin.py:190} INFO - [2024-10-26T07:10:02.395+0000] {dag.py:4180} INFO - Setting next_dagrun for example_setup_teardown to None, run_after=None
[2024-10-26T07:10:02.407+0000] {processor.py:208} INFO - Processing /home/airflow/.local/lib/python3.12/site-packages/airflow/example_dags/example_setup_teardown.py took 0.046 seconds
[2024-10-26T07:10:34.046+0000] {processor.py:186} INFO - Started process (PID=78495) to work on /home/airflow/.local/lib/python3.12/site-packages/airflow/example_dags/example_setup_teardown.py
[2024-10-26T07:10:34.046+0000] {processor.py:914} INFO - Processing file /home/airflow/.local/lib/python3.12/site-packages/airflow/example_dags/example_setup_teardown.py for tasks to queue
[2024-10-26T07:10:34.047+0000] {logging_mixin.py:190} INFO - [2024-10-26T07:10:34.047+0000] {dagbag.py:588} INFO - Filling up the DagBag from /home/airflow/.local/lib/python3.12/site-packages/airflow/example_dags/example_setup_teardown.py
[2024-10-26T07:10:34.051+0000] {processor.py:925} INFO - DAG(s) 'example_setup_teardown' retrieved from /home/airflow/.local/lib/python3.12/site-packages/airflow/example_dags/example_setup_teardown.py
[2024-10-26T07:10:34.062+0000] {logging_mixin.py:190} INFO - [2024-10-26T07:10:34.062+0000] {dag.py:3239} INFO - Sync 1 DAGs
[2024-10-26T07:10:34.069+0000] {logging_mixin.py:190} INFO - [2024-10-26T07:10:34.069+0000] {dag.py:4180} INFO - Setting next_dagrun for example_setup_teardown to None, run_after=None
[2024-10-26T07:10:34.081+0000] {processor.py:208} INFO - Processing /home/airflow/.local/lib/python3.12/site-packages/airflow/example_dags/example_setup_teardown.py took 0.038 seconds
[2024-10-26T07:11:05.697+0000] {processor.py:186} INFO - Started process (PID=78791) to work on /home/airflow/.local/lib/python3.12/site-packages/airflow/example_dags/example_setup_teardown.py
[2024-10-26T07:11:05.698+0000] {processor.py:914} INFO - Processing file /home/airflow/.local/lib/python3.12/site-packages/airflow/example_dags/example_setup_teardown.py for tasks to queue
[2024-10-26T07:11:05.699+0000] {logging_mixin.py:190} INFO - [2024-10-26T07:11:05.699+0000] {dagbag.py:588} INFO - Filling up the DagBag from /home/airflow/.local/lib/python3.12/site-packages/airflow/example_dags/example_setup_teardown.py
[2024-10-26T07:11:05.706+0000] {processor.py:925} INFO - DAG(s) 'example_setup_teardown' retrieved from /home/airflow/.local/lib/python3.12/site-packages/airflow/example_dags/example_setup_teardown.py
[2024-10-26T07:11:05.721+0000] {logging_mixin.py:190} INFO - [2024-10-26T07:11:05.721+0000] {dag.py:3239} INFO - Sync 1 DAGs
[2024-10-26T07:11:05.733+0000] {logging_mixin.py:190} INFO - [2024-10-26T07:11:05.733+0000] {dag.py:4180} INFO - Setting next_dagrun for example_setup_teardown to None, run_after=None
[2024-10-26T07:11:05.742+0000] {processor.py:208} INFO - Processing /home/airflow/.local/lib/python3.12/site-packages/airflow/example_dags/example_setup_teardown.py took 0.050 seconds
[2024-10-26T07:11:35.998+0000] {processor.py:186} INFO - Started process (PID=79082) to work on /home/airflow/.local/lib/python3.12/site-packages/airflow/example_dags/example_setup_teardown.py
[2024-10-26T07:11:35.998+0000] {processor.py:914} INFO - Processing file /home/airflow/.local/lib/python3.12/site-packages/airflow/example_dags/example_setup_teardown.py for tasks to queue
[2024-10-26T07:11:35.999+0000] {logging_mixin.py:190} INFO - [2024-10-26T07:11:35.999+0000] {dagbag.py:588} INFO - Filling up the DagBag from /home/airflow/.local/lib/python3.12/site-packages/airflow/example_dags/example_setup_teardown.py
[2024-10-26T07:11:36.004+0000] {processor.py:925} INFO - DAG(s) 'example_setup_teardown' retrieved from /home/airflow/.local/lib/python3.12/site-packages/airflow/example_dags/example_setup_teardown.py
[2024-10-26T07:11:36.018+0000] {logging_mixin.py:190} INFO - [2024-10-26T07:11:36.018+0000] {dag.py:3239} INFO - Sync 1 DAGs
[2024-10-26T07:11:36.031+0000] {logging_mixin.py:190} INFO - [2024-10-26T07:11:36.031+0000] {dag.py:4180} INFO - Setting next_dagrun for example_setup_teardown to None, run_after=None
[2024-10-26T07:11:36.044+0000] {processor.py:208} INFO - Processing /home/airflow/.local/lib/python3.12/site-packages/airflow/example_dags/example_setup_teardown.py took 0.051 seconds
[2024-10-26T07:12:06.888+0000] {processor.py:186} INFO - Started process (PID=79373) to work on /home/airflow/.local/lib/python3.12/site-packages/airflow/example_dags/example_setup_teardown.py
[2024-10-26T07:12:06.889+0000] {processor.py:914} INFO - Processing file /home/airflow/.local/lib/python3.12/site-packages/airflow/example_dags/example_setup_teardown.py for tasks to queue
[2024-10-26T07:12:06.889+0000] {logging_mixin.py:190} INFO - [2024-10-26T07:12:06.889+0000] {dagbag.py:588} INFO - Filling up the DagBag from /home/airflow/.local/lib/python3.12/site-packages/airflow/example_dags/example_setup_teardown.py
[2024-10-26T07:12:06.894+0000] {processor.py:925} INFO - DAG(s) 'example_setup_teardown' retrieved from /home/airflow/.local/lib/python3.12/site-packages/airflow/example_dags/example_setup_teardown.py
[2024-10-26T07:12:06.906+0000] {logging_mixin.py:190} INFO - [2024-10-26T07:12:06.906+0000] {dag.py:3239} INFO - Sync 1 DAGs
[2024-10-26T07:12:06.913+0000] {logging_mixin.py:190} INFO - [2024-10-26T07:12:06.913+0000] {dag.py:4180} INFO - Setting next_dagrun for example_setup_teardown to None, run_after=None
[2024-10-26T07:12:06.929+0000] {processor.py:208} INFO - Processing /home/airflow/.local/lib/python3.12/site-packages/airflow/example_dags/example_setup_teardown.py took 0.045 seconds
[2024-10-26T07:12:37.726+0000] {processor.py:186} INFO - Started process (PID=79664) to work on /home/airflow/.local/lib/python3.12/site-packages/airflow/example_dags/example_setup_teardown.py
[2024-10-26T07:12:37.727+0000] {processor.py:914} INFO - Processing file /home/airflow/.local/lib/python3.12/site-packages/airflow/example_dags/example_setup_teardown.py for tasks to queue
[2024-10-26T07:12:37.727+0000] {logging_mixin.py:190} INFO - [2024-10-26T07:12:37.727+0000] {dagbag.py:588} INFO - Filling up the DagBag from /home/airflow/.local/lib/python3.12/site-packages/airflow/example_dags/example_setup_teardown.py
[2024-10-26T07:12:37.732+0000] {processor.py:925} INFO - DAG(s) 'example_setup_teardown' retrieved from /home/airflow/.local/lib/python3.12/site-packages/airflow/example_dags/example_setup_teardown.py
[2024-10-26T07:12:37.743+0000] {logging_mixin.py:190} INFO - [2024-10-26T07:12:37.743+0000] {dag.py:3239} INFO - Sync 1 DAGs
[2024-10-26T07:12:37.753+0000] {logging_mixin.py:190} INFO - [2024-10-26T07:12:37.753+0000] {dag.py:4180} INFO - Setting next_dagrun for example_setup_teardown to None, run_after=None
[2024-10-26T07:12:37.771+0000] {processor.py:208} INFO - Processing /home/airflow/.local/lib/python3.12/site-packages/airflow/example_dags/example_setup_teardown.py took 0.048 seconds
[2024-10-26T07:13:08.975+0000] {processor.py:186} INFO - Started process (PID=79954) to work on /home/airflow/.local/lib/python3.12/site-packages/airflow/example_dags/example_setup_teardown.py
[2024-10-26T07:13:08.976+0000] {processor.py:914} INFO - Processing file /home/airflow/.local/lib/python3.12/site-packages/airflow/example_dags/example_setup_teardown.py for tasks to queue
[2024-10-26T07:13:08.977+0000] {logging_mixin.py:190} INFO - [2024-10-26T07:13:08.977+0000] {dagbag.py:588} INFO - Filling up the DagBag from /home/airflow/.local/lib/python3.12/site-packages/airflow/example_dags/example_setup_teardown.py
[2024-10-26T07:13:08.983+0000] {processor.py:925} INFO - DAG(s) 'example_setup_teardown' retrieved from /home/airflow/.local/lib/python3.12/site-packages/airflow/example_dags/example_setup_teardown.py
[2024-10-26T07:13:09.005+0000] {logging_mixin.py:190} INFO - [2024-10-26T07:13:09.005+0000] {dag.py:3239} INFO - Sync 1 DAGs
[2024-10-26T07:13:09.017+0000] {logging_mixin.py:190} INFO - [2024-10-26T07:13:09.017+0000] {dag.py:4180} INFO - Setting next_dagrun for example_setup_teardown to None, run_after=None
[2024-10-26T07:13:09.038+0000] {processor.py:208} INFO - Processing /home/airflow/.local/lib/python3.12/site-packages/airflow/example_dags/example_setup_teardown.py took 0.068 seconds
[2024-10-26T07:13:39.662+0000] {processor.py:186} INFO - Started process (PID=80245) to work on /home/airflow/.local/lib/python3.12/site-packages/airflow/example_dags/example_setup_teardown.py
[2024-10-26T07:13:39.663+0000] {processor.py:914} INFO - Processing file /home/airflow/.local/lib/python3.12/site-packages/airflow/example_dags/example_setup_teardown.py for tasks to queue
[2024-10-26T07:13:39.664+0000] {logging_mixin.py:190} INFO - [2024-10-26T07:13:39.664+0000] {dagbag.py:588} INFO - Filling up the DagBag from /home/airflow/.local/lib/python3.12/site-packages/airflow/example_dags/example_setup_teardown.py
[2024-10-26T07:13:39.669+0000] {processor.py:925} INFO - DAG(s) 'example_setup_teardown' retrieved from /home/airflow/.local/lib/python3.12/site-packages/airflow/example_dags/example_setup_teardown.py
[2024-10-26T07:13:39.679+0000] {logging_mixin.py:190} INFO - [2024-10-26T07:13:39.679+0000] {dag.py:3239} INFO - Sync 1 DAGs
[2024-10-26T07:13:39.687+0000] {logging_mixin.py:190} INFO - [2024-10-26T07:13:39.686+0000] {dag.py:4180} INFO - Setting next_dagrun for example_setup_teardown to None, run_after=None
[2024-10-26T07:13:39.701+0000] {processor.py:208} INFO - Processing /home/airflow/.local/lib/python3.12/site-packages/airflow/example_dags/example_setup_teardown.py took 0.042 seconds
[2024-10-26T07:14:10.796+0000] {processor.py:186} INFO - Started process (PID=80536) to work on /home/airflow/.local/lib/python3.12/site-packages/airflow/example_dags/example_setup_teardown.py
[2024-10-26T07:14:10.797+0000] {processor.py:914} INFO - Processing file /home/airflow/.local/lib/python3.12/site-packages/airflow/example_dags/example_setup_teardown.py for tasks to queue
[2024-10-26T07:14:10.799+0000] {logging_mixin.py:190} INFO - [2024-10-26T07:14:10.799+0000] {dagbag.py:588} INFO - Filling up the DagBag from /home/airflow/.local/lib/python3.12/site-packages/airflow/example_dags/example_setup_teardown.py
[2024-10-26T07:14:10.807+0000] {processor.py:925} INFO - DAG(s) 'example_setup_teardown' retrieved from /home/airflow/.local/lib/python3.12/site-packages/airflow/example_dags/example_setup_teardown.py
[2024-10-26T07:14:10.820+0000] {logging_mixin.py:190} INFO - [2024-10-26T07:14:10.820+0000] {dag.py:3239} INFO - Sync 1 DAGs
[2024-10-26T07:14:10.932+0000] {logging_mixin.py:190} INFO - [2024-10-26T07:14:10.932+0000] {dag.py:4180} INFO - Setting next_dagrun for example_setup_teardown to None, run_after=None
[2024-10-26T07:14:10.941+0000] {processor.py:208} INFO - Processing /home/airflow/.local/lib/python3.12/site-packages/airflow/example_dags/example_setup_teardown.py took 0.148 seconds
[2024-10-26T07:14:42.595+0000] {processor.py:186} INFO - Started process (PID=80829) to work on /home/airflow/.local/lib/python3.12/site-packages/airflow/example_dags/example_setup_teardown.py
[2024-10-26T07:14:42.595+0000] {processor.py:914} INFO - Processing file /home/airflow/.local/lib/python3.12/site-packages/airflow/example_dags/example_setup_teardown.py for tasks to queue
[2024-10-26T07:14:42.596+0000] {logging_mixin.py:190} INFO - [2024-10-26T07:14:42.596+0000] {dagbag.py:588} INFO - Filling up the DagBag from /home/airflow/.local/lib/python3.12/site-packages/airflow/example_dags/example_setup_teardown.py
[2024-10-26T07:14:42.601+0000] {processor.py:925} INFO - DAG(s) 'example_setup_teardown' retrieved from /home/airflow/.local/lib/python3.12/site-packages/airflow/example_dags/example_setup_teardown.py
[2024-10-26T07:14:42.612+0000] {logging_mixin.py:190} INFO - [2024-10-26T07:14:42.611+0000] {dag.py:3239} INFO - Sync 1 DAGs
[2024-10-26T07:14:42.619+0000] {logging_mixin.py:190} INFO - [2024-10-26T07:14:42.619+0000] {dag.py:4180} INFO - Setting next_dagrun for example_setup_teardown to None, run_after=None
[2024-10-26T07:14:42.724+0000] {processor.py:208} INFO - Processing /home/airflow/.local/lib/python3.12/site-packages/airflow/example_dags/example_setup_teardown.py took 0.131 seconds
[2024-10-26T07:15:13.496+0000] {processor.py:186} INFO - Started process (PID=81120) to work on /home/airflow/.local/lib/python3.12/site-packages/airflow/example_dags/example_setup_teardown.py
[2024-10-26T07:15:13.497+0000] {processor.py:914} INFO - Processing file /home/airflow/.local/lib/python3.12/site-packages/airflow/example_dags/example_setup_teardown.py for tasks to queue
[2024-10-26T07:15:13.497+0000] {logging_mixin.py:190} INFO - [2024-10-26T07:15:13.497+0000] {dagbag.py:588} INFO - Filling up the DagBag from /home/airflow/.local/lib/python3.12/site-packages/airflow/example_dags/example_setup_teardown.py
[2024-10-26T07:15:13.504+0000] {processor.py:925} INFO - DAG(s) 'example_setup_teardown' retrieved from /home/airflow/.local/lib/python3.12/site-packages/airflow/example_dags/example_setup_teardown.py
[2024-10-26T07:15:13.524+0000] {logging_mixin.py:190} INFO - [2024-10-26T07:15:13.523+0000] {dag.py:3239} INFO - Sync 1 DAGs
[2024-10-26T07:15:13.531+0000] {logging_mixin.py:190} INFO - [2024-10-26T07:15:13.531+0000] {dag.py:4180} INFO - Setting next_dagrun for example_setup_teardown to None, run_after=None
[2024-10-26T07:15:13.548+0000] {processor.py:208} INFO - Processing /home/airflow/.local/lib/python3.12/site-packages/airflow/example_dags/example_setup_teardown.py took 0.057 seconds
[2024-10-26T07:15:43.754+0000] {processor.py:186} INFO - Started process (PID=81409) to work on /home/airflow/.local/lib/python3.12/site-packages/airflow/example_dags/example_setup_teardown.py
[2024-10-26T07:15:43.756+0000] {processor.py:914} INFO - Processing file /home/airflow/.local/lib/python3.12/site-packages/airflow/example_dags/example_setup_teardown.py for tasks to queue
[2024-10-26T07:15:43.757+0000] {logging_mixin.py:190} INFO - [2024-10-26T07:15:43.757+0000] {dagbag.py:588} INFO - Filling up the DagBag from /home/airflow/.local/lib/python3.12/site-packages/airflow/example_dags/example_setup_teardown.py
[2024-10-26T07:15:43.761+0000] {processor.py:925} INFO - DAG(s) 'example_setup_teardown' retrieved from /home/airflow/.local/lib/python3.12/site-packages/airflow/example_dags/example_setup_teardown.py
[2024-10-26T07:15:43.772+0000] {logging_mixin.py:190} INFO - [2024-10-26T07:15:43.772+0000] {dag.py:3239} INFO - Sync 1 DAGs
[2024-10-26T07:15:43.780+0000] {logging_mixin.py:190} INFO - [2024-10-26T07:15:43.780+0000] {dag.py:4180} INFO - Setting next_dagrun for example_setup_teardown to None, run_after=None
[2024-10-26T07:15:43.789+0000] {processor.py:208} INFO - Processing /home/airflow/.local/lib/python3.12/site-packages/airflow/example_dags/example_setup_teardown.py took 0.038 seconds
[2024-10-26T07:16:15.053+0000] {processor.py:186} INFO - Started process (PID=81702) to work on /home/airflow/.local/lib/python3.12/site-packages/airflow/example_dags/example_setup_teardown.py
[2024-10-26T07:16:15.065+0000] {processor.py:914} INFO - Processing file /home/airflow/.local/lib/python3.12/site-packages/airflow/example_dags/example_setup_teardown.py for tasks to queue
[2024-10-26T07:16:15.082+0000] {logging_mixin.py:190} INFO - [2024-10-26T07:16:15.082+0000] {dagbag.py:588} INFO - Filling up the DagBag from /home/airflow/.local/lib/python3.12/site-packages/airflow/example_dags/example_setup_teardown.py
[2024-10-26T07:16:15.110+0000] {processor.py:925} INFO - DAG(s) 'example_setup_teardown' retrieved from /home/airflow/.local/lib/python3.12/site-packages/airflow/example_dags/example_setup_teardown.py
[2024-10-26T07:16:15.151+0000] {logging_mixin.py:190} INFO - [2024-10-26T07:16:15.151+0000] {dag.py:3239} INFO - Sync 1 DAGs
[2024-10-26T07:16:15.166+0000] {logging_mixin.py:190} INFO - [2024-10-26T07:16:15.166+0000] {dag.py:4180} INFO - Setting next_dagrun for example_setup_teardown to None, run_after=None
[2024-10-26T07:16:15.186+0000] {processor.py:208} INFO - Processing /home/airflow/.local/lib/python3.12/site-packages/airflow/example_dags/example_setup_teardown.py took 0.138 seconds
[2024-10-26T07:16:46.151+0000] {processor.py:186} INFO - Started process (PID=81993) to work on /home/airflow/.local/lib/python3.12/site-packages/airflow/example_dags/example_setup_teardown.py
[2024-10-26T07:16:46.152+0000] {processor.py:914} INFO - Processing file /home/airflow/.local/lib/python3.12/site-packages/airflow/example_dags/example_setup_teardown.py for tasks to queue
[2024-10-26T07:16:46.154+0000] {logging_mixin.py:190} INFO - [2024-10-26T07:16:46.153+0000] {dagbag.py:588} INFO - Filling up the DagBag from /home/airflow/.local/lib/python3.12/site-packages/airflow/example_dags/example_setup_teardown.py
[2024-10-26T07:16:46.162+0000] {processor.py:925} INFO - DAG(s) 'example_setup_teardown' retrieved from /home/airflow/.local/lib/python3.12/site-packages/airflow/example_dags/example_setup_teardown.py
[2024-10-26T07:16:46.180+0000] {logging_mixin.py:190} INFO - [2024-10-26T07:16:46.180+0000] {dag.py:3239} INFO - Sync 1 DAGs
[2024-10-26T07:16:46.191+0000] {logging_mixin.py:190} INFO - [2024-10-26T07:16:46.191+0000] {dag.py:4180} INFO - Setting next_dagrun for example_setup_teardown to None, run_after=None
[2024-10-26T07:16:46.207+0000] {processor.py:208} INFO - Processing /home/airflow/.local/lib/python3.12/site-packages/airflow/example_dags/example_setup_teardown.py took 0.062 seconds
[2024-10-26T07:17:16.823+0000] {processor.py:186} INFO - Started process (PID=82283) to work on /home/airflow/.local/lib/python3.12/site-packages/airflow/example_dags/example_setup_teardown.py
[2024-10-26T07:17:16.825+0000] {processor.py:914} INFO - Processing file /home/airflow/.local/lib/python3.12/site-packages/airflow/example_dags/example_setup_teardown.py for tasks to queue
[2024-10-26T07:17:16.827+0000] {logging_mixin.py:190} INFO - [2024-10-26T07:17:16.827+0000] {dagbag.py:588} INFO - Filling up the DagBag from /home/airflow/.local/lib/python3.12/site-packages/airflow/example_dags/example_setup_teardown.py
[2024-10-26T07:17:16.839+0000] {processor.py:925} INFO - DAG(s) 'example_setup_teardown' retrieved from /home/airflow/.local/lib/python3.12/site-packages/airflow/example_dags/example_setup_teardown.py
[2024-10-26T07:17:16.863+0000] {logging_mixin.py:190} INFO - [2024-10-26T07:17:16.863+0000] {dag.py:3239} INFO - Sync 1 DAGs
[2024-10-26T07:17:16.877+0000] {logging_mixin.py:190} INFO - [2024-10-26T07:17:16.877+0000] {dag.py:4180} INFO - Setting next_dagrun for example_setup_teardown to None, run_after=None
[2024-10-26T07:17:16.894+0000] {processor.py:208} INFO - Processing /home/airflow/.local/lib/python3.12/site-packages/airflow/example_dags/example_setup_teardown.py took 0.081 seconds
[2024-10-26T07:17:47.013+0000] {processor.py:186} INFO - Started process (PID=82574) to work on /home/airflow/.local/lib/python3.12/site-packages/airflow/example_dags/example_setup_teardown.py
[2024-10-26T07:17:47.014+0000] {processor.py:914} INFO - Processing file /home/airflow/.local/lib/python3.12/site-packages/airflow/example_dags/example_setup_teardown.py for tasks to queue
[2024-10-26T07:17:47.015+0000] {logging_mixin.py:190} INFO - [2024-10-26T07:17:47.015+0000] {dagbag.py:588} INFO - Filling up the DagBag from /home/airflow/.local/lib/python3.12/site-packages/airflow/example_dags/example_setup_teardown.py
[2024-10-26T07:17:47.020+0000] {processor.py:925} INFO - DAG(s) 'example_setup_teardown' retrieved from /home/airflow/.local/lib/python3.12/site-packages/airflow/example_dags/example_setup_teardown.py
[2024-10-26T07:17:47.038+0000] {logging_mixin.py:190} INFO - [2024-10-26T07:17:47.038+0000] {dag.py:3239} INFO - Sync 1 DAGs
[2024-10-26T07:17:47.047+0000] {logging_mixin.py:190} INFO - [2024-10-26T07:17:47.047+0000] {dag.py:4180} INFO - Setting next_dagrun for example_setup_teardown to None, run_after=None
[2024-10-26T07:17:47.059+0000] {processor.py:208} INFO - Processing /home/airflow/.local/lib/python3.12/site-packages/airflow/example_dags/example_setup_teardown.py took 0.051 seconds
[2024-10-26T07:18:17.266+0000] {processor.py:186} INFO - Started process (PID=82865) to work on /home/airflow/.local/lib/python3.12/site-packages/airflow/example_dags/example_setup_teardown.py
[2024-10-26T07:18:17.268+0000] {processor.py:914} INFO - Processing file /home/airflow/.local/lib/python3.12/site-packages/airflow/example_dags/example_setup_teardown.py for tasks to queue
[2024-10-26T07:18:17.269+0000] {logging_mixin.py:190} INFO - [2024-10-26T07:18:17.269+0000] {dagbag.py:588} INFO - Filling up the DagBag from /home/airflow/.local/lib/python3.12/site-packages/airflow/example_dags/example_setup_teardown.py
[2024-10-26T07:18:17.276+0000] {processor.py:925} INFO - DAG(s) 'example_setup_teardown' retrieved from /home/airflow/.local/lib/python3.12/site-packages/airflow/example_dags/example_setup_teardown.py
[2024-10-26T07:18:17.289+0000] {logging_mixin.py:190} INFO - [2024-10-26T07:18:17.289+0000] {dag.py:3239} INFO - Sync 1 DAGs
[2024-10-26T07:18:17.297+0000] {logging_mixin.py:190} INFO - [2024-10-26T07:18:17.297+0000] {dag.py:4180} INFO - Setting next_dagrun for example_setup_teardown to None, run_after=None
[2024-10-26T07:18:17.310+0000] {processor.py:208} INFO - Processing /home/airflow/.local/lib/python3.12/site-packages/airflow/example_dags/example_setup_teardown.py took 0.047 seconds
[2024-10-26T07:18:48.304+0000] {processor.py:186} INFO - Started process (PID=83154) to work on /home/airflow/.local/lib/python3.12/site-packages/airflow/example_dags/example_setup_teardown.py
[2024-10-26T07:18:48.305+0000] {processor.py:914} INFO - Processing file /home/airflow/.local/lib/python3.12/site-packages/airflow/example_dags/example_setup_teardown.py for tasks to queue
[2024-10-26T07:18:48.305+0000] {logging_mixin.py:190} INFO - [2024-10-26T07:18:48.305+0000] {dagbag.py:588} INFO - Filling up the DagBag from /home/airflow/.local/lib/python3.12/site-packages/airflow/example_dags/example_setup_teardown.py
[2024-10-26T07:18:48.309+0000] {processor.py:925} INFO - DAG(s) 'example_setup_teardown' retrieved from /home/airflow/.local/lib/python3.12/site-packages/airflow/example_dags/example_setup_teardown.py
[2024-10-26T07:18:48.320+0000] {logging_mixin.py:190} INFO - [2024-10-26T07:18:48.320+0000] {dag.py:3239} INFO - Sync 1 DAGs
[2024-10-26T07:18:48.329+0000] {logging_mixin.py:190} INFO - [2024-10-26T07:18:48.329+0000] {dag.py:4180} INFO - Setting next_dagrun for example_setup_teardown to None, run_after=None
[2024-10-26T07:18:48.345+0000] {processor.py:208} INFO - Processing /home/airflow/.local/lib/python3.12/site-packages/airflow/example_dags/example_setup_teardown.py took 0.044 seconds
[2024-10-26T07:19:18.715+0000] {processor.py:186} INFO - Started process (PID=83444) to work on /home/airflow/.local/lib/python3.12/site-packages/airflow/example_dags/example_setup_teardown.py
[2024-10-26T07:19:18.716+0000] {processor.py:914} INFO - Processing file /home/airflow/.local/lib/python3.12/site-packages/airflow/example_dags/example_setup_teardown.py for tasks to queue
[2024-10-26T07:19:18.717+0000] {logging_mixin.py:190} INFO - [2024-10-26T07:19:18.717+0000] {dagbag.py:588} INFO - Filling up the DagBag from /home/airflow/.local/lib/python3.12/site-packages/airflow/example_dags/example_setup_teardown.py
[2024-10-26T07:19:18.725+0000] {processor.py:925} INFO - DAG(s) 'example_setup_teardown' retrieved from /home/airflow/.local/lib/python3.12/site-packages/airflow/example_dags/example_setup_teardown.py
[2024-10-26T07:19:18.740+0000] {logging_mixin.py:190} INFO - [2024-10-26T07:19:18.740+0000] {dag.py:3239} INFO - Sync 1 DAGs
[2024-10-26T07:19:18.749+0000] {logging_mixin.py:190} INFO - [2024-10-26T07:19:18.749+0000] {dag.py:4180} INFO - Setting next_dagrun for example_setup_teardown to None, run_after=None
[2024-10-26T07:19:18.761+0000] {processor.py:208} INFO - Processing /home/airflow/.local/lib/python3.12/site-packages/airflow/example_dags/example_setup_teardown.py took 0.050 seconds
[2024-10-26T07:19:50.529+0000] {processor.py:186} INFO - Started process (PID=83735) to work on /home/airflow/.local/lib/python3.12/site-packages/airflow/example_dags/example_setup_teardown.py
[2024-10-26T07:19:50.531+0000] {processor.py:914} INFO - Processing file /home/airflow/.local/lib/python3.12/site-packages/airflow/example_dags/example_setup_teardown.py for tasks to queue
[2024-10-26T07:19:50.533+0000] {logging_mixin.py:190} INFO - [2024-10-26T07:19:50.533+0000] {dagbag.py:588} INFO - Filling up the DagBag from /home/airflow/.local/lib/python3.12/site-packages/airflow/example_dags/example_setup_teardown.py
[2024-10-26T07:19:50.544+0000] {processor.py:925} INFO - DAG(s) 'example_setup_teardown' retrieved from /home/airflow/.local/lib/python3.12/site-packages/airflow/example_dags/example_setup_teardown.py
[2024-10-26T07:19:50.576+0000] {logging_mixin.py:190} INFO - [2024-10-26T07:19:50.576+0000] {dag.py:3239} INFO - Sync 1 DAGs
[2024-10-26T07:19:50.593+0000] {logging_mixin.py:190} INFO - [2024-10-26T07:19:50.593+0000] {dag.py:4180} INFO - Setting next_dagrun for example_setup_teardown to None, run_after=None
[2024-10-26T07:19:50.612+0000] {processor.py:208} INFO - Processing /home/airflow/.local/lib/python3.12/site-packages/airflow/example_dags/example_setup_teardown.py took 0.090 seconds
[2024-10-26T07:20:21.106+0000] {processor.py:186} INFO - Started process (PID=84026) to work on /home/airflow/.local/lib/python3.12/site-packages/airflow/example_dags/example_setup_teardown.py
[2024-10-26T07:20:21.108+0000] {processor.py:914} INFO - Processing file /home/airflow/.local/lib/python3.12/site-packages/airflow/example_dags/example_setup_teardown.py for tasks to queue
[2024-10-26T07:20:21.111+0000] {logging_mixin.py:190} INFO - [2024-10-26T07:20:21.111+0000] {dagbag.py:588} INFO - Filling up the DagBag from /home/airflow/.local/lib/python3.12/site-packages/airflow/example_dags/example_setup_teardown.py
[2024-10-26T07:20:21.120+0000] {processor.py:925} INFO - DAG(s) 'example_setup_teardown' retrieved from /home/airflow/.local/lib/python3.12/site-packages/airflow/example_dags/example_setup_teardown.py
[2024-10-26T07:20:21.138+0000] {logging_mixin.py:190} INFO - [2024-10-26T07:20:21.137+0000] {dag.py:3239} INFO - Sync 1 DAGs
[2024-10-26T07:20:21.147+0000] {logging_mixin.py:190} INFO - [2024-10-26T07:20:21.147+0000] {dag.py:4180} INFO - Setting next_dagrun for example_setup_teardown to None, run_after=None
[2024-10-26T07:20:21.161+0000] {processor.py:208} INFO - Processing /home/airflow/.local/lib/python3.12/site-packages/airflow/example_dags/example_setup_teardown.py took 0.059 seconds
[2024-10-26T07:20:51.995+0000] {processor.py:186} INFO - Started process (PID=84317) to work on /home/airflow/.local/lib/python3.12/site-packages/airflow/example_dags/example_setup_teardown.py
[2024-10-26T07:20:51.997+0000] {processor.py:914} INFO - Processing file /home/airflow/.local/lib/python3.12/site-packages/airflow/example_dags/example_setup_teardown.py for tasks to queue
[2024-10-26T07:20:51.997+0000] {logging_mixin.py:190} INFO - [2024-10-26T07:20:51.997+0000] {dagbag.py:588} INFO - Filling up the DagBag from /home/airflow/.local/lib/python3.12/site-packages/airflow/example_dags/example_setup_teardown.py
[2024-10-26T07:20:52.001+0000] {processor.py:925} INFO - DAG(s) 'example_setup_teardown' retrieved from /home/airflow/.local/lib/python3.12/site-packages/airflow/example_dags/example_setup_teardown.py
[2024-10-26T07:20:52.019+0000] {logging_mixin.py:190} INFO - [2024-10-26T07:20:52.019+0000] {dag.py:3239} INFO - Sync 1 DAGs
[2024-10-26T07:20:52.029+0000] {logging_mixin.py:190} INFO - [2024-10-26T07:20:52.029+0000] {dag.py:4180} INFO - Setting next_dagrun for example_setup_teardown to None, run_after=None
[2024-10-26T07:20:52.037+0000] {processor.py:208} INFO - Processing /home/airflow/.local/lib/python3.12/site-packages/airflow/example_dags/example_setup_teardown.py took 0.046 seconds
[2024-10-26T07:21:22.775+0000] {processor.py:186} INFO - Started process (PID=84608) to work on /home/airflow/.local/lib/python3.12/site-packages/airflow/example_dags/example_setup_teardown.py
[2024-10-26T07:21:22.776+0000] {processor.py:914} INFO - Processing file /home/airflow/.local/lib/python3.12/site-packages/airflow/example_dags/example_setup_teardown.py for tasks to queue
[2024-10-26T07:21:22.778+0000] {logging_mixin.py:190} INFO - [2024-10-26T07:21:22.778+0000] {dagbag.py:588} INFO - Filling up the DagBag from /home/airflow/.local/lib/python3.12/site-packages/airflow/example_dags/example_setup_teardown.py
[2024-10-26T07:21:22.783+0000] {processor.py:925} INFO - DAG(s) 'example_setup_teardown' retrieved from /home/airflow/.local/lib/python3.12/site-packages/airflow/example_dags/example_setup_teardown.py
[2024-10-26T07:21:22.794+0000] {logging_mixin.py:190} INFO - [2024-10-26T07:21:22.793+0000] {dag.py:3239} INFO - Sync 1 DAGs
[2024-10-26T07:21:22.801+0000] {logging_mixin.py:190} INFO - [2024-10-26T07:21:22.801+0000] {dag.py:4180} INFO - Setting next_dagrun for example_setup_teardown to None, run_after=None
[2024-10-26T07:21:22.817+0000] {processor.py:208} INFO - Processing /home/airflow/.local/lib/python3.12/site-packages/airflow/example_dags/example_setup_teardown.py took 0.046 seconds
[2024-10-26T07:21:54.495+0000] {processor.py:186} INFO - Started process (PID=84899) to work on /home/airflow/.local/lib/python3.12/site-packages/airflow/example_dags/example_setup_teardown.py
[2024-10-26T07:21:54.496+0000] {processor.py:914} INFO - Processing file /home/airflow/.local/lib/python3.12/site-packages/airflow/example_dags/example_setup_teardown.py for tasks to queue
[2024-10-26T07:21:54.500+0000] {logging_mixin.py:190} INFO - [2024-10-26T07:21:54.500+0000] {dagbag.py:588} INFO - Filling up the DagBag from /home/airflow/.local/lib/python3.12/site-packages/airflow/example_dags/example_setup_teardown.py
[2024-10-26T07:21:54.509+0000] {processor.py:925} INFO - DAG(s) 'example_setup_teardown' retrieved from /home/airflow/.local/lib/python3.12/site-packages/airflow/example_dags/example_setup_teardown.py
[2024-10-26T07:21:54.524+0000] {logging_mixin.py:190} INFO - [2024-10-26T07:21:54.523+0000] {dag.py:3239} INFO - Sync 1 DAGs
[2024-10-26T07:21:54.534+0000] {logging_mixin.py:190} INFO - [2024-10-26T07:21:54.534+0000] {dag.py:4180} INFO - Setting next_dagrun for example_setup_teardown to None, run_after=None
[2024-10-26T07:21:54.547+0000] {processor.py:208} INFO - Processing /home/airflow/.local/lib/python3.12/site-packages/airflow/example_dags/example_setup_teardown.py took 0.066 seconds
[2024-10-26T07:22:25.575+0000] {processor.py:186} INFO - Started process (PID=85190) to work on /home/airflow/.local/lib/python3.12/site-packages/airflow/example_dags/example_setup_teardown.py
[2024-10-26T07:22:25.577+0000] {processor.py:914} INFO - Processing file /home/airflow/.local/lib/python3.12/site-packages/airflow/example_dags/example_setup_teardown.py for tasks to queue
[2024-10-26T07:22:25.577+0000] {logging_mixin.py:190} INFO - [2024-10-26T07:22:25.577+0000] {dagbag.py:588} INFO - Filling up the DagBag from /home/airflow/.local/lib/python3.12/site-packages/airflow/example_dags/example_setup_teardown.py
[2024-10-26T07:22:25.581+0000] {processor.py:925} INFO - DAG(s) 'example_setup_teardown' retrieved from /home/airflow/.local/lib/python3.12/site-packages/airflow/example_dags/example_setup_teardown.py
[2024-10-26T07:22:25.593+0000] {logging_mixin.py:190} INFO - [2024-10-26T07:22:25.593+0000] {dag.py:3239} INFO - Sync 1 DAGs
[2024-10-26T07:22:25.601+0000] {logging_mixin.py:190} INFO - [2024-10-26T07:22:25.601+0000] {dag.py:4180} INFO - Setting next_dagrun for example_setup_teardown to None, run_after=None
[2024-10-26T07:22:25.620+0000] {processor.py:208} INFO - Processing /home/airflow/.local/lib/python3.12/site-packages/airflow/example_dags/example_setup_teardown.py took 0.047 seconds
[2024-10-26T07:22:56.340+0000] {processor.py:186} INFO - Started process (PID=85481) to work on /home/airflow/.local/lib/python3.12/site-packages/airflow/example_dags/example_setup_teardown.py
[2024-10-26T07:22:56.340+0000] {processor.py:914} INFO - Processing file /home/airflow/.local/lib/python3.12/site-packages/airflow/example_dags/example_setup_teardown.py for tasks to queue
[2024-10-26T07:22:56.341+0000] {logging_mixin.py:190} INFO - [2024-10-26T07:22:56.341+0000] {dagbag.py:588} INFO - Filling up the DagBag from /home/airflow/.local/lib/python3.12/site-packages/airflow/example_dags/example_setup_teardown.py
[2024-10-26T07:22:56.347+0000] {processor.py:925} INFO - DAG(s) 'example_setup_teardown' retrieved from /home/airflow/.local/lib/python3.12/site-packages/airflow/example_dags/example_setup_teardown.py
[2024-10-26T07:22:56.360+0000] {logging_mixin.py:190} INFO - [2024-10-26T07:22:56.360+0000] {dag.py:3239} INFO - Sync 1 DAGs
[2024-10-26T07:22:56.367+0000] {logging_mixin.py:190} INFO - [2024-10-26T07:22:56.367+0000] {dag.py:4180} INFO - Setting next_dagrun for example_setup_teardown to None, run_after=None
[2024-10-26T07:22:56.381+0000] {processor.py:208} INFO - Processing /home/airflow/.local/lib/python3.12/site-packages/airflow/example_dags/example_setup_teardown.py took 0.045 seconds
[2024-10-26T07:23:27.125+0000] {processor.py:186} INFO - Started process (PID=85772) to work on /home/airflow/.local/lib/python3.12/site-packages/airflow/example_dags/example_setup_teardown.py
[2024-10-26T07:23:27.125+0000] {processor.py:914} INFO - Processing file /home/airflow/.local/lib/python3.12/site-packages/airflow/example_dags/example_setup_teardown.py for tasks to queue
[2024-10-26T07:23:27.127+0000] {logging_mixin.py:190} INFO - [2024-10-26T07:23:27.127+0000] {dagbag.py:588} INFO - Filling up the DagBag from /home/airflow/.local/lib/python3.12/site-packages/airflow/example_dags/example_setup_teardown.py
[2024-10-26T07:23:27.132+0000] {processor.py:925} INFO - DAG(s) 'example_setup_teardown' retrieved from /home/airflow/.local/lib/python3.12/site-packages/airflow/example_dags/example_setup_teardown.py
[2024-10-26T07:23:27.145+0000] {logging_mixin.py:190} INFO - [2024-10-26T07:23:27.145+0000] {dag.py:3239} INFO - Sync 1 DAGs
[2024-10-26T07:23:27.155+0000] {logging_mixin.py:190} INFO - [2024-10-26T07:23:27.155+0000] {dag.py:4180} INFO - Setting next_dagrun for example_setup_teardown to None, run_after=None
[2024-10-26T07:23:27.168+0000] {processor.py:208} INFO - Processing /home/airflow/.local/lib/python3.12/site-packages/airflow/example_dags/example_setup_teardown.py took 0.047 seconds
[2024-10-26T07:23:58.004+0000] {processor.py:186} INFO - Started process (PID=86063) to work on /home/airflow/.local/lib/python3.12/site-packages/airflow/example_dags/example_setup_teardown.py
[2024-10-26T07:23:58.006+0000] {processor.py:914} INFO - Processing file /home/airflow/.local/lib/python3.12/site-packages/airflow/example_dags/example_setup_teardown.py for tasks to queue
[2024-10-26T07:23:58.007+0000] {logging_mixin.py:190} INFO - [2024-10-26T07:23:58.006+0000] {dagbag.py:588} INFO - Filling up the DagBag from /home/airflow/.local/lib/python3.12/site-packages/airflow/example_dags/example_setup_teardown.py
[2024-10-26T07:23:58.013+0000] {processor.py:925} INFO - DAG(s) 'example_setup_teardown' retrieved from /home/airflow/.local/lib/python3.12/site-packages/airflow/example_dags/example_setup_teardown.py
[2024-10-26T07:23:58.023+0000] {logging_mixin.py:190} INFO - [2024-10-26T07:23:58.023+0000] {dag.py:3239} INFO - Sync 1 DAGs
[2024-10-26T07:23:58.030+0000] {logging_mixin.py:190} INFO - [2024-10-26T07:23:58.030+0000] {dag.py:4180} INFO - Setting next_dagrun for example_setup_teardown to None, run_after=None
[2024-10-26T07:23:58.039+0000] {processor.py:208} INFO - Processing /home/airflow/.local/lib/python3.12/site-packages/airflow/example_dags/example_setup_teardown.py took 0.037 seconds
[2024-10-26T07:24:28.772+0000] {processor.py:186} INFO - Started process (PID=86354) to work on /home/airflow/.local/lib/python3.12/site-packages/airflow/example_dags/example_setup_teardown.py
[2024-10-26T07:24:28.774+0000] {processor.py:914} INFO - Processing file /home/airflow/.local/lib/python3.12/site-packages/airflow/example_dags/example_setup_teardown.py for tasks to queue
[2024-10-26T07:24:28.775+0000] {logging_mixin.py:190} INFO - [2024-10-26T07:24:28.775+0000] {dagbag.py:588} INFO - Filling up the DagBag from /home/airflow/.local/lib/python3.12/site-packages/airflow/example_dags/example_setup_teardown.py
[2024-10-26T07:24:28.790+0000] {processor.py:925} INFO - DAG(s) 'example_setup_teardown' retrieved from /home/airflow/.local/lib/python3.12/site-packages/airflow/example_dags/example_setup_teardown.py
[2024-10-26T07:24:28.803+0000] {logging_mixin.py:190} INFO - [2024-10-26T07:24:28.803+0000] {dag.py:3239} INFO - Sync 1 DAGs
[2024-10-26T07:24:28.815+0000] {logging_mixin.py:190} INFO - [2024-10-26T07:24:28.814+0000] {dag.py:4180} INFO - Setting next_dagrun for example_setup_teardown to None, run_after=None
[2024-10-26T07:24:28.827+0000] {processor.py:208} INFO - Processing /home/airflow/.local/lib/python3.12/site-packages/airflow/example_dags/example_setup_teardown.py took 0.060 seconds
[2024-10-26T07:24:59.828+0000] {processor.py:186} INFO - Started process (PID=86645) to work on /home/airflow/.local/lib/python3.12/site-packages/airflow/example_dags/example_setup_teardown.py
[2024-10-26T07:24:59.832+0000] {processor.py:914} INFO - Processing file /home/airflow/.local/lib/python3.12/site-packages/airflow/example_dags/example_setup_teardown.py for tasks to queue
[2024-10-26T07:24:59.833+0000] {logging_mixin.py:190} INFO - [2024-10-26T07:24:59.833+0000] {dagbag.py:588} INFO - Filling up the DagBag from /home/airflow/.local/lib/python3.12/site-packages/airflow/example_dags/example_setup_teardown.py
[2024-10-26T07:24:59.840+0000] {processor.py:925} INFO - DAG(s) 'example_setup_teardown' retrieved from /home/airflow/.local/lib/python3.12/site-packages/airflow/example_dags/example_setup_teardown.py
[2024-10-26T07:24:59.856+0000] {logging_mixin.py:190} INFO - [2024-10-26T07:24:59.856+0000] {dag.py:3239} INFO - Sync 1 DAGs
[2024-10-26T07:24:59.866+0000] {logging_mixin.py:190} INFO - [2024-10-26T07:24:59.866+0000] {dag.py:4180} INFO - Setting next_dagrun for example_setup_teardown to None, run_after=None
[2024-10-26T07:24:59.877+0000] {processor.py:208} INFO - Processing /home/airflow/.local/lib/python3.12/site-packages/airflow/example_dags/example_setup_teardown.py took 0.056 seconds
[2024-10-26T07:25:30.726+0000] {processor.py:186} INFO - Started process (PID=86936) to work on /home/airflow/.local/lib/python3.12/site-packages/airflow/example_dags/example_setup_teardown.py
[2024-10-26T07:25:30.727+0000] {processor.py:914} INFO - Processing file /home/airflow/.local/lib/python3.12/site-packages/airflow/example_dags/example_setup_teardown.py for tasks to queue
[2024-10-26T07:25:30.728+0000] {logging_mixin.py:190} INFO - [2024-10-26T07:25:30.727+0000] {dagbag.py:588} INFO - Filling up the DagBag from /home/airflow/.local/lib/python3.12/site-packages/airflow/example_dags/example_setup_teardown.py
[2024-10-26T07:25:30.734+0000] {processor.py:925} INFO - DAG(s) 'example_setup_teardown' retrieved from /home/airflow/.local/lib/python3.12/site-packages/airflow/example_dags/example_setup_teardown.py
[2024-10-26T07:25:30.748+0000] {logging_mixin.py:190} INFO - [2024-10-26T07:25:30.748+0000] {dag.py:3239} INFO - Sync 1 DAGs
[2024-10-26T07:25:30.756+0000] {logging_mixin.py:190} INFO - [2024-10-26T07:25:30.756+0000] {dag.py:4180} INFO - Setting next_dagrun for example_setup_teardown to None, run_after=None
[2024-10-26T07:25:30.769+0000] {processor.py:208} INFO - Processing /home/airflow/.local/lib/python3.12/site-packages/airflow/example_dags/example_setup_teardown.py took 0.048 seconds
[2024-10-26T07:26:01.554+0000] {processor.py:186} INFO - Started process (PID=87227) to work on /home/airflow/.local/lib/python3.12/site-packages/airflow/example_dags/example_setup_teardown.py
[2024-10-26T07:26:01.557+0000] {processor.py:914} INFO - Processing file /home/airflow/.local/lib/python3.12/site-packages/airflow/example_dags/example_setup_teardown.py for tasks to queue
[2024-10-26T07:26:01.558+0000] {logging_mixin.py:190} INFO - [2024-10-26T07:26:01.558+0000] {dagbag.py:588} INFO - Filling up the DagBag from /home/airflow/.local/lib/python3.12/site-packages/airflow/example_dags/example_setup_teardown.py
[2024-10-26T07:26:01.564+0000] {processor.py:925} INFO - DAG(s) 'example_setup_teardown' retrieved from /home/airflow/.local/lib/python3.12/site-packages/airflow/example_dags/example_setup_teardown.py
[2024-10-26T07:26:01.583+0000] {logging_mixin.py:190} INFO - [2024-10-26T07:26:01.582+0000] {dag.py:3239} INFO - Sync 1 DAGs
[2024-10-26T07:26:01.592+0000] {logging_mixin.py:190} INFO - [2024-10-26T07:26:01.592+0000] {dag.py:4180} INFO - Setting next_dagrun for example_setup_teardown to None, run_after=None
[2024-10-26T07:26:01.605+0000] {processor.py:208} INFO - Processing /home/airflow/.local/lib/python3.12/site-packages/airflow/example_dags/example_setup_teardown.py took 0.055 seconds
[2024-10-26T07:26:31.751+0000] {processor.py:186} INFO - Started process (PID=87518) to work on /home/airflow/.local/lib/python3.12/site-packages/airflow/example_dags/example_setup_teardown.py
[2024-10-26T07:26:31.752+0000] {processor.py:914} INFO - Processing file /home/airflow/.local/lib/python3.12/site-packages/airflow/example_dags/example_setup_teardown.py for tasks to queue
[2024-10-26T07:26:31.753+0000] {logging_mixin.py:190} INFO - [2024-10-26T07:26:31.753+0000] {dagbag.py:588} INFO - Filling up the DagBag from /home/airflow/.local/lib/python3.12/site-packages/airflow/example_dags/example_setup_teardown.py
[2024-10-26T07:26:31.758+0000] {processor.py:925} INFO - DAG(s) 'example_setup_teardown' retrieved from /home/airflow/.local/lib/python3.12/site-packages/airflow/example_dags/example_setup_teardown.py
[2024-10-26T07:26:31.769+0000] {logging_mixin.py:190} INFO - [2024-10-26T07:26:31.769+0000] {dag.py:3239} INFO - Sync 1 DAGs
[2024-10-26T07:26:31.777+0000] {logging_mixin.py:190} INFO - [2024-10-26T07:26:31.777+0000] {dag.py:4180} INFO - Setting next_dagrun for example_setup_teardown to None, run_after=None
[2024-10-26T07:26:31.788+0000] {processor.py:208} INFO - Processing /home/airflow/.local/lib/python3.12/site-packages/airflow/example_dags/example_setup_teardown.py took 0.039 seconds
[2024-10-26T07:27:02.040+0000] {processor.py:186} INFO - Started process (PID=87809) to work on /home/airflow/.local/lib/python3.12/site-packages/airflow/example_dags/example_setup_teardown.py
[2024-10-26T07:27:02.040+0000] {processor.py:914} INFO - Processing file /home/airflow/.local/lib/python3.12/site-packages/airflow/example_dags/example_setup_teardown.py for tasks to queue
[2024-10-26T07:27:02.042+0000] {logging_mixin.py:190} INFO - [2024-10-26T07:27:02.041+0000] {dagbag.py:588} INFO - Filling up the DagBag from /home/airflow/.local/lib/python3.12/site-packages/airflow/example_dags/example_setup_teardown.py
[2024-10-26T07:27:02.047+0000] {processor.py:925} INFO - DAG(s) 'example_setup_teardown' retrieved from /home/airflow/.local/lib/python3.12/site-packages/airflow/example_dags/example_setup_teardown.py
[2024-10-26T07:27:02.060+0000] {logging_mixin.py:190} INFO - [2024-10-26T07:27:02.060+0000] {dag.py:3239} INFO - Sync 1 DAGs
[2024-10-26T07:27:02.067+0000] {logging_mixin.py:190} INFO - [2024-10-26T07:27:02.067+0000] {dag.py:4180} INFO - Setting next_dagrun for example_setup_teardown to None, run_after=None
[2024-10-26T07:27:02.076+0000] {processor.py:208} INFO - Processing /home/airflow/.local/lib/python3.12/site-packages/airflow/example_dags/example_setup_teardown.py took 0.039 seconds
[2024-10-26T07:27:32.752+0000] {processor.py:186} INFO - Started process (PID=88100) to work on /home/airflow/.local/lib/python3.12/site-packages/airflow/example_dags/example_setup_teardown.py
[2024-10-26T07:27:32.753+0000] {processor.py:914} INFO - Processing file /home/airflow/.local/lib/python3.12/site-packages/airflow/example_dags/example_setup_teardown.py for tasks to queue
[2024-10-26T07:27:32.755+0000] {logging_mixin.py:190} INFO - [2024-10-26T07:27:32.754+0000] {dagbag.py:588} INFO - Filling up the DagBag from /home/airflow/.local/lib/python3.12/site-packages/airflow/example_dags/example_setup_teardown.py
[2024-10-26T07:27:32.759+0000] {processor.py:925} INFO - DAG(s) 'example_setup_teardown' retrieved from /home/airflow/.local/lib/python3.12/site-packages/airflow/example_dags/example_setup_teardown.py
[2024-10-26T07:27:32.770+0000] {logging_mixin.py:190} INFO - [2024-10-26T07:27:32.769+0000] {dag.py:3239} INFO - Sync 1 DAGs
[2024-10-26T07:27:32.777+0000] {logging_mixin.py:190} INFO - [2024-10-26T07:27:32.777+0000] {dag.py:4180} INFO - Setting next_dagrun for example_setup_teardown to None, run_after=None
[2024-10-26T07:27:32.786+0000] {processor.py:208} INFO - Processing /home/airflow/.local/lib/python3.12/site-packages/airflow/example_dags/example_setup_teardown.py took 0.036 seconds
