[2024-10-26T00:46:25.715+0000] {processor.py:186} INFO - Started process (PID=70869) to work on /home/airflow/.local/lib/python3.12/site-packages/airflow/example_dags/example_dag_decorator.py
[2024-10-26T00:46:25.716+0000] {processor.py:914} INFO - Processing file /home/airflow/.local/lib/python3.12/site-packages/airflow/example_dags/example_dag_decorator.py for tasks to queue
[2024-10-26T00:46:25.716+0000] {logging_mixin.py:190} INFO - [2024-10-26T00:46:25.716+0000] {dagbag.py:588} INFO - Filling up the DagBag from /home/airflow/.local/lib/python3.12/site-packages/airflow/example_dags/example_dag_decorator.py
[2024-10-26T00:46:25.722+0000] {processor.py:925} INFO - DAG(s) 'example_dag_decorator' retrieved from /home/airflow/.local/lib/python3.12/site-packages/airflow/example_dags/example_dag_decorator.py
[2024-10-26T00:46:25.791+0000] {logging_mixin.py:190} INFO - [2024-10-26T00:46:25.791+0000] {dag.py:3239} INFO - Sync 1 DAGs
[2024-10-26T00:46:25.798+0000] {logging_mixin.py:190} INFO - [2024-10-26T00:46:25.798+0000] {dag.py:4180} INFO - Setting next_dagrun for example_dag_decorator to None, run_after=None
[2024-10-26T00:46:25.812+0000] {processor.py:208} INFO - Processing /home/airflow/.local/lib/python3.12/site-packages/airflow/example_dags/example_dag_decorator.py took 0.101 seconds
[2024-10-26T01:37:09.436+0000] {processor.py:186} INFO - Started process (PID=71161) to work on /home/airflow/.local/lib/python3.12/site-packages/airflow/example_dags/example_dag_decorator.py
[2024-10-26T01:37:09.436+0000] {processor.py:914} INFO - Processing file /home/airflow/.local/lib/python3.12/site-packages/airflow/example_dags/example_dag_decorator.py for tasks to queue
[2024-10-26T01:37:09.438+0000] {logging_mixin.py:190} INFO - [2024-10-26T01:37:09.437+0000] {dagbag.py:588} INFO - Filling up the DagBag from /home/airflow/.local/lib/python3.12/site-packages/airflow/example_dags/example_dag_decorator.py
[2024-10-26T01:37:09.443+0000] {processor.py:925} INFO - DAG(s) 'example_dag_decorator' retrieved from /home/airflow/.local/lib/python3.12/site-packages/airflow/example_dags/example_dag_decorator.py
[2024-10-26T01:37:09.462+0000] {logging_mixin.py:190} INFO - [2024-10-26T01:37:09.462+0000] {dag.py:3239} INFO - Sync 1 DAGs
[2024-10-26T01:37:09.472+0000] {logging_mixin.py:190} INFO - [2024-10-26T01:37:09.472+0000] {dag.py:4180} INFO - Setting next_dagrun for example_dag_decorator to None, run_after=None
[2024-10-26T01:37:09.484+0000] {processor.py:208} INFO - Processing /home/airflow/.local/lib/python3.12/site-packages/airflow/example_dags/example_dag_decorator.py took 0.051 seconds
[2024-10-26T02:57:38.406+0000] {processor.py:186} INFO - Started process (PID=71452) to work on /home/airflow/.local/lib/python3.12/site-packages/airflow/example_dags/example_dag_decorator.py
[2024-10-26T02:57:38.411+0000] {processor.py:914} INFO - Processing file /home/airflow/.local/lib/python3.12/site-packages/airflow/example_dags/example_dag_decorator.py for tasks to queue
[2024-10-26T02:57:38.412+0000] {logging_mixin.py:190} INFO - [2024-10-26T02:57:38.411+0000] {dagbag.py:588} INFO - Filling up the DagBag from /home/airflow/.local/lib/python3.12/site-packages/airflow/example_dags/example_dag_decorator.py
[2024-10-26T02:57:38.418+0000] {processor.py:925} INFO - DAG(s) 'example_dag_decorator' retrieved from /home/airflow/.local/lib/python3.12/site-packages/airflow/example_dags/example_dag_decorator.py
[2024-10-26T02:57:38.429+0000] {logging_mixin.py:190} INFO - [2024-10-26T02:57:38.429+0000] {dag.py:3239} INFO - Sync 1 DAGs
[2024-10-26T02:57:38.436+0000] {logging_mixin.py:190} INFO - [2024-10-26T02:57:38.436+0000] {dag.py:4180} INFO - Setting next_dagrun for example_dag_decorator to None, run_after=None
[2024-10-26T02:57:38.449+0000] {processor.py:208} INFO - Processing /home/airflow/.local/lib/python3.12/site-packages/airflow/example_dags/example_dag_decorator.py took 0.045 seconds
[2024-10-26T04:18:35.697+0000] {processor.py:186} INFO - Started process (PID=71743) to work on /home/airflow/.local/lib/python3.12/site-packages/airflow/example_dags/example_dag_decorator.py
[2024-10-26T04:18:35.698+0000] {processor.py:914} INFO - Processing file /home/airflow/.local/lib/python3.12/site-packages/airflow/example_dags/example_dag_decorator.py for tasks to queue
[2024-10-26T04:18:35.699+0000] {logging_mixin.py:190} INFO - [2024-10-26T04:18:35.698+0000] {dagbag.py:588} INFO - Filling up the DagBag from /home/airflow/.local/lib/python3.12/site-packages/airflow/example_dags/example_dag_decorator.py
[2024-10-26T04:18:35.705+0000] {processor.py:925} INFO - DAG(s) 'example_dag_decorator' retrieved from /home/airflow/.local/lib/python3.12/site-packages/airflow/example_dags/example_dag_decorator.py
[2024-10-26T04:18:35.717+0000] {logging_mixin.py:190} INFO - [2024-10-26T04:18:35.716+0000] {dag.py:3239} INFO - Sync 1 DAGs
[2024-10-26T04:18:35.724+0000] {logging_mixin.py:190} INFO - [2024-10-26T04:18:35.724+0000] {dag.py:4180} INFO - Setting next_dagrun for example_dag_decorator to None, run_after=None
[2024-10-26T04:18:35.740+0000] {processor.py:208} INFO - Processing /home/airflow/.local/lib/python3.12/site-packages/airflow/example_dags/example_dag_decorator.py took 0.046 seconds
[2024-10-26T05:41:05.431+0000] {processor.py:186} INFO - Started process (PID=72034) to work on /home/airflow/.local/lib/python3.12/site-packages/airflow/example_dags/example_dag_decorator.py
[2024-10-26T05:41:05.432+0000] {processor.py:914} INFO - Processing file /home/airflow/.local/lib/python3.12/site-packages/airflow/example_dags/example_dag_decorator.py for tasks to queue
[2024-10-26T05:41:05.432+0000] {logging_mixin.py:190} INFO - [2024-10-26T05:41:05.432+0000] {dagbag.py:588} INFO - Filling up the DagBag from /home/airflow/.local/lib/python3.12/site-packages/airflow/example_dags/example_dag_decorator.py
[2024-10-26T05:41:05.439+0000] {processor.py:925} INFO - DAG(s) 'example_dag_decorator' retrieved from /home/airflow/.local/lib/python3.12/site-packages/airflow/example_dags/example_dag_decorator.py
[2024-10-26T05:41:05.511+0000] {logging_mixin.py:190} INFO - [2024-10-26T05:41:05.511+0000] {dag.py:3239} INFO - Sync 1 DAGs
[2024-10-26T05:41:05.517+0000] {logging_mixin.py:190} INFO - [2024-10-26T05:41:05.517+0000] {dag.py:4180} INFO - Setting next_dagrun for example_dag_decorator to None, run_after=None
[2024-10-26T05:41:05.531+0000] {processor.py:208} INFO - Processing /home/airflow/.local/lib/python3.12/site-packages/airflow/example_dags/example_dag_decorator.py took 0.103 seconds
[2024-10-26T06:59:45.744+0000] {processor.py:186} INFO - Started process (PID=72325) to work on /home/airflow/.local/lib/python3.12/site-packages/airflow/example_dags/example_dag_decorator.py
[2024-10-26T06:59:45.744+0000] {processor.py:914} INFO - Processing file /home/airflow/.local/lib/python3.12/site-packages/airflow/example_dags/example_dag_decorator.py for tasks to queue
[2024-10-26T06:59:45.745+0000] {logging_mixin.py:190} INFO - [2024-10-26T06:59:45.745+0000] {dagbag.py:588} INFO - Filling up the DagBag from /home/airflow/.local/lib/python3.12/site-packages/airflow/example_dags/example_dag_decorator.py
[2024-10-26T06:59:45.753+0000] {processor.py:925} INFO - DAG(s) 'example_dag_decorator' retrieved from /home/airflow/.local/lib/python3.12/site-packages/airflow/example_dags/example_dag_decorator.py
[2024-10-26T06:59:45.826+0000] {logging_mixin.py:190} INFO - [2024-10-26T06:59:45.826+0000] {dag.py:3239} INFO - Sync 1 DAGs
[2024-10-26T06:59:45.833+0000] {logging_mixin.py:190} INFO - [2024-10-26T06:59:45.833+0000] {dag.py:4180} INFO - Setting next_dagrun for example_dag_decorator to None, run_after=None
[2024-10-26T06:59:45.843+0000] {processor.py:208} INFO - Processing /home/airflow/.local/lib/python3.12/site-packages/airflow/example_dags/example_dag_decorator.py took 0.102 seconds
[2024-10-26T07:00:16.413+0000] {processor.py:186} INFO - Started process (PID=72616) to work on /home/airflow/.local/lib/python3.12/site-packages/airflow/example_dags/example_dag_decorator.py
[2024-10-26T07:00:16.414+0000] {processor.py:914} INFO - Processing file /home/airflow/.local/lib/python3.12/site-packages/airflow/example_dags/example_dag_decorator.py for tasks to queue
[2024-10-26T07:00:16.415+0000] {logging_mixin.py:190} INFO - [2024-10-26T07:00:16.415+0000] {dagbag.py:588} INFO - Filling up the DagBag from /home/airflow/.local/lib/python3.12/site-packages/airflow/example_dags/example_dag_decorator.py
[2024-10-26T07:00:16.421+0000] {processor.py:925} INFO - DAG(s) 'example_dag_decorator' retrieved from /home/airflow/.local/lib/python3.12/site-packages/airflow/example_dags/example_dag_decorator.py
[2024-10-26T07:00:16.483+0000] {logging_mixin.py:190} INFO - [2024-10-26T07:00:16.483+0000] {dag.py:3239} INFO - Sync 1 DAGs
[2024-10-26T07:00:16.490+0000] {logging_mixin.py:190} INFO - [2024-10-26T07:00:16.489+0000] {dag.py:4180} INFO - Setting next_dagrun for example_dag_decorator to None, run_after=None
[2024-10-26T07:00:16.500+0000] {processor.py:208} INFO - Processing /home/airflow/.local/lib/python3.12/site-packages/airflow/example_dags/example_dag_decorator.py took 0.090 seconds
[2024-10-26T07:00:46.919+0000] {processor.py:186} INFO - Started process (PID=72907) to work on /home/airflow/.local/lib/python3.12/site-packages/airflow/example_dags/example_dag_decorator.py
[2024-10-26T07:00:46.920+0000] {processor.py:914} INFO - Processing file /home/airflow/.local/lib/python3.12/site-packages/airflow/example_dags/example_dag_decorator.py for tasks to queue
[2024-10-26T07:00:46.921+0000] {logging_mixin.py:190} INFO - [2024-10-26T07:00:46.921+0000] {dagbag.py:588} INFO - Filling up the DagBag from /home/airflow/.local/lib/python3.12/site-packages/airflow/example_dags/example_dag_decorator.py
[2024-10-26T07:00:46.927+0000] {processor.py:925} INFO - DAG(s) 'example_dag_decorator' retrieved from /home/airflow/.local/lib/python3.12/site-packages/airflow/example_dags/example_dag_decorator.py
[2024-10-26T07:00:46.942+0000] {logging_mixin.py:190} INFO - [2024-10-26T07:00:46.942+0000] {dag.py:3239} INFO - Sync 1 DAGs
[2024-10-26T07:00:46.950+0000] {logging_mixin.py:190} INFO - [2024-10-26T07:00:46.949+0000] {dag.py:4180} INFO - Setting next_dagrun for example_dag_decorator to None, run_after=None
[2024-10-26T07:00:46.967+0000] {processor.py:208} INFO - Processing /home/airflow/.local/lib/python3.12/site-packages/airflow/example_dags/example_dag_decorator.py took 0.051 seconds
[2024-10-26T07:01:18.685+0000] {processor.py:186} INFO - Started process (PID=73200) to work on /home/airflow/.local/lib/python3.12/site-packages/airflow/example_dags/example_dag_decorator.py
[2024-10-26T07:01:18.686+0000] {processor.py:914} INFO - Processing file /home/airflow/.local/lib/python3.12/site-packages/airflow/example_dags/example_dag_decorator.py for tasks to queue
[2024-10-26T07:01:18.688+0000] {logging_mixin.py:190} INFO - [2024-10-26T07:01:18.688+0000] {dagbag.py:588} INFO - Filling up the DagBag from /home/airflow/.local/lib/python3.12/site-packages/airflow/example_dags/example_dag_decorator.py
[2024-10-26T07:01:18.698+0000] {processor.py:925} INFO - DAG(s) 'example_dag_decorator' retrieved from /home/airflow/.local/lib/python3.12/site-packages/airflow/example_dags/example_dag_decorator.py
[2024-10-26T07:01:18.827+0000] {logging_mixin.py:190} INFO - [2024-10-26T07:01:18.827+0000] {dag.py:3239} INFO - Sync 1 DAGs
[2024-10-26T07:01:18.843+0000] {logging_mixin.py:190} INFO - [2024-10-26T07:01:18.842+0000] {dag.py:4180} INFO - Setting next_dagrun for example_dag_decorator to None, run_after=None
[2024-10-26T07:01:18.890+0000] {processor.py:208} INFO - Processing /home/airflow/.local/lib/python3.12/site-packages/airflow/example_dags/example_dag_decorator.py took 0.210 seconds
[2024-10-26T07:01:50.212+0000] {processor.py:186} INFO - Started process (PID=73489) to work on /home/airflow/.local/lib/python3.12/site-packages/airflow/example_dags/example_dag_decorator.py
[2024-10-26T07:01:50.213+0000] {processor.py:914} INFO - Processing file /home/airflow/.local/lib/python3.12/site-packages/airflow/example_dags/example_dag_decorator.py for tasks to queue
[2024-10-26T07:01:50.216+0000] {logging_mixin.py:190} INFO - [2024-10-26T07:01:50.215+0000] {dagbag.py:588} INFO - Filling up the DagBag from /home/airflow/.local/lib/python3.12/site-packages/airflow/example_dags/example_dag_decorator.py
[2024-10-26T07:01:50.233+0000] {processor.py:925} INFO - DAG(s) 'example_dag_decorator' retrieved from /home/airflow/.local/lib/python3.12/site-packages/airflow/example_dags/example_dag_decorator.py
[2024-10-26T07:01:50.317+0000] {logging_mixin.py:190} INFO - [2024-10-26T07:01:50.317+0000] {dag.py:3239} INFO - Sync 1 DAGs
[2024-10-26T07:01:50.325+0000] {logging_mixin.py:190} INFO - [2024-10-26T07:01:50.325+0000] {dag.py:4180} INFO - Setting next_dagrun for example_dag_decorator to None, run_after=None
[2024-10-26T07:01:50.337+0000] {processor.py:208} INFO - Processing /home/airflow/.local/lib/python3.12/site-packages/airflow/example_dags/example_dag_decorator.py took 0.129 seconds
[2024-10-26T07:02:20.519+0000] {processor.py:186} INFO - Started process (PID=73780) to work on /home/airflow/.local/lib/python3.12/site-packages/airflow/example_dags/example_dag_decorator.py
[2024-10-26T07:02:20.520+0000] {processor.py:914} INFO - Processing file /home/airflow/.local/lib/python3.12/site-packages/airflow/example_dags/example_dag_decorator.py for tasks to queue
[2024-10-26T07:02:20.522+0000] {logging_mixin.py:190} INFO - [2024-10-26T07:02:20.522+0000] {dagbag.py:588} INFO - Filling up the DagBag from /home/airflow/.local/lib/python3.12/site-packages/airflow/example_dags/example_dag_decorator.py
[2024-10-26T07:02:20.532+0000] {processor.py:925} INFO - DAG(s) 'example_dag_decorator' retrieved from /home/airflow/.local/lib/python3.12/site-packages/airflow/example_dags/example_dag_decorator.py
[2024-10-26T07:02:20.549+0000] {logging_mixin.py:190} INFO - [2024-10-26T07:02:20.548+0000] {dag.py:3239} INFO - Sync 1 DAGs
[2024-10-26T07:02:20.556+0000] {logging_mixin.py:190} INFO - [2024-10-26T07:02:20.556+0000] {dag.py:4180} INFO - Setting next_dagrun for example_dag_decorator to None, run_after=None
[2024-10-26T07:02:20.567+0000] {processor.py:208} INFO - Processing /home/airflow/.local/lib/python3.12/site-packages/airflow/example_dags/example_dag_decorator.py took 0.051 seconds
[2024-10-26T07:02:50.601+0000] {processor.py:186} INFO - Started process (PID=74071) to work on /home/airflow/.local/lib/python3.12/site-packages/airflow/example_dags/example_dag_decorator.py
[2024-10-26T07:02:50.603+0000] {processor.py:914} INFO - Processing file /home/airflow/.local/lib/python3.12/site-packages/airflow/example_dags/example_dag_decorator.py for tasks to queue
[2024-10-26T07:02:50.603+0000] {logging_mixin.py:190} INFO - [2024-10-26T07:02:50.603+0000] {dagbag.py:588} INFO - Filling up the DagBag from /home/airflow/.local/lib/python3.12/site-packages/airflow/example_dags/example_dag_decorator.py
[2024-10-26T07:02:50.609+0000] {processor.py:925} INFO - DAG(s) 'example_dag_decorator' retrieved from /home/airflow/.local/lib/python3.12/site-packages/airflow/example_dags/example_dag_decorator.py
[2024-10-26T07:02:50.623+0000] {logging_mixin.py:190} INFO - [2024-10-26T07:02:50.623+0000] {dag.py:3239} INFO - Sync 1 DAGs
[2024-10-26T07:02:50.630+0000] {logging_mixin.py:190} INFO - [2024-10-26T07:02:50.630+0000] {dag.py:4180} INFO - Setting next_dagrun for example_dag_decorator to None, run_after=None
[2024-10-26T07:02:50.638+0000] {processor.py:208} INFO - Processing /home/airflow/.local/lib/python3.12/site-packages/airflow/example_dags/example_dag_decorator.py took 0.040 seconds
[2024-10-26T07:03:21.728+0000] {processor.py:186} INFO - Started process (PID=74362) to work on /home/airflow/.local/lib/python3.12/site-packages/airflow/example_dags/example_dag_decorator.py
[2024-10-26T07:03:21.728+0000] {processor.py:914} INFO - Processing file /home/airflow/.local/lib/python3.12/site-packages/airflow/example_dags/example_dag_decorator.py for tasks to queue
[2024-10-26T07:03:21.729+0000] {logging_mixin.py:190} INFO - [2024-10-26T07:03:21.729+0000] {dagbag.py:588} INFO - Filling up the DagBag from /home/airflow/.local/lib/python3.12/site-packages/airflow/example_dags/example_dag_decorator.py
[2024-10-26T07:03:21.735+0000] {processor.py:925} INFO - DAG(s) 'example_dag_decorator' retrieved from /home/airflow/.local/lib/python3.12/site-packages/airflow/example_dags/example_dag_decorator.py
[2024-10-26T07:03:21.818+0000] {logging_mixin.py:190} INFO - [2024-10-26T07:03:21.818+0000] {dag.py:3239} INFO - Sync 1 DAGs
[2024-10-26T07:03:21.824+0000] {logging_mixin.py:190} INFO - [2024-10-26T07:03:21.824+0000] {dag.py:4180} INFO - Setting next_dagrun for example_dag_decorator to None, run_after=None
[2024-10-26T07:03:21.837+0000] {processor.py:208} INFO - Processing /home/airflow/.local/lib/python3.12/site-packages/airflow/example_dags/example_dag_decorator.py took 0.113 seconds
[2024-10-26T07:03:52.602+0000] {processor.py:186} INFO - Started process (PID=74653) to work on /home/airflow/.local/lib/python3.12/site-packages/airflow/example_dags/example_dag_decorator.py
[2024-10-26T07:03:52.605+0000] {processor.py:914} INFO - Processing file /home/airflow/.local/lib/python3.12/site-packages/airflow/example_dags/example_dag_decorator.py for tasks to queue
[2024-10-26T07:03:52.606+0000] {logging_mixin.py:190} INFO - [2024-10-26T07:03:52.606+0000] {dagbag.py:588} INFO - Filling up the DagBag from /home/airflow/.local/lib/python3.12/site-packages/airflow/example_dags/example_dag_decorator.py
[2024-10-26T07:03:52.630+0000] {processor.py:925} INFO - DAG(s) 'example_dag_decorator' retrieved from /home/airflow/.local/lib/python3.12/site-packages/airflow/example_dags/example_dag_decorator.py
[2024-10-26T07:03:52.774+0000] {logging_mixin.py:190} INFO - [2024-10-26T07:03:52.774+0000] {dag.py:3239} INFO - Sync 1 DAGs
[2024-10-26T07:03:52.783+0000] {logging_mixin.py:190} INFO - [2024-10-26T07:03:52.783+0000] {dag.py:4180} INFO - Setting next_dagrun for example_dag_decorator to None, run_after=None
[2024-10-26T07:03:52.801+0000] {processor.py:208} INFO - Processing /home/airflow/.local/lib/python3.12/site-packages/airflow/example_dags/example_dag_decorator.py took 0.218 seconds
[2024-10-26T07:04:23.169+0000] {processor.py:186} INFO - Started process (PID=74943) to work on /home/airflow/.local/lib/python3.12/site-packages/airflow/example_dags/example_dag_decorator.py
[2024-10-26T07:04:23.170+0000] {processor.py:914} INFO - Processing file /home/airflow/.local/lib/python3.12/site-packages/airflow/example_dags/example_dag_decorator.py for tasks to queue
[2024-10-26T07:04:23.171+0000] {logging_mixin.py:190} INFO - [2024-10-26T07:04:23.170+0000] {dagbag.py:588} INFO - Filling up the DagBag from /home/airflow/.local/lib/python3.12/site-packages/airflow/example_dags/example_dag_decorator.py
[2024-10-26T07:04:23.177+0000] {processor.py:925} INFO - DAG(s) 'example_dag_decorator' retrieved from /home/airflow/.local/lib/python3.12/site-packages/airflow/example_dags/example_dag_decorator.py
[2024-10-26T07:04:23.244+0000] {logging_mixin.py:190} INFO - [2024-10-26T07:04:23.243+0000] {dag.py:3239} INFO - Sync 1 DAGs
[2024-10-26T07:04:23.251+0000] {logging_mixin.py:190} INFO - [2024-10-26T07:04:23.251+0000] {dag.py:4180} INFO - Setting next_dagrun for example_dag_decorator to None, run_after=None
[2024-10-26T07:04:23.264+0000] {processor.py:208} INFO - Processing /home/airflow/.local/lib/python3.12/site-packages/airflow/example_dags/example_dag_decorator.py took 0.098 seconds
[2024-10-26T07:04:53.417+0000] {processor.py:186} INFO - Started process (PID=75231) to work on /home/airflow/.local/lib/python3.12/site-packages/airflow/example_dags/example_dag_decorator.py
[2024-10-26T07:04:53.417+0000] {processor.py:914} INFO - Processing file /home/airflow/.local/lib/python3.12/site-packages/airflow/example_dags/example_dag_decorator.py for tasks to queue
[2024-10-26T07:04:53.418+0000] {logging_mixin.py:190} INFO - [2024-10-26T07:04:53.418+0000] {dagbag.py:588} INFO - Filling up the DagBag from /home/airflow/.local/lib/python3.12/site-packages/airflow/example_dags/example_dag_decorator.py
[2024-10-26T07:04:53.424+0000] {processor.py:925} INFO - DAG(s) 'example_dag_decorator' retrieved from /home/airflow/.local/lib/python3.12/site-packages/airflow/example_dags/example_dag_decorator.py
[2024-10-26T07:04:53.474+0000] {logging_mixin.py:190} INFO - [2024-10-26T07:04:53.473+0000] {dag.py:3239} INFO - Sync 1 DAGs
[2024-10-26T07:04:53.479+0000] {logging_mixin.py:190} INFO - [2024-10-26T07:04:53.479+0000] {dag.py:4180} INFO - Setting next_dagrun for example_dag_decorator to None, run_after=None
[2024-10-26T07:04:53.487+0000] {processor.py:208} INFO - Processing /home/airflow/.local/lib/python3.12/site-packages/airflow/example_dags/example_dag_decorator.py took 0.073 seconds
[2024-10-26T07:05:24.303+0000] {processor.py:186} INFO - Started process (PID=75525) to work on /home/airflow/.local/lib/python3.12/site-packages/airflow/example_dags/example_dag_decorator.py
[2024-10-26T07:05:24.305+0000] {processor.py:914} INFO - Processing file /home/airflow/.local/lib/python3.12/site-packages/airflow/example_dags/example_dag_decorator.py for tasks to queue
[2024-10-26T07:05:24.306+0000] {logging_mixin.py:190} INFO - [2024-10-26T07:05:24.306+0000] {dagbag.py:588} INFO - Filling up the DagBag from /home/airflow/.local/lib/python3.12/site-packages/airflow/example_dags/example_dag_decorator.py
[2024-10-26T07:05:24.319+0000] {processor.py:925} INFO - DAG(s) 'example_dag_decorator' retrieved from /home/airflow/.local/lib/python3.12/site-packages/airflow/example_dags/example_dag_decorator.py
[2024-10-26T07:05:24.420+0000] {logging_mixin.py:190} INFO - [2024-10-26T07:05:24.420+0000] {dag.py:3239} INFO - Sync 1 DAGs
[2024-10-26T07:05:24.428+0000] {logging_mixin.py:190} INFO - [2024-10-26T07:05:24.427+0000] {dag.py:4180} INFO - Setting next_dagrun for example_dag_decorator to None, run_after=None
[2024-10-26T07:05:24.440+0000] {processor.py:208} INFO - Processing /home/airflow/.local/lib/python3.12/site-packages/airflow/example_dags/example_dag_decorator.py took 0.141 seconds
[2024-10-26T07:05:55.188+0000] {processor.py:186} INFO - Started process (PID=75815) to work on /home/airflow/.local/lib/python3.12/site-packages/airflow/example_dags/example_dag_decorator.py
[2024-10-26T07:05:55.189+0000] {processor.py:914} INFO - Processing file /home/airflow/.local/lib/python3.12/site-packages/airflow/example_dags/example_dag_decorator.py for tasks to queue
[2024-10-26T07:05:55.189+0000] {logging_mixin.py:190} INFO - [2024-10-26T07:05:55.189+0000] {dagbag.py:588} INFO - Filling up the DagBag from /home/airflow/.local/lib/python3.12/site-packages/airflow/example_dags/example_dag_decorator.py
[2024-10-26T07:05:55.197+0000] {processor.py:925} INFO - DAG(s) 'example_dag_decorator' retrieved from /home/airflow/.local/lib/python3.12/site-packages/airflow/example_dags/example_dag_decorator.py
[2024-10-26T07:05:55.266+0000] {logging_mixin.py:190} INFO - [2024-10-26T07:05:55.266+0000] {dag.py:3239} INFO - Sync 1 DAGs
[2024-10-26T07:05:55.273+0000] {logging_mixin.py:190} INFO - [2024-10-26T07:05:55.273+0000] {dag.py:4180} INFO - Setting next_dagrun for example_dag_decorator to None, run_after=None
[2024-10-26T07:05:55.285+0000] {processor.py:208} INFO - Processing /home/airflow/.local/lib/python3.12/site-packages/airflow/example_dags/example_dag_decorator.py took 0.099 seconds
[2024-10-26T07:06:25.422+0000] {processor.py:186} INFO - Started process (PID=76106) to work on /home/airflow/.local/lib/python3.12/site-packages/airflow/example_dags/example_dag_decorator.py
[2024-10-26T07:06:25.422+0000] {processor.py:914} INFO - Processing file /home/airflow/.local/lib/python3.12/site-packages/airflow/example_dags/example_dag_decorator.py for tasks to queue
[2024-10-26T07:06:25.423+0000] {logging_mixin.py:190} INFO - [2024-10-26T07:06:25.423+0000] {dagbag.py:588} INFO - Filling up the DagBag from /home/airflow/.local/lib/python3.12/site-packages/airflow/example_dags/example_dag_decorator.py
[2024-10-26T07:06:25.430+0000] {processor.py:925} INFO - DAG(s) 'example_dag_decorator' retrieved from /home/airflow/.local/lib/python3.12/site-packages/airflow/example_dags/example_dag_decorator.py
[2024-10-26T07:06:25.495+0000] {logging_mixin.py:190} INFO - [2024-10-26T07:06:25.494+0000] {dag.py:3239} INFO - Sync 1 DAGs
[2024-10-26T07:06:25.502+0000] {logging_mixin.py:190} INFO - [2024-10-26T07:06:25.502+0000] {dag.py:4180} INFO - Setting next_dagrun for example_dag_decorator to None, run_after=None
[2024-10-26T07:06:25.512+0000] {processor.py:208} INFO - Processing /home/airflow/.local/lib/python3.12/site-packages/airflow/example_dags/example_dag_decorator.py took 0.097 seconds
[2024-10-26T07:06:55.982+0000] {processor.py:186} INFO - Started process (PID=76399) to work on /home/airflow/.local/lib/python3.12/site-packages/airflow/example_dags/example_dag_decorator.py
[2024-10-26T07:06:55.983+0000] {processor.py:914} INFO - Processing file /home/airflow/.local/lib/python3.12/site-packages/airflow/example_dags/example_dag_decorator.py for tasks to queue
[2024-10-26T07:06:55.984+0000] {logging_mixin.py:190} INFO - [2024-10-26T07:06:55.983+0000] {dagbag.py:588} INFO - Filling up the DagBag from /home/airflow/.local/lib/python3.12/site-packages/airflow/example_dags/example_dag_decorator.py
[2024-10-26T07:06:55.991+0000] {processor.py:925} INFO - DAG(s) 'example_dag_decorator' retrieved from /home/airflow/.local/lib/python3.12/site-packages/airflow/example_dags/example_dag_decorator.py
[2024-10-26T07:06:56.061+0000] {logging_mixin.py:190} INFO - [2024-10-26T07:06:56.061+0000] {dag.py:3239} INFO - Sync 1 DAGs
[2024-10-26T07:06:56.069+0000] {logging_mixin.py:190} INFO - [2024-10-26T07:06:56.069+0000] {dag.py:4180} INFO - Setting next_dagrun for example_dag_decorator to None, run_after=None
[2024-10-26T07:06:56.081+0000] {processor.py:208} INFO - Processing /home/airflow/.local/lib/python3.12/site-packages/airflow/example_dags/example_dag_decorator.py took 0.103 seconds
[2024-10-26T07:07:26.242+0000] {processor.py:186} INFO - Started process (PID=76688) to work on /home/airflow/.local/lib/python3.12/site-packages/airflow/example_dags/example_dag_decorator.py
[2024-10-26T07:07:26.242+0000] {processor.py:914} INFO - Processing file /home/airflow/.local/lib/python3.12/site-packages/airflow/example_dags/example_dag_decorator.py for tasks to queue
[2024-10-26T07:07:26.244+0000] {logging_mixin.py:190} INFO - [2024-10-26T07:07:26.244+0000] {dagbag.py:588} INFO - Filling up the DagBag from /home/airflow/.local/lib/python3.12/site-packages/airflow/example_dags/example_dag_decorator.py
[2024-10-26T07:07:26.253+0000] {processor.py:925} INFO - DAG(s) 'example_dag_decorator' retrieved from /home/airflow/.local/lib/python3.12/site-packages/airflow/example_dags/example_dag_decorator.py
[2024-10-26T07:07:26.314+0000] {logging_mixin.py:190} INFO - [2024-10-26T07:07:26.314+0000] {dag.py:3239} INFO - Sync 1 DAGs
[2024-10-26T07:07:26.324+0000] {logging_mixin.py:190} INFO - [2024-10-26T07:07:26.324+0000] {dag.py:4180} INFO - Setting next_dagrun for example_dag_decorator to None, run_after=None
[2024-10-26T07:07:26.336+0000] {processor.py:208} INFO - Processing /home/airflow/.local/lib/python3.12/site-packages/airflow/example_dags/example_dag_decorator.py took 0.098 seconds
[2024-10-26T07:07:56.999+0000] {processor.py:186} INFO - Started process (PID=76979) to work on /home/airflow/.local/lib/python3.12/site-packages/airflow/example_dags/example_dag_decorator.py
[2024-10-26T07:07:57.000+0000] {processor.py:914} INFO - Processing file /home/airflow/.local/lib/python3.12/site-packages/airflow/example_dags/example_dag_decorator.py for tasks to queue
[2024-10-26T07:07:57.001+0000] {logging_mixin.py:190} INFO - [2024-10-26T07:07:57.001+0000] {dagbag.py:588} INFO - Filling up the DagBag from /home/airflow/.local/lib/python3.12/site-packages/airflow/example_dags/example_dag_decorator.py
[2024-10-26T07:07:57.014+0000] {processor.py:925} INFO - DAG(s) 'example_dag_decorator' retrieved from /home/airflow/.local/lib/python3.12/site-packages/airflow/example_dags/example_dag_decorator.py
[2024-10-26T07:07:57.154+0000] {logging_mixin.py:190} INFO - [2024-10-26T07:07:57.154+0000] {dag.py:3239} INFO - Sync 1 DAGs
[2024-10-26T07:07:57.189+0000] {logging_mixin.py:190} INFO - [2024-10-26T07:07:57.189+0000] {dag.py:4180} INFO - Setting next_dagrun for example_dag_decorator to None, run_after=None
[2024-10-26T07:07:57.240+0000] {processor.py:208} INFO - Processing /home/airflow/.local/lib/python3.12/site-packages/airflow/example_dags/example_dag_decorator.py took 0.248 seconds
[2024-10-26T07:08:27.906+0000] {processor.py:186} INFO - Started process (PID=77265) to work on /home/airflow/.local/lib/python3.12/site-packages/airflow/example_dags/example_dag_decorator.py
[2024-10-26T07:08:27.907+0000] {processor.py:914} INFO - Processing file /home/airflow/.local/lib/python3.12/site-packages/airflow/example_dags/example_dag_decorator.py for tasks to queue
[2024-10-26T07:08:27.908+0000] {logging_mixin.py:190} INFO - [2024-10-26T07:08:27.908+0000] {dagbag.py:588} INFO - Filling up the DagBag from /home/airflow/.local/lib/python3.12/site-packages/airflow/example_dags/example_dag_decorator.py
[2024-10-26T07:08:27.915+0000] {processor.py:925} INFO - DAG(s) 'example_dag_decorator' retrieved from /home/airflow/.local/lib/python3.12/site-packages/airflow/example_dags/example_dag_decorator.py
[2024-10-26T07:08:27.980+0000] {logging_mixin.py:190} INFO - [2024-10-26T07:08:27.980+0000] {dag.py:3239} INFO - Sync 1 DAGs
[2024-10-26T07:08:28.099+0000] {logging_mixin.py:190} INFO - [2024-10-26T07:08:28.099+0000] {dag.py:4180} INFO - Setting next_dagrun for example_dag_decorator to None, run_after=None
[2024-10-26T07:08:28.119+0000] {processor.py:208} INFO - Processing /home/airflow/.local/lib/python3.12/site-packages/airflow/example_dags/example_dag_decorator.py took 0.217 seconds
[2024-10-26T07:08:59.215+0000] {processor.py:186} INFO - Started process (PID=77561) to work on /home/airflow/.local/lib/python3.12/site-packages/airflow/example_dags/example_dag_decorator.py
[2024-10-26T07:08:59.215+0000] {processor.py:914} INFO - Processing file /home/airflow/.local/lib/python3.12/site-packages/airflow/example_dags/example_dag_decorator.py for tasks to queue
[2024-10-26T07:08:59.216+0000] {logging_mixin.py:190} INFO - [2024-10-26T07:08:59.216+0000] {dagbag.py:588} INFO - Filling up the DagBag from /home/airflow/.local/lib/python3.12/site-packages/airflow/example_dags/example_dag_decorator.py
[2024-10-26T07:08:59.223+0000] {processor.py:925} INFO - DAG(s) 'example_dag_decorator' retrieved from /home/airflow/.local/lib/python3.12/site-packages/airflow/example_dags/example_dag_decorator.py
[2024-10-26T07:08:59.282+0000] {logging_mixin.py:190} INFO - [2024-10-26T07:08:59.282+0000] {dag.py:3239} INFO - Sync 1 DAGs
[2024-10-26T07:08:59.288+0000] {logging_mixin.py:190} INFO - [2024-10-26T07:08:59.288+0000] {dag.py:4180} INFO - Setting next_dagrun for example_dag_decorator to None, run_after=None
[2024-10-26T07:08:59.299+0000] {processor.py:208} INFO - Processing /home/airflow/.local/lib/python3.12/site-packages/airflow/example_dags/example_dag_decorator.py took 0.088 seconds
[2024-10-26T07:09:30.547+0000] {processor.py:186} INFO - Started process (PID=77857) to work on /home/airflow/.local/lib/python3.12/site-packages/airflow/example_dags/example_dag_decorator.py
[2024-10-26T07:09:30.547+0000] {processor.py:914} INFO - Processing file /home/airflow/.local/lib/python3.12/site-packages/airflow/example_dags/example_dag_decorator.py for tasks to queue
[2024-10-26T07:09:30.548+0000] {logging_mixin.py:190} INFO - [2024-10-26T07:09:30.548+0000] {dagbag.py:588} INFO - Filling up the DagBag from /home/airflow/.local/lib/python3.12/site-packages/airflow/example_dags/example_dag_decorator.py
[2024-10-26T07:09:30.554+0000] {processor.py:925} INFO - DAG(s) 'example_dag_decorator' retrieved from /home/airflow/.local/lib/python3.12/site-packages/airflow/example_dags/example_dag_decorator.py
[2024-10-26T07:09:30.619+0000] {logging_mixin.py:190} INFO - [2024-10-26T07:09:30.618+0000] {dag.py:3239} INFO - Sync 1 DAGs
[2024-10-26T07:09:30.626+0000] {logging_mixin.py:190} INFO - [2024-10-26T07:09:30.626+0000] {dag.py:4180} INFO - Setting next_dagrun for example_dag_decorator to None, run_after=None
[2024-10-26T07:09:30.636+0000] {processor.py:208} INFO - Processing /home/airflow/.local/lib/python3.12/site-packages/airflow/example_dags/example_dag_decorator.py took 0.094 seconds
[2024-10-26T07:10:01.721+0000] {processor.py:186} INFO - Started process (PID=78148) to work on /home/airflow/.local/lib/python3.12/site-packages/airflow/example_dags/example_dag_decorator.py
[2024-10-26T07:10:01.721+0000] {processor.py:914} INFO - Processing file /home/airflow/.local/lib/python3.12/site-packages/airflow/example_dags/example_dag_decorator.py for tasks to queue
[2024-10-26T07:10:01.722+0000] {logging_mixin.py:190} INFO - [2024-10-26T07:10:01.722+0000] {dagbag.py:588} INFO - Filling up the DagBag from /home/airflow/.local/lib/python3.12/site-packages/airflow/example_dags/example_dag_decorator.py
[2024-10-26T07:10:01.729+0000] {processor.py:925} INFO - DAG(s) 'example_dag_decorator' retrieved from /home/airflow/.local/lib/python3.12/site-packages/airflow/example_dags/example_dag_decorator.py
[2024-10-26T07:10:01.788+0000] {logging_mixin.py:190} INFO - [2024-10-26T07:10:01.788+0000] {dag.py:3239} INFO - Sync 1 DAGs
[2024-10-26T07:10:01.796+0000] {logging_mixin.py:190} INFO - [2024-10-26T07:10:01.796+0000] {dag.py:4180} INFO - Setting next_dagrun for example_dag_decorator to None, run_after=None
[2024-10-26T07:10:01.808+0000] {processor.py:208} INFO - Processing /home/airflow/.local/lib/python3.12/site-packages/airflow/example_dags/example_dag_decorator.py took 0.091 seconds
[2024-10-26T07:10:33.335+0000] {processor.py:186} INFO - Started process (PID=78445) to work on /home/airflow/.local/lib/python3.12/site-packages/airflow/example_dags/example_dag_decorator.py
[2024-10-26T07:10:33.336+0000] {processor.py:914} INFO - Processing file /home/airflow/.local/lib/python3.12/site-packages/airflow/example_dags/example_dag_decorator.py for tasks to queue
[2024-10-26T07:10:33.337+0000] {logging_mixin.py:190} INFO - [2024-10-26T07:10:33.337+0000] {dagbag.py:588} INFO - Filling up the DagBag from /home/airflow/.local/lib/python3.12/site-packages/airflow/example_dags/example_dag_decorator.py
[2024-10-26T07:10:33.345+0000] {processor.py:925} INFO - DAG(s) 'example_dag_decorator' retrieved from /home/airflow/.local/lib/python3.12/site-packages/airflow/example_dags/example_dag_decorator.py
[2024-10-26T07:10:33.568+0000] {logging_mixin.py:190} INFO - [2024-10-26T07:10:33.568+0000] {dag.py:3239} INFO - Sync 1 DAGs
[2024-10-26T07:10:33.575+0000] {logging_mixin.py:190} INFO - [2024-10-26T07:10:33.575+0000] {dag.py:4180} INFO - Setting next_dagrun for example_dag_decorator to None, run_after=None
[2024-10-26T07:10:33.590+0000] {processor.py:208} INFO - Processing /home/airflow/.local/lib/python3.12/site-packages/airflow/example_dags/example_dag_decorator.py took 0.260 seconds
[2024-10-26T07:11:04.697+0000] {processor.py:186} INFO - Started process (PID=78741) to work on /home/airflow/.local/lib/python3.12/site-packages/airflow/example_dags/example_dag_decorator.py
[2024-10-26T07:11:04.700+0000] {processor.py:914} INFO - Processing file /home/airflow/.local/lib/python3.12/site-packages/airflow/example_dags/example_dag_decorator.py for tasks to queue
[2024-10-26T07:11:04.701+0000] {logging_mixin.py:190} INFO - [2024-10-26T07:11:04.701+0000] {dagbag.py:588} INFO - Filling up the DagBag from /home/airflow/.local/lib/python3.12/site-packages/airflow/example_dags/example_dag_decorator.py
[2024-10-26T07:11:04.724+0000] {processor.py:925} INFO - DAG(s) 'example_dag_decorator' retrieved from /home/airflow/.local/lib/python3.12/site-packages/airflow/example_dags/example_dag_decorator.py
[2024-10-26T07:11:05.263+0000] {logging_mixin.py:190} INFO - [2024-10-26T07:11:05.263+0000] {dag.py:3239} INFO - Sync 1 DAGs
[2024-10-26T07:11:05.274+0000] {logging_mixin.py:190} INFO - [2024-10-26T07:11:05.274+0000] {dag.py:4180} INFO - Setting next_dagrun for example_dag_decorator to None, run_after=None
[2024-10-26T07:11:05.288+0000] {processor.py:208} INFO - Processing /home/airflow/.local/lib/python3.12/site-packages/airflow/example_dags/example_dag_decorator.py took 0.599 seconds
[2024-10-26T07:11:35.342+0000] {processor.py:186} INFO - Started process (PID=79044) to work on /home/airflow/.local/lib/python3.12/site-packages/airflow/example_dags/example_dag_decorator.py
[2024-10-26T07:11:35.343+0000] {processor.py:914} INFO - Processing file /home/airflow/.local/lib/python3.12/site-packages/airflow/example_dags/example_dag_decorator.py for tasks to queue
[2024-10-26T07:11:35.344+0000] {logging_mixin.py:190} INFO - [2024-10-26T07:11:35.344+0000] {dagbag.py:588} INFO - Filling up the DagBag from /home/airflow/.local/lib/python3.12/site-packages/airflow/example_dags/example_dag_decorator.py
[2024-10-26T07:11:35.353+0000] {processor.py:925} INFO - DAG(s) 'example_dag_decorator' retrieved from /home/airflow/.local/lib/python3.12/site-packages/airflow/example_dags/example_dag_decorator.py
[2024-10-26T07:11:35.447+0000] {logging_mixin.py:190} INFO - [2024-10-26T07:11:35.447+0000] {dag.py:3239} INFO - Sync 1 DAGs
[2024-10-26T07:11:35.607+0000] {logging_mixin.py:190} INFO - [2024-10-26T07:11:35.607+0000] {dag.py:4180} INFO - Setting next_dagrun for example_dag_decorator to None, run_after=None
[2024-10-26T07:11:35.622+0000] {processor.py:208} INFO - Processing /home/airflow/.local/lib/python3.12/site-packages/airflow/example_dags/example_dag_decorator.py took 0.287 seconds
[2024-10-26T07:12:05.947+0000] {processor.py:186} INFO - Started process (PID=79328) to work on /home/airflow/.local/lib/python3.12/site-packages/airflow/example_dags/example_dag_decorator.py
[2024-10-26T07:12:05.949+0000] {processor.py:914} INFO - Processing file /home/airflow/.local/lib/python3.12/site-packages/airflow/example_dags/example_dag_decorator.py for tasks to queue
[2024-10-26T07:12:05.950+0000] {logging_mixin.py:190} INFO - [2024-10-26T07:12:05.949+0000] {dagbag.py:588} INFO - Filling up the DagBag from /home/airflow/.local/lib/python3.12/site-packages/airflow/example_dags/example_dag_decorator.py
[2024-10-26T07:12:05.955+0000] {processor.py:925} INFO - DAG(s) 'example_dag_decorator' retrieved from /home/airflow/.local/lib/python3.12/site-packages/airflow/example_dags/example_dag_decorator.py
[2024-10-26T07:12:06.124+0000] {logging_mixin.py:190} INFO - [2024-10-26T07:12:06.124+0000] {dag.py:3239} INFO - Sync 1 DAGs
[2024-10-26T07:12:06.129+0000] {logging_mixin.py:190} INFO - [2024-10-26T07:12:06.129+0000] {dag.py:4180} INFO - Setting next_dagrun for example_dag_decorator to None, run_after=None
[2024-10-26T07:12:06.144+0000] {processor.py:208} INFO - Processing /home/airflow/.local/lib/python3.12/site-packages/airflow/example_dags/example_dag_decorator.py took 0.203 seconds
[2024-10-26T07:12:37.028+0000] {processor.py:186} INFO - Started process (PID=79614) to work on /home/airflow/.local/lib/python3.12/site-packages/airflow/example_dags/example_dag_decorator.py
[2024-10-26T07:12:37.028+0000] {processor.py:914} INFO - Processing file /home/airflow/.local/lib/python3.12/site-packages/airflow/example_dags/example_dag_decorator.py for tasks to queue
[2024-10-26T07:12:37.029+0000] {logging_mixin.py:190} INFO - [2024-10-26T07:12:37.029+0000] {dagbag.py:588} INFO - Filling up the DagBag from /home/airflow/.local/lib/python3.12/site-packages/airflow/example_dags/example_dag_decorator.py
[2024-10-26T07:12:37.035+0000] {processor.py:925} INFO - DAG(s) 'example_dag_decorator' retrieved from /home/airflow/.local/lib/python3.12/site-packages/airflow/example_dags/example_dag_decorator.py
[2024-10-26T07:12:37.213+0000] {logging_mixin.py:190} INFO - [2024-10-26T07:12:37.212+0000] {dag.py:3239} INFO - Sync 1 DAGs
[2024-10-26T07:12:37.218+0000] {logging_mixin.py:190} INFO - [2024-10-26T07:12:37.218+0000] {dag.py:4180} INFO - Setting next_dagrun for example_dag_decorator to None, run_after=None
[2024-10-26T07:12:37.232+0000] {processor.py:208} INFO - Processing /home/airflow/.local/lib/python3.12/site-packages/airflow/example_dags/example_dag_decorator.py took 0.207 seconds
[2024-10-26T07:13:08.072+0000] {processor.py:186} INFO - Started process (PID=79904) to work on /home/airflow/.local/lib/python3.12/site-packages/airflow/example_dags/example_dag_decorator.py
[2024-10-26T07:13:08.073+0000] {processor.py:914} INFO - Processing file /home/airflow/.local/lib/python3.12/site-packages/airflow/example_dags/example_dag_decorator.py for tasks to queue
[2024-10-26T07:13:08.074+0000] {logging_mixin.py:190} INFO - [2024-10-26T07:13:08.074+0000] {dagbag.py:588} INFO - Filling up the DagBag from /home/airflow/.local/lib/python3.12/site-packages/airflow/example_dags/example_dag_decorator.py
[2024-10-26T07:13:08.081+0000] {processor.py:925} INFO - DAG(s) 'example_dag_decorator' retrieved from /home/airflow/.local/lib/python3.12/site-packages/airflow/example_dags/example_dag_decorator.py
[2024-10-26T07:13:08.279+0000] {logging_mixin.py:190} INFO - [2024-10-26T07:13:08.279+0000] {dag.py:3239} INFO - Sync 1 DAGs
[2024-10-26T07:13:08.286+0000] {logging_mixin.py:190} INFO - [2024-10-26T07:13:08.286+0000] {dag.py:4180} INFO - Setting next_dagrun for example_dag_decorator to None, run_after=None
[2024-10-26T07:13:08.302+0000] {processor.py:208} INFO - Processing /home/airflow/.local/lib/python3.12/site-packages/airflow/example_dags/example_dag_decorator.py took 0.234 seconds
[2024-10-26T07:13:39.006+0000] {processor.py:186} INFO - Started process (PID=80195) to work on /home/airflow/.local/lib/python3.12/site-packages/airflow/example_dags/example_dag_decorator.py
[2024-10-26T07:13:39.006+0000] {processor.py:914} INFO - Processing file /home/airflow/.local/lib/python3.12/site-packages/airflow/example_dags/example_dag_decorator.py for tasks to queue
[2024-10-26T07:13:39.007+0000] {logging_mixin.py:190} INFO - [2024-10-26T07:13:39.007+0000] {dagbag.py:588} INFO - Filling up the DagBag from /home/airflow/.local/lib/python3.12/site-packages/airflow/example_dags/example_dag_decorator.py
[2024-10-26T07:13:39.014+0000] {processor.py:925} INFO - DAG(s) 'example_dag_decorator' retrieved from /home/airflow/.local/lib/python3.12/site-packages/airflow/example_dags/example_dag_decorator.py
[2024-10-26T07:13:39.188+0000] {logging_mixin.py:190} INFO - [2024-10-26T07:13:39.188+0000] {dag.py:3239} INFO - Sync 1 DAGs
[2024-10-26T07:13:39.194+0000] {logging_mixin.py:190} INFO - [2024-10-26T07:13:39.193+0000] {dag.py:4180} INFO - Setting next_dagrun for example_dag_decorator to None, run_after=None
[2024-10-26T07:13:39.203+0000] {processor.py:208} INFO - Processing /home/airflow/.local/lib/python3.12/site-packages/airflow/example_dags/example_dag_decorator.py took 0.202 seconds
[2024-10-26T07:14:09.831+0000] {processor.py:186} INFO - Started process (PID=80486) to work on /home/airflow/.local/lib/python3.12/site-packages/airflow/example_dags/example_dag_decorator.py
[2024-10-26T07:14:09.832+0000] {processor.py:914} INFO - Processing file /home/airflow/.local/lib/python3.12/site-packages/airflow/example_dags/example_dag_decorator.py for tasks to queue
[2024-10-26T07:14:09.832+0000] {logging_mixin.py:190} INFO - [2024-10-26T07:14:09.832+0000] {dagbag.py:588} INFO - Filling up the DagBag from /home/airflow/.local/lib/python3.12/site-packages/airflow/example_dags/example_dag_decorator.py
[2024-10-26T07:14:09.838+0000] {processor.py:925} INFO - DAG(s) 'example_dag_decorator' retrieved from /home/airflow/.local/lib/python3.12/site-packages/airflow/example_dags/example_dag_decorator.py
[2024-10-26T07:14:09.997+0000] {logging_mixin.py:190} INFO - [2024-10-26T07:14:09.996+0000] {dag.py:3239} INFO - Sync 1 DAGs
[2024-10-26T07:14:10.003+0000] {logging_mixin.py:190} INFO - [2024-10-26T07:14:10.003+0000] {dag.py:4180} INFO - Setting next_dagrun for example_dag_decorator to None, run_after=None
[2024-10-26T07:14:10.015+0000] {processor.py:208} INFO - Processing /home/airflow/.local/lib/python3.12/site-packages/airflow/example_dags/example_dag_decorator.py took 0.187 seconds
[2024-10-26T07:14:41.274+0000] {processor.py:186} INFO - Started process (PID=80777) to work on /home/airflow/.local/lib/python3.12/site-packages/airflow/example_dags/example_dag_decorator.py
[2024-10-26T07:14:41.275+0000] {processor.py:914} INFO - Processing file /home/airflow/.local/lib/python3.12/site-packages/airflow/example_dags/example_dag_decorator.py for tasks to queue
[2024-10-26T07:14:41.275+0000] {logging_mixin.py:190} INFO - [2024-10-26T07:14:41.275+0000] {dagbag.py:588} INFO - Filling up the DagBag from /home/airflow/.local/lib/python3.12/site-packages/airflow/example_dags/example_dag_decorator.py
[2024-10-26T07:14:41.286+0000] {processor.py:925} INFO - DAG(s) 'example_dag_decorator' retrieved from /home/airflow/.local/lib/python3.12/site-packages/airflow/example_dags/example_dag_decorator.py
[2024-10-26T07:14:41.500+0000] {logging_mixin.py:190} INFO - [2024-10-26T07:14:41.499+0000] {dag.py:3239} INFO - Sync 1 DAGs
[2024-10-26T07:14:41.509+0000] {logging_mixin.py:190} INFO - [2024-10-26T07:14:41.509+0000] {dag.py:4180} INFO - Setting next_dagrun for example_dag_decorator to None, run_after=None
[2024-10-26T07:14:41.521+0000] {processor.py:208} INFO - Processing /home/airflow/.local/lib/python3.12/site-packages/airflow/example_dags/example_dag_decorator.py took 0.252 seconds
[2024-10-26T07:15:11.899+0000] {processor.py:186} INFO - Started process (PID=81075) to work on /home/airflow/.local/lib/python3.12/site-packages/airflow/example_dags/example_dag_decorator.py
[2024-10-26T07:15:11.899+0000] {processor.py:914} INFO - Processing file /home/airflow/.local/lib/python3.12/site-packages/airflow/example_dags/example_dag_decorator.py for tasks to queue
[2024-10-26T07:15:11.900+0000] {logging_mixin.py:190} INFO - [2024-10-26T07:15:11.900+0000] {dagbag.py:588} INFO - Filling up the DagBag from /home/airflow/.local/lib/python3.12/site-packages/airflow/example_dags/example_dag_decorator.py
[2024-10-26T07:15:11.905+0000] {processor.py:925} INFO - DAG(s) 'example_dag_decorator' retrieved from /home/airflow/.local/lib/python3.12/site-packages/airflow/example_dags/example_dag_decorator.py
[2024-10-26T07:15:11.975+0000] {logging_mixin.py:190} INFO - [2024-10-26T07:15:11.975+0000] {dag.py:3239} INFO - Sync 1 DAGs
[2024-10-26T07:15:11.982+0000] {logging_mixin.py:190} INFO - [2024-10-26T07:15:11.981+0000] {dag.py:4180} INFO - Setting next_dagrun for example_dag_decorator to None, run_after=None
[2024-10-26T07:15:11.993+0000] {processor.py:208} INFO - Processing /home/airflow/.local/lib/python3.12/site-packages/airflow/example_dags/example_dag_decorator.py took 0.098 seconds
[2024-10-26T07:15:42.320+0000] {processor.py:186} INFO - Started process (PID=81359) to work on /home/airflow/.local/lib/python3.12/site-packages/airflow/example_dags/example_dag_decorator.py
[2024-10-26T07:15:42.321+0000] {processor.py:914} INFO - Processing file /home/airflow/.local/lib/python3.12/site-packages/airflow/example_dags/example_dag_decorator.py for tasks to queue
[2024-10-26T07:15:42.323+0000] {logging_mixin.py:190} INFO - [2024-10-26T07:15:42.323+0000] {dagbag.py:588} INFO - Filling up the DagBag from /home/airflow/.local/lib/python3.12/site-packages/airflow/example_dags/example_dag_decorator.py
[2024-10-26T07:15:42.332+0000] {processor.py:925} INFO - DAG(s) 'example_dag_decorator' retrieved from /home/airflow/.local/lib/python3.12/site-packages/airflow/example_dags/example_dag_decorator.py
[2024-10-26T07:15:42.404+0000] {logging_mixin.py:190} INFO - [2024-10-26T07:15:42.404+0000] {dag.py:3239} INFO - Sync 1 DAGs
[2024-10-26T07:15:42.411+0000] {logging_mixin.py:190} INFO - [2024-10-26T07:15:42.410+0000] {dag.py:4180} INFO - Setting next_dagrun for example_dag_decorator to None, run_after=None
[2024-10-26T07:15:42.422+0000] {processor.py:208} INFO - Processing /home/airflow/.local/lib/python3.12/site-packages/airflow/example_dags/example_dag_decorator.py took 0.105 seconds
[2024-10-26T07:16:13.309+0000] {processor.py:186} INFO - Started process (PID=81650) to work on /home/airflow/.local/lib/python3.12/site-packages/airflow/example_dags/example_dag_decorator.py
[2024-10-26T07:16:13.310+0000] {processor.py:914} INFO - Processing file /home/airflow/.local/lib/python3.12/site-packages/airflow/example_dags/example_dag_decorator.py for tasks to queue
[2024-10-26T07:16:13.311+0000] {logging_mixin.py:190} INFO - [2024-10-26T07:16:13.311+0000] {dagbag.py:588} INFO - Filling up the DagBag from /home/airflow/.local/lib/python3.12/site-packages/airflow/example_dags/example_dag_decorator.py
[2024-10-26T07:16:13.318+0000] {processor.py:925} INFO - DAG(s) 'example_dag_decorator' retrieved from /home/airflow/.local/lib/python3.12/site-packages/airflow/example_dags/example_dag_decorator.py
[2024-10-26T07:16:13.391+0000] {logging_mixin.py:190} INFO - [2024-10-26T07:16:13.391+0000] {dag.py:3239} INFO - Sync 1 DAGs
[2024-10-26T07:16:13.397+0000] {logging_mixin.py:190} INFO - [2024-10-26T07:16:13.397+0000] {dag.py:4180} INFO - Setting next_dagrun for example_dag_decorator to None, run_after=None
[2024-10-26T07:16:13.410+0000] {processor.py:208} INFO - Processing /home/airflow/.local/lib/python3.12/site-packages/airflow/example_dags/example_dag_decorator.py took 0.104 seconds
[2024-10-26T07:16:43.710+0000] {processor.py:186} INFO - Started process (PID=81941) to work on /home/airflow/.local/lib/python3.12/site-packages/airflow/example_dags/example_dag_decorator.py
[2024-10-26T07:16:43.711+0000] {processor.py:914} INFO - Processing file /home/airflow/.local/lib/python3.12/site-packages/airflow/example_dags/example_dag_decorator.py for tasks to queue
[2024-10-26T07:16:43.712+0000] {logging_mixin.py:190} INFO - [2024-10-26T07:16:43.712+0000] {dagbag.py:588} INFO - Filling up the DagBag from /home/airflow/.local/lib/python3.12/site-packages/airflow/example_dags/example_dag_decorator.py
[2024-10-26T07:16:43.718+0000] {processor.py:925} INFO - DAG(s) 'example_dag_decorator' retrieved from /home/airflow/.local/lib/python3.12/site-packages/airflow/example_dags/example_dag_decorator.py
[2024-10-26T07:16:43.789+0000] {logging_mixin.py:190} INFO - [2024-10-26T07:16:43.788+0000] {dag.py:3239} INFO - Sync 1 DAGs
[2024-10-26T07:16:43.795+0000] {logging_mixin.py:190} INFO - [2024-10-26T07:16:43.795+0000] {dag.py:4180} INFO - Setting next_dagrun for example_dag_decorator to None, run_after=None
[2024-10-26T07:16:43.805+0000] {processor.py:208} INFO - Processing /home/airflow/.local/lib/python3.12/site-packages/airflow/example_dags/example_dag_decorator.py took 0.099 seconds
[2024-10-26T07:17:14.363+0000] {processor.py:186} INFO - Started process (PID=82231) to work on /home/airflow/.local/lib/python3.12/site-packages/airflow/example_dags/example_dag_decorator.py
[2024-10-26T07:17:14.364+0000] {processor.py:914} INFO - Processing file /home/airflow/.local/lib/python3.12/site-packages/airflow/example_dags/example_dag_decorator.py for tasks to queue
[2024-10-26T07:17:14.366+0000] {logging_mixin.py:190} INFO - [2024-10-26T07:17:14.366+0000] {dagbag.py:588} INFO - Filling up the DagBag from /home/airflow/.local/lib/python3.12/site-packages/airflow/example_dags/example_dag_decorator.py
[2024-10-26T07:17:14.372+0000] {processor.py:925} INFO - DAG(s) 'example_dag_decorator' retrieved from /home/airflow/.local/lib/python3.12/site-packages/airflow/example_dags/example_dag_decorator.py
[2024-10-26T07:17:14.387+0000] {logging_mixin.py:190} INFO - [2024-10-26T07:17:14.386+0000] {dag.py:3239} INFO - Sync 1 DAGs
[2024-10-26T07:17:14.393+0000] {logging_mixin.py:190} INFO - [2024-10-26T07:17:14.393+0000] {dag.py:4180} INFO - Setting next_dagrun for example_dag_decorator to None, run_after=None
[2024-10-26T07:17:14.404+0000] {processor.py:208} INFO - Processing /home/airflow/.local/lib/python3.12/site-packages/airflow/example_dags/example_dag_decorator.py took 0.044 seconds
[2024-10-26T07:17:45.446+0000] {processor.py:186} INFO - Started process (PID=82522) to work on /home/airflow/.local/lib/python3.12/site-packages/airflow/example_dags/example_dag_decorator.py
[2024-10-26T07:17:45.458+0000] {processor.py:914} INFO - Processing file /home/airflow/.local/lib/python3.12/site-packages/airflow/example_dags/example_dag_decorator.py for tasks to queue
[2024-10-26T07:17:45.458+0000] {logging_mixin.py:190} INFO - [2024-10-26T07:17:45.458+0000] {dagbag.py:588} INFO - Filling up the DagBag from /home/airflow/.local/lib/python3.12/site-packages/airflow/example_dags/example_dag_decorator.py
[2024-10-26T07:17:45.468+0000] {processor.py:925} INFO - DAG(s) 'example_dag_decorator' retrieved from /home/airflow/.local/lib/python3.12/site-packages/airflow/example_dags/example_dag_decorator.py
[2024-10-26T07:17:45.555+0000] {logging_mixin.py:190} INFO - [2024-10-26T07:17:45.555+0000] {dag.py:3239} INFO - Sync 1 DAGs
[2024-10-26T07:17:45.565+0000] {logging_mixin.py:190} INFO - [2024-10-26T07:17:45.565+0000] {dag.py:4180} INFO - Setting next_dagrun for example_dag_decorator to None, run_after=None
[2024-10-26T07:17:45.576+0000] {processor.py:208} INFO - Processing /home/airflow/.local/lib/python3.12/site-packages/airflow/example_dags/example_dag_decorator.py took 0.133 seconds
[2024-10-26T07:18:16.657+0000] {processor.py:186} INFO - Started process (PID=82813) to work on /home/airflow/.local/lib/python3.12/site-packages/airflow/example_dags/example_dag_decorator.py
[2024-10-26T07:18:16.658+0000] {processor.py:914} INFO - Processing file /home/airflow/.local/lib/python3.12/site-packages/airflow/example_dags/example_dag_decorator.py for tasks to queue
[2024-10-26T07:18:16.659+0000] {logging_mixin.py:190} INFO - [2024-10-26T07:18:16.659+0000] {dagbag.py:588} INFO - Filling up the DagBag from /home/airflow/.local/lib/python3.12/site-packages/airflow/example_dags/example_dag_decorator.py
[2024-10-26T07:18:16.669+0000] {processor.py:925} INFO - DAG(s) 'example_dag_decorator' retrieved from /home/airflow/.local/lib/python3.12/site-packages/airflow/example_dags/example_dag_decorator.py
[2024-10-26T07:18:16.757+0000] {logging_mixin.py:190} INFO - [2024-10-26T07:18:16.757+0000] {dag.py:3239} INFO - Sync 1 DAGs
[2024-10-26T07:18:16.764+0000] {logging_mixin.py:190} INFO - [2024-10-26T07:18:16.764+0000] {dag.py:4180} INFO - Setting next_dagrun for example_dag_decorator to None, run_after=None
[2024-10-26T07:18:16.779+0000] {processor.py:208} INFO - Processing /home/airflow/.local/lib/python3.12/site-packages/airflow/example_dags/example_dag_decorator.py took 0.125 seconds
[2024-10-26T07:18:47.888+0000] {processor.py:186} INFO - Started process (PID=83104) to work on /home/airflow/.local/lib/python3.12/site-packages/airflow/example_dags/example_dag_decorator.py
[2024-10-26T07:18:47.889+0000] {processor.py:914} INFO - Processing file /home/airflow/.local/lib/python3.12/site-packages/airflow/example_dags/example_dag_decorator.py for tasks to queue
[2024-10-26T07:18:47.889+0000] {logging_mixin.py:190} INFO - [2024-10-26T07:18:47.889+0000] {dagbag.py:588} INFO - Filling up the DagBag from /home/airflow/.local/lib/python3.12/site-packages/airflow/example_dags/example_dag_decorator.py
[2024-10-26T07:18:47.900+0000] {processor.py:925} INFO - DAG(s) 'example_dag_decorator' retrieved from /home/airflow/.local/lib/python3.12/site-packages/airflow/example_dags/example_dag_decorator.py
[2024-10-26T07:18:47.971+0000] {logging_mixin.py:190} INFO - [2024-10-26T07:18:47.971+0000] {dag.py:3239} INFO - Sync 1 DAGs
[2024-10-26T07:18:47.979+0000] {logging_mixin.py:190} INFO - [2024-10-26T07:18:47.979+0000] {dag.py:4180} INFO - Setting next_dagrun for example_dag_decorator to None, run_after=None
[2024-10-26T07:18:47.988+0000] {processor.py:208} INFO - Processing /home/airflow/.local/lib/python3.12/site-packages/airflow/example_dags/example_dag_decorator.py took 0.103 seconds
[2024-10-26T07:19:18.254+0000] {processor.py:186} INFO - Started process (PID=83394) to work on /home/airflow/.local/lib/python3.12/site-packages/airflow/example_dags/example_dag_decorator.py
[2024-10-26T07:19:18.255+0000] {processor.py:914} INFO - Processing file /home/airflow/.local/lib/python3.12/site-packages/airflow/example_dags/example_dag_decorator.py for tasks to queue
[2024-10-26T07:19:18.256+0000] {logging_mixin.py:190} INFO - [2024-10-26T07:19:18.255+0000] {dagbag.py:588} INFO - Filling up the DagBag from /home/airflow/.local/lib/python3.12/site-packages/airflow/example_dags/example_dag_decorator.py
[2024-10-26T07:19:18.262+0000] {processor.py:925} INFO - DAG(s) 'example_dag_decorator' retrieved from /home/airflow/.local/lib/python3.12/site-packages/airflow/example_dags/example_dag_decorator.py
[2024-10-26T07:19:18.350+0000] {logging_mixin.py:190} INFO - [2024-10-26T07:19:18.350+0000] {dag.py:3239} INFO - Sync 1 DAGs
[2024-10-26T07:19:18.358+0000] {logging_mixin.py:190} INFO - [2024-10-26T07:19:18.358+0000] {dag.py:4180} INFO - Setting next_dagrun for example_dag_decorator to None, run_after=None
[2024-10-26T07:19:18.370+0000] {processor.py:208} INFO - Processing /home/airflow/.local/lib/python3.12/site-packages/airflow/example_dags/example_dag_decorator.py took 0.119 seconds
[2024-10-26T07:19:49.554+0000] {processor.py:186} INFO - Started process (PID=83685) to work on /home/airflow/.local/lib/python3.12/site-packages/airflow/example_dags/example_dag_decorator.py
[2024-10-26T07:19:49.555+0000] {processor.py:914} INFO - Processing file /home/airflow/.local/lib/python3.12/site-packages/airflow/example_dags/example_dag_decorator.py for tasks to queue
[2024-10-26T07:19:49.556+0000] {logging_mixin.py:190} INFO - [2024-10-26T07:19:49.555+0000] {dagbag.py:588} INFO - Filling up the DagBag from /home/airflow/.local/lib/python3.12/site-packages/airflow/example_dags/example_dag_decorator.py
[2024-10-26T07:19:49.563+0000] {processor.py:925} INFO - DAG(s) 'example_dag_decorator' retrieved from /home/airflow/.local/lib/python3.12/site-packages/airflow/example_dags/example_dag_decorator.py
[2024-10-26T07:19:49.694+0000] {logging_mixin.py:190} INFO - [2024-10-26T07:19:49.693+0000] {dag.py:3239} INFO - Sync 1 DAGs
[2024-10-26T07:19:49.722+0000] {logging_mixin.py:190} INFO - [2024-10-26T07:19:49.722+0000] {dag.py:4180} INFO - Setting next_dagrun for example_dag_decorator to None, run_after=None
[2024-10-26T07:19:49.771+0000] {processor.py:208} INFO - Processing /home/airflow/.local/lib/python3.12/site-packages/airflow/example_dags/example_dag_decorator.py took 0.220 seconds
[2024-10-26T07:20:20.449+0000] {processor.py:186} INFO - Started process (PID=83976) to work on /home/airflow/.local/lib/python3.12/site-packages/airflow/example_dags/example_dag_decorator.py
[2024-10-26T07:20:20.452+0000] {processor.py:914} INFO - Processing file /home/airflow/.local/lib/python3.12/site-packages/airflow/example_dags/example_dag_decorator.py for tasks to queue
[2024-10-26T07:20:20.453+0000] {logging_mixin.py:190} INFO - [2024-10-26T07:20:20.453+0000] {dagbag.py:588} INFO - Filling up the DagBag from /home/airflow/.local/lib/python3.12/site-packages/airflow/example_dags/example_dag_decorator.py
[2024-10-26T07:20:20.460+0000] {processor.py:925} INFO - DAG(s) 'example_dag_decorator' retrieved from /home/airflow/.local/lib/python3.12/site-packages/airflow/example_dags/example_dag_decorator.py
[2024-10-26T07:20:20.547+0000] {logging_mixin.py:190} INFO - [2024-10-26T07:20:20.546+0000] {dag.py:3239} INFO - Sync 1 DAGs
[2024-10-26T07:20:20.555+0000] {logging_mixin.py:190} INFO - [2024-10-26T07:20:20.555+0000] {dag.py:4180} INFO - Setting next_dagrun for example_dag_decorator to None, run_after=None
[2024-10-26T07:20:20.566+0000] {processor.py:208} INFO - Processing /home/airflow/.local/lib/python3.12/site-packages/airflow/example_dags/example_dag_decorator.py took 0.122 seconds
[2024-10-26T07:20:51.538+0000] {processor.py:186} INFO - Started process (PID=84267) to work on /home/airflow/.local/lib/python3.12/site-packages/airflow/example_dags/example_dag_decorator.py
[2024-10-26T07:20:51.538+0000] {processor.py:914} INFO - Processing file /home/airflow/.local/lib/python3.12/site-packages/airflow/example_dags/example_dag_decorator.py for tasks to queue
[2024-10-26T07:20:51.539+0000] {logging_mixin.py:190} INFO - [2024-10-26T07:20:51.539+0000] {dagbag.py:588} INFO - Filling up the DagBag from /home/airflow/.local/lib/python3.12/site-packages/airflow/example_dags/example_dag_decorator.py
[2024-10-26T07:20:51.547+0000] {processor.py:925} INFO - DAG(s) 'example_dag_decorator' retrieved from /home/airflow/.local/lib/python3.12/site-packages/airflow/example_dags/example_dag_decorator.py
[2024-10-26T07:20:51.628+0000] {logging_mixin.py:190} INFO - [2024-10-26T07:20:51.628+0000] {dag.py:3239} INFO - Sync 1 DAGs
[2024-10-26T07:20:51.636+0000] {logging_mixin.py:190} INFO - [2024-10-26T07:20:51.636+0000] {dag.py:4180} INFO - Setting next_dagrun for example_dag_decorator to None, run_after=None
[2024-10-26T07:20:51.649+0000] {processor.py:208} INFO - Processing /home/airflow/.local/lib/python3.12/site-packages/airflow/example_dags/example_dag_decorator.py took 0.116 seconds
[2024-10-26T07:21:22.316+0000] {processor.py:186} INFO - Started process (PID=84558) to work on /home/airflow/.local/lib/python3.12/site-packages/airflow/example_dags/example_dag_decorator.py
[2024-10-26T07:21:22.318+0000] {processor.py:914} INFO - Processing file /home/airflow/.local/lib/python3.12/site-packages/airflow/example_dags/example_dag_decorator.py for tasks to queue
[2024-10-26T07:21:22.320+0000] {logging_mixin.py:190} INFO - [2024-10-26T07:21:22.319+0000] {dagbag.py:588} INFO - Filling up the DagBag from /home/airflow/.local/lib/python3.12/site-packages/airflow/example_dags/example_dag_decorator.py
[2024-10-26T07:21:22.329+0000] {processor.py:925} INFO - DAG(s) 'example_dag_decorator' retrieved from /home/airflow/.local/lib/python3.12/site-packages/airflow/example_dags/example_dag_decorator.py
[2024-10-26T07:21:22.413+0000] {logging_mixin.py:190} INFO - [2024-10-26T07:21:22.413+0000] {dag.py:3239} INFO - Sync 1 DAGs
[2024-10-26T07:21:22.420+0000] {logging_mixin.py:190} INFO - [2024-10-26T07:21:22.420+0000] {dag.py:4180} INFO - Setting next_dagrun for example_dag_decorator to None, run_after=None
[2024-10-26T07:21:22.430+0000] {processor.py:208} INFO - Processing /home/airflow/.local/lib/python3.12/site-packages/airflow/example_dags/example_dag_decorator.py took 0.119 seconds
[2024-10-26T07:21:53.517+0000] {processor.py:186} INFO - Started process (PID=84849) to work on /home/airflow/.local/lib/python3.12/site-packages/airflow/example_dags/example_dag_decorator.py
[2024-10-26T07:21:53.526+0000] {processor.py:914} INFO - Processing file /home/airflow/.local/lib/python3.12/site-packages/airflow/example_dags/example_dag_decorator.py for tasks to queue
[2024-10-26T07:21:53.530+0000] {logging_mixin.py:190} INFO - [2024-10-26T07:21:53.529+0000] {dagbag.py:588} INFO - Filling up the DagBag from /home/airflow/.local/lib/python3.12/site-packages/airflow/example_dags/example_dag_decorator.py
[2024-10-26T07:21:53.573+0000] {processor.py:925} INFO - DAG(s) 'example_dag_decorator' retrieved from /home/airflow/.local/lib/python3.12/site-packages/airflow/example_dags/example_dag_decorator.py
[2024-10-26T07:21:53.645+0000] {logging_mixin.py:190} INFO - [2024-10-26T07:21:53.644+0000] {dag.py:3239} INFO - Sync 1 DAGs
[2024-10-26T07:21:53.680+0000] {logging_mixin.py:190} INFO - [2024-10-26T07:21:53.680+0000] {dag.py:4180} INFO - Setting next_dagrun for example_dag_decorator to None, run_after=None
[2024-10-26T07:21:53.716+0000] {processor.py:208} INFO - Processing /home/airflow/.local/lib/python3.12/site-packages/airflow/example_dags/example_dag_decorator.py took 0.233 seconds
[2024-10-26T07:22:24.072+0000] {processor.py:186} INFO - Started process (PID=85140) to work on /home/airflow/.local/lib/python3.12/site-packages/airflow/example_dags/example_dag_decorator.py
[2024-10-26T07:22:24.072+0000] {processor.py:914} INFO - Processing file /home/airflow/.local/lib/python3.12/site-packages/airflow/example_dags/example_dag_decorator.py for tasks to queue
[2024-10-26T07:22:24.073+0000] {logging_mixin.py:190} INFO - [2024-10-26T07:22:24.073+0000] {dagbag.py:588} INFO - Filling up the DagBag from /home/airflow/.local/lib/python3.12/site-packages/airflow/example_dags/example_dag_decorator.py
[2024-10-26T07:22:24.083+0000] {processor.py:925} INFO - DAG(s) 'example_dag_decorator' retrieved from /home/airflow/.local/lib/python3.12/site-packages/airflow/example_dags/example_dag_decorator.py
[2024-10-26T07:22:24.167+0000] {logging_mixin.py:190} INFO - [2024-10-26T07:22:24.167+0000] {dag.py:3239} INFO - Sync 1 DAGs
[2024-10-26T07:22:24.176+0000] {logging_mixin.py:190} INFO - [2024-10-26T07:22:24.176+0000] {dag.py:4180} INFO - Setting next_dagrun for example_dag_decorator to None, run_after=None
[2024-10-26T07:22:24.188+0000] {processor.py:208} INFO - Processing /home/airflow/.local/lib/python3.12/site-packages/airflow/example_dags/example_dag_decorator.py took 0.119 seconds
[2024-10-26T07:22:54.833+0000] {processor.py:186} INFO - Started process (PID=85431) to work on /home/airflow/.local/lib/python3.12/site-packages/airflow/example_dags/example_dag_decorator.py
[2024-10-26T07:22:54.836+0000] {processor.py:914} INFO - Processing file /home/airflow/.local/lib/python3.12/site-packages/airflow/example_dags/example_dag_decorator.py for tasks to queue
[2024-10-26T07:22:54.837+0000] {logging_mixin.py:190} INFO - [2024-10-26T07:22:54.837+0000] {dagbag.py:588} INFO - Filling up the DagBag from /home/airflow/.local/lib/python3.12/site-packages/airflow/example_dags/example_dag_decorator.py
[2024-10-26T07:22:54.844+0000] {processor.py:925} INFO - DAG(s) 'example_dag_decorator' retrieved from /home/airflow/.local/lib/python3.12/site-packages/airflow/example_dags/example_dag_decorator.py
[2024-10-26T07:22:54.907+0000] {logging_mixin.py:190} INFO - [2024-10-26T07:22:54.906+0000] {dag.py:3239} INFO - Sync 1 DAGs
[2024-10-26T07:22:54.914+0000] {logging_mixin.py:190} INFO - [2024-10-26T07:22:54.914+0000] {dag.py:4180} INFO - Setting next_dagrun for example_dag_decorator to None, run_after=None
[2024-10-26T07:22:54.923+0000] {processor.py:208} INFO - Processing /home/airflow/.local/lib/python3.12/site-packages/airflow/example_dags/example_dag_decorator.py took 0.093 seconds
[2024-10-26T07:23:25.702+0000] {processor.py:186} INFO - Started process (PID=85722) to work on /home/airflow/.local/lib/python3.12/site-packages/airflow/example_dags/example_dag_decorator.py
[2024-10-26T07:23:25.703+0000] {processor.py:914} INFO - Processing file /home/airflow/.local/lib/python3.12/site-packages/airflow/example_dags/example_dag_decorator.py for tasks to queue
[2024-10-26T07:23:25.703+0000] {logging_mixin.py:190} INFO - [2024-10-26T07:23:25.703+0000] {dagbag.py:588} INFO - Filling up the DagBag from /home/airflow/.local/lib/python3.12/site-packages/airflow/example_dags/example_dag_decorator.py
[2024-10-26T07:23:25.712+0000] {processor.py:925} INFO - DAG(s) 'example_dag_decorator' retrieved from /home/airflow/.local/lib/python3.12/site-packages/airflow/example_dags/example_dag_decorator.py
[2024-10-26T07:23:25.727+0000] {logging_mixin.py:190} INFO - [2024-10-26T07:23:25.727+0000] {dag.py:3239} INFO - Sync 1 DAGs
[2024-10-26T07:23:25.734+0000] {logging_mixin.py:190} INFO - [2024-10-26T07:23:25.734+0000] {dag.py:4180} INFO - Setting next_dagrun for example_dag_decorator to None, run_after=None
[2024-10-26T07:23:25.745+0000] {processor.py:208} INFO - Processing /home/airflow/.local/lib/python3.12/site-packages/airflow/example_dags/example_dag_decorator.py took 0.046 seconds
[2024-10-26T07:23:56.540+0000] {processor.py:186} INFO - Started process (PID=86013) to work on /home/airflow/.local/lib/python3.12/site-packages/airflow/example_dags/example_dag_decorator.py
[2024-10-26T07:23:56.541+0000] {processor.py:914} INFO - Processing file /home/airflow/.local/lib/python3.12/site-packages/airflow/example_dags/example_dag_decorator.py for tasks to queue
[2024-10-26T07:23:56.543+0000] {logging_mixin.py:190} INFO - [2024-10-26T07:23:56.542+0000] {dagbag.py:588} INFO - Filling up the DagBag from /home/airflow/.local/lib/python3.12/site-packages/airflow/example_dags/example_dag_decorator.py
[2024-10-26T07:23:56.551+0000] {processor.py:925} INFO - DAG(s) 'example_dag_decorator' retrieved from /home/airflow/.local/lib/python3.12/site-packages/airflow/example_dags/example_dag_decorator.py
[2024-10-26T07:23:56.616+0000] {logging_mixin.py:190} INFO - [2024-10-26T07:23:56.616+0000] {dag.py:3239} INFO - Sync 1 DAGs
[2024-10-26T07:23:56.622+0000] {logging_mixin.py:190} INFO - [2024-10-26T07:23:56.622+0000] {dag.py:4180} INFO - Setting next_dagrun for example_dag_decorator to None, run_after=None
[2024-10-26T07:23:56.630+0000] {processor.py:208} INFO - Processing /home/airflow/.local/lib/python3.12/site-packages/airflow/example_dags/example_dag_decorator.py took 0.094 seconds
[2024-10-26T07:24:27.212+0000] {processor.py:186} INFO - Started process (PID=86304) to work on /home/airflow/.local/lib/python3.12/site-packages/airflow/example_dags/example_dag_decorator.py
[2024-10-26T07:24:27.214+0000] {processor.py:914} INFO - Processing file /home/airflow/.local/lib/python3.12/site-packages/airflow/example_dags/example_dag_decorator.py for tasks to queue
[2024-10-26T07:24:27.215+0000] {logging_mixin.py:190} INFO - [2024-10-26T07:24:27.215+0000] {dagbag.py:588} INFO - Filling up the DagBag from /home/airflow/.local/lib/python3.12/site-packages/airflow/example_dags/example_dag_decorator.py
[2024-10-26T07:24:27.226+0000] {processor.py:925} INFO - DAG(s) 'example_dag_decorator' retrieved from /home/airflow/.local/lib/python3.12/site-packages/airflow/example_dags/example_dag_decorator.py
[2024-10-26T07:24:27.321+0000] {logging_mixin.py:190} INFO - [2024-10-26T07:24:27.321+0000] {dag.py:3239} INFO - Sync 1 DAGs
[2024-10-26T07:24:27.328+0000] {logging_mixin.py:190} INFO - [2024-10-26T07:24:27.328+0000] {dag.py:4180} INFO - Setting next_dagrun for example_dag_decorator to None, run_after=None
[2024-10-26T07:24:27.339+0000] {processor.py:208} INFO - Processing /home/airflow/.local/lib/python3.12/site-packages/airflow/example_dags/example_dag_decorator.py took 0.135 seconds
[2024-10-26T07:24:58.385+0000] {processor.py:186} INFO - Started process (PID=86595) to work on /home/airflow/.local/lib/python3.12/site-packages/airflow/example_dags/example_dag_decorator.py
[2024-10-26T07:24:58.387+0000] {processor.py:914} INFO - Processing file /home/airflow/.local/lib/python3.12/site-packages/airflow/example_dags/example_dag_decorator.py for tasks to queue
[2024-10-26T07:24:58.387+0000] {logging_mixin.py:190} INFO - [2024-10-26T07:24:58.387+0000] {dagbag.py:588} INFO - Filling up the DagBag from /home/airflow/.local/lib/python3.12/site-packages/airflow/example_dags/example_dag_decorator.py
[2024-10-26T07:24:58.394+0000] {processor.py:925} INFO - DAG(s) 'example_dag_decorator' retrieved from /home/airflow/.local/lib/python3.12/site-packages/airflow/example_dags/example_dag_decorator.py
[2024-10-26T07:24:58.458+0000] {logging_mixin.py:190} INFO - [2024-10-26T07:24:58.458+0000] {dag.py:3239} INFO - Sync 1 DAGs
[2024-10-26T07:24:58.465+0000] {logging_mixin.py:190} INFO - [2024-10-26T07:24:58.465+0000] {dag.py:4180} INFO - Setting next_dagrun for example_dag_decorator to None, run_after=None
[2024-10-26T07:24:58.474+0000] {processor.py:208} INFO - Processing /home/airflow/.local/lib/python3.12/site-packages/airflow/example_dags/example_dag_decorator.py took 0.094 seconds
[2024-10-26T07:25:28.928+0000] {processor.py:186} INFO - Started process (PID=86886) to work on /home/airflow/.local/lib/python3.12/site-packages/airflow/example_dags/example_dag_decorator.py
[2024-10-26T07:25:28.928+0000] {processor.py:914} INFO - Processing file /home/airflow/.local/lib/python3.12/site-packages/airflow/example_dags/example_dag_decorator.py for tasks to queue
[2024-10-26T07:25:28.929+0000] {logging_mixin.py:190} INFO - [2024-10-26T07:25:28.929+0000] {dagbag.py:588} INFO - Filling up the DagBag from /home/airflow/.local/lib/python3.12/site-packages/airflow/example_dags/example_dag_decorator.py
[2024-10-26T07:25:28.936+0000] {processor.py:925} INFO - DAG(s) 'example_dag_decorator' retrieved from /home/airflow/.local/lib/python3.12/site-packages/airflow/example_dags/example_dag_decorator.py
[2024-10-26T07:25:29.011+0000] {logging_mixin.py:190} INFO - [2024-10-26T07:25:29.011+0000] {dag.py:3239} INFO - Sync 1 DAGs
[2024-10-26T07:25:29.018+0000] {logging_mixin.py:190} INFO - [2024-10-26T07:25:29.018+0000] {dag.py:4180} INFO - Setting next_dagrun for example_dag_decorator to None, run_after=None
[2024-10-26T07:25:29.033+0000] {processor.py:208} INFO - Processing /home/airflow/.local/lib/python3.12/site-packages/airflow/example_dags/example_dag_decorator.py took 0.109 seconds
[2024-10-26T07:26:00.042+0000] {processor.py:186} INFO - Started process (PID=87177) to work on /home/airflow/.local/lib/python3.12/site-packages/airflow/example_dags/example_dag_decorator.py
[2024-10-26T07:26:00.042+0000] {processor.py:914} INFO - Processing file /home/airflow/.local/lib/python3.12/site-packages/airflow/example_dags/example_dag_decorator.py for tasks to queue
[2024-10-26T07:26:00.044+0000] {logging_mixin.py:190} INFO - [2024-10-26T07:26:00.043+0000] {dagbag.py:588} INFO - Filling up the DagBag from /home/airflow/.local/lib/python3.12/site-packages/airflow/example_dags/example_dag_decorator.py
[2024-10-26T07:26:00.055+0000] {processor.py:925} INFO - DAG(s) 'example_dag_decorator' retrieved from /home/airflow/.local/lib/python3.12/site-packages/airflow/example_dags/example_dag_decorator.py
[2024-10-26T07:26:00.144+0000] {logging_mixin.py:190} INFO - [2024-10-26T07:26:00.144+0000] {dag.py:3239} INFO - Sync 1 DAGs
[2024-10-26T07:26:00.156+0000] {logging_mixin.py:190} INFO - [2024-10-26T07:26:00.156+0000] {dag.py:4180} INFO - Setting next_dagrun for example_dag_decorator to None, run_after=None
[2024-10-26T07:26:00.169+0000] {processor.py:208} INFO - Processing /home/airflow/.local/lib/python3.12/site-packages/airflow/example_dags/example_dag_decorator.py took 0.130 seconds
[2024-10-26T07:26:31.191+0000] {processor.py:186} INFO - Started process (PID=87468) to work on /home/airflow/.local/lib/python3.12/site-packages/airflow/example_dags/example_dag_decorator.py
[2024-10-26T07:26:31.192+0000] {processor.py:914} INFO - Processing file /home/airflow/.local/lib/python3.12/site-packages/airflow/example_dags/example_dag_decorator.py for tasks to queue
[2024-10-26T07:26:31.193+0000] {logging_mixin.py:190} INFO - [2024-10-26T07:26:31.193+0000] {dagbag.py:588} INFO - Filling up the DagBag from /home/airflow/.local/lib/python3.12/site-packages/airflow/example_dags/example_dag_decorator.py
[2024-10-26T07:26:31.199+0000] {processor.py:925} INFO - DAG(s) 'example_dag_decorator' retrieved from /home/airflow/.local/lib/python3.12/site-packages/airflow/example_dags/example_dag_decorator.py
[2024-10-26T07:26:31.276+0000] {logging_mixin.py:190} INFO - [2024-10-26T07:26:31.275+0000] {dag.py:3239} INFO - Sync 1 DAGs
[2024-10-26T07:26:31.285+0000] {logging_mixin.py:190} INFO - [2024-10-26T07:26:31.285+0000] {dag.py:4180} INFO - Setting next_dagrun for example_dag_decorator to None, run_after=None
[2024-10-26T07:26:31.298+0000] {processor.py:208} INFO - Processing /home/airflow/.local/lib/python3.12/site-packages/airflow/example_dags/example_dag_decorator.py took 0.110 seconds
[2024-10-26T07:27:01.685+0000] {processor.py:186} INFO - Started process (PID=87759) to work on /home/airflow/.local/lib/python3.12/site-packages/airflow/example_dags/example_dag_decorator.py
[2024-10-26T07:27:01.687+0000] {processor.py:914} INFO - Processing file /home/airflow/.local/lib/python3.12/site-packages/airflow/example_dags/example_dag_decorator.py for tasks to queue
[2024-10-26T07:27:01.688+0000] {logging_mixin.py:190} INFO - [2024-10-26T07:27:01.688+0000] {dagbag.py:588} INFO - Filling up the DagBag from /home/airflow/.local/lib/python3.12/site-packages/airflow/example_dags/example_dag_decorator.py
[2024-10-26T07:27:01.694+0000] {processor.py:925} INFO - DAG(s) 'example_dag_decorator' retrieved from /home/airflow/.local/lib/python3.12/site-packages/airflow/example_dags/example_dag_decorator.py
[2024-10-26T07:27:01.705+0000] {logging_mixin.py:190} INFO - [2024-10-26T07:27:01.705+0000] {dag.py:3239} INFO - Sync 1 DAGs
[2024-10-26T07:27:01.712+0000] {logging_mixin.py:190} INFO - [2024-10-26T07:27:01.712+0000] {dag.py:4180} INFO - Setting next_dagrun for example_dag_decorator to None, run_after=None
[2024-10-26T07:27:01.720+0000] {processor.py:208} INFO - Processing /home/airflow/.local/lib/python3.12/site-packages/airflow/example_dags/example_dag_decorator.py took 0.039 seconds
[2024-10-26T07:27:32.285+0000] {processor.py:186} INFO - Started process (PID=88050) to work on /home/airflow/.local/lib/python3.12/site-packages/airflow/example_dags/example_dag_decorator.py
[2024-10-26T07:27:32.286+0000] {processor.py:914} INFO - Processing file /home/airflow/.local/lib/python3.12/site-packages/airflow/example_dags/example_dag_decorator.py for tasks to queue
[2024-10-26T07:27:32.286+0000] {logging_mixin.py:190} INFO - [2024-10-26T07:27:32.286+0000] {dagbag.py:588} INFO - Filling up the DagBag from /home/airflow/.local/lib/python3.12/site-packages/airflow/example_dags/example_dag_decorator.py
[2024-10-26T07:27:32.294+0000] {processor.py:925} INFO - DAG(s) 'example_dag_decorator' retrieved from /home/airflow/.local/lib/python3.12/site-packages/airflow/example_dags/example_dag_decorator.py
[2024-10-26T07:27:32.367+0000] {logging_mixin.py:190} INFO - [2024-10-26T07:27:32.367+0000] {dag.py:3239} INFO - Sync 1 DAGs
[2024-10-26T07:27:32.378+0000] {logging_mixin.py:190} INFO - [2024-10-26T07:27:32.378+0000] {dag.py:4180} INFO - Setting next_dagrun for example_dag_decorator to None, run_after=None
[2024-10-26T07:27:32.399+0000] {processor.py:208} INFO - Processing /home/airflow/.local/lib/python3.12/site-packages/airflow/example_dags/example_dag_decorator.py took 0.122 seconds
