[2024-10-26T00:46:26.924+0000] {processor.py:186} INFO - Started process (PID=71024) to work on /home/airflow/.local/lib/python3.12/site-packages/airflow/example_dags/example_dynamic_task_mapping.py
[2024-10-26T00:46:26.924+0000] {processor.py:914} INFO - Processing file /home/airflow/.local/lib/python3.12/site-packages/airflow/example_dags/example_dynamic_task_mapping.py for tasks to queue
[2024-10-26T00:46:26.925+0000] {logging_mixin.py:190} INFO - [2024-10-26T00:46:26.925+0000] {dagbag.py:588} INFO - Filling up the DagBag from /home/airflow/.local/lib/python3.12/site-packages/airflow/example_dags/example_dynamic_task_mapping.py
[2024-10-26T00:46:26.929+0000] {processor.py:925} INFO - DAG(s) 'example_dynamic_task_mapping' retrieved from /home/airflow/.local/lib/python3.12/site-packages/airflow/example_dags/example_dynamic_task_mapping.py
[2024-10-26T00:46:26.943+0000] {logging_mixin.py:190} INFO - [2024-10-26T00:46:26.943+0000] {dag.py:3239} INFO - Sync 1 DAGs
[2024-10-26T00:46:26.950+0000] {logging_mixin.py:190} INFO - [2024-10-26T00:46:26.949+0000] {dag.py:4180} INFO - Setting next_dagrun for example_dynamic_task_mapping to None, run_after=None
[2024-10-26T00:46:26.962+0000] {processor.py:208} INFO - Processing /home/airflow/.local/lib/python3.12/site-packages/airflow/example_dags/example_dynamic_task_mapping.py took 0.043 seconds
[2024-10-26T01:37:10.544+0000] {processor.py:186} INFO - Started process (PID=71316) to work on /home/airflow/.local/lib/python3.12/site-packages/airflow/example_dags/example_dynamic_task_mapping.py
[2024-10-26T01:37:10.545+0000] {processor.py:914} INFO - Processing file /home/airflow/.local/lib/python3.12/site-packages/airflow/example_dags/example_dynamic_task_mapping.py for tasks to queue
[2024-10-26T01:37:10.546+0000] {logging_mixin.py:190} INFO - [2024-10-26T01:37:10.546+0000] {dagbag.py:588} INFO - Filling up the DagBag from /home/airflow/.local/lib/python3.12/site-packages/airflow/example_dags/example_dynamic_task_mapping.py
[2024-10-26T01:37:10.550+0000] {processor.py:925} INFO - DAG(s) 'example_dynamic_task_mapping' retrieved from /home/airflow/.local/lib/python3.12/site-packages/airflow/example_dags/example_dynamic_task_mapping.py
[2024-10-26T01:37:10.562+0000] {logging_mixin.py:190} INFO - [2024-10-26T01:37:10.562+0000] {dag.py:3239} INFO - Sync 1 DAGs
[2024-10-26T01:37:10.569+0000] {logging_mixin.py:190} INFO - [2024-10-26T01:37:10.569+0000] {dag.py:4180} INFO - Setting next_dagrun for example_dynamic_task_mapping to None, run_after=None
[2024-10-26T01:37:10.579+0000] {processor.py:208} INFO - Processing /home/airflow/.local/lib/python3.12/site-packages/airflow/example_dags/example_dynamic_task_mapping.py took 0.038 seconds
[2024-10-26T02:57:39.565+0000] {processor.py:186} INFO - Started process (PID=71607) to work on /home/airflow/.local/lib/python3.12/site-packages/airflow/example_dags/example_dynamic_task_mapping.py
[2024-10-26T02:57:39.567+0000] {processor.py:914} INFO - Processing file /home/airflow/.local/lib/python3.12/site-packages/airflow/example_dags/example_dynamic_task_mapping.py for tasks to queue
[2024-10-26T02:57:39.568+0000] {logging_mixin.py:190} INFO - [2024-10-26T02:57:39.568+0000] {dagbag.py:588} INFO - Filling up the DagBag from /home/airflow/.local/lib/python3.12/site-packages/airflow/example_dags/example_dynamic_task_mapping.py
[2024-10-26T02:57:39.573+0000] {processor.py:925} INFO - DAG(s) 'example_dynamic_task_mapping' retrieved from /home/airflow/.local/lib/python3.12/site-packages/airflow/example_dags/example_dynamic_task_mapping.py
[2024-10-26T02:57:39.588+0000] {logging_mixin.py:190} INFO - [2024-10-26T02:57:39.588+0000] {dag.py:3239} INFO - Sync 1 DAGs
[2024-10-26T02:57:39.595+0000] {logging_mixin.py:190} INFO - [2024-10-26T02:57:39.595+0000] {dag.py:4180} INFO - Setting next_dagrun for example_dynamic_task_mapping to None, run_after=None
[2024-10-26T02:57:39.612+0000] {processor.py:208} INFO - Processing /home/airflow/.local/lib/python3.12/site-packages/airflow/example_dags/example_dynamic_task_mapping.py took 0.050 seconds
[2024-10-26T04:18:36.761+0000] {processor.py:186} INFO - Started process (PID=71898) to work on /home/airflow/.local/lib/python3.12/site-packages/airflow/example_dags/example_dynamic_task_mapping.py
[2024-10-26T04:18:36.763+0000] {processor.py:914} INFO - Processing file /home/airflow/.local/lib/python3.12/site-packages/airflow/example_dags/example_dynamic_task_mapping.py for tasks to queue
[2024-10-26T04:18:36.764+0000] {logging_mixin.py:190} INFO - [2024-10-26T04:18:36.764+0000] {dagbag.py:588} INFO - Filling up the DagBag from /home/airflow/.local/lib/python3.12/site-packages/airflow/example_dags/example_dynamic_task_mapping.py
[2024-10-26T04:18:36.770+0000] {processor.py:925} INFO - DAG(s) 'example_dynamic_task_mapping' retrieved from /home/airflow/.local/lib/python3.12/site-packages/airflow/example_dags/example_dynamic_task_mapping.py
[2024-10-26T04:18:36.783+0000] {logging_mixin.py:190} INFO - [2024-10-26T04:18:36.782+0000] {dag.py:3239} INFO - Sync 1 DAGs
[2024-10-26T04:18:36.791+0000] {logging_mixin.py:190} INFO - [2024-10-26T04:18:36.791+0000] {dag.py:4180} INFO - Setting next_dagrun for example_dynamic_task_mapping to None, run_after=None
[2024-10-26T04:18:36.802+0000] {processor.py:208} INFO - Processing /home/airflow/.local/lib/python3.12/site-packages/airflow/example_dags/example_dynamic_task_mapping.py took 0.044 seconds
[2024-10-26T05:41:06.545+0000] {processor.py:186} INFO - Started process (PID=72189) to work on /home/airflow/.local/lib/python3.12/site-packages/airflow/example_dags/example_dynamic_task_mapping.py
[2024-10-26T05:41:06.545+0000] {processor.py:914} INFO - Processing file /home/airflow/.local/lib/python3.12/site-packages/airflow/example_dags/example_dynamic_task_mapping.py for tasks to queue
[2024-10-26T05:41:06.546+0000] {logging_mixin.py:190} INFO - [2024-10-26T05:41:06.546+0000] {dagbag.py:588} INFO - Filling up the DagBag from /home/airflow/.local/lib/python3.12/site-packages/airflow/example_dags/example_dynamic_task_mapping.py
[2024-10-26T05:41:06.552+0000] {processor.py:925} INFO - DAG(s) 'example_dynamic_task_mapping' retrieved from /home/airflow/.local/lib/python3.12/site-packages/airflow/example_dags/example_dynamic_task_mapping.py
[2024-10-26T05:41:06.565+0000] {logging_mixin.py:190} INFO - [2024-10-26T05:41:06.565+0000] {dag.py:3239} INFO - Sync 1 DAGs
[2024-10-26T05:41:06.572+0000] {logging_mixin.py:190} INFO - [2024-10-26T05:41:06.572+0000] {dag.py:4180} INFO - Setting next_dagrun for example_dynamic_task_mapping to None, run_after=None
[2024-10-26T05:41:06.582+0000] {processor.py:208} INFO - Processing /home/airflow/.local/lib/python3.12/site-packages/airflow/example_dags/example_dynamic_task_mapping.py took 0.041 seconds
[2024-10-26T06:59:46.929+0000] {processor.py:186} INFO - Started process (PID=72480) to work on /home/airflow/.local/lib/python3.12/site-packages/airflow/example_dags/example_dynamic_task_mapping.py
[2024-10-26T06:59:46.932+0000] {processor.py:914} INFO - Processing file /home/airflow/.local/lib/python3.12/site-packages/airflow/example_dags/example_dynamic_task_mapping.py for tasks to queue
[2024-10-26T06:59:46.933+0000] {logging_mixin.py:190} INFO - [2024-10-26T06:59:46.933+0000] {dagbag.py:588} INFO - Filling up the DagBag from /home/airflow/.local/lib/python3.12/site-packages/airflow/example_dags/example_dynamic_task_mapping.py
[2024-10-26T06:59:46.938+0000] {processor.py:925} INFO - DAG(s) 'example_dynamic_task_mapping' retrieved from /home/airflow/.local/lib/python3.12/site-packages/airflow/example_dags/example_dynamic_task_mapping.py
[2024-10-26T06:59:46.948+0000] {logging_mixin.py:190} INFO - [2024-10-26T06:59:46.948+0000] {dag.py:3239} INFO - Sync 1 DAGs
[2024-10-26T06:59:46.954+0000] {logging_mixin.py:190} INFO - [2024-10-26T06:59:46.954+0000] {dag.py:4180} INFO - Setting next_dagrun for example_dynamic_task_mapping to None, run_after=None
[2024-10-26T06:59:46.964+0000] {processor.py:208} INFO - Processing /home/airflow/.local/lib/python3.12/site-packages/airflow/example_dags/example_dynamic_task_mapping.py took 0.038 seconds
[2024-10-26T07:00:17.483+0000] {processor.py:186} INFO - Started process (PID=72771) to work on /home/airflow/.local/lib/python3.12/site-packages/airflow/example_dags/example_dynamic_task_mapping.py
[2024-10-26T07:00:17.485+0000] {processor.py:914} INFO - Processing file /home/airflow/.local/lib/python3.12/site-packages/airflow/example_dags/example_dynamic_task_mapping.py for tasks to queue
[2024-10-26T07:00:17.485+0000] {logging_mixin.py:190} INFO - [2024-10-26T07:00:17.485+0000] {dagbag.py:588} INFO - Filling up the DagBag from /home/airflow/.local/lib/python3.12/site-packages/airflow/example_dags/example_dynamic_task_mapping.py
[2024-10-26T07:00:17.490+0000] {processor.py:925} INFO - DAG(s) 'example_dynamic_task_mapping' retrieved from /home/airflow/.local/lib/python3.12/site-packages/airflow/example_dags/example_dynamic_task_mapping.py
[2024-10-26T07:00:17.499+0000] {logging_mixin.py:190} INFO - [2024-10-26T07:00:17.499+0000] {dag.py:3239} INFO - Sync 1 DAGs
[2024-10-26T07:00:17.506+0000] {logging_mixin.py:190} INFO - [2024-10-26T07:00:17.506+0000] {dag.py:4180} INFO - Setting next_dagrun for example_dynamic_task_mapping to None, run_after=None
[2024-10-26T07:00:17.514+0000] {processor.py:208} INFO - Processing /home/airflow/.local/lib/python3.12/site-packages/airflow/example_dags/example_dynamic_task_mapping.py took 0.034 seconds
[2024-10-26T07:00:48.108+0000] {processor.py:186} INFO - Started process (PID=73064) to work on /home/airflow/.local/lib/python3.12/site-packages/airflow/example_dags/example_dynamic_task_mapping.py
[2024-10-26T07:00:48.109+0000] {processor.py:914} INFO - Processing file /home/airflow/.local/lib/python3.12/site-packages/airflow/example_dags/example_dynamic_task_mapping.py for tasks to queue
[2024-10-26T07:00:48.110+0000] {logging_mixin.py:190} INFO - [2024-10-26T07:00:48.109+0000] {dagbag.py:588} INFO - Filling up the DagBag from /home/airflow/.local/lib/python3.12/site-packages/airflow/example_dags/example_dynamic_task_mapping.py
[2024-10-26T07:00:48.114+0000] {processor.py:925} INFO - DAG(s) 'example_dynamic_task_mapping' retrieved from /home/airflow/.local/lib/python3.12/site-packages/airflow/example_dags/example_dynamic_task_mapping.py
[2024-10-26T07:00:48.125+0000] {logging_mixin.py:190} INFO - [2024-10-26T07:00:48.125+0000] {dag.py:3239} INFO - Sync 1 DAGs
[2024-10-26T07:00:48.133+0000] {logging_mixin.py:190} INFO - [2024-10-26T07:00:48.133+0000] {dag.py:4180} INFO - Setting next_dagrun for example_dynamic_task_mapping to None, run_after=None
[2024-10-26T07:00:48.145+0000] {processor.py:208} INFO - Processing /home/airflow/.local/lib/python3.12/site-packages/airflow/example_dags/example_dynamic_task_mapping.py took 0.041 seconds
[2024-10-26T07:01:23.342+0000] {processor.py:186} INFO - Started process (PID=73355) to work on /home/airflow/.local/lib/python3.12/site-packages/airflow/example_dags/example_dynamic_task_mapping.py
[2024-10-26T07:01:23.346+0000] {processor.py:914} INFO - Processing file /home/airflow/.local/lib/python3.12/site-packages/airflow/example_dags/example_dynamic_task_mapping.py for tasks to queue
[2024-10-26T07:01:23.350+0000] {logging_mixin.py:190} INFO - [2024-10-26T07:01:23.348+0000] {dagbag.py:588} INFO - Filling up the DagBag from /home/airflow/.local/lib/python3.12/site-packages/airflow/example_dags/example_dynamic_task_mapping.py
[2024-10-26T07:01:23.373+0000] {processor.py:925} INFO - DAG(s) 'example_dynamic_task_mapping' retrieved from /home/airflow/.local/lib/python3.12/site-packages/airflow/example_dags/example_dynamic_task_mapping.py
[2024-10-26T07:01:23.431+0000] {logging_mixin.py:190} INFO - [2024-10-26T07:01:23.430+0000] {dag.py:3239} INFO - Sync 1 DAGs
[2024-10-26T07:01:23.465+0000] {logging_mixin.py:190} INFO - [2024-10-26T07:01:23.464+0000] {dag.py:4180} INFO - Setting next_dagrun for example_dynamic_task_mapping to None, run_after=None
[2024-10-26T07:01:23.519+0000] {processor.py:208} INFO - Processing /home/airflow/.local/lib/python3.12/site-packages/airflow/example_dags/example_dynamic_task_mapping.py took 0.187 seconds
[2024-10-26T07:01:53.779+0000] {processor.py:186} INFO - Started process (PID=73644) to work on /home/airflow/.local/lib/python3.12/site-packages/airflow/example_dags/example_dynamic_task_mapping.py
[2024-10-26T07:01:53.780+0000] {processor.py:914} INFO - Processing file /home/airflow/.local/lib/python3.12/site-packages/airflow/example_dags/example_dynamic_task_mapping.py for tasks to queue
[2024-10-26T07:01:53.780+0000] {logging_mixin.py:190} INFO - [2024-10-26T07:01:53.780+0000] {dagbag.py:588} INFO - Filling up the DagBag from /home/airflow/.local/lib/python3.12/site-packages/airflow/example_dags/example_dynamic_task_mapping.py
[2024-10-26T07:01:53.787+0000] {processor.py:925} INFO - DAG(s) 'example_dynamic_task_mapping' retrieved from /home/airflow/.local/lib/python3.12/site-packages/airflow/example_dags/example_dynamic_task_mapping.py
[2024-10-26T07:01:53.798+0000] {logging_mixin.py:190} INFO - [2024-10-26T07:01:53.798+0000] {dag.py:3239} INFO - Sync 1 DAGs
[2024-10-26T07:01:53.805+0000] {logging_mixin.py:190} INFO - [2024-10-26T07:01:53.805+0000] {dag.py:4180} INFO - Setting next_dagrun for example_dynamic_task_mapping to None, run_after=None
[2024-10-26T07:01:53.816+0000] {processor.py:208} INFO - Processing /home/airflow/.local/lib/python3.12/site-packages/airflow/example_dags/example_dynamic_task_mapping.py took 0.043 seconds
[2024-10-26T07:02:24.135+0000] {processor.py:186} INFO - Started process (PID=73937) to work on /home/airflow/.local/lib/python3.12/site-packages/airflow/example_dags/example_dynamic_task_mapping.py
[2024-10-26T07:02:24.136+0000] {processor.py:914} INFO - Processing file /home/airflow/.local/lib/python3.12/site-packages/airflow/example_dags/example_dynamic_task_mapping.py for tasks to queue
[2024-10-26T07:02:24.137+0000] {logging_mixin.py:190} INFO - [2024-10-26T07:02:24.137+0000] {dagbag.py:588} INFO - Filling up the DagBag from /home/airflow/.local/lib/python3.12/site-packages/airflow/example_dags/example_dynamic_task_mapping.py
[2024-10-26T07:02:24.148+0000] {processor.py:925} INFO - DAG(s) 'example_dynamic_task_mapping' retrieved from /home/airflow/.local/lib/python3.12/site-packages/airflow/example_dags/example_dynamic_task_mapping.py
[2024-10-26T07:02:24.160+0000] {logging_mixin.py:190} INFO - [2024-10-26T07:02:24.160+0000] {dag.py:3239} INFO - Sync 1 DAGs
[2024-10-26T07:02:24.168+0000] {logging_mixin.py:190} INFO - [2024-10-26T07:02:24.168+0000] {dag.py:4180} INFO - Setting next_dagrun for example_dynamic_task_mapping to None, run_after=None
[2024-10-26T07:02:24.183+0000] {processor.py:208} INFO - Processing /home/airflow/.local/lib/python3.12/site-packages/airflow/example_dags/example_dynamic_task_mapping.py took 0.051 seconds
[2024-10-26T07:02:54.810+0000] {processor.py:186} INFO - Started process (PID=74226) to work on /home/airflow/.local/lib/python3.12/site-packages/airflow/example_dags/example_dynamic_task_mapping.py
[2024-10-26T07:02:54.813+0000] {processor.py:914} INFO - Processing file /home/airflow/.local/lib/python3.12/site-packages/airflow/example_dags/example_dynamic_task_mapping.py for tasks to queue
[2024-10-26T07:02:54.814+0000] {logging_mixin.py:190} INFO - [2024-10-26T07:02:54.814+0000] {dagbag.py:588} INFO - Filling up the DagBag from /home/airflow/.local/lib/python3.12/site-packages/airflow/example_dags/example_dynamic_task_mapping.py
[2024-10-26T07:02:54.819+0000] {processor.py:925} INFO - DAG(s) 'example_dynamic_task_mapping' retrieved from /home/airflow/.local/lib/python3.12/site-packages/airflow/example_dags/example_dynamic_task_mapping.py
[2024-10-26T07:02:54.832+0000] {logging_mixin.py:190} INFO - [2024-10-26T07:02:54.831+0000] {dag.py:3239} INFO - Sync 1 DAGs
[2024-10-26T07:02:54.838+0000] {logging_mixin.py:190} INFO - [2024-10-26T07:02:54.838+0000] {dag.py:4180} INFO - Setting next_dagrun for example_dynamic_task_mapping to None, run_after=None
[2024-10-26T07:02:54.848+0000] {processor.py:208} INFO - Processing /home/airflow/.local/lib/python3.12/site-packages/airflow/example_dags/example_dynamic_task_mapping.py took 0.042 seconds
[2024-10-26T07:03:25.510+0000] {processor.py:186} INFO - Started process (PID=74517) to work on /home/airflow/.local/lib/python3.12/site-packages/airflow/example_dags/example_dynamic_task_mapping.py
[2024-10-26T07:03:25.510+0000] {processor.py:914} INFO - Processing file /home/airflow/.local/lib/python3.12/site-packages/airflow/example_dags/example_dynamic_task_mapping.py for tasks to queue
[2024-10-26T07:03:25.511+0000] {logging_mixin.py:190} INFO - [2024-10-26T07:03:25.511+0000] {dagbag.py:588} INFO - Filling up the DagBag from /home/airflow/.local/lib/python3.12/site-packages/airflow/example_dags/example_dynamic_task_mapping.py
[2024-10-26T07:03:25.516+0000] {processor.py:925} INFO - DAG(s) 'example_dynamic_task_mapping' retrieved from /home/airflow/.local/lib/python3.12/site-packages/airflow/example_dags/example_dynamic_task_mapping.py
[2024-10-26T07:03:25.531+0000] {logging_mixin.py:190} INFO - [2024-10-26T07:03:25.531+0000] {dag.py:3239} INFO - Sync 1 DAGs
[2024-10-26T07:03:25.538+0000] {logging_mixin.py:190} INFO - [2024-10-26T07:03:25.538+0000] {dag.py:4180} INFO - Setting next_dagrun for example_dynamic_task_mapping to None, run_after=None
[2024-10-26T07:03:25.549+0000] {processor.py:208} INFO - Processing /home/airflow/.local/lib/python3.12/site-packages/airflow/example_dags/example_dynamic_task_mapping.py took 0.043 seconds
[2024-10-26T07:03:56.339+0000] {processor.py:186} INFO - Started process (PID=74808) to work on /home/airflow/.local/lib/python3.12/site-packages/airflow/example_dags/example_dynamic_task_mapping.py
[2024-10-26T07:03:56.340+0000] {processor.py:914} INFO - Processing file /home/airflow/.local/lib/python3.12/site-packages/airflow/example_dags/example_dynamic_task_mapping.py for tasks to queue
[2024-10-26T07:03:56.341+0000] {logging_mixin.py:190} INFO - [2024-10-26T07:03:56.341+0000] {dagbag.py:588} INFO - Filling up the DagBag from /home/airflow/.local/lib/python3.12/site-packages/airflow/example_dags/example_dynamic_task_mapping.py
[2024-10-26T07:03:56.347+0000] {processor.py:925} INFO - DAG(s) 'example_dynamic_task_mapping' retrieved from /home/airflow/.local/lib/python3.12/site-packages/airflow/example_dags/example_dynamic_task_mapping.py
[2024-10-26T07:03:56.357+0000] {logging_mixin.py:190} INFO - [2024-10-26T07:03:56.357+0000] {dag.py:3239} INFO - Sync 1 DAGs
[2024-10-26T07:03:56.364+0000] {logging_mixin.py:190} INFO - [2024-10-26T07:03:56.364+0000] {dag.py:4180} INFO - Setting next_dagrun for example_dynamic_task_mapping to None, run_after=None
[2024-10-26T07:03:56.380+0000] {processor.py:208} INFO - Processing /home/airflow/.local/lib/python3.12/site-packages/airflow/example_dags/example_dynamic_task_mapping.py took 0.046 seconds
[2024-10-26T07:04:26.524+0000] {processor.py:186} INFO - Started process (PID=75098) to work on /home/airflow/.local/lib/python3.12/site-packages/airflow/example_dags/example_dynamic_task_mapping.py
[2024-10-26T07:04:26.525+0000] {processor.py:914} INFO - Processing file /home/airflow/.local/lib/python3.12/site-packages/airflow/example_dags/example_dynamic_task_mapping.py for tasks to queue
[2024-10-26T07:04:26.526+0000] {logging_mixin.py:190} INFO - [2024-10-26T07:04:26.526+0000] {dagbag.py:588} INFO - Filling up the DagBag from /home/airflow/.local/lib/python3.12/site-packages/airflow/example_dags/example_dynamic_task_mapping.py
[2024-10-26T07:04:26.533+0000] {processor.py:925} INFO - DAG(s) 'example_dynamic_task_mapping' retrieved from /home/airflow/.local/lib/python3.12/site-packages/airflow/example_dags/example_dynamic_task_mapping.py
[2024-10-26T07:04:26.548+0000] {logging_mixin.py:190} INFO - [2024-10-26T07:04:26.548+0000] {dag.py:3239} INFO - Sync 1 DAGs
[2024-10-26T07:04:26.555+0000] {logging_mixin.py:190} INFO - [2024-10-26T07:04:26.555+0000] {dag.py:4180} INFO - Setting next_dagrun for example_dynamic_task_mapping to None, run_after=None
[2024-10-26T07:04:26.567+0000] {processor.py:208} INFO - Processing /home/airflow/.local/lib/python3.12/site-packages/airflow/example_dags/example_dynamic_task_mapping.py took 0.047 seconds
[2024-10-26T07:04:56.893+0000] {processor.py:186} INFO - Started process (PID=75389) to work on /home/airflow/.local/lib/python3.12/site-packages/airflow/example_dags/example_dynamic_task_mapping.py
[2024-10-26T07:04:56.895+0000] {processor.py:914} INFO - Processing file /home/airflow/.local/lib/python3.12/site-packages/airflow/example_dags/example_dynamic_task_mapping.py for tasks to queue
[2024-10-26T07:04:56.895+0000] {logging_mixin.py:190} INFO - [2024-10-26T07:04:56.895+0000] {dagbag.py:588} INFO - Filling up the DagBag from /home/airflow/.local/lib/python3.12/site-packages/airflow/example_dags/example_dynamic_task_mapping.py
[2024-10-26T07:04:56.900+0000] {processor.py:925} INFO - DAG(s) 'example_dynamic_task_mapping' retrieved from /home/airflow/.local/lib/python3.12/site-packages/airflow/example_dags/example_dynamic_task_mapping.py
[2024-10-26T07:04:56.914+0000] {logging_mixin.py:190} INFO - [2024-10-26T07:04:56.914+0000] {dag.py:3239} INFO - Sync 1 DAGs
[2024-10-26T07:04:56.920+0000] {logging_mixin.py:190} INFO - [2024-10-26T07:04:56.920+0000] {dag.py:4180} INFO - Setting next_dagrun for example_dynamic_task_mapping to None, run_after=None
[2024-10-26T07:04:56.933+0000] {processor.py:208} INFO - Processing /home/airflow/.local/lib/python3.12/site-packages/airflow/example_dags/example_dynamic_task_mapping.py took 0.044 seconds
[2024-10-26T07:05:27.032+0000] {processor.py:186} INFO - Started process (PID=75685) to work on /home/airflow/.local/lib/python3.12/site-packages/airflow/example_dags/example_dynamic_task_mapping.py
[2024-10-26T07:05:27.034+0000] {processor.py:914} INFO - Processing file /home/airflow/.local/lib/python3.12/site-packages/airflow/example_dags/example_dynamic_task_mapping.py for tasks to queue
[2024-10-26T07:05:27.035+0000] {logging_mixin.py:190} INFO - [2024-10-26T07:05:27.035+0000] {dagbag.py:588} INFO - Filling up the DagBag from /home/airflow/.local/lib/python3.12/site-packages/airflow/example_dags/example_dynamic_task_mapping.py
[2024-10-26T07:05:27.041+0000] {processor.py:925} INFO - DAG(s) 'example_dynamic_task_mapping' retrieved from /home/airflow/.local/lib/python3.12/site-packages/airflow/example_dags/example_dynamic_task_mapping.py
[2024-10-26T07:05:27.059+0000] {logging_mixin.py:190} INFO - [2024-10-26T07:05:27.058+0000] {dag.py:3239} INFO - Sync 1 DAGs
[2024-10-26T07:05:27.067+0000] {logging_mixin.py:190} INFO - [2024-10-26T07:05:27.067+0000] {dag.py:4180} INFO - Setting next_dagrun for example_dynamic_task_mapping to None, run_after=None
[2024-10-26T07:05:27.082+0000] {processor.py:208} INFO - Processing /home/airflow/.local/lib/python3.12/site-packages/airflow/example_dags/example_dynamic_task_mapping.py took 0.061 seconds
[2024-10-26T07:05:57.653+0000] {processor.py:186} INFO - Started process (PID=75975) to work on /home/airflow/.local/lib/python3.12/site-packages/airflow/example_dags/example_dynamic_task_mapping.py
[2024-10-26T07:05:57.655+0000] {processor.py:914} INFO - Processing file /home/airflow/.local/lib/python3.12/site-packages/airflow/example_dags/example_dynamic_task_mapping.py for tasks to queue
[2024-10-26T07:05:57.657+0000] {logging_mixin.py:190} INFO - [2024-10-26T07:05:57.656+0000] {dagbag.py:588} INFO - Filling up the DagBag from /home/airflow/.local/lib/python3.12/site-packages/airflow/example_dags/example_dynamic_task_mapping.py
[2024-10-26T07:05:57.663+0000] {processor.py:925} INFO - DAG(s) 'example_dynamic_task_mapping' retrieved from /home/airflow/.local/lib/python3.12/site-packages/airflow/example_dags/example_dynamic_task_mapping.py
[2024-10-26T07:05:57.674+0000] {logging_mixin.py:190} INFO - [2024-10-26T07:05:57.674+0000] {dag.py:3239} INFO - Sync 1 DAGs
[2024-10-26T07:05:57.682+0000] {logging_mixin.py:190} INFO - [2024-10-26T07:05:57.682+0000] {dag.py:4180} INFO - Setting next_dagrun for example_dynamic_task_mapping to None, run_after=None
[2024-10-26T07:05:57.693+0000] {processor.py:208} INFO - Processing /home/airflow/.local/lib/python3.12/site-packages/airflow/example_dags/example_dynamic_task_mapping.py took 0.043 seconds
[2024-10-26T07:06:27.988+0000] {processor.py:186} INFO - Started process (PID=76266) to work on /home/airflow/.local/lib/python3.12/site-packages/airflow/example_dags/example_dynamic_task_mapping.py
[2024-10-26T07:06:27.989+0000] {processor.py:914} INFO - Processing file /home/airflow/.local/lib/python3.12/site-packages/airflow/example_dags/example_dynamic_task_mapping.py for tasks to queue
[2024-10-26T07:06:27.989+0000] {logging_mixin.py:190} INFO - [2024-10-26T07:06:27.989+0000] {dagbag.py:588} INFO - Filling up the DagBag from /home/airflow/.local/lib/python3.12/site-packages/airflow/example_dags/example_dynamic_task_mapping.py
[2024-10-26T07:06:27.994+0000] {processor.py:925} INFO - DAG(s) 'example_dynamic_task_mapping' retrieved from /home/airflow/.local/lib/python3.12/site-packages/airflow/example_dags/example_dynamic_task_mapping.py
[2024-10-26T07:06:28.004+0000] {logging_mixin.py:190} INFO - [2024-10-26T07:06:28.004+0000] {dag.py:3239} INFO - Sync 1 DAGs
[2024-10-26T07:06:28.011+0000] {logging_mixin.py:190} INFO - [2024-10-26T07:06:28.011+0000] {dag.py:4180} INFO - Setting next_dagrun for example_dynamic_task_mapping to None, run_after=None
[2024-10-26T07:06:28.021+0000] {processor.py:208} INFO - Processing /home/airflow/.local/lib/python3.12/site-packages/airflow/example_dags/example_dynamic_task_mapping.py took 0.036 seconds
[2024-10-26T07:06:58.275+0000] {processor.py:186} INFO - Started process (PID=76557) to work on /home/airflow/.local/lib/python3.12/site-packages/airflow/example_dags/example_dynamic_task_mapping.py
[2024-10-26T07:06:58.277+0000] {processor.py:914} INFO - Processing file /home/airflow/.local/lib/python3.12/site-packages/airflow/example_dags/example_dynamic_task_mapping.py for tasks to queue
[2024-10-26T07:06:58.278+0000] {logging_mixin.py:190} INFO - [2024-10-26T07:06:58.278+0000] {dagbag.py:588} INFO - Filling up the DagBag from /home/airflow/.local/lib/python3.12/site-packages/airflow/example_dags/example_dynamic_task_mapping.py
[2024-10-26T07:06:58.283+0000] {processor.py:925} INFO - DAG(s) 'example_dynamic_task_mapping' retrieved from /home/airflow/.local/lib/python3.12/site-packages/airflow/example_dags/example_dynamic_task_mapping.py
[2024-10-26T07:06:58.295+0000] {logging_mixin.py:190} INFO - [2024-10-26T07:06:58.295+0000] {dag.py:3239} INFO - Sync 1 DAGs
[2024-10-26T07:06:58.302+0000] {logging_mixin.py:190} INFO - [2024-10-26T07:06:58.302+0000] {dag.py:4180} INFO - Setting next_dagrun for example_dynamic_task_mapping to None, run_after=None
[2024-10-26T07:06:58.312+0000] {processor.py:208} INFO - Processing /home/airflow/.local/lib/python3.12/site-packages/airflow/example_dags/example_dynamic_task_mapping.py took 0.040 seconds
[2024-10-26T07:07:28.824+0000] {processor.py:186} INFO - Started process (PID=76850) to work on /home/airflow/.local/lib/python3.12/site-packages/airflow/example_dags/example_dynamic_task_mapping.py
[2024-10-26T07:07:28.824+0000] {processor.py:914} INFO - Processing file /home/airflow/.local/lib/python3.12/site-packages/airflow/example_dags/example_dynamic_task_mapping.py for tasks to queue
[2024-10-26T07:07:28.825+0000] {logging_mixin.py:190} INFO - [2024-10-26T07:07:28.825+0000] {dagbag.py:588} INFO - Filling up the DagBag from /home/airflow/.local/lib/python3.12/site-packages/airflow/example_dags/example_dynamic_task_mapping.py
[2024-10-26T07:07:28.831+0000] {processor.py:925} INFO - DAG(s) 'example_dynamic_task_mapping' retrieved from /home/airflow/.local/lib/python3.12/site-packages/airflow/example_dags/example_dynamic_task_mapping.py
[2024-10-26T07:07:28.842+0000] {logging_mixin.py:190} INFO - [2024-10-26T07:07:28.842+0000] {dag.py:3239} INFO - Sync 1 DAGs
[2024-10-26T07:07:28.852+0000] {logging_mixin.py:190} INFO - [2024-10-26T07:07:28.852+0000] {dag.py:4180} INFO - Setting next_dagrun for example_dynamic_task_mapping to None, run_after=None
[2024-10-26T07:07:28.862+0000] {processor.py:208} INFO - Processing /home/airflow/.local/lib/python3.12/site-packages/airflow/example_dags/example_dynamic_task_mapping.py took 0.042 seconds
[2024-10-26T07:08:00.025+0000] {processor.py:186} INFO - Started process (PID=77139) to work on /home/airflow/.local/lib/python3.12/site-packages/airflow/example_dags/example_dynamic_task_mapping.py
[2024-10-26T07:08:00.029+0000] {processor.py:914} INFO - Processing file /home/airflow/.local/lib/python3.12/site-packages/airflow/example_dags/example_dynamic_task_mapping.py for tasks to queue
[2024-10-26T07:08:00.034+0000] {logging_mixin.py:190} INFO - [2024-10-26T07:08:00.033+0000] {dagbag.py:588} INFO - Filling up the DagBag from /home/airflow/.local/lib/python3.12/site-packages/airflow/example_dags/example_dynamic_task_mapping.py
[2024-10-26T07:08:00.070+0000] {processor.py:925} INFO - DAG(s) 'example_dynamic_task_mapping' retrieved from /home/airflow/.local/lib/python3.12/site-packages/airflow/example_dags/example_dynamic_task_mapping.py
[2024-10-26T07:08:00.095+0000] {logging_mixin.py:190} INFO - [2024-10-26T07:08:00.095+0000] {dag.py:3239} INFO - Sync 1 DAGs
[2024-10-26T07:08:00.107+0000] {logging_mixin.py:190} INFO - [2024-10-26T07:08:00.107+0000] {dag.py:4180} INFO - Setting next_dagrun for example_dynamic_task_mapping to None, run_after=None
[2024-10-26T07:08:00.118+0000] {processor.py:208} INFO - Processing /home/airflow/.local/lib/python3.12/site-packages/airflow/example_dags/example_dynamic_task_mapping.py took 0.100 seconds
[2024-10-26T07:08:30.500+0000] {processor.py:186} INFO - Started process (PID=77430) to work on /home/airflow/.local/lib/python3.12/site-packages/airflow/example_dags/example_dynamic_task_mapping.py
[2024-10-26T07:08:30.500+0000] {processor.py:914} INFO - Processing file /home/airflow/.local/lib/python3.12/site-packages/airflow/example_dags/example_dynamic_task_mapping.py for tasks to queue
[2024-10-26T07:08:30.501+0000] {logging_mixin.py:190} INFO - [2024-10-26T07:08:30.501+0000] {dagbag.py:588} INFO - Filling up the DagBag from /home/airflow/.local/lib/python3.12/site-packages/airflow/example_dags/example_dynamic_task_mapping.py
[2024-10-26T07:08:30.506+0000] {processor.py:925} INFO - DAG(s) 'example_dynamic_task_mapping' retrieved from /home/airflow/.local/lib/python3.12/site-packages/airflow/example_dags/example_dynamic_task_mapping.py
[2024-10-26T07:08:30.517+0000] {logging_mixin.py:190} INFO - [2024-10-26T07:08:30.517+0000] {dag.py:3239} INFO - Sync 1 DAGs
[2024-10-26T07:08:30.523+0000] {logging_mixin.py:190} INFO - [2024-10-26T07:08:30.523+0000] {dag.py:4180} INFO - Setting next_dagrun for example_dynamic_task_mapping to None, run_after=None
[2024-10-26T07:08:30.536+0000] {processor.py:208} INFO - Processing /home/airflow/.local/lib/python3.12/site-packages/airflow/example_dags/example_dynamic_task_mapping.py took 0.039 seconds
[2024-10-26T07:09:01.530+0000] {processor.py:186} INFO - Started process (PID=77721) to work on /home/airflow/.local/lib/python3.12/site-packages/airflow/example_dags/example_dynamic_task_mapping.py
[2024-10-26T07:09:01.531+0000] {processor.py:914} INFO - Processing file /home/airflow/.local/lib/python3.12/site-packages/airflow/example_dags/example_dynamic_task_mapping.py for tasks to queue
[2024-10-26T07:09:01.532+0000] {logging_mixin.py:190} INFO - [2024-10-26T07:09:01.532+0000] {dagbag.py:588} INFO - Filling up the DagBag from /home/airflow/.local/lib/python3.12/site-packages/airflow/example_dags/example_dynamic_task_mapping.py
[2024-10-26T07:09:01.537+0000] {processor.py:925} INFO - DAG(s) 'example_dynamic_task_mapping' retrieved from /home/airflow/.local/lib/python3.12/site-packages/airflow/example_dags/example_dynamic_task_mapping.py
[2024-10-26T07:09:01.549+0000] {logging_mixin.py:190} INFO - [2024-10-26T07:09:01.549+0000] {dag.py:3239} INFO - Sync 1 DAGs
[2024-10-26T07:09:01.560+0000] {logging_mixin.py:190} INFO - [2024-10-26T07:09:01.560+0000] {dag.py:4180} INFO - Setting next_dagrun for example_dynamic_task_mapping to None, run_after=None
[2024-10-26T07:09:01.572+0000] {processor.py:208} INFO - Processing /home/airflow/.local/lib/python3.12/site-packages/airflow/example_dags/example_dynamic_task_mapping.py took 0.045 seconds
[2024-10-26T07:09:31.907+0000] {processor.py:186} INFO - Started process (PID=78012) to work on /home/airflow/.local/lib/python3.12/site-packages/airflow/example_dags/example_dynamic_task_mapping.py
[2024-10-26T07:09:31.910+0000] {processor.py:914} INFO - Processing file /home/airflow/.local/lib/python3.12/site-packages/airflow/example_dags/example_dynamic_task_mapping.py for tasks to queue
[2024-10-26T07:09:31.911+0000] {logging_mixin.py:190} INFO - [2024-10-26T07:09:31.911+0000] {dagbag.py:588} INFO - Filling up the DagBag from /home/airflow/.local/lib/python3.12/site-packages/airflow/example_dags/example_dynamic_task_mapping.py
[2024-10-26T07:09:31.916+0000] {processor.py:925} INFO - DAG(s) 'example_dynamic_task_mapping' retrieved from /home/airflow/.local/lib/python3.12/site-packages/airflow/example_dags/example_dynamic_task_mapping.py
[2024-10-26T07:09:31.933+0000] {logging_mixin.py:190} INFO - [2024-10-26T07:09:31.932+0000] {dag.py:3239} INFO - Sync 1 DAGs
[2024-10-26T07:09:31.944+0000] {logging_mixin.py:190} INFO - [2024-10-26T07:09:31.943+0000] {dag.py:4180} INFO - Setting next_dagrun for example_dynamic_task_mapping to None, run_after=None
[2024-10-26T07:09:31.955+0000] {processor.py:208} INFO - Processing /home/airflow/.local/lib/python3.12/site-packages/airflow/example_dags/example_dynamic_task_mapping.py took 0.052 seconds
[2024-10-26T07:10:03.098+0000] {processor.py:186} INFO - Started process (PID=78309) to work on /home/airflow/.local/lib/python3.12/site-packages/airflow/example_dags/example_dynamic_task_mapping.py
[2024-10-26T07:10:03.099+0000] {processor.py:914} INFO - Processing file /home/airflow/.local/lib/python3.12/site-packages/airflow/example_dags/example_dynamic_task_mapping.py for tasks to queue
[2024-10-26T07:10:03.100+0000] {logging_mixin.py:190} INFO - [2024-10-26T07:10:03.100+0000] {dagbag.py:588} INFO - Filling up the DagBag from /home/airflow/.local/lib/python3.12/site-packages/airflow/example_dags/example_dynamic_task_mapping.py
[2024-10-26T07:10:03.106+0000] {processor.py:925} INFO - DAG(s) 'example_dynamic_task_mapping' retrieved from /home/airflow/.local/lib/python3.12/site-packages/airflow/example_dags/example_dynamic_task_mapping.py
[2024-10-26T07:10:03.121+0000] {logging_mixin.py:190} INFO - [2024-10-26T07:10:03.121+0000] {dag.py:3239} INFO - Sync 1 DAGs
[2024-10-26T07:10:03.127+0000] {logging_mixin.py:190} INFO - [2024-10-26T07:10:03.127+0000] {dag.py:4180} INFO - Setting next_dagrun for example_dynamic_task_mapping to None, run_after=None
[2024-10-26T07:10:03.137+0000] {processor.py:208} INFO - Processing /home/airflow/.local/lib/python3.12/site-packages/airflow/example_dags/example_dynamic_task_mapping.py took 0.042 seconds
[2024-10-26T07:10:34.878+0000] {processor.py:186} INFO - Started process (PID=78600) to work on /home/airflow/.local/lib/python3.12/site-packages/airflow/example_dags/example_dynamic_task_mapping.py
[2024-10-26T07:10:34.880+0000] {processor.py:914} INFO - Processing file /home/airflow/.local/lib/python3.12/site-packages/airflow/example_dags/example_dynamic_task_mapping.py for tasks to queue
[2024-10-26T07:10:34.880+0000] {logging_mixin.py:190} INFO - [2024-10-26T07:10:34.880+0000] {dagbag.py:588} INFO - Filling up the DagBag from /home/airflow/.local/lib/python3.12/site-packages/airflow/example_dags/example_dynamic_task_mapping.py
[2024-10-26T07:10:34.887+0000] {processor.py:925} INFO - DAG(s) 'example_dynamic_task_mapping' retrieved from /home/airflow/.local/lib/python3.12/site-packages/airflow/example_dags/example_dynamic_task_mapping.py
[2024-10-26T07:10:34.898+0000] {logging_mixin.py:190} INFO - [2024-10-26T07:10:34.898+0000] {dag.py:3239} INFO - Sync 1 DAGs
[2024-10-26T07:10:34.908+0000] {logging_mixin.py:190} INFO - [2024-10-26T07:10:34.908+0000] {dag.py:4180} INFO - Setting next_dagrun for example_dynamic_task_mapping to None, run_after=None
[2024-10-26T07:10:34.919+0000] {processor.py:208} INFO - Processing /home/airflow/.local/lib/python3.12/site-packages/airflow/example_dags/example_dynamic_task_mapping.py took 0.044 seconds
[2024-10-26T07:11:06.484+0000] {processor.py:186} INFO - Started process (PID=78896) to work on /home/airflow/.local/lib/python3.12/site-packages/airflow/example_dags/example_dynamic_task_mapping.py
[2024-10-26T07:11:06.485+0000] {processor.py:914} INFO - Processing file /home/airflow/.local/lib/python3.12/site-packages/airflow/example_dags/example_dynamic_task_mapping.py for tasks to queue
[2024-10-26T07:11:06.486+0000] {logging_mixin.py:190} INFO - [2024-10-26T07:11:06.486+0000] {dagbag.py:588} INFO - Filling up the DagBag from /home/airflow/.local/lib/python3.12/site-packages/airflow/example_dags/example_dynamic_task_mapping.py
[2024-10-26T07:11:06.491+0000] {processor.py:925} INFO - DAG(s) 'example_dynamic_task_mapping' retrieved from /home/airflow/.local/lib/python3.12/site-packages/airflow/example_dags/example_dynamic_task_mapping.py
[2024-10-26T07:11:06.506+0000] {logging_mixin.py:190} INFO - [2024-10-26T07:11:06.506+0000] {dag.py:3239} INFO - Sync 1 DAGs
[2024-10-26T07:11:06.516+0000] {logging_mixin.py:190} INFO - [2024-10-26T07:11:06.516+0000] {dag.py:4180} INFO - Setting next_dagrun for example_dynamic_task_mapping to None, run_after=None
[2024-10-26T07:11:06.526+0000] {processor.py:208} INFO - Processing /home/airflow/.local/lib/python3.12/site-packages/airflow/example_dags/example_dynamic_task_mapping.py took 0.046 seconds
[2024-10-26T07:11:36.954+0000] {processor.py:186} INFO - Started process (PID=79187) to work on /home/airflow/.local/lib/python3.12/site-packages/airflow/example_dags/example_dynamic_task_mapping.py
[2024-10-26T07:11:36.955+0000] {processor.py:914} INFO - Processing file /home/airflow/.local/lib/python3.12/site-packages/airflow/example_dags/example_dynamic_task_mapping.py for tasks to queue
[2024-10-26T07:11:36.956+0000] {logging_mixin.py:190} INFO - [2024-10-26T07:11:36.956+0000] {dagbag.py:588} INFO - Filling up the DagBag from /home/airflow/.local/lib/python3.12/site-packages/airflow/example_dags/example_dynamic_task_mapping.py
[2024-10-26T07:11:36.966+0000] {processor.py:925} INFO - DAG(s) 'example_dynamic_task_mapping' retrieved from /home/airflow/.local/lib/python3.12/site-packages/airflow/example_dags/example_dynamic_task_mapping.py
[2024-10-26T07:11:36.983+0000] {logging_mixin.py:190} INFO - [2024-10-26T07:11:36.983+0000] {dag.py:3239} INFO - Sync 1 DAGs
[2024-10-26T07:11:36.991+0000] {logging_mixin.py:190} INFO - [2024-10-26T07:11:36.991+0000] {dag.py:4180} INFO - Setting next_dagrun for example_dynamic_task_mapping to None, run_after=None
[2024-10-26T07:11:37.005+0000] {processor.py:208} INFO - Processing /home/airflow/.local/lib/python3.12/site-packages/airflow/example_dags/example_dynamic_task_mapping.py took 0.057 seconds
[2024-10-26T07:12:08.111+0000] {processor.py:186} INFO - Started process (PID=79480) to work on /home/airflow/.local/lib/python3.12/site-packages/airflow/example_dags/example_dynamic_task_mapping.py
[2024-10-26T07:12:08.112+0000] {processor.py:914} INFO - Processing file /home/airflow/.local/lib/python3.12/site-packages/airflow/example_dags/example_dynamic_task_mapping.py for tasks to queue
[2024-10-26T07:12:08.113+0000] {logging_mixin.py:190} INFO - [2024-10-26T07:12:08.113+0000] {dagbag.py:588} INFO - Filling up the DagBag from /home/airflow/.local/lib/python3.12/site-packages/airflow/example_dags/example_dynamic_task_mapping.py
[2024-10-26T07:12:08.121+0000] {processor.py:925} INFO - DAG(s) 'example_dynamic_task_mapping' retrieved from /home/airflow/.local/lib/python3.12/site-packages/airflow/example_dags/example_dynamic_task_mapping.py
[2024-10-26T07:12:08.145+0000] {logging_mixin.py:190} INFO - [2024-10-26T07:12:08.145+0000] {dag.py:3239} INFO - Sync 1 DAGs
[2024-10-26T07:12:08.153+0000] {logging_mixin.py:190} INFO - [2024-10-26T07:12:08.153+0000] {dag.py:4180} INFO - Setting next_dagrun for example_dynamic_task_mapping to None, run_after=None
[2024-10-26T07:12:08.164+0000] {processor.py:208} INFO - Processing /home/airflow/.local/lib/python3.12/site-packages/airflow/example_dags/example_dynamic_task_mapping.py took 0.056 seconds
[2024-10-26T07:12:39.069+0000] {processor.py:186} INFO - Started process (PID=79769) to work on /home/airflow/.local/lib/python3.12/site-packages/airflow/example_dags/example_dynamic_task_mapping.py
[2024-10-26T07:12:39.070+0000] {processor.py:914} INFO - Processing file /home/airflow/.local/lib/python3.12/site-packages/airflow/example_dags/example_dynamic_task_mapping.py for tasks to queue
[2024-10-26T07:12:39.072+0000] {logging_mixin.py:190} INFO - [2024-10-26T07:12:39.072+0000] {dagbag.py:588} INFO - Filling up the DagBag from /home/airflow/.local/lib/python3.12/site-packages/airflow/example_dags/example_dynamic_task_mapping.py
[2024-10-26T07:12:39.078+0000] {processor.py:925} INFO - DAG(s) 'example_dynamic_task_mapping' retrieved from /home/airflow/.local/lib/python3.12/site-packages/airflow/example_dags/example_dynamic_task_mapping.py
[2024-10-26T07:12:39.094+0000] {logging_mixin.py:190} INFO - [2024-10-26T07:12:39.094+0000] {dag.py:3239} INFO - Sync 1 DAGs
[2024-10-26T07:12:39.101+0000] {logging_mixin.py:190} INFO - [2024-10-26T07:12:39.100+0000] {dag.py:4180} INFO - Setting next_dagrun for example_dynamic_task_mapping to None, run_after=None
[2024-10-26T07:12:39.110+0000] {processor.py:208} INFO - Processing /home/airflow/.local/lib/python3.12/site-packages/airflow/example_dags/example_dynamic_task_mapping.py took 0.045 seconds
[2024-10-26T07:13:09.809+0000] {processor.py:186} INFO - Started process (PID=80059) to work on /home/airflow/.local/lib/python3.12/site-packages/airflow/example_dags/example_dynamic_task_mapping.py
[2024-10-26T07:13:09.812+0000] {processor.py:914} INFO - Processing file /home/airflow/.local/lib/python3.12/site-packages/airflow/example_dags/example_dynamic_task_mapping.py for tasks to queue
[2024-10-26T07:13:09.813+0000] {logging_mixin.py:190} INFO - [2024-10-26T07:13:09.813+0000] {dagbag.py:588} INFO - Filling up the DagBag from /home/airflow/.local/lib/python3.12/site-packages/airflow/example_dags/example_dynamic_task_mapping.py
[2024-10-26T07:13:09.818+0000] {processor.py:925} INFO - DAG(s) 'example_dynamic_task_mapping' retrieved from /home/airflow/.local/lib/python3.12/site-packages/airflow/example_dags/example_dynamic_task_mapping.py
[2024-10-26T07:13:09.828+0000] {logging_mixin.py:190} INFO - [2024-10-26T07:13:09.828+0000] {dag.py:3239} INFO - Sync 1 DAGs
[2024-10-26T07:13:09.838+0000] {logging_mixin.py:190} INFO - [2024-10-26T07:13:09.838+0000] {dag.py:4180} INFO - Setting next_dagrun for example_dynamic_task_mapping to None, run_after=None
[2024-10-26T07:13:09.847+0000] {processor.py:208} INFO - Processing /home/airflow/.local/lib/python3.12/site-packages/airflow/example_dags/example_dynamic_task_mapping.py took 0.042 seconds
[2024-10-26T07:13:40.353+0000] {processor.py:186} INFO - Started process (PID=80350) to work on /home/airflow/.local/lib/python3.12/site-packages/airflow/example_dags/example_dynamic_task_mapping.py
[2024-10-26T07:13:40.354+0000] {processor.py:914} INFO - Processing file /home/airflow/.local/lib/python3.12/site-packages/airflow/example_dags/example_dynamic_task_mapping.py for tasks to queue
[2024-10-26T07:13:40.355+0000] {logging_mixin.py:190} INFO - [2024-10-26T07:13:40.355+0000] {dagbag.py:588} INFO - Filling up the DagBag from /home/airflow/.local/lib/python3.12/site-packages/airflow/example_dags/example_dynamic_task_mapping.py
[2024-10-26T07:13:40.360+0000] {processor.py:925} INFO - DAG(s) 'example_dynamic_task_mapping' retrieved from /home/airflow/.local/lib/python3.12/site-packages/airflow/example_dags/example_dynamic_task_mapping.py
[2024-10-26T07:13:40.369+0000] {logging_mixin.py:190} INFO - [2024-10-26T07:13:40.369+0000] {dag.py:3239} INFO - Sync 1 DAGs
[2024-10-26T07:13:40.376+0000] {logging_mixin.py:190} INFO - [2024-10-26T07:13:40.376+0000] {dag.py:4180} INFO - Setting next_dagrun for example_dynamic_task_mapping to None, run_after=None
[2024-10-26T07:13:40.384+0000] {processor.py:208} INFO - Processing /home/airflow/.local/lib/python3.12/site-packages/airflow/example_dags/example_dynamic_task_mapping.py took 0.035 seconds
[2024-10-26T07:14:12.507+0000] {processor.py:186} INFO - Started process (PID=80641) to work on /home/airflow/.local/lib/python3.12/site-packages/airflow/example_dags/example_dynamic_task_mapping.py
[2024-10-26T07:14:12.507+0000] {processor.py:914} INFO - Processing file /home/airflow/.local/lib/python3.12/site-packages/airflow/example_dags/example_dynamic_task_mapping.py for tasks to queue
[2024-10-26T07:14:12.508+0000] {logging_mixin.py:190} INFO - [2024-10-26T07:14:12.508+0000] {dagbag.py:588} INFO - Filling up the DagBag from /home/airflow/.local/lib/python3.12/site-packages/airflow/example_dags/example_dynamic_task_mapping.py
[2024-10-26T07:14:12.514+0000] {processor.py:925} INFO - DAG(s) 'example_dynamic_task_mapping' retrieved from /home/airflow/.local/lib/python3.12/site-packages/airflow/example_dags/example_dynamic_task_mapping.py
[2024-10-26T07:14:12.527+0000] {logging_mixin.py:190} INFO - [2024-10-26T07:14:12.527+0000] {dag.py:3239} INFO - Sync 1 DAGs
[2024-10-26T07:14:12.534+0000] {logging_mixin.py:190} INFO - [2024-10-26T07:14:12.534+0000] {dag.py:4180} INFO - Setting next_dagrun for example_dynamic_task_mapping to None, run_after=None
[2024-10-26T07:14:12.548+0000] {processor.py:208} INFO - Processing /home/airflow/.local/lib/python3.12/site-packages/airflow/example_dags/example_dynamic_task_mapping.py took 0.045 seconds
[2024-10-26T07:14:44.590+0000] {processor.py:186} INFO - Started process (PID=80932) to work on /home/airflow/.local/lib/python3.12/site-packages/airflow/example_dags/example_dynamic_task_mapping.py
[2024-10-26T07:14:44.591+0000] {processor.py:914} INFO - Processing file /home/airflow/.local/lib/python3.12/site-packages/airflow/example_dags/example_dynamic_task_mapping.py for tasks to queue
[2024-10-26T07:14:44.593+0000] {logging_mixin.py:190} INFO - [2024-10-26T07:14:44.593+0000] {dagbag.py:588} INFO - Filling up the DagBag from /home/airflow/.local/lib/python3.12/site-packages/airflow/example_dags/example_dynamic_task_mapping.py
[2024-10-26T07:14:44.601+0000] {processor.py:925} INFO - DAG(s) 'example_dynamic_task_mapping' retrieved from /home/airflow/.local/lib/python3.12/site-packages/airflow/example_dags/example_dynamic_task_mapping.py
[2024-10-26T07:14:44.733+0000] {logging_mixin.py:190} INFO - [2024-10-26T07:14:44.733+0000] {dag.py:3239} INFO - Sync 1 DAGs
[2024-10-26T07:14:44.752+0000] {logging_mixin.py:190} INFO - [2024-10-26T07:14:44.752+0000] {dag.py:4180} INFO - Setting next_dagrun for example_dynamic_task_mapping to None, run_after=None
[2024-10-26T07:14:44.806+0000] {processor.py:208} INFO - Processing /home/airflow/.local/lib/python3.12/site-packages/airflow/example_dags/example_dynamic_task_mapping.py took 0.219 seconds
[2024-10-26T07:15:15.386+0000] {processor.py:186} INFO - Started process (PID=81223) to work on /home/airflow/.local/lib/python3.12/site-packages/airflow/example_dags/example_dynamic_task_mapping.py
[2024-10-26T07:15:15.387+0000] {processor.py:914} INFO - Processing file /home/airflow/.local/lib/python3.12/site-packages/airflow/example_dags/example_dynamic_task_mapping.py for tasks to queue
[2024-10-26T07:15:15.387+0000] {logging_mixin.py:190} INFO - [2024-10-26T07:15:15.387+0000] {dagbag.py:588} INFO - Filling up the DagBag from /home/airflow/.local/lib/python3.12/site-packages/airflow/example_dags/example_dynamic_task_mapping.py
[2024-10-26T07:15:15.397+0000] {processor.py:925} INFO - DAG(s) 'example_dynamic_task_mapping' retrieved from /home/airflow/.local/lib/python3.12/site-packages/airflow/example_dags/example_dynamic_task_mapping.py
[2024-10-26T07:15:15.412+0000] {logging_mixin.py:190} INFO - [2024-10-26T07:15:15.412+0000] {dag.py:3239} INFO - Sync 1 DAGs
[2024-10-26T07:15:15.422+0000] {logging_mixin.py:190} INFO - [2024-10-26T07:15:15.421+0000] {dag.py:4180} INFO - Setting next_dagrun for example_dynamic_task_mapping to None, run_after=None
[2024-10-26T07:15:15.435+0000] {processor.py:208} INFO - Processing /home/airflow/.local/lib/python3.12/site-packages/airflow/example_dags/example_dynamic_task_mapping.py took 0.054 seconds
[2024-10-26T07:15:45.490+0000] {processor.py:186} INFO - Started process (PID=81516) to work on /home/airflow/.local/lib/python3.12/site-packages/airflow/example_dags/example_dynamic_task_mapping.py
[2024-10-26T07:15:45.490+0000] {processor.py:914} INFO - Processing file /home/airflow/.local/lib/python3.12/site-packages/airflow/example_dags/example_dynamic_task_mapping.py for tasks to queue
[2024-10-26T07:15:45.491+0000] {logging_mixin.py:190} INFO - [2024-10-26T07:15:45.491+0000] {dagbag.py:588} INFO - Filling up the DagBag from /home/airflow/.local/lib/python3.12/site-packages/airflow/example_dags/example_dynamic_task_mapping.py
[2024-10-26T07:15:45.495+0000] {processor.py:925} INFO - DAG(s) 'example_dynamic_task_mapping' retrieved from /home/airflow/.local/lib/python3.12/site-packages/airflow/example_dags/example_dynamic_task_mapping.py
[2024-10-26T07:15:45.505+0000] {logging_mixin.py:190} INFO - [2024-10-26T07:15:45.505+0000] {dag.py:3239} INFO - Sync 1 DAGs
[2024-10-26T07:15:45.511+0000] {logging_mixin.py:190} INFO - [2024-10-26T07:15:45.511+0000] {dag.py:4180} INFO - Setting next_dagrun for example_dynamic_task_mapping to None, run_after=None
[2024-10-26T07:15:45.519+0000] {processor.py:208} INFO - Processing /home/airflow/.local/lib/python3.12/site-packages/airflow/example_dags/example_dynamic_task_mapping.py took 0.032 seconds
[2024-10-26T07:16:16.967+0000] {processor.py:186} INFO - Started process (PID=81807) to work on /home/airflow/.local/lib/python3.12/site-packages/airflow/example_dags/example_dynamic_task_mapping.py
[2024-10-26T07:16:16.969+0000] {processor.py:914} INFO - Processing file /home/airflow/.local/lib/python3.12/site-packages/airflow/example_dags/example_dynamic_task_mapping.py for tasks to queue
[2024-10-26T07:16:16.970+0000] {logging_mixin.py:190} INFO - [2024-10-26T07:16:16.970+0000] {dagbag.py:588} INFO - Filling up the DagBag from /home/airflow/.local/lib/python3.12/site-packages/airflow/example_dags/example_dynamic_task_mapping.py
[2024-10-26T07:16:16.976+0000] {processor.py:925} INFO - DAG(s) 'example_dynamic_task_mapping' retrieved from /home/airflow/.local/lib/python3.12/site-packages/airflow/example_dags/example_dynamic_task_mapping.py
[2024-10-26T07:16:16.994+0000] {logging_mixin.py:190} INFO - [2024-10-26T07:16:16.993+0000] {dag.py:3239} INFO - Sync 1 DAGs
[2024-10-26T07:16:17.007+0000] {logging_mixin.py:190} INFO - [2024-10-26T07:16:17.006+0000] {dag.py:4180} INFO - Setting next_dagrun for example_dynamic_task_mapping to None, run_after=None
[2024-10-26T07:16:17.021+0000] {processor.py:208} INFO - Processing /home/airflow/.local/lib/python3.12/site-packages/airflow/example_dags/example_dynamic_task_mapping.py took 0.062 seconds
[2024-10-26T07:16:47.852+0000] {processor.py:186} INFO - Started process (PID=82096) to work on /home/airflow/.local/lib/python3.12/site-packages/airflow/example_dags/example_dynamic_task_mapping.py
[2024-10-26T07:16:47.853+0000] {processor.py:914} INFO - Processing file /home/airflow/.local/lib/python3.12/site-packages/airflow/example_dags/example_dynamic_task_mapping.py for tasks to queue
[2024-10-26T07:16:47.854+0000] {logging_mixin.py:190} INFO - [2024-10-26T07:16:47.854+0000] {dagbag.py:588} INFO - Filling up the DagBag from /home/airflow/.local/lib/python3.12/site-packages/airflow/example_dags/example_dynamic_task_mapping.py
[2024-10-26T07:16:47.861+0000] {processor.py:925} INFO - DAG(s) 'example_dynamic_task_mapping' retrieved from /home/airflow/.local/lib/python3.12/site-packages/airflow/example_dags/example_dynamic_task_mapping.py
[2024-10-26T07:16:47.881+0000] {logging_mixin.py:190} INFO - [2024-10-26T07:16:47.881+0000] {dag.py:3239} INFO - Sync 1 DAGs
[2024-10-26T07:16:47.889+0000] {logging_mixin.py:190} INFO - [2024-10-26T07:16:47.889+0000] {dag.py:4180} INFO - Setting next_dagrun for example_dynamic_task_mapping to None, run_after=None
[2024-10-26T07:16:47.898+0000] {processor.py:208} INFO - Processing /home/airflow/.local/lib/python3.12/site-packages/airflow/example_dags/example_dynamic_task_mapping.py took 0.050 seconds
[2024-10-26T07:17:18.779+0000] {processor.py:186} INFO - Started process (PID=82388) to work on /home/airflow/.local/lib/python3.12/site-packages/airflow/example_dags/example_dynamic_task_mapping.py
[2024-10-26T07:17:18.780+0000] {processor.py:914} INFO - Processing file /home/airflow/.local/lib/python3.12/site-packages/airflow/example_dags/example_dynamic_task_mapping.py for tasks to queue
[2024-10-26T07:17:18.781+0000] {logging_mixin.py:190} INFO - [2024-10-26T07:17:18.780+0000] {dagbag.py:588} INFO - Filling up the DagBag from /home/airflow/.local/lib/python3.12/site-packages/airflow/example_dags/example_dynamic_task_mapping.py
[2024-10-26T07:17:18.786+0000] {processor.py:925} INFO - DAG(s) 'example_dynamic_task_mapping' retrieved from /home/airflow/.local/lib/python3.12/site-packages/airflow/example_dags/example_dynamic_task_mapping.py
[2024-10-26T07:17:18.806+0000] {logging_mixin.py:190} INFO - [2024-10-26T07:17:18.806+0000] {dag.py:3239} INFO - Sync 1 DAGs
[2024-10-26T07:17:18.816+0000] {logging_mixin.py:190} INFO - [2024-10-26T07:17:18.816+0000] {dag.py:4180} INFO - Setting next_dagrun for example_dynamic_task_mapping to None, run_after=None
[2024-10-26T07:17:18.835+0000] {processor.py:208} INFO - Processing /home/airflow/.local/lib/python3.12/site-packages/airflow/example_dags/example_dynamic_task_mapping.py took 0.059 seconds
[2024-10-26T07:17:49.842+0000] {processor.py:186} INFO - Started process (PID=82677) to work on /home/airflow/.local/lib/python3.12/site-packages/airflow/example_dags/example_dynamic_task_mapping.py
[2024-10-26T07:17:49.844+0000] {processor.py:914} INFO - Processing file /home/airflow/.local/lib/python3.12/site-packages/airflow/example_dags/example_dynamic_task_mapping.py for tasks to queue
[2024-10-26T07:17:49.846+0000] {logging_mixin.py:190} INFO - [2024-10-26T07:17:49.846+0000] {dagbag.py:588} INFO - Filling up the DagBag from /home/airflow/.local/lib/python3.12/site-packages/airflow/example_dags/example_dynamic_task_mapping.py
[2024-10-26T07:17:49.853+0000] {processor.py:925} INFO - DAG(s) 'example_dynamic_task_mapping' retrieved from /home/airflow/.local/lib/python3.12/site-packages/airflow/example_dags/example_dynamic_task_mapping.py
[2024-10-26T07:17:49.868+0000] {logging_mixin.py:190} INFO - [2024-10-26T07:17:49.868+0000] {dag.py:3239} INFO - Sync 1 DAGs
[2024-10-26T07:17:49.879+0000] {logging_mixin.py:190} INFO - [2024-10-26T07:17:49.879+0000] {dag.py:4180} INFO - Setting next_dagrun for example_dynamic_task_mapping to None, run_after=None
[2024-10-26T07:17:49.892+0000] {processor.py:208} INFO - Processing /home/airflow/.local/lib/python3.12/site-packages/airflow/example_dags/example_dynamic_task_mapping.py took 0.054 seconds
[2024-10-26T07:18:20.274+0000] {processor.py:186} INFO - Started process (PID=82970) to work on /home/airflow/.local/lib/python3.12/site-packages/airflow/example_dags/example_dynamic_task_mapping.py
[2024-10-26T07:18:20.274+0000] {processor.py:914} INFO - Processing file /home/airflow/.local/lib/python3.12/site-packages/airflow/example_dags/example_dynamic_task_mapping.py for tasks to queue
[2024-10-26T07:18:20.275+0000] {logging_mixin.py:190} INFO - [2024-10-26T07:18:20.275+0000] {dagbag.py:588} INFO - Filling up the DagBag from /home/airflow/.local/lib/python3.12/site-packages/airflow/example_dags/example_dynamic_task_mapping.py
[2024-10-26T07:18:20.281+0000] {processor.py:925} INFO - DAG(s) 'example_dynamic_task_mapping' retrieved from /home/airflow/.local/lib/python3.12/site-packages/airflow/example_dags/example_dynamic_task_mapping.py
[2024-10-26T07:18:20.296+0000] {logging_mixin.py:190} INFO - [2024-10-26T07:18:20.296+0000] {dag.py:3239} INFO - Sync 1 DAGs
[2024-10-26T07:18:20.306+0000] {logging_mixin.py:190} INFO - [2024-10-26T07:18:20.305+0000] {dag.py:4180} INFO - Setting next_dagrun for example_dynamic_task_mapping to None, run_after=None
[2024-10-26T07:18:20.323+0000] {processor.py:208} INFO - Processing /home/airflow/.local/lib/python3.12/site-packages/airflow/example_dags/example_dynamic_task_mapping.py took 0.053 seconds
[2024-10-26T07:18:51.372+0000] {processor.py:186} INFO - Started process (PID=83259) to work on /home/airflow/.local/lib/python3.12/site-packages/airflow/example_dags/example_dynamic_task_mapping.py
[2024-10-26T07:18:51.377+0000] {processor.py:914} INFO - Processing file /home/airflow/.local/lib/python3.12/site-packages/airflow/example_dags/example_dynamic_task_mapping.py for tasks to queue
[2024-10-26T07:18:51.381+0000] {logging_mixin.py:190} INFO - [2024-10-26T07:18:51.381+0000] {dagbag.py:588} INFO - Filling up the DagBag from /home/airflow/.local/lib/python3.12/site-packages/airflow/example_dags/example_dynamic_task_mapping.py
[2024-10-26T07:18:51.388+0000] {processor.py:925} INFO - DAG(s) 'example_dynamic_task_mapping' retrieved from /home/airflow/.local/lib/python3.12/site-packages/airflow/example_dags/example_dynamic_task_mapping.py
[2024-10-26T07:18:51.415+0000] {logging_mixin.py:190} INFO - [2024-10-26T07:18:51.415+0000] {dag.py:3239} INFO - Sync 1 DAGs
[2024-10-26T07:18:51.431+0000] {logging_mixin.py:190} INFO - [2024-10-26T07:18:51.431+0000] {dag.py:4180} INFO - Setting next_dagrun for example_dynamic_task_mapping to None, run_after=None
[2024-10-26T07:18:51.454+0000] {processor.py:208} INFO - Processing /home/airflow/.local/lib/python3.12/site-packages/airflow/example_dags/example_dynamic_task_mapping.py took 0.090 seconds
[2024-10-26T07:19:21.558+0000] {processor.py:186} INFO - Started process (PID=83551) to work on /home/airflow/.local/lib/python3.12/site-packages/airflow/example_dags/example_dynamic_task_mapping.py
[2024-10-26T07:19:21.558+0000] {processor.py:914} INFO - Processing file /home/airflow/.local/lib/python3.12/site-packages/airflow/example_dags/example_dynamic_task_mapping.py for tasks to queue
[2024-10-26T07:19:21.559+0000] {logging_mixin.py:190} INFO - [2024-10-26T07:19:21.559+0000] {dagbag.py:588} INFO - Filling up the DagBag from /home/airflow/.local/lib/python3.12/site-packages/airflow/example_dags/example_dynamic_task_mapping.py
[2024-10-26T07:19:21.563+0000] {processor.py:925} INFO - DAG(s) 'example_dynamic_task_mapping' retrieved from /home/airflow/.local/lib/python3.12/site-packages/airflow/example_dags/example_dynamic_task_mapping.py
[2024-10-26T07:19:21.573+0000] {logging_mixin.py:190} INFO - [2024-10-26T07:19:21.573+0000] {dag.py:3239} INFO - Sync 1 DAGs
[2024-10-26T07:19:21.597+0000] {logging_mixin.py:190} INFO - [2024-10-26T07:19:21.596+0000] {dag.py:4180} INFO - Setting next_dagrun for example_dynamic_task_mapping to None, run_after=None
[2024-10-26T07:19:21.611+0000] {processor.py:208} INFO - Processing /home/airflow/.local/lib/python3.12/site-packages/airflow/example_dags/example_dynamic_task_mapping.py took 0.056 seconds
[2024-10-26T07:19:52.500+0000] {processor.py:186} INFO - Started process (PID=83842) to work on /home/airflow/.local/lib/python3.12/site-packages/airflow/example_dags/example_dynamic_task_mapping.py
[2024-10-26T07:19:52.506+0000] {processor.py:914} INFO - Processing file /home/airflow/.local/lib/python3.12/site-packages/airflow/example_dags/example_dynamic_task_mapping.py for tasks to queue
[2024-10-26T07:19:52.509+0000] {logging_mixin.py:190} INFO - [2024-10-26T07:19:52.509+0000] {dagbag.py:588} INFO - Filling up the DagBag from /home/airflow/.local/lib/python3.12/site-packages/airflow/example_dags/example_dynamic_task_mapping.py
[2024-10-26T07:19:52.520+0000] {processor.py:925} INFO - DAG(s) 'example_dynamic_task_mapping' retrieved from /home/airflow/.local/lib/python3.12/site-packages/airflow/example_dags/example_dynamic_task_mapping.py
[2024-10-26T07:19:52.557+0000] {logging_mixin.py:190} INFO - [2024-10-26T07:19:52.556+0000] {dag.py:3239} INFO - Sync 1 DAGs
[2024-10-26T07:19:52.570+0000] {logging_mixin.py:190} INFO - [2024-10-26T07:19:52.570+0000] {dag.py:4180} INFO - Setting next_dagrun for example_dynamic_task_mapping to None, run_after=None
[2024-10-26T07:19:52.615+0000] {processor.py:208} INFO - Processing /home/airflow/.local/lib/python3.12/site-packages/airflow/example_dags/example_dynamic_task_mapping.py took 0.126 seconds
[2024-10-26T07:20:22.693+0000] {processor.py:186} INFO - Started process (PID=84131) to work on /home/airflow/.local/lib/python3.12/site-packages/airflow/example_dags/example_dynamic_task_mapping.py
[2024-10-26T07:20:22.693+0000] {processor.py:914} INFO - Processing file /home/airflow/.local/lib/python3.12/site-packages/airflow/example_dags/example_dynamic_task_mapping.py for tasks to queue
[2024-10-26T07:20:22.694+0000] {logging_mixin.py:190} INFO - [2024-10-26T07:20:22.694+0000] {dagbag.py:588} INFO - Filling up the DagBag from /home/airflow/.local/lib/python3.12/site-packages/airflow/example_dags/example_dynamic_task_mapping.py
[2024-10-26T07:20:22.699+0000] {processor.py:925} INFO - DAG(s) 'example_dynamic_task_mapping' retrieved from /home/airflow/.local/lib/python3.12/site-packages/airflow/example_dags/example_dynamic_task_mapping.py
[2024-10-26T07:20:22.711+0000] {logging_mixin.py:190} INFO - [2024-10-26T07:20:22.711+0000] {dag.py:3239} INFO - Sync 1 DAGs
[2024-10-26T07:20:22.720+0000] {logging_mixin.py:190} INFO - [2024-10-26T07:20:22.720+0000] {dag.py:4180} INFO - Setting next_dagrun for example_dynamic_task_mapping to None, run_after=None
[2024-10-26T07:20:22.742+0000] {processor.py:208} INFO - Processing /home/airflow/.local/lib/python3.12/site-packages/airflow/example_dags/example_dynamic_task_mapping.py took 0.054 seconds
[2024-10-26T07:20:52.791+0000] {processor.py:186} INFO - Started process (PID=84424) to work on /home/airflow/.local/lib/python3.12/site-packages/airflow/example_dags/example_dynamic_task_mapping.py
[2024-10-26T07:20:52.792+0000] {processor.py:914} INFO - Processing file /home/airflow/.local/lib/python3.12/site-packages/airflow/example_dags/example_dynamic_task_mapping.py for tasks to queue
[2024-10-26T07:20:52.793+0000] {logging_mixin.py:190} INFO - [2024-10-26T07:20:52.792+0000] {dagbag.py:588} INFO - Filling up the DagBag from /home/airflow/.local/lib/python3.12/site-packages/airflow/example_dags/example_dynamic_task_mapping.py
[2024-10-26T07:20:52.798+0000] {processor.py:925} INFO - DAG(s) 'example_dynamic_task_mapping' retrieved from /home/airflow/.local/lib/python3.12/site-packages/airflow/example_dags/example_dynamic_task_mapping.py
[2024-10-26T07:20:52.812+0000] {logging_mixin.py:190} INFO - [2024-10-26T07:20:52.812+0000] {dag.py:3239} INFO - Sync 1 DAGs
[2024-10-26T07:20:52.819+0000] {logging_mixin.py:190} INFO - [2024-10-26T07:20:52.819+0000] {dag.py:4180} INFO - Setting next_dagrun for example_dynamic_task_mapping to None, run_after=None
[2024-10-26T07:20:52.831+0000] {processor.py:208} INFO - Processing /home/airflow/.local/lib/python3.12/site-packages/airflow/example_dags/example_dynamic_task_mapping.py took 0.043 seconds
[2024-10-26T07:21:23.437+0000] {processor.py:186} INFO - Started process (PID=84713) to work on /home/airflow/.local/lib/python3.12/site-packages/airflow/example_dags/example_dynamic_task_mapping.py
[2024-10-26T07:21:23.438+0000] {processor.py:914} INFO - Processing file /home/airflow/.local/lib/python3.12/site-packages/airflow/example_dags/example_dynamic_task_mapping.py for tasks to queue
[2024-10-26T07:21:23.439+0000] {logging_mixin.py:190} INFO - [2024-10-26T07:21:23.439+0000] {dagbag.py:588} INFO - Filling up the DagBag from /home/airflow/.local/lib/python3.12/site-packages/airflow/example_dags/example_dynamic_task_mapping.py
[2024-10-26T07:21:23.444+0000] {processor.py:925} INFO - DAG(s) 'example_dynamic_task_mapping' retrieved from /home/airflow/.local/lib/python3.12/site-packages/airflow/example_dags/example_dynamic_task_mapping.py
[2024-10-26T07:21:23.454+0000] {logging_mixin.py:190} INFO - [2024-10-26T07:21:23.453+0000] {dag.py:3239} INFO - Sync 1 DAGs
[2024-10-26T07:21:23.460+0000] {logging_mixin.py:190} INFO - [2024-10-26T07:21:23.460+0000] {dag.py:4180} INFO - Setting next_dagrun for example_dynamic_task_mapping to None, run_after=None
[2024-10-26T07:21:23.472+0000] {processor.py:208} INFO - Processing /home/airflow/.local/lib/python3.12/site-packages/airflow/example_dags/example_dynamic_task_mapping.py took 0.038 seconds
[2024-10-26T07:21:55.300+0000] {processor.py:186} INFO - Started process (PID=85004) to work on /home/airflow/.local/lib/python3.12/site-packages/airflow/example_dags/example_dynamic_task_mapping.py
[2024-10-26T07:21:55.301+0000] {processor.py:914} INFO - Processing file /home/airflow/.local/lib/python3.12/site-packages/airflow/example_dags/example_dynamic_task_mapping.py for tasks to queue
[2024-10-26T07:21:55.302+0000] {logging_mixin.py:190} INFO - [2024-10-26T07:21:55.302+0000] {dagbag.py:588} INFO - Filling up the DagBag from /home/airflow/.local/lib/python3.12/site-packages/airflow/example_dags/example_dynamic_task_mapping.py
[2024-10-26T07:21:55.306+0000] {processor.py:925} INFO - DAG(s) 'example_dynamic_task_mapping' retrieved from /home/airflow/.local/lib/python3.12/site-packages/airflow/example_dags/example_dynamic_task_mapping.py
[2024-10-26T07:21:55.317+0000] {logging_mixin.py:190} INFO - [2024-10-26T07:21:55.317+0000] {dag.py:3239} INFO - Sync 1 DAGs
[2024-10-26T07:21:55.326+0000] {logging_mixin.py:190} INFO - [2024-10-26T07:21:55.326+0000] {dag.py:4180} INFO - Setting next_dagrun for example_dynamic_task_mapping to None, run_after=None
[2024-10-26T07:21:55.334+0000] {processor.py:208} INFO - Processing /home/airflow/.local/lib/python3.12/site-packages/airflow/example_dags/example_dynamic_task_mapping.py took 0.038 seconds
[2024-10-26T07:22:26.275+0000] {processor.py:186} INFO - Started process (PID=85295) to work on /home/airflow/.local/lib/python3.12/site-packages/airflow/example_dags/example_dynamic_task_mapping.py
[2024-10-26T07:22:26.278+0000] {processor.py:914} INFO - Processing file /home/airflow/.local/lib/python3.12/site-packages/airflow/example_dags/example_dynamic_task_mapping.py for tasks to queue
[2024-10-26T07:22:26.279+0000] {logging_mixin.py:190} INFO - [2024-10-26T07:22:26.279+0000] {dagbag.py:588} INFO - Filling up the DagBag from /home/airflow/.local/lib/python3.12/site-packages/airflow/example_dags/example_dynamic_task_mapping.py
[2024-10-26T07:22:26.286+0000] {processor.py:925} INFO - DAG(s) 'example_dynamic_task_mapping' retrieved from /home/airflow/.local/lib/python3.12/site-packages/airflow/example_dags/example_dynamic_task_mapping.py
[2024-10-26T07:22:26.297+0000] {logging_mixin.py:190} INFO - [2024-10-26T07:22:26.297+0000] {dag.py:3239} INFO - Sync 1 DAGs
[2024-10-26T07:22:26.305+0000] {logging_mixin.py:190} INFO - [2024-10-26T07:22:26.305+0000] {dag.py:4180} INFO - Setting next_dagrun for example_dynamic_task_mapping to None, run_after=None
[2024-10-26T07:22:26.314+0000] {processor.py:208} INFO - Processing /home/airflow/.local/lib/python3.12/site-packages/airflow/example_dags/example_dynamic_task_mapping.py took 0.042 seconds
[2024-10-26T07:22:57.077+0000] {processor.py:186} INFO - Started process (PID=85586) to work on /home/airflow/.local/lib/python3.12/site-packages/airflow/example_dags/example_dynamic_task_mapping.py
[2024-10-26T07:22:57.078+0000] {processor.py:914} INFO - Processing file /home/airflow/.local/lib/python3.12/site-packages/airflow/example_dags/example_dynamic_task_mapping.py for tasks to queue
[2024-10-26T07:22:57.079+0000] {logging_mixin.py:190} INFO - [2024-10-26T07:22:57.079+0000] {dagbag.py:588} INFO - Filling up the DagBag from /home/airflow/.local/lib/python3.12/site-packages/airflow/example_dags/example_dynamic_task_mapping.py
[2024-10-26T07:22:57.085+0000] {processor.py:925} INFO - DAG(s) 'example_dynamic_task_mapping' retrieved from /home/airflow/.local/lib/python3.12/site-packages/airflow/example_dags/example_dynamic_task_mapping.py
[2024-10-26T07:22:57.096+0000] {logging_mixin.py:190} INFO - [2024-10-26T07:22:57.095+0000] {dag.py:3239} INFO - Sync 1 DAGs
[2024-10-26T07:22:57.102+0000] {logging_mixin.py:190} INFO - [2024-10-26T07:22:57.102+0000] {dag.py:4180} INFO - Setting next_dagrun for example_dynamic_task_mapping to None, run_after=None
[2024-10-26T07:22:57.112+0000] {processor.py:208} INFO - Processing /home/airflow/.local/lib/python3.12/site-packages/airflow/example_dags/example_dynamic_task_mapping.py took 0.039 seconds
[2024-10-26T07:23:27.839+0000] {processor.py:186} INFO - Started process (PID=85877) to work on /home/airflow/.local/lib/python3.12/site-packages/airflow/example_dags/example_dynamic_task_mapping.py
[2024-10-26T07:23:27.839+0000] {processor.py:914} INFO - Processing file /home/airflow/.local/lib/python3.12/site-packages/airflow/example_dags/example_dynamic_task_mapping.py for tasks to queue
[2024-10-26T07:23:27.840+0000] {logging_mixin.py:190} INFO - [2024-10-26T07:23:27.840+0000] {dagbag.py:588} INFO - Filling up the DagBag from /home/airflow/.local/lib/python3.12/site-packages/airflow/example_dags/example_dynamic_task_mapping.py
[2024-10-26T07:23:27.844+0000] {processor.py:925} INFO - DAG(s) 'example_dynamic_task_mapping' retrieved from /home/airflow/.local/lib/python3.12/site-packages/airflow/example_dags/example_dynamic_task_mapping.py
[2024-10-26T07:23:27.854+0000] {logging_mixin.py:190} INFO - [2024-10-26T07:23:27.854+0000] {dag.py:3239} INFO - Sync 1 DAGs
[2024-10-26T07:23:27.861+0000] {logging_mixin.py:190} INFO - [2024-10-26T07:23:27.861+0000] {dag.py:4180} INFO - Setting next_dagrun for example_dynamic_task_mapping to None, run_after=None
[2024-10-26T07:23:27.872+0000] {processor.py:208} INFO - Processing /home/airflow/.local/lib/python3.12/site-packages/airflow/example_dags/example_dynamic_task_mapping.py took 0.037 seconds
[2024-10-26T07:23:58.645+0000] {processor.py:186} INFO - Started process (PID=86168) to work on /home/airflow/.local/lib/python3.12/site-packages/airflow/example_dags/example_dynamic_task_mapping.py
[2024-10-26T07:23:58.645+0000] {processor.py:914} INFO - Processing file /home/airflow/.local/lib/python3.12/site-packages/airflow/example_dags/example_dynamic_task_mapping.py for tasks to queue
[2024-10-26T07:23:58.646+0000] {logging_mixin.py:190} INFO - [2024-10-26T07:23:58.646+0000] {dagbag.py:588} INFO - Filling up the DagBag from /home/airflow/.local/lib/python3.12/site-packages/airflow/example_dags/example_dynamic_task_mapping.py
[2024-10-26T07:23:58.652+0000] {processor.py:925} INFO - DAG(s) 'example_dynamic_task_mapping' retrieved from /home/airflow/.local/lib/python3.12/site-packages/airflow/example_dags/example_dynamic_task_mapping.py
[2024-10-26T07:23:58.663+0000] {logging_mixin.py:190} INFO - [2024-10-26T07:23:58.663+0000] {dag.py:3239} INFO - Sync 1 DAGs
[2024-10-26T07:23:58.670+0000] {logging_mixin.py:190} INFO - [2024-10-26T07:23:58.669+0000] {dag.py:4180} INFO - Setting next_dagrun for example_dynamic_task_mapping to None, run_after=None
[2024-10-26T07:23:58.678+0000] {processor.py:208} INFO - Processing /home/airflow/.local/lib/python3.12/site-packages/airflow/example_dags/example_dynamic_task_mapping.py took 0.037 seconds
[2024-10-26T07:24:29.745+0000] {processor.py:186} INFO - Started process (PID=86459) to work on /home/airflow/.local/lib/python3.12/site-packages/airflow/example_dags/example_dynamic_task_mapping.py
[2024-10-26T07:24:29.747+0000] {processor.py:914} INFO - Processing file /home/airflow/.local/lib/python3.12/site-packages/airflow/example_dags/example_dynamic_task_mapping.py for tasks to queue
[2024-10-26T07:24:29.748+0000] {logging_mixin.py:190} INFO - [2024-10-26T07:24:29.748+0000] {dagbag.py:588} INFO - Filling up the DagBag from /home/airflow/.local/lib/python3.12/site-packages/airflow/example_dags/example_dynamic_task_mapping.py
[2024-10-26T07:24:29.759+0000] {processor.py:925} INFO - DAG(s) 'example_dynamic_task_mapping' retrieved from /home/airflow/.local/lib/python3.12/site-packages/airflow/example_dags/example_dynamic_task_mapping.py
[2024-10-26T07:24:29.812+0000] {logging_mixin.py:190} INFO - [2024-10-26T07:24:29.810+0000] {dag.py:3239} INFO - Sync 1 DAGs
[2024-10-26T07:24:29.835+0000] {logging_mixin.py:190} INFO - [2024-10-26T07:24:29.835+0000] {dag.py:4180} INFO - Setting next_dagrun for example_dynamic_task_mapping to None, run_after=None
[2024-10-26T07:24:29.861+0000] {processor.py:208} INFO - Processing /home/airflow/.local/lib/python3.12/site-packages/airflow/example_dags/example_dynamic_task_mapping.py took 0.148 seconds
[2024-10-26T07:25:00.529+0000] {processor.py:186} INFO - Started process (PID=86750) to work on /home/airflow/.local/lib/python3.12/site-packages/airflow/example_dags/example_dynamic_task_mapping.py
[2024-10-26T07:25:00.530+0000] {processor.py:914} INFO - Processing file /home/airflow/.local/lib/python3.12/site-packages/airflow/example_dags/example_dynamic_task_mapping.py for tasks to queue
[2024-10-26T07:25:00.531+0000] {logging_mixin.py:190} INFO - [2024-10-26T07:25:00.531+0000] {dagbag.py:588} INFO - Filling up the DagBag from /home/airflow/.local/lib/python3.12/site-packages/airflow/example_dags/example_dynamic_task_mapping.py
[2024-10-26T07:25:00.538+0000] {processor.py:925} INFO - DAG(s) 'example_dynamic_task_mapping' retrieved from /home/airflow/.local/lib/python3.12/site-packages/airflow/example_dags/example_dynamic_task_mapping.py
[2024-10-26T07:25:00.550+0000] {logging_mixin.py:190} INFO - [2024-10-26T07:25:00.550+0000] {dag.py:3239} INFO - Sync 1 DAGs
[2024-10-26T07:25:00.557+0000] {logging_mixin.py:190} INFO - [2024-10-26T07:25:00.557+0000] {dag.py:4180} INFO - Setting next_dagrun for example_dynamic_task_mapping to None, run_after=None
[2024-10-26T07:25:00.569+0000] {processor.py:208} INFO - Processing /home/airflow/.local/lib/python3.12/site-packages/airflow/example_dags/example_dynamic_task_mapping.py took 0.044 seconds
[2024-10-26T07:25:32.138+0000] {processor.py:186} INFO - Started process (PID=87043) to work on /home/airflow/.local/lib/python3.12/site-packages/airflow/example_dags/example_dynamic_task_mapping.py
[2024-10-26T07:25:32.139+0000] {processor.py:914} INFO - Processing file /home/airflow/.local/lib/python3.12/site-packages/airflow/example_dags/example_dynamic_task_mapping.py for tasks to queue
[2024-10-26T07:25:32.139+0000] {logging_mixin.py:190} INFO - [2024-10-26T07:25:32.139+0000] {dagbag.py:588} INFO - Filling up the DagBag from /home/airflow/.local/lib/python3.12/site-packages/airflow/example_dags/example_dynamic_task_mapping.py
[2024-10-26T07:25:32.144+0000] {processor.py:925} INFO - DAG(s) 'example_dynamic_task_mapping' retrieved from /home/airflow/.local/lib/python3.12/site-packages/airflow/example_dags/example_dynamic_task_mapping.py
[2024-10-26T07:25:32.177+0000] {logging_mixin.py:190} INFO - [2024-10-26T07:25:32.176+0000] {dag.py:3239} INFO - Sync 1 DAGs
[2024-10-26T07:25:32.204+0000] {logging_mixin.py:190} INFO - [2024-10-26T07:25:32.203+0000] {dag.py:4180} INFO - Setting next_dagrun for example_dynamic_task_mapping to None, run_after=None
[2024-10-26T07:25:32.221+0000] {processor.py:208} INFO - Processing /home/airflow/.local/lib/python3.12/site-packages/airflow/example_dags/example_dynamic_task_mapping.py took 0.089 seconds
[2024-10-26T07:26:02.777+0000] {processor.py:186} INFO - Started process (PID=87334) to work on /home/airflow/.local/lib/python3.12/site-packages/airflow/example_dags/example_dynamic_task_mapping.py
[2024-10-26T07:26:02.780+0000] {processor.py:914} INFO - Processing file /home/airflow/.local/lib/python3.12/site-packages/airflow/example_dags/example_dynamic_task_mapping.py for tasks to queue
[2024-10-26T07:26:02.780+0000] {logging_mixin.py:190} INFO - [2024-10-26T07:26:02.780+0000] {dagbag.py:588} INFO - Filling up the DagBag from /home/airflow/.local/lib/python3.12/site-packages/airflow/example_dags/example_dynamic_task_mapping.py
[2024-10-26T07:26:02.786+0000] {processor.py:925} INFO - DAG(s) 'example_dynamic_task_mapping' retrieved from /home/airflow/.local/lib/python3.12/site-packages/airflow/example_dags/example_dynamic_task_mapping.py
[2024-10-26T07:26:02.798+0000] {logging_mixin.py:190} INFO - [2024-10-26T07:26:02.798+0000] {dag.py:3239} INFO - Sync 1 DAGs
[2024-10-26T07:26:02.805+0000] {logging_mixin.py:190} INFO - [2024-10-26T07:26:02.805+0000] {dag.py:4180} INFO - Setting next_dagrun for example_dynamic_task_mapping to None, run_after=None
[2024-10-26T07:26:02.818+0000] {processor.py:208} INFO - Processing /home/airflow/.local/lib/python3.12/site-packages/airflow/example_dags/example_dynamic_task_mapping.py took 0.046 seconds
[2024-10-26T07:26:33.495+0000] {processor.py:186} INFO - Started process (PID=87623) to work on /home/airflow/.local/lib/python3.12/site-packages/airflow/example_dags/example_dynamic_task_mapping.py
[2024-10-26T07:26:33.498+0000] {processor.py:914} INFO - Processing file /home/airflow/.local/lib/python3.12/site-packages/airflow/example_dags/example_dynamic_task_mapping.py for tasks to queue
[2024-10-26T07:26:33.499+0000] {logging_mixin.py:190} INFO - [2024-10-26T07:26:33.498+0000] {dagbag.py:588} INFO - Filling up the DagBag from /home/airflow/.local/lib/python3.12/site-packages/airflow/example_dags/example_dynamic_task_mapping.py
[2024-10-26T07:26:33.504+0000] {processor.py:925} INFO - DAG(s) 'example_dynamic_task_mapping' retrieved from /home/airflow/.local/lib/python3.12/site-packages/airflow/example_dags/example_dynamic_task_mapping.py
[2024-10-26T07:26:33.515+0000] {logging_mixin.py:190} INFO - [2024-10-26T07:26:33.515+0000] {dag.py:3239} INFO - Sync 1 DAGs
[2024-10-26T07:26:33.527+0000] {logging_mixin.py:190} INFO - [2024-10-26T07:26:33.526+0000] {dag.py:4180} INFO - Setting next_dagrun for example_dynamic_task_mapping to None, run_after=None
[2024-10-26T07:26:33.539+0000] {processor.py:208} INFO - Processing /home/airflow/.local/lib/python3.12/site-packages/airflow/example_dags/example_dynamic_task_mapping.py took 0.048 seconds
[2024-10-26T07:27:03.742+0000] {processor.py:186} INFO - Started process (PID=87914) to work on /home/airflow/.local/lib/python3.12/site-packages/airflow/example_dags/example_dynamic_task_mapping.py
[2024-10-26T07:27:03.742+0000] {processor.py:914} INFO - Processing file /home/airflow/.local/lib/python3.12/site-packages/airflow/example_dags/example_dynamic_task_mapping.py for tasks to queue
[2024-10-26T07:27:03.743+0000] {logging_mixin.py:190} INFO - [2024-10-26T07:27:03.743+0000] {dagbag.py:588} INFO - Filling up the DagBag from /home/airflow/.local/lib/python3.12/site-packages/airflow/example_dags/example_dynamic_task_mapping.py
[2024-10-26T07:27:03.747+0000] {processor.py:925} INFO - DAG(s) 'example_dynamic_task_mapping' retrieved from /home/airflow/.local/lib/python3.12/site-packages/airflow/example_dags/example_dynamic_task_mapping.py
[2024-10-26T07:27:03.758+0000] {logging_mixin.py:190} INFO - [2024-10-26T07:27:03.758+0000] {dag.py:3239} INFO - Sync 1 DAGs
[2024-10-26T07:27:03.765+0000] {logging_mixin.py:190} INFO - [2024-10-26T07:27:03.765+0000] {dag.py:4180} INFO - Setting next_dagrun for example_dynamic_task_mapping to None, run_after=None
[2024-10-26T07:27:03.776+0000] {processor.py:208} INFO - Processing /home/airflow/.local/lib/python3.12/site-packages/airflow/example_dags/example_dynamic_task_mapping.py took 0.037 seconds
[2024-10-26T07:27:34.518+0000] {processor.py:186} INFO - Started process (PID=88205) to work on /home/airflow/.local/lib/python3.12/site-packages/airflow/example_dags/example_dynamic_task_mapping.py
[2024-10-26T07:27:34.519+0000] {processor.py:914} INFO - Processing file /home/airflow/.local/lib/python3.12/site-packages/airflow/example_dags/example_dynamic_task_mapping.py for tasks to queue
[2024-10-26T07:27:34.520+0000] {logging_mixin.py:190} INFO - [2024-10-26T07:27:34.520+0000] {dagbag.py:588} INFO - Filling up the DagBag from /home/airflow/.local/lib/python3.12/site-packages/airflow/example_dags/example_dynamic_task_mapping.py
[2024-10-26T07:27:34.525+0000] {processor.py:925} INFO - DAG(s) 'example_dynamic_task_mapping' retrieved from /home/airflow/.local/lib/python3.12/site-packages/airflow/example_dags/example_dynamic_task_mapping.py
[2024-10-26T07:27:34.538+0000] {logging_mixin.py:190} INFO - [2024-10-26T07:27:34.538+0000] {dag.py:3239} INFO - Sync 1 DAGs
[2024-10-26T07:27:34.546+0000] {logging_mixin.py:190} INFO - [2024-10-26T07:27:34.546+0000] {dag.py:4180} INFO - Setting next_dagrun for example_dynamic_task_mapping to None, run_after=None
[2024-10-26T07:27:34.555+0000] {processor.py:208} INFO - Processing /home/airflow/.local/lib/python3.12/site-packages/airflow/example_dags/example_dynamic_task_mapping.py took 0.040 seconds
