[2024-10-26T00:46:25.399+0000] {processor.py:186} INFO - Started process (PID=70829) to work on /home/airflow/.local/lib/python3.12/site-packages/airflow/example_dags/example_workday_timetable.py
[2024-10-26T00:46:25.400+0000] {processor.py:914} INFO - Processing file /home/airflow/.local/lib/python3.12/site-packages/airflow/example_dags/example_workday_timetable.py for tasks to queue
[2024-10-26T00:46:25.401+0000] {logging_mixin.py:190} INFO - [2024-10-26T00:46:25.401+0000] {dagbag.py:588} INFO - Filling up the DagBag from /home/airflow/.local/lib/python3.12/site-packages/airflow/example_dags/example_workday_timetable.py
[2024-10-26T00:46:25.404+0000] {processor.py:925} INFO - DAG(s) 'example_workday_timetable' retrieved from /home/airflow/.local/lib/python3.12/site-packages/airflow/example_dags/example_workday_timetable.py
[2024-10-26T00:46:25.416+0000] {logging_mixin.py:190} INFO - [2024-10-26T00:46:25.416+0000] {dag.py:3239} INFO - Sync 1 DAGs
[2024-10-26T00:46:25.454+0000] {logging_mixin.py:190} INFO - [2024-10-26T00:46:25.454+0000] {dag.py:4180} INFO - Setting next_dagrun for example_workday_timetable to 2021-01-04 00:00:00+00:00, run_after=2021-01-05 00:00:00+00:00
[2024-10-26T00:46:25.469+0000] {processor.py:208} INFO - Processing /home/airflow/.local/lib/python3.12/site-packages/airflow/example_dags/example_workday_timetable.py took 0.073 seconds
[2024-10-26T01:37:09.112+0000] {processor.py:186} INFO - Started process (PID=71123) to work on /home/airflow/.local/lib/python3.12/site-packages/airflow/example_dags/example_workday_timetable.py
[2024-10-26T01:37:09.112+0000] {processor.py:914} INFO - Processing file /home/airflow/.local/lib/python3.12/site-packages/airflow/example_dags/example_workday_timetable.py for tasks to queue
[2024-10-26T01:37:09.113+0000] {logging_mixin.py:190} INFO - [2024-10-26T01:37:09.113+0000] {dagbag.py:588} INFO - Filling up the DagBag from /home/airflow/.local/lib/python3.12/site-packages/airflow/example_dags/example_workday_timetable.py
[2024-10-26T01:37:09.116+0000] {processor.py:925} INFO - DAG(s) 'example_workday_timetable' retrieved from /home/airflow/.local/lib/python3.12/site-packages/airflow/example_dags/example_workday_timetable.py
[2024-10-26T01:37:09.126+0000] {logging_mixin.py:190} INFO - [2024-10-26T01:37:09.126+0000] {dag.py:3239} INFO - Sync 1 DAGs
[2024-10-26T01:37:09.157+0000] {logging_mixin.py:190} INFO - [2024-10-26T01:37:09.156+0000] {dag.py:4180} INFO - Setting next_dagrun for example_workday_timetable to 2021-01-04 00:00:00+00:00, run_after=2021-01-05 00:00:00+00:00
[2024-10-26T01:37:09.164+0000] {processor.py:208} INFO - Processing /home/airflow/.local/lib/python3.12/site-packages/airflow/example_dags/example_workday_timetable.py took 0.056 seconds
[2024-10-26T02:57:38.069+0000] {processor.py:186} INFO - Started process (PID=71412) to work on /home/airflow/.local/lib/python3.12/site-packages/airflow/example_dags/example_workday_timetable.py
[2024-10-26T02:57:38.071+0000] {processor.py:914} INFO - Processing file /home/airflow/.local/lib/python3.12/site-packages/airflow/example_dags/example_workday_timetable.py for tasks to queue
[2024-10-26T02:57:38.073+0000] {logging_mixin.py:190} INFO - [2024-10-26T02:57:38.073+0000] {dagbag.py:588} INFO - Filling up the DagBag from /home/airflow/.local/lib/python3.12/site-packages/airflow/example_dags/example_workday_timetable.py
[2024-10-26T02:57:38.076+0000] {processor.py:925} INFO - DAG(s) 'example_workday_timetable' retrieved from /home/airflow/.local/lib/python3.12/site-packages/airflow/example_dags/example_workday_timetable.py
[2024-10-26T02:57:38.089+0000] {logging_mixin.py:190} INFO - [2024-10-26T02:57:38.089+0000] {dag.py:3239} INFO - Sync 1 DAGs
[2024-10-26T02:57:38.132+0000] {logging_mixin.py:190} INFO - [2024-10-26T02:57:38.132+0000] {dag.py:4180} INFO - Setting next_dagrun for example_workday_timetable to 2021-01-04 00:00:00+00:00, run_after=2021-01-05 00:00:00+00:00
[2024-10-26T02:57:38.141+0000] {processor.py:208} INFO - Processing /home/airflow/.local/lib/python3.12/site-packages/airflow/example_dags/example_workday_timetable.py took 0.076 seconds
[2024-10-26T04:18:35.357+0000] {processor.py:186} INFO - Started process (PID=71703) to work on /home/airflow/.local/lib/python3.12/site-packages/airflow/example_dags/example_workday_timetable.py
[2024-10-26T04:18:35.358+0000] {processor.py:914} INFO - Processing file /home/airflow/.local/lib/python3.12/site-packages/airflow/example_dags/example_workday_timetable.py for tasks to queue
[2024-10-26T04:18:35.360+0000] {logging_mixin.py:190} INFO - [2024-10-26T04:18:35.360+0000] {dagbag.py:588} INFO - Filling up the DagBag from /home/airflow/.local/lib/python3.12/site-packages/airflow/example_dags/example_workday_timetable.py
[2024-10-26T04:18:35.363+0000] {processor.py:925} INFO - DAG(s) 'example_workday_timetable' retrieved from /home/airflow/.local/lib/python3.12/site-packages/airflow/example_dags/example_workday_timetable.py
[2024-10-26T04:18:35.375+0000] {logging_mixin.py:190} INFO - [2024-10-26T04:18:35.375+0000] {dag.py:3239} INFO - Sync 1 DAGs
[2024-10-26T04:18:35.411+0000] {logging_mixin.py:190} INFO - [2024-10-26T04:18:35.410+0000] {dag.py:4180} INFO - Setting next_dagrun for example_workday_timetable to 2021-01-04 00:00:00+00:00, run_after=2021-01-05 00:00:00+00:00
[2024-10-26T04:18:35.426+0000] {processor.py:208} INFO - Processing /home/airflow/.local/lib/python3.12/site-packages/airflow/example_dags/example_workday_timetable.py took 0.072 seconds
[2024-10-26T05:41:05.153+0000] {processor.py:186} INFO - Started process (PID=71994) to work on /home/airflow/.local/lib/python3.12/site-packages/airflow/example_dags/example_workday_timetable.py
[2024-10-26T05:41:05.154+0000] {processor.py:914} INFO - Processing file /home/airflow/.local/lib/python3.12/site-packages/airflow/example_dags/example_workday_timetable.py for tasks to queue
[2024-10-26T05:41:05.155+0000] {logging_mixin.py:190} INFO - [2024-10-26T05:41:05.155+0000] {dagbag.py:588} INFO - Filling up the DagBag from /home/airflow/.local/lib/python3.12/site-packages/airflow/example_dags/example_workday_timetable.py
[2024-10-26T05:41:05.158+0000] {processor.py:925} INFO - DAG(s) 'example_workday_timetable' retrieved from /home/airflow/.local/lib/python3.12/site-packages/airflow/example_dags/example_workday_timetable.py
[2024-10-26T05:41:05.174+0000] {logging_mixin.py:190} INFO - [2024-10-26T05:41:05.174+0000] {dag.py:3239} INFO - Sync 1 DAGs
[2024-10-26T05:41:05.214+0000] {logging_mixin.py:190} INFO - [2024-10-26T05:41:05.214+0000] {dag.py:4180} INFO - Setting next_dagrun for example_workday_timetable to 2021-01-04 00:00:00+00:00, run_after=2021-01-05 00:00:00+00:00
[2024-10-26T05:41:05.225+0000] {processor.py:208} INFO - Processing /home/airflow/.local/lib/python3.12/site-packages/airflow/example_dags/example_workday_timetable.py took 0.074 seconds
[2024-10-26T06:59:45.449+0000] {processor.py:186} INFO - Started process (PID=72285) to work on /home/airflow/.local/lib/python3.12/site-packages/airflow/example_dags/example_workday_timetable.py
[2024-10-26T06:59:45.449+0000] {processor.py:914} INFO - Processing file /home/airflow/.local/lib/python3.12/site-packages/airflow/example_dags/example_workday_timetable.py for tasks to queue
[2024-10-26T06:59:45.450+0000] {logging_mixin.py:190} INFO - [2024-10-26T06:59:45.450+0000] {dagbag.py:588} INFO - Filling up the DagBag from /home/airflow/.local/lib/python3.12/site-packages/airflow/example_dags/example_workday_timetable.py
[2024-10-26T06:59:45.453+0000] {processor.py:925} INFO - DAG(s) 'example_workday_timetable' retrieved from /home/airflow/.local/lib/python3.12/site-packages/airflow/example_dags/example_workday_timetable.py
[2024-10-26T06:59:45.466+0000] {logging_mixin.py:190} INFO - [2024-10-26T06:59:45.466+0000] {dag.py:3239} INFO - Sync 1 DAGs
[2024-10-26T06:59:45.502+0000] {logging_mixin.py:190} INFO - [2024-10-26T06:59:45.502+0000] {dag.py:4180} INFO - Setting next_dagrun for example_workday_timetable to 2021-01-04 00:00:00+00:00, run_after=2021-01-05 00:00:00+00:00
[2024-10-26T06:59:45.516+0000] {processor.py:208} INFO - Processing /home/airflow/.local/lib/python3.12/site-packages/airflow/example_dags/example_workday_timetable.py took 0.070 seconds
[2024-10-26T07:00:16.129+0000] {processor.py:186} INFO - Started process (PID=72576) to work on /home/airflow/.local/lib/python3.12/site-packages/airflow/example_dags/example_workday_timetable.py
[2024-10-26T07:00:16.130+0000] {processor.py:914} INFO - Processing file /home/airflow/.local/lib/python3.12/site-packages/airflow/example_dags/example_workday_timetable.py for tasks to queue
[2024-10-26T07:00:16.132+0000] {logging_mixin.py:190} INFO - [2024-10-26T07:00:16.131+0000] {dagbag.py:588} INFO - Filling up the DagBag from /home/airflow/.local/lib/python3.12/site-packages/airflow/example_dags/example_workday_timetable.py
[2024-10-26T07:00:16.134+0000] {processor.py:925} INFO - DAG(s) 'example_workday_timetable' retrieved from /home/airflow/.local/lib/python3.12/site-packages/airflow/example_dags/example_workday_timetable.py
[2024-10-26T07:00:16.145+0000] {logging_mixin.py:190} INFO - [2024-10-26T07:00:16.145+0000] {dag.py:3239} INFO - Sync 1 DAGs
[2024-10-26T07:00:16.185+0000] {logging_mixin.py:190} INFO - [2024-10-26T07:00:16.185+0000] {dag.py:4180} INFO - Setting next_dagrun for example_workday_timetable to 2021-01-04 00:00:00+00:00, run_after=2021-01-05 00:00:00+00:00
[2024-10-26T07:00:16.194+0000] {processor.py:208} INFO - Processing /home/airflow/.local/lib/python3.12/site-packages/airflow/example_dags/example_workday_timetable.py took 0.068 seconds
[2024-10-26T07:00:46.632+0000] {processor.py:186} INFO - Started process (PID=72867) to work on /home/airflow/.local/lib/python3.12/site-packages/airflow/example_dags/example_workday_timetable.py
[2024-10-26T07:00:46.633+0000] {processor.py:914} INFO - Processing file /home/airflow/.local/lib/python3.12/site-packages/airflow/example_dags/example_workday_timetable.py for tasks to queue
[2024-10-26T07:00:46.634+0000] {logging_mixin.py:190} INFO - [2024-10-26T07:00:46.634+0000] {dagbag.py:588} INFO - Filling up the DagBag from /home/airflow/.local/lib/python3.12/site-packages/airflow/example_dags/example_workday_timetable.py
[2024-10-26T07:00:46.638+0000] {processor.py:925} INFO - DAG(s) 'example_workday_timetable' retrieved from /home/airflow/.local/lib/python3.12/site-packages/airflow/example_dags/example_workday_timetable.py
[2024-10-26T07:00:46.652+0000] {logging_mixin.py:190} INFO - [2024-10-26T07:00:46.652+0000] {dag.py:3239} INFO - Sync 1 DAGs
[2024-10-26T07:00:46.690+0000] {logging_mixin.py:190} INFO - [2024-10-26T07:00:46.690+0000] {dag.py:4180} INFO - Setting next_dagrun for example_workday_timetable to 2021-01-04 00:00:00+00:00, run_after=2021-01-05 00:00:00+00:00
[2024-10-26T07:00:46.701+0000] {processor.py:208} INFO - Processing /home/airflow/.local/lib/python3.12/site-packages/airflow/example_dags/example_workday_timetable.py took 0.072 seconds
[2024-10-26T07:01:17.772+0000] {processor.py:186} INFO - Started process (PID=73158) to work on /home/airflow/.local/lib/python3.12/site-packages/airflow/example_dags/example_workday_timetable.py
[2024-10-26T07:01:17.774+0000] {processor.py:914} INFO - Processing file /home/airflow/.local/lib/python3.12/site-packages/airflow/example_dags/example_workday_timetable.py for tasks to queue
[2024-10-26T07:01:17.775+0000] {logging_mixin.py:190} INFO - [2024-10-26T07:01:17.774+0000] {dagbag.py:588} INFO - Filling up the DagBag from /home/airflow/.local/lib/python3.12/site-packages/airflow/example_dags/example_workday_timetable.py
[2024-10-26T07:01:17.779+0000] {processor.py:925} INFO - DAG(s) 'example_workday_timetable' retrieved from /home/airflow/.local/lib/python3.12/site-packages/airflow/example_dags/example_workday_timetable.py
[2024-10-26T07:01:17.815+0000] {logging_mixin.py:190} INFO - [2024-10-26T07:01:17.814+0000] {dag.py:3239} INFO - Sync 1 DAGs
[2024-10-26T07:01:17.885+0000] {logging_mixin.py:190} INFO - [2024-10-26T07:01:17.884+0000] {dag.py:4180} INFO - Setting next_dagrun for example_workday_timetable to 2021-01-04 00:00:00+00:00, run_after=2021-01-05 00:00:00+00:00
[2024-10-26T07:01:17.927+0000] {processor.py:208} INFO - Processing /home/airflow/.local/lib/python3.12/site-packages/airflow/example_dags/example_workday_timetable.py took 0.165 seconds
[2024-10-26T07:01:49.408+0000] {processor.py:186} INFO - Started process (PID=73449) to work on /home/airflow/.local/lib/python3.12/site-packages/airflow/example_dags/example_workday_timetable.py
[2024-10-26T07:01:49.412+0000] {processor.py:914} INFO - Processing file /home/airflow/.local/lib/python3.12/site-packages/airflow/example_dags/example_workday_timetable.py for tasks to queue
[2024-10-26T07:01:49.413+0000] {logging_mixin.py:190} INFO - [2024-10-26T07:01:49.413+0000] {dagbag.py:588} INFO - Filling up the DagBag from /home/airflow/.local/lib/python3.12/site-packages/airflow/example_dags/example_workday_timetable.py
[2024-10-26T07:01:49.418+0000] {processor.py:925} INFO - DAG(s) 'example_workday_timetable' retrieved from /home/airflow/.local/lib/python3.12/site-packages/airflow/example_dags/example_workday_timetable.py
[2024-10-26T07:01:49.465+0000] {logging_mixin.py:190} INFO - [2024-10-26T07:01:49.464+0000] {dag.py:3239} INFO - Sync 1 DAGs
[2024-10-26T07:01:49.541+0000] {logging_mixin.py:190} INFO - [2024-10-26T07:01:49.541+0000] {dag.py:4180} INFO - Setting next_dagrun for example_workday_timetable to 2021-01-04 00:00:00+00:00, run_after=2021-01-05 00:00:00+00:00
[2024-10-26T07:01:49.560+0000] {processor.py:208} INFO - Processing /home/airflow/.local/lib/python3.12/site-packages/airflow/example_dags/example_workday_timetable.py took 0.160 seconds
[2024-10-26T07:02:20.062+0000] {processor.py:186} INFO - Started process (PID=73740) to work on /home/airflow/.local/lib/python3.12/site-packages/airflow/example_dags/example_workday_timetable.py
[2024-10-26T07:02:20.063+0000] {processor.py:914} INFO - Processing file /home/airflow/.local/lib/python3.12/site-packages/airflow/example_dags/example_workday_timetable.py for tasks to queue
[2024-10-26T07:02:20.065+0000] {logging_mixin.py:190} INFO - [2024-10-26T07:02:20.064+0000] {dagbag.py:588} INFO - Filling up the DagBag from /home/airflow/.local/lib/python3.12/site-packages/airflow/example_dags/example_workday_timetable.py
[2024-10-26T07:02:20.072+0000] {processor.py:925} INFO - DAG(s) 'example_workday_timetable' retrieved from /home/airflow/.local/lib/python3.12/site-packages/airflow/example_dags/example_workday_timetable.py
[2024-10-26T07:02:20.095+0000] {logging_mixin.py:190} INFO - [2024-10-26T07:02:20.095+0000] {dag.py:3239} INFO - Sync 1 DAGs
[2024-10-26T07:02:20.162+0000] {logging_mixin.py:190} INFO - [2024-10-26T07:02:20.162+0000] {dag.py:4180} INFO - Setting next_dagrun for example_workday_timetable to 2021-01-04 00:00:00+00:00, run_after=2021-01-05 00:00:00+00:00
[2024-10-26T07:02:20.175+0000] {processor.py:208} INFO - Processing /home/airflow/.local/lib/python3.12/site-packages/airflow/example_dags/example_workday_timetable.py took 0.130 seconds
[2024-10-26T07:02:50.200+0000] {processor.py:186} INFO - Started process (PID=74028) to work on /home/airflow/.local/lib/python3.12/site-packages/airflow/example_dags/example_workday_timetable.py
[2024-10-26T07:02:50.200+0000] {processor.py:914} INFO - Processing file /home/airflow/.local/lib/python3.12/site-packages/airflow/example_dags/example_workday_timetable.py for tasks to queue
[2024-10-26T07:02:50.201+0000] {logging_mixin.py:190} INFO - [2024-10-26T07:02:50.201+0000] {dagbag.py:588} INFO - Filling up the DagBag from /home/airflow/.local/lib/python3.12/site-packages/airflow/example_dags/example_workday_timetable.py
[2024-10-26T07:02:50.204+0000] {processor.py:925} INFO - DAG(s) 'example_workday_timetable' retrieved from /home/airflow/.local/lib/python3.12/site-packages/airflow/example_dags/example_workday_timetable.py
[2024-10-26T07:02:50.213+0000] {logging_mixin.py:190} INFO - [2024-10-26T07:02:50.213+0000] {dag.py:3239} INFO - Sync 1 DAGs
[2024-10-26T07:02:50.243+0000] {logging_mixin.py:190} INFO - [2024-10-26T07:02:50.243+0000] {dag.py:4180} INFO - Setting next_dagrun for example_workday_timetable to 2021-01-04 00:00:00+00:00, run_after=2021-01-05 00:00:00+00:00
[2024-10-26T07:02:50.251+0000] {processor.py:208} INFO - Processing /home/airflow/.local/lib/python3.12/site-packages/airflow/example_dags/example_workday_timetable.py took 0.054 seconds
[2024-10-26T07:03:21.276+0000] {processor.py:186} INFO - Started process (PID=74322) to work on /home/airflow/.local/lib/python3.12/site-packages/airflow/example_dags/example_workday_timetable.py
[2024-10-26T07:03:21.278+0000] {processor.py:914} INFO - Processing file /home/airflow/.local/lib/python3.12/site-packages/airflow/example_dags/example_workday_timetable.py for tasks to queue
[2024-10-26T07:03:21.280+0000] {logging_mixin.py:190} INFO - [2024-10-26T07:03:21.280+0000] {dagbag.py:588} INFO - Filling up the DagBag from /home/airflow/.local/lib/python3.12/site-packages/airflow/example_dags/example_workday_timetable.py
[2024-10-26T07:03:21.294+0000] {processor.py:925} INFO - DAG(s) 'example_workday_timetable' retrieved from /home/airflow/.local/lib/python3.12/site-packages/airflow/example_dags/example_workday_timetable.py
[2024-10-26T07:03:21.334+0000] {logging_mixin.py:190} INFO - [2024-10-26T07:03:21.334+0000] {dag.py:3239} INFO - Sync 1 DAGs
[2024-10-26T07:03:21.422+0000] {logging_mixin.py:190} INFO - [2024-10-26T07:03:21.422+0000] {dag.py:4180} INFO - Setting next_dagrun for example_workday_timetable to 2021-01-04 00:00:00+00:00, run_after=2021-01-05 00:00:00+00:00
[2024-10-26T07:03:21.433+0000] {processor.py:208} INFO - Processing /home/airflow/.local/lib/python3.12/site-packages/airflow/example_dags/example_workday_timetable.py took 0.182 seconds
[2024-10-26T07:03:51.991+0000] {processor.py:186} INFO - Started process (PID=74613) to work on /home/airflow/.local/lib/python3.12/site-packages/airflow/example_dags/example_workday_timetable.py
[2024-10-26T07:03:51.992+0000] {processor.py:914} INFO - Processing file /home/airflow/.local/lib/python3.12/site-packages/airflow/example_dags/example_workday_timetable.py for tasks to queue
[2024-10-26T07:03:51.994+0000] {logging_mixin.py:190} INFO - [2024-10-26T07:03:51.993+0000] {dagbag.py:588} INFO - Filling up the DagBag from /home/airflow/.local/lib/python3.12/site-packages/airflow/example_dags/example_workday_timetable.py
[2024-10-26T07:03:51.998+0000] {processor.py:925} INFO - DAG(s) 'example_workday_timetable' retrieved from /home/airflow/.local/lib/python3.12/site-packages/airflow/example_dags/example_workday_timetable.py
[2024-10-26T07:03:52.019+0000] {logging_mixin.py:190} INFO - [2024-10-26T07:03:52.019+0000] {dag.py:3239} INFO - Sync 1 DAGs
[2024-10-26T07:03:52.085+0000] {logging_mixin.py:190} INFO - [2024-10-26T07:03:52.085+0000] {dag.py:4180} INFO - Setting next_dagrun for example_workday_timetable to 2021-01-04 00:00:00+00:00, run_after=2021-01-05 00:00:00+00:00
[2024-10-26T07:03:52.099+0000] {processor.py:208} INFO - Processing /home/airflow/.local/lib/python3.12/site-packages/airflow/example_dags/example_workday_timetable.py took 0.114 seconds
[2024-10-26T07:04:22.800+0000] {processor.py:186} INFO - Started process (PID=74903) to work on /home/airflow/.local/lib/python3.12/site-packages/airflow/example_dags/example_workday_timetable.py
[2024-10-26T07:04:22.801+0000] {processor.py:914} INFO - Processing file /home/airflow/.local/lib/python3.12/site-packages/airflow/example_dags/example_workday_timetable.py for tasks to queue
[2024-10-26T07:04:22.802+0000] {logging_mixin.py:190} INFO - [2024-10-26T07:04:22.801+0000] {dagbag.py:588} INFO - Filling up the DagBag from /home/airflow/.local/lib/python3.12/site-packages/airflow/example_dags/example_workday_timetable.py
[2024-10-26T07:04:22.806+0000] {processor.py:925} INFO - DAG(s) 'example_workday_timetable' retrieved from /home/airflow/.local/lib/python3.12/site-packages/airflow/example_dags/example_workday_timetable.py
[2024-10-26T07:04:22.821+0000] {logging_mixin.py:190} INFO - [2024-10-26T07:04:22.821+0000] {dag.py:3239} INFO - Sync 1 DAGs
[2024-10-26T07:04:22.864+0000] {logging_mixin.py:190} INFO - [2024-10-26T07:04:22.864+0000] {dag.py:4180} INFO - Setting next_dagrun for example_workday_timetable to 2021-01-04 00:00:00+00:00, run_after=2021-01-05 00:00:00+00:00
[2024-10-26T07:04:22.875+0000] {processor.py:208} INFO - Processing /home/airflow/.local/lib/python3.12/site-packages/airflow/example_dags/example_workday_timetable.py took 0.081 seconds
[2024-10-26T07:04:52.921+0000] {processor.py:186} INFO - Started process (PID=75189) to work on /home/airflow/.local/lib/python3.12/site-packages/airflow/example_dags/example_workday_timetable.py
[2024-10-26T07:04:52.923+0000] {processor.py:914} INFO - Processing file /home/airflow/.local/lib/python3.12/site-packages/airflow/example_dags/example_workday_timetable.py for tasks to queue
[2024-10-26T07:04:52.925+0000] {logging_mixin.py:190} INFO - [2024-10-26T07:04:52.925+0000] {dagbag.py:588} INFO - Filling up the DagBag from /home/airflow/.local/lib/python3.12/site-packages/airflow/example_dags/example_workday_timetable.py
[2024-10-26T07:04:52.928+0000] {processor.py:925} INFO - DAG(s) 'example_workday_timetable' retrieved from /home/airflow/.local/lib/python3.12/site-packages/airflow/example_dags/example_workday_timetable.py
[2024-10-26T07:04:52.942+0000] {logging_mixin.py:190} INFO - [2024-10-26T07:04:52.942+0000] {dag.py:3239} INFO - Sync 1 DAGs
[2024-10-26T07:04:52.982+0000] {logging_mixin.py:190} INFO - [2024-10-26T07:04:52.982+0000] {dag.py:4180} INFO - Setting next_dagrun for example_workday_timetable to 2021-01-04 00:00:00+00:00, run_after=2021-01-05 00:00:00+00:00
[2024-10-26T07:04:52.992+0000] {processor.py:208} INFO - Processing /home/airflow/.local/lib/python3.12/site-packages/airflow/example_dags/example_workday_timetable.py took 0.074 seconds
[2024-10-26T07:05:23.407+0000] {processor.py:186} INFO - Started process (PID=75480) to work on /home/airflow/.local/lib/python3.12/site-packages/airflow/example_dags/example_workday_timetable.py
[2024-10-26T07:05:23.408+0000] {processor.py:914} INFO - Processing file /home/airflow/.local/lib/python3.12/site-packages/airflow/example_dags/example_workday_timetable.py for tasks to queue
[2024-10-26T07:05:23.409+0000] {logging_mixin.py:190} INFO - [2024-10-26T07:05:23.408+0000] {dagbag.py:588} INFO - Filling up the DagBag from /home/airflow/.local/lib/python3.12/site-packages/airflow/example_dags/example_workday_timetable.py
[2024-10-26T07:05:23.414+0000] {processor.py:925} INFO - DAG(s) 'example_workday_timetable' retrieved from /home/airflow/.local/lib/python3.12/site-packages/airflow/example_dags/example_workday_timetable.py
[2024-10-26T07:05:23.433+0000] {logging_mixin.py:190} INFO - [2024-10-26T07:05:23.432+0000] {dag.py:3239} INFO - Sync 1 DAGs
[2024-10-26T07:05:23.485+0000] {logging_mixin.py:190} INFO - [2024-10-26T07:05:23.485+0000] {dag.py:4180} INFO - Setting next_dagrun for example_workday_timetable to 2021-01-04 00:00:00+00:00, run_after=2021-01-05 00:00:00+00:00
[2024-10-26T07:05:23.499+0000] {processor.py:208} INFO - Processing /home/airflow/.local/lib/python3.12/site-packages/airflow/example_dags/example_workday_timetable.py took 0.099 seconds
[2024-10-26T07:05:54.203+0000] {processor.py:186} INFO - Started process (PID=75770) to work on /home/airflow/.local/lib/python3.12/site-packages/airflow/example_dags/example_workday_timetable.py
[2024-10-26T07:05:54.205+0000] {processor.py:914} INFO - Processing file /home/airflow/.local/lib/python3.12/site-packages/airflow/example_dags/example_workday_timetable.py for tasks to queue
[2024-10-26T07:05:54.206+0000] {logging_mixin.py:190} INFO - [2024-10-26T07:05:54.206+0000] {dagbag.py:588} INFO - Filling up the DagBag from /home/airflow/.local/lib/python3.12/site-packages/airflow/example_dags/example_workday_timetable.py
[2024-10-26T07:05:54.210+0000] {processor.py:925} INFO - DAG(s) 'example_workday_timetable' retrieved from /home/airflow/.local/lib/python3.12/site-packages/airflow/example_dags/example_workday_timetable.py
[2024-10-26T07:05:54.222+0000] {logging_mixin.py:190} INFO - [2024-10-26T07:05:54.222+0000] {dag.py:3239} INFO - Sync 1 DAGs
[2024-10-26T07:05:54.271+0000] {logging_mixin.py:190} INFO - [2024-10-26T07:05:54.271+0000] {dag.py:4180} INFO - Setting next_dagrun for example_workday_timetable to 2021-01-04 00:00:00+00:00, run_after=2021-01-05 00:00:00+00:00
[2024-10-26T07:05:54.291+0000] {processor.py:208} INFO - Processing /home/airflow/.local/lib/python3.12/site-packages/airflow/example_dags/example_workday_timetable.py took 0.091 seconds
[2024-10-26T07:06:24.739+0000] {processor.py:186} INFO - Started process (PID=76061) to work on /home/airflow/.local/lib/python3.12/site-packages/airflow/example_dags/example_workday_timetable.py
[2024-10-26T07:06:24.740+0000] {processor.py:914} INFO - Processing file /home/airflow/.local/lib/python3.12/site-packages/airflow/example_dags/example_workday_timetable.py for tasks to queue
[2024-10-26T07:06:24.740+0000] {logging_mixin.py:190} INFO - [2024-10-26T07:06:24.740+0000] {dagbag.py:588} INFO - Filling up the DagBag from /home/airflow/.local/lib/python3.12/site-packages/airflow/example_dags/example_workday_timetable.py
[2024-10-26T07:06:24.744+0000] {processor.py:925} INFO - DAG(s) 'example_workday_timetable' retrieved from /home/airflow/.local/lib/python3.12/site-packages/airflow/example_dags/example_workday_timetable.py
[2024-10-26T07:06:24.754+0000] {logging_mixin.py:190} INFO - [2024-10-26T07:06:24.754+0000] {dag.py:3239} INFO - Sync 1 DAGs
[2024-10-26T07:06:24.798+0000] {logging_mixin.py:190} INFO - [2024-10-26T07:06:24.798+0000] {dag.py:4180} INFO - Setting next_dagrun for example_workday_timetable to 2021-01-04 00:00:00+00:00, run_after=2021-01-05 00:00:00+00:00
[2024-10-26T07:06:24.810+0000] {processor.py:208} INFO - Processing /home/airflow/.local/lib/python3.12/site-packages/airflow/example_dags/example_workday_timetable.py took 0.074 seconds
[2024-10-26T07:06:54.933+0000] {processor.py:186} INFO - Started process (PID=76347) to work on /home/airflow/.local/lib/python3.12/site-packages/airflow/example_dags/example_workday_timetable.py
[2024-10-26T07:06:54.934+0000] {processor.py:914} INFO - Processing file /home/airflow/.local/lib/python3.12/site-packages/airflow/example_dags/example_workday_timetable.py for tasks to queue
[2024-10-26T07:06:54.935+0000] {logging_mixin.py:190} INFO - [2024-10-26T07:06:54.935+0000] {dagbag.py:588} INFO - Filling up the DagBag from /home/airflow/.local/lib/python3.12/site-packages/airflow/example_dags/example_workday_timetable.py
[2024-10-26T07:06:54.939+0000] {processor.py:925} INFO - DAG(s) 'example_workday_timetable' retrieved from /home/airflow/.local/lib/python3.12/site-packages/airflow/example_dags/example_workday_timetable.py
[2024-10-26T07:06:54.955+0000] {logging_mixin.py:190} INFO - [2024-10-26T07:06:54.955+0000] {dag.py:3239} INFO - Sync 1 DAGs
[2024-10-26T07:06:55.003+0000] {logging_mixin.py:190} INFO - [2024-10-26T07:06:55.003+0000] {dag.py:4180} INFO - Setting next_dagrun for example_workday_timetable to 2021-01-04 00:00:00+00:00, run_after=2021-01-05 00:00:00+00:00
[2024-10-26T07:06:55.014+0000] {processor.py:208} INFO - Processing /home/airflow/.local/lib/python3.12/site-packages/airflow/example_dags/example_workday_timetable.py took 0.086 seconds
[2024-10-26T07:07:25.307+0000] {processor.py:186} INFO - Started process (PID=76638) to work on /home/airflow/.local/lib/python3.12/site-packages/airflow/example_dags/example_workday_timetable.py
[2024-10-26T07:07:25.310+0000] {processor.py:914} INFO - Processing file /home/airflow/.local/lib/python3.12/site-packages/airflow/example_dags/example_workday_timetable.py for tasks to queue
[2024-10-26T07:07:25.311+0000] {logging_mixin.py:190} INFO - [2024-10-26T07:07:25.311+0000] {dagbag.py:588} INFO - Filling up the DagBag from /home/airflow/.local/lib/python3.12/site-packages/airflow/example_dags/example_workday_timetable.py
[2024-10-26T07:07:25.317+0000] {processor.py:925} INFO - DAG(s) 'example_workday_timetable' retrieved from /home/airflow/.local/lib/python3.12/site-packages/airflow/example_dags/example_workday_timetable.py
[2024-10-26T07:07:25.338+0000] {logging_mixin.py:190} INFO - [2024-10-26T07:07:25.337+0000] {dag.py:3239} INFO - Sync 1 DAGs
[2024-10-26T07:07:25.382+0000] {logging_mixin.py:190} INFO - [2024-10-26T07:07:25.382+0000] {dag.py:4180} INFO - Setting next_dagrun for example_workday_timetable to 2021-01-04 00:00:00+00:00, run_after=2021-01-05 00:00:00+00:00
[2024-10-26T07:07:25.396+0000] {processor.py:208} INFO - Processing /home/airflow/.local/lib/python3.12/site-packages/airflow/example_dags/example_workday_timetable.py took 0.095 seconds
[2024-10-26T07:07:55.946+0000] {processor.py:186} INFO - Started process (PID=76929) to work on /home/airflow/.local/lib/python3.12/site-packages/airflow/example_dags/example_workday_timetable.py
[2024-10-26T07:07:55.947+0000] {processor.py:914} INFO - Processing file /home/airflow/.local/lib/python3.12/site-packages/airflow/example_dags/example_workday_timetable.py for tasks to queue
[2024-10-26T07:07:55.949+0000] {logging_mixin.py:190} INFO - [2024-10-26T07:07:55.949+0000] {dagbag.py:588} INFO - Filling up the DagBag from /home/airflow/.local/lib/python3.12/site-packages/airflow/example_dags/example_workday_timetable.py
[2024-10-26T07:07:55.959+0000] {processor.py:925} INFO - DAG(s) 'example_workday_timetable' retrieved from /home/airflow/.local/lib/python3.12/site-packages/airflow/example_dags/example_workday_timetable.py
[2024-10-26T07:07:55.975+0000] {logging_mixin.py:190} INFO - [2024-10-26T07:07:55.974+0000] {dag.py:3239} INFO - Sync 1 DAGs
[2024-10-26T07:07:56.025+0000] {logging_mixin.py:190} INFO - [2024-10-26T07:07:56.024+0000] {dag.py:4180} INFO - Setting next_dagrun for example_workday_timetable to 2021-01-04 00:00:00+00:00, run_after=2021-01-05 00:00:00+00:00
[2024-10-26T07:07:56.035+0000] {processor.py:208} INFO - Processing /home/airflow/.local/lib/python3.12/site-packages/airflow/example_dags/example_workday_timetable.py took 0.094 seconds
[2024-10-26T07:08:26.105+0000] {processor.py:186} INFO - Started process (PID=77220) to work on /home/airflow/.local/lib/python3.12/site-packages/airflow/example_dags/example_workday_timetable.py
[2024-10-26T07:08:26.106+0000] {processor.py:914} INFO - Processing file /home/airflow/.local/lib/python3.12/site-packages/airflow/example_dags/example_workday_timetable.py for tasks to queue
[2024-10-26T07:08:26.107+0000] {logging_mixin.py:190} INFO - [2024-10-26T07:08:26.107+0000] {dagbag.py:588} INFO - Filling up the DagBag from /home/airflow/.local/lib/python3.12/site-packages/airflow/example_dags/example_workday_timetable.py
[2024-10-26T07:08:26.111+0000] {processor.py:925} INFO - DAG(s) 'example_workday_timetable' retrieved from /home/airflow/.local/lib/python3.12/site-packages/airflow/example_dags/example_workday_timetable.py
[2024-10-26T07:08:26.124+0000] {logging_mixin.py:190} INFO - [2024-10-26T07:08:26.124+0000] {dag.py:3239} INFO - Sync 1 DAGs
[2024-10-26T07:08:26.170+0000] {logging_mixin.py:190} INFO - [2024-10-26T07:08:26.170+0000] {dag.py:4180} INFO - Setting next_dagrun for example_workday_timetable to 2021-01-04 00:00:00+00:00, run_after=2021-01-05 00:00:00+00:00
[2024-10-26T07:08:26.179+0000] {processor.py:208} INFO - Processing /home/airflow/.local/lib/python3.12/site-packages/airflow/example_dags/example_workday_timetable.py took 0.076 seconds
[2024-10-26T07:08:56.420+0000] {processor.py:186} INFO - Started process (PID=77511) to work on /home/airflow/.local/lib/python3.12/site-packages/airflow/example_dags/example_workday_timetable.py
[2024-10-26T07:08:56.420+0000] {processor.py:914} INFO - Processing file /home/airflow/.local/lib/python3.12/site-packages/airflow/example_dags/example_workday_timetable.py for tasks to queue
[2024-10-26T07:08:56.421+0000] {logging_mixin.py:190} INFO - [2024-10-26T07:08:56.421+0000] {dagbag.py:588} INFO - Filling up the DagBag from /home/airflow/.local/lib/python3.12/site-packages/airflow/example_dags/example_workday_timetable.py
[2024-10-26T07:08:56.426+0000] {processor.py:925} INFO - DAG(s) 'example_workday_timetable' retrieved from /home/airflow/.local/lib/python3.12/site-packages/airflow/example_dags/example_workday_timetable.py
[2024-10-26T07:08:56.439+0000] {logging_mixin.py:190} INFO - [2024-10-26T07:08:56.439+0000] {dag.py:3239} INFO - Sync 1 DAGs
[2024-10-26T07:08:56.479+0000] {logging_mixin.py:190} INFO - [2024-10-26T07:08:56.479+0000] {dag.py:4180} INFO - Setting next_dagrun for example_workday_timetable to 2021-01-04 00:00:00+00:00, run_after=2021-01-05 00:00:00+00:00
[2024-10-26T07:08:56.491+0000] {processor.py:208} INFO - Processing /home/airflow/.local/lib/python3.12/site-packages/airflow/example_dags/example_workday_timetable.py took 0.074 seconds
[2024-10-26T07:09:27.643+0000] {processor.py:186} INFO - Started process (PID=77802) to work on /home/airflow/.local/lib/python3.12/site-packages/airflow/example_dags/example_workday_timetable.py
[2024-10-26T07:09:27.644+0000] {processor.py:914} INFO - Processing file /home/airflow/.local/lib/python3.12/site-packages/airflow/example_dags/example_workday_timetable.py for tasks to queue
[2024-10-26T07:09:27.644+0000] {logging_mixin.py:190} INFO - [2024-10-26T07:09:27.644+0000] {dagbag.py:588} INFO - Filling up the DagBag from /home/airflow/.local/lib/python3.12/site-packages/airflow/example_dags/example_workday_timetable.py
[2024-10-26T07:09:27.647+0000] {processor.py:925} INFO - DAG(s) 'example_workday_timetable' retrieved from /home/airflow/.local/lib/python3.12/site-packages/airflow/example_dags/example_workday_timetable.py
[2024-10-26T07:09:27.659+0000] {logging_mixin.py:190} INFO - [2024-10-26T07:09:27.659+0000] {dag.py:3239} INFO - Sync 1 DAGs
[2024-10-26T07:09:27.708+0000] {logging_mixin.py:190} INFO - [2024-10-26T07:09:27.708+0000] {dag.py:4180} INFO - Setting next_dagrun for example_workday_timetable to 2021-01-04 00:00:00+00:00, run_after=2021-01-05 00:00:00+00:00
[2024-10-26T07:09:27.720+0000] {processor.py:208} INFO - Processing /home/airflow/.local/lib/python3.12/site-packages/airflow/example_dags/example_workday_timetable.py took 0.082 seconds
[2024-10-26T07:09:57.926+0000] {processor.py:186} INFO - Started process (PID=78093) to work on /home/airflow/.local/lib/python3.12/site-packages/airflow/example_dags/example_workday_timetable.py
[2024-10-26T07:09:57.926+0000] {processor.py:914} INFO - Processing file /home/airflow/.local/lib/python3.12/site-packages/airflow/example_dags/example_workday_timetable.py for tasks to queue
[2024-10-26T07:09:57.927+0000] {logging_mixin.py:190} INFO - [2024-10-26T07:09:57.927+0000] {dagbag.py:588} INFO - Filling up the DagBag from /home/airflow/.local/lib/python3.12/site-packages/airflow/example_dags/example_workday_timetable.py
[2024-10-26T07:09:57.930+0000] {processor.py:925} INFO - DAG(s) 'example_workday_timetable' retrieved from /home/airflow/.local/lib/python3.12/site-packages/airflow/example_dags/example_workday_timetable.py
[2024-10-26T07:09:57.940+0000] {logging_mixin.py:190} INFO - [2024-10-26T07:09:57.940+0000] {dag.py:3239} INFO - Sync 1 DAGs
[2024-10-26T07:09:57.983+0000] {logging_mixin.py:190} INFO - [2024-10-26T07:09:57.983+0000] {dag.py:4180} INFO - Setting next_dagrun for example_workday_timetable to 2021-01-04 00:00:00+00:00, run_after=2021-01-05 00:00:00+00:00
[2024-10-26T07:09:57.992+0000] {processor.py:208} INFO - Processing /home/airflow/.local/lib/python3.12/site-packages/airflow/example_dags/example_workday_timetable.py took 0.069 seconds
[2024-10-26T07:10:29.262+0000] {processor.py:186} INFO - Started process (PID=78384) to work on /home/airflow/.local/lib/python3.12/site-packages/airflow/example_dags/example_workday_timetable.py
[2024-10-26T07:10:29.262+0000] {processor.py:914} INFO - Processing file /home/airflow/.local/lib/python3.12/site-packages/airflow/example_dags/example_workday_timetable.py for tasks to queue
[2024-10-26T07:10:29.263+0000] {logging_mixin.py:190} INFO - [2024-10-26T07:10:29.263+0000] {dagbag.py:588} INFO - Filling up the DagBag from /home/airflow/.local/lib/python3.12/site-packages/airflow/example_dags/example_workday_timetable.py
[2024-10-26T07:10:29.266+0000] {processor.py:925} INFO - DAG(s) 'example_workday_timetable' retrieved from /home/airflow/.local/lib/python3.12/site-packages/airflow/example_dags/example_workday_timetable.py
[2024-10-26T07:10:29.280+0000] {logging_mixin.py:190} INFO - [2024-10-26T07:10:29.280+0000] {dag.py:3239} INFO - Sync 1 DAGs
[2024-10-26T07:10:29.332+0000] {logging_mixin.py:190} INFO - [2024-10-26T07:10:29.332+0000] {dag.py:4180} INFO - Setting next_dagrun for example_workday_timetable to 2021-01-04 00:00:00+00:00, run_after=2021-01-05 00:00:00+00:00
[2024-10-26T07:10:29.343+0000] {processor.py:208} INFO - Processing /home/airflow/.local/lib/python3.12/site-packages/airflow/example_dags/example_workday_timetable.py took 0.085 seconds
[2024-10-26T07:10:59.880+0000] {processor.py:186} INFO - Started process (PID=78675) to work on /home/airflow/.local/lib/python3.12/site-packages/airflow/example_dags/example_workday_timetable.py
[2024-10-26T07:10:59.881+0000] {processor.py:914} INFO - Processing file /home/airflow/.local/lib/python3.12/site-packages/airflow/example_dags/example_workday_timetable.py for tasks to queue
[2024-10-26T07:10:59.881+0000] {logging_mixin.py:190} INFO - [2024-10-26T07:10:59.881+0000] {dagbag.py:588} INFO - Filling up the DagBag from /home/airflow/.local/lib/python3.12/site-packages/airflow/example_dags/example_workday_timetable.py
[2024-10-26T07:10:59.884+0000] {processor.py:925} INFO - DAG(s) 'example_workday_timetable' retrieved from /home/airflow/.local/lib/python3.12/site-packages/airflow/example_dags/example_workday_timetable.py
[2024-10-26T07:10:59.894+0000] {logging_mixin.py:190} INFO - [2024-10-26T07:10:59.894+0000] {dag.py:3239} INFO - Sync 1 DAGs
[2024-10-26T07:10:59.934+0000] {logging_mixin.py:190} INFO - [2024-10-26T07:10:59.934+0000] {dag.py:4180} INFO - Setting next_dagrun for example_workday_timetable to 2021-01-04 00:00:00+00:00, run_after=2021-01-05 00:00:00+00:00
[2024-10-26T07:10:59.947+0000] {processor.py:208} INFO - Processing /home/airflow/.local/lib/python3.12/site-packages/airflow/example_dags/example_workday_timetable.py took 0.072 seconds
[2024-10-26T07:11:31.068+0000] {processor.py:186} INFO - Started process (PID=78971) to work on /home/airflow/.local/lib/python3.12/site-packages/airflow/example_dags/example_workday_timetable.py
[2024-10-26T07:11:31.069+0000] {processor.py:914} INFO - Processing file /home/airflow/.local/lib/python3.12/site-packages/airflow/example_dags/example_workday_timetable.py for tasks to queue
[2024-10-26T07:11:31.070+0000] {logging_mixin.py:190} INFO - [2024-10-26T07:11:31.069+0000] {dagbag.py:588} INFO - Filling up the DagBag from /home/airflow/.local/lib/python3.12/site-packages/airflow/example_dags/example_workday_timetable.py
[2024-10-26T07:11:31.073+0000] {processor.py:925} INFO - DAG(s) 'example_workday_timetable' retrieved from /home/airflow/.local/lib/python3.12/site-packages/airflow/example_dags/example_workday_timetable.py
[2024-10-26T07:11:31.085+0000] {logging_mixin.py:190} INFO - [2024-10-26T07:11:31.085+0000] {dag.py:3239} INFO - Sync 1 DAGs
[2024-10-26T07:11:31.133+0000] {logging_mixin.py:190} INFO - [2024-10-26T07:11:31.132+0000] {dag.py:4180} INFO - Setting next_dagrun for example_workday_timetable to 2021-01-04 00:00:00+00:00, run_after=2021-01-05 00:00:00+00:00
[2024-10-26T07:11:31.144+0000] {processor.py:208} INFO - Processing /home/airflow/.local/lib/python3.12/site-packages/airflow/example_dags/example_workday_timetable.py took 0.080 seconds
[2024-10-26T07:12:01.966+0000] {processor.py:186} INFO - Started process (PID=79262) to work on /home/airflow/.local/lib/python3.12/site-packages/airflow/example_dags/example_workday_timetable.py
[2024-10-26T07:12:01.967+0000] {processor.py:914} INFO - Processing file /home/airflow/.local/lib/python3.12/site-packages/airflow/example_dags/example_workday_timetable.py for tasks to queue
[2024-10-26T07:12:01.969+0000] {logging_mixin.py:190} INFO - [2024-10-26T07:12:01.968+0000] {dagbag.py:588} INFO - Filling up the DagBag from /home/airflow/.local/lib/python3.12/site-packages/airflow/example_dags/example_workday_timetable.py
[2024-10-26T07:12:01.972+0000] {processor.py:925} INFO - DAG(s) 'example_workday_timetable' retrieved from /home/airflow/.local/lib/python3.12/site-packages/airflow/example_dags/example_workday_timetable.py
[2024-10-26T07:12:01.982+0000] {logging_mixin.py:190} INFO - [2024-10-26T07:12:01.982+0000] {dag.py:3239} INFO - Sync 1 DAGs
[2024-10-26T07:12:02.018+0000] {logging_mixin.py:190} INFO - [2024-10-26T07:12:02.018+0000] {dag.py:4180} INFO - Setting next_dagrun for example_workday_timetable to 2021-01-04 00:00:00+00:00, run_after=2021-01-05 00:00:00+00:00
[2024-10-26T07:12:02.032+0000] {processor.py:208} INFO - Processing /home/airflow/.local/lib/python3.12/site-packages/airflow/example_dags/example_workday_timetable.py took 0.069 seconds
[2024-10-26T07:12:32.215+0000] {processor.py:186} INFO - Started process (PID=79555) to work on /home/airflow/.local/lib/python3.12/site-packages/airflow/example_dags/example_workday_timetable.py
[2024-10-26T07:12:32.216+0000] {processor.py:914} INFO - Processing file /home/airflow/.local/lib/python3.12/site-packages/airflow/example_dags/example_workday_timetable.py for tasks to queue
[2024-10-26T07:12:32.217+0000] {logging_mixin.py:190} INFO - [2024-10-26T07:12:32.217+0000] {dagbag.py:588} INFO - Filling up the DagBag from /home/airflow/.local/lib/python3.12/site-packages/airflow/example_dags/example_workday_timetable.py
[2024-10-26T07:12:32.222+0000] {processor.py:925} INFO - DAG(s) 'example_workday_timetable' retrieved from /home/airflow/.local/lib/python3.12/site-packages/airflow/example_dags/example_workday_timetable.py
[2024-10-26T07:12:32.238+0000] {logging_mixin.py:190} INFO - [2024-10-26T07:12:32.238+0000] {dag.py:3239} INFO - Sync 1 DAGs
[2024-10-26T07:12:32.292+0000] {logging_mixin.py:190} INFO - [2024-10-26T07:12:32.292+0000] {dag.py:4180} INFO - Setting next_dagrun for example_workday_timetable to 2021-01-04 00:00:00+00:00, run_after=2021-01-05 00:00:00+00:00
[2024-10-26T07:12:32.308+0000] {processor.py:208} INFO - Processing /home/airflow/.local/lib/python3.12/site-packages/airflow/example_dags/example_workday_timetable.py took 0.096 seconds
[2024-10-26T07:13:03.062+0000] {processor.py:186} INFO - Started process (PID=79844) to work on /home/airflow/.local/lib/python3.12/site-packages/airflow/example_dags/example_workday_timetable.py
[2024-10-26T07:13:03.062+0000] {processor.py:914} INFO - Processing file /home/airflow/.local/lib/python3.12/site-packages/airflow/example_dags/example_workday_timetable.py for tasks to queue
[2024-10-26T07:13:03.063+0000] {logging_mixin.py:190} INFO - [2024-10-26T07:13:03.063+0000] {dagbag.py:588} INFO - Filling up the DagBag from /home/airflow/.local/lib/python3.12/site-packages/airflow/example_dags/example_workday_timetable.py
[2024-10-26T07:13:03.066+0000] {processor.py:925} INFO - DAG(s) 'example_workday_timetable' retrieved from /home/airflow/.local/lib/python3.12/site-packages/airflow/example_dags/example_workday_timetable.py
[2024-10-26T07:13:03.080+0000] {logging_mixin.py:190} INFO - [2024-10-26T07:13:03.080+0000] {dag.py:3239} INFO - Sync 1 DAGs
[2024-10-26T07:13:03.133+0000] {logging_mixin.py:190} INFO - [2024-10-26T07:13:03.133+0000] {dag.py:4180} INFO - Setting next_dagrun for example_workday_timetable to 2021-01-04 00:00:00+00:00, run_after=2021-01-05 00:00:00+00:00
[2024-10-26T07:13:03.147+0000] {processor.py:208} INFO - Processing /home/airflow/.local/lib/python3.12/site-packages/airflow/example_dags/example_workday_timetable.py took 0.090 seconds
[2024-10-26T07:13:34.277+0000] {processor.py:186} INFO - Started process (PID=80140) to work on /home/airflow/.local/lib/python3.12/site-packages/airflow/example_dags/example_workday_timetable.py
[2024-10-26T07:13:34.278+0000] {processor.py:914} INFO - Processing file /home/airflow/.local/lib/python3.12/site-packages/airflow/example_dags/example_workday_timetable.py for tasks to queue
[2024-10-26T07:13:34.279+0000] {logging_mixin.py:190} INFO - [2024-10-26T07:13:34.278+0000] {dagbag.py:588} INFO - Filling up the DagBag from /home/airflow/.local/lib/python3.12/site-packages/airflow/example_dags/example_workday_timetable.py
[2024-10-26T07:13:34.282+0000] {processor.py:925} INFO - DAG(s) 'example_workday_timetable' retrieved from /home/airflow/.local/lib/python3.12/site-packages/airflow/example_dags/example_workday_timetable.py
[2024-10-26T07:13:34.296+0000] {logging_mixin.py:190} INFO - [2024-10-26T07:13:34.296+0000] {dag.py:3239} INFO - Sync 1 DAGs
[2024-10-26T07:13:34.329+0000] {logging_mixin.py:190} INFO - [2024-10-26T07:13:34.329+0000] {dag.py:4180} INFO - Setting next_dagrun for example_workday_timetable to 2021-01-04 00:00:00+00:00, run_after=2021-01-05 00:00:00+00:00
[2024-10-26T07:13:34.340+0000] {processor.py:208} INFO - Processing /home/airflow/.local/lib/python3.12/site-packages/airflow/example_dags/example_workday_timetable.py took 0.066 seconds
[2024-10-26T07:14:04.709+0000] {processor.py:186} INFO - Started process (PID=80436) to work on /home/airflow/.local/lib/python3.12/site-packages/airflow/example_dags/example_workday_timetable.py
[2024-10-26T07:14:04.710+0000] {processor.py:914} INFO - Processing file /home/airflow/.local/lib/python3.12/site-packages/airflow/example_dags/example_workday_timetable.py for tasks to queue
[2024-10-26T07:14:04.710+0000] {logging_mixin.py:190} INFO - [2024-10-26T07:14:04.710+0000] {dagbag.py:588} INFO - Filling up the DagBag from /home/airflow/.local/lib/python3.12/site-packages/airflow/example_dags/example_workday_timetable.py
[2024-10-26T07:14:04.714+0000] {processor.py:925} INFO - DAG(s) 'example_workday_timetable' retrieved from /home/airflow/.local/lib/python3.12/site-packages/airflow/example_dags/example_workday_timetable.py
[2024-10-26T07:14:04.727+0000] {logging_mixin.py:190} INFO - [2024-10-26T07:14:04.726+0000] {dag.py:3239} INFO - Sync 1 DAGs
[2024-10-26T07:14:04.871+0000] {logging_mixin.py:190} INFO - [2024-10-26T07:14:04.871+0000] {dag.py:4180} INFO - Setting next_dagrun for example_workday_timetable to 2021-01-04 00:00:00+00:00, run_after=2021-01-05 00:00:00+00:00
[2024-10-26T07:14:04.888+0000] {processor.py:208} INFO - Processing /home/airflow/.local/lib/python3.12/site-packages/airflow/example_dags/example_workday_timetable.py took 0.183 seconds
[2024-10-26T07:14:35.533+0000] {processor.py:186} INFO - Started process (PID=80727) to work on /home/airflow/.local/lib/python3.12/site-packages/airflow/example_dags/example_workday_timetable.py
[2024-10-26T07:14:35.533+0000] {processor.py:914} INFO - Processing file /home/airflow/.local/lib/python3.12/site-packages/airflow/example_dags/example_workday_timetable.py for tasks to queue
[2024-10-26T07:14:35.535+0000] {logging_mixin.py:190} INFO - [2024-10-26T07:14:35.535+0000] {dagbag.py:588} INFO - Filling up the DagBag from /home/airflow/.local/lib/python3.12/site-packages/airflow/example_dags/example_workday_timetable.py
[2024-10-26T07:14:35.538+0000] {processor.py:925} INFO - DAG(s) 'example_workday_timetable' retrieved from /home/airflow/.local/lib/python3.12/site-packages/airflow/example_dags/example_workday_timetable.py
[2024-10-26T07:14:35.550+0000] {logging_mixin.py:190} INFO - [2024-10-26T07:14:35.549+0000] {dag.py:3239} INFO - Sync 1 DAGs
[2024-10-26T07:14:35.653+0000] {logging_mixin.py:190} INFO - [2024-10-26T07:14:35.653+0000] {dag.py:4180} INFO - Setting next_dagrun for example_workday_timetable to 2021-01-04 00:00:00+00:00, run_after=2021-01-05 00:00:00+00:00
[2024-10-26T07:14:35.894+0000] {processor.py:208} INFO - Processing /home/airflow/.local/lib/python3.12/site-packages/airflow/example_dags/example_workday_timetable.py took 0.364 seconds
[2024-10-26T07:15:06.144+0000] {processor.py:186} INFO - Started process (PID=81018) to work on /home/airflow/.local/lib/python3.12/site-packages/airflow/example_dags/example_workday_timetable.py
[2024-10-26T07:15:06.145+0000] {processor.py:914} INFO - Processing file /home/airflow/.local/lib/python3.12/site-packages/airflow/example_dags/example_workday_timetable.py for tasks to queue
[2024-10-26T07:15:06.146+0000] {logging_mixin.py:190} INFO - [2024-10-26T07:15:06.145+0000] {dagbag.py:588} INFO - Filling up the DagBag from /home/airflow/.local/lib/python3.12/site-packages/airflow/example_dags/example_workday_timetable.py
[2024-10-26T07:15:06.149+0000] {processor.py:925} INFO - DAG(s) 'example_workday_timetable' retrieved from /home/airflow/.local/lib/python3.12/site-packages/airflow/example_dags/example_workday_timetable.py
[2024-10-26T07:15:06.162+0000] {logging_mixin.py:190} INFO - [2024-10-26T07:15:06.161+0000] {dag.py:3239} INFO - Sync 1 DAGs
[2024-10-26T07:15:06.210+0000] {logging_mixin.py:190} INFO - [2024-10-26T07:15:06.210+0000] {dag.py:4180} INFO - Setting next_dagrun for example_workday_timetable to 2021-01-04 00:00:00+00:00, run_after=2021-01-05 00:00:00+00:00
[2024-10-26T07:15:06.221+0000] {processor.py:208} INFO - Processing /home/airflow/.local/lib/python3.12/site-packages/airflow/example_dags/example_workday_timetable.py took 0.079 seconds
[2024-10-26T07:15:36.454+0000] {processor.py:186} INFO - Started process (PID=81309) to work on /home/airflow/.local/lib/python3.12/site-packages/airflow/example_dags/example_workday_timetable.py
[2024-10-26T07:15:36.455+0000] {processor.py:914} INFO - Processing file /home/airflow/.local/lib/python3.12/site-packages/airflow/example_dags/example_workday_timetable.py for tasks to queue
[2024-10-26T07:15:36.456+0000] {logging_mixin.py:190} INFO - [2024-10-26T07:15:36.455+0000] {dagbag.py:588} INFO - Filling up the DagBag from /home/airflow/.local/lib/python3.12/site-packages/airflow/example_dags/example_workday_timetable.py
[2024-10-26T07:15:36.459+0000] {processor.py:925} INFO - DAG(s) 'example_workday_timetable' retrieved from /home/airflow/.local/lib/python3.12/site-packages/airflow/example_dags/example_workday_timetable.py
[2024-10-26T07:15:36.473+0000] {logging_mixin.py:190} INFO - [2024-10-26T07:15:36.473+0000] {dag.py:3239} INFO - Sync 1 DAGs
[2024-10-26T07:15:36.518+0000] {logging_mixin.py:190} INFO - [2024-10-26T07:15:36.518+0000] {dag.py:4180} INFO - Setting next_dagrun for example_workday_timetable to 2021-01-04 00:00:00+00:00, run_after=2021-01-05 00:00:00+00:00
[2024-10-26T07:15:36.529+0000] {processor.py:208} INFO - Processing /home/airflow/.local/lib/python3.12/site-packages/airflow/example_dags/example_workday_timetable.py took 0.077 seconds
[2024-10-26T07:16:07.507+0000] {processor.py:186} INFO - Started process (PID=81602) to work on /home/airflow/.local/lib/python3.12/site-packages/airflow/example_dags/example_workday_timetable.py
[2024-10-26T07:16:07.508+0000] {processor.py:914} INFO - Processing file /home/airflow/.local/lib/python3.12/site-packages/airflow/example_dags/example_workday_timetable.py for tasks to queue
[2024-10-26T07:16:07.509+0000] {logging_mixin.py:190} INFO - [2024-10-26T07:16:07.508+0000] {dagbag.py:588} INFO - Filling up the DagBag from /home/airflow/.local/lib/python3.12/site-packages/airflow/example_dags/example_workday_timetable.py
[2024-10-26T07:16:07.512+0000] {processor.py:925} INFO - DAG(s) 'example_workday_timetable' retrieved from /home/airflow/.local/lib/python3.12/site-packages/airflow/example_dags/example_workday_timetable.py
[2024-10-26T07:16:07.523+0000] {logging_mixin.py:190} INFO - [2024-10-26T07:16:07.522+0000] {dag.py:3239} INFO - Sync 1 DAGs
[2024-10-26T07:16:07.571+0000] {logging_mixin.py:190} INFO - [2024-10-26T07:16:07.571+0000] {dag.py:4180} INFO - Setting next_dagrun for example_workday_timetable to 2021-01-04 00:00:00+00:00, run_after=2021-01-05 00:00:00+00:00
[2024-10-26T07:16:07.584+0000] {processor.py:208} INFO - Processing /home/airflow/.local/lib/python3.12/site-packages/airflow/example_dags/example_workday_timetable.py took 0.080 seconds
[2024-10-26T07:16:38.101+0000] {processor.py:186} INFO - Started process (PID=81893) to work on /home/airflow/.local/lib/python3.12/site-packages/airflow/example_dags/example_workday_timetable.py
[2024-10-26T07:16:38.102+0000] {processor.py:914} INFO - Processing file /home/airflow/.local/lib/python3.12/site-packages/airflow/example_dags/example_workday_timetable.py for tasks to queue
[2024-10-26T07:16:38.104+0000] {logging_mixin.py:190} INFO - [2024-10-26T07:16:38.103+0000] {dagbag.py:588} INFO - Filling up the DagBag from /home/airflow/.local/lib/python3.12/site-packages/airflow/example_dags/example_workday_timetable.py
[2024-10-26T07:16:38.109+0000] {processor.py:925} INFO - DAG(s) 'example_workday_timetable' retrieved from /home/airflow/.local/lib/python3.12/site-packages/airflow/example_dags/example_workday_timetable.py
[2024-10-26T07:16:38.128+0000] {logging_mixin.py:190} INFO - [2024-10-26T07:16:38.128+0000] {dag.py:3239} INFO - Sync 1 DAGs
[2024-10-26T07:16:38.176+0000] {logging_mixin.py:190} INFO - [2024-10-26T07:16:38.176+0000] {dag.py:4180} INFO - Setting next_dagrun for example_workday_timetable to 2021-01-04 00:00:00+00:00, run_after=2021-01-05 00:00:00+00:00
[2024-10-26T07:16:38.187+0000] {processor.py:208} INFO - Processing /home/airflow/.local/lib/python3.12/site-packages/airflow/example_dags/example_workday_timetable.py took 0.092 seconds
[2024-10-26T07:17:08.809+0000] {processor.py:186} INFO - Started process (PID=82181) to work on /home/airflow/.local/lib/python3.12/site-packages/airflow/example_dags/example_workday_timetable.py
[2024-10-26T07:17:08.810+0000] {processor.py:914} INFO - Processing file /home/airflow/.local/lib/python3.12/site-packages/airflow/example_dags/example_workday_timetable.py for tasks to queue
[2024-10-26T07:17:08.811+0000] {logging_mixin.py:190} INFO - [2024-10-26T07:17:08.811+0000] {dagbag.py:588} INFO - Filling up the DagBag from /home/airflow/.local/lib/python3.12/site-packages/airflow/example_dags/example_workday_timetable.py
[2024-10-26T07:17:08.815+0000] {processor.py:925} INFO - DAG(s) 'example_workday_timetable' retrieved from /home/airflow/.local/lib/python3.12/site-packages/airflow/example_dags/example_workday_timetable.py
[2024-10-26T07:17:08.829+0000] {logging_mixin.py:190} INFO - [2024-10-26T07:17:08.829+0000] {dag.py:3239} INFO - Sync 1 DAGs
[2024-10-26T07:17:08.868+0000] {logging_mixin.py:190} INFO - [2024-10-26T07:17:08.868+0000] {dag.py:4180} INFO - Setting next_dagrun for example_workday_timetable to 2021-01-04 00:00:00+00:00, run_after=2021-01-05 00:00:00+00:00
[2024-10-26T07:17:08.876+0000] {processor.py:208} INFO - Processing /home/airflow/.local/lib/python3.12/site-packages/airflow/example_dags/example_workday_timetable.py took 0.072 seconds
[2024-10-26T07:17:39.755+0000] {processor.py:186} INFO - Started process (PID=82472) to work on /home/airflow/.local/lib/python3.12/site-packages/airflow/example_dags/example_workday_timetable.py
[2024-10-26T07:17:39.756+0000] {processor.py:914} INFO - Processing file /home/airflow/.local/lib/python3.12/site-packages/airflow/example_dags/example_workday_timetable.py for tasks to queue
[2024-10-26T07:17:39.757+0000] {logging_mixin.py:190} INFO - [2024-10-26T07:17:39.756+0000] {dagbag.py:588} INFO - Filling up the DagBag from /home/airflow/.local/lib/python3.12/site-packages/airflow/example_dags/example_workday_timetable.py
[2024-10-26T07:17:39.760+0000] {processor.py:925} INFO - DAG(s) 'example_workday_timetable' retrieved from /home/airflow/.local/lib/python3.12/site-packages/airflow/example_dags/example_workday_timetable.py
[2024-10-26T07:17:39.770+0000] {logging_mixin.py:190} INFO - [2024-10-26T07:17:39.770+0000] {dag.py:3239} INFO - Sync 1 DAGs
[2024-10-26T07:17:39.813+0000] {logging_mixin.py:190} INFO - [2024-10-26T07:17:39.812+0000] {dag.py:4180} INFO - Setting next_dagrun for example_workday_timetable to 2021-01-04 00:00:00+00:00, run_after=2021-01-05 00:00:00+00:00
[2024-10-26T07:17:39.822+0000] {processor.py:208} INFO - Processing /home/airflow/.local/lib/python3.12/site-packages/airflow/example_dags/example_workday_timetable.py took 0.071 seconds
[2024-10-26T07:18:10.903+0000] {processor.py:186} INFO - Started process (PID=82763) to work on /home/airflow/.local/lib/python3.12/site-packages/airflow/example_dags/example_workday_timetable.py
[2024-10-26T07:18:10.904+0000] {processor.py:914} INFO - Processing file /home/airflow/.local/lib/python3.12/site-packages/airflow/example_dags/example_workday_timetable.py for tasks to queue
[2024-10-26T07:18:10.904+0000] {logging_mixin.py:190} INFO - [2024-10-26T07:18:10.904+0000] {dagbag.py:588} INFO - Filling up the DagBag from /home/airflow/.local/lib/python3.12/site-packages/airflow/example_dags/example_workday_timetable.py
[2024-10-26T07:18:10.910+0000] {processor.py:925} INFO - DAG(s) 'example_workday_timetable' retrieved from /home/airflow/.local/lib/python3.12/site-packages/airflow/example_dags/example_workday_timetable.py
[2024-10-26T07:18:10.924+0000] {logging_mixin.py:190} INFO - [2024-10-26T07:18:10.924+0000] {dag.py:3239} INFO - Sync 1 DAGs
[2024-10-26T07:18:10.966+0000] {logging_mixin.py:190} INFO - [2024-10-26T07:18:10.966+0000] {dag.py:4180} INFO - Setting next_dagrun for example_workday_timetable to 2021-01-04 00:00:00+00:00, run_after=2021-01-05 00:00:00+00:00
[2024-10-26T07:18:10.985+0000] {processor.py:208} INFO - Processing /home/airflow/.local/lib/python3.12/site-packages/airflow/example_dags/example_workday_timetable.py took 0.087 seconds
[2024-10-26T07:18:41.194+0000] {processor.py:186} INFO - Started process (PID=83054) to work on /home/airflow/.local/lib/python3.12/site-packages/airflow/example_dags/example_workday_timetable.py
[2024-10-26T07:18:41.197+0000] {processor.py:914} INFO - Processing file /home/airflow/.local/lib/python3.12/site-packages/airflow/example_dags/example_workday_timetable.py for tasks to queue
[2024-10-26T07:18:41.197+0000] {logging_mixin.py:190} INFO - [2024-10-26T07:18:41.197+0000] {dagbag.py:588} INFO - Filling up the DagBag from /home/airflow/.local/lib/python3.12/site-packages/airflow/example_dags/example_workday_timetable.py
[2024-10-26T07:18:41.200+0000] {processor.py:925} INFO - DAG(s) 'example_workday_timetable' retrieved from /home/airflow/.local/lib/python3.12/site-packages/airflow/example_dags/example_workday_timetable.py
[2024-10-26T07:18:41.215+0000] {logging_mixin.py:190} INFO - [2024-10-26T07:18:41.215+0000] {dag.py:3239} INFO - Sync 1 DAGs
[2024-10-26T07:18:41.260+0000] {logging_mixin.py:190} INFO - [2024-10-26T07:18:41.260+0000] {dag.py:4180} INFO - Setting next_dagrun for example_workday_timetable to 2021-01-04 00:00:00+00:00, run_after=2021-01-05 00:00:00+00:00
[2024-10-26T07:18:41.271+0000] {processor.py:208} INFO - Processing /home/airflow/.local/lib/python3.12/site-packages/airflow/example_dags/example_workday_timetable.py took 0.080 seconds
[2024-10-26T07:19:11.549+0000] {processor.py:186} INFO - Started process (PID=83344) to work on /home/airflow/.local/lib/python3.12/site-packages/airflow/example_dags/example_workday_timetable.py
[2024-10-26T07:19:11.550+0000] {processor.py:914} INFO - Processing file /home/airflow/.local/lib/python3.12/site-packages/airflow/example_dags/example_workday_timetable.py for tasks to queue
[2024-10-26T07:19:11.551+0000] {logging_mixin.py:190} INFO - [2024-10-26T07:19:11.551+0000] {dagbag.py:588} INFO - Filling up the DagBag from /home/airflow/.local/lib/python3.12/site-packages/airflow/example_dags/example_workday_timetable.py
[2024-10-26T07:19:11.554+0000] {processor.py:925} INFO - DAG(s) 'example_workday_timetable' retrieved from /home/airflow/.local/lib/python3.12/site-packages/airflow/example_dags/example_workday_timetable.py
[2024-10-26T07:19:11.564+0000] {logging_mixin.py:190} INFO - [2024-10-26T07:19:11.564+0000] {dag.py:3239} INFO - Sync 1 DAGs
[2024-10-26T07:19:11.604+0000] {logging_mixin.py:190} INFO - [2024-10-26T07:19:11.604+0000] {dag.py:4180} INFO - Setting next_dagrun for example_workday_timetable to 2021-01-04 00:00:00+00:00, run_after=2021-01-05 00:00:00+00:00
[2024-10-26T07:19:11.624+0000] {processor.py:208} INFO - Processing /home/airflow/.local/lib/python3.12/site-packages/airflow/example_dags/example_workday_timetable.py took 0.078 seconds
[2024-10-26T07:19:42.601+0000] {processor.py:186} INFO - Started process (PID=83635) to work on /home/airflow/.local/lib/python3.12/site-packages/airflow/example_dags/example_workday_timetable.py
[2024-10-26T07:19:42.602+0000] {processor.py:914} INFO - Processing file /home/airflow/.local/lib/python3.12/site-packages/airflow/example_dags/example_workday_timetable.py for tasks to queue
[2024-10-26T07:19:42.602+0000] {logging_mixin.py:190} INFO - [2024-10-26T07:19:42.602+0000] {dagbag.py:588} INFO - Filling up the DagBag from /home/airflow/.local/lib/python3.12/site-packages/airflow/example_dags/example_workday_timetable.py
[2024-10-26T07:19:42.606+0000] {processor.py:925} INFO - DAG(s) 'example_workday_timetable' retrieved from /home/airflow/.local/lib/python3.12/site-packages/airflow/example_dags/example_workday_timetable.py
[2024-10-26T07:19:42.625+0000] {logging_mixin.py:190} INFO - [2024-10-26T07:19:42.625+0000] {dag.py:3239} INFO - Sync 1 DAGs
[2024-10-26T07:19:42.675+0000] {logging_mixin.py:190} INFO - [2024-10-26T07:19:42.675+0000] {dag.py:4180} INFO - Setting next_dagrun for example_workday_timetable to 2021-01-04 00:00:00+00:00, run_after=2021-01-05 00:00:00+00:00
[2024-10-26T07:19:42.694+0000] {processor.py:208} INFO - Processing /home/airflow/.local/lib/python3.12/site-packages/airflow/example_dags/example_workday_timetable.py took 0.096 seconds
[2024-10-26T07:20:13.536+0000] {processor.py:186} INFO - Started process (PID=83926) to work on /home/airflow/.local/lib/python3.12/site-packages/airflow/example_dags/example_workday_timetable.py
[2024-10-26T07:20:13.536+0000] {processor.py:914} INFO - Processing file /home/airflow/.local/lib/python3.12/site-packages/airflow/example_dags/example_workday_timetable.py for tasks to queue
[2024-10-26T07:20:13.538+0000] {logging_mixin.py:190} INFO - [2024-10-26T07:20:13.538+0000] {dagbag.py:588} INFO - Filling up the DagBag from /home/airflow/.local/lib/python3.12/site-packages/airflow/example_dags/example_workday_timetable.py
[2024-10-26T07:20:13.541+0000] {processor.py:925} INFO - DAG(s) 'example_workday_timetable' retrieved from /home/airflow/.local/lib/python3.12/site-packages/airflow/example_dags/example_workday_timetable.py
[2024-10-26T07:20:13.553+0000] {logging_mixin.py:190} INFO - [2024-10-26T07:20:13.553+0000] {dag.py:3239} INFO - Sync 1 DAGs
[2024-10-26T07:20:13.605+0000] {logging_mixin.py:190} INFO - [2024-10-26T07:20:13.604+0000] {dag.py:4180} INFO - Setting next_dagrun for example_workday_timetable to 2021-01-04 00:00:00+00:00, run_after=2021-01-05 00:00:00+00:00
[2024-10-26T07:20:13.617+0000] {processor.py:208} INFO - Processing /home/airflow/.local/lib/python3.12/site-packages/airflow/example_dags/example_workday_timetable.py took 0.084 seconds
[2024-10-26T07:20:43.770+0000] {processor.py:186} INFO - Started process (PID=84217) to work on /home/airflow/.local/lib/python3.12/site-packages/airflow/example_dags/example_workday_timetable.py
[2024-10-26T07:20:43.770+0000] {processor.py:914} INFO - Processing file /home/airflow/.local/lib/python3.12/site-packages/airflow/example_dags/example_workday_timetable.py for tasks to queue
[2024-10-26T07:20:43.771+0000] {logging_mixin.py:190} INFO - [2024-10-26T07:20:43.771+0000] {dagbag.py:588} INFO - Filling up the DagBag from /home/airflow/.local/lib/python3.12/site-packages/airflow/example_dags/example_workday_timetable.py
[2024-10-26T07:20:43.774+0000] {processor.py:925} INFO - DAG(s) 'example_workday_timetable' retrieved from /home/airflow/.local/lib/python3.12/site-packages/airflow/example_dags/example_workday_timetable.py
[2024-10-26T07:20:43.787+0000] {logging_mixin.py:190} INFO - [2024-10-26T07:20:43.787+0000] {dag.py:3239} INFO - Sync 1 DAGs
[2024-10-26T07:20:43.831+0000] {logging_mixin.py:190} INFO - [2024-10-26T07:20:43.830+0000] {dag.py:4180} INFO - Setting next_dagrun for example_workday_timetable to 2021-01-04 00:00:00+00:00, run_after=2021-01-05 00:00:00+00:00
[2024-10-26T07:20:43.841+0000] {processor.py:208} INFO - Processing /home/airflow/.local/lib/python3.12/site-packages/airflow/example_dags/example_workday_timetable.py took 0.075 seconds
[2024-10-26T07:21:14.598+0000] {processor.py:186} INFO - Started process (PID=84508) to work on /home/airflow/.local/lib/python3.12/site-packages/airflow/example_dags/example_workday_timetable.py
[2024-10-26T07:21:14.600+0000] {processor.py:914} INFO - Processing file /home/airflow/.local/lib/python3.12/site-packages/airflow/example_dags/example_workday_timetable.py for tasks to queue
[2024-10-26T07:21:14.601+0000] {logging_mixin.py:190} INFO - [2024-10-26T07:21:14.601+0000] {dagbag.py:588} INFO - Filling up the DagBag from /home/airflow/.local/lib/python3.12/site-packages/airflow/example_dags/example_workday_timetable.py
[2024-10-26T07:21:14.605+0000] {processor.py:925} INFO - DAG(s) 'example_workday_timetable' retrieved from /home/airflow/.local/lib/python3.12/site-packages/airflow/example_dags/example_workday_timetable.py
[2024-10-26T07:21:14.620+0000] {logging_mixin.py:190} INFO - [2024-10-26T07:21:14.620+0000] {dag.py:3239} INFO - Sync 1 DAGs
[2024-10-26T07:21:14.660+0000] {logging_mixin.py:190} INFO - [2024-10-26T07:21:14.660+0000] {dag.py:4180} INFO - Setting next_dagrun for example_workday_timetable to 2021-01-04 00:00:00+00:00, run_after=2021-01-05 00:00:00+00:00
[2024-10-26T07:21:14.669+0000] {processor.py:208} INFO - Processing /home/airflow/.local/lib/python3.12/site-packages/airflow/example_dags/example_workday_timetable.py took 0.075 seconds
[2024-10-26T07:21:45.281+0000] {processor.py:186} INFO - Started process (PID=84799) to work on /home/airflow/.local/lib/python3.12/site-packages/airflow/example_dags/example_workday_timetable.py
[2024-10-26T07:21:45.282+0000] {processor.py:914} INFO - Processing file /home/airflow/.local/lib/python3.12/site-packages/airflow/example_dags/example_workday_timetable.py for tasks to queue
[2024-10-26T07:21:45.283+0000] {logging_mixin.py:190} INFO - [2024-10-26T07:21:45.283+0000] {dagbag.py:588} INFO - Filling up the DagBag from /home/airflow/.local/lib/python3.12/site-packages/airflow/example_dags/example_workday_timetable.py
[2024-10-26T07:21:45.287+0000] {processor.py:925} INFO - DAG(s) 'example_workday_timetable' retrieved from /home/airflow/.local/lib/python3.12/site-packages/airflow/example_dags/example_workday_timetable.py
[2024-10-26T07:21:45.301+0000] {logging_mixin.py:190} INFO - [2024-10-26T07:21:45.301+0000] {dag.py:3239} INFO - Sync 1 DAGs
[2024-10-26T07:21:45.340+0000] {logging_mixin.py:190} INFO - [2024-10-26T07:21:45.340+0000] {dag.py:4180} INFO - Setting next_dagrun for example_workday_timetable to 2021-01-04 00:00:00+00:00, run_after=2021-01-05 00:00:00+00:00
[2024-10-26T07:21:45.350+0000] {processor.py:208} INFO - Processing /home/airflow/.local/lib/python3.12/site-packages/airflow/example_dags/example_workday_timetable.py took 0.073 seconds
[2024-10-26T07:22:16.258+0000] {processor.py:186} INFO - Started process (PID=85090) to work on /home/airflow/.local/lib/python3.12/site-packages/airflow/example_dags/example_workday_timetable.py
[2024-10-26T07:22:16.260+0000] {processor.py:914} INFO - Processing file /home/airflow/.local/lib/python3.12/site-packages/airflow/example_dags/example_workday_timetable.py for tasks to queue
[2024-10-26T07:22:16.261+0000] {logging_mixin.py:190} INFO - [2024-10-26T07:22:16.261+0000] {dagbag.py:588} INFO - Filling up the DagBag from /home/airflow/.local/lib/python3.12/site-packages/airflow/example_dags/example_workday_timetable.py
[2024-10-26T07:22:16.264+0000] {processor.py:925} INFO - DAG(s) 'example_workday_timetable' retrieved from /home/airflow/.local/lib/python3.12/site-packages/airflow/example_dags/example_workday_timetable.py
[2024-10-26T07:22:16.277+0000] {logging_mixin.py:190} INFO - [2024-10-26T07:22:16.277+0000] {dag.py:3239} INFO - Sync 1 DAGs
[2024-10-26T07:22:16.323+0000] {logging_mixin.py:190} INFO - [2024-10-26T07:22:16.323+0000] {dag.py:4180} INFO - Setting next_dagrun for example_workday_timetable to 2021-01-04 00:00:00+00:00, run_after=2021-01-05 00:00:00+00:00
[2024-10-26T07:22:16.335+0000] {processor.py:208} INFO - Processing /home/airflow/.local/lib/python3.12/site-packages/airflow/example_dags/example_workday_timetable.py took 0.081 seconds
[2024-10-26T07:22:47.118+0000] {processor.py:186} INFO - Started process (PID=85381) to work on /home/airflow/.local/lib/python3.12/site-packages/airflow/example_dags/example_workday_timetable.py
[2024-10-26T07:22:47.118+0000] {processor.py:914} INFO - Processing file /home/airflow/.local/lib/python3.12/site-packages/airflow/example_dags/example_workday_timetable.py for tasks to queue
[2024-10-26T07:22:47.119+0000] {logging_mixin.py:190} INFO - [2024-10-26T07:22:47.119+0000] {dagbag.py:588} INFO - Filling up the DagBag from /home/airflow/.local/lib/python3.12/site-packages/airflow/example_dags/example_workday_timetable.py
[2024-10-26T07:22:47.123+0000] {processor.py:925} INFO - DAG(s) 'example_workday_timetable' retrieved from /home/airflow/.local/lib/python3.12/site-packages/airflow/example_dags/example_workday_timetable.py
[2024-10-26T07:22:47.136+0000] {logging_mixin.py:190} INFO - [2024-10-26T07:22:47.136+0000] {dag.py:3239} INFO - Sync 1 DAGs
[2024-10-26T07:22:47.176+0000] {logging_mixin.py:190} INFO - [2024-10-26T07:22:47.175+0000] {dag.py:4180} INFO - Setting next_dagrun for example_workday_timetable to 2021-01-04 00:00:00+00:00, run_after=2021-01-05 00:00:00+00:00
[2024-10-26T07:22:47.185+0000] {processor.py:208} INFO - Processing /home/airflow/.local/lib/python3.12/site-packages/airflow/example_dags/example_workday_timetable.py took 0.070 seconds
[2024-10-26T07:23:17.970+0000] {processor.py:186} INFO - Started process (PID=85672) to work on /home/airflow/.local/lib/python3.12/site-packages/airflow/example_dags/example_workday_timetable.py
[2024-10-26T07:23:17.971+0000] {processor.py:914} INFO - Processing file /home/airflow/.local/lib/python3.12/site-packages/airflow/example_dags/example_workday_timetable.py for tasks to queue
[2024-10-26T07:23:17.973+0000] {logging_mixin.py:190} INFO - [2024-10-26T07:23:17.973+0000] {dagbag.py:588} INFO - Filling up the DagBag from /home/airflow/.local/lib/python3.12/site-packages/airflow/example_dags/example_workday_timetable.py
[2024-10-26T07:23:17.978+0000] {processor.py:925} INFO - DAG(s) 'example_workday_timetable' retrieved from /home/airflow/.local/lib/python3.12/site-packages/airflow/example_dags/example_workday_timetable.py
[2024-10-26T07:23:17.989+0000] {logging_mixin.py:190} INFO - [2024-10-26T07:23:17.989+0000] {dag.py:3239} INFO - Sync 1 DAGs
[2024-10-26T07:23:18.039+0000] {logging_mixin.py:190} INFO - [2024-10-26T07:23:18.039+0000] {dag.py:4180} INFO - Setting next_dagrun for example_workday_timetable to 2021-01-04 00:00:00+00:00, run_after=2021-01-05 00:00:00+00:00
[2024-10-26T07:23:18.050+0000] {processor.py:208} INFO - Processing /home/airflow/.local/lib/python3.12/site-packages/airflow/example_dags/example_workday_timetable.py took 0.084 seconds
[2024-10-26T07:23:48.757+0000] {processor.py:186} INFO - Started process (PID=85963) to work on /home/airflow/.local/lib/python3.12/site-packages/airflow/example_dags/example_workday_timetable.py
[2024-10-26T07:23:48.758+0000] {processor.py:914} INFO - Processing file /home/airflow/.local/lib/python3.12/site-packages/airflow/example_dags/example_workday_timetable.py for tasks to queue
[2024-10-26T07:23:48.759+0000] {logging_mixin.py:190} INFO - [2024-10-26T07:23:48.759+0000] {dagbag.py:588} INFO - Filling up the DagBag from /home/airflow/.local/lib/python3.12/site-packages/airflow/example_dags/example_workday_timetable.py
[2024-10-26T07:23:48.762+0000] {processor.py:925} INFO - DAG(s) 'example_workday_timetable' retrieved from /home/airflow/.local/lib/python3.12/site-packages/airflow/example_dags/example_workday_timetable.py
[2024-10-26T07:23:48.772+0000] {logging_mixin.py:190} INFO - [2024-10-26T07:23:48.772+0000] {dag.py:3239} INFO - Sync 1 DAGs
[2024-10-26T07:23:48.808+0000] {logging_mixin.py:190} INFO - [2024-10-26T07:23:48.808+0000] {dag.py:4180} INFO - Setting next_dagrun for example_workday_timetable to 2021-01-04 00:00:00+00:00, run_after=2021-01-05 00:00:00+00:00
[2024-10-26T07:23:48.821+0000] {processor.py:208} INFO - Processing /home/airflow/.local/lib/python3.12/site-packages/airflow/example_dags/example_workday_timetable.py took 0.067 seconds
[2024-10-26T07:24:19.446+0000] {processor.py:186} INFO - Started process (PID=86254) to work on /home/airflow/.local/lib/python3.12/site-packages/airflow/example_dags/example_workday_timetable.py
[2024-10-26T07:24:19.447+0000] {processor.py:914} INFO - Processing file /home/airflow/.local/lib/python3.12/site-packages/airflow/example_dags/example_workday_timetable.py for tasks to queue
[2024-10-26T07:24:19.448+0000] {logging_mixin.py:190} INFO - [2024-10-26T07:24:19.448+0000] {dagbag.py:588} INFO - Filling up the DagBag from /home/airflow/.local/lib/python3.12/site-packages/airflow/example_dags/example_workday_timetable.py
[2024-10-26T07:24:19.451+0000] {processor.py:925} INFO - DAG(s) 'example_workday_timetable' retrieved from /home/airflow/.local/lib/python3.12/site-packages/airflow/example_dags/example_workday_timetable.py
[2024-10-26T07:24:19.466+0000] {logging_mixin.py:190} INFO - [2024-10-26T07:24:19.466+0000] {dag.py:3239} INFO - Sync 1 DAGs
[2024-10-26T07:24:19.544+0000] {logging_mixin.py:190} INFO - [2024-10-26T07:24:19.544+0000] {dag.py:4180} INFO - Setting next_dagrun for example_workday_timetable to 2021-01-04 00:00:00+00:00, run_after=2021-01-05 00:00:00+00:00
[2024-10-26T07:24:19.558+0000] {processor.py:208} INFO - Processing /home/airflow/.local/lib/python3.12/site-packages/airflow/example_dags/example_workday_timetable.py took 0.123 seconds
[2024-10-26T07:24:49.755+0000] {processor.py:186} INFO - Started process (PID=86545) to work on /home/airflow/.local/lib/python3.12/site-packages/airflow/example_dags/example_workday_timetable.py
[2024-10-26T07:24:49.755+0000] {processor.py:914} INFO - Processing file /home/airflow/.local/lib/python3.12/site-packages/airflow/example_dags/example_workday_timetable.py for tasks to queue
[2024-10-26T07:24:49.756+0000] {logging_mixin.py:190} INFO - [2024-10-26T07:24:49.756+0000] {dagbag.py:588} INFO - Filling up the DagBag from /home/airflow/.local/lib/python3.12/site-packages/airflow/example_dags/example_workday_timetable.py
[2024-10-26T07:24:49.759+0000] {processor.py:925} INFO - DAG(s) 'example_workday_timetable' retrieved from /home/airflow/.local/lib/python3.12/site-packages/airflow/example_dags/example_workday_timetable.py
[2024-10-26T07:24:49.770+0000] {logging_mixin.py:190} INFO - [2024-10-26T07:24:49.770+0000] {dag.py:3239} INFO - Sync 1 DAGs
[2024-10-26T07:24:49.810+0000] {logging_mixin.py:190} INFO - [2024-10-26T07:24:49.809+0000] {dag.py:4180} INFO - Setting next_dagrun for example_workday_timetable to 2021-01-04 00:00:00+00:00, run_after=2021-01-05 00:00:00+00:00
[2024-10-26T07:24:49.818+0000] {processor.py:208} INFO - Processing /home/airflow/.local/lib/python3.12/site-packages/airflow/example_dags/example_workday_timetable.py took 0.066 seconds
[2024-10-26T07:25:20.948+0000] {processor.py:186} INFO - Started process (PID=86836) to work on /home/airflow/.local/lib/python3.12/site-packages/airflow/example_dags/example_workday_timetable.py
[2024-10-26T07:25:20.948+0000] {processor.py:914} INFO - Processing file /home/airflow/.local/lib/python3.12/site-packages/airflow/example_dags/example_workday_timetable.py for tasks to queue
[2024-10-26T07:25:20.949+0000] {logging_mixin.py:190} INFO - [2024-10-26T07:25:20.949+0000] {dagbag.py:588} INFO - Filling up the DagBag from /home/airflow/.local/lib/python3.12/site-packages/airflow/example_dags/example_workday_timetable.py
[2024-10-26T07:25:20.952+0000] {processor.py:925} INFO - DAG(s) 'example_workday_timetable' retrieved from /home/airflow/.local/lib/python3.12/site-packages/airflow/example_dags/example_workday_timetable.py
[2024-10-26T07:25:20.963+0000] {logging_mixin.py:190} INFO - [2024-10-26T07:25:20.963+0000] {dag.py:3239} INFO - Sync 1 DAGs
[2024-10-26T07:25:21.001+0000] {logging_mixin.py:190} INFO - [2024-10-26T07:25:21.001+0000] {dag.py:4180} INFO - Setting next_dagrun for example_workday_timetable to 2021-01-04 00:00:00+00:00, run_after=2021-01-05 00:00:00+00:00
[2024-10-26T07:25:21.011+0000] {processor.py:208} INFO - Processing /home/airflow/.local/lib/python3.12/site-packages/airflow/example_dags/example_workday_timetable.py took 0.067 seconds
[2024-10-26T07:25:51.152+0000] {processor.py:186} INFO - Started process (PID=87127) to work on /home/airflow/.local/lib/python3.12/site-packages/airflow/example_dags/example_workday_timetable.py
[2024-10-26T07:25:51.154+0000] {processor.py:914} INFO - Processing file /home/airflow/.local/lib/python3.12/site-packages/airflow/example_dags/example_workday_timetable.py for tasks to queue
[2024-10-26T07:25:51.156+0000] {logging_mixin.py:190} INFO - [2024-10-26T07:25:51.156+0000] {dagbag.py:588} INFO - Filling up the DagBag from /home/airflow/.local/lib/python3.12/site-packages/airflow/example_dags/example_workday_timetable.py
[2024-10-26T07:25:51.160+0000] {processor.py:925} INFO - DAG(s) 'example_workday_timetable' retrieved from /home/airflow/.local/lib/python3.12/site-packages/airflow/example_dags/example_workday_timetable.py
[2024-10-26T07:25:51.170+0000] {logging_mixin.py:190} INFO - [2024-10-26T07:25:51.170+0000] {dag.py:3239} INFO - Sync 1 DAGs
[2024-10-26T07:25:51.204+0000] {logging_mixin.py:190} INFO - [2024-10-26T07:25:51.204+0000] {dag.py:4180} INFO - Setting next_dagrun for example_workday_timetable to 2021-01-04 00:00:00+00:00, run_after=2021-01-05 00:00:00+00:00
[2024-10-26T07:25:51.250+0000] {processor.py:208} INFO - Processing /home/airflow/.local/lib/python3.12/site-packages/airflow/example_dags/example_workday_timetable.py took 0.101 seconds
[2024-10-26T07:26:21.560+0000] {processor.py:186} INFO - Started process (PID=87418) to work on /home/airflow/.local/lib/python3.12/site-packages/airflow/example_dags/example_workday_timetable.py
[2024-10-26T07:26:21.561+0000] {processor.py:914} INFO - Processing file /home/airflow/.local/lib/python3.12/site-packages/airflow/example_dags/example_workday_timetable.py for tasks to queue
[2024-10-26T07:26:21.562+0000] {logging_mixin.py:190} INFO - [2024-10-26T07:26:21.561+0000] {dagbag.py:588} INFO - Filling up the DagBag from /home/airflow/.local/lib/python3.12/site-packages/airflow/example_dags/example_workday_timetable.py
[2024-10-26T07:26:21.566+0000] {processor.py:925} INFO - DAG(s) 'example_workday_timetable' retrieved from /home/airflow/.local/lib/python3.12/site-packages/airflow/example_dags/example_workday_timetable.py
[2024-10-26T07:26:21.591+0000] {logging_mixin.py:190} INFO - [2024-10-26T07:26:21.590+0000] {dag.py:3239} INFO - Sync 1 DAGs
[2024-10-26T07:26:21.631+0000] {logging_mixin.py:190} INFO - [2024-10-26T07:26:21.631+0000] {dag.py:4180} INFO - Setting next_dagrun for example_workday_timetable to 2021-01-04 00:00:00+00:00, run_after=2021-01-05 00:00:00+00:00
[2024-10-26T07:26:21.644+0000] {processor.py:208} INFO - Processing /home/airflow/.local/lib/python3.12/site-packages/airflow/example_dags/example_workday_timetable.py took 0.087 seconds
[2024-10-26T07:26:52.154+0000] {processor.py:186} INFO - Started process (PID=87709) to work on /home/airflow/.local/lib/python3.12/site-packages/airflow/example_dags/example_workday_timetable.py
[2024-10-26T07:26:52.155+0000] {processor.py:914} INFO - Processing file /home/airflow/.local/lib/python3.12/site-packages/airflow/example_dags/example_workday_timetable.py for tasks to queue
[2024-10-26T07:26:52.156+0000] {logging_mixin.py:190} INFO - [2024-10-26T07:26:52.156+0000] {dagbag.py:588} INFO - Filling up the DagBag from /home/airflow/.local/lib/python3.12/site-packages/airflow/example_dags/example_workday_timetable.py
[2024-10-26T07:26:52.160+0000] {processor.py:925} INFO - DAG(s) 'example_workday_timetable' retrieved from /home/airflow/.local/lib/python3.12/site-packages/airflow/example_dags/example_workday_timetable.py
[2024-10-26T07:26:52.171+0000] {logging_mixin.py:190} INFO - [2024-10-26T07:26:52.171+0000] {dag.py:3239} INFO - Sync 1 DAGs
[2024-10-26T07:26:52.205+0000] {logging_mixin.py:190} INFO - [2024-10-26T07:26:52.205+0000] {dag.py:4180} INFO - Setting next_dagrun for example_workday_timetable to 2021-01-04 00:00:00+00:00, run_after=2021-01-05 00:00:00+00:00
[2024-10-26T07:26:52.215+0000] {processor.py:208} INFO - Processing /home/airflow/.local/lib/python3.12/site-packages/airflow/example_dags/example_workday_timetable.py took 0.064 seconds
[2024-10-26T07:27:22.457+0000] {processor.py:186} INFO - Started process (PID=88000) to work on /home/airflow/.local/lib/python3.12/site-packages/airflow/example_dags/example_workday_timetable.py
[2024-10-26T07:27:22.461+0000] {processor.py:914} INFO - Processing file /home/airflow/.local/lib/python3.12/site-packages/airflow/example_dags/example_workday_timetable.py for tasks to queue
[2024-10-26T07:27:22.462+0000] {logging_mixin.py:190} INFO - [2024-10-26T07:27:22.462+0000] {dagbag.py:588} INFO - Filling up the DagBag from /home/airflow/.local/lib/python3.12/site-packages/airflow/example_dags/example_workday_timetable.py
[2024-10-26T07:27:22.468+0000] {processor.py:925} INFO - DAG(s) 'example_workday_timetable' retrieved from /home/airflow/.local/lib/python3.12/site-packages/airflow/example_dags/example_workday_timetable.py
[2024-10-26T07:27:22.478+0000] {logging_mixin.py:190} INFO - [2024-10-26T07:27:22.478+0000] {dag.py:3239} INFO - Sync 1 DAGs
[2024-10-26T07:27:22.512+0000] {logging_mixin.py:190} INFO - [2024-10-26T07:27:22.512+0000] {dag.py:4180} INFO - Setting next_dagrun for example_workday_timetable to 2021-01-04 00:00:00+00:00, run_after=2021-01-05 00:00:00+00:00
[2024-10-26T07:27:22.523+0000] {processor.py:208} INFO - Processing /home/airflow/.local/lib/python3.12/site-packages/airflow/example_dags/example_workday_timetable.py took 0.069 seconds
