[2024-10-26T00:46:25.888+0000] {processor.py:186} INFO - Started process (PID=70886) to work on /home/airflow/.local/lib/python3.12/site-packages/airflow/example_dags/example_branch_operator.py
[2024-10-26T00:46:25.889+0000] {processor.py:914} INFO - Processing file /home/airflow/.local/lib/python3.12/site-packages/airflow/example_dags/example_branch_operator.py for tasks to queue
[2024-10-26T00:46:25.890+0000] {logging_mixin.py:190} INFO - [2024-10-26T00:46:25.890+0000] {dagbag.py:588} INFO - Filling up the DagBag from /home/airflow/.local/lib/python3.12/site-packages/airflow/example_dags/example_branch_operator.py
[2024-10-26T00:46:25.899+0000] {processor.py:925} INFO - DAG(s) 'example_branch_operator' retrieved from /home/airflow/.local/lib/python3.12/site-packages/airflow/example_dags/example_branch_operator.py
[2024-10-26T00:46:25.920+0000] {logging_mixin.py:190} INFO - [2024-10-26T00:46:25.920+0000] {dag.py:3239} INFO - Sync 1 DAGs
[2024-10-26T00:46:25.936+0000] {logging_mixin.py:190} INFO - [2024-10-26T00:46:25.936+0000] {dag.py:4180} INFO - Setting next_dagrun for example_branch_operator to 2024-10-25 00:00:00+00:00, run_after=2024-10-26 00:00:00+00:00
[2024-10-26T00:46:25.951+0000] {processor.py:208} INFO - Processing /home/airflow/.local/lib/python3.12/site-packages/airflow/example_dags/example_branch_operator.py took 0.066 seconds
[2024-10-26T01:37:09.544+0000] {processor.py:186} INFO - Started process (PID=71176) to work on /home/airflow/.local/lib/python3.12/site-packages/airflow/example_dags/example_branch_operator.py
[2024-10-26T01:37:09.545+0000] {processor.py:914} INFO - Processing file /home/airflow/.local/lib/python3.12/site-packages/airflow/example_dags/example_branch_operator.py for tasks to queue
[2024-10-26T01:37:09.545+0000] {logging_mixin.py:190} INFO - [2024-10-26T01:37:09.545+0000] {dagbag.py:588} INFO - Filling up the DagBag from /home/airflow/.local/lib/python3.12/site-packages/airflow/example_dags/example_branch_operator.py
[2024-10-26T01:37:09.554+0000] {processor.py:925} INFO - DAG(s) 'example_branch_operator' retrieved from /home/airflow/.local/lib/python3.12/site-packages/airflow/example_dags/example_branch_operator.py
[2024-10-26T01:37:09.569+0000] {logging_mixin.py:190} INFO - [2024-10-26T01:37:09.569+0000] {dag.py:3239} INFO - Sync 1 DAGs
[2024-10-26T01:37:09.583+0000] {logging_mixin.py:190} INFO - [2024-10-26T01:37:09.583+0000] {dag.py:4180} INFO - Setting next_dagrun for example_branch_operator to 2024-10-25 00:00:00+00:00, run_after=2024-10-26 00:00:00+00:00
[2024-10-26T01:37:09.601+0000] {processor.py:208} INFO - Processing /home/airflow/.local/lib/python3.12/site-packages/airflow/example_dags/example_branch_operator.py took 0.060 seconds
[2024-10-26T02:57:38.488+0000] {processor.py:186} INFO - Started process (PID=71467) to work on /home/airflow/.local/lib/python3.12/site-packages/airflow/example_dags/example_branch_operator.py
[2024-10-26T02:57:38.489+0000] {processor.py:914} INFO - Processing file /home/airflow/.local/lib/python3.12/site-packages/airflow/example_dags/example_branch_operator.py for tasks to queue
[2024-10-26T02:57:38.491+0000] {logging_mixin.py:190} INFO - [2024-10-26T02:57:38.491+0000] {dagbag.py:588} INFO - Filling up the DagBag from /home/airflow/.local/lib/python3.12/site-packages/airflow/example_dags/example_branch_operator.py
[2024-10-26T02:57:38.501+0000] {processor.py:925} INFO - DAG(s) 'example_branch_operator' retrieved from /home/airflow/.local/lib/python3.12/site-packages/airflow/example_dags/example_branch_operator.py
[2024-10-26T02:57:38.519+0000] {logging_mixin.py:190} INFO - [2024-10-26T02:57:38.519+0000] {dag.py:3239} INFO - Sync 1 DAGs
[2024-10-26T02:57:38.530+0000] {logging_mixin.py:190} INFO - [2024-10-26T02:57:38.530+0000] {dag.py:4180} INFO - Setting next_dagrun for example_branch_operator to 2024-10-25 00:00:00+00:00, run_after=2024-10-26 00:00:00+00:00
[2024-10-26T02:57:38.544+0000] {processor.py:208} INFO - Processing /home/airflow/.local/lib/python3.12/site-packages/airflow/example_dags/example_branch_operator.py took 0.059 seconds
[2024-10-26T04:18:35.783+0000] {processor.py:186} INFO - Started process (PID=71758) to work on /home/airflow/.local/lib/python3.12/site-packages/airflow/example_dags/example_branch_operator.py
[2024-10-26T04:18:35.788+0000] {processor.py:914} INFO - Processing file /home/airflow/.local/lib/python3.12/site-packages/airflow/example_dags/example_branch_operator.py for tasks to queue
[2024-10-26T04:18:35.789+0000] {logging_mixin.py:190} INFO - [2024-10-26T04:18:35.789+0000] {dagbag.py:588} INFO - Filling up the DagBag from /home/airflow/.local/lib/python3.12/site-packages/airflow/example_dags/example_branch_operator.py
[2024-10-26T04:18:35.803+0000] {processor.py:925} INFO - DAG(s) 'example_branch_operator' retrieved from /home/airflow/.local/lib/python3.12/site-packages/airflow/example_dags/example_branch_operator.py
[2024-10-26T04:18:35.824+0000] {logging_mixin.py:190} INFO - [2024-10-26T04:18:35.824+0000] {dag.py:3239} INFO - Sync 1 DAGs
[2024-10-26T04:18:35.838+0000] {logging_mixin.py:190} INFO - [2024-10-26T04:18:35.838+0000] {dag.py:4180} INFO - Setting next_dagrun for example_branch_operator to 2024-10-25 00:00:00+00:00, run_after=2024-10-26 00:00:00+00:00
[2024-10-26T04:18:35.852+0000] {processor.py:208} INFO - Processing /home/airflow/.local/lib/python3.12/site-packages/airflow/example_dags/example_branch_operator.py took 0.073 seconds
[2024-10-26T05:41:05.572+0000] {processor.py:186} INFO - Started process (PID=72049) to work on /home/airflow/.local/lib/python3.12/site-packages/airflow/example_dags/example_branch_operator.py
[2024-10-26T05:41:05.573+0000] {processor.py:914} INFO - Processing file /home/airflow/.local/lib/python3.12/site-packages/airflow/example_dags/example_branch_operator.py for tasks to queue
[2024-10-26T05:41:05.574+0000] {logging_mixin.py:190} INFO - [2024-10-26T05:41:05.574+0000] {dagbag.py:588} INFO - Filling up the DagBag from /home/airflow/.local/lib/python3.12/site-packages/airflow/example_dags/example_branch_operator.py
[2024-10-26T05:41:05.583+0000] {processor.py:925} INFO - DAG(s) 'example_branch_operator' retrieved from /home/airflow/.local/lib/python3.12/site-packages/airflow/example_dags/example_branch_operator.py
[2024-10-26T05:41:05.600+0000] {logging_mixin.py:190} INFO - [2024-10-26T05:41:05.600+0000] {dag.py:3239} INFO - Sync 1 DAGs
[2024-10-26T05:41:05.612+0000] {logging_mixin.py:190} INFO - [2024-10-26T05:41:05.612+0000] {dag.py:4180} INFO - Setting next_dagrun for example_branch_operator to 2024-10-25 00:00:00+00:00, run_after=2024-10-26 00:00:00+00:00
[2024-10-26T05:41:05.624+0000] {processor.py:208} INFO - Processing /home/airflow/.local/lib/python3.12/site-packages/airflow/example_dags/example_branch_operator.py took 0.055 seconds
[2024-10-26T06:59:45.914+0000] {processor.py:186} INFO - Started process (PID=72342) to work on /home/airflow/.local/lib/python3.12/site-packages/airflow/example_dags/example_branch_operator.py
[2024-10-26T06:59:45.914+0000] {processor.py:914} INFO - Processing file /home/airflow/.local/lib/python3.12/site-packages/airflow/example_dags/example_branch_operator.py for tasks to queue
[2024-10-26T06:59:45.915+0000] {logging_mixin.py:190} INFO - [2024-10-26T06:59:45.915+0000] {dagbag.py:588} INFO - Filling up the DagBag from /home/airflow/.local/lib/python3.12/site-packages/airflow/example_dags/example_branch_operator.py
[2024-10-26T06:59:45.930+0000] {processor.py:925} INFO - DAG(s) 'example_branch_operator' retrieved from /home/airflow/.local/lib/python3.12/site-packages/airflow/example_dags/example_branch_operator.py
[2024-10-26T06:59:45.947+0000] {logging_mixin.py:190} INFO - [2024-10-26T06:59:45.947+0000] {dag.py:3239} INFO - Sync 1 DAGs
[2024-10-26T06:59:45.959+0000] {logging_mixin.py:190} INFO - [2024-10-26T06:59:45.959+0000] {dag.py:4180} INFO - Setting next_dagrun for example_branch_operator to 2024-10-25 00:00:00+00:00, run_after=2024-10-26 00:00:00+00:00
[2024-10-26T06:59:45.971+0000] {processor.py:208} INFO - Processing /home/airflow/.local/lib/python3.12/site-packages/airflow/example_dags/example_branch_operator.py took 0.061 seconds
[2024-10-26T07:00:16.520+0000] {processor.py:186} INFO - Started process (PID=72631) to work on /home/airflow/.local/lib/python3.12/site-packages/airflow/example_dags/example_branch_operator.py
[2024-10-26T07:00:16.520+0000] {processor.py:914} INFO - Processing file /home/airflow/.local/lib/python3.12/site-packages/airflow/example_dags/example_branch_operator.py for tasks to queue
[2024-10-26T07:00:16.521+0000] {logging_mixin.py:190} INFO - [2024-10-26T07:00:16.521+0000] {dagbag.py:588} INFO - Filling up the DagBag from /home/airflow/.local/lib/python3.12/site-packages/airflow/example_dags/example_branch_operator.py
[2024-10-26T07:00:16.530+0000] {processor.py:925} INFO - DAG(s) 'example_branch_operator' retrieved from /home/airflow/.local/lib/python3.12/site-packages/airflow/example_dags/example_branch_operator.py
[2024-10-26T07:00:16.546+0000] {logging_mixin.py:190} INFO - [2024-10-26T07:00:16.546+0000] {dag.py:3239} INFO - Sync 1 DAGs
[2024-10-26T07:00:16.557+0000] {logging_mixin.py:190} INFO - [2024-10-26T07:00:16.557+0000] {dag.py:4180} INFO - Setting next_dagrun for example_branch_operator to 2024-10-25 00:00:00+00:00, run_after=2024-10-26 00:00:00+00:00
[2024-10-26T07:00:16.566+0000] {processor.py:208} INFO - Processing /home/airflow/.local/lib/python3.12/site-packages/airflow/example_dags/example_branch_operator.py took 0.050 seconds
[2024-10-26T07:00:47.032+0000] {processor.py:186} INFO - Started process (PID=72922) to work on /home/airflow/.local/lib/python3.12/site-packages/airflow/example_dags/example_branch_operator.py
[2024-10-26T07:00:47.033+0000] {processor.py:914} INFO - Processing file /home/airflow/.local/lib/python3.12/site-packages/airflow/example_dags/example_branch_operator.py for tasks to queue
[2024-10-26T07:00:47.034+0000] {logging_mixin.py:190} INFO - [2024-10-26T07:00:47.034+0000] {dagbag.py:588} INFO - Filling up the DagBag from /home/airflow/.local/lib/python3.12/site-packages/airflow/example_dags/example_branch_operator.py
[2024-10-26T07:00:47.044+0000] {processor.py:925} INFO - DAG(s) 'example_branch_operator' retrieved from /home/airflow/.local/lib/python3.12/site-packages/airflow/example_dags/example_branch_operator.py
[2024-10-26T07:00:47.068+0000] {logging_mixin.py:190} INFO - [2024-10-26T07:00:47.068+0000] {dag.py:3239} INFO - Sync 1 DAGs
[2024-10-26T07:00:47.081+0000] {logging_mixin.py:190} INFO - [2024-10-26T07:00:47.081+0000] {dag.py:4180} INFO - Setting next_dagrun for example_branch_operator to 2024-10-25 00:00:00+00:00, run_after=2024-10-26 00:00:00+00:00
[2024-10-26T07:00:47.090+0000] {processor.py:208} INFO - Processing /home/airflow/.local/lib/python3.12/site-packages/airflow/example_dags/example_branch_operator.py took 0.061 seconds
[2024-10-26T07:01:18.966+0000] {processor.py:186} INFO - Started process (PID=73213) to work on /home/airflow/.local/lib/python3.12/site-packages/airflow/example_dags/example_branch_operator.py
[2024-10-26T07:01:18.976+0000] {processor.py:914} INFO - Processing file /home/airflow/.local/lib/python3.12/site-packages/airflow/example_dags/example_branch_operator.py for tasks to queue
[2024-10-26T07:01:18.983+0000] {logging_mixin.py:190} INFO - [2024-10-26T07:01:18.982+0000] {dagbag.py:588} INFO - Filling up the DagBag from /home/airflow/.local/lib/python3.12/site-packages/airflow/example_dags/example_branch_operator.py
[2024-10-26T07:01:19.008+0000] {processor.py:925} INFO - DAG(s) 'example_branch_operator' retrieved from /home/airflow/.local/lib/python3.12/site-packages/airflow/example_dags/example_branch_operator.py
[2024-10-26T07:01:19.066+0000] {logging_mixin.py:190} INFO - [2024-10-26T07:01:19.066+0000] {dag.py:3239} INFO - Sync 1 DAGs
[2024-10-26T07:01:19.093+0000] {logging_mixin.py:190} INFO - [2024-10-26T07:01:19.092+0000] {dag.py:4180} INFO - Setting next_dagrun for example_branch_operator to 2024-10-25 00:00:00+00:00, run_after=2024-10-26 00:00:00+00:00
[2024-10-26T07:01:19.158+0000] {processor.py:208} INFO - Processing /home/airflow/.local/lib/python3.12/site-packages/airflow/example_dags/example_branch_operator.py took 0.205 seconds
[2024-10-26T07:01:50.410+0000] {processor.py:186} INFO - Started process (PID=73506) to work on /home/airflow/.local/lib/python3.12/site-packages/airflow/example_dags/example_branch_operator.py
[2024-10-26T07:01:50.411+0000] {processor.py:914} INFO - Processing file /home/airflow/.local/lib/python3.12/site-packages/airflow/example_dags/example_branch_operator.py for tasks to queue
[2024-10-26T07:01:50.411+0000] {logging_mixin.py:190} INFO - [2024-10-26T07:01:50.411+0000] {dagbag.py:588} INFO - Filling up the DagBag from /home/airflow/.local/lib/python3.12/site-packages/airflow/example_dags/example_branch_operator.py
[2024-10-26T07:01:50.420+0000] {processor.py:925} INFO - DAG(s) 'example_branch_operator' retrieved from /home/airflow/.local/lib/python3.12/site-packages/airflow/example_dags/example_branch_operator.py
[2024-10-26T07:01:50.438+0000] {logging_mixin.py:190} INFO - [2024-10-26T07:01:50.438+0000] {dag.py:3239} INFO - Sync 1 DAGs
[2024-10-26T07:01:50.453+0000] {logging_mixin.py:190} INFO - [2024-10-26T07:01:50.452+0000] {dag.py:4180} INFO - Setting next_dagrun for example_branch_operator to 2024-10-25 00:00:00+00:00, run_after=2024-10-26 00:00:00+00:00
[2024-10-26T07:01:50.465+0000] {processor.py:208} INFO - Processing /home/airflow/.local/lib/python3.12/site-packages/airflow/example_dags/example_branch_operator.py took 0.059 seconds
[2024-10-26T07:02:20.696+0000] {processor.py:186} INFO - Started process (PID=73797) to work on /home/airflow/.local/lib/python3.12/site-packages/airflow/example_dags/example_branch_operator.py
[2024-10-26T07:02:20.699+0000] {processor.py:914} INFO - Processing file /home/airflow/.local/lib/python3.12/site-packages/airflow/example_dags/example_branch_operator.py for tasks to queue
[2024-10-26T07:02:20.703+0000] {logging_mixin.py:190} INFO - [2024-10-26T07:02:20.702+0000] {dagbag.py:588} INFO - Filling up the DagBag from /home/airflow/.local/lib/python3.12/site-packages/airflow/example_dags/example_branch_operator.py
[2024-10-26T07:02:20.713+0000] {processor.py:925} INFO - DAG(s) 'example_branch_operator' retrieved from /home/airflow/.local/lib/python3.12/site-packages/airflow/example_dags/example_branch_operator.py
[2024-10-26T07:02:20.739+0000] {logging_mixin.py:190} INFO - [2024-10-26T07:02:20.739+0000] {dag.py:3239} INFO - Sync 1 DAGs
[2024-10-26T07:02:20.753+0000] {logging_mixin.py:190} INFO - [2024-10-26T07:02:20.753+0000] {dag.py:4180} INFO - Setting next_dagrun for example_branch_operator to 2024-10-25 00:00:00+00:00, run_after=2024-10-26 00:00:00+00:00
[2024-10-26T07:02:20.765+0000] {processor.py:208} INFO - Processing /home/airflow/.local/lib/python3.12/site-packages/airflow/example_dags/example_branch_operator.py took 0.078 seconds
[2024-10-26T07:02:51.756+0000] {processor.py:186} INFO - Started process (PID=74088) to work on /home/airflow/.local/lib/python3.12/site-packages/airflow/example_dags/example_branch_operator.py
[2024-10-26T07:02:51.757+0000] {processor.py:914} INFO - Processing file /home/airflow/.local/lib/python3.12/site-packages/airflow/example_dags/example_branch_operator.py for tasks to queue
[2024-10-26T07:02:51.758+0000] {logging_mixin.py:190} INFO - [2024-10-26T07:02:51.758+0000] {dagbag.py:588} INFO - Filling up the DagBag from /home/airflow/.local/lib/python3.12/site-packages/airflow/example_dags/example_branch_operator.py
[2024-10-26T07:02:51.774+0000] {processor.py:925} INFO - DAG(s) 'example_branch_operator' retrieved from /home/airflow/.local/lib/python3.12/site-packages/airflow/example_dags/example_branch_operator.py
[2024-10-26T07:02:51.794+0000] {logging_mixin.py:190} INFO - [2024-10-26T07:02:51.794+0000] {dag.py:3239} INFO - Sync 1 DAGs
[2024-10-26T07:02:51.808+0000] {logging_mixin.py:190} INFO - [2024-10-26T07:02:51.808+0000] {dag.py:4180} INFO - Setting next_dagrun for example_branch_operator to 2024-10-25 00:00:00+00:00, run_after=2024-10-26 00:00:00+00:00
[2024-10-26T07:02:51.820+0000] {processor.py:208} INFO - Processing /home/airflow/.local/lib/python3.12/site-packages/airflow/example_dags/example_branch_operator.py took 0.071 seconds
[2024-10-26T07:03:21.861+0000] {processor.py:186} INFO - Started process (PID=74377) to work on /home/airflow/.local/lib/python3.12/site-packages/airflow/example_dags/example_branch_operator.py
[2024-10-26T07:03:21.863+0000] {processor.py:914} INFO - Processing file /home/airflow/.local/lib/python3.12/site-packages/airflow/example_dags/example_branch_operator.py for tasks to queue
[2024-10-26T07:03:21.864+0000] {logging_mixin.py:190} INFO - [2024-10-26T07:03:21.864+0000] {dagbag.py:588} INFO - Filling up the DagBag from /home/airflow/.local/lib/python3.12/site-packages/airflow/example_dags/example_branch_operator.py
[2024-10-26T07:03:21.876+0000] {processor.py:925} INFO - DAG(s) 'example_branch_operator' retrieved from /home/airflow/.local/lib/python3.12/site-packages/airflow/example_dags/example_branch_operator.py
[2024-10-26T07:03:21.896+0000] {logging_mixin.py:190} INFO - [2024-10-26T07:03:21.896+0000] {dag.py:3239} INFO - Sync 1 DAGs
[2024-10-26T07:03:21.909+0000] {logging_mixin.py:190} INFO - [2024-10-26T07:03:21.909+0000] {dag.py:4180} INFO - Setting next_dagrun for example_branch_operator to 2024-10-25 00:00:00+00:00, run_after=2024-10-26 00:00:00+00:00
[2024-10-26T07:03:21.919+0000] {processor.py:208} INFO - Processing /home/airflow/.local/lib/python3.12/site-packages/airflow/example_dags/example_branch_operator.py took 0.061 seconds
[2024-10-26T07:03:52.939+0000] {processor.py:186} INFO - Started process (PID=74668) to work on /home/airflow/.local/lib/python3.12/site-packages/airflow/example_dags/example_branch_operator.py
[2024-10-26T07:03:52.944+0000] {processor.py:914} INFO - Processing file /home/airflow/.local/lib/python3.12/site-packages/airflow/example_dags/example_branch_operator.py for tasks to queue
[2024-10-26T07:03:52.948+0000] {logging_mixin.py:190} INFO - [2024-10-26T07:03:52.947+0000] {dagbag.py:588} INFO - Filling up the DagBag from /home/airflow/.local/lib/python3.12/site-packages/airflow/example_dags/example_branch_operator.py
[2024-10-26T07:03:52.962+0000] {processor.py:925} INFO - DAG(s) 'example_branch_operator' retrieved from /home/airflow/.local/lib/python3.12/site-packages/airflow/example_dags/example_branch_operator.py
[2024-10-26T07:03:52.980+0000] {logging_mixin.py:190} INFO - [2024-10-26T07:03:52.980+0000] {dag.py:3239} INFO - Sync 1 DAGs
[2024-10-26T07:03:52.997+0000] {logging_mixin.py:190} INFO - [2024-10-26T07:03:52.996+0000] {dag.py:4180} INFO - Setting next_dagrun for example_branch_operator to 2024-10-25 00:00:00+00:00, run_after=2024-10-26 00:00:00+00:00
[2024-10-26T07:03:53.020+0000] {processor.py:208} INFO - Processing /home/airflow/.local/lib/python3.12/site-packages/airflow/example_dags/example_branch_operator.py took 0.084 seconds
[2024-10-26T07:04:23.349+0000] {processor.py:186} INFO - Started process (PID=74958) to work on /home/airflow/.local/lib/python3.12/site-packages/airflow/example_dags/example_branch_operator.py
[2024-10-26T07:04:23.350+0000] {processor.py:914} INFO - Processing file /home/airflow/.local/lib/python3.12/site-packages/airflow/example_dags/example_branch_operator.py for tasks to queue
[2024-10-26T07:04:23.350+0000] {logging_mixin.py:190} INFO - [2024-10-26T07:04:23.350+0000] {dagbag.py:588} INFO - Filling up the DagBag from /home/airflow/.local/lib/python3.12/site-packages/airflow/example_dags/example_branch_operator.py
[2024-10-26T07:04:23.361+0000] {processor.py:925} INFO - DAG(s) 'example_branch_operator' retrieved from /home/airflow/.local/lib/python3.12/site-packages/airflow/example_dags/example_branch_operator.py
[2024-10-26T07:04:23.379+0000] {logging_mixin.py:190} INFO - [2024-10-26T07:04:23.379+0000] {dag.py:3239} INFO - Sync 1 DAGs
[2024-10-26T07:04:23.391+0000] {logging_mixin.py:190} INFO - [2024-10-26T07:04:23.391+0000] {dag.py:4180} INFO - Setting next_dagrun for example_branch_operator to 2024-10-25 00:00:00+00:00, run_after=2024-10-26 00:00:00+00:00
[2024-10-26T07:04:23.399+0000] {processor.py:208} INFO - Processing /home/airflow/.local/lib/python3.12/site-packages/airflow/example_dags/example_branch_operator.py took 0.054 seconds
[2024-10-26T07:04:53.629+0000] {processor.py:186} INFO - Started process (PID=75249) to work on /home/airflow/.local/lib/python3.12/site-packages/airflow/example_dags/example_branch_operator.py
[2024-10-26T07:04:53.630+0000] {processor.py:914} INFO - Processing file /home/airflow/.local/lib/python3.12/site-packages/airflow/example_dags/example_branch_operator.py for tasks to queue
[2024-10-26T07:04:53.630+0000] {logging_mixin.py:190} INFO - [2024-10-26T07:04:53.630+0000] {dagbag.py:588} INFO - Filling up the DagBag from /home/airflow/.local/lib/python3.12/site-packages/airflow/example_dags/example_branch_operator.py
[2024-10-26T07:04:53.640+0000] {processor.py:925} INFO - DAG(s) 'example_branch_operator' retrieved from /home/airflow/.local/lib/python3.12/site-packages/airflow/example_dags/example_branch_operator.py
[2024-10-26T07:04:53.655+0000] {logging_mixin.py:190} INFO - [2024-10-26T07:04:53.655+0000] {dag.py:3239} INFO - Sync 1 DAGs
[2024-10-26T07:04:53.668+0000] {logging_mixin.py:190} INFO - [2024-10-26T07:04:53.668+0000] {dag.py:4180} INFO - Setting next_dagrun for example_branch_operator to 2024-10-25 00:00:00+00:00, run_after=2024-10-26 00:00:00+00:00
[2024-10-26T07:04:53.678+0000] {processor.py:208} INFO - Processing /home/airflow/.local/lib/python3.12/site-packages/airflow/example_dags/example_branch_operator.py took 0.053 seconds
[2024-10-26T07:05:24.469+0000] {processor.py:186} INFO - Started process (PID=75540) to work on /home/airflow/.local/lib/python3.12/site-packages/airflow/example_dags/example_branch_operator.py
[2024-10-26T07:05:24.470+0000] {processor.py:914} INFO - Processing file /home/airflow/.local/lib/python3.12/site-packages/airflow/example_dags/example_branch_operator.py for tasks to queue
[2024-10-26T07:05:24.471+0000] {logging_mixin.py:190} INFO - [2024-10-26T07:05:24.471+0000] {dagbag.py:588} INFO - Filling up the DagBag from /home/airflow/.local/lib/python3.12/site-packages/airflow/example_dags/example_branch_operator.py
[2024-10-26T07:05:24.489+0000] {processor.py:925} INFO - DAG(s) 'example_branch_operator' retrieved from /home/airflow/.local/lib/python3.12/site-packages/airflow/example_dags/example_branch_operator.py
[2024-10-26T07:05:24.517+0000] {logging_mixin.py:190} INFO - [2024-10-26T07:05:24.517+0000] {dag.py:3239} INFO - Sync 1 DAGs
[2024-10-26T07:05:24.534+0000] {logging_mixin.py:190} INFO - [2024-10-26T07:05:24.533+0000] {dag.py:4180} INFO - Setting next_dagrun for example_branch_operator to 2024-10-25 00:00:00+00:00, run_after=2024-10-26 00:00:00+00:00
[2024-10-26T07:05:24.544+0000] {processor.py:208} INFO - Processing /home/airflow/.local/lib/python3.12/site-packages/airflow/example_dags/example_branch_operator.py took 0.079 seconds
[2024-10-26T07:05:55.349+0000] {processor.py:186} INFO - Started process (PID=75832) to work on /home/airflow/.local/lib/python3.12/site-packages/airflow/example_dags/example_branch_operator.py
[2024-10-26T07:05:55.350+0000] {processor.py:914} INFO - Processing file /home/airflow/.local/lib/python3.12/site-packages/airflow/example_dags/example_branch_operator.py for tasks to queue
[2024-10-26T07:05:55.351+0000] {logging_mixin.py:190} INFO - [2024-10-26T07:05:55.350+0000] {dagbag.py:588} INFO - Filling up the DagBag from /home/airflow/.local/lib/python3.12/site-packages/airflow/example_dags/example_branch_operator.py
[2024-10-26T07:05:55.362+0000] {processor.py:925} INFO - DAG(s) 'example_branch_operator' retrieved from /home/airflow/.local/lib/python3.12/site-packages/airflow/example_dags/example_branch_operator.py
[2024-10-26T07:05:55.377+0000] {logging_mixin.py:190} INFO - [2024-10-26T07:05:55.377+0000] {dag.py:3239} INFO - Sync 1 DAGs
[2024-10-26T07:05:55.389+0000] {logging_mixin.py:190} INFO - [2024-10-26T07:05:55.389+0000] {dag.py:4180} INFO - Setting next_dagrun for example_branch_operator to 2024-10-25 00:00:00+00:00, run_after=2024-10-26 00:00:00+00:00
[2024-10-26T07:05:55.399+0000] {processor.py:208} INFO - Processing /home/airflow/.local/lib/python3.12/site-packages/airflow/example_dags/example_branch_operator.py took 0.053 seconds
[2024-10-26T07:06:25.575+0000] {processor.py:186} INFO - Started process (PID=76123) to work on /home/airflow/.local/lib/python3.12/site-packages/airflow/example_dags/example_branch_operator.py
[2024-10-26T07:06:25.576+0000] {processor.py:914} INFO - Processing file /home/airflow/.local/lib/python3.12/site-packages/airflow/example_dags/example_branch_operator.py for tasks to queue
[2024-10-26T07:06:25.576+0000] {logging_mixin.py:190} INFO - [2024-10-26T07:06:25.576+0000] {dagbag.py:588} INFO - Filling up the DagBag from /home/airflow/.local/lib/python3.12/site-packages/airflow/example_dags/example_branch_operator.py
[2024-10-26T07:06:25.585+0000] {processor.py:925} INFO - DAG(s) 'example_branch_operator' retrieved from /home/airflow/.local/lib/python3.12/site-packages/airflow/example_dags/example_branch_operator.py
[2024-10-26T07:06:25.600+0000] {logging_mixin.py:190} INFO - [2024-10-26T07:06:25.600+0000] {dag.py:3239} INFO - Sync 1 DAGs
[2024-10-26T07:06:25.612+0000] {logging_mixin.py:190} INFO - [2024-10-26T07:06:25.612+0000] {dag.py:4180} INFO - Setting next_dagrun for example_branch_operator to 2024-10-25 00:00:00+00:00, run_after=2024-10-26 00:00:00+00:00
[2024-10-26T07:06:25.623+0000] {processor.py:208} INFO - Processing /home/airflow/.local/lib/python3.12/site-packages/airflow/example_dags/example_branch_operator.py took 0.051 seconds
[2024-10-26T07:06:56.103+0000] {processor.py:186} INFO - Started process (PID=76413) to work on /home/airflow/.local/lib/python3.12/site-packages/airflow/example_dags/example_branch_operator.py
[2024-10-26T07:06:56.103+0000] {processor.py:914} INFO - Processing file /home/airflow/.local/lib/python3.12/site-packages/airflow/example_dags/example_branch_operator.py for tasks to queue
[2024-10-26T07:06:56.104+0000] {logging_mixin.py:190} INFO - [2024-10-26T07:06:56.104+0000] {dagbag.py:588} INFO - Filling up the DagBag from /home/airflow/.local/lib/python3.12/site-packages/airflow/example_dags/example_branch_operator.py
[2024-10-26T07:06:56.113+0000] {processor.py:925} INFO - DAG(s) 'example_branch_operator' retrieved from /home/airflow/.local/lib/python3.12/site-packages/airflow/example_dags/example_branch_operator.py
[2024-10-26T07:06:56.136+0000] {logging_mixin.py:190} INFO - [2024-10-26T07:06:56.136+0000] {dag.py:3239} INFO - Sync 1 DAGs
[2024-10-26T07:06:56.149+0000] {logging_mixin.py:190} INFO - [2024-10-26T07:06:56.149+0000] {dag.py:4180} INFO - Setting next_dagrun for example_branch_operator to 2024-10-25 00:00:00+00:00, run_after=2024-10-26 00:00:00+00:00
[2024-10-26T07:06:56.158+0000] {processor.py:208} INFO - Processing /home/airflow/.local/lib/python3.12/site-packages/airflow/example_dags/example_branch_operator.py took 0.059 seconds
[2024-10-26T07:07:26.417+0000] {processor.py:186} INFO - Started process (PID=76705) to work on /home/airflow/.local/lib/python3.12/site-packages/airflow/example_dags/example_branch_operator.py
[2024-10-26T07:07:26.418+0000] {processor.py:914} INFO - Processing file /home/airflow/.local/lib/python3.12/site-packages/airflow/example_dags/example_branch_operator.py for tasks to queue
[2024-10-26T07:07:26.419+0000] {logging_mixin.py:190} INFO - [2024-10-26T07:07:26.419+0000] {dagbag.py:588} INFO - Filling up the DagBag from /home/airflow/.local/lib/python3.12/site-packages/airflow/example_dags/example_branch_operator.py
[2024-10-26T07:07:26.429+0000] {processor.py:925} INFO - DAG(s) 'example_branch_operator' retrieved from /home/airflow/.local/lib/python3.12/site-packages/airflow/example_dags/example_branch_operator.py
[2024-10-26T07:07:26.448+0000] {logging_mixin.py:190} INFO - [2024-10-26T07:07:26.448+0000] {dag.py:3239} INFO - Sync 1 DAGs
[2024-10-26T07:07:26.461+0000] {logging_mixin.py:190} INFO - [2024-10-26T07:07:26.461+0000] {dag.py:4180} INFO - Setting next_dagrun for example_branch_operator to 2024-10-25 00:00:00+00:00, run_after=2024-10-26 00:00:00+00:00
[2024-10-26T07:07:26.473+0000] {processor.py:208} INFO - Processing /home/airflow/.local/lib/python3.12/site-packages/airflow/example_dags/example_branch_operator.py took 0.060 seconds
[2024-10-26T07:07:57.482+0000] {processor.py:186} INFO - Started process (PID=76996) to work on /home/airflow/.local/lib/python3.12/site-packages/airflow/example_dags/example_branch_operator.py
[2024-10-26T07:07:57.483+0000] {processor.py:914} INFO - Processing file /home/airflow/.local/lib/python3.12/site-packages/airflow/example_dags/example_branch_operator.py for tasks to queue
[2024-10-26T07:07:57.484+0000] {logging_mixin.py:190} INFO - [2024-10-26T07:07:57.484+0000] {dagbag.py:588} INFO - Filling up the DagBag from /home/airflow/.local/lib/python3.12/site-packages/airflow/example_dags/example_branch_operator.py
[2024-10-26T07:07:57.497+0000] {processor.py:925} INFO - DAG(s) 'example_branch_operator' retrieved from /home/airflow/.local/lib/python3.12/site-packages/airflow/example_dags/example_branch_operator.py
[2024-10-26T07:07:57.519+0000] {logging_mixin.py:190} INFO - [2024-10-26T07:07:57.519+0000] {dag.py:3239} INFO - Sync 1 DAGs
[2024-10-26T07:07:57.538+0000] {logging_mixin.py:190} INFO - [2024-10-26T07:07:57.538+0000] {dag.py:4180} INFO - Setting next_dagrun for example_branch_operator to 2024-10-25 00:00:00+00:00, run_after=2024-10-26 00:00:00+00:00
[2024-10-26T07:07:57.551+0000] {processor.py:208} INFO - Processing /home/airflow/.local/lib/python3.12/site-packages/airflow/example_dags/example_branch_operator.py took 0.074 seconds
[2024-10-26T07:08:28.271+0000] {processor.py:186} INFO - Started process (PID=77285) to work on /home/airflow/.local/lib/python3.12/site-packages/airflow/example_dags/example_branch_operator.py
[2024-10-26T07:08:28.272+0000] {processor.py:914} INFO - Processing file /home/airflow/.local/lib/python3.12/site-packages/airflow/example_dags/example_branch_operator.py for tasks to queue
[2024-10-26T07:08:28.272+0000] {logging_mixin.py:190} INFO - [2024-10-26T07:08:28.272+0000] {dagbag.py:588} INFO - Filling up the DagBag from /home/airflow/.local/lib/python3.12/site-packages/airflow/example_dags/example_branch_operator.py
[2024-10-26T07:08:28.283+0000] {processor.py:925} INFO - DAG(s) 'example_branch_operator' retrieved from /home/airflow/.local/lib/python3.12/site-packages/airflow/example_dags/example_branch_operator.py
[2024-10-26T07:08:28.301+0000] {logging_mixin.py:190} INFO - [2024-10-26T07:08:28.301+0000] {dag.py:3239} INFO - Sync 1 DAGs
[2024-10-26T07:08:28.318+0000] {logging_mixin.py:190} INFO - [2024-10-26T07:08:28.318+0000] {dag.py:4180} INFO - Setting next_dagrun for example_branch_operator to 2024-10-25 00:00:00+00:00, run_after=2024-10-26 00:00:00+00:00
[2024-10-26T07:08:28.328+0000] {processor.py:208} INFO - Processing /home/airflow/.local/lib/python3.12/site-packages/airflow/example_dags/example_branch_operator.py took 0.060 seconds
[2024-10-26T07:08:59.377+0000] {processor.py:186} INFO - Started process (PID=77576) to work on /home/airflow/.local/lib/python3.12/site-packages/airflow/example_dags/example_branch_operator.py
[2024-10-26T07:08:59.377+0000] {processor.py:914} INFO - Processing file /home/airflow/.local/lib/python3.12/site-packages/airflow/example_dags/example_branch_operator.py for tasks to queue
[2024-10-26T07:08:59.378+0000] {logging_mixin.py:190} INFO - [2024-10-26T07:08:59.378+0000] {dagbag.py:588} INFO - Filling up the DagBag from /home/airflow/.local/lib/python3.12/site-packages/airflow/example_dags/example_branch_operator.py
[2024-10-26T07:08:59.388+0000] {processor.py:925} INFO - DAG(s) 'example_branch_operator' retrieved from /home/airflow/.local/lib/python3.12/site-packages/airflow/example_dags/example_branch_operator.py
[2024-10-26T07:08:59.406+0000] {logging_mixin.py:190} INFO - [2024-10-26T07:08:59.406+0000] {dag.py:3239} INFO - Sync 1 DAGs
[2024-10-26T07:08:59.419+0000] {logging_mixin.py:190} INFO - [2024-10-26T07:08:59.419+0000] {dag.py:4180} INFO - Setting next_dagrun for example_branch_operator to 2024-10-25 00:00:00+00:00, run_after=2024-10-26 00:00:00+00:00
[2024-10-26T07:08:59.428+0000] {processor.py:208} INFO - Processing /home/airflow/.local/lib/python3.12/site-packages/airflow/example_dags/example_branch_operator.py took 0.054 seconds
[2024-10-26T07:09:30.780+0000] {processor.py:186} INFO - Started process (PID=77874) to work on /home/airflow/.local/lib/python3.12/site-packages/airflow/example_dags/example_branch_operator.py
[2024-10-26T07:09:30.782+0000] {processor.py:914} INFO - Processing file /home/airflow/.local/lib/python3.12/site-packages/airflow/example_dags/example_branch_operator.py for tasks to queue
[2024-10-26T07:09:30.783+0000] {logging_mixin.py:190} INFO - [2024-10-26T07:09:30.782+0000] {dagbag.py:588} INFO - Filling up the DagBag from /home/airflow/.local/lib/python3.12/site-packages/airflow/example_dags/example_branch_operator.py
[2024-10-26T07:09:30.793+0000] {processor.py:925} INFO - DAG(s) 'example_branch_operator' retrieved from /home/airflow/.local/lib/python3.12/site-packages/airflow/example_dags/example_branch_operator.py
[2024-10-26T07:09:30.811+0000] {logging_mixin.py:190} INFO - [2024-10-26T07:09:30.811+0000] {dag.py:3239} INFO - Sync 1 DAGs
[2024-10-26T07:09:30.826+0000] {logging_mixin.py:190} INFO - [2024-10-26T07:09:30.826+0000] {dag.py:4180} INFO - Setting next_dagrun for example_branch_operator to 2024-10-25 00:00:00+00:00, run_after=2024-10-26 00:00:00+00:00
[2024-10-26T07:09:30.837+0000] {processor.py:208} INFO - Processing /home/airflow/.local/lib/python3.12/site-packages/airflow/example_dags/example_branch_operator.py took 0.060 seconds
[2024-10-26T07:10:01.930+0000] {processor.py:186} INFO - Started process (PID=78165) to work on /home/airflow/.local/lib/python3.12/site-packages/airflow/example_dags/example_branch_operator.py
[2024-10-26T07:10:01.931+0000] {processor.py:914} INFO - Processing file /home/airflow/.local/lib/python3.12/site-packages/airflow/example_dags/example_branch_operator.py for tasks to queue
[2024-10-26T07:10:01.932+0000] {logging_mixin.py:190} INFO - [2024-10-26T07:10:01.932+0000] {dagbag.py:588} INFO - Filling up the DagBag from /home/airflow/.local/lib/python3.12/site-packages/airflow/example_dags/example_branch_operator.py
[2024-10-26T07:10:01.941+0000] {processor.py:925} INFO - DAG(s) 'example_branch_operator' retrieved from /home/airflow/.local/lib/python3.12/site-packages/airflow/example_dags/example_branch_operator.py
[2024-10-26T07:10:01.957+0000] {logging_mixin.py:190} INFO - [2024-10-26T07:10:01.956+0000] {dag.py:3239} INFO - Sync 1 DAGs
[2024-10-26T07:10:01.969+0000] {logging_mixin.py:190} INFO - [2024-10-26T07:10:01.969+0000] {dag.py:4180} INFO - Setting next_dagrun for example_branch_operator to 2024-10-25 00:00:00+00:00, run_after=2024-10-26 00:00:00+00:00
[2024-10-26T07:10:01.980+0000] {processor.py:208} INFO - Processing /home/airflow/.local/lib/python3.12/site-packages/airflow/example_dags/example_branch_operator.py took 0.054 seconds
[2024-10-26T07:10:33.629+0000] {processor.py:186} INFO - Started process (PID=78460) to work on /home/airflow/.local/lib/python3.12/site-packages/airflow/example_dags/example_branch_operator.py
[2024-10-26T07:10:33.630+0000] {processor.py:914} INFO - Processing file /home/airflow/.local/lib/python3.12/site-packages/airflow/example_dags/example_branch_operator.py for tasks to queue
[2024-10-26T07:10:33.630+0000] {logging_mixin.py:190} INFO - [2024-10-26T07:10:33.630+0000] {dagbag.py:588} INFO - Filling up the DagBag from /home/airflow/.local/lib/python3.12/site-packages/airflow/example_dags/example_branch_operator.py
[2024-10-26T07:10:33.639+0000] {processor.py:925} INFO - DAG(s) 'example_branch_operator' retrieved from /home/airflow/.local/lib/python3.12/site-packages/airflow/example_dags/example_branch_operator.py
[2024-10-26T07:10:33.655+0000] {logging_mixin.py:190} INFO - [2024-10-26T07:10:33.655+0000] {dag.py:3239} INFO - Sync 1 DAGs
[2024-10-26T07:10:33.668+0000] {logging_mixin.py:190} INFO - [2024-10-26T07:10:33.668+0000] {dag.py:4180} INFO - Setting next_dagrun for example_branch_operator to 2024-10-25 00:00:00+00:00, run_after=2024-10-26 00:00:00+00:00
[2024-10-26T07:10:33.677+0000] {processor.py:208} INFO - Processing /home/airflow/.local/lib/python3.12/site-packages/airflow/example_dags/example_branch_operator.py took 0.052 seconds
[2024-10-26T07:11:05.176+0000] {processor.py:186} INFO - Started process (PID=78756) to work on /home/airflow/.local/lib/python3.12/site-packages/airflow/example_dags/example_branch_operator.py
[2024-10-26T07:11:05.178+0000] {processor.py:914} INFO - Processing file /home/airflow/.local/lib/python3.12/site-packages/airflow/example_dags/example_branch_operator.py for tasks to queue
[2024-10-26T07:11:05.180+0000] {logging_mixin.py:190} INFO - [2024-10-26T07:11:05.179+0000] {dagbag.py:588} INFO - Filling up the DagBag from /home/airflow/.local/lib/python3.12/site-packages/airflow/example_dags/example_branch_operator.py
[2024-10-26T07:11:05.199+0000] {processor.py:925} INFO - DAG(s) 'example_branch_operator' retrieved from /home/airflow/.local/lib/python3.12/site-packages/airflow/example_dags/example_branch_operator.py
[2024-10-26T07:11:05.226+0000] {logging_mixin.py:190} INFO - [2024-10-26T07:11:05.226+0000] {dag.py:3239} INFO - Sync 1 DAGs
[2024-10-26T07:11:05.244+0000] {logging_mixin.py:190} INFO - [2024-10-26T07:11:05.243+0000] {dag.py:4180} INFO - Setting next_dagrun for example_branch_operator to 2024-10-25 00:00:00+00:00, run_after=2024-10-26 00:00:00+00:00
[2024-10-26T07:11:05.258+0000] {processor.py:208} INFO - Processing /home/airflow/.local/lib/python3.12/site-packages/airflow/example_dags/example_branch_operator.py took 0.093 seconds
[2024-10-26T07:11:35.347+0000] {processor.py:186} INFO - Started process (PID=79047) to work on /home/airflow/.local/lib/python3.12/site-packages/airflow/example_dags/example_branch_operator.py
[2024-10-26T07:11:35.353+0000] {processor.py:914} INFO - Processing file /home/airflow/.local/lib/python3.12/site-packages/airflow/example_dags/example_branch_operator.py for tasks to queue
[2024-10-26T07:11:35.354+0000] {logging_mixin.py:190} INFO - [2024-10-26T07:11:35.353+0000] {dagbag.py:588} INFO - Filling up the DagBag from /home/airflow/.local/lib/python3.12/site-packages/airflow/example_dags/example_branch_operator.py
[2024-10-26T07:11:35.375+0000] {processor.py:925} INFO - DAG(s) 'example_branch_operator' retrieved from /home/airflow/.local/lib/python3.12/site-packages/airflow/example_dags/example_branch_operator.py
[2024-10-26T07:11:35.398+0000] {logging_mixin.py:190} INFO - [2024-10-26T07:11:35.398+0000] {dag.py:3239} INFO - Sync 1 DAGs
[2024-10-26T07:11:35.413+0000] {logging_mixin.py:190} INFO - [2024-10-26T07:11:35.413+0000] {dag.py:4180} INFO - Setting next_dagrun for example_branch_operator to 2024-10-25 00:00:00+00:00, run_after=2024-10-26 00:00:00+00:00
[2024-10-26T07:11:35.424+0000] {processor.py:208} INFO - Processing /home/airflow/.local/lib/python3.12/site-packages/airflow/example_dags/example_branch_operator.py took 0.082 seconds
[2024-10-26T07:12:06.101+0000] {processor.py:186} INFO - Started process (PID=79338) to work on /home/airflow/.local/lib/python3.12/site-packages/airflow/example_dags/example_branch_operator.py
[2024-10-26T07:12:06.101+0000] {processor.py:914} INFO - Processing file /home/airflow/.local/lib/python3.12/site-packages/airflow/example_dags/example_branch_operator.py for tasks to queue
[2024-10-26T07:12:06.102+0000] {logging_mixin.py:190} INFO - [2024-10-26T07:12:06.102+0000] {dagbag.py:588} INFO - Filling up the DagBag from /home/airflow/.local/lib/python3.12/site-packages/airflow/example_dags/example_branch_operator.py
[2024-10-26T07:12:06.111+0000] {processor.py:925} INFO - DAG(s) 'example_branch_operator' retrieved from /home/airflow/.local/lib/python3.12/site-packages/airflow/example_dags/example_branch_operator.py
[2024-10-26T07:12:06.131+0000] {logging_mixin.py:190} INFO - [2024-10-26T07:12:06.131+0000] {dag.py:3239} INFO - Sync 1 DAGs
[2024-10-26T07:12:06.269+0000] {logging_mixin.py:190} INFO - [2024-10-26T07:12:06.269+0000] {dag.py:4180} INFO - Setting next_dagrun for example_branch_operator to 2024-10-25 00:00:00+00:00, run_after=2024-10-26 00:00:00+00:00
[2024-10-26T07:12:06.283+0000] {processor.py:208} INFO - Processing /home/airflow/.local/lib/python3.12/site-packages/airflow/example_dags/example_branch_operator.py took 0.185 seconds
[2024-10-26T07:12:37.253+0000] {processor.py:186} INFO - Started process (PID=79629) to work on /home/airflow/.local/lib/python3.12/site-packages/airflow/example_dags/example_branch_operator.py
[2024-10-26T07:12:37.254+0000] {processor.py:914} INFO - Processing file /home/airflow/.local/lib/python3.12/site-packages/airflow/example_dags/example_branch_operator.py for tasks to queue
[2024-10-26T07:12:37.255+0000] {logging_mixin.py:190} INFO - [2024-10-26T07:12:37.255+0000] {dagbag.py:588} INFO - Filling up the DagBag from /home/airflow/.local/lib/python3.12/site-packages/airflow/example_dags/example_branch_operator.py
[2024-10-26T07:12:37.267+0000] {processor.py:925} INFO - DAG(s) 'example_branch_operator' retrieved from /home/airflow/.local/lib/python3.12/site-packages/airflow/example_dags/example_branch_operator.py
[2024-10-26T07:12:37.288+0000] {logging_mixin.py:190} INFO - [2024-10-26T07:12:37.288+0000] {dag.py:3239} INFO - Sync 1 DAGs
[2024-10-26T07:12:37.305+0000] {logging_mixin.py:190} INFO - [2024-10-26T07:12:37.305+0000] {dag.py:4180} INFO - Setting next_dagrun for example_branch_operator to 2024-10-25 00:00:00+00:00, run_after=2024-10-26 00:00:00+00:00
[2024-10-26T07:12:37.425+0000] {processor.py:208} INFO - Processing /home/airflow/.local/lib/python3.12/site-packages/airflow/example_dags/example_branch_operator.py took 0.175 seconds
[2024-10-26T07:13:08.405+0000] {processor.py:186} INFO - Started process (PID=79924) to work on /home/airflow/.local/lib/python3.12/site-packages/airflow/example_dags/example_branch_operator.py
[2024-10-26T07:13:08.406+0000] {processor.py:914} INFO - Processing file /home/airflow/.local/lib/python3.12/site-packages/airflow/example_dags/example_branch_operator.py for tasks to queue
[2024-10-26T07:13:08.407+0000] {logging_mixin.py:190} INFO - [2024-10-26T07:13:08.406+0000] {dagbag.py:588} INFO - Filling up the DagBag from /home/airflow/.local/lib/python3.12/site-packages/airflow/example_dags/example_branch_operator.py
[2024-10-26T07:13:08.416+0000] {processor.py:925} INFO - DAG(s) 'example_branch_operator' retrieved from /home/airflow/.local/lib/python3.12/site-packages/airflow/example_dags/example_branch_operator.py
[2024-10-26T07:13:08.434+0000] {logging_mixin.py:190} INFO - [2024-10-26T07:13:08.434+0000] {dag.py:3239} INFO - Sync 1 DAGs
[2024-10-26T07:13:08.450+0000] {logging_mixin.py:190} INFO - [2024-10-26T07:13:08.450+0000] {dag.py:4180} INFO - Setting next_dagrun for example_branch_operator to 2024-10-25 00:00:00+00:00, run_after=2024-10-26 00:00:00+00:00
[2024-10-26T07:13:08.464+0000] {processor.py:208} INFO - Processing /home/airflow/.local/lib/python3.12/site-packages/airflow/example_dags/example_branch_operator.py took 0.062 seconds
[2024-10-26T07:13:39.269+0000] {processor.py:186} INFO - Started process (PID=80212) to work on /home/airflow/.local/lib/python3.12/site-packages/airflow/example_dags/example_branch_operator.py
[2024-10-26T07:13:39.273+0000] {processor.py:914} INFO - Processing file /home/airflow/.local/lib/python3.12/site-packages/airflow/example_dags/example_branch_operator.py for tasks to queue
[2024-10-26T07:13:39.275+0000] {logging_mixin.py:190} INFO - [2024-10-26T07:13:39.274+0000] {dagbag.py:588} INFO - Filling up the DagBag from /home/airflow/.local/lib/python3.12/site-packages/airflow/example_dags/example_branch_operator.py
[2024-10-26T07:13:39.285+0000] {processor.py:925} INFO - DAG(s) 'example_branch_operator' retrieved from /home/airflow/.local/lib/python3.12/site-packages/airflow/example_dags/example_branch_operator.py
[2024-10-26T07:13:39.305+0000] {logging_mixin.py:190} INFO - [2024-10-26T07:13:39.305+0000] {dag.py:3239} INFO - Sync 1 DAGs
[2024-10-26T07:13:39.320+0000] {logging_mixin.py:190} INFO - [2024-10-26T07:13:39.320+0000] {dag.py:4180} INFO - Setting next_dagrun for example_branch_operator to 2024-10-25 00:00:00+00:00, run_after=2024-10-26 00:00:00+00:00
[2024-10-26T07:13:39.328+0000] {processor.py:208} INFO - Processing /home/airflow/.local/lib/python3.12/site-packages/airflow/example_dags/example_branch_operator.py took 0.063 seconds
[2024-10-26T07:14:10.037+0000] {processor.py:186} INFO - Started process (PID=80501) to work on /home/airflow/.local/lib/python3.12/site-packages/airflow/example_dags/example_branch_operator.py
[2024-10-26T07:14:10.038+0000] {processor.py:914} INFO - Processing file /home/airflow/.local/lib/python3.12/site-packages/airflow/example_dags/example_branch_operator.py for tasks to queue
[2024-10-26T07:14:10.039+0000] {logging_mixin.py:190} INFO - [2024-10-26T07:14:10.039+0000] {dagbag.py:588} INFO - Filling up the DagBag from /home/airflow/.local/lib/python3.12/site-packages/airflow/example_dags/example_branch_operator.py
[2024-10-26T07:14:10.047+0000] {processor.py:925} INFO - DAG(s) 'example_branch_operator' retrieved from /home/airflow/.local/lib/python3.12/site-packages/airflow/example_dags/example_branch_operator.py
[2024-10-26T07:14:10.165+0000] {logging_mixin.py:190} INFO - [2024-10-26T07:14:10.165+0000] {dag.py:3239} INFO - Sync 1 DAGs
[2024-10-26T07:14:10.174+0000] {logging_mixin.py:190} INFO - [2024-10-26T07:14:10.174+0000] {dag.py:4180} INFO - Setting next_dagrun for example_branch_operator to 2024-10-25 00:00:00+00:00, run_after=2024-10-26 00:00:00+00:00
[2024-10-26T07:14:10.185+0000] {processor.py:208} INFO - Processing /home/airflow/.local/lib/python3.12/site-packages/airflow/example_dags/example_branch_operator.py took 0.151 seconds
[2024-10-26T07:14:41.559+0000] {processor.py:186} INFO - Started process (PID=80792) to work on /home/airflow/.local/lib/python3.12/site-packages/airflow/example_dags/example_branch_operator.py
[2024-10-26T07:14:41.560+0000] {processor.py:914} INFO - Processing file /home/airflow/.local/lib/python3.12/site-packages/airflow/example_dags/example_branch_operator.py for tasks to queue
[2024-10-26T07:14:41.561+0000] {logging_mixin.py:190} INFO - [2024-10-26T07:14:41.561+0000] {dagbag.py:588} INFO - Filling up the DagBag from /home/airflow/.local/lib/python3.12/site-packages/airflow/example_dags/example_branch_operator.py
[2024-10-26T07:14:41.585+0000] {processor.py:925} INFO - DAG(s) 'example_branch_operator' retrieved from /home/airflow/.local/lib/python3.12/site-packages/airflow/example_dags/example_branch_operator.py
[2024-10-26T07:14:41.629+0000] {logging_mixin.py:190} INFO - [2024-10-26T07:14:41.628+0000] {dag.py:3239} INFO - Sync 1 DAGs
[2024-10-26T07:14:41.799+0000] {logging_mixin.py:190} INFO - [2024-10-26T07:14:41.799+0000] {dag.py:4180} INFO - Setting next_dagrun for example_branch_operator to 2024-10-25 00:00:00+00:00, run_after=2024-10-26 00:00:00+00:00
[2024-10-26T07:14:41.819+0000] {processor.py:208} INFO - Processing /home/airflow/.local/lib/python3.12/site-packages/airflow/example_dags/example_branch_operator.py took 0.266 seconds
[2024-10-26T07:15:12.016+0000] {processor.py:186} INFO - Started process (PID=81083) to work on /home/airflow/.local/lib/python3.12/site-packages/airflow/example_dags/example_branch_operator.py
[2024-10-26T07:15:12.020+0000] {processor.py:914} INFO - Processing file /home/airflow/.local/lib/python3.12/site-packages/airflow/example_dags/example_branch_operator.py for tasks to queue
[2024-10-26T07:15:12.021+0000] {logging_mixin.py:190} INFO - [2024-10-26T07:15:12.021+0000] {dagbag.py:588} INFO - Filling up the DagBag from /home/airflow/.local/lib/python3.12/site-packages/airflow/example_dags/example_branch_operator.py
[2024-10-26T07:15:12.032+0000] {processor.py:925} INFO - DAG(s) 'example_branch_operator' retrieved from /home/airflow/.local/lib/python3.12/site-packages/airflow/example_dags/example_branch_operator.py
[2024-10-26T07:15:12.052+0000] {logging_mixin.py:190} INFO - [2024-10-26T07:15:12.052+0000] {dag.py:3239} INFO - Sync 1 DAGs
[2024-10-26T07:15:12.065+0000] {logging_mixin.py:190} INFO - [2024-10-26T07:15:12.065+0000] {dag.py:4180} INFO - Setting next_dagrun for example_branch_operator to 2024-10-25 00:00:00+00:00, run_after=2024-10-26 00:00:00+00:00
[2024-10-26T07:15:12.075+0000] {processor.py:208} INFO - Processing /home/airflow/.local/lib/python3.12/site-packages/airflow/example_dags/example_branch_operator.py took 0.062 seconds
[2024-10-26T07:15:42.455+0000] {processor.py:186} INFO - Started process (PID=81374) to work on /home/airflow/.local/lib/python3.12/site-packages/airflow/example_dags/example_branch_operator.py
[2024-10-26T07:15:42.456+0000] {processor.py:914} INFO - Processing file /home/airflow/.local/lib/python3.12/site-packages/airflow/example_dags/example_branch_operator.py for tasks to queue
[2024-10-26T07:15:42.457+0000] {logging_mixin.py:190} INFO - [2024-10-26T07:15:42.457+0000] {dagbag.py:588} INFO - Filling up the DagBag from /home/airflow/.local/lib/python3.12/site-packages/airflow/example_dags/example_branch_operator.py
[2024-10-26T07:15:42.465+0000] {processor.py:925} INFO - DAG(s) 'example_branch_operator' retrieved from /home/airflow/.local/lib/python3.12/site-packages/airflow/example_dags/example_branch_operator.py
[2024-10-26T07:15:42.478+0000] {logging_mixin.py:190} INFO - [2024-10-26T07:15:42.478+0000] {dag.py:3239} INFO - Sync 1 DAGs
[2024-10-26T07:15:42.490+0000] {logging_mixin.py:190} INFO - [2024-10-26T07:15:42.490+0000] {dag.py:4180} INFO - Setting next_dagrun for example_branch_operator to 2024-10-25 00:00:00+00:00, run_after=2024-10-26 00:00:00+00:00
[2024-10-26T07:15:42.502+0000] {processor.py:208} INFO - Processing /home/airflow/.local/lib/python3.12/site-packages/airflow/example_dags/example_branch_operator.py took 0.051 seconds
[2024-10-26T07:16:13.434+0000] {processor.py:186} INFO - Started process (PID=81665) to work on /home/airflow/.local/lib/python3.12/site-packages/airflow/example_dags/example_branch_operator.py
[2024-10-26T07:16:13.434+0000] {processor.py:914} INFO - Processing file /home/airflow/.local/lib/python3.12/site-packages/airflow/example_dags/example_branch_operator.py for tasks to queue
[2024-10-26T07:16:13.435+0000] {logging_mixin.py:190} INFO - [2024-10-26T07:16:13.434+0000] {dagbag.py:588} INFO - Filling up the DagBag from /home/airflow/.local/lib/python3.12/site-packages/airflow/example_dags/example_branch_operator.py
[2024-10-26T07:16:13.448+0000] {processor.py:925} INFO - DAG(s) 'example_branch_operator' retrieved from /home/airflow/.local/lib/python3.12/site-packages/airflow/example_dags/example_branch_operator.py
[2024-10-26T07:16:13.464+0000] {logging_mixin.py:190} INFO - [2024-10-26T07:16:13.464+0000] {dag.py:3239} INFO - Sync 1 DAGs
[2024-10-26T07:16:13.477+0000] {logging_mixin.py:190} INFO - [2024-10-26T07:16:13.476+0000] {dag.py:4180} INFO - Setting next_dagrun for example_branch_operator to 2024-10-25 00:00:00+00:00, run_after=2024-10-26 00:00:00+00:00
[2024-10-26T07:16:13.485+0000] {processor.py:208} INFO - Processing /home/airflow/.local/lib/python3.12/site-packages/airflow/example_dags/example_branch_operator.py took 0.056 seconds
[2024-10-26T07:16:43.836+0000] {processor.py:186} INFO - Started process (PID=81956) to work on /home/airflow/.local/lib/python3.12/site-packages/airflow/example_dags/example_branch_operator.py
[2024-10-26T07:16:43.836+0000] {processor.py:914} INFO - Processing file /home/airflow/.local/lib/python3.12/site-packages/airflow/example_dags/example_branch_operator.py for tasks to queue
[2024-10-26T07:16:43.837+0000] {logging_mixin.py:190} INFO - [2024-10-26T07:16:43.836+0000] {dagbag.py:588} INFO - Filling up the DagBag from /home/airflow/.local/lib/python3.12/site-packages/airflow/example_dags/example_branch_operator.py
[2024-10-26T07:16:43.846+0000] {processor.py:925} INFO - DAG(s) 'example_branch_operator' retrieved from /home/airflow/.local/lib/python3.12/site-packages/airflow/example_dags/example_branch_operator.py
[2024-10-26T07:16:43.868+0000] {logging_mixin.py:190} INFO - [2024-10-26T07:16:43.868+0000] {dag.py:3239} INFO - Sync 1 DAGs
[2024-10-26T07:16:43.880+0000] {logging_mixin.py:190} INFO - [2024-10-26T07:16:43.880+0000] {dag.py:4180} INFO - Setting next_dagrun for example_branch_operator to 2024-10-25 00:00:00+00:00, run_after=2024-10-26 00:00:00+00:00
[2024-10-26T07:16:43.888+0000] {processor.py:208} INFO - Processing /home/airflow/.local/lib/python3.12/site-packages/airflow/example_dags/example_branch_operator.py took 0.056 seconds
[2024-10-26T07:17:14.477+0000] {processor.py:186} INFO - Started process (PID=82246) to work on /home/airflow/.local/lib/python3.12/site-packages/airflow/example_dags/example_branch_operator.py
[2024-10-26T07:17:14.477+0000] {processor.py:914} INFO - Processing file /home/airflow/.local/lib/python3.12/site-packages/airflow/example_dags/example_branch_operator.py for tasks to queue
[2024-10-26T07:17:14.478+0000] {logging_mixin.py:190} INFO - [2024-10-26T07:17:14.478+0000] {dagbag.py:588} INFO - Filling up the DagBag from /home/airflow/.local/lib/python3.12/site-packages/airflow/example_dags/example_branch_operator.py
[2024-10-26T07:17:14.487+0000] {processor.py:925} INFO - DAG(s) 'example_branch_operator' retrieved from /home/airflow/.local/lib/python3.12/site-packages/airflow/example_dags/example_branch_operator.py
[2024-10-26T07:17:14.507+0000] {logging_mixin.py:190} INFO - [2024-10-26T07:17:14.506+0000] {dag.py:3239} INFO - Sync 1 DAGs
[2024-10-26T07:17:14.519+0000] {logging_mixin.py:190} INFO - [2024-10-26T07:17:14.518+0000] {dag.py:4180} INFO - Setting next_dagrun for example_branch_operator to 2024-10-25 00:00:00+00:00, run_after=2024-10-26 00:00:00+00:00
[2024-10-26T07:17:14.531+0000] {processor.py:208} INFO - Processing /home/airflow/.local/lib/python3.12/site-packages/airflow/example_dags/example_branch_operator.py took 0.058 seconds
[2024-10-26T07:17:45.612+0000] {processor.py:186} INFO - Started process (PID=82537) to work on /home/airflow/.local/lib/python3.12/site-packages/airflow/example_dags/example_branch_operator.py
[2024-10-26T07:17:45.613+0000] {processor.py:914} INFO - Processing file /home/airflow/.local/lib/python3.12/site-packages/airflow/example_dags/example_branch_operator.py for tasks to queue
[2024-10-26T07:17:45.613+0000] {logging_mixin.py:190} INFO - [2024-10-26T07:17:45.613+0000] {dagbag.py:588} INFO - Filling up the DagBag from /home/airflow/.local/lib/python3.12/site-packages/airflow/example_dags/example_branch_operator.py
[2024-10-26T07:17:45.626+0000] {processor.py:925} INFO - DAG(s) 'example_branch_operator' retrieved from /home/airflow/.local/lib/python3.12/site-packages/airflow/example_dags/example_branch_operator.py
[2024-10-26T07:17:45.651+0000] {logging_mixin.py:190} INFO - [2024-10-26T07:17:45.651+0000] {dag.py:3239} INFO - Sync 1 DAGs
[2024-10-26T07:17:45.663+0000] {logging_mixin.py:190} INFO - [2024-10-26T07:17:45.663+0000] {dag.py:4180} INFO - Setting next_dagrun for example_branch_operator to 2024-10-25 00:00:00+00:00, run_after=2024-10-26 00:00:00+00:00
[2024-10-26T07:17:45.671+0000] {processor.py:208} INFO - Processing /home/airflow/.local/lib/python3.12/site-packages/airflow/example_dags/example_branch_operator.py took 0.062 seconds
[2024-10-26T07:18:16.851+0000] {processor.py:186} INFO - Started process (PID=82830) to work on /home/airflow/.local/lib/python3.12/site-packages/airflow/example_dags/example_branch_operator.py
[2024-10-26T07:18:16.852+0000] {processor.py:914} INFO - Processing file /home/airflow/.local/lib/python3.12/site-packages/airflow/example_dags/example_branch_operator.py for tasks to queue
[2024-10-26T07:18:16.852+0000] {logging_mixin.py:190} INFO - [2024-10-26T07:18:16.852+0000] {dagbag.py:588} INFO - Filling up the DagBag from /home/airflow/.local/lib/python3.12/site-packages/airflow/example_dags/example_branch_operator.py
[2024-10-26T07:18:16.866+0000] {processor.py:925} INFO - DAG(s) 'example_branch_operator' retrieved from /home/airflow/.local/lib/python3.12/site-packages/airflow/example_dags/example_branch_operator.py
[2024-10-26T07:18:16.883+0000] {logging_mixin.py:190} INFO - [2024-10-26T07:18:16.882+0000] {dag.py:3239} INFO - Sync 1 DAGs
[2024-10-26T07:18:16.900+0000] {logging_mixin.py:190} INFO - [2024-10-26T07:18:16.900+0000] {dag.py:4180} INFO - Setting next_dagrun for example_branch_operator to 2024-10-25 00:00:00+00:00, run_after=2024-10-26 00:00:00+00:00
[2024-10-26T07:18:16.918+0000] {processor.py:208} INFO - Processing /home/airflow/.local/lib/python3.12/site-packages/airflow/example_dags/example_branch_operator.py took 0.070 seconds
[2024-10-26T07:18:48.008+0000] {processor.py:186} INFO - Started process (PID=83119) to work on /home/airflow/.local/lib/python3.12/site-packages/airflow/example_dags/example_branch_operator.py
[2024-10-26T07:18:48.012+0000] {processor.py:914} INFO - Processing file /home/airflow/.local/lib/python3.12/site-packages/airflow/example_dags/example_branch_operator.py for tasks to queue
[2024-10-26T07:18:48.013+0000] {logging_mixin.py:190} INFO - [2024-10-26T07:18:48.013+0000] {dagbag.py:588} INFO - Filling up the DagBag from /home/airflow/.local/lib/python3.12/site-packages/airflow/example_dags/example_branch_operator.py
[2024-10-26T07:18:48.027+0000] {processor.py:925} INFO - DAG(s) 'example_branch_operator' retrieved from /home/airflow/.local/lib/python3.12/site-packages/airflow/example_dags/example_branch_operator.py
[2024-10-26T07:18:48.043+0000] {logging_mixin.py:190} INFO - [2024-10-26T07:18:48.042+0000] {dag.py:3239} INFO - Sync 1 DAGs
[2024-10-26T07:18:48.055+0000] {logging_mixin.py:190} INFO - [2024-10-26T07:18:48.055+0000] {dag.py:4180} INFO - Setting next_dagrun for example_branch_operator to 2024-10-25 00:00:00+00:00, run_after=2024-10-26 00:00:00+00:00
[2024-10-26T07:18:48.067+0000] {processor.py:208} INFO - Processing /home/airflow/.local/lib/python3.12/site-packages/airflow/example_dags/example_branch_operator.py took 0.062 seconds
[2024-10-26T07:19:18.430+0000] {processor.py:186} INFO - Started process (PID=83411) to work on /home/airflow/.local/lib/python3.12/site-packages/airflow/example_dags/example_branch_operator.py
[2024-10-26T07:19:18.432+0000] {processor.py:914} INFO - Processing file /home/airflow/.local/lib/python3.12/site-packages/airflow/example_dags/example_branch_operator.py for tasks to queue
[2024-10-26T07:19:18.433+0000] {logging_mixin.py:190} INFO - [2024-10-26T07:19:18.432+0000] {dagbag.py:588} INFO - Filling up the DagBag from /home/airflow/.local/lib/python3.12/site-packages/airflow/example_dags/example_branch_operator.py
[2024-10-26T07:19:18.442+0000] {processor.py:925} INFO - DAG(s) 'example_branch_operator' retrieved from /home/airflow/.local/lib/python3.12/site-packages/airflow/example_dags/example_branch_operator.py
[2024-10-26T07:19:18.460+0000] {logging_mixin.py:190} INFO - [2024-10-26T07:19:18.459+0000] {dag.py:3239} INFO - Sync 1 DAGs
[2024-10-26T07:19:18.475+0000] {logging_mixin.py:190} INFO - [2024-10-26T07:19:18.474+0000] {dag.py:4180} INFO - Setting next_dagrun for example_branch_operator to 2024-10-25 00:00:00+00:00, run_after=2024-10-26 00:00:00+00:00
[2024-10-26T07:19:18.487+0000] {processor.py:208} INFO - Processing /home/airflow/.local/lib/python3.12/site-packages/airflow/example_dags/example_branch_operator.py took 0.060 seconds
[2024-10-26T07:19:49.848+0000] {processor.py:186} INFO - Started process (PID=83700) to work on /home/airflow/.local/lib/python3.12/site-packages/airflow/example_dags/example_branch_operator.py
[2024-10-26T07:19:49.849+0000] {processor.py:914} INFO - Processing file /home/airflow/.local/lib/python3.12/site-packages/airflow/example_dags/example_branch_operator.py for tasks to queue
[2024-10-26T07:19:49.850+0000] {logging_mixin.py:190} INFO - [2024-10-26T07:19:49.850+0000] {dagbag.py:588} INFO - Filling up the DagBag from /home/airflow/.local/lib/python3.12/site-packages/airflow/example_dags/example_branch_operator.py
[2024-10-26T07:19:49.861+0000] {processor.py:925} INFO - DAG(s) 'example_branch_operator' retrieved from /home/airflow/.local/lib/python3.12/site-packages/airflow/example_dags/example_branch_operator.py
[2024-10-26T07:19:49.880+0000] {logging_mixin.py:190} INFO - [2024-10-26T07:19:49.879+0000] {dag.py:3239} INFO - Sync 1 DAGs
[2024-10-26T07:19:49.899+0000] {logging_mixin.py:190} INFO - [2024-10-26T07:19:49.899+0000] {dag.py:4180} INFO - Setting next_dagrun for example_branch_operator to 2024-10-25 00:00:00+00:00, run_after=2024-10-26 00:00:00+00:00
[2024-10-26T07:19:49.911+0000] {processor.py:208} INFO - Processing /home/airflow/.local/lib/python3.12/site-packages/airflow/example_dags/example_branch_operator.py took 0.067 seconds
[2024-10-26T07:20:20.642+0000] {processor.py:186} INFO - Started process (PID=83993) to work on /home/airflow/.local/lib/python3.12/site-packages/airflow/example_dags/example_branch_operator.py
[2024-10-26T07:20:20.643+0000] {processor.py:914} INFO - Processing file /home/airflow/.local/lib/python3.12/site-packages/airflow/example_dags/example_branch_operator.py for tasks to queue
[2024-10-26T07:20:20.643+0000] {logging_mixin.py:190} INFO - [2024-10-26T07:20:20.643+0000] {dagbag.py:588} INFO - Filling up the DagBag from /home/airflow/.local/lib/python3.12/site-packages/airflow/example_dags/example_branch_operator.py
[2024-10-26T07:20:20.655+0000] {processor.py:925} INFO - DAG(s) 'example_branch_operator' retrieved from /home/airflow/.local/lib/python3.12/site-packages/airflow/example_dags/example_branch_operator.py
[2024-10-26T07:20:20.671+0000] {logging_mixin.py:190} INFO - [2024-10-26T07:20:20.671+0000] {dag.py:3239} INFO - Sync 1 DAGs
[2024-10-26T07:20:20.684+0000] {logging_mixin.py:190} INFO - [2024-10-26T07:20:20.684+0000] {dag.py:4180} INFO - Setting next_dagrun for example_branch_operator to 2024-10-25 00:00:00+00:00, run_after=2024-10-26 00:00:00+00:00
[2024-10-26T07:20:20.698+0000] {processor.py:208} INFO - Processing /home/airflow/.local/lib/python3.12/site-packages/airflow/example_dags/example_branch_operator.py took 0.059 seconds
[2024-10-26T07:20:51.669+0000] {processor.py:186} INFO - Started process (PID=84282) to work on /home/airflow/.local/lib/python3.12/site-packages/airflow/example_dags/example_branch_operator.py
[2024-10-26T07:20:51.670+0000] {processor.py:914} INFO - Processing file /home/airflow/.local/lib/python3.12/site-packages/airflow/example_dags/example_branch_operator.py for tasks to queue
[2024-10-26T07:20:51.671+0000] {logging_mixin.py:190} INFO - [2024-10-26T07:20:51.671+0000] {dagbag.py:588} INFO - Filling up the DagBag from /home/airflow/.local/lib/python3.12/site-packages/airflow/example_dags/example_branch_operator.py
[2024-10-26T07:20:51.682+0000] {processor.py:925} INFO - DAG(s) 'example_branch_operator' retrieved from /home/airflow/.local/lib/python3.12/site-packages/airflow/example_dags/example_branch_operator.py
[2024-10-26T07:20:51.698+0000] {logging_mixin.py:190} INFO - [2024-10-26T07:20:51.698+0000] {dag.py:3239} INFO - Sync 1 DAGs
[2024-10-26T07:20:51.711+0000] {logging_mixin.py:190} INFO - [2024-10-26T07:20:51.711+0000] {dag.py:4180} INFO - Setting next_dagrun for example_branch_operator to 2024-10-25 00:00:00+00:00, run_after=2024-10-26 00:00:00+00:00
[2024-10-26T07:20:51.721+0000] {processor.py:208} INFO - Processing /home/airflow/.local/lib/python3.12/site-packages/airflow/example_dags/example_branch_operator.py took 0.056 seconds
[2024-10-26T07:21:22.453+0000] {processor.py:186} INFO - Started process (PID=84573) to work on /home/airflow/.local/lib/python3.12/site-packages/airflow/example_dags/example_branch_operator.py
[2024-10-26T07:21:22.459+0000] {processor.py:914} INFO - Processing file /home/airflow/.local/lib/python3.12/site-packages/airflow/example_dags/example_branch_operator.py for tasks to queue
[2024-10-26T07:21:22.463+0000] {logging_mixin.py:190} INFO - [2024-10-26T07:21:22.462+0000] {dagbag.py:588} INFO - Filling up the DagBag from /home/airflow/.local/lib/python3.12/site-packages/airflow/example_dags/example_branch_operator.py
[2024-10-26T07:21:22.474+0000] {processor.py:925} INFO - DAG(s) 'example_branch_operator' retrieved from /home/airflow/.local/lib/python3.12/site-packages/airflow/example_dags/example_branch_operator.py
[2024-10-26T07:21:22.498+0000] {logging_mixin.py:190} INFO - [2024-10-26T07:21:22.498+0000] {dag.py:3239} INFO - Sync 1 DAGs
[2024-10-26T07:21:22.511+0000] {logging_mixin.py:190} INFO - [2024-10-26T07:21:22.511+0000] {dag.py:4180} INFO - Setting next_dagrun for example_branch_operator to 2024-10-25 00:00:00+00:00, run_after=2024-10-26 00:00:00+00:00
[2024-10-26T07:21:22.524+0000] {processor.py:208} INFO - Processing /home/airflow/.local/lib/python3.12/site-packages/airflow/example_dags/example_branch_operator.py took 0.075 seconds
[2024-10-26T07:21:53.828+0000] {processor.py:186} INFO - Started process (PID=84864) to work on /home/airflow/.local/lib/python3.12/site-packages/airflow/example_dags/example_branch_operator.py
[2024-10-26T07:21:53.834+0000] {processor.py:914} INFO - Processing file /home/airflow/.local/lib/python3.12/site-packages/airflow/example_dags/example_branch_operator.py for tasks to queue
[2024-10-26T07:21:53.835+0000] {logging_mixin.py:190} INFO - [2024-10-26T07:21:53.835+0000] {dagbag.py:588} INFO - Filling up the DagBag from /home/airflow/.local/lib/python3.12/site-packages/airflow/example_dags/example_branch_operator.py
[2024-10-26T07:21:53.959+0000] {processor.py:925} INFO - DAG(s) 'example_branch_operator' retrieved from /home/airflow/.local/lib/python3.12/site-packages/airflow/example_dags/example_branch_operator.py
[2024-10-26T07:21:54.034+0000] {logging_mixin.py:190} INFO - [2024-10-26T07:21:54.034+0000] {dag.py:3239} INFO - Sync 1 DAGs
[2024-10-26T07:21:54.082+0000] {logging_mixin.py:190} INFO - [2024-10-26T07:21:54.081+0000] {dag.py:4180} INFO - Setting next_dagrun for example_branch_operator to 2024-10-25 00:00:00+00:00, run_after=2024-10-26 00:00:00+00:00
[2024-10-26T07:21:54.108+0000] {processor.py:208} INFO - Processing /home/airflow/.local/lib/python3.12/site-packages/airflow/example_dags/example_branch_operator.py took 0.287 seconds
[2024-10-26T07:22:24.261+0000] {processor.py:186} INFO - Started process (PID=85157) to work on /home/airflow/.local/lib/python3.12/site-packages/airflow/example_dags/example_branch_operator.py
[2024-10-26T07:22:24.262+0000] {processor.py:914} INFO - Processing file /home/airflow/.local/lib/python3.12/site-packages/airflow/example_dags/example_branch_operator.py for tasks to queue
[2024-10-26T07:22:24.262+0000] {logging_mixin.py:190} INFO - [2024-10-26T07:22:24.262+0000] {dagbag.py:588} INFO - Filling up the DagBag from /home/airflow/.local/lib/python3.12/site-packages/airflow/example_dags/example_branch_operator.py
[2024-10-26T07:22:24.271+0000] {processor.py:925} INFO - DAG(s) 'example_branch_operator' retrieved from /home/airflow/.local/lib/python3.12/site-packages/airflow/example_dags/example_branch_operator.py
[2024-10-26T07:22:24.289+0000] {logging_mixin.py:190} INFO - [2024-10-26T07:22:24.289+0000] {dag.py:3239} INFO - Sync 1 DAGs
[2024-10-26T07:22:24.303+0000] {logging_mixin.py:190} INFO - [2024-10-26T07:22:24.303+0000] {dag.py:4180} INFO - Setting next_dagrun for example_branch_operator to 2024-10-25 00:00:00+00:00, run_after=2024-10-26 00:00:00+00:00
[2024-10-26T07:22:24.312+0000] {processor.py:208} INFO - Processing /home/airflow/.local/lib/python3.12/site-packages/airflow/example_dags/example_branch_operator.py took 0.054 seconds
[2024-10-26T07:22:54.948+0000] {processor.py:186} INFO - Started process (PID=85446) to work on /home/airflow/.local/lib/python3.12/site-packages/airflow/example_dags/example_branch_operator.py
[2024-10-26T07:22:54.951+0000] {processor.py:914} INFO - Processing file /home/airflow/.local/lib/python3.12/site-packages/airflow/example_dags/example_branch_operator.py for tasks to queue
[2024-10-26T07:22:54.954+0000] {logging_mixin.py:190} INFO - [2024-10-26T07:22:54.954+0000] {dagbag.py:588} INFO - Filling up the DagBag from /home/airflow/.local/lib/python3.12/site-packages/airflow/example_dags/example_branch_operator.py
[2024-10-26T07:22:54.967+0000] {processor.py:925} INFO - DAG(s) 'example_branch_operator' retrieved from /home/airflow/.local/lib/python3.12/site-packages/airflow/example_dags/example_branch_operator.py
[2024-10-26T07:22:55.001+0000] {logging_mixin.py:190} INFO - [2024-10-26T07:22:55.001+0000] {dag.py:3239} INFO - Sync 1 DAGs
[2024-10-26T07:22:55.017+0000] {logging_mixin.py:190} INFO - [2024-10-26T07:22:55.017+0000] {dag.py:4180} INFO - Setting next_dagrun for example_branch_operator to 2024-10-25 00:00:00+00:00, run_after=2024-10-26 00:00:00+00:00
[2024-10-26T07:22:55.032+0000] {processor.py:208} INFO - Processing /home/airflow/.local/lib/python3.12/site-packages/airflow/example_dags/example_branch_operator.py took 0.088 seconds
[2024-10-26T07:23:25.812+0000] {processor.py:186} INFO - Started process (PID=85739) to work on /home/airflow/.local/lib/python3.12/site-packages/airflow/example_dags/example_branch_operator.py
[2024-10-26T07:23:25.813+0000] {processor.py:914} INFO - Processing file /home/airflow/.local/lib/python3.12/site-packages/airflow/example_dags/example_branch_operator.py for tasks to queue
[2024-10-26T07:23:25.814+0000] {logging_mixin.py:190} INFO - [2024-10-26T07:23:25.813+0000] {dagbag.py:588} INFO - Filling up the DagBag from /home/airflow/.local/lib/python3.12/site-packages/airflow/example_dags/example_branch_operator.py
[2024-10-26T07:23:25.823+0000] {processor.py:925} INFO - DAG(s) 'example_branch_operator' retrieved from /home/airflow/.local/lib/python3.12/site-packages/airflow/example_dags/example_branch_operator.py
[2024-10-26T07:23:25.841+0000] {logging_mixin.py:190} INFO - [2024-10-26T07:23:25.840+0000] {dag.py:3239} INFO - Sync 1 DAGs
[2024-10-26T07:23:25.853+0000] {logging_mixin.py:190} INFO - [2024-10-26T07:23:25.853+0000] {dag.py:4180} INFO - Setting next_dagrun for example_branch_operator to 2024-10-25 00:00:00+00:00, run_after=2024-10-26 00:00:00+00:00
[2024-10-26T07:23:25.865+0000] {processor.py:208} INFO - Processing /home/airflow/.local/lib/python3.12/site-packages/airflow/example_dags/example_branch_operator.py took 0.056 seconds
[2024-10-26T07:23:56.661+0000] {processor.py:186} INFO - Started process (PID=86028) to work on /home/airflow/.local/lib/python3.12/site-packages/airflow/example_dags/example_branch_operator.py
[2024-10-26T07:23:56.662+0000] {processor.py:914} INFO - Processing file /home/airflow/.local/lib/python3.12/site-packages/airflow/example_dags/example_branch_operator.py for tasks to queue
[2024-10-26T07:23:56.662+0000] {logging_mixin.py:190} INFO - [2024-10-26T07:23:56.662+0000] {dagbag.py:588} INFO - Filling up the DagBag from /home/airflow/.local/lib/python3.12/site-packages/airflow/example_dags/example_branch_operator.py
[2024-10-26T07:23:56.672+0000] {processor.py:925} INFO - DAG(s) 'example_branch_operator' retrieved from /home/airflow/.local/lib/python3.12/site-packages/airflow/example_dags/example_branch_operator.py
[2024-10-26T07:23:56.689+0000] {logging_mixin.py:190} INFO - [2024-10-26T07:23:56.689+0000] {dag.py:3239} INFO - Sync 1 DAGs
[2024-10-26T07:23:56.703+0000] {logging_mixin.py:190} INFO - [2024-10-26T07:23:56.703+0000] {dag.py:4180} INFO - Setting next_dagrun for example_branch_operator to 2024-10-25 00:00:00+00:00, run_after=2024-10-26 00:00:00+00:00
[2024-10-26T07:23:56.713+0000] {processor.py:208} INFO - Processing /home/airflow/.local/lib/python3.12/site-packages/airflow/example_dags/example_branch_operator.py took 0.055 seconds
[2024-10-26T07:24:27.360+0000] {processor.py:186} INFO - Started process (PID=86319) to work on /home/airflow/.local/lib/python3.12/site-packages/airflow/example_dags/example_branch_operator.py
[2024-10-26T07:24:27.361+0000] {processor.py:914} INFO - Processing file /home/airflow/.local/lib/python3.12/site-packages/airflow/example_dags/example_branch_operator.py for tasks to queue
[2024-10-26T07:24:27.362+0000] {logging_mixin.py:190} INFO - [2024-10-26T07:24:27.362+0000] {dagbag.py:588} INFO - Filling up the DagBag from /home/airflow/.local/lib/python3.12/site-packages/airflow/example_dags/example_branch_operator.py
[2024-10-26T07:24:27.371+0000] {processor.py:925} INFO - DAG(s) 'example_branch_operator' retrieved from /home/airflow/.local/lib/python3.12/site-packages/airflow/example_dags/example_branch_operator.py
[2024-10-26T07:24:27.387+0000] {logging_mixin.py:190} INFO - [2024-10-26T07:24:27.387+0000] {dag.py:3239} INFO - Sync 1 DAGs
[2024-10-26T07:24:27.401+0000] {logging_mixin.py:190} INFO - [2024-10-26T07:24:27.401+0000] {dag.py:4180} INFO - Setting next_dagrun for example_branch_operator to 2024-10-25 00:00:00+00:00, run_after=2024-10-26 00:00:00+00:00
[2024-10-26T07:24:27.413+0000] {processor.py:208} INFO - Processing /home/airflow/.local/lib/python3.12/site-packages/airflow/example_dags/example_branch_operator.py took 0.057 seconds
[2024-10-26T07:24:58.496+0000] {processor.py:186} INFO - Started process (PID=86610) to work on /home/airflow/.local/lib/python3.12/site-packages/airflow/example_dags/example_branch_operator.py
[2024-10-26T07:24:58.500+0000] {processor.py:914} INFO - Processing file /home/airflow/.local/lib/python3.12/site-packages/airflow/example_dags/example_branch_operator.py for tasks to queue
[2024-10-26T07:24:58.501+0000] {logging_mixin.py:190} INFO - [2024-10-26T07:24:58.501+0000] {dagbag.py:588} INFO - Filling up the DagBag from /home/airflow/.local/lib/python3.12/site-packages/airflow/example_dags/example_branch_operator.py
[2024-10-26T07:24:58.510+0000] {processor.py:925} INFO - DAG(s) 'example_branch_operator' retrieved from /home/airflow/.local/lib/python3.12/site-packages/airflow/example_dags/example_branch_operator.py
[2024-10-26T07:24:58.525+0000] {logging_mixin.py:190} INFO - [2024-10-26T07:24:58.525+0000] {dag.py:3239} INFO - Sync 1 DAGs
[2024-10-26T07:24:58.540+0000] {logging_mixin.py:190} INFO - [2024-10-26T07:24:58.539+0000] {dag.py:4180} INFO - Setting next_dagrun for example_branch_operator to 2024-10-25 00:00:00+00:00, run_after=2024-10-26 00:00:00+00:00
[2024-10-26T07:24:58.549+0000] {processor.py:208} INFO - Processing /home/airflow/.local/lib/python3.12/site-packages/airflow/example_dags/example_branch_operator.py took 0.057 seconds
[2024-10-26T07:25:29.085+0000] {processor.py:186} INFO - Started process (PID=86901) to work on /home/airflow/.local/lib/python3.12/site-packages/airflow/example_dags/example_branch_operator.py
[2024-10-26T07:25:29.088+0000] {processor.py:914} INFO - Processing file /home/airflow/.local/lib/python3.12/site-packages/airflow/example_dags/example_branch_operator.py for tasks to queue
[2024-10-26T07:25:29.089+0000] {logging_mixin.py:190} INFO - [2024-10-26T07:25:29.089+0000] {dagbag.py:588} INFO - Filling up the DagBag from /home/airflow/.local/lib/python3.12/site-packages/airflow/example_dags/example_branch_operator.py
[2024-10-26T07:25:29.098+0000] {processor.py:925} INFO - DAG(s) 'example_branch_operator' retrieved from /home/airflow/.local/lib/python3.12/site-packages/airflow/example_dags/example_branch_operator.py
[2024-10-26T07:25:29.114+0000] {logging_mixin.py:190} INFO - [2024-10-26T07:25:29.114+0000] {dag.py:3239} INFO - Sync 1 DAGs
[2024-10-26T07:25:29.126+0000] {logging_mixin.py:190} INFO - [2024-10-26T07:25:29.126+0000] {dag.py:4180} INFO - Setting next_dagrun for example_branch_operator to 2024-10-25 00:00:00+00:00, run_after=2024-10-26 00:00:00+00:00
[2024-10-26T07:25:29.136+0000] {processor.py:208} INFO - Processing /home/airflow/.local/lib/python3.12/site-packages/airflow/example_dags/example_branch_operator.py took 0.060 seconds
[2024-10-26T07:26:00.237+0000] {processor.py:186} INFO - Started process (PID=87194) to work on /home/airflow/.local/lib/python3.12/site-packages/airflow/example_dags/example_branch_operator.py
[2024-10-26T07:26:00.238+0000] {processor.py:914} INFO - Processing file /home/airflow/.local/lib/python3.12/site-packages/airflow/example_dags/example_branch_operator.py for tasks to queue
[2024-10-26T07:26:00.238+0000] {logging_mixin.py:190} INFO - [2024-10-26T07:26:00.238+0000] {dagbag.py:588} INFO - Filling up the DagBag from /home/airflow/.local/lib/python3.12/site-packages/airflow/example_dags/example_branch_operator.py
[2024-10-26T07:26:00.247+0000] {processor.py:925} INFO - DAG(s) 'example_branch_operator' retrieved from /home/airflow/.local/lib/python3.12/site-packages/airflow/example_dags/example_branch_operator.py
[2024-10-26T07:26:00.261+0000] {logging_mixin.py:190} INFO - [2024-10-26T07:26:00.261+0000] {dag.py:3239} INFO - Sync 1 DAGs
[2024-10-26T07:26:00.276+0000] {logging_mixin.py:190} INFO - [2024-10-26T07:26:00.276+0000] {dag.py:4180} INFO - Setting next_dagrun for example_branch_operator to 2024-10-25 00:00:00+00:00, run_after=2024-10-26 00:00:00+00:00
[2024-10-26T07:26:00.288+0000] {processor.py:208} INFO - Processing /home/airflow/.local/lib/python3.12/site-packages/airflow/example_dags/example_branch_operator.py took 0.054 seconds
[2024-10-26T07:26:31.365+0000] {processor.py:186} INFO - Started process (PID=87485) to work on /home/airflow/.local/lib/python3.12/site-packages/airflow/example_dags/example_branch_operator.py
[2024-10-26T07:26:31.369+0000] {processor.py:914} INFO - Processing file /home/airflow/.local/lib/python3.12/site-packages/airflow/example_dags/example_branch_operator.py for tasks to queue
[2024-10-26T07:26:31.369+0000] {logging_mixin.py:190} INFO - [2024-10-26T07:26:31.369+0000] {dagbag.py:588} INFO - Filling up the DagBag from /home/airflow/.local/lib/python3.12/site-packages/airflow/example_dags/example_branch_operator.py
[2024-10-26T07:26:31.381+0000] {processor.py:925} INFO - DAG(s) 'example_branch_operator' retrieved from /home/airflow/.local/lib/python3.12/site-packages/airflow/example_dags/example_branch_operator.py
[2024-10-26T07:26:31.396+0000] {logging_mixin.py:190} INFO - [2024-10-26T07:26:31.396+0000] {dag.py:3239} INFO - Sync 1 DAGs
[2024-10-26T07:26:31.408+0000] {logging_mixin.py:190} INFO - [2024-10-26T07:26:31.408+0000] {dag.py:4180} INFO - Setting next_dagrun for example_branch_operator to 2024-10-25 00:00:00+00:00, run_after=2024-10-26 00:00:00+00:00
[2024-10-26T07:26:31.455+0000] {processor.py:208} INFO - Processing /home/airflow/.local/lib/python3.12/site-packages/airflow/example_dags/example_branch_operator.py took 0.094 seconds
[2024-10-26T07:27:01.780+0000] {processor.py:186} INFO - Started process (PID=87774) to work on /home/airflow/.local/lib/python3.12/site-packages/airflow/example_dags/example_branch_operator.py
[2024-10-26T07:27:01.780+0000] {processor.py:914} INFO - Processing file /home/airflow/.local/lib/python3.12/site-packages/airflow/example_dags/example_branch_operator.py for tasks to queue
[2024-10-26T07:27:01.781+0000] {logging_mixin.py:190} INFO - [2024-10-26T07:27:01.781+0000] {dagbag.py:588} INFO - Filling up the DagBag from /home/airflow/.local/lib/python3.12/site-packages/airflow/example_dags/example_branch_operator.py
[2024-10-26T07:27:01.790+0000] {processor.py:925} INFO - DAG(s) 'example_branch_operator' retrieved from /home/airflow/.local/lib/python3.12/site-packages/airflow/example_dags/example_branch_operator.py
[2024-10-26T07:27:01.803+0000] {logging_mixin.py:190} INFO - [2024-10-26T07:27:01.803+0000] {dag.py:3239} INFO - Sync 1 DAGs
[2024-10-26T07:27:01.814+0000] {logging_mixin.py:190} INFO - [2024-10-26T07:27:01.814+0000] {dag.py:4180} INFO - Setting next_dagrun for example_branch_operator to 2024-10-25 00:00:00+00:00, run_after=2024-10-26 00:00:00+00:00
[2024-10-26T07:27:01.822+0000] {processor.py:208} INFO - Processing /home/airflow/.local/lib/python3.12/site-packages/airflow/example_dags/example_branch_operator.py took 0.046 seconds
[2024-10-26T07:27:32.428+0000] {processor.py:186} INFO - Started process (PID=88065) to work on /home/airflow/.local/lib/python3.12/site-packages/airflow/example_dags/example_branch_operator.py
[2024-10-26T07:27:32.433+0000] {processor.py:914} INFO - Processing file /home/airflow/.local/lib/python3.12/site-packages/airflow/example_dags/example_branch_operator.py for tasks to queue
[2024-10-26T07:27:32.434+0000] {logging_mixin.py:190} INFO - [2024-10-26T07:27:32.434+0000] {dagbag.py:588} INFO - Filling up the DagBag from /home/airflow/.local/lib/python3.12/site-packages/airflow/example_dags/example_branch_operator.py
[2024-10-26T07:27:32.453+0000] {processor.py:925} INFO - DAG(s) 'example_branch_operator' retrieved from /home/airflow/.local/lib/python3.12/site-packages/airflow/example_dags/example_branch_operator.py
[2024-10-26T07:27:32.479+0000] {logging_mixin.py:190} INFO - [2024-10-26T07:27:32.479+0000] {dag.py:3239} INFO - Sync 1 DAGs
[2024-10-26T07:27:32.498+0000] {logging_mixin.py:190} INFO - [2024-10-26T07:27:32.498+0000] {dag.py:4180} INFO - Setting next_dagrun for example_branch_operator to 2024-10-25 00:00:00+00:00, run_after=2024-10-26 00:00:00+00:00
[2024-10-26T07:27:32.511+0000] {processor.py:208} INFO - Processing /home/airflow/.local/lib/python3.12/site-packages/airflow/example_dags/example_branch_operator.py took 0.088 seconds
