[2024-10-26T00:46:24.949+0000] {processor.py:186} INFO - Started process (PID=70789) to work on /home/airflow/.local/lib/python3.12/site-packages/airflow/example_dags/example_short_circuit_decorator.py
[2024-10-26T00:46:24.953+0000] {processor.py:914} INFO - Processing file /home/airflow/.local/lib/python3.12/site-packages/airflow/example_dags/example_short_circuit_decorator.py for tasks to queue
[2024-10-26T00:46:24.954+0000] {logging_mixin.py:190} INFO - [2024-10-26T00:46:24.954+0000] {dagbag.py:588} INFO - Filling up the DagBag from /home/airflow/.local/lib/python3.12/site-packages/airflow/example_dags/example_short_circuit_decorator.py
[2024-10-26T00:46:24.961+0000] {processor.py:925} INFO - DAG(s) 'example_short_circuit_decorator' retrieved from /home/airflow/.local/lib/python3.12/site-packages/airflow/example_dags/example_short_circuit_decorator.py
[2024-10-26T00:46:24.977+0000] {logging_mixin.py:190} INFO - [2024-10-26T00:46:24.977+0000] {dag.py:3239} INFO - Sync 1 DAGs
[2024-10-26T00:46:24.986+0000] {logging_mixin.py:190} INFO - [2024-10-26T00:46:24.986+0000] {dag.py:4180} INFO - Setting next_dagrun for example_short_circuit_decorator to None, run_after=None
[2024-10-26T00:46:25.005+0000] {processor.py:208} INFO - Processing /home/airflow/.local/lib/python3.12/site-packages/airflow/example_dags/example_short_circuit_decorator.py took 0.063 seconds
[2024-10-26T01:37:08.471+0000] {processor.py:186} INFO - Started process (PID=71081) to work on /home/airflow/.local/lib/python3.12/site-packages/airflow/example_dags/example_short_circuit_decorator.py
[2024-10-26T01:37:08.473+0000] {processor.py:914} INFO - Processing file /home/airflow/.local/lib/python3.12/site-packages/airflow/example_dags/example_short_circuit_decorator.py for tasks to queue
[2024-10-26T01:37:08.473+0000] {logging_mixin.py:190} INFO - [2024-10-26T01:37:08.473+0000] {dagbag.py:588} INFO - Filling up the DagBag from /home/airflow/.local/lib/python3.12/site-packages/airflow/example_dags/example_short_circuit_decorator.py
[2024-10-26T01:37:08.480+0000] {processor.py:925} INFO - DAG(s) 'example_short_circuit_decorator' retrieved from /home/airflow/.local/lib/python3.12/site-packages/airflow/example_dags/example_short_circuit_decorator.py
[2024-10-26T01:37:08.495+0000] {logging_mixin.py:190} INFO - [2024-10-26T01:37:08.495+0000] {dag.py:3239} INFO - Sync 1 DAGs
[2024-10-26T01:37:08.506+0000] {logging_mixin.py:190} INFO - [2024-10-26T01:37:08.506+0000] {dag.py:4180} INFO - Setting next_dagrun for example_short_circuit_decorator to None, run_after=None
[2024-10-26T01:37:08.517+0000] {processor.py:208} INFO - Processing /home/airflow/.local/lib/python3.12/site-packages/airflow/example_dags/example_short_circuit_decorator.py took 0.056 seconds
[2024-10-26T02:57:37.399+0000] {processor.py:186} INFO - Started process (PID=71372) to work on /home/airflow/.local/lib/python3.12/site-packages/airflow/example_dags/example_short_circuit_decorator.py
[2024-10-26T02:57:37.400+0000] {processor.py:914} INFO - Processing file /home/airflow/.local/lib/python3.12/site-packages/airflow/example_dags/example_short_circuit_decorator.py for tasks to queue
[2024-10-26T02:57:37.401+0000] {logging_mixin.py:190} INFO - [2024-10-26T02:57:37.401+0000] {dagbag.py:588} INFO - Filling up the DagBag from /home/airflow/.local/lib/python3.12/site-packages/airflow/example_dags/example_short_circuit_decorator.py
[2024-10-26T02:57:37.410+0000] {processor.py:925} INFO - DAG(s) 'example_short_circuit_decorator' retrieved from /home/airflow/.local/lib/python3.12/site-packages/airflow/example_dags/example_short_circuit_decorator.py
[2024-10-26T02:57:37.423+0000] {logging_mixin.py:190} INFO - [2024-10-26T02:57:37.422+0000] {dag.py:3239} INFO - Sync 1 DAGs
[2024-10-26T02:57:37.432+0000] {logging_mixin.py:190} INFO - [2024-10-26T02:57:37.432+0000] {dag.py:4180} INFO - Setting next_dagrun for example_short_circuit_decorator to None, run_after=None
[2024-10-26T02:57:37.441+0000] {processor.py:208} INFO - Processing /home/airflow/.local/lib/python3.12/site-packages/airflow/example_dags/example_short_circuit_decorator.py took 0.051 seconds
[2024-10-26T04:18:34.947+0000] {processor.py:186} INFO - Started process (PID=71663) to work on /home/airflow/.local/lib/python3.12/site-packages/airflow/example_dags/example_short_circuit_decorator.py
[2024-10-26T04:18:34.949+0000] {processor.py:914} INFO - Processing file /home/airflow/.local/lib/python3.12/site-packages/airflow/example_dags/example_short_circuit_decorator.py for tasks to queue
[2024-10-26T04:18:34.949+0000] {logging_mixin.py:190} INFO - [2024-10-26T04:18:34.949+0000] {dagbag.py:588} INFO - Filling up the DagBag from /home/airflow/.local/lib/python3.12/site-packages/airflow/example_dags/example_short_circuit_decorator.py
[2024-10-26T04:18:34.954+0000] {processor.py:925} INFO - DAG(s) 'example_short_circuit_decorator' retrieved from /home/airflow/.local/lib/python3.12/site-packages/airflow/example_dags/example_short_circuit_decorator.py
[2024-10-26T04:18:34.972+0000] {logging_mixin.py:190} INFO - [2024-10-26T04:18:34.972+0000] {dag.py:3239} INFO - Sync 1 DAGs
[2024-10-26T04:18:34.982+0000] {logging_mixin.py:190} INFO - [2024-10-26T04:18:34.982+0000] {dag.py:4180} INFO - Setting next_dagrun for example_short_circuit_decorator to None, run_after=None
[2024-10-26T04:18:34.991+0000] {processor.py:208} INFO - Processing /home/airflow/.local/lib/python3.12/site-packages/airflow/example_dags/example_short_circuit_decorator.py took 0.048 seconds
[2024-10-26T05:41:04.779+0000] {processor.py:186} INFO - Started process (PID=71954) to work on /home/airflow/.local/lib/python3.12/site-packages/airflow/example_dags/example_short_circuit_decorator.py
[2024-10-26T05:41:04.780+0000] {processor.py:914} INFO - Processing file /home/airflow/.local/lib/python3.12/site-packages/airflow/example_dags/example_short_circuit_decorator.py for tasks to queue
[2024-10-26T05:41:04.782+0000] {logging_mixin.py:190} INFO - [2024-10-26T05:41:04.782+0000] {dagbag.py:588} INFO - Filling up the DagBag from /home/airflow/.local/lib/python3.12/site-packages/airflow/example_dags/example_short_circuit_decorator.py
[2024-10-26T05:41:04.789+0000] {processor.py:925} INFO - DAG(s) 'example_short_circuit_decorator' retrieved from /home/airflow/.local/lib/python3.12/site-packages/airflow/example_dags/example_short_circuit_decorator.py
[2024-10-26T05:41:04.806+0000] {logging_mixin.py:190} INFO - [2024-10-26T05:41:04.806+0000] {dag.py:3239} INFO - Sync 1 DAGs
[2024-10-26T05:41:04.817+0000] {logging_mixin.py:190} INFO - [2024-10-26T05:41:04.817+0000] {dag.py:4180} INFO - Setting next_dagrun for example_short_circuit_decorator to None, run_after=None
[2024-10-26T05:41:04.826+0000] {processor.py:208} INFO - Processing /home/airflow/.local/lib/python3.12/site-packages/airflow/example_dags/example_short_circuit_decorator.py took 0.053 seconds
[2024-10-26T06:59:45.057+0000] {processor.py:186} INFO - Started process (PID=72245) to work on /home/airflow/.local/lib/python3.12/site-packages/airflow/example_dags/example_short_circuit_decorator.py
[2024-10-26T06:59:45.058+0000] {processor.py:914} INFO - Processing file /home/airflow/.local/lib/python3.12/site-packages/airflow/example_dags/example_short_circuit_decorator.py for tasks to queue
[2024-10-26T06:59:45.059+0000] {logging_mixin.py:190} INFO - [2024-10-26T06:59:45.059+0000] {dagbag.py:588} INFO - Filling up the DagBag from /home/airflow/.local/lib/python3.12/site-packages/airflow/example_dags/example_short_circuit_decorator.py
[2024-10-26T06:59:45.064+0000] {processor.py:925} INFO - DAG(s) 'example_short_circuit_decorator' retrieved from /home/airflow/.local/lib/python3.12/site-packages/airflow/example_dags/example_short_circuit_decorator.py
[2024-10-26T06:59:45.078+0000] {logging_mixin.py:190} INFO - [2024-10-26T06:59:45.078+0000] {dag.py:3239} INFO - Sync 1 DAGs
[2024-10-26T06:59:45.087+0000] {logging_mixin.py:190} INFO - [2024-10-26T06:59:45.087+0000] {dag.py:4180} INFO - Setting next_dagrun for example_short_circuit_decorator to None, run_after=None
[2024-10-26T06:59:45.099+0000] {processor.py:208} INFO - Processing /home/airflow/.local/lib/python3.12/site-packages/airflow/example_dags/example_short_circuit_decorator.py took 0.047 seconds
[2024-10-26T07:00:15.767+0000] {processor.py:186} INFO - Started process (PID=72536) to work on /home/airflow/.local/lib/python3.12/site-packages/airflow/example_dags/example_short_circuit_decorator.py
[2024-10-26T07:00:15.768+0000] {processor.py:914} INFO - Processing file /home/airflow/.local/lib/python3.12/site-packages/airflow/example_dags/example_short_circuit_decorator.py for tasks to queue
[2024-10-26T07:00:15.769+0000] {logging_mixin.py:190} INFO - [2024-10-26T07:00:15.769+0000] {dagbag.py:588} INFO - Filling up the DagBag from /home/airflow/.local/lib/python3.12/site-packages/airflow/example_dags/example_short_circuit_decorator.py
[2024-10-26T07:00:15.779+0000] {processor.py:925} INFO - DAG(s) 'example_short_circuit_decorator' retrieved from /home/airflow/.local/lib/python3.12/site-packages/airflow/example_dags/example_short_circuit_decorator.py
[2024-10-26T07:00:15.797+0000] {logging_mixin.py:190} INFO - [2024-10-26T07:00:15.797+0000] {dag.py:3239} INFO - Sync 1 DAGs
[2024-10-26T07:00:15.806+0000] {logging_mixin.py:190} INFO - [2024-10-26T07:00:15.806+0000] {dag.py:4180} INFO - Setting next_dagrun for example_short_circuit_decorator to None, run_after=None
[2024-10-26T07:00:15.818+0000] {processor.py:208} INFO - Processing /home/airflow/.local/lib/python3.12/site-packages/airflow/example_dags/example_short_circuit_decorator.py took 0.058 seconds
[2024-10-26T07:00:46.235+0000] {processor.py:186} INFO - Started process (PID=72827) to work on /home/airflow/.local/lib/python3.12/site-packages/airflow/example_dags/example_short_circuit_decorator.py
[2024-10-26T07:00:46.236+0000] {processor.py:914} INFO - Processing file /home/airflow/.local/lib/python3.12/site-packages/airflow/example_dags/example_short_circuit_decorator.py for tasks to queue
[2024-10-26T07:00:46.237+0000] {logging_mixin.py:190} INFO - [2024-10-26T07:00:46.237+0000] {dagbag.py:588} INFO - Filling up the DagBag from /home/airflow/.local/lib/python3.12/site-packages/airflow/example_dags/example_short_circuit_decorator.py
[2024-10-26T07:00:46.242+0000] {processor.py:925} INFO - DAG(s) 'example_short_circuit_decorator' retrieved from /home/airflow/.local/lib/python3.12/site-packages/airflow/example_dags/example_short_circuit_decorator.py
[2024-10-26T07:00:46.258+0000] {logging_mixin.py:190} INFO - [2024-10-26T07:00:46.258+0000] {dag.py:3239} INFO - Sync 1 DAGs
[2024-10-26T07:00:46.267+0000] {logging_mixin.py:190} INFO - [2024-10-26T07:00:46.267+0000] {dag.py:4180} INFO - Setting next_dagrun for example_short_circuit_decorator to None, run_after=None
[2024-10-26T07:00:46.277+0000] {processor.py:208} INFO - Processing /home/airflow/.local/lib/python3.12/site-packages/airflow/example_dags/example_short_circuit_decorator.py took 0.045 seconds
[2024-10-26T07:01:17.095+0000] {processor.py:186} INFO - Started process (PID=73118) to work on /home/airflow/.local/lib/python3.12/site-packages/airflow/example_dags/example_short_circuit_decorator.py
[2024-10-26T07:01:17.096+0000] {processor.py:914} INFO - Processing file /home/airflow/.local/lib/python3.12/site-packages/airflow/example_dags/example_short_circuit_decorator.py for tasks to queue
[2024-10-26T07:01:17.098+0000] {logging_mixin.py:190} INFO - [2024-10-26T07:01:17.097+0000] {dagbag.py:588} INFO - Filling up the DagBag from /home/airflow/.local/lib/python3.12/site-packages/airflow/example_dags/example_short_circuit_decorator.py
[2024-10-26T07:01:17.113+0000] {processor.py:925} INFO - DAG(s) 'example_short_circuit_decorator' retrieved from /home/airflow/.local/lib/python3.12/site-packages/airflow/example_dags/example_short_circuit_decorator.py
[2024-10-26T07:01:17.140+0000] {logging_mixin.py:190} INFO - [2024-10-26T07:01:17.140+0000] {dag.py:3239} INFO - Sync 1 DAGs
[2024-10-26T07:01:17.160+0000] {logging_mixin.py:190} INFO - [2024-10-26T07:01:17.159+0000] {dag.py:4180} INFO - Setting next_dagrun for example_short_circuit_decorator to None, run_after=None
[2024-10-26T07:01:17.189+0000] {processor.py:208} INFO - Processing /home/airflow/.local/lib/python3.12/site-packages/airflow/example_dags/example_short_circuit_decorator.py took 0.101 seconds
[2024-10-26T07:01:47.810+0000] {processor.py:186} INFO - Started process (PID=73409) to work on /home/airflow/.local/lib/python3.12/site-packages/airflow/example_dags/example_short_circuit_decorator.py
[2024-10-26T07:01:47.812+0000] {processor.py:914} INFO - Processing file /home/airflow/.local/lib/python3.12/site-packages/airflow/example_dags/example_short_circuit_decorator.py for tasks to queue
[2024-10-26T07:01:47.815+0000] {logging_mixin.py:190} INFO - [2024-10-26T07:01:47.814+0000] {dagbag.py:588} INFO - Filling up the DagBag from /home/airflow/.local/lib/python3.12/site-packages/airflow/example_dags/example_short_circuit_decorator.py
[2024-10-26T07:01:47.821+0000] {processor.py:925} INFO - DAG(s) 'example_short_circuit_decorator' retrieved from /home/airflow/.local/lib/python3.12/site-packages/airflow/example_dags/example_short_circuit_decorator.py
[2024-10-26T07:01:47.839+0000] {logging_mixin.py:190} INFO - [2024-10-26T07:01:47.838+0000] {dag.py:3239} INFO - Sync 1 DAGs
[2024-10-26T07:01:47.849+0000] {logging_mixin.py:190} INFO - [2024-10-26T07:01:47.849+0000] {dag.py:4180} INFO - Setting next_dagrun for example_short_circuit_decorator to None, run_after=None
[2024-10-26T07:01:47.870+0000] {processor.py:208} INFO - Processing /home/airflow/.local/lib/python3.12/site-packages/airflow/example_dags/example_short_circuit_decorator.py took 0.063 seconds
[2024-10-26T07:02:18.461+0000] {processor.py:186} INFO - Started process (PID=73700) to work on /home/airflow/.local/lib/python3.12/site-packages/airflow/example_dags/example_short_circuit_decorator.py
[2024-10-26T07:02:18.463+0000] {processor.py:914} INFO - Processing file /home/airflow/.local/lib/python3.12/site-packages/airflow/example_dags/example_short_circuit_decorator.py for tasks to queue
[2024-10-26T07:02:18.464+0000] {logging_mixin.py:190} INFO - [2024-10-26T07:02:18.464+0000] {dagbag.py:588} INFO - Filling up the DagBag from /home/airflow/.local/lib/python3.12/site-packages/airflow/example_dags/example_short_circuit_decorator.py
[2024-10-26T07:02:18.470+0000] {processor.py:925} INFO - DAG(s) 'example_short_circuit_decorator' retrieved from /home/airflow/.local/lib/python3.12/site-packages/airflow/example_dags/example_short_circuit_decorator.py
[2024-10-26T07:02:18.489+0000] {logging_mixin.py:190} INFO - [2024-10-26T07:02:18.489+0000] {dag.py:3239} INFO - Sync 1 DAGs
[2024-10-26T07:02:18.498+0000] {logging_mixin.py:190} INFO - [2024-10-26T07:02:18.498+0000] {dag.py:4180} INFO - Setting next_dagrun for example_short_circuit_decorator to None, run_after=None
[2024-10-26T07:02:18.514+0000] {processor.py:208} INFO - Processing /home/airflow/.local/lib/python3.12/site-packages/airflow/example_dags/example_short_circuit_decorator.py took 0.060 seconds
[2024-10-26T07:02:48.842+0000] {processor.py:186} INFO - Started process (PID=73991) to work on /home/airflow/.local/lib/python3.12/site-packages/airflow/example_dags/example_short_circuit_decorator.py
[2024-10-26T07:02:48.843+0000] {processor.py:914} INFO - Processing file /home/airflow/.local/lib/python3.12/site-packages/airflow/example_dags/example_short_circuit_decorator.py for tasks to queue
[2024-10-26T07:02:48.844+0000] {logging_mixin.py:190} INFO - [2024-10-26T07:02:48.844+0000] {dagbag.py:588} INFO - Filling up the DagBag from /home/airflow/.local/lib/python3.12/site-packages/airflow/example_dags/example_short_circuit_decorator.py
[2024-10-26T07:02:48.853+0000] {processor.py:925} INFO - DAG(s) 'example_short_circuit_decorator' retrieved from /home/airflow/.local/lib/python3.12/site-packages/airflow/example_dags/example_short_circuit_decorator.py
[2024-10-26T07:02:48.866+0000] {logging_mixin.py:190} INFO - [2024-10-26T07:02:48.866+0000] {dag.py:3239} INFO - Sync 1 DAGs
[2024-10-26T07:02:48.875+0000] {logging_mixin.py:190} INFO - [2024-10-26T07:02:48.875+0000] {dag.py:4180} INFO - Setting next_dagrun for example_short_circuit_decorator to None, run_after=None
[2024-10-26T07:02:48.885+0000] {processor.py:208} INFO - Processing /home/airflow/.local/lib/python3.12/site-packages/airflow/example_dags/example_short_circuit_decorator.py took 0.049 seconds
[2024-10-26T07:03:19.500+0000] {processor.py:186} INFO - Started process (PID=74282) to work on /home/airflow/.local/lib/python3.12/site-packages/airflow/example_dags/example_short_circuit_decorator.py
[2024-10-26T07:03:19.501+0000] {processor.py:914} INFO - Processing file /home/airflow/.local/lib/python3.12/site-packages/airflow/example_dags/example_short_circuit_decorator.py for tasks to queue
[2024-10-26T07:03:19.504+0000] {logging_mixin.py:190} INFO - [2024-10-26T07:03:19.503+0000] {dagbag.py:588} INFO - Filling up the DagBag from /home/airflow/.local/lib/python3.12/site-packages/airflow/example_dags/example_short_circuit_decorator.py
[2024-10-26T07:03:19.512+0000] {processor.py:925} INFO - DAG(s) 'example_short_circuit_decorator' retrieved from /home/airflow/.local/lib/python3.12/site-packages/airflow/example_dags/example_short_circuit_decorator.py
[2024-10-26T07:03:19.597+0000] {logging_mixin.py:190} INFO - [2024-10-26T07:03:19.597+0000] {dag.py:3239} INFO - Sync 1 DAGs
[2024-10-26T07:03:19.610+0000] {logging_mixin.py:190} INFO - [2024-10-26T07:03:19.610+0000] {dag.py:4180} INFO - Setting next_dagrun for example_short_circuit_decorator to None, run_after=None
[2024-10-26T07:03:19.643+0000] {processor.py:208} INFO - Processing /home/airflow/.local/lib/python3.12/site-packages/airflow/example_dags/example_short_circuit_decorator.py took 0.149 seconds
[2024-10-26T07:03:50.173+0000] {processor.py:186} INFO - Started process (PID=74573) to work on /home/airflow/.local/lib/python3.12/site-packages/airflow/example_dags/example_short_circuit_decorator.py
[2024-10-26T07:03:50.174+0000] {processor.py:914} INFO - Processing file /home/airflow/.local/lib/python3.12/site-packages/airflow/example_dags/example_short_circuit_decorator.py for tasks to queue
[2024-10-26T07:03:50.175+0000] {logging_mixin.py:190} INFO - [2024-10-26T07:03:50.175+0000] {dagbag.py:588} INFO - Filling up the DagBag from /home/airflow/.local/lib/python3.12/site-packages/airflow/example_dags/example_short_circuit_decorator.py
[2024-10-26T07:03:50.188+0000] {processor.py:925} INFO - DAG(s) 'example_short_circuit_decorator' retrieved from /home/airflow/.local/lib/python3.12/site-packages/airflow/example_dags/example_short_circuit_decorator.py
[2024-10-26T07:03:50.202+0000] {logging_mixin.py:190} INFO - [2024-10-26T07:03:50.202+0000] {dag.py:3239} INFO - Sync 1 DAGs
[2024-10-26T07:03:50.210+0000] {logging_mixin.py:190} INFO - [2024-10-26T07:03:50.210+0000] {dag.py:4180} INFO - Setting next_dagrun for example_short_circuit_decorator to None, run_after=None
[2024-10-26T07:03:50.224+0000] {processor.py:208} INFO - Processing /home/airflow/.local/lib/python3.12/site-packages/airflow/example_dags/example_short_circuit_decorator.py took 0.056 seconds
[2024-10-26T07:04:21.158+0000] {processor.py:186} INFO - Started process (PID=74863) to work on /home/airflow/.local/lib/python3.12/site-packages/airflow/example_dags/example_short_circuit_decorator.py
[2024-10-26T07:04:21.160+0000] {processor.py:914} INFO - Processing file /home/airflow/.local/lib/python3.12/site-packages/airflow/example_dags/example_short_circuit_decorator.py for tasks to queue
[2024-10-26T07:04:21.161+0000] {logging_mixin.py:190} INFO - [2024-10-26T07:04:21.161+0000] {dagbag.py:588} INFO - Filling up the DagBag from /home/airflow/.local/lib/python3.12/site-packages/airflow/example_dags/example_short_circuit_decorator.py
[2024-10-26T07:04:21.177+0000] {processor.py:925} INFO - DAG(s) 'example_short_circuit_decorator' retrieved from /home/airflow/.local/lib/python3.12/site-packages/airflow/example_dags/example_short_circuit_decorator.py
[2024-10-26T07:04:21.204+0000] {logging_mixin.py:190} INFO - [2024-10-26T07:04:21.204+0000] {dag.py:3239} INFO - Sync 1 DAGs
[2024-10-26T07:04:21.213+0000] {logging_mixin.py:190} INFO - [2024-10-26T07:04:21.213+0000] {dag.py:4180} INFO - Setting next_dagrun for example_short_circuit_decorator to None, run_after=None
[2024-10-26T07:04:21.224+0000] {processor.py:208} INFO - Processing /home/airflow/.local/lib/python3.12/site-packages/airflow/example_dags/example_short_circuit_decorator.py took 0.074 seconds
[2024-10-26T07:04:51.548+0000] {processor.py:186} INFO - Started process (PID=75154) to work on /home/airflow/.local/lib/python3.12/site-packages/airflow/example_dags/example_short_circuit_decorator.py
[2024-10-26T07:04:51.549+0000] {processor.py:914} INFO - Processing file /home/airflow/.local/lib/python3.12/site-packages/airflow/example_dags/example_short_circuit_decorator.py for tasks to queue
[2024-10-26T07:04:51.550+0000] {logging_mixin.py:190} INFO - [2024-10-26T07:04:51.549+0000] {dagbag.py:588} INFO - Filling up the DagBag from /home/airflow/.local/lib/python3.12/site-packages/airflow/example_dags/example_short_circuit_decorator.py
[2024-10-26T07:04:51.557+0000] {processor.py:925} INFO - DAG(s) 'example_short_circuit_decorator' retrieved from /home/airflow/.local/lib/python3.12/site-packages/airflow/example_dags/example_short_circuit_decorator.py
[2024-10-26T07:04:51.569+0000] {logging_mixin.py:190} INFO - [2024-10-26T07:04:51.569+0000] {dag.py:3239} INFO - Sync 1 DAGs
[2024-10-26T07:04:51.577+0000] {logging_mixin.py:190} INFO - [2024-10-26T07:04:51.577+0000] {dag.py:4180} INFO - Setting next_dagrun for example_short_circuit_decorator to None, run_after=None
[2024-10-26T07:04:51.589+0000] {processor.py:208} INFO - Processing /home/airflow/.local/lib/python3.12/site-packages/airflow/example_dags/example_short_circuit_decorator.py took 0.049 seconds
[2024-10-26T07:05:21.915+0000] {processor.py:186} INFO - Started process (PID=75447) to work on /home/airflow/.local/lib/python3.12/site-packages/airflow/example_dags/example_short_circuit_decorator.py
[2024-10-26T07:05:21.916+0000] {processor.py:914} INFO - Processing file /home/airflow/.local/lib/python3.12/site-packages/airflow/example_dags/example_short_circuit_decorator.py for tasks to queue
[2024-10-26T07:05:21.917+0000] {logging_mixin.py:190} INFO - [2024-10-26T07:05:21.917+0000] {dagbag.py:588} INFO - Filling up the DagBag from /home/airflow/.local/lib/python3.12/site-packages/airflow/example_dags/example_short_circuit_decorator.py
[2024-10-26T07:05:21.923+0000] {processor.py:925} INFO - DAG(s) 'example_short_circuit_decorator' retrieved from /home/airflow/.local/lib/python3.12/site-packages/airflow/example_dags/example_short_circuit_decorator.py
[2024-10-26T07:05:21.938+0000] {logging_mixin.py:190} INFO - [2024-10-26T07:05:21.938+0000] {dag.py:3239} INFO - Sync 1 DAGs
[2024-10-26T07:05:21.947+0000] {logging_mixin.py:190} INFO - [2024-10-26T07:05:21.947+0000] {dag.py:4180} INFO - Setting next_dagrun for example_short_circuit_decorator to None, run_after=None
[2024-10-26T07:05:21.963+0000] {processor.py:208} INFO - Processing /home/airflow/.local/lib/python3.12/site-packages/airflow/example_dags/example_short_circuit_decorator.py took 0.052 seconds
[2024-10-26T07:05:52.931+0000] {processor.py:186} INFO - Started process (PID=75737) to work on /home/airflow/.local/lib/python3.12/site-packages/airflow/example_dags/example_short_circuit_decorator.py
[2024-10-26T07:05:52.932+0000] {processor.py:914} INFO - Processing file /home/airflow/.local/lib/python3.12/site-packages/airflow/example_dags/example_short_circuit_decorator.py for tasks to queue
[2024-10-26T07:05:52.932+0000] {logging_mixin.py:190} INFO - [2024-10-26T07:05:52.932+0000] {dagbag.py:588} INFO - Filling up the DagBag from /home/airflow/.local/lib/python3.12/site-packages/airflow/example_dags/example_short_circuit_decorator.py
[2024-10-26T07:05:52.937+0000] {processor.py:925} INFO - DAG(s) 'example_short_circuit_decorator' retrieved from /home/airflow/.local/lib/python3.12/site-packages/airflow/example_dags/example_short_circuit_decorator.py
[2024-10-26T07:05:52.957+0000] {logging_mixin.py:190} INFO - [2024-10-26T07:05:52.957+0000] {dag.py:3239} INFO - Sync 1 DAGs
[2024-10-26T07:05:52.964+0000] {logging_mixin.py:190} INFO - [2024-10-26T07:05:52.964+0000] {dag.py:4180} INFO - Setting next_dagrun for example_short_circuit_decorator to None, run_after=None
[2024-10-26T07:05:52.978+0000] {processor.py:208} INFO - Processing /home/airflow/.local/lib/python3.12/site-packages/airflow/example_dags/example_short_circuit_decorator.py took 0.050 seconds
[2024-10-26T07:06:23.463+0000] {processor.py:186} INFO - Started process (PID=76028) to work on /home/airflow/.local/lib/python3.12/site-packages/airflow/example_dags/example_short_circuit_decorator.py
[2024-10-26T07:06:23.464+0000] {processor.py:914} INFO - Processing file /home/airflow/.local/lib/python3.12/site-packages/airflow/example_dags/example_short_circuit_decorator.py for tasks to queue
[2024-10-26T07:06:23.464+0000] {logging_mixin.py:190} INFO - [2024-10-26T07:06:23.464+0000] {dagbag.py:588} INFO - Filling up the DagBag from /home/airflow/.local/lib/python3.12/site-packages/airflow/example_dags/example_short_circuit_decorator.py
[2024-10-26T07:06:23.469+0000] {processor.py:925} INFO - DAG(s) 'example_short_circuit_decorator' retrieved from /home/airflow/.local/lib/python3.12/site-packages/airflow/example_dags/example_short_circuit_decorator.py
[2024-10-26T07:06:23.480+0000] {logging_mixin.py:190} INFO - [2024-10-26T07:06:23.479+0000] {dag.py:3239} INFO - Sync 1 DAGs
[2024-10-26T07:06:23.486+0000] {logging_mixin.py:190} INFO - [2024-10-26T07:06:23.486+0000] {dag.py:4180} INFO - Setting next_dagrun for example_short_circuit_decorator to None, run_after=None
[2024-10-26T07:06:23.493+0000] {processor.py:208} INFO - Processing /home/airflow/.local/lib/python3.12/site-packages/airflow/example_dags/example_short_circuit_decorator.py took 0.033 seconds
[2024-10-26T07:06:53.703+0000] {processor.py:186} INFO - Started process (PID=76319) to work on /home/airflow/.local/lib/python3.12/site-packages/airflow/example_dags/example_short_circuit_decorator.py
[2024-10-26T07:06:53.705+0000] {processor.py:914} INFO - Processing file /home/airflow/.local/lib/python3.12/site-packages/airflow/example_dags/example_short_circuit_decorator.py for tasks to queue
[2024-10-26T07:06:53.705+0000] {logging_mixin.py:190} INFO - [2024-10-26T07:06:53.705+0000] {dagbag.py:588} INFO - Filling up the DagBag from /home/airflow/.local/lib/python3.12/site-packages/airflow/example_dags/example_short_circuit_decorator.py
[2024-10-26T07:06:53.711+0000] {processor.py:925} INFO - DAG(s) 'example_short_circuit_decorator' retrieved from /home/airflow/.local/lib/python3.12/site-packages/airflow/example_dags/example_short_circuit_decorator.py
[2024-10-26T07:06:53.727+0000] {logging_mixin.py:190} INFO - [2024-10-26T07:06:53.727+0000] {dag.py:3239} INFO - Sync 1 DAGs
[2024-10-26T07:06:53.733+0000] {logging_mixin.py:190} INFO - [2024-10-26T07:06:53.733+0000] {dag.py:4180} INFO - Setting next_dagrun for example_short_circuit_decorator to None, run_after=None
[2024-10-26T07:06:53.741+0000] {processor.py:208} INFO - Processing /home/airflow/.local/lib/python3.12/site-packages/airflow/example_dags/example_short_circuit_decorator.py took 0.042 seconds
[2024-10-26T07:07:24.088+0000] {processor.py:186} INFO - Started process (PID=76610) to work on /home/airflow/.local/lib/python3.12/site-packages/airflow/example_dags/example_short_circuit_decorator.py
[2024-10-26T07:07:24.089+0000] {processor.py:914} INFO - Processing file /home/airflow/.local/lib/python3.12/site-packages/airflow/example_dags/example_short_circuit_decorator.py for tasks to queue
[2024-10-26T07:07:24.089+0000] {logging_mixin.py:190} INFO - [2024-10-26T07:07:24.089+0000] {dagbag.py:588} INFO - Filling up the DagBag from /home/airflow/.local/lib/python3.12/site-packages/airflow/example_dags/example_short_circuit_decorator.py
[2024-10-26T07:07:24.094+0000] {processor.py:925} INFO - DAG(s) 'example_short_circuit_decorator' retrieved from /home/airflow/.local/lib/python3.12/site-packages/airflow/example_dags/example_short_circuit_decorator.py
[2024-10-26T07:07:24.105+0000] {logging_mixin.py:190} INFO - [2024-10-26T07:07:24.105+0000] {dag.py:3239} INFO - Sync 1 DAGs
[2024-10-26T07:07:24.111+0000] {logging_mixin.py:190} INFO - [2024-10-26T07:07:24.111+0000] {dag.py:4180} INFO - Setting next_dagrun for example_short_circuit_decorator to None, run_after=None
[2024-10-26T07:07:24.119+0000] {processor.py:208} INFO - Processing /home/airflow/.local/lib/python3.12/site-packages/airflow/example_dags/example_short_circuit_decorator.py took 0.040 seconds
[2024-10-26T07:07:54.685+0000] {processor.py:186} INFO - Started process (PID=76901) to work on /home/airflow/.local/lib/python3.12/site-packages/airflow/example_dags/example_short_circuit_decorator.py
[2024-10-26T07:07:54.686+0000] {processor.py:914} INFO - Processing file /home/airflow/.local/lib/python3.12/site-packages/airflow/example_dags/example_short_circuit_decorator.py for tasks to queue
[2024-10-26T07:07:54.687+0000] {logging_mixin.py:190} INFO - [2024-10-26T07:07:54.686+0000] {dagbag.py:588} INFO - Filling up the DagBag from /home/airflow/.local/lib/python3.12/site-packages/airflow/example_dags/example_short_circuit_decorator.py
[2024-10-26T07:07:54.694+0000] {processor.py:925} INFO - DAG(s) 'example_short_circuit_decorator' retrieved from /home/airflow/.local/lib/python3.12/site-packages/airflow/example_dags/example_short_circuit_decorator.py
[2024-10-26T07:07:54.711+0000] {logging_mixin.py:190} INFO - [2024-10-26T07:07:54.711+0000] {dag.py:3239} INFO - Sync 1 DAGs
[2024-10-26T07:07:54.725+0000] {logging_mixin.py:190} INFO - [2024-10-26T07:07:54.725+0000] {dag.py:4180} INFO - Setting next_dagrun for example_short_circuit_decorator to None, run_after=None
[2024-10-26T07:07:54.736+0000] {processor.py:208} INFO - Processing /home/airflow/.local/lib/python3.12/site-packages/airflow/example_dags/example_short_circuit_decorator.py took 0.056 seconds
[2024-10-26T07:08:25.888+0000] {processor.py:186} INFO - Started process (PID=77192) to work on /home/airflow/.local/lib/python3.12/site-packages/airflow/example_dags/example_short_circuit_decorator.py
[2024-10-26T07:08:25.888+0000] {processor.py:914} INFO - Processing file /home/airflow/.local/lib/python3.12/site-packages/airflow/example_dags/example_short_circuit_decorator.py for tasks to queue
[2024-10-26T07:08:25.889+0000] {logging_mixin.py:190} INFO - [2024-10-26T07:08:25.889+0000] {dagbag.py:588} INFO - Filling up the DagBag from /home/airflow/.local/lib/python3.12/site-packages/airflow/example_dags/example_short_circuit_decorator.py
[2024-10-26T07:08:25.893+0000] {processor.py:925} INFO - DAG(s) 'example_short_circuit_decorator' retrieved from /home/airflow/.local/lib/python3.12/site-packages/airflow/example_dags/example_short_circuit_decorator.py
[2024-10-26T07:08:25.904+0000] {logging_mixin.py:190} INFO - [2024-10-26T07:08:25.904+0000] {dag.py:3239} INFO - Sync 1 DAGs
[2024-10-26T07:08:25.911+0000] {logging_mixin.py:190} INFO - [2024-10-26T07:08:25.911+0000] {dag.py:4180} INFO - Setting next_dagrun for example_short_circuit_decorator to None, run_after=None
[2024-10-26T07:08:25.919+0000] {processor.py:208} INFO - Processing /home/airflow/.local/lib/python3.12/site-packages/airflow/example_dags/example_short_circuit_decorator.py took 0.035 seconds
[2024-10-26T07:08:56.199+0000] {processor.py:186} INFO - Started process (PID=77483) to work on /home/airflow/.local/lib/python3.12/site-packages/airflow/example_dags/example_short_circuit_decorator.py
[2024-10-26T07:08:56.200+0000] {processor.py:914} INFO - Processing file /home/airflow/.local/lib/python3.12/site-packages/airflow/example_dags/example_short_circuit_decorator.py for tasks to queue
[2024-10-26T07:08:56.200+0000] {logging_mixin.py:190} INFO - [2024-10-26T07:08:56.200+0000] {dagbag.py:588} INFO - Filling up the DagBag from /home/airflow/.local/lib/python3.12/site-packages/airflow/example_dags/example_short_circuit_decorator.py
[2024-10-26T07:08:56.206+0000] {processor.py:925} INFO - DAG(s) 'example_short_circuit_decorator' retrieved from /home/airflow/.local/lib/python3.12/site-packages/airflow/example_dags/example_short_circuit_decorator.py
[2024-10-26T07:08:56.219+0000] {logging_mixin.py:190} INFO - [2024-10-26T07:08:56.218+0000] {dag.py:3239} INFO - Sync 1 DAGs
[2024-10-26T07:08:56.226+0000] {logging_mixin.py:190} INFO - [2024-10-26T07:08:56.226+0000] {dag.py:4180} INFO - Setting next_dagrun for example_short_circuit_decorator to None, run_after=None
[2024-10-26T07:08:56.233+0000] {processor.py:208} INFO - Processing /home/airflow/.local/lib/python3.12/site-packages/airflow/example_dags/example_short_circuit_decorator.py took 0.039 seconds
[2024-10-26T07:09:27.364+0000] {processor.py:186} INFO - Started process (PID=77774) to work on /home/airflow/.local/lib/python3.12/site-packages/airflow/example_dags/example_short_circuit_decorator.py
[2024-10-26T07:09:27.365+0000] {processor.py:914} INFO - Processing file /home/airflow/.local/lib/python3.12/site-packages/airflow/example_dags/example_short_circuit_decorator.py for tasks to queue
[2024-10-26T07:09:27.367+0000] {logging_mixin.py:190} INFO - [2024-10-26T07:09:27.366+0000] {dagbag.py:588} INFO - Filling up the DagBag from /home/airflow/.local/lib/python3.12/site-packages/airflow/example_dags/example_short_circuit_decorator.py
[2024-10-26T07:09:27.374+0000] {processor.py:925} INFO - DAG(s) 'example_short_circuit_decorator' retrieved from /home/airflow/.local/lib/python3.12/site-packages/airflow/example_dags/example_short_circuit_decorator.py
[2024-10-26T07:09:27.396+0000] {logging_mixin.py:190} INFO - [2024-10-26T07:09:27.396+0000] {dag.py:3239} INFO - Sync 1 DAGs
[2024-10-26T07:09:27.406+0000] {logging_mixin.py:190} INFO - [2024-10-26T07:09:27.405+0000] {dag.py:4180} INFO - Setting next_dagrun for example_short_circuit_decorator to None, run_after=None
[2024-10-26T07:09:27.415+0000] {processor.py:208} INFO - Processing /home/airflow/.local/lib/python3.12/site-packages/airflow/example_dags/example_short_circuit_decorator.py took 0.055 seconds
[2024-10-26T07:09:57.752+0000] {processor.py:186} INFO - Started process (PID=78065) to work on /home/airflow/.local/lib/python3.12/site-packages/airflow/example_dags/example_short_circuit_decorator.py
[2024-10-26T07:09:57.753+0000] {processor.py:914} INFO - Processing file /home/airflow/.local/lib/python3.12/site-packages/airflow/example_dags/example_short_circuit_decorator.py for tasks to queue
[2024-10-26T07:09:57.754+0000] {logging_mixin.py:190} INFO - [2024-10-26T07:09:57.753+0000] {dagbag.py:588} INFO - Filling up the DagBag from /home/airflow/.local/lib/python3.12/site-packages/airflow/example_dags/example_short_circuit_decorator.py
[2024-10-26T07:09:57.759+0000] {processor.py:925} INFO - DAG(s) 'example_short_circuit_decorator' retrieved from /home/airflow/.local/lib/python3.12/site-packages/airflow/example_dags/example_short_circuit_decorator.py
[2024-10-26T07:09:57.772+0000] {logging_mixin.py:190} INFO - [2024-10-26T07:09:57.772+0000] {dag.py:3239} INFO - Sync 1 DAGs
[2024-10-26T07:09:57.780+0000] {logging_mixin.py:190} INFO - [2024-10-26T07:09:57.780+0000] {dag.py:4180} INFO - Setting next_dagrun for example_short_circuit_decorator to None, run_after=None
[2024-10-26T07:09:57.788+0000] {processor.py:208} INFO - Processing /home/airflow/.local/lib/python3.12/site-packages/airflow/example_dags/example_short_circuit_decorator.py took 0.040 seconds
[2024-10-26T07:10:29.005+0000] {processor.py:186} INFO - Started process (PID=78356) to work on /home/airflow/.local/lib/python3.12/site-packages/airflow/example_dags/example_short_circuit_decorator.py
[2024-10-26T07:10:29.006+0000] {processor.py:914} INFO - Processing file /home/airflow/.local/lib/python3.12/site-packages/airflow/example_dags/example_short_circuit_decorator.py for tasks to queue
[2024-10-26T07:10:29.007+0000] {logging_mixin.py:190} INFO - [2024-10-26T07:10:29.006+0000] {dagbag.py:588} INFO - Filling up the DagBag from /home/airflow/.local/lib/python3.12/site-packages/airflow/example_dags/example_short_circuit_decorator.py
[2024-10-26T07:10:29.012+0000] {processor.py:925} INFO - DAG(s) 'example_short_circuit_decorator' retrieved from /home/airflow/.local/lib/python3.12/site-packages/airflow/example_dags/example_short_circuit_decorator.py
[2024-10-26T07:10:29.024+0000] {logging_mixin.py:190} INFO - [2024-10-26T07:10:29.024+0000] {dag.py:3239} INFO - Sync 1 DAGs
[2024-10-26T07:10:29.031+0000] {logging_mixin.py:190} INFO - [2024-10-26T07:10:29.031+0000] {dag.py:4180} INFO - Setting next_dagrun for example_short_circuit_decorator to None, run_after=None
[2024-10-26T07:10:29.038+0000] {processor.py:208} INFO - Processing /home/airflow/.local/lib/python3.12/site-packages/airflow/example_dags/example_short_circuit_decorator.py took 0.037 seconds
[2024-10-26T07:10:59.625+0000] {processor.py:186} INFO - Started process (PID=78647) to work on /home/airflow/.local/lib/python3.12/site-packages/airflow/example_dags/example_short_circuit_decorator.py
[2024-10-26T07:10:59.626+0000] {processor.py:914} INFO - Processing file /home/airflow/.local/lib/python3.12/site-packages/airflow/example_dags/example_short_circuit_decorator.py for tasks to queue
[2024-10-26T07:10:59.627+0000] {logging_mixin.py:190} INFO - [2024-10-26T07:10:59.626+0000] {dagbag.py:588} INFO - Filling up the DagBag from /home/airflow/.local/lib/python3.12/site-packages/airflow/example_dags/example_short_circuit_decorator.py
[2024-10-26T07:10:59.631+0000] {processor.py:925} INFO - DAG(s) 'example_short_circuit_decorator' retrieved from /home/airflow/.local/lib/python3.12/site-packages/airflow/example_dags/example_short_circuit_decorator.py
[2024-10-26T07:10:59.643+0000] {logging_mixin.py:190} INFO - [2024-10-26T07:10:59.643+0000] {dag.py:3239} INFO - Sync 1 DAGs
[2024-10-26T07:10:59.650+0000] {logging_mixin.py:190} INFO - [2024-10-26T07:10:59.650+0000] {dag.py:4180} INFO - Setting next_dagrun for example_short_circuit_decorator to None, run_after=None
[2024-10-26T07:10:59.658+0000] {processor.py:208} INFO - Processing /home/airflow/.local/lib/python3.12/site-packages/airflow/example_dags/example_short_circuit_decorator.py took 0.035 seconds
[2024-10-26T07:11:30.319+0000] {processor.py:186} INFO - Started process (PID=78941) to work on /home/airflow/.local/lib/python3.12/site-packages/airflow/example_dags/example_short_circuit_decorator.py
[2024-10-26T07:11:30.322+0000] {processor.py:914} INFO - Processing file /home/airflow/.local/lib/python3.12/site-packages/airflow/example_dags/example_short_circuit_decorator.py for tasks to queue
[2024-10-26T07:11:30.323+0000] {logging_mixin.py:190} INFO - [2024-10-26T07:11:30.322+0000] {dagbag.py:588} INFO - Filling up the DagBag from /home/airflow/.local/lib/python3.12/site-packages/airflow/example_dags/example_short_circuit_decorator.py
[2024-10-26T07:11:30.330+0000] {processor.py:925} INFO - DAG(s) 'example_short_circuit_decorator' retrieved from /home/airflow/.local/lib/python3.12/site-packages/airflow/example_dags/example_short_circuit_decorator.py
[2024-10-26T07:11:30.361+0000] {logging_mixin.py:190} INFO - [2024-10-26T07:11:30.360+0000] {dag.py:3239} INFO - Sync 1 DAGs
[2024-10-26T07:11:30.379+0000] {logging_mixin.py:190} INFO - [2024-10-26T07:11:30.378+0000] {dag.py:4180} INFO - Setting next_dagrun for example_short_circuit_decorator to None, run_after=None
[2024-10-26T07:11:30.401+0000] {processor.py:208} INFO - Processing /home/airflow/.local/lib/python3.12/site-packages/airflow/example_dags/example_short_circuit_decorator.py took 0.091 seconds
[2024-10-26T07:12:00.575+0000] {processor.py:186} INFO - Started process (PID=79227) to work on /home/airflow/.local/lib/python3.12/site-packages/airflow/example_dags/example_short_circuit_decorator.py
[2024-10-26T07:12:00.577+0000] {processor.py:914} INFO - Processing file /home/airflow/.local/lib/python3.12/site-packages/airflow/example_dags/example_short_circuit_decorator.py for tasks to queue
[2024-10-26T07:12:00.578+0000] {logging_mixin.py:190} INFO - [2024-10-26T07:12:00.578+0000] {dagbag.py:588} INFO - Filling up the DagBag from /home/airflow/.local/lib/python3.12/site-packages/airflow/example_dags/example_short_circuit_decorator.py
[2024-10-26T07:12:00.594+0000] {processor.py:925} INFO - DAG(s) 'example_short_circuit_decorator' retrieved from /home/airflow/.local/lib/python3.12/site-packages/airflow/example_dags/example_short_circuit_decorator.py
[2024-10-26T07:12:00.628+0000] {logging_mixin.py:190} INFO - [2024-10-26T07:12:00.628+0000] {dag.py:3239} INFO - Sync 1 DAGs
[2024-10-26T07:12:00.649+0000] {logging_mixin.py:190} INFO - [2024-10-26T07:12:00.648+0000] {dag.py:4180} INFO - Setting next_dagrun for example_short_circuit_decorator to None, run_after=None
[2024-10-26T07:12:00.670+0000] {processor.py:208} INFO - Processing /home/airflow/.local/lib/python3.12/site-packages/airflow/example_dags/example_short_circuit_decorator.py took 0.104 seconds
[2024-10-26T07:12:31.742+0000] {processor.py:186} INFO - Started process (PID=79518) to work on /home/airflow/.local/lib/python3.12/site-packages/airflow/example_dags/example_short_circuit_decorator.py
[2024-10-26T07:12:31.747+0000] {processor.py:914} INFO - Processing file /home/airflow/.local/lib/python3.12/site-packages/airflow/example_dags/example_short_circuit_decorator.py for tasks to queue
[2024-10-26T07:12:31.749+0000] {logging_mixin.py:190} INFO - [2024-10-26T07:12:31.749+0000] {dagbag.py:588} INFO - Filling up the DagBag from /home/airflow/.local/lib/python3.12/site-packages/airflow/example_dags/example_short_circuit_decorator.py
[2024-10-26T07:12:31.768+0000] {processor.py:925} INFO - DAG(s) 'example_short_circuit_decorator' retrieved from /home/airflow/.local/lib/python3.12/site-packages/airflow/example_dags/example_short_circuit_decorator.py
[2024-10-26T07:12:31.812+0000] {logging_mixin.py:190} INFO - [2024-10-26T07:12:31.812+0000] {dag.py:3239} INFO - Sync 1 DAGs
[2024-10-26T07:12:31.837+0000] {logging_mixin.py:190} INFO - [2024-10-26T07:12:31.837+0000] {dag.py:4180} INFO - Setting next_dagrun for example_short_circuit_decorator to None, run_after=None
[2024-10-26T07:12:31.861+0000] {processor.py:208} INFO - Processing /home/airflow/.local/lib/python3.12/site-packages/airflow/example_dags/example_short_circuit_decorator.py took 0.130 seconds
[2024-10-26T07:13:02.798+0000] {processor.py:186} INFO - Started process (PID=79816) to work on /home/airflow/.local/lib/python3.12/site-packages/airflow/example_dags/example_short_circuit_decorator.py
[2024-10-26T07:13:02.799+0000] {processor.py:914} INFO - Processing file /home/airflow/.local/lib/python3.12/site-packages/airflow/example_dags/example_short_circuit_decorator.py for tasks to queue
[2024-10-26T07:13:02.799+0000] {logging_mixin.py:190} INFO - [2024-10-26T07:13:02.799+0000] {dagbag.py:588} INFO - Filling up the DagBag from /home/airflow/.local/lib/python3.12/site-packages/airflow/example_dags/example_short_circuit_decorator.py
[2024-10-26T07:13:02.804+0000] {processor.py:925} INFO - DAG(s) 'example_short_circuit_decorator' retrieved from /home/airflow/.local/lib/python3.12/site-packages/airflow/example_dags/example_short_circuit_decorator.py
[2024-10-26T07:13:02.815+0000] {logging_mixin.py:190} INFO - [2024-10-26T07:13:02.815+0000] {dag.py:3239} INFO - Sync 1 DAGs
[2024-10-26T07:13:02.822+0000] {logging_mixin.py:190} INFO - [2024-10-26T07:13:02.822+0000] {dag.py:4180} INFO - Setting next_dagrun for example_short_circuit_decorator to None, run_after=None
[2024-10-26T07:13:02.829+0000] {processor.py:208} INFO - Processing /home/airflow/.local/lib/python3.12/site-packages/airflow/example_dags/example_short_circuit_decorator.py took 0.035 seconds
[2024-10-26T07:13:33.833+0000] {processor.py:186} INFO - Started process (PID=80112) to work on /home/airflow/.local/lib/python3.12/site-packages/airflow/example_dags/example_short_circuit_decorator.py
[2024-10-26T07:13:33.834+0000] {processor.py:914} INFO - Processing file /home/airflow/.local/lib/python3.12/site-packages/airflow/example_dags/example_short_circuit_decorator.py for tasks to queue
[2024-10-26T07:13:33.835+0000] {logging_mixin.py:190} INFO - [2024-10-26T07:13:33.835+0000] {dagbag.py:588} INFO - Filling up the DagBag from /home/airflow/.local/lib/python3.12/site-packages/airflow/example_dags/example_short_circuit_decorator.py
[2024-10-26T07:13:33.841+0000] {processor.py:925} INFO - DAG(s) 'example_short_circuit_decorator' retrieved from /home/airflow/.local/lib/python3.12/site-packages/airflow/example_dags/example_short_circuit_decorator.py
[2024-10-26T07:13:33.863+0000] {logging_mixin.py:190} INFO - [2024-10-26T07:13:33.863+0000] {dag.py:3239} INFO - Sync 1 DAGs
[2024-10-26T07:13:33.979+0000] {logging_mixin.py:190} INFO - [2024-10-26T07:13:33.979+0000] {dag.py:4180} INFO - Setting next_dagrun for example_short_circuit_decorator to None, run_after=None
[2024-10-26T07:13:33.994+0000] {processor.py:208} INFO - Processing /home/airflow/.local/lib/python3.12/site-packages/airflow/example_dags/example_short_circuit_decorator.py took 0.165 seconds
[2024-10-26T07:14:04.283+0000] {processor.py:186} INFO - Started process (PID=80408) to work on /home/airflow/.local/lib/python3.12/site-packages/airflow/example_dags/example_short_circuit_decorator.py
[2024-10-26T07:14:04.284+0000] {processor.py:914} INFO - Processing file /home/airflow/.local/lib/python3.12/site-packages/airflow/example_dags/example_short_circuit_decorator.py for tasks to queue
[2024-10-26T07:14:04.285+0000] {logging_mixin.py:190} INFO - [2024-10-26T07:14:04.285+0000] {dagbag.py:588} INFO - Filling up the DagBag from /home/airflow/.local/lib/python3.12/site-packages/airflow/example_dags/example_short_circuit_decorator.py
[2024-10-26T07:14:04.289+0000] {processor.py:925} INFO - DAG(s) 'example_short_circuit_decorator' retrieved from /home/airflow/.local/lib/python3.12/site-packages/airflow/example_dags/example_short_circuit_decorator.py
[2024-10-26T07:14:04.300+0000] {logging_mixin.py:190} INFO - [2024-10-26T07:14:04.300+0000] {dag.py:3239} INFO - Sync 1 DAGs
[2024-10-26T07:14:04.307+0000] {logging_mixin.py:190} INFO - [2024-10-26T07:14:04.307+0000] {dag.py:4180} INFO - Setting next_dagrun for example_short_circuit_decorator to None, run_after=None
[2024-10-26T07:14:04.314+0000] {processor.py:208} INFO - Processing /home/airflow/.local/lib/python3.12/site-packages/airflow/example_dags/example_short_circuit_decorator.py took 0.034 seconds
[2024-10-26T07:14:35.324+0000] {processor.py:186} INFO - Started process (PID=80699) to work on /home/airflow/.local/lib/python3.12/site-packages/airflow/example_dags/example_short_circuit_decorator.py
[2024-10-26T07:14:35.324+0000] {processor.py:914} INFO - Processing file /home/airflow/.local/lib/python3.12/site-packages/airflow/example_dags/example_short_circuit_decorator.py for tasks to queue
[2024-10-26T07:14:35.325+0000] {logging_mixin.py:190} INFO - [2024-10-26T07:14:35.325+0000] {dagbag.py:588} INFO - Filling up the DagBag from /home/airflow/.local/lib/python3.12/site-packages/airflow/example_dags/example_short_circuit_decorator.py
[2024-10-26T07:14:35.331+0000] {processor.py:925} INFO - DAG(s) 'example_short_circuit_decorator' retrieved from /home/airflow/.local/lib/python3.12/site-packages/airflow/example_dags/example_short_circuit_decorator.py
[2024-10-26T07:14:35.342+0000] {logging_mixin.py:190} INFO - [2024-10-26T07:14:35.342+0000] {dag.py:3239} INFO - Sync 1 DAGs
[2024-10-26T07:14:35.349+0000] {logging_mixin.py:190} INFO - [2024-10-26T07:14:35.349+0000] {dag.py:4180} INFO - Setting next_dagrun for example_short_circuit_decorator to None, run_after=None
[2024-10-26T07:14:35.356+0000] {processor.py:208} INFO - Processing /home/airflow/.local/lib/python3.12/site-packages/airflow/example_dags/example_short_circuit_decorator.py took 0.035 seconds
[2024-10-26T07:15:05.872+0000] {processor.py:186} INFO - Started process (PID=80990) to work on /home/airflow/.local/lib/python3.12/site-packages/airflow/example_dags/example_short_circuit_decorator.py
[2024-10-26T07:15:05.873+0000] {processor.py:914} INFO - Processing file /home/airflow/.local/lib/python3.12/site-packages/airflow/example_dags/example_short_circuit_decorator.py for tasks to queue
[2024-10-26T07:15:05.873+0000] {logging_mixin.py:190} INFO - [2024-10-26T07:15:05.873+0000] {dagbag.py:588} INFO - Filling up the DagBag from /home/airflow/.local/lib/python3.12/site-packages/airflow/example_dags/example_short_circuit_decorator.py
[2024-10-26T07:15:05.879+0000] {processor.py:925} INFO - DAG(s) 'example_short_circuit_decorator' retrieved from /home/airflow/.local/lib/python3.12/site-packages/airflow/example_dags/example_short_circuit_decorator.py
[2024-10-26T07:15:05.893+0000] {logging_mixin.py:190} INFO - [2024-10-26T07:15:05.893+0000] {dag.py:3239} INFO - Sync 1 DAGs
[2024-10-26T07:15:05.900+0000] {logging_mixin.py:190} INFO - [2024-10-26T07:15:05.900+0000] {dag.py:4180} INFO - Setting next_dagrun for example_short_circuit_decorator to None, run_after=None
[2024-10-26T07:15:05.910+0000] {processor.py:208} INFO - Processing /home/airflow/.local/lib/python3.12/site-packages/airflow/example_dags/example_short_circuit_decorator.py took 0.041 seconds
[2024-10-26T07:15:36.203+0000] {processor.py:186} INFO - Started process (PID=81281) to work on /home/airflow/.local/lib/python3.12/site-packages/airflow/example_dags/example_short_circuit_decorator.py
[2024-10-26T07:15:36.204+0000] {processor.py:914} INFO - Processing file /home/airflow/.local/lib/python3.12/site-packages/airflow/example_dags/example_short_circuit_decorator.py for tasks to queue
[2024-10-26T07:15:36.205+0000] {logging_mixin.py:190} INFO - [2024-10-26T07:15:36.205+0000] {dagbag.py:588} INFO - Filling up the DagBag from /home/airflow/.local/lib/python3.12/site-packages/airflow/example_dags/example_short_circuit_decorator.py
[2024-10-26T07:15:36.210+0000] {processor.py:925} INFO - DAG(s) 'example_short_circuit_decorator' retrieved from /home/airflow/.local/lib/python3.12/site-packages/airflow/example_dags/example_short_circuit_decorator.py
[2024-10-26T07:15:36.222+0000] {logging_mixin.py:190} INFO - [2024-10-26T07:15:36.222+0000] {dag.py:3239} INFO - Sync 1 DAGs
[2024-10-26T07:15:36.230+0000] {logging_mixin.py:190} INFO - [2024-10-26T07:15:36.229+0000] {dag.py:4180} INFO - Setting next_dagrun for example_short_circuit_decorator to None, run_after=None
[2024-10-26T07:15:36.237+0000] {processor.py:208} INFO - Processing /home/airflow/.local/lib/python3.12/site-packages/airflow/example_dags/example_short_circuit_decorator.py took 0.040 seconds
[2024-10-26T07:16:07.268+0000] {processor.py:186} INFO - Started process (PID=81572) to work on /home/airflow/.local/lib/python3.12/site-packages/airflow/example_dags/example_short_circuit_decorator.py
[2024-10-26T07:16:07.269+0000] {processor.py:914} INFO - Processing file /home/airflow/.local/lib/python3.12/site-packages/airflow/example_dags/example_short_circuit_decorator.py for tasks to queue
[2024-10-26T07:16:07.270+0000] {logging_mixin.py:190} INFO - [2024-10-26T07:16:07.270+0000] {dagbag.py:588} INFO - Filling up the DagBag from /home/airflow/.local/lib/python3.12/site-packages/airflow/example_dags/example_short_circuit_decorator.py
[2024-10-26T07:16:07.275+0000] {processor.py:925} INFO - DAG(s) 'example_short_circuit_decorator' retrieved from /home/airflow/.local/lib/python3.12/site-packages/airflow/example_dags/example_short_circuit_decorator.py
[2024-10-26T07:16:07.286+0000] {logging_mixin.py:190} INFO - [2024-10-26T07:16:07.286+0000] {dag.py:3239} INFO - Sync 1 DAGs
[2024-10-26T07:16:07.293+0000] {logging_mixin.py:190} INFO - [2024-10-26T07:16:07.293+0000] {dag.py:4180} INFO - Setting next_dagrun for example_short_circuit_decorator to None, run_after=None
[2024-10-26T07:16:07.300+0000] {processor.py:208} INFO - Processing /home/airflow/.local/lib/python3.12/site-packages/airflow/example_dags/example_short_circuit_decorator.py took 0.035 seconds
[2024-10-26T07:16:37.747+0000] {processor.py:186} INFO - Started process (PID=81863) to work on /home/airflow/.local/lib/python3.12/site-packages/airflow/example_dags/example_short_circuit_decorator.py
[2024-10-26T07:16:37.748+0000] {processor.py:914} INFO - Processing file /home/airflow/.local/lib/python3.12/site-packages/airflow/example_dags/example_short_circuit_decorator.py for tasks to queue
[2024-10-26T07:16:37.748+0000] {logging_mixin.py:190} INFO - [2024-10-26T07:16:37.748+0000] {dagbag.py:588} INFO - Filling up the DagBag from /home/airflow/.local/lib/python3.12/site-packages/airflow/example_dags/example_short_circuit_decorator.py
[2024-10-26T07:16:37.753+0000] {processor.py:925} INFO - DAG(s) 'example_short_circuit_decorator' retrieved from /home/airflow/.local/lib/python3.12/site-packages/airflow/example_dags/example_short_circuit_decorator.py
[2024-10-26T07:16:37.766+0000] {logging_mixin.py:190} INFO - [2024-10-26T07:16:37.766+0000] {dag.py:3239} INFO - Sync 1 DAGs
[2024-10-26T07:16:37.773+0000] {logging_mixin.py:190} INFO - [2024-10-26T07:16:37.773+0000] {dag.py:4180} INFO - Setting next_dagrun for example_short_circuit_decorator to None, run_after=None
[2024-10-26T07:16:37.781+0000] {processor.py:208} INFO - Processing /home/airflow/.local/lib/python3.12/site-packages/airflow/example_dags/example_short_circuit_decorator.py took 0.037 seconds
[2024-10-26T07:17:08.558+0000] {processor.py:186} INFO - Started process (PID=82153) to work on /home/airflow/.local/lib/python3.12/site-packages/airflow/example_dags/example_short_circuit_decorator.py
[2024-10-26T07:17:08.559+0000] {processor.py:914} INFO - Processing file /home/airflow/.local/lib/python3.12/site-packages/airflow/example_dags/example_short_circuit_decorator.py for tasks to queue
[2024-10-26T07:17:08.560+0000] {logging_mixin.py:190} INFO - [2024-10-26T07:17:08.560+0000] {dagbag.py:588} INFO - Filling up the DagBag from /home/airflow/.local/lib/python3.12/site-packages/airflow/example_dags/example_short_circuit_decorator.py
[2024-10-26T07:17:08.565+0000] {processor.py:925} INFO - DAG(s) 'example_short_circuit_decorator' retrieved from /home/airflow/.local/lib/python3.12/site-packages/airflow/example_dags/example_short_circuit_decorator.py
[2024-10-26T07:17:08.576+0000] {logging_mixin.py:190} INFO - [2024-10-26T07:17:08.576+0000] {dag.py:3239} INFO - Sync 1 DAGs
[2024-10-26T07:17:08.583+0000] {logging_mixin.py:190} INFO - [2024-10-26T07:17:08.582+0000] {dag.py:4180} INFO - Setting next_dagrun for example_short_circuit_decorator to None, run_after=None
[2024-10-26T07:17:08.590+0000] {processor.py:208} INFO - Processing /home/airflow/.local/lib/python3.12/site-packages/airflow/example_dags/example_short_circuit_decorator.py took 0.036 seconds
[2024-10-26T07:17:39.522+0000] {processor.py:186} INFO - Started process (PID=82444) to work on /home/airflow/.local/lib/python3.12/site-packages/airflow/example_dags/example_short_circuit_decorator.py
[2024-10-26T07:17:39.523+0000] {processor.py:914} INFO - Processing file /home/airflow/.local/lib/python3.12/site-packages/airflow/example_dags/example_short_circuit_decorator.py for tasks to queue
[2024-10-26T07:17:39.524+0000] {logging_mixin.py:190} INFO - [2024-10-26T07:17:39.524+0000] {dagbag.py:588} INFO - Filling up the DagBag from /home/airflow/.local/lib/python3.12/site-packages/airflow/example_dags/example_short_circuit_decorator.py
[2024-10-26T07:17:39.529+0000] {processor.py:925} INFO - DAG(s) 'example_short_circuit_decorator' retrieved from /home/airflow/.local/lib/python3.12/site-packages/airflow/example_dags/example_short_circuit_decorator.py
[2024-10-26T07:17:39.540+0000] {logging_mixin.py:190} INFO - [2024-10-26T07:17:39.540+0000] {dag.py:3239} INFO - Sync 1 DAGs
[2024-10-26T07:17:39.546+0000] {logging_mixin.py:190} INFO - [2024-10-26T07:17:39.546+0000] {dag.py:4180} INFO - Setting next_dagrun for example_short_circuit_decorator to None, run_after=None
[2024-10-26T07:17:39.553+0000] {processor.py:208} INFO - Processing /home/airflow/.local/lib/python3.12/site-packages/airflow/example_dags/example_short_circuit_decorator.py took 0.035 seconds
[2024-10-26T07:18:10.664+0000] {processor.py:186} INFO - Started process (PID=82735) to work on /home/airflow/.local/lib/python3.12/site-packages/airflow/example_dags/example_short_circuit_decorator.py
[2024-10-26T07:18:10.665+0000] {processor.py:914} INFO - Processing file /home/airflow/.local/lib/python3.12/site-packages/airflow/example_dags/example_short_circuit_decorator.py for tasks to queue
[2024-10-26T07:18:10.666+0000] {logging_mixin.py:190} INFO - [2024-10-26T07:18:10.666+0000] {dagbag.py:588} INFO - Filling up the DagBag from /home/airflow/.local/lib/python3.12/site-packages/airflow/example_dags/example_short_circuit_decorator.py
[2024-10-26T07:18:10.672+0000] {processor.py:925} INFO - DAG(s) 'example_short_circuit_decorator' retrieved from /home/airflow/.local/lib/python3.12/site-packages/airflow/example_dags/example_short_circuit_decorator.py
[2024-10-26T07:18:10.691+0000] {logging_mixin.py:190} INFO - [2024-10-26T07:18:10.691+0000] {dag.py:3239} INFO - Sync 1 DAGs
[2024-10-26T07:18:10.700+0000] {logging_mixin.py:190} INFO - [2024-10-26T07:18:10.700+0000] {dag.py:4180} INFO - Setting next_dagrun for example_short_circuit_decorator to None, run_after=None
[2024-10-26T07:18:10.717+0000] {processor.py:208} INFO - Processing /home/airflow/.local/lib/python3.12/site-packages/airflow/example_dags/example_short_circuit_decorator.py took 0.061 seconds
[2024-10-26T07:18:40.985+0000] {processor.py:186} INFO - Started process (PID=83026) to work on /home/airflow/.local/lib/python3.12/site-packages/airflow/example_dags/example_short_circuit_decorator.py
[2024-10-26T07:18:40.986+0000] {processor.py:914} INFO - Processing file /home/airflow/.local/lib/python3.12/site-packages/airflow/example_dags/example_short_circuit_decorator.py for tasks to queue
[2024-10-26T07:18:40.986+0000] {logging_mixin.py:190} INFO - [2024-10-26T07:18:40.986+0000] {dagbag.py:588} INFO - Filling up the DagBag from /home/airflow/.local/lib/python3.12/site-packages/airflow/example_dags/example_short_circuit_decorator.py
[2024-10-26T07:18:40.991+0000] {processor.py:925} INFO - DAG(s) 'example_short_circuit_decorator' retrieved from /home/airflow/.local/lib/python3.12/site-packages/airflow/example_dags/example_short_circuit_decorator.py
[2024-10-26T07:18:41.003+0000] {logging_mixin.py:190} INFO - [2024-10-26T07:18:41.003+0000] {dag.py:3239} INFO - Sync 1 DAGs
[2024-10-26T07:18:41.010+0000] {logging_mixin.py:190} INFO - [2024-10-26T07:18:41.010+0000] {dag.py:4180} INFO - Setting next_dagrun for example_short_circuit_decorator to None, run_after=None
[2024-10-26T07:18:41.018+0000] {processor.py:208} INFO - Processing /home/airflow/.local/lib/python3.12/site-packages/airflow/example_dags/example_short_circuit_decorator.py took 0.036 seconds
[2024-10-26T07:19:11.345+0000] {processor.py:186} INFO - Started process (PID=83316) to work on /home/airflow/.local/lib/python3.12/site-packages/airflow/example_dags/example_short_circuit_decorator.py
[2024-10-26T07:19:11.346+0000] {processor.py:914} INFO - Processing file /home/airflow/.local/lib/python3.12/site-packages/airflow/example_dags/example_short_circuit_decorator.py for tasks to queue
[2024-10-26T07:19:11.347+0000] {logging_mixin.py:190} INFO - [2024-10-26T07:19:11.346+0000] {dagbag.py:588} INFO - Filling up the DagBag from /home/airflow/.local/lib/python3.12/site-packages/airflow/example_dags/example_short_circuit_decorator.py
[2024-10-26T07:19:11.352+0000] {processor.py:925} INFO - DAG(s) 'example_short_circuit_decorator' retrieved from /home/airflow/.local/lib/python3.12/site-packages/airflow/example_dags/example_short_circuit_decorator.py
[2024-10-26T07:19:11.370+0000] {logging_mixin.py:190} INFO - [2024-10-26T07:19:11.370+0000] {dag.py:3239} INFO - Sync 1 DAGs
[2024-10-26T07:19:11.381+0000] {logging_mixin.py:190} INFO - [2024-10-26T07:19:11.381+0000] {dag.py:4180} INFO - Setting next_dagrun for example_short_circuit_decorator to None, run_after=None
[2024-10-26T07:19:11.392+0000] {processor.py:208} INFO - Processing /home/airflow/.local/lib/python3.12/site-packages/airflow/example_dags/example_short_circuit_decorator.py took 0.051 seconds
[2024-10-26T07:19:42.337+0000] {processor.py:186} INFO - Started process (PID=83607) to work on /home/airflow/.local/lib/python3.12/site-packages/airflow/example_dags/example_short_circuit_decorator.py
[2024-10-26T07:19:42.338+0000] {processor.py:914} INFO - Processing file /home/airflow/.local/lib/python3.12/site-packages/airflow/example_dags/example_short_circuit_decorator.py for tasks to queue
[2024-10-26T07:19:42.339+0000] {logging_mixin.py:190} INFO - [2024-10-26T07:19:42.339+0000] {dagbag.py:588} INFO - Filling up the DagBag from /home/airflow/.local/lib/python3.12/site-packages/airflow/example_dags/example_short_circuit_decorator.py
[2024-10-26T07:19:42.345+0000] {processor.py:925} INFO - DAG(s) 'example_short_circuit_decorator' retrieved from /home/airflow/.local/lib/python3.12/site-packages/airflow/example_dags/example_short_circuit_decorator.py
[2024-10-26T07:19:42.357+0000] {logging_mixin.py:190} INFO - [2024-10-26T07:19:42.357+0000] {dag.py:3239} INFO - Sync 1 DAGs
[2024-10-26T07:19:42.365+0000] {logging_mixin.py:190} INFO - [2024-10-26T07:19:42.365+0000] {dag.py:4180} INFO - Setting next_dagrun for example_short_circuit_decorator to None, run_after=None
[2024-10-26T07:19:42.373+0000] {processor.py:208} INFO - Processing /home/airflow/.local/lib/python3.12/site-packages/airflow/example_dags/example_short_circuit_decorator.py took 0.039 seconds
[2024-10-26T07:20:13.323+0000] {processor.py:186} INFO - Started process (PID=83898) to work on /home/airflow/.local/lib/python3.12/site-packages/airflow/example_dags/example_short_circuit_decorator.py
[2024-10-26T07:20:13.324+0000] {processor.py:914} INFO - Processing file /home/airflow/.local/lib/python3.12/site-packages/airflow/example_dags/example_short_circuit_decorator.py for tasks to queue
[2024-10-26T07:20:13.325+0000] {logging_mixin.py:190} INFO - [2024-10-26T07:20:13.325+0000] {dagbag.py:588} INFO - Filling up the DagBag from /home/airflow/.local/lib/python3.12/site-packages/airflow/example_dags/example_short_circuit_decorator.py
[2024-10-26T07:20:13.331+0000] {processor.py:925} INFO - DAG(s) 'example_short_circuit_decorator' retrieved from /home/airflow/.local/lib/python3.12/site-packages/airflow/example_dags/example_short_circuit_decorator.py
[2024-10-26T07:20:13.347+0000] {logging_mixin.py:190} INFO - [2024-10-26T07:20:13.347+0000] {dag.py:3239} INFO - Sync 1 DAGs
[2024-10-26T07:20:13.356+0000] {logging_mixin.py:190} INFO - [2024-10-26T07:20:13.356+0000] {dag.py:4180} INFO - Setting next_dagrun for example_short_circuit_decorator to None, run_after=None
[2024-10-26T07:20:13.373+0000] {processor.py:208} INFO - Processing /home/airflow/.local/lib/python3.12/site-packages/airflow/example_dags/example_short_circuit_decorator.py took 0.054 seconds
[2024-10-26T07:20:43.565+0000] {processor.py:186} INFO - Started process (PID=84189) to work on /home/airflow/.local/lib/python3.12/site-packages/airflow/example_dags/example_short_circuit_decorator.py
[2024-10-26T07:20:43.566+0000] {processor.py:914} INFO - Processing file /home/airflow/.local/lib/python3.12/site-packages/airflow/example_dags/example_short_circuit_decorator.py for tasks to queue
[2024-10-26T07:20:43.566+0000] {logging_mixin.py:190} INFO - [2024-10-26T07:20:43.566+0000] {dagbag.py:588} INFO - Filling up the DagBag from /home/airflow/.local/lib/python3.12/site-packages/airflow/example_dags/example_short_circuit_decorator.py
[2024-10-26T07:20:43.571+0000] {processor.py:925} INFO - DAG(s) 'example_short_circuit_decorator' retrieved from /home/airflow/.local/lib/python3.12/site-packages/airflow/example_dags/example_short_circuit_decorator.py
[2024-10-26T07:20:43.582+0000] {logging_mixin.py:190} INFO - [2024-10-26T07:20:43.582+0000] {dag.py:3239} INFO - Sync 1 DAGs
[2024-10-26T07:20:43.589+0000] {logging_mixin.py:190} INFO - [2024-10-26T07:20:43.589+0000] {dag.py:4180} INFO - Setting next_dagrun for example_short_circuit_decorator to None, run_after=None
[2024-10-26T07:20:43.596+0000] {processor.py:208} INFO - Processing /home/airflow/.local/lib/python3.12/site-packages/airflow/example_dags/example_short_circuit_decorator.py took 0.036 seconds
[2024-10-26T07:21:14.417+0000] {processor.py:186} INFO - Started process (PID=84480) to work on /home/airflow/.local/lib/python3.12/site-packages/airflow/example_dags/example_short_circuit_decorator.py
[2024-10-26T07:21:14.417+0000] {processor.py:914} INFO - Processing file /home/airflow/.local/lib/python3.12/site-packages/airflow/example_dags/example_short_circuit_decorator.py for tasks to queue
[2024-10-26T07:21:14.418+0000] {logging_mixin.py:190} INFO - [2024-10-26T07:21:14.418+0000] {dagbag.py:588} INFO - Filling up the DagBag from /home/airflow/.local/lib/python3.12/site-packages/airflow/example_dags/example_short_circuit_decorator.py
[2024-10-26T07:21:14.423+0000] {processor.py:925} INFO - DAG(s) 'example_short_circuit_decorator' retrieved from /home/airflow/.local/lib/python3.12/site-packages/airflow/example_dags/example_short_circuit_decorator.py
[2024-10-26T07:21:14.434+0000] {logging_mixin.py:190} INFO - [2024-10-26T07:21:14.434+0000] {dag.py:3239} INFO - Sync 1 DAGs
[2024-10-26T07:21:14.441+0000] {logging_mixin.py:190} INFO - [2024-10-26T07:21:14.441+0000] {dag.py:4180} INFO - Setting next_dagrun for example_short_circuit_decorator to None, run_after=None
[2024-10-26T07:21:14.449+0000] {processor.py:208} INFO - Processing /home/airflow/.local/lib/python3.12/site-packages/airflow/example_dags/example_short_circuit_decorator.py took 0.036 seconds
[2024-10-26T07:21:45.076+0000] {processor.py:186} INFO - Started process (PID=84771) to work on /home/airflow/.local/lib/python3.12/site-packages/airflow/example_dags/example_short_circuit_decorator.py
[2024-10-26T07:21:45.077+0000] {processor.py:914} INFO - Processing file /home/airflow/.local/lib/python3.12/site-packages/airflow/example_dags/example_short_circuit_decorator.py for tasks to queue
[2024-10-26T07:21:45.077+0000] {logging_mixin.py:190} INFO - [2024-10-26T07:21:45.077+0000] {dagbag.py:588} INFO - Filling up the DagBag from /home/airflow/.local/lib/python3.12/site-packages/airflow/example_dags/example_short_circuit_decorator.py
[2024-10-26T07:21:45.082+0000] {processor.py:925} INFO - DAG(s) 'example_short_circuit_decorator' retrieved from /home/airflow/.local/lib/python3.12/site-packages/airflow/example_dags/example_short_circuit_decorator.py
[2024-10-26T07:21:45.093+0000] {logging_mixin.py:190} INFO - [2024-10-26T07:21:45.093+0000] {dag.py:3239} INFO - Sync 1 DAGs
[2024-10-26T07:21:45.100+0000] {logging_mixin.py:190} INFO - [2024-10-26T07:21:45.100+0000] {dag.py:4180} INFO - Setting next_dagrun for example_short_circuit_decorator to None, run_after=None
[2024-10-26T07:21:45.109+0000] {processor.py:208} INFO - Processing /home/airflow/.local/lib/python3.12/site-packages/airflow/example_dags/example_short_circuit_decorator.py took 0.039 seconds
[2024-10-26T07:22:16.043+0000] {processor.py:186} INFO - Started process (PID=85062) to work on /home/airflow/.local/lib/python3.12/site-packages/airflow/example_dags/example_short_circuit_decorator.py
[2024-10-26T07:22:16.044+0000] {processor.py:914} INFO - Processing file /home/airflow/.local/lib/python3.12/site-packages/airflow/example_dags/example_short_circuit_decorator.py for tasks to queue
[2024-10-26T07:22:16.044+0000] {logging_mixin.py:190} INFO - [2024-10-26T07:22:16.044+0000] {dagbag.py:588} INFO - Filling up the DagBag from /home/airflow/.local/lib/python3.12/site-packages/airflow/example_dags/example_short_circuit_decorator.py
[2024-10-26T07:22:16.049+0000] {processor.py:925} INFO - DAG(s) 'example_short_circuit_decorator' retrieved from /home/airflow/.local/lib/python3.12/site-packages/airflow/example_dags/example_short_circuit_decorator.py
[2024-10-26T07:22:16.063+0000] {logging_mixin.py:190} INFO - [2024-10-26T07:22:16.063+0000] {dag.py:3239} INFO - Sync 1 DAGs
[2024-10-26T07:22:16.070+0000] {logging_mixin.py:190} INFO - [2024-10-26T07:22:16.070+0000] {dag.py:4180} INFO - Setting next_dagrun for example_short_circuit_decorator to None, run_after=None
[2024-10-26T07:22:16.078+0000] {processor.py:208} INFO - Processing /home/airflow/.local/lib/python3.12/site-packages/airflow/example_dags/example_short_circuit_decorator.py took 0.040 seconds
[2024-10-26T07:22:46.921+0000] {processor.py:186} INFO - Started process (PID=85353) to work on /home/airflow/.local/lib/python3.12/site-packages/airflow/example_dags/example_short_circuit_decorator.py
[2024-10-26T07:22:46.922+0000] {processor.py:914} INFO - Processing file /home/airflow/.local/lib/python3.12/site-packages/airflow/example_dags/example_short_circuit_decorator.py for tasks to queue
[2024-10-26T07:22:46.923+0000] {logging_mixin.py:190} INFO - [2024-10-26T07:22:46.923+0000] {dagbag.py:588} INFO - Filling up the DagBag from /home/airflow/.local/lib/python3.12/site-packages/airflow/example_dags/example_short_circuit_decorator.py
[2024-10-26T07:22:46.927+0000] {processor.py:925} INFO - DAG(s) 'example_short_circuit_decorator' retrieved from /home/airflow/.local/lib/python3.12/site-packages/airflow/example_dags/example_short_circuit_decorator.py
[2024-10-26T07:22:46.938+0000] {logging_mixin.py:190} INFO - [2024-10-26T07:22:46.938+0000] {dag.py:3239} INFO - Sync 1 DAGs
[2024-10-26T07:22:46.946+0000] {logging_mixin.py:190} INFO - [2024-10-26T07:22:46.946+0000] {dag.py:4180} INFO - Setting next_dagrun for example_short_circuit_decorator to None, run_after=None
[2024-10-26T07:22:46.953+0000] {processor.py:208} INFO - Processing /home/airflow/.local/lib/python3.12/site-packages/airflow/example_dags/example_short_circuit_decorator.py took 0.036 seconds
[2024-10-26T07:23:17.766+0000] {processor.py:186} INFO - Started process (PID=85644) to work on /home/airflow/.local/lib/python3.12/site-packages/airflow/example_dags/example_short_circuit_decorator.py
[2024-10-26T07:23:17.766+0000] {processor.py:914} INFO - Processing file /home/airflow/.local/lib/python3.12/site-packages/airflow/example_dags/example_short_circuit_decorator.py for tasks to queue
[2024-10-26T07:23:17.767+0000] {logging_mixin.py:190} INFO - [2024-10-26T07:23:17.767+0000] {dagbag.py:588} INFO - Filling up the DagBag from /home/airflow/.local/lib/python3.12/site-packages/airflow/example_dags/example_short_circuit_decorator.py
[2024-10-26T07:23:17.772+0000] {processor.py:925} INFO - DAG(s) 'example_short_circuit_decorator' retrieved from /home/airflow/.local/lib/python3.12/site-packages/airflow/example_dags/example_short_circuit_decorator.py
[2024-10-26T07:23:17.784+0000] {logging_mixin.py:190} INFO - [2024-10-26T07:23:17.784+0000] {dag.py:3239} INFO - Sync 1 DAGs
[2024-10-26T07:23:17.791+0000] {logging_mixin.py:190} INFO - [2024-10-26T07:23:17.791+0000] {dag.py:4180} INFO - Setting next_dagrun for example_short_circuit_decorator to None, run_after=None
[2024-10-26T07:23:17.798+0000] {processor.py:208} INFO - Processing /home/airflow/.local/lib/python3.12/site-packages/airflow/example_dags/example_short_circuit_decorator.py took 0.036 seconds
[2024-10-26T07:23:48.543+0000] {processor.py:186} INFO - Started process (PID=85935) to work on /home/airflow/.local/lib/python3.12/site-packages/airflow/example_dags/example_short_circuit_decorator.py
[2024-10-26T07:23:48.543+0000] {processor.py:914} INFO - Processing file /home/airflow/.local/lib/python3.12/site-packages/airflow/example_dags/example_short_circuit_decorator.py for tasks to queue
[2024-10-26T07:23:48.544+0000] {logging_mixin.py:190} INFO - [2024-10-26T07:23:48.544+0000] {dagbag.py:588} INFO - Filling up the DagBag from /home/airflow/.local/lib/python3.12/site-packages/airflow/example_dags/example_short_circuit_decorator.py
[2024-10-26T07:23:48.548+0000] {processor.py:925} INFO - DAG(s) 'example_short_circuit_decorator' retrieved from /home/airflow/.local/lib/python3.12/site-packages/airflow/example_dags/example_short_circuit_decorator.py
[2024-10-26T07:23:48.559+0000] {logging_mixin.py:190} INFO - [2024-10-26T07:23:48.559+0000] {dag.py:3239} INFO - Sync 1 DAGs
[2024-10-26T07:23:48.565+0000] {logging_mixin.py:190} INFO - [2024-10-26T07:23:48.565+0000] {dag.py:4180} INFO - Setting next_dagrun for example_short_circuit_decorator to None, run_after=None
[2024-10-26T07:23:48.572+0000] {processor.py:208} INFO - Processing /home/airflow/.local/lib/python3.12/site-packages/airflow/example_dags/example_short_circuit_decorator.py took 0.035 seconds
[2024-10-26T07:24:19.265+0000] {processor.py:186} INFO - Started process (PID=86226) to work on /home/airflow/.local/lib/python3.12/site-packages/airflow/example_dags/example_short_circuit_decorator.py
[2024-10-26T07:24:19.265+0000] {processor.py:914} INFO - Processing file /home/airflow/.local/lib/python3.12/site-packages/airflow/example_dags/example_short_circuit_decorator.py for tasks to queue
[2024-10-26T07:24:19.266+0000] {logging_mixin.py:190} INFO - [2024-10-26T07:24:19.266+0000] {dagbag.py:588} INFO - Filling up the DagBag from /home/airflow/.local/lib/python3.12/site-packages/airflow/example_dags/example_short_circuit_decorator.py
[2024-10-26T07:24:19.272+0000] {processor.py:925} INFO - DAG(s) 'example_short_circuit_decorator' retrieved from /home/airflow/.local/lib/python3.12/site-packages/airflow/example_dags/example_short_circuit_decorator.py
[2024-10-26T07:24:19.285+0000] {logging_mixin.py:190} INFO - [2024-10-26T07:24:19.285+0000] {dag.py:3239} INFO - Sync 1 DAGs
[2024-10-26T07:24:19.292+0000] {logging_mixin.py:190} INFO - [2024-10-26T07:24:19.292+0000] {dag.py:4180} INFO - Setting next_dagrun for example_short_circuit_decorator to None, run_after=None
[2024-10-26T07:24:19.303+0000] {processor.py:208} INFO - Processing /home/airflow/.local/lib/python3.12/site-packages/airflow/example_dags/example_short_circuit_decorator.py took 0.042 seconds
[2024-10-26T07:24:49.558+0000] {processor.py:186} INFO - Started process (PID=86517) to work on /home/airflow/.local/lib/python3.12/site-packages/airflow/example_dags/example_short_circuit_decorator.py
[2024-10-26T07:24:49.558+0000] {processor.py:914} INFO - Processing file /home/airflow/.local/lib/python3.12/site-packages/airflow/example_dags/example_short_circuit_decorator.py for tasks to queue
[2024-10-26T07:24:49.559+0000] {logging_mixin.py:190} INFO - [2024-10-26T07:24:49.559+0000] {dagbag.py:588} INFO - Filling up the DagBag from /home/airflow/.local/lib/python3.12/site-packages/airflow/example_dags/example_short_circuit_decorator.py
[2024-10-26T07:24:49.566+0000] {processor.py:925} INFO - DAG(s) 'example_short_circuit_decorator' retrieved from /home/airflow/.local/lib/python3.12/site-packages/airflow/example_dags/example_short_circuit_decorator.py
[2024-10-26T07:24:49.581+0000] {logging_mixin.py:190} INFO - [2024-10-26T07:24:49.581+0000] {dag.py:3239} INFO - Sync 1 DAGs
[2024-10-26T07:24:49.590+0000] {logging_mixin.py:190} INFO - [2024-10-26T07:24:49.590+0000] {dag.py:4180} INFO - Setting next_dagrun for example_short_circuit_decorator to None, run_after=None
[2024-10-26T07:24:49.603+0000] {processor.py:208} INFO - Processing /home/airflow/.local/lib/python3.12/site-packages/airflow/example_dags/example_short_circuit_decorator.py took 0.048 seconds
[2024-10-26T07:25:20.597+0000] {processor.py:186} INFO - Started process (PID=86808) to work on /home/airflow/.local/lib/python3.12/site-packages/airflow/example_dags/example_short_circuit_decorator.py
[2024-10-26T07:25:20.600+0000] {processor.py:914} INFO - Processing file /home/airflow/.local/lib/python3.12/site-packages/airflow/example_dags/example_short_circuit_decorator.py for tasks to queue
[2024-10-26T07:25:20.606+0000] {logging_mixin.py:190} INFO - [2024-10-26T07:25:20.605+0000] {dagbag.py:588} INFO - Filling up the DagBag from /home/airflow/.local/lib/python3.12/site-packages/airflow/example_dags/example_short_circuit_decorator.py
[2024-10-26T07:25:20.640+0000] {processor.py:925} INFO - DAG(s) 'example_short_circuit_decorator' retrieved from /home/airflow/.local/lib/python3.12/site-packages/airflow/example_dags/example_short_circuit_decorator.py
[2024-10-26T07:25:20.691+0000] {logging_mixin.py:190} INFO - [2024-10-26T07:25:20.691+0000] {dag.py:3239} INFO - Sync 1 DAGs
[2024-10-26T07:25:20.707+0000] {logging_mixin.py:190} INFO - [2024-10-26T07:25:20.707+0000] {dag.py:4180} INFO - Setting next_dagrun for example_short_circuit_decorator to None, run_after=None
[2024-10-26T07:25:20.722+0000] {processor.py:208} INFO - Processing /home/airflow/.local/lib/python3.12/site-packages/airflow/example_dags/example_short_circuit_decorator.py took 0.139 seconds
[2024-10-26T07:25:50.935+0000] {processor.py:186} INFO - Started process (PID=87099) to work on /home/airflow/.local/lib/python3.12/site-packages/airflow/example_dags/example_short_circuit_decorator.py
[2024-10-26T07:25:50.936+0000] {processor.py:914} INFO - Processing file /home/airflow/.local/lib/python3.12/site-packages/airflow/example_dags/example_short_circuit_decorator.py for tasks to queue
[2024-10-26T07:25:50.936+0000] {logging_mixin.py:190} INFO - [2024-10-26T07:25:50.936+0000] {dagbag.py:588} INFO - Filling up the DagBag from /home/airflow/.local/lib/python3.12/site-packages/airflow/example_dags/example_short_circuit_decorator.py
[2024-10-26T07:25:50.941+0000] {processor.py:925} INFO - DAG(s) 'example_short_circuit_decorator' retrieved from /home/airflow/.local/lib/python3.12/site-packages/airflow/example_dags/example_short_circuit_decorator.py
[2024-10-26T07:25:50.952+0000] {logging_mixin.py:190} INFO - [2024-10-26T07:25:50.952+0000] {dag.py:3239} INFO - Sync 1 DAGs
[2024-10-26T07:25:50.958+0000] {logging_mixin.py:190} INFO - [2024-10-26T07:25:50.958+0000] {dag.py:4180} INFO - Setting next_dagrun for example_short_circuit_decorator to None, run_after=None
[2024-10-26T07:25:50.966+0000] {processor.py:208} INFO - Processing /home/airflow/.local/lib/python3.12/site-packages/airflow/example_dags/example_short_circuit_decorator.py took 0.034 seconds
[2024-10-26T07:26:21.340+0000] {processor.py:186} INFO - Started process (PID=87390) to work on /home/airflow/.local/lib/python3.12/site-packages/airflow/example_dags/example_short_circuit_decorator.py
[2024-10-26T07:26:21.341+0000] {processor.py:914} INFO - Processing file /home/airflow/.local/lib/python3.12/site-packages/airflow/example_dags/example_short_circuit_decorator.py for tasks to queue
[2024-10-26T07:26:21.342+0000] {logging_mixin.py:190} INFO - [2024-10-26T07:26:21.342+0000] {dagbag.py:588} INFO - Filling up the DagBag from /home/airflow/.local/lib/python3.12/site-packages/airflow/example_dags/example_short_circuit_decorator.py
[2024-10-26T07:26:21.349+0000] {processor.py:925} INFO - DAG(s) 'example_short_circuit_decorator' retrieved from /home/airflow/.local/lib/python3.12/site-packages/airflow/example_dags/example_short_circuit_decorator.py
[2024-10-26T07:26:21.363+0000] {logging_mixin.py:190} INFO - [2024-10-26T07:26:21.363+0000] {dag.py:3239} INFO - Sync 1 DAGs
[2024-10-26T07:26:21.372+0000] {logging_mixin.py:190} INFO - [2024-10-26T07:26:21.372+0000] {dag.py:4180} INFO - Setting next_dagrun for example_short_circuit_decorator to None, run_after=None
[2024-10-26T07:26:21.386+0000] {processor.py:208} INFO - Processing /home/airflow/.local/lib/python3.12/site-packages/airflow/example_dags/example_short_circuit_decorator.py took 0.050 seconds
[2024-10-26T07:26:51.975+0000] {processor.py:186} INFO - Started process (PID=87681) to work on /home/airflow/.local/lib/python3.12/site-packages/airflow/example_dags/example_short_circuit_decorator.py
[2024-10-26T07:26:51.975+0000] {processor.py:914} INFO - Processing file /home/airflow/.local/lib/python3.12/site-packages/airflow/example_dags/example_short_circuit_decorator.py for tasks to queue
[2024-10-26T07:26:51.976+0000] {logging_mixin.py:190} INFO - [2024-10-26T07:26:51.976+0000] {dagbag.py:588} INFO - Filling up the DagBag from /home/airflow/.local/lib/python3.12/site-packages/airflow/example_dags/example_short_circuit_decorator.py
[2024-10-26T07:26:51.981+0000] {processor.py:925} INFO - DAG(s) 'example_short_circuit_decorator' retrieved from /home/airflow/.local/lib/python3.12/site-packages/airflow/example_dags/example_short_circuit_decorator.py
[2024-10-26T07:26:51.995+0000] {logging_mixin.py:190} INFO - [2024-10-26T07:26:51.995+0000] {dag.py:3239} INFO - Sync 1 DAGs
[2024-10-26T07:26:52.002+0000] {logging_mixin.py:190} INFO - [2024-10-26T07:26:52.002+0000] {dag.py:4180} INFO - Setting next_dagrun for example_short_circuit_decorator to None, run_after=None
[2024-10-26T07:26:52.013+0000] {processor.py:208} INFO - Processing /home/airflow/.local/lib/python3.12/site-packages/airflow/example_dags/example_short_circuit_decorator.py took 0.042 seconds
[2024-10-26T07:27:22.259+0000] {processor.py:186} INFO - Started process (PID=87970) to work on /home/airflow/.local/lib/python3.12/site-packages/airflow/example_dags/example_short_circuit_decorator.py
[2024-10-26T07:27:22.260+0000] {processor.py:914} INFO - Processing file /home/airflow/.local/lib/python3.12/site-packages/airflow/example_dags/example_short_circuit_decorator.py for tasks to queue
[2024-10-26T07:27:22.261+0000] {logging_mixin.py:190} INFO - [2024-10-26T07:27:22.260+0000] {dagbag.py:588} INFO - Filling up the DagBag from /home/airflow/.local/lib/python3.12/site-packages/airflow/example_dags/example_short_circuit_decorator.py
[2024-10-26T07:27:22.267+0000] {processor.py:925} INFO - DAG(s) 'example_short_circuit_decorator' retrieved from /home/airflow/.local/lib/python3.12/site-packages/airflow/example_dags/example_short_circuit_decorator.py
[2024-10-26T07:27:22.279+0000] {logging_mixin.py:190} INFO - [2024-10-26T07:27:22.279+0000] {dag.py:3239} INFO - Sync 1 DAGs
[2024-10-26T07:27:22.290+0000] {logging_mixin.py:190} INFO - [2024-10-26T07:27:22.290+0000] {dag.py:4180} INFO - Setting next_dagrun for example_short_circuit_decorator to None, run_after=None
[2024-10-26T07:27:22.303+0000] {processor.py:208} INFO - Processing /home/airflow/.local/lib/python3.12/site-packages/airflow/example_dags/example_short_circuit_decorator.py took 0.048 seconds
