[2024-10-26T00:46:26.484+0000] {processor.py:186} INFO - Started process (PID=70959) to work on /home/airflow/.local/lib/python3.12/site-packages/airflow/example_dags/example_trigger_controller_dag.py
[2024-10-26T00:46:26.486+0000] {processor.py:914} INFO - Processing file /home/airflow/.local/lib/python3.12/site-packages/airflow/example_dags/example_trigger_controller_dag.py for tasks to queue
[2024-10-26T00:46:26.487+0000] {logging_mixin.py:190} INFO - [2024-10-26T00:46:26.487+0000] {dagbag.py:588} INFO - Filling up the DagBag from /home/airflow/.local/lib/python3.12/site-packages/airflow/example_dags/example_trigger_controller_dag.py
[2024-10-26T00:46:26.491+0000] {processor.py:925} INFO - DAG(s) 'example_trigger_controller_dag' retrieved from /home/airflow/.local/lib/python3.12/site-packages/airflow/example_dags/example_trigger_controller_dag.py
[2024-10-26T00:46:26.500+0000] {logging_mixin.py:190} INFO - [2024-10-26T00:46:26.500+0000] {dag.py:3239} INFO - Sync 1 DAGs
[2024-10-26T00:46:26.516+0000] {logging_mixin.py:190} INFO - [2024-10-26T00:46:26.516+0000] {dag.py:4180} INFO - Setting next_dagrun for example_trigger_controller_dag to 2021-01-01 00:00:00+00:00, run_after=2021-01-01 00:00:00+00:00
[2024-10-26T00:46:26.528+0000] {processor.py:208} INFO - Processing /home/airflow/.local/lib/python3.12/site-packages/airflow/example_dags/example_trigger_controller_dag.py took 0.047 seconds
[2024-10-26T01:37:10.076+0000] {processor.py:186} INFO - Started process (PID=71251) to work on /home/airflow/.local/lib/python3.12/site-packages/airflow/example_dags/example_trigger_controller_dag.py
[2024-10-26T01:37:10.078+0000] {processor.py:914} INFO - Processing file /home/airflow/.local/lib/python3.12/site-packages/airflow/example_dags/example_trigger_controller_dag.py for tasks to queue
[2024-10-26T01:37:10.079+0000] {logging_mixin.py:190} INFO - [2024-10-26T01:37:10.079+0000] {dagbag.py:588} INFO - Filling up the DagBag from /home/airflow/.local/lib/python3.12/site-packages/airflow/example_dags/example_trigger_controller_dag.py
[2024-10-26T01:37:10.083+0000] {processor.py:925} INFO - DAG(s) 'example_trigger_controller_dag' retrieved from /home/airflow/.local/lib/python3.12/site-packages/airflow/example_dags/example_trigger_controller_dag.py
[2024-10-26T01:37:10.096+0000] {logging_mixin.py:190} INFO - [2024-10-26T01:37:10.096+0000] {dag.py:3239} INFO - Sync 1 DAGs
[2024-10-26T01:37:10.107+0000] {logging_mixin.py:190} INFO - [2024-10-26T01:37:10.107+0000] {dag.py:4180} INFO - Setting next_dagrun for example_trigger_controller_dag to 2021-01-01 00:00:00+00:00, run_after=2021-01-01 00:00:00+00:00
[2024-10-26T01:37:10.119+0000] {processor.py:208} INFO - Processing /home/airflow/.local/lib/python3.12/site-packages/airflow/example_dags/example_trigger_controller_dag.py took 0.046 seconds
[2024-10-26T02:57:39.091+0000] {processor.py:186} INFO - Started process (PID=71542) to work on /home/airflow/.local/lib/python3.12/site-packages/airflow/example_dags/example_trigger_controller_dag.py
[2024-10-26T02:57:39.095+0000] {processor.py:914} INFO - Processing file /home/airflow/.local/lib/python3.12/site-packages/airflow/example_dags/example_trigger_controller_dag.py for tasks to queue
[2024-10-26T02:57:39.095+0000] {logging_mixin.py:190} INFO - [2024-10-26T02:57:39.095+0000] {dagbag.py:588} INFO - Filling up the DagBag from /home/airflow/.local/lib/python3.12/site-packages/airflow/example_dags/example_trigger_controller_dag.py
[2024-10-26T02:57:39.100+0000] {processor.py:925} INFO - DAG(s) 'example_trigger_controller_dag' retrieved from /home/airflow/.local/lib/python3.12/site-packages/airflow/example_dags/example_trigger_controller_dag.py
[2024-10-26T02:57:39.110+0000] {logging_mixin.py:190} INFO - [2024-10-26T02:57:39.110+0000] {dag.py:3239} INFO - Sync 1 DAGs
[2024-10-26T02:57:39.121+0000] {logging_mixin.py:190} INFO - [2024-10-26T02:57:39.121+0000] {dag.py:4180} INFO - Setting next_dagrun for example_trigger_controller_dag to 2021-01-01 00:00:00+00:00, run_after=2021-01-01 00:00:00+00:00
[2024-10-26T02:57:39.137+0000] {processor.py:208} INFO - Processing /home/airflow/.local/lib/python3.12/site-packages/airflow/example_dags/example_trigger_controller_dag.py took 0.049 seconds
[2024-10-26T04:18:36.335+0000] {processor.py:186} INFO - Started process (PID=71833) to work on /home/airflow/.local/lib/python3.12/site-packages/airflow/example_dags/example_trigger_controller_dag.py
[2024-10-26T04:18:36.336+0000] {processor.py:914} INFO - Processing file /home/airflow/.local/lib/python3.12/site-packages/airflow/example_dags/example_trigger_controller_dag.py for tasks to queue
[2024-10-26T04:18:36.336+0000] {logging_mixin.py:190} INFO - [2024-10-26T04:18:36.336+0000] {dagbag.py:588} INFO - Filling up the DagBag from /home/airflow/.local/lib/python3.12/site-packages/airflow/example_dags/example_trigger_controller_dag.py
[2024-10-26T04:18:36.341+0000] {processor.py:925} INFO - DAG(s) 'example_trigger_controller_dag' retrieved from /home/airflow/.local/lib/python3.12/site-packages/airflow/example_dags/example_trigger_controller_dag.py
[2024-10-26T04:18:36.354+0000] {logging_mixin.py:190} INFO - [2024-10-26T04:18:36.354+0000] {dag.py:3239} INFO - Sync 1 DAGs
[2024-10-26T04:18:36.365+0000] {logging_mixin.py:190} INFO - [2024-10-26T04:18:36.365+0000] {dag.py:4180} INFO - Setting next_dagrun for example_trigger_controller_dag to 2021-01-01 00:00:00+00:00, run_after=2021-01-01 00:00:00+00:00
[2024-10-26T04:18:36.374+0000] {processor.py:208} INFO - Processing /home/airflow/.local/lib/python3.12/site-packages/airflow/example_dags/example_trigger_controller_dag.py took 0.042 seconds
[2024-10-26T05:41:06.117+0000] {processor.py:186} INFO - Started process (PID=72126) to work on /home/airflow/.local/lib/python3.12/site-packages/airflow/example_dags/example_trigger_controller_dag.py
[2024-10-26T05:41:06.118+0000] {processor.py:914} INFO - Processing file /home/airflow/.local/lib/python3.12/site-packages/airflow/example_dags/example_trigger_controller_dag.py for tasks to queue
[2024-10-26T05:41:06.119+0000] {logging_mixin.py:190} INFO - [2024-10-26T05:41:06.118+0000] {dagbag.py:588} INFO - Filling up the DagBag from /home/airflow/.local/lib/python3.12/site-packages/airflow/example_dags/example_trigger_controller_dag.py
[2024-10-26T05:41:06.122+0000] {processor.py:925} INFO - DAG(s) 'example_trigger_controller_dag' retrieved from /home/airflow/.local/lib/python3.12/site-packages/airflow/example_dags/example_trigger_controller_dag.py
[2024-10-26T05:41:06.131+0000] {logging_mixin.py:190} INFO - [2024-10-26T05:41:06.130+0000] {dag.py:3239} INFO - Sync 1 DAGs
[2024-10-26T05:41:06.140+0000] {logging_mixin.py:190} INFO - [2024-10-26T05:41:06.140+0000] {dag.py:4180} INFO - Setting next_dagrun for example_trigger_controller_dag to 2021-01-01 00:00:00+00:00, run_after=2021-01-01 00:00:00+00:00
[2024-10-26T05:41:06.147+0000] {processor.py:208} INFO - Processing /home/airflow/.local/lib/python3.12/site-packages/airflow/example_dags/example_trigger_controller_dag.py took 0.033 seconds
[2024-10-26T06:59:46.509+0000] {processor.py:186} INFO - Started process (PID=72415) to work on /home/airflow/.local/lib/python3.12/site-packages/airflow/example_dags/example_trigger_controller_dag.py
[2024-10-26T06:59:46.510+0000] {processor.py:914} INFO - Processing file /home/airflow/.local/lib/python3.12/site-packages/airflow/example_dags/example_trigger_controller_dag.py for tasks to queue
[2024-10-26T06:59:46.511+0000] {logging_mixin.py:190} INFO - [2024-10-26T06:59:46.511+0000] {dagbag.py:588} INFO - Filling up the DagBag from /home/airflow/.local/lib/python3.12/site-packages/airflow/example_dags/example_trigger_controller_dag.py
[2024-10-26T06:59:46.516+0000] {processor.py:925} INFO - DAG(s) 'example_trigger_controller_dag' retrieved from /home/airflow/.local/lib/python3.12/site-packages/airflow/example_dags/example_trigger_controller_dag.py
[2024-10-26T06:59:46.528+0000] {logging_mixin.py:190} INFO - [2024-10-26T06:59:46.528+0000] {dag.py:3239} INFO - Sync 1 DAGs
[2024-10-26T06:59:46.542+0000] {logging_mixin.py:190} INFO - [2024-10-26T06:59:46.542+0000] {dag.py:4180} INFO - Setting next_dagrun for example_trigger_controller_dag to 2021-01-01 00:00:00+00:00, run_after=2021-01-01 00:00:00+00:00
[2024-10-26T06:59:46.555+0000] {processor.py:208} INFO - Processing /home/airflow/.local/lib/python3.12/site-packages/airflow/example_dags/example_trigger_controller_dag.py took 0.050 seconds
[2024-10-26T07:00:17.049+0000] {processor.py:186} INFO - Started process (PID=72706) to work on /home/airflow/.local/lib/python3.12/site-packages/airflow/example_dags/example_trigger_controller_dag.py
[2024-10-26T07:00:17.050+0000] {processor.py:914} INFO - Processing file /home/airflow/.local/lib/python3.12/site-packages/airflow/example_dags/example_trigger_controller_dag.py for tasks to queue
[2024-10-26T07:00:17.052+0000] {logging_mixin.py:190} INFO - [2024-10-26T07:00:17.052+0000] {dagbag.py:588} INFO - Filling up the DagBag from /home/airflow/.local/lib/python3.12/site-packages/airflow/example_dags/example_trigger_controller_dag.py
[2024-10-26T07:00:17.056+0000] {processor.py:925} INFO - DAG(s) 'example_trigger_controller_dag' retrieved from /home/airflow/.local/lib/python3.12/site-packages/airflow/example_dags/example_trigger_controller_dag.py
[2024-10-26T07:00:17.066+0000] {logging_mixin.py:190} INFO - [2024-10-26T07:00:17.066+0000] {dag.py:3239} INFO - Sync 1 DAGs
[2024-10-26T07:00:17.078+0000] {logging_mixin.py:190} INFO - [2024-10-26T07:00:17.078+0000] {dag.py:4180} INFO - Setting next_dagrun for example_trigger_controller_dag to 2021-01-01 00:00:00+00:00, run_after=2021-01-01 00:00:00+00:00
[2024-10-26T07:00:17.091+0000] {processor.py:208} INFO - Processing /home/airflow/.local/lib/python3.12/site-packages/airflow/example_dags/example_trigger_controller_dag.py took 0.044 seconds
[2024-10-26T07:00:47.629+0000] {processor.py:186} INFO - Started process (PID=72999) to work on /home/airflow/.local/lib/python3.12/site-packages/airflow/example_dags/example_trigger_controller_dag.py
[2024-10-26T07:00:47.630+0000] {processor.py:914} INFO - Processing file /home/airflow/.local/lib/python3.12/site-packages/airflow/example_dags/example_trigger_controller_dag.py for tasks to queue
[2024-10-26T07:00:47.630+0000] {logging_mixin.py:190} INFO - [2024-10-26T07:00:47.630+0000] {dagbag.py:588} INFO - Filling up the DagBag from /home/airflow/.local/lib/python3.12/site-packages/airflow/example_dags/example_trigger_controller_dag.py
[2024-10-26T07:00:47.634+0000] {processor.py:925} INFO - DAG(s) 'example_trigger_controller_dag' retrieved from /home/airflow/.local/lib/python3.12/site-packages/airflow/example_dags/example_trigger_controller_dag.py
[2024-10-26T07:00:47.643+0000] {logging_mixin.py:190} INFO - [2024-10-26T07:00:47.642+0000] {dag.py:3239} INFO - Sync 1 DAGs
[2024-10-26T07:00:47.652+0000] {logging_mixin.py:190} INFO - [2024-10-26T07:00:47.652+0000] {dag.py:4180} INFO - Setting next_dagrun for example_trigger_controller_dag to 2021-01-01 00:00:00+00:00, run_after=2021-01-01 00:00:00+00:00
[2024-10-26T07:00:47.660+0000] {processor.py:208} INFO - Processing /home/airflow/.local/lib/python3.12/site-packages/airflow/example_dags/example_trigger_controller_dag.py took 0.033 seconds
[2024-10-26T07:01:21.246+0000] {processor.py:186} INFO - Started process (PID=73290) to work on /home/airflow/.local/lib/python3.12/site-packages/airflow/example_dags/example_trigger_controller_dag.py
[2024-10-26T07:01:21.248+0000] {processor.py:914} INFO - Processing file /home/airflow/.local/lib/python3.12/site-packages/airflow/example_dags/example_trigger_controller_dag.py for tasks to queue
[2024-10-26T07:01:21.251+0000] {logging_mixin.py:190} INFO - [2024-10-26T07:01:21.250+0000] {dagbag.py:588} INFO - Filling up the DagBag from /home/airflow/.local/lib/python3.12/site-packages/airflow/example_dags/example_trigger_controller_dag.py
[2024-10-26T07:01:21.265+0000] {processor.py:925} INFO - DAG(s) 'example_trigger_controller_dag' retrieved from /home/airflow/.local/lib/python3.12/site-packages/airflow/example_dags/example_trigger_controller_dag.py
[2024-10-26T07:01:21.304+0000] {logging_mixin.py:190} INFO - [2024-10-26T07:01:21.304+0000] {dag.py:3239} INFO - Sync 1 DAGs
[2024-10-26T07:01:21.352+0000] {logging_mixin.py:190} INFO - [2024-10-26T07:01:21.352+0000] {dag.py:4180} INFO - Setting next_dagrun for example_trigger_controller_dag to 2021-01-01 00:00:00+00:00, run_after=2021-01-01 00:00:00+00:00
[2024-10-26T07:01:21.395+0000] {processor.py:208} INFO - Processing /home/airflow/.local/lib/python3.12/site-packages/airflow/example_dags/example_trigger_controller_dag.py took 0.159 seconds
[2024-10-26T07:01:52.134+0000] {processor.py:186} INFO - Started process (PID=73579) to work on /home/airflow/.local/lib/python3.12/site-packages/airflow/example_dags/example_trigger_controller_dag.py
[2024-10-26T07:01:52.137+0000] {processor.py:914} INFO - Processing file /home/airflow/.local/lib/python3.12/site-packages/airflow/example_dags/example_trigger_controller_dag.py for tasks to queue
[2024-10-26T07:01:52.138+0000] {logging_mixin.py:190} INFO - [2024-10-26T07:01:52.138+0000] {dagbag.py:588} INFO - Filling up the DagBag from /home/airflow/.local/lib/python3.12/site-packages/airflow/example_dags/example_trigger_controller_dag.py
[2024-10-26T07:01:52.142+0000] {processor.py:925} INFO - DAG(s) 'example_trigger_controller_dag' retrieved from /home/airflow/.local/lib/python3.12/site-packages/airflow/example_dags/example_trigger_controller_dag.py
[2024-10-26T07:01:52.159+0000] {logging_mixin.py:190} INFO - [2024-10-26T07:01:52.158+0000] {dag.py:3239} INFO - Sync 1 DAGs
[2024-10-26T07:01:52.172+0000] {logging_mixin.py:190} INFO - [2024-10-26T07:01:52.172+0000] {dag.py:4180} INFO - Setting next_dagrun for example_trigger_controller_dag to 2021-01-01 00:00:00+00:00, run_after=2021-01-01 00:00:00+00:00
[2024-10-26T07:01:52.181+0000] {processor.py:208} INFO - Processing /home/airflow/.local/lib/python3.12/site-packages/airflow/example_dags/example_trigger_controller_dag.py took 0.050 seconds
[2024-10-26T07:02:22.620+0000] {processor.py:186} INFO - Started process (PID=73872) to work on /home/airflow/.local/lib/python3.12/site-packages/airflow/example_dags/example_trigger_controller_dag.py
[2024-10-26T07:02:22.621+0000] {processor.py:914} INFO - Processing file /home/airflow/.local/lib/python3.12/site-packages/airflow/example_dags/example_trigger_controller_dag.py for tasks to queue
[2024-10-26T07:02:22.621+0000] {logging_mixin.py:190} INFO - [2024-10-26T07:02:22.621+0000] {dagbag.py:588} INFO - Filling up the DagBag from /home/airflow/.local/lib/python3.12/site-packages/airflow/example_dags/example_trigger_controller_dag.py
[2024-10-26T07:02:22.628+0000] {processor.py:925} INFO - DAG(s) 'example_trigger_controller_dag' retrieved from /home/airflow/.local/lib/python3.12/site-packages/airflow/example_dags/example_trigger_controller_dag.py
[2024-10-26T07:02:22.645+0000] {logging_mixin.py:190} INFO - [2024-10-26T07:02:22.644+0000] {dag.py:3239} INFO - Sync 1 DAGs
[2024-10-26T07:02:22.660+0000] {logging_mixin.py:190} INFO - [2024-10-26T07:02:22.660+0000] {dag.py:4180} INFO - Setting next_dagrun for example_trigger_controller_dag to 2021-01-01 00:00:00+00:00, run_after=2021-01-01 00:00:00+00:00
[2024-10-26T07:02:22.683+0000] {processor.py:208} INFO - Processing /home/airflow/.local/lib/python3.12/site-packages/airflow/example_dags/example_trigger_controller_dag.py took 0.067 seconds
[2024-10-26T07:02:53.398+0000] {processor.py:186} INFO - Started process (PID=74163) to work on /home/airflow/.local/lib/python3.12/site-packages/airflow/example_dags/example_trigger_controller_dag.py
[2024-10-26T07:02:53.399+0000] {processor.py:914} INFO - Processing file /home/airflow/.local/lib/python3.12/site-packages/airflow/example_dags/example_trigger_controller_dag.py for tasks to queue
[2024-10-26T07:02:53.399+0000] {logging_mixin.py:190} INFO - [2024-10-26T07:02:53.399+0000] {dagbag.py:588} INFO - Filling up the DagBag from /home/airflow/.local/lib/python3.12/site-packages/airflow/example_dags/example_trigger_controller_dag.py
[2024-10-26T07:02:53.406+0000] {processor.py:925} INFO - DAG(s) 'example_trigger_controller_dag' retrieved from /home/airflow/.local/lib/python3.12/site-packages/airflow/example_dags/example_trigger_controller_dag.py
[2024-10-26T07:02:53.415+0000] {logging_mixin.py:190} INFO - [2024-10-26T07:02:53.415+0000] {dag.py:3239} INFO - Sync 1 DAGs
[2024-10-26T07:02:53.429+0000] {logging_mixin.py:190} INFO - [2024-10-26T07:02:53.429+0000] {dag.py:4180} INFO - Setting next_dagrun for example_trigger_controller_dag to 2021-01-01 00:00:00+00:00, run_after=2021-01-01 00:00:00+00:00
[2024-10-26T07:02:53.442+0000] {processor.py:208} INFO - Processing /home/airflow/.local/lib/python3.12/site-packages/airflow/example_dags/example_trigger_controller_dag.py took 0.047 seconds
[2024-10-26T07:03:23.842+0000] {processor.py:186} INFO - Started process (PID=74452) to work on /home/airflow/.local/lib/python3.12/site-packages/airflow/example_dags/example_trigger_controller_dag.py
[2024-10-26T07:03:23.843+0000] {processor.py:914} INFO - Processing file /home/airflow/.local/lib/python3.12/site-packages/airflow/example_dags/example_trigger_controller_dag.py for tasks to queue
[2024-10-26T07:03:23.844+0000] {logging_mixin.py:190} INFO - [2024-10-26T07:03:23.843+0000] {dagbag.py:588} INFO - Filling up the DagBag from /home/airflow/.local/lib/python3.12/site-packages/airflow/example_dags/example_trigger_controller_dag.py
[2024-10-26T07:03:23.850+0000] {processor.py:925} INFO - DAG(s) 'example_trigger_controller_dag' retrieved from /home/airflow/.local/lib/python3.12/site-packages/airflow/example_dags/example_trigger_controller_dag.py
[2024-10-26T07:03:23.867+0000] {logging_mixin.py:190} INFO - [2024-10-26T07:03:23.867+0000] {dag.py:3239} INFO - Sync 1 DAGs
[2024-10-26T07:03:23.887+0000] {logging_mixin.py:190} INFO - [2024-10-26T07:03:23.886+0000] {dag.py:4180} INFO - Setting next_dagrun for example_trigger_controller_dag to 2021-01-01 00:00:00+00:00, run_after=2021-01-01 00:00:00+00:00
[2024-10-26T07:03:23.905+0000] {processor.py:208} INFO - Processing /home/airflow/.local/lib/python3.12/site-packages/airflow/example_dags/example_trigger_controller_dag.py took 0.067 seconds
[2024-10-26T07:03:54.826+0000] {processor.py:186} INFO - Started process (PID=74743) to work on /home/airflow/.local/lib/python3.12/site-packages/airflow/example_dags/example_trigger_controller_dag.py
[2024-10-26T07:03:54.826+0000] {processor.py:914} INFO - Processing file /home/airflow/.local/lib/python3.12/site-packages/airflow/example_dags/example_trigger_controller_dag.py for tasks to queue
[2024-10-26T07:03:54.827+0000] {logging_mixin.py:190} INFO - [2024-10-26T07:03:54.827+0000] {dagbag.py:588} INFO - Filling up the DagBag from /home/airflow/.local/lib/python3.12/site-packages/airflow/example_dags/example_trigger_controller_dag.py
[2024-10-26T07:03:54.831+0000] {processor.py:925} INFO - DAG(s) 'example_trigger_controller_dag' retrieved from /home/airflow/.local/lib/python3.12/site-packages/airflow/example_dags/example_trigger_controller_dag.py
[2024-10-26T07:03:54.844+0000] {logging_mixin.py:190} INFO - [2024-10-26T07:03:54.844+0000] {dag.py:3239} INFO - Sync 1 DAGs
[2024-10-26T07:03:54.856+0000] {logging_mixin.py:190} INFO - [2024-10-26T07:03:54.856+0000] {dag.py:4180} INFO - Setting next_dagrun for example_trigger_controller_dag to 2021-01-01 00:00:00+00:00, run_after=2021-01-01 00:00:00+00:00
[2024-10-26T07:03:54.868+0000] {processor.py:208} INFO - Processing /home/airflow/.local/lib/python3.12/site-packages/airflow/example_dags/example_trigger_controller_dag.py took 0.045 seconds
[2024-10-26T07:04:25.076+0000] {processor.py:186} INFO - Started process (PID=75034) to work on /home/airflow/.local/lib/python3.12/site-packages/airflow/example_dags/example_trigger_controller_dag.py
[2024-10-26T07:04:25.076+0000] {processor.py:914} INFO - Processing file /home/airflow/.local/lib/python3.12/site-packages/airflow/example_dags/example_trigger_controller_dag.py for tasks to queue
[2024-10-26T07:04:25.077+0000] {logging_mixin.py:190} INFO - [2024-10-26T07:04:25.077+0000] {dagbag.py:588} INFO - Filling up the DagBag from /home/airflow/.local/lib/python3.12/site-packages/airflow/example_dags/example_trigger_controller_dag.py
[2024-10-26T07:04:25.081+0000] {processor.py:925} INFO - DAG(s) 'example_trigger_controller_dag' retrieved from /home/airflow/.local/lib/python3.12/site-packages/airflow/example_dags/example_trigger_controller_dag.py
[2024-10-26T07:04:25.091+0000] {logging_mixin.py:190} INFO - [2024-10-26T07:04:25.091+0000] {dag.py:3239} INFO - Sync 1 DAGs
[2024-10-26T07:04:25.105+0000] {logging_mixin.py:190} INFO - [2024-10-26T07:04:25.105+0000] {dag.py:4180} INFO - Setting next_dagrun for example_trigger_controller_dag to 2021-01-01 00:00:00+00:00, run_after=2021-01-01 00:00:00+00:00
[2024-10-26T07:04:25.123+0000] {processor.py:208} INFO - Processing /home/airflow/.local/lib/python3.12/site-packages/airflow/example_dags/example_trigger_controller_dag.py took 0.050 seconds
[2024-10-26T07:04:55.425+0000] {processor.py:186} INFO - Started process (PID=75326) to work on /home/airflow/.local/lib/python3.12/site-packages/airflow/example_dags/example_trigger_controller_dag.py
[2024-10-26T07:04:55.426+0000] {processor.py:914} INFO - Processing file /home/airflow/.local/lib/python3.12/site-packages/airflow/example_dags/example_trigger_controller_dag.py for tasks to queue
[2024-10-26T07:04:55.427+0000] {logging_mixin.py:190} INFO - [2024-10-26T07:04:55.427+0000] {dagbag.py:588} INFO - Filling up the DagBag from /home/airflow/.local/lib/python3.12/site-packages/airflow/example_dags/example_trigger_controller_dag.py
[2024-10-26T07:04:55.430+0000] {processor.py:925} INFO - DAG(s) 'example_trigger_controller_dag' retrieved from /home/airflow/.local/lib/python3.12/site-packages/airflow/example_dags/example_trigger_controller_dag.py
[2024-10-26T07:04:55.440+0000] {logging_mixin.py:190} INFO - [2024-10-26T07:04:55.440+0000] {dag.py:3239} INFO - Sync 1 DAGs
[2024-10-26T07:04:55.453+0000] {logging_mixin.py:190} INFO - [2024-10-26T07:04:55.452+0000] {dag.py:4180} INFO - Setting next_dagrun for example_trigger_controller_dag to 2021-01-01 00:00:00+00:00, run_after=2021-01-01 00:00:00+00:00
[2024-10-26T07:04:55.461+0000] {processor.py:208} INFO - Processing /home/airflow/.local/lib/python3.12/site-packages/airflow/example_dags/example_trigger_controller_dag.py took 0.039 seconds
[2024-10-26T07:05:26.550+0000] {processor.py:186} INFO - Started process (PID=75622) to work on /home/airflow/.local/lib/python3.12/site-packages/airflow/example_dags/example_trigger_controller_dag.py
[2024-10-26T07:05:26.550+0000] {processor.py:914} INFO - Processing file /home/airflow/.local/lib/python3.12/site-packages/airflow/example_dags/example_trigger_controller_dag.py for tasks to queue
[2024-10-26T07:05:26.551+0000] {logging_mixin.py:190} INFO - [2024-10-26T07:05:26.551+0000] {dagbag.py:588} INFO - Filling up the DagBag from /home/airflow/.local/lib/python3.12/site-packages/airflow/example_dags/example_trigger_controller_dag.py
[2024-10-26T07:05:26.555+0000] {processor.py:925} INFO - DAG(s) 'example_trigger_controller_dag' retrieved from /home/airflow/.local/lib/python3.12/site-packages/airflow/example_dags/example_trigger_controller_dag.py
[2024-10-26T07:05:26.576+0000] {logging_mixin.py:190} INFO - [2024-10-26T07:05:26.576+0000] {dag.py:3239} INFO - Sync 1 DAGs
[2024-10-26T07:05:26.591+0000] {logging_mixin.py:190} INFO - [2024-10-26T07:05:26.591+0000] {dag.py:4180} INFO - Setting next_dagrun for example_trigger_controller_dag to 2021-01-01 00:00:00+00:00, run_after=2021-01-01 00:00:00+00:00
[2024-10-26T07:05:26.607+0000] {processor.py:208} INFO - Processing /home/airflow/.local/lib/python3.12/site-packages/airflow/example_dags/example_trigger_controller_dag.py took 0.061 seconds
[2024-10-26T07:05:57.232+0000] {processor.py:186} INFO - Started process (PID=75911) to work on /home/airflow/.local/lib/python3.12/site-packages/airflow/example_dags/example_trigger_controller_dag.py
[2024-10-26T07:05:57.235+0000] {processor.py:914} INFO - Processing file /home/airflow/.local/lib/python3.12/site-packages/airflow/example_dags/example_trigger_controller_dag.py for tasks to queue
[2024-10-26T07:05:57.237+0000] {logging_mixin.py:190} INFO - [2024-10-26T07:05:57.236+0000] {dagbag.py:588} INFO - Filling up the DagBag from /home/airflow/.local/lib/python3.12/site-packages/airflow/example_dags/example_trigger_controller_dag.py
[2024-10-26T07:05:57.240+0000] {processor.py:925} INFO - DAG(s) 'example_trigger_controller_dag' retrieved from /home/airflow/.local/lib/python3.12/site-packages/airflow/example_dags/example_trigger_controller_dag.py
[2024-10-26T07:05:57.250+0000] {logging_mixin.py:190} INFO - [2024-10-26T07:05:57.250+0000] {dag.py:3239} INFO - Sync 1 DAGs
[2024-10-26T07:05:57.262+0000] {logging_mixin.py:190} INFO - [2024-10-26T07:05:57.262+0000] {dag.py:4180} INFO - Setting next_dagrun for example_trigger_controller_dag to 2021-01-01 00:00:00+00:00, run_after=2021-01-01 00:00:00+00:00
[2024-10-26T07:05:57.274+0000] {processor.py:208} INFO - Processing /home/airflow/.local/lib/python3.12/site-packages/airflow/example_dags/example_trigger_controller_dag.py took 0.045 seconds
[2024-10-26T07:06:27.585+0000] {processor.py:186} INFO - Started process (PID=76203) to work on /home/airflow/.local/lib/python3.12/site-packages/airflow/example_dags/example_trigger_controller_dag.py
[2024-10-26T07:06:27.586+0000] {processor.py:914} INFO - Processing file /home/airflow/.local/lib/python3.12/site-packages/airflow/example_dags/example_trigger_controller_dag.py for tasks to queue
[2024-10-26T07:06:27.587+0000] {logging_mixin.py:190} INFO - [2024-10-26T07:06:27.587+0000] {dagbag.py:588} INFO - Filling up the DagBag from /home/airflow/.local/lib/python3.12/site-packages/airflow/example_dags/example_trigger_controller_dag.py
[2024-10-26T07:06:27.592+0000] {processor.py:925} INFO - DAG(s) 'example_trigger_controller_dag' retrieved from /home/airflow/.local/lib/python3.12/site-packages/airflow/example_dags/example_trigger_controller_dag.py
[2024-10-26T07:06:27.610+0000] {logging_mixin.py:190} INFO - [2024-10-26T07:06:27.610+0000] {dag.py:3239} INFO - Sync 1 DAGs
[2024-10-26T07:06:27.626+0000] {logging_mixin.py:190} INFO - [2024-10-26T07:06:27.626+0000] {dag.py:4180} INFO - Setting next_dagrun for example_trigger_controller_dag to 2021-01-01 00:00:00+00:00, run_after=2021-01-01 00:00:00+00:00
[2024-10-26T07:06:27.636+0000] {processor.py:208} INFO - Processing /home/airflow/.local/lib/python3.12/site-packages/airflow/example_dags/example_trigger_controller_dag.py took 0.054 seconds
[2024-10-26T07:06:57.860+0000] {processor.py:186} INFO - Started process (PID=76492) to work on /home/airflow/.local/lib/python3.12/site-packages/airflow/example_dags/example_trigger_controller_dag.py
[2024-10-26T07:06:57.861+0000] {processor.py:914} INFO - Processing file /home/airflow/.local/lib/python3.12/site-packages/airflow/example_dags/example_trigger_controller_dag.py for tasks to queue
[2024-10-26T07:06:57.862+0000] {logging_mixin.py:190} INFO - [2024-10-26T07:06:57.862+0000] {dagbag.py:588} INFO - Filling up the DagBag from /home/airflow/.local/lib/python3.12/site-packages/airflow/example_dags/example_trigger_controller_dag.py
[2024-10-26T07:06:57.866+0000] {processor.py:925} INFO - DAG(s) 'example_trigger_controller_dag' retrieved from /home/airflow/.local/lib/python3.12/site-packages/airflow/example_dags/example_trigger_controller_dag.py
[2024-10-26T07:06:57.878+0000] {logging_mixin.py:190} INFO - [2024-10-26T07:06:57.878+0000] {dag.py:3239} INFO - Sync 1 DAGs
[2024-10-26T07:06:57.891+0000] {logging_mixin.py:190} INFO - [2024-10-26T07:06:57.890+0000] {dag.py:4180} INFO - Setting next_dagrun for example_trigger_controller_dag to 2021-01-01 00:00:00+00:00, run_after=2021-01-01 00:00:00+00:00
[2024-10-26T07:06:57.904+0000] {processor.py:208} INFO - Processing /home/airflow/.local/lib/python3.12/site-packages/airflow/example_dags/example_trigger_controller_dag.py took 0.047 seconds
[2024-10-26T07:07:28.331+0000] {processor.py:186} INFO - Started process (PID=76783) to work on /home/airflow/.local/lib/python3.12/site-packages/airflow/example_dags/example_trigger_controller_dag.py
[2024-10-26T07:07:28.333+0000] {processor.py:914} INFO - Processing file /home/airflow/.local/lib/python3.12/site-packages/airflow/example_dags/example_trigger_controller_dag.py for tasks to queue
[2024-10-26T07:07:28.333+0000] {logging_mixin.py:190} INFO - [2024-10-26T07:07:28.333+0000] {dagbag.py:588} INFO - Filling up the DagBag from /home/airflow/.local/lib/python3.12/site-packages/airflow/example_dags/example_trigger_controller_dag.py
[2024-10-26T07:07:28.338+0000] {processor.py:925} INFO - DAG(s) 'example_trigger_controller_dag' retrieved from /home/airflow/.local/lib/python3.12/site-packages/airflow/example_dags/example_trigger_controller_dag.py
[2024-10-26T07:07:28.349+0000] {logging_mixin.py:190} INFO - [2024-10-26T07:07:28.349+0000] {dag.py:3239} INFO - Sync 1 DAGs
[2024-10-26T07:07:28.360+0000] {logging_mixin.py:190} INFO - [2024-10-26T07:07:28.360+0000] {dag.py:4180} INFO - Setting next_dagrun for example_trigger_controller_dag to 2021-01-01 00:00:00+00:00, run_after=2021-01-01 00:00:00+00:00
[2024-10-26T07:07:28.371+0000] {processor.py:208} INFO - Processing /home/airflow/.local/lib/python3.12/site-packages/airflow/example_dags/example_trigger_controller_dag.py took 0.043 seconds
[2024-10-26T07:07:59.422+0000] {processor.py:186} INFO - Started process (PID=77074) to work on /home/airflow/.local/lib/python3.12/site-packages/airflow/example_dags/example_trigger_controller_dag.py
[2024-10-26T07:07:59.423+0000] {processor.py:914} INFO - Processing file /home/airflow/.local/lib/python3.12/site-packages/airflow/example_dags/example_trigger_controller_dag.py for tasks to queue
[2024-10-26T07:07:59.424+0000] {logging_mixin.py:190} INFO - [2024-10-26T07:07:59.424+0000] {dagbag.py:588} INFO - Filling up the DagBag from /home/airflow/.local/lib/python3.12/site-packages/airflow/example_dags/example_trigger_controller_dag.py
[2024-10-26T07:07:59.428+0000] {processor.py:925} INFO - DAG(s) 'example_trigger_controller_dag' retrieved from /home/airflow/.local/lib/python3.12/site-packages/airflow/example_dags/example_trigger_controller_dag.py
[2024-10-26T07:07:59.439+0000] {logging_mixin.py:190} INFO - [2024-10-26T07:07:59.439+0000] {dag.py:3239} INFO - Sync 1 DAGs
[2024-10-26T07:07:59.450+0000] {logging_mixin.py:190} INFO - [2024-10-26T07:07:59.450+0000] {dag.py:4180} INFO - Setting next_dagrun for example_trigger_controller_dag to 2021-01-01 00:00:00+00:00, run_after=2021-01-01 00:00:00+00:00
[2024-10-26T07:07:59.461+0000] {processor.py:208} INFO - Processing /home/airflow/.local/lib/python3.12/site-packages/airflow/example_dags/example_trigger_controller_dag.py took 0.041 seconds
[2024-10-26T07:08:30.118+0000] {processor.py:186} INFO - Started process (PID=77367) to work on /home/airflow/.local/lib/python3.12/site-packages/airflow/example_dags/example_trigger_controller_dag.py
[2024-10-26T07:08:30.119+0000] {processor.py:914} INFO - Processing file /home/airflow/.local/lib/python3.12/site-packages/airflow/example_dags/example_trigger_controller_dag.py for tasks to queue
[2024-10-26T07:08:30.120+0000] {logging_mixin.py:190} INFO - [2024-10-26T07:08:30.119+0000] {dagbag.py:588} INFO - Filling up the DagBag from /home/airflow/.local/lib/python3.12/site-packages/airflow/example_dags/example_trigger_controller_dag.py
[2024-10-26T07:08:30.124+0000] {processor.py:925} INFO - DAG(s) 'example_trigger_controller_dag' retrieved from /home/airflow/.local/lib/python3.12/site-packages/airflow/example_dags/example_trigger_controller_dag.py
[2024-10-26T07:08:30.135+0000] {logging_mixin.py:190} INFO - [2024-10-26T07:08:30.135+0000] {dag.py:3239} INFO - Sync 1 DAGs
[2024-10-26T07:08:30.149+0000] {logging_mixin.py:190} INFO - [2024-10-26T07:08:30.149+0000] {dag.py:4180} INFO - Setting next_dagrun for example_trigger_controller_dag to 2021-01-01 00:00:00+00:00, run_after=2021-01-01 00:00:00+00:00
[2024-10-26T07:08:30.161+0000] {processor.py:208} INFO - Processing /home/airflow/.local/lib/python3.12/site-packages/airflow/example_dags/example_trigger_controller_dag.py took 0.046 seconds
[2024-10-26T07:09:01.111+0000] {processor.py:186} INFO - Started process (PID=77656) to work on /home/airflow/.local/lib/python3.12/site-packages/airflow/example_dags/example_trigger_controller_dag.py
[2024-10-26T07:09:01.112+0000] {processor.py:914} INFO - Processing file /home/airflow/.local/lib/python3.12/site-packages/airflow/example_dags/example_trigger_controller_dag.py for tasks to queue
[2024-10-26T07:09:01.112+0000] {logging_mixin.py:190} INFO - [2024-10-26T07:09:01.112+0000] {dagbag.py:588} INFO - Filling up the DagBag from /home/airflow/.local/lib/python3.12/site-packages/airflow/example_dags/example_trigger_controller_dag.py
[2024-10-26T07:09:01.117+0000] {processor.py:925} INFO - DAG(s) 'example_trigger_controller_dag' retrieved from /home/airflow/.local/lib/python3.12/site-packages/airflow/example_dags/example_trigger_controller_dag.py
[2024-10-26T07:09:01.130+0000] {logging_mixin.py:190} INFO - [2024-10-26T07:09:01.130+0000] {dag.py:3239} INFO - Sync 1 DAGs
[2024-10-26T07:09:01.144+0000] {logging_mixin.py:190} INFO - [2024-10-26T07:09:01.143+0000] {dag.py:4180} INFO - Setting next_dagrun for example_trigger_controller_dag to 2021-01-01 00:00:00+00:00, run_after=2021-01-01 00:00:00+00:00
[2024-10-26T07:09:01.159+0000] {processor.py:208} INFO - Processing /home/airflow/.local/lib/python3.12/site-packages/airflow/example_dags/example_trigger_controller_dag.py took 0.051 seconds
[2024-10-26T07:09:31.449+0000] {processor.py:186} INFO - Started process (PID=77947) to work on /home/airflow/.local/lib/python3.12/site-packages/airflow/example_dags/example_trigger_controller_dag.py
[2024-10-26T07:09:31.450+0000] {processor.py:914} INFO - Processing file /home/airflow/.local/lib/python3.12/site-packages/airflow/example_dags/example_trigger_controller_dag.py for tasks to queue
[2024-10-26T07:09:31.450+0000] {logging_mixin.py:190} INFO - [2024-10-26T07:09:31.450+0000] {dagbag.py:588} INFO - Filling up the DagBag from /home/airflow/.local/lib/python3.12/site-packages/airflow/example_dags/example_trigger_controller_dag.py
[2024-10-26T07:09:31.454+0000] {processor.py:925} INFO - DAG(s) 'example_trigger_controller_dag' retrieved from /home/airflow/.local/lib/python3.12/site-packages/airflow/example_dags/example_trigger_controller_dag.py
[2024-10-26T07:09:31.469+0000] {logging_mixin.py:190} INFO - [2024-10-26T07:09:31.468+0000] {dag.py:3239} INFO - Sync 1 DAGs
[2024-10-26T07:09:31.479+0000] {logging_mixin.py:190} INFO - [2024-10-26T07:09:31.479+0000] {dag.py:4180} INFO - Setting next_dagrun for example_trigger_controller_dag to 2021-01-01 00:00:00+00:00, run_after=2021-01-01 00:00:00+00:00
[2024-10-26T07:09:31.487+0000] {processor.py:208} INFO - Processing /home/airflow/.local/lib/python3.12/site-packages/airflow/example_dags/example_trigger_controller_dag.py took 0.041 seconds
[2024-10-26T07:10:02.639+0000] {processor.py:186} INFO - Started process (PID=78238) to work on /home/airflow/.local/lib/python3.12/site-packages/airflow/example_dags/example_trigger_controller_dag.py
[2024-10-26T07:10:02.641+0000] {processor.py:914} INFO - Processing file /home/airflow/.local/lib/python3.12/site-packages/airflow/example_dags/example_trigger_controller_dag.py for tasks to queue
[2024-10-26T07:10:02.641+0000] {logging_mixin.py:190} INFO - [2024-10-26T07:10:02.641+0000] {dagbag.py:588} INFO - Filling up the DagBag from /home/airflow/.local/lib/python3.12/site-packages/airflow/example_dags/example_trigger_controller_dag.py
[2024-10-26T07:10:02.647+0000] {processor.py:925} INFO - DAG(s) 'example_trigger_controller_dag' retrieved from /home/airflow/.local/lib/python3.12/site-packages/airflow/example_dags/example_trigger_controller_dag.py
[2024-10-26T07:10:02.661+0000] {logging_mixin.py:190} INFO - [2024-10-26T07:10:02.660+0000] {dag.py:3239} INFO - Sync 1 DAGs
[2024-10-26T07:10:02.674+0000] {logging_mixin.py:190} INFO - [2024-10-26T07:10:02.674+0000] {dag.py:4180} INFO - Setting next_dagrun for example_trigger_controller_dag to 2021-01-01 00:00:00+00:00, run_after=2021-01-01 00:00:00+00:00
[2024-10-26T07:10:02.684+0000] {processor.py:208} INFO - Processing /home/airflow/.local/lib/python3.12/site-packages/airflow/example_dags/example_trigger_controller_dag.py took 0.049 seconds
[2024-10-26T07:10:34.300+0000] {processor.py:186} INFO - Started process (PID=78535) to work on /home/airflow/.local/lib/python3.12/site-packages/airflow/example_dags/example_trigger_controller_dag.py
[2024-10-26T07:10:34.303+0000] {processor.py:914} INFO - Processing file /home/airflow/.local/lib/python3.12/site-packages/airflow/example_dags/example_trigger_controller_dag.py for tasks to queue
[2024-10-26T07:10:34.304+0000] {logging_mixin.py:190} INFO - [2024-10-26T07:10:34.304+0000] {dagbag.py:588} INFO - Filling up the DagBag from /home/airflow/.local/lib/python3.12/site-packages/airflow/example_dags/example_trigger_controller_dag.py
[2024-10-26T07:10:34.308+0000] {processor.py:925} INFO - DAG(s) 'example_trigger_controller_dag' retrieved from /home/airflow/.local/lib/python3.12/site-packages/airflow/example_dags/example_trigger_controller_dag.py
[2024-10-26T07:10:34.317+0000] {logging_mixin.py:190} INFO - [2024-10-26T07:10:34.317+0000] {dag.py:3239} INFO - Sync 1 DAGs
[2024-10-26T07:10:34.329+0000] {logging_mixin.py:190} INFO - [2024-10-26T07:10:34.329+0000] {dag.py:4180} INFO - Setting next_dagrun for example_trigger_controller_dag to 2021-01-01 00:00:00+00:00, run_after=2021-01-01 00:00:00+00:00
[2024-10-26T07:10:34.344+0000] {processor.py:208} INFO - Processing /home/airflow/.local/lib/python3.12/site-packages/airflow/example_dags/example_trigger_controller_dag.py took 0.047 seconds
[2024-10-26T07:11:06.023+0000] {processor.py:186} INFO - Started process (PID=78833) to work on /home/airflow/.local/lib/python3.12/site-packages/airflow/example_dags/example_trigger_controller_dag.py
[2024-10-26T07:11:06.024+0000] {processor.py:914} INFO - Processing file /home/airflow/.local/lib/python3.12/site-packages/airflow/example_dags/example_trigger_controller_dag.py for tasks to queue
[2024-10-26T07:11:06.024+0000] {logging_mixin.py:190} INFO - [2024-10-26T07:11:06.024+0000] {dagbag.py:588} INFO - Filling up the DagBag from /home/airflow/.local/lib/python3.12/site-packages/airflow/example_dags/example_trigger_controller_dag.py
[2024-10-26T07:11:06.027+0000] {processor.py:925} INFO - DAG(s) 'example_trigger_controller_dag' retrieved from /home/airflow/.local/lib/python3.12/site-packages/airflow/example_dags/example_trigger_controller_dag.py
[2024-10-26T07:11:06.037+0000] {logging_mixin.py:190} INFO - [2024-10-26T07:11:06.037+0000] {dag.py:3239} INFO - Sync 1 DAGs
[2024-10-26T07:11:06.047+0000] {logging_mixin.py:190} INFO - [2024-10-26T07:11:06.047+0000] {dag.py:4180} INFO - Setting next_dagrun for example_trigger_controller_dag to 2021-01-01 00:00:00+00:00, run_after=2021-01-01 00:00:00+00:00
[2024-10-26T07:11:06.054+0000] {processor.py:208} INFO - Processing /home/airflow/.local/lib/python3.12/site-packages/airflow/example_dags/example_trigger_controller_dag.py took 0.033 seconds
[2024-10-26T07:11:36.400+0000] {processor.py:186} INFO - Started process (PID=79123) to work on /home/airflow/.local/lib/python3.12/site-packages/airflow/example_dags/example_trigger_controller_dag.py
[2024-10-26T07:11:36.400+0000] {processor.py:914} INFO - Processing file /home/airflow/.local/lib/python3.12/site-packages/airflow/example_dags/example_trigger_controller_dag.py for tasks to queue
[2024-10-26T07:11:36.401+0000] {logging_mixin.py:190} INFO - [2024-10-26T07:11:36.401+0000] {dagbag.py:588} INFO - Filling up the DagBag from /home/airflow/.local/lib/python3.12/site-packages/airflow/example_dags/example_trigger_controller_dag.py
[2024-10-26T07:11:36.407+0000] {processor.py:925} INFO - DAG(s) 'example_trigger_controller_dag' retrieved from /home/airflow/.local/lib/python3.12/site-packages/airflow/example_dags/example_trigger_controller_dag.py
[2024-10-26T07:11:36.426+0000] {logging_mixin.py:190} INFO - [2024-10-26T07:11:36.426+0000] {dag.py:3239} INFO - Sync 1 DAGs
[2024-10-26T07:11:36.454+0000] {logging_mixin.py:190} INFO - [2024-10-26T07:11:36.453+0000] {dag.py:4180} INFO - Setting next_dagrun for example_trigger_controller_dag to 2021-01-01 00:00:00+00:00, run_after=2021-01-01 00:00:00+00:00
[2024-10-26T07:11:36.466+0000] {processor.py:208} INFO - Processing /home/airflow/.local/lib/python3.12/site-packages/airflow/example_dags/example_trigger_controller_dag.py took 0.070 seconds
[2024-10-26T07:12:07.379+0000] {processor.py:186} INFO - Started process (PID=79413) to work on /home/airflow/.local/lib/python3.12/site-packages/airflow/example_dags/example_trigger_controller_dag.py
[2024-10-26T07:12:07.380+0000] {processor.py:914} INFO - Processing file /home/airflow/.local/lib/python3.12/site-packages/airflow/example_dags/example_trigger_controller_dag.py for tasks to queue
[2024-10-26T07:12:07.381+0000] {logging_mixin.py:190} INFO - [2024-10-26T07:12:07.381+0000] {dagbag.py:588} INFO - Filling up the DagBag from /home/airflow/.local/lib/python3.12/site-packages/airflow/example_dags/example_trigger_controller_dag.py
[2024-10-26T07:12:07.385+0000] {processor.py:925} INFO - DAG(s) 'example_trigger_controller_dag' retrieved from /home/airflow/.local/lib/python3.12/site-packages/airflow/example_dags/example_trigger_controller_dag.py
[2024-10-26T07:12:07.401+0000] {logging_mixin.py:190} INFO - [2024-10-26T07:12:07.401+0000] {dag.py:3239} INFO - Sync 1 DAGs
[2024-10-26T07:12:07.413+0000] {logging_mixin.py:190} INFO - [2024-10-26T07:12:07.413+0000] {dag.py:4180} INFO - Setting next_dagrun for example_trigger_controller_dag to 2021-01-01 00:00:00+00:00, run_after=2021-01-01 00:00:00+00:00
[2024-10-26T07:12:07.542+0000] {processor.py:208} INFO - Processing /home/airflow/.local/lib/python3.12/site-packages/airflow/example_dags/example_trigger_controller_dag.py took 0.167 seconds
[2024-10-26T07:12:38.232+0000] {processor.py:186} INFO - Started process (PID=79706) to work on /home/airflow/.local/lib/python3.12/site-packages/airflow/example_dags/example_trigger_controller_dag.py
[2024-10-26T07:12:38.233+0000] {processor.py:914} INFO - Processing file /home/airflow/.local/lib/python3.12/site-packages/airflow/example_dags/example_trigger_controller_dag.py for tasks to queue
[2024-10-26T07:12:38.233+0000] {logging_mixin.py:190} INFO - [2024-10-26T07:12:38.233+0000] {dagbag.py:588} INFO - Filling up the DagBag from /home/airflow/.local/lib/python3.12/site-packages/airflow/example_dags/example_trigger_controller_dag.py
[2024-10-26T07:12:38.237+0000] {processor.py:925} INFO - DAG(s) 'example_trigger_controller_dag' retrieved from /home/airflow/.local/lib/python3.12/site-packages/airflow/example_dags/example_trigger_controller_dag.py
[2024-10-26T07:12:38.247+0000] {logging_mixin.py:190} INFO - [2024-10-26T07:12:38.247+0000] {dag.py:3239} INFO - Sync 1 DAGs
[2024-10-26T07:12:38.258+0000] {logging_mixin.py:190} INFO - [2024-10-26T07:12:38.258+0000] {dag.py:4180} INFO - Setting next_dagrun for example_trigger_controller_dag to 2021-01-01 00:00:00+00:00, run_after=2021-01-01 00:00:00+00:00
[2024-10-26T07:12:38.272+0000] {processor.py:208} INFO - Processing /home/airflow/.local/lib/python3.12/site-packages/airflow/example_dags/example_trigger_controller_dag.py took 0.043 seconds
[2024-10-26T07:13:09.274+0000] {processor.py:186} INFO - Started process (PID=79994) to work on /home/airflow/.local/lib/python3.12/site-packages/airflow/example_dags/example_trigger_controller_dag.py
[2024-10-26T07:13:09.275+0000] {processor.py:914} INFO - Processing file /home/airflow/.local/lib/python3.12/site-packages/airflow/example_dags/example_trigger_controller_dag.py for tasks to queue
[2024-10-26T07:13:09.275+0000] {logging_mixin.py:190} INFO - [2024-10-26T07:13:09.275+0000] {dagbag.py:588} INFO - Filling up the DagBag from /home/airflow/.local/lib/python3.12/site-packages/airflow/example_dags/example_trigger_controller_dag.py
[2024-10-26T07:13:09.279+0000] {processor.py:925} INFO - DAG(s) 'example_trigger_controller_dag' retrieved from /home/airflow/.local/lib/python3.12/site-packages/airflow/example_dags/example_trigger_controller_dag.py
[2024-10-26T07:13:09.291+0000] {logging_mixin.py:190} INFO - [2024-10-26T07:13:09.290+0000] {dag.py:3239} INFO - Sync 1 DAGs
[2024-10-26T07:13:09.304+0000] {logging_mixin.py:190} INFO - [2024-10-26T07:13:09.304+0000] {dag.py:4180} INFO - Setting next_dagrun for example_trigger_controller_dag to 2021-01-01 00:00:00+00:00, run_after=2021-01-01 00:00:00+00:00
[2024-10-26T07:13:09.319+0000] {processor.py:208} INFO - Processing /home/airflow/.local/lib/python3.12/site-packages/airflow/example_dags/example_trigger_controller_dag.py took 0.049 seconds
[2024-10-26T07:13:39.946+0000] {processor.py:186} INFO - Started process (PID=80287) to work on /home/airflow/.local/lib/python3.12/site-packages/airflow/example_dags/example_trigger_controller_dag.py
[2024-10-26T07:13:39.946+0000] {processor.py:914} INFO - Processing file /home/airflow/.local/lib/python3.12/site-packages/airflow/example_dags/example_trigger_controller_dag.py for tasks to queue
[2024-10-26T07:13:39.947+0000] {logging_mixin.py:190} INFO - [2024-10-26T07:13:39.947+0000] {dagbag.py:588} INFO - Filling up the DagBag from /home/airflow/.local/lib/python3.12/site-packages/airflow/example_dags/example_trigger_controller_dag.py
[2024-10-26T07:13:39.951+0000] {processor.py:925} INFO - DAG(s) 'example_trigger_controller_dag' retrieved from /home/airflow/.local/lib/python3.12/site-packages/airflow/example_dags/example_trigger_controller_dag.py
[2024-10-26T07:13:39.966+0000] {logging_mixin.py:190} INFO - [2024-10-26T07:13:39.966+0000] {dag.py:3239} INFO - Sync 1 DAGs
[2024-10-26T07:13:39.979+0000] {logging_mixin.py:190} INFO - [2024-10-26T07:13:39.978+0000] {dag.py:4180} INFO - Setting next_dagrun for example_trigger_controller_dag to 2021-01-01 00:00:00+00:00, run_after=2021-01-01 00:00:00+00:00
[2024-10-26T07:13:39.995+0000] {processor.py:208} INFO - Processing /home/airflow/.local/lib/python3.12/site-packages/airflow/example_dags/example_trigger_controller_dag.py took 0.052 seconds
[2024-10-26T07:14:11.511+0000] {processor.py:186} INFO - Started process (PID=80576) to work on /home/airflow/.local/lib/python3.12/site-packages/airflow/example_dags/example_trigger_controller_dag.py
[2024-10-26T07:14:11.512+0000] {processor.py:914} INFO - Processing file /home/airflow/.local/lib/python3.12/site-packages/airflow/example_dags/example_trigger_controller_dag.py for tasks to queue
[2024-10-26T07:14:11.514+0000] {logging_mixin.py:190} INFO - [2024-10-26T07:14:11.514+0000] {dagbag.py:588} INFO - Filling up the DagBag from /home/airflow/.local/lib/python3.12/site-packages/airflow/example_dags/example_trigger_controller_dag.py
[2024-10-26T07:14:11.518+0000] {processor.py:925} INFO - DAG(s) 'example_trigger_controller_dag' retrieved from /home/airflow/.local/lib/python3.12/site-packages/airflow/example_dags/example_trigger_controller_dag.py
[2024-10-26T07:14:11.533+0000] {logging_mixin.py:190} INFO - [2024-10-26T07:14:11.533+0000] {dag.py:3239} INFO - Sync 1 DAGs
[2024-10-26T07:14:11.679+0000] {logging_mixin.py:190} INFO - [2024-10-26T07:14:11.679+0000] {dag.py:4180} INFO - Setting next_dagrun for example_trigger_controller_dag to 2021-01-01 00:00:00+00:00, run_after=2021-01-01 00:00:00+00:00
[2024-10-26T07:14:11.695+0000] {processor.py:208} INFO - Processing /home/airflow/.local/lib/python3.12/site-packages/airflow/example_dags/example_trigger_controller_dag.py took 0.188 seconds
[2024-10-26T07:14:43.283+0000] {processor.py:186} INFO - Started process (PID=80867) to work on /home/airflow/.local/lib/python3.12/site-packages/airflow/example_dags/example_trigger_controller_dag.py
[2024-10-26T07:14:43.284+0000] {processor.py:914} INFO - Processing file /home/airflow/.local/lib/python3.12/site-packages/airflow/example_dags/example_trigger_controller_dag.py for tasks to queue
[2024-10-26T07:14:43.288+0000] {logging_mixin.py:190} INFO - [2024-10-26T07:14:43.288+0000] {dagbag.py:588} INFO - Filling up the DagBag from /home/airflow/.local/lib/python3.12/site-packages/airflow/example_dags/example_trigger_controller_dag.py
[2024-10-26T07:14:43.292+0000] {processor.py:925} INFO - DAG(s) 'example_trigger_controller_dag' retrieved from /home/airflow/.local/lib/python3.12/site-packages/airflow/example_dags/example_trigger_controller_dag.py
[2024-10-26T07:14:43.303+0000] {logging_mixin.py:190} INFO - [2024-10-26T07:14:43.303+0000] {dag.py:3239} INFO - Sync 1 DAGs
[2024-10-26T07:14:43.444+0000] {logging_mixin.py:190} INFO - [2024-10-26T07:14:43.443+0000] {dag.py:4180} INFO - Setting next_dagrun for example_trigger_controller_dag to 2021-01-01 00:00:00+00:00, run_after=2021-01-01 00:00:00+00:00
[2024-10-26T07:14:43.456+0000] {processor.py:208} INFO - Processing /home/airflow/.local/lib/python3.12/site-packages/airflow/example_dags/example_trigger_controller_dag.py took 0.175 seconds
[2024-10-26T07:15:13.858+0000] {processor.py:186} INFO - Started process (PID=81158) to work on /home/airflow/.local/lib/python3.12/site-packages/airflow/example_dags/example_trigger_controller_dag.py
[2024-10-26T07:15:13.859+0000] {processor.py:914} INFO - Processing file /home/airflow/.local/lib/python3.12/site-packages/airflow/example_dags/example_trigger_controller_dag.py for tasks to queue
[2024-10-26T07:15:13.861+0000] {logging_mixin.py:190} INFO - [2024-10-26T07:15:13.861+0000] {dagbag.py:588} INFO - Filling up the DagBag from /home/airflow/.local/lib/python3.12/site-packages/airflow/example_dags/example_trigger_controller_dag.py
[2024-10-26T07:15:13.866+0000] {processor.py:925} INFO - DAG(s) 'example_trigger_controller_dag' retrieved from /home/airflow/.local/lib/python3.12/site-packages/airflow/example_dags/example_trigger_controller_dag.py
[2024-10-26T07:15:13.880+0000] {logging_mixin.py:190} INFO - [2024-10-26T07:15:13.880+0000] {dag.py:3239} INFO - Sync 1 DAGs
[2024-10-26T07:15:13.892+0000] {logging_mixin.py:190} INFO - [2024-10-26T07:15:13.892+0000] {dag.py:4180} INFO - Setting next_dagrun for example_trigger_controller_dag to 2021-01-01 00:00:00+00:00, run_after=2021-01-01 00:00:00+00:00
[2024-10-26T07:15:13.906+0000] {processor.py:208} INFO - Processing /home/airflow/.local/lib/python3.12/site-packages/airflow/example_dags/example_trigger_controller_dag.py took 0.051 seconds
[2024-10-26T07:15:44.003+0000] {processor.py:186} INFO - Started process (PID=81449) to work on /home/airflow/.local/lib/python3.12/site-packages/airflow/example_dags/example_trigger_controller_dag.py
[2024-10-26T07:15:44.003+0000] {processor.py:914} INFO - Processing file /home/airflow/.local/lib/python3.12/site-packages/airflow/example_dags/example_trigger_controller_dag.py for tasks to queue
[2024-10-26T07:15:44.004+0000] {logging_mixin.py:190} INFO - [2024-10-26T07:15:44.004+0000] {dagbag.py:588} INFO - Filling up the DagBag from /home/airflow/.local/lib/python3.12/site-packages/airflow/example_dags/example_trigger_controller_dag.py
[2024-10-26T07:15:44.008+0000] {processor.py:925} INFO - DAG(s) 'example_trigger_controller_dag' retrieved from /home/airflow/.local/lib/python3.12/site-packages/airflow/example_dags/example_trigger_controller_dag.py
[2024-10-26T07:15:44.019+0000] {logging_mixin.py:190} INFO - [2024-10-26T07:15:44.019+0000] {dag.py:3239} INFO - Sync 1 DAGs
[2024-10-26T07:15:44.030+0000] {logging_mixin.py:190} INFO - [2024-10-26T07:15:44.030+0000] {dag.py:4180} INFO - Setting next_dagrun for example_trigger_controller_dag to 2021-01-01 00:00:00+00:00, run_after=2021-01-01 00:00:00+00:00
[2024-10-26T07:15:44.041+0000] {processor.py:208} INFO - Processing /home/airflow/.local/lib/python3.12/site-packages/airflow/example_dags/example_trigger_controller_dag.py took 0.043 seconds
[2024-10-26T07:16:15.680+0000] {processor.py:186} INFO - Started process (PID=81740) to work on /home/airflow/.local/lib/python3.12/site-packages/airflow/example_dags/example_trigger_controller_dag.py
[2024-10-26T07:16:15.682+0000] {processor.py:914} INFO - Processing file /home/airflow/.local/lib/python3.12/site-packages/airflow/example_dags/example_trigger_controller_dag.py for tasks to queue
[2024-10-26T07:16:15.685+0000] {logging_mixin.py:190} INFO - [2024-10-26T07:16:15.684+0000] {dagbag.py:588} INFO - Filling up the DagBag from /home/airflow/.local/lib/python3.12/site-packages/airflow/example_dags/example_trigger_controller_dag.py
[2024-10-26T07:16:15.702+0000] {processor.py:925} INFO - DAG(s) 'example_trigger_controller_dag' retrieved from /home/airflow/.local/lib/python3.12/site-packages/airflow/example_dags/example_trigger_controller_dag.py
[2024-10-26T07:16:15.751+0000] {logging_mixin.py:190} INFO - [2024-10-26T07:16:15.750+0000] {dag.py:3239} INFO - Sync 1 DAGs
[2024-10-26T07:16:15.774+0000] {logging_mixin.py:190} INFO - [2024-10-26T07:16:15.774+0000] {dag.py:4180} INFO - Setting next_dagrun for example_trigger_controller_dag to 2021-01-01 00:00:00+00:00, run_after=2021-01-01 00:00:00+00:00
[2024-10-26T07:16:15.792+0000] {processor.py:208} INFO - Processing /home/airflow/.local/lib/python3.12/site-packages/airflow/example_dags/example_trigger_controller_dag.py took 0.127 seconds
[2024-10-26T07:16:46.411+0000] {processor.py:186} INFO - Started process (PID=82031) to work on /home/airflow/.local/lib/python3.12/site-packages/airflow/example_dags/example_trigger_controller_dag.py
[2024-10-26T07:16:46.412+0000] {processor.py:914} INFO - Processing file /home/airflow/.local/lib/python3.12/site-packages/airflow/example_dags/example_trigger_controller_dag.py for tasks to queue
[2024-10-26T07:16:46.413+0000] {logging_mixin.py:190} INFO - [2024-10-26T07:16:46.413+0000] {dagbag.py:588} INFO - Filling up the DagBag from /home/airflow/.local/lib/python3.12/site-packages/airflow/example_dags/example_trigger_controller_dag.py
[2024-10-26T07:16:46.416+0000] {processor.py:925} INFO - DAG(s) 'example_trigger_controller_dag' retrieved from /home/airflow/.local/lib/python3.12/site-packages/airflow/example_dags/example_trigger_controller_dag.py
[2024-10-26T07:16:46.430+0000] {logging_mixin.py:190} INFO - [2024-10-26T07:16:46.430+0000] {dag.py:3239} INFO - Sync 1 DAGs
[2024-10-26T07:16:46.442+0000] {logging_mixin.py:190} INFO - [2024-10-26T07:16:46.442+0000] {dag.py:4180} INFO - Setting next_dagrun for example_trigger_controller_dag to 2021-01-01 00:00:00+00:00, run_after=2021-01-01 00:00:00+00:00
[2024-10-26T07:16:46.451+0000] {processor.py:208} INFO - Processing /home/airflow/.local/lib/python3.12/site-packages/airflow/example_dags/example_trigger_controller_dag.py took 0.042 seconds
[2024-10-26T07:17:17.139+0000] {processor.py:186} INFO - Started process (PID=82321) to work on /home/airflow/.local/lib/python3.12/site-packages/airflow/example_dags/example_trigger_controller_dag.py
[2024-10-26T07:17:17.142+0000] {processor.py:914} INFO - Processing file /home/airflow/.local/lib/python3.12/site-packages/airflow/example_dags/example_trigger_controller_dag.py for tasks to queue
[2024-10-26T07:17:17.144+0000] {logging_mixin.py:190} INFO - [2024-10-26T07:17:17.144+0000] {dagbag.py:588} INFO - Filling up the DagBag from /home/airflow/.local/lib/python3.12/site-packages/airflow/example_dags/example_trigger_controller_dag.py
[2024-10-26T07:17:17.149+0000] {processor.py:925} INFO - DAG(s) 'example_trigger_controller_dag' retrieved from /home/airflow/.local/lib/python3.12/site-packages/airflow/example_dags/example_trigger_controller_dag.py
[2024-10-26T07:17:17.167+0000] {logging_mixin.py:190} INFO - [2024-10-26T07:17:17.167+0000] {dag.py:3239} INFO - Sync 1 DAGs
[2024-10-26T07:17:17.180+0000] {logging_mixin.py:190} INFO - [2024-10-26T07:17:17.180+0000] {dag.py:4180} INFO - Setting next_dagrun for example_trigger_controller_dag to 2021-01-01 00:00:00+00:00, run_after=2021-01-01 00:00:00+00:00
[2024-10-26T07:17:17.191+0000] {processor.py:208} INFO - Processing /home/airflow/.local/lib/python3.12/site-packages/airflow/example_dags/example_trigger_controller_dag.py took 0.056 seconds
[2024-10-26T07:17:47.262+0000] {processor.py:186} INFO - Started process (PID=82612) to work on /home/airflow/.local/lib/python3.12/site-packages/airflow/example_dags/example_trigger_controller_dag.py
[2024-10-26T07:17:47.264+0000] {processor.py:914} INFO - Processing file /home/airflow/.local/lib/python3.12/site-packages/airflow/example_dags/example_trigger_controller_dag.py for tasks to queue
[2024-10-26T07:17:47.265+0000] {logging_mixin.py:190} INFO - [2024-10-26T07:17:47.265+0000] {dagbag.py:588} INFO - Filling up the DagBag from /home/airflow/.local/lib/python3.12/site-packages/airflow/example_dags/example_trigger_controller_dag.py
[2024-10-26T07:17:47.271+0000] {processor.py:925} INFO - DAG(s) 'example_trigger_controller_dag' retrieved from /home/airflow/.local/lib/python3.12/site-packages/airflow/example_dags/example_trigger_controller_dag.py
[2024-10-26T07:17:47.284+0000] {logging_mixin.py:190} INFO - [2024-10-26T07:17:47.284+0000] {dag.py:3239} INFO - Sync 1 DAGs
[2024-10-26T07:17:47.298+0000] {logging_mixin.py:190} INFO - [2024-10-26T07:17:47.298+0000] {dag.py:4180} INFO - Setting next_dagrun for example_trigger_controller_dag to 2021-01-01 00:00:00+00:00, run_after=2021-01-01 00:00:00+00:00
[2024-10-26T07:17:47.305+0000] {processor.py:208} INFO - Processing /home/airflow/.local/lib/python3.12/site-packages/airflow/example_dags/example_trigger_controller_dag.py took 0.046 seconds
[2024-10-26T07:18:17.571+0000] {processor.py:186} INFO - Started process (PID=82905) to work on /home/airflow/.local/lib/python3.12/site-packages/airflow/example_dags/example_trigger_controller_dag.py
[2024-10-26T07:18:17.571+0000] {processor.py:914} INFO - Processing file /home/airflow/.local/lib/python3.12/site-packages/airflow/example_dags/example_trigger_controller_dag.py for tasks to queue
[2024-10-26T07:18:17.572+0000] {logging_mixin.py:190} INFO - [2024-10-26T07:18:17.572+0000] {dagbag.py:588} INFO - Filling up the DagBag from /home/airflow/.local/lib/python3.12/site-packages/airflow/example_dags/example_trigger_controller_dag.py
[2024-10-26T07:18:17.576+0000] {processor.py:925} INFO - DAG(s) 'example_trigger_controller_dag' retrieved from /home/airflow/.local/lib/python3.12/site-packages/airflow/example_dags/example_trigger_controller_dag.py
[2024-10-26T07:18:17.592+0000] {logging_mixin.py:190} INFO - [2024-10-26T07:18:17.592+0000] {dag.py:3239} INFO - Sync 1 DAGs
[2024-10-26T07:18:17.605+0000] {logging_mixin.py:190} INFO - [2024-10-26T07:18:17.605+0000] {dag.py:4180} INFO - Setting next_dagrun for example_trigger_controller_dag to 2021-01-01 00:00:00+00:00, run_after=2021-01-01 00:00:00+00:00
[2024-10-26T07:18:17.619+0000] {processor.py:208} INFO - Processing /home/airflow/.local/lib/python3.12/site-packages/airflow/example_dags/example_trigger_controller_dag.py took 0.052 seconds
[2024-10-26T07:18:48.573+0000] {processor.py:186} INFO - Started process (PID=83194) to work on /home/airflow/.local/lib/python3.12/site-packages/airflow/example_dags/example_trigger_controller_dag.py
[2024-10-26T07:18:48.573+0000] {processor.py:914} INFO - Processing file /home/airflow/.local/lib/python3.12/site-packages/airflow/example_dags/example_trigger_controller_dag.py for tasks to queue
[2024-10-26T07:18:48.574+0000] {logging_mixin.py:190} INFO - [2024-10-26T07:18:48.574+0000] {dagbag.py:588} INFO - Filling up the DagBag from /home/airflow/.local/lib/python3.12/site-packages/airflow/example_dags/example_trigger_controller_dag.py
[2024-10-26T07:18:48.577+0000] {processor.py:925} INFO - DAG(s) 'example_trigger_controller_dag' retrieved from /home/airflow/.local/lib/python3.12/site-packages/airflow/example_dags/example_trigger_controller_dag.py
[2024-10-26T07:18:48.587+0000] {logging_mixin.py:190} INFO - [2024-10-26T07:18:48.587+0000] {dag.py:3239} INFO - Sync 1 DAGs
[2024-10-26T07:18:48.599+0000] {logging_mixin.py:190} INFO - [2024-10-26T07:18:48.599+0000] {dag.py:4180} INFO - Setting next_dagrun for example_trigger_controller_dag to 2021-01-01 00:00:00+00:00, run_after=2021-01-01 00:00:00+00:00
[2024-10-26T07:18:48.608+0000] {processor.py:208} INFO - Processing /home/airflow/.local/lib/python3.12/site-packages/airflow/example_dags/example_trigger_controller_dag.py took 0.038 seconds
[2024-10-26T07:19:18.979+0000] {processor.py:186} INFO - Started process (PID=83484) to work on /home/airflow/.local/lib/python3.12/site-packages/airflow/example_dags/example_trigger_controller_dag.py
[2024-10-26T07:19:18.979+0000] {processor.py:914} INFO - Processing file /home/airflow/.local/lib/python3.12/site-packages/airflow/example_dags/example_trigger_controller_dag.py for tasks to queue
[2024-10-26T07:19:18.980+0000] {logging_mixin.py:190} INFO - [2024-10-26T07:19:18.980+0000] {dagbag.py:588} INFO - Filling up the DagBag from /home/airflow/.local/lib/python3.12/site-packages/airflow/example_dags/example_trigger_controller_dag.py
[2024-10-26T07:19:18.983+0000] {processor.py:925} INFO - DAG(s) 'example_trigger_controller_dag' retrieved from /home/airflow/.local/lib/python3.12/site-packages/airflow/example_dags/example_trigger_controller_dag.py
[2024-10-26T07:19:18.993+0000] {logging_mixin.py:190} INFO - [2024-10-26T07:19:18.993+0000] {dag.py:3239} INFO - Sync 1 DAGs
[2024-10-26T07:19:19.007+0000] {logging_mixin.py:190} INFO - [2024-10-26T07:19:19.007+0000] {dag.py:4180} INFO - Setting next_dagrun for example_trigger_controller_dag to 2021-01-01 00:00:00+00:00, run_after=2021-01-01 00:00:00+00:00
[2024-10-26T07:19:19.024+0000] {processor.py:208} INFO - Processing /home/airflow/.local/lib/python3.12/site-packages/airflow/example_dags/example_trigger_controller_dag.py took 0.049 seconds
[2024-10-26T07:19:50.962+0000] {processor.py:186} INFO - Started process (PID=83775) to work on /home/airflow/.local/lib/python3.12/site-packages/airflow/example_dags/example_trigger_controller_dag.py
[2024-10-26T07:19:50.963+0000] {processor.py:914} INFO - Processing file /home/airflow/.local/lib/python3.12/site-packages/airflow/example_dags/example_trigger_controller_dag.py for tasks to queue
[2024-10-26T07:19:50.965+0000] {logging_mixin.py:190} INFO - [2024-10-26T07:19:50.965+0000] {dagbag.py:588} INFO - Filling up the DagBag from /home/airflow/.local/lib/python3.12/site-packages/airflow/example_dags/example_trigger_controller_dag.py
[2024-10-26T07:19:50.970+0000] {processor.py:925} INFO - DAG(s) 'example_trigger_controller_dag' retrieved from /home/airflow/.local/lib/python3.12/site-packages/airflow/example_dags/example_trigger_controller_dag.py
[2024-10-26T07:19:50.982+0000] {logging_mixin.py:190} INFO - [2024-10-26T07:19:50.982+0000] {dag.py:3239} INFO - Sync 1 DAGs
[2024-10-26T07:19:50.994+0000] {logging_mixin.py:190} INFO - [2024-10-26T07:19:50.994+0000] {dag.py:4180} INFO - Setting next_dagrun for example_trigger_controller_dag to 2021-01-01 00:00:00+00:00, run_after=2021-01-01 00:00:00+00:00
[2024-10-26T07:19:51.007+0000] {processor.py:208} INFO - Processing /home/airflow/.local/lib/python3.12/site-packages/airflow/example_dags/example_trigger_controller_dag.py took 0.048 seconds
[2024-10-26T07:20:21.752+0000] {processor.py:186} INFO - Started process (PID=84066) to work on /home/airflow/.local/lib/python3.12/site-packages/airflow/example_dags/example_trigger_controller_dag.py
[2024-10-26T07:20:21.754+0000] {processor.py:914} INFO - Processing file /home/airflow/.local/lib/python3.12/site-packages/airflow/example_dags/example_trigger_controller_dag.py for tasks to queue
[2024-10-26T07:20:21.755+0000] {logging_mixin.py:190} INFO - [2024-10-26T07:20:21.754+0000] {dagbag.py:588} INFO - Filling up the DagBag from /home/airflow/.local/lib/python3.12/site-packages/airflow/example_dags/example_trigger_controller_dag.py
[2024-10-26T07:20:21.759+0000] {processor.py:925} INFO - DAG(s) 'example_trigger_controller_dag' retrieved from /home/airflow/.local/lib/python3.12/site-packages/airflow/example_dags/example_trigger_controller_dag.py
[2024-10-26T07:20:21.791+0000] {logging_mixin.py:190} INFO - [2024-10-26T07:20:21.791+0000] {dag.py:3239} INFO - Sync 1 DAGs
[2024-10-26T07:20:21.806+0000] {logging_mixin.py:190} INFO - [2024-10-26T07:20:21.806+0000] {dag.py:4180} INFO - Setting next_dagrun for example_trigger_controller_dag to 2021-01-01 00:00:00+00:00, run_after=2021-01-01 00:00:00+00:00
[2024-10-26T07:20:21.821+0000] {processor.py:208} INFO - Processing /home/airflow/.local/lib/python3.12/site-packages/airflow/example_dags/example_trigger_controller_dag.py took 0.076 seconds
[2024-10-26T07:20:52.269+0000] {processor.py:186} INFO - Started process (PID=84357) to work on /home/airflow/.local/lib/python3.12/site-packages/airflow/example_dags/example_trigger_controller_dag.py
[2024-10-26T07:20:52.270+0000] {processor.py:914} INFO - Processing file /home/airflow/.local/lib/python3.12/site-packages/airflow/example_dags/example_trigger_controller_dag.py for tasks to queue
[2024-10-26T07:20:52.273+0000] {logging_mixin.py:190} INFO - [2024-10-26T07:20:52.272+0000] {dagbag.py:588} INFO - Filling up the DagBag from /home/airflow/.local/lib/python3.12/site-packages/airflow/example_dags/example_trigger_controller_dag.py
[2024-10-26T07:20:52.279+0000] {processor.py:925} INFO - DAG(s) 'example_trigger_controller_dag' retrieved from /home/airflow/.local/lib/python3.12/site-packages/airflow/example_dags/example_trigger_controller_dag.py
[2024-10-26T07:20:52.298+0000] {logging_mixin.py:190} INFO - [2024-10-26T07:20:52.298+0000] {dag.py:3239} INFO - Sync 1 DAGs
[2024-10-26T07:20:52.316+0000] {logging_mixin.py:190} INFO - [2024-10-26T07:20:52.316+0000] {dag.py:4180} INFO - Setting next_dagrun for example_trigger_controller_dag to 2021-01-01 00:00:00+00:00, run_after=2021-01-01 00:00:00+00:00
[2024-10-26T07:20:52.342+0000] {processor.py:208} INFO - Processing /home/airflow/.local/lib/python3.12/site-packages/airflow/example_dags/example_trigger_controller_dag.py took 0.078 seconds
[2024-10-26T07:21:23.026+0000] {processor.py:186} INFO - Started process (PID=84650) to work on /home/airflow/.local/lib/python3.12/site-packages/airflow/example_dags/example_trigger_controller_dag.py
[2024-10-26T07:21:23.027+0000] {processor.py:914} INFO - Processing file /home/airflow/.local/lib/python3.12/site-packages/airflow/example_dags/example_trigger_controller_dag.py for tasks to queue
[2024-10-26T07:21:23.028+0000] {logging_mixin.py:190} INFO - [2024-10-26T07:21:23.027+0000] {dagbag.py:588} INFO - Filling up the DagBag from /home/airflow/.local/lib/python3.12/site-packages/airflow/example_dags/example_trigger_controller_dag.py
[2024-10-26T07:21:23.031+0000] {processor.py:925} INFO - DAG(s) 'example_trigger_controller_dag' retrieved from /home/airflow/.local/lib/python3.12/site-packages/airflow/example_dags/example_trigger_controller_dag.py
[2024-10-26T07:21:23.041+0000] {logging_mixin.py:190} INFO - [2024-10-26T07:21:23.041+0000] {dag.py:3239} INFO - Sync 1 DAGs
[2024-10-26T07:21:23.053+0000] {logging_mixin.py:190} INFO - [2024-10-26T07:21:23.053+0000] {dag.py:4180} INFO - Setting next_dagrun for example_trigger_controller_dag to 2021-01-01 00:00:00+00:00, run_after=2021-01-01 00:00:00+00:00
[2024-10-26T07:21:23.065+0000] {processor.py:208} INFO - Processing /home/airflow/.local/lib/python3.12/site-packages/airflow/example_dags/example_trigger_controller_dag.py took 0.041 seconds
[2024-10-26T07:21:54.808+0000] {processor.py:186} INFO - Started process (PID=84939) to work on /home/airflow/.local/lib/python3.12/site-packages/airflow/example_dags/example_trigger_controller_dag.py
[2024-10-26T07:21:54.810+0000] {processor.py:914} INFO - Processing file /home/airflow/.local/lib/python3.12/site-packages/airflow/example_dags/example_trigger_controller_dag.py for tasks to queue
[2024-10-26T07:21:54.811+0000] {logging_mixin.py:190} INFO - [2024-10-26T07:21:54.810+0000] {dagbag.py:588} INFO - Filling up the DagBag from /home/airflow/.local/lib/python3.12/site-packages/airflow/example_dags/example_trigger_controller_dag.py
[2024-10-26T07:21:54.814+0000] {processor.py:925} INFO - DAG(s) 'example_trigger_controller_dag' retrieved from /home/airflow/.local/lib/python3.12/site-packages/airflow/example_dags/example_trigger_controller_dag.py
[2024-10-26T07:21:54.825+0000] {logging_mixin.py:190} INFO - [2024-10-26T07:21:54.825+0000] {dag.py:3239} INFO - Sync 1 DAGs
[2024-10-26T07:21:54.838+0000] {logging_mixin.py:190} INFO - [2024-10-26T07:21:54.838+0000] {dag.py:4180} INFO - Setting next_dagrun for example_trigger_controller_dag to 2021-01-01 00:00:00+00:00, run_after=2021-01-01 00:00:00+00:00
[2024-10-26T07:21:54.852+0000] {processor.py:208} INFO - Processing /home/airflow/.local/lib/python3.12/site-packages/airflow/example_dags/example_trigger_controller_dag.py took 0.047 seconds
[2024-10-26T07:22:25.829+0000] {processor.py:186} INFO - Started process (PID=85230) to work on /home/airflow/.local/lib/python3.12/site-packages/airflow/example_dags/example_trigger_controller_dag.py
[2024-10-26T07:22:25.833+0000] {processor.py:914} INFO - Processing file /home/airflow/.local/lib/python3.12/site-packages/airflow/example_dags/example_trigger_controller_dag.py for tasks to queue
[2024-10-26T07:22:25.835+0000] {logging_mixin.py:190} INFO - [2024-10-26T07:22:25.835+0000] {dagbag.py:588} INFO - Filling up the DagBag from /home/airflow/.local/lib/python3.12/site-packages/airflow/example_dags/example_trigger_controller_dag.py
[2024-10-26T07:22:25.839+0000] {processor.py:925} INFO - DAG(s) 'example_trigger_controller_dag' retrieved from /home/airflow/.local/lib/python3.12/site-packages/airflow/example_dags/example_trigger_controller_dag.py
[2024-10-26T07:22:25.855+0000] {logging_mixin.py:190} INFO - [2024-10-26T07:22:25.855+0000] {dag.py:3239} INFO - Sync 1 DAGs
[2024-10-26T07:22:25.865+0000] {logging_mixin.py:190} INFO - [2024-10-26T07:22:25.865+0000] {dag.py:4180} INFO - Setting next_dagrun for example_trigger_controller_dag to 2021-01-01 00:00:00+00:00, run_after=2021-01-01 00:00:00+00:00
[2024-10-26T07:22:25.875+0000] {processor.py:208} INFO - Processing /home/airflow/.local/lib/python3.12/site-packages/airflow/example_dags/example_trigger_controller_dag.py took 0.048 seconds
[2024-10-26T07:22:56.582+0000] {processor.py:186} INFO - Started process (PID=85521) to work on /home/airflow/.local/lib/python3.12/site-packages/airflow/example_dags/example_trigger_controller_dag.py
[2024-10-26T07:22:56.582+0000] {processor.py:914} INFO - Processing file /home/airflow/.local/lib/python3.12/site-packages/airflow/example_dags/example_trigger_controller_dag.py for tasks to queue
[2024-10-26T07:22:56.583+0000] {logging_mixin.py:190} INFO - [2024-10-26T07:22:56.583+0000] {dagbag.py:588} INFO - Filling up the DagBag from /home/airflow/.local/lib/python3.12/site-packages/airflow/example_dags/example_trigger_controller_dag.py
[2024-10-26T07:22:56.587+0000] {processor.py:925} INFO - DAG(s) 'example_trigger_controller_dag' retrieved from /home/airflow/.local/lib/python3.12/site-packages/airflow/example_dags/example_trigger_controller_dag.py
[2024-10-26T07:22:56.597+0000] {logging_mixin.py:190} INFO - [2024-10-26T07:22:56.597+0000] {dag.py:3239} INFO - Sync 1 DAGs
[2024-10-26T07:22:56.611+0000] {logging_mixin.py:190} INFO - [2024-10-26T07:22:56.610+0000] {dag.py:4180} INFO - Setting next_dagrun for example_trigger_controller_dag to 2021-01-01 00:00:00+00:00, run_after=2021-01-01 00:00:00+00:00
[2024-10-26T07:22:56.620+0000] {processor.py:208} INFO - Processing /home/airflow/.local/lib/python3.12/site-packages/airflow/example_dags/example_trigger_controller_dag.py took 0.042 seconds
[2024-10-26T07:23:27.365+0000] {processor.py:186} INFO - Started process (PID=85812) to work on /home/airflow/.local/lib/python3.12/site-packages/airflow/example_dags/example_trigger_controller_dag.py
[2024-10-26T07:23:27.366+0000] {processor.py:914} INFO - Processing file /home/airflow/.local/lib/python3.12/site-packages/airflow/example_dags/example_trigger_controller_dag.py for tasks to queue
[2024-10-26T07:23:27.367+0000] {logging_mixin.py:190} INFO - [2024-10-26T07:23:27.367+0000] {dagbag.py:588} INFO - Filling up the DagBag from /home/airflow/.local/lib/python3.12/site-packages/airflow/example_dags/example_trigger_controller_dag.py
[2024-10-26T07:23:27.371+0000] {processor.py:925} INFO - DAG(s) 'example_trigger_controller_dag' retrieved from /home/airflow/.local/lib/python3.12/site-packages/airflow/example_dags/example_trigger_controller_dag.py
[2024-10-26T07:23:27.384+0000] {logging_mixin.py:190} INFO - [2024-10-26T07:23:27.383+0000] {dag.py:3239} INFO - Sync 1 DAGs
[2024-10-26T07:23:27.394+0000] {logging_mixin.py:190} INFO - [2024-10-26T07:23:27.394+0000] {dag.py:4180} INFO - Setting next_dagrun for example_trigger_controller_dag to 2021-01-01 00:00:00+00:00, run_after=2021-01-01 00:00:00+00:00
[2024-10-26T07:23:27.403+0000] {processor.py:208} INFO - Processing /home/airflow/.local/lib/python3.12/site-packages/airflow/example_dags/example_trigger_controller_dag.py took 0.041 seconds
[2024-10-26T07:23:58.237+0000] {processor.py:186} INFO - Started process (PID=86103) to work on /home/airflow/.local/lib/python3.12/site-packages/airflow/example_dags/example_trigger_controller_dag.py
[2024-10-26T07:23:58.238+0000] {processor.py:914} INFO - Processing file /home/airflow/.local/lib/python3.12/site-packages/airflow/example_dags/example_trigger_controller_dag.py for tasks to queue
[2024-10-26T07:23:58.239+0000] {logging_mixin.py:190} INFO - [2024-10-26T07:23:58.239+0000] {dagbag.py:588} INFO - Filling up the DagBag from /home/airflow/.local/lib/python3.12/site-packages/airflow/example_dags/example_trigger_controller_dag.py
[2024-10-26T07:23:58.243+0000] {processor.py:925} INFO - DAG(s) 'example_trigger_controller_dag' retrieved from /home/airflow/.local/lib/python3.12/site-packages/airflow/example_dags/example_trigger_controller_dag.py
[2024-10-26T07:23:58.252+0000] {logging_mixin.py:190} INFO - [2024-10-26T07:23:58.252+0000] {dag.py:3239} INFO - Sync 1 DAGs
[2024-10-26T07:23:58.263+0000] {logging_mixin.py:190} INFO - [2024-10-26T07:23:58.263+0000] {dag.py:4180} INFO - Setting next_dagrun for example_trigger_controller_dag to 2021-01-01 00:00:00+00:00, run_after=2021-01-01 00:00:00+00:00
[2024-10-26T07:23:58.276+0000] {processor.py:208} INFO - Processing /home/airflow/.local/lib/python3.12/site-packages/airflow/example_dags/example_trigger_controller_dag.py took 0.042 seconds
[2024-10-26T07:24:29.102+0000] {processor.py:186} INFO - Started process (PID=86394) to work on /home/airflow/.local/lib/python3.12/site-packages/airflow/example_dags/example_trigger_controller_dag.py
[2024-10-26T07:24:29.103+0000] {processor.py:914} INFO - Processing file /home/airflow/.local/lib/python3.12/site-packages/airflow/example_dags/example_trigger_controller_dag.py for tasks to queue
[2024-10-26T07:24:29.104+0000] {logging_mixin.py:190} INFO - [2024-10-26T07:24:29.104+0000] {dagbag.py:588} INFO - Filling up the DagBag from /home/airflow/.local/lib/python3.12/site-packages/airflow/example_dags/example_trigger_controller_dag.py
[2024-10-26T07:24:29.108+0000] {processor.py:925} INFO - DAG(s) 'example_trigger_controller_dag' retrieved from /home/airflow/.local/lib/python3.12/site-packages/airflow/example_dags/example_trigger_controller_dag.py
[2024-10-26T07:24:29.121+0000] {logging_mixin.py:190} INFO - [2024-10-26T07:24:29.121+0000] {dag.py:3239} INFO - Sync 1 DAGs
[2024-10-26T07:24:29.136+0000] {logging_mixin.py:190} INFO - [2024-10-26T07:24:29.135+0000] {dag.py:4180} INFO - Setting next_dagrun for example_trigger_controller_dag to 2021-01-01 00:00:00+00:00, run_after=2021-01-01 00:00:00+00:00
[2024-10-26T07:24:29.147+0000] {processor.py:208} INFO - Processing /home/airflow/.local/lib/python3.12/site-packages/airflow/example_dags/example_trigger_controller_dag.py took 0.048 seconds
[2024-10-26T07:25:00.115+0000] {processor.py:186} INFO - Started process (PID=86685) to work on /home/airflow/.local/lib/python3.12/site-packages/airflow/example_dags/example_trigger_controller_dag.py
[2024-10-26T07:25:00.119+0000] {processor.py:914} INFO - Processing file /home/airflow/.local/lib/python3.12/site-packages/airflow/example_dags/example_trigger_controller_dag.py for tasks to queue
[2024-10-26T07:25:00.121+0000] {logging_mixin.py:190} INFO - [2024-10-26T07:25:00.121+0000] {dagbag.py:588} INFO - Filling up the DagBag from /home/airflow/.local/lib/python3.12/site-packages/airflow/example_dags/example_trigger_controller_dag.py
[2024-10-26T07:25:00.125+0000] {processor.py:925} INFO - DAG(s) 'example_trigger_controller_dag' retrieved from /home/airflow/.local/lib/python3.12/site-packages/airflow/example_dags/example_trigger_controller_dag.py
[2024-10-26T07:25:00.136+0000] {logging_mixin.py:190} INFO - [2024-10-26T07:25:00.136+0000] {dag.py:3239} INFO - Sync 1 DAGs
[2024-10-26T07:25:00.148+0000] {logging_mixin.py:190} INFO - [2024-10-26T07:25:00.148+0000] {dag.py:4180} INFO - Setting next_dagrun for example_trigger_controller_dag to 2021-01-01 00:00:00+00:00, run_after=2021-01-01 00:00:00+00:00
[2024-10-26T07:25:00.158+0000] {processor.py:208} INFO - Processing /home/airflow/.local/lib/python3.12/site-packages/airflow/example_dags/example_trigger_controller_dag.py took 0.046 seconds
[2024-10-26T07:25:31.174+0000] {processor.py:186} INFO - Started process (PID=86976) to work on /home/airflow/.local/lib/python3.12/site-packages/airflow/example_dags/example_trigger_controller_dag.py
[2024-10-26T07:25:31.175+0000] {processor.py:914} INFO - Processing file /home/airflow/.local/lib/python3.12/site-packages/airflow/example_dags/example_trigger_controller_dag.py for tasks to queue
[2024-10-26T07:25:31.176+0000] {logging_mixin.py:190} INFO - [2024-10-26T07:25:31.176+0000] {dagbag.py:588} INFO - Filling up the DagBag from /home/airflow/.local/lib/python3.12/site-packages/airflow/example_dags/example_trigger_controller_dag.py
[2024-10-26T07:25:31.182+0000] {processor.py:925} INFO - DAG(s) 'example_trigger_controller_dag' retrieved from /home/airflow/.local/lib/python3.12/site-packages/airflow/example_dags/example_trigger_controller_dag.py
[2024-10-26T07:25:31.202+0000] {logging_mixin.py:190} INFO - [2024-10-26T07:25:31.202+0000] {dag.py:3239} INFO - Sync 1 DAGs
[2024-10-26T07:25:31.223+0000] {logging_mixin.py:190} INFO - [2024-10-26T07:25:31.222+0000] {dag.py:4180} INFO - Setting next_dagrun for example_trigger_controller_dag to 2021-01-01 00:00:00+00:00, run_after=2021-01-01 00:00:00+00:00
[2024-10-26T07:25:31.235+0000] {processor.py:208} INFO - Processing /home/airflow/.local/lib/python3.12/site-packages/airflow/example_dags/example_trigger_controller_dag.py took 0.066 seconds
[2024-10-26T07:26:01.945+0000] {processor.py:186} INFO - Started process (PID=87267) to work on /home/airflow/.local/lib/python3.12/site-packages/airflow/example_dags/example_trigger_controller_dag.py
[2024-10-26T07:26:01.948+0000] {processor.py:914} INFO - Processing file /home/airflow/.local/lib/python3.12/site-packages/airflow/example_dags/example_trigger_controller_dag.py for tasks to queue
[2024-10-26T07:26:01.955+0000] {logging_mixin.py:190} INFO - [2024-10-26T07:26:01.952+0000] {dagbag.py:588} INFO - Filling up the DagBag from /home/airflow/.local/lib/python3.12/site-packages/airflow/example_dags/example_trigger_controller_dag.py
[2024-10-26T07:26:01.978+0000] {processor.py:925} INFO - DAG(s) 'example_trigger_controller_dag' retrieved from /home/airflow/.local/lib/python3.12/site-packages/airflow/example_dags/example_trigger_controller_dag.py
[2024-10-26T07:26:02.025+0000] {logging_mixin.py:190} INFO - [2024-10-26T07:26:02.025+0000] {dag.py:3239} INFO - Sync 1 DAGs
[2024-10-26T07:26:02.049+0000] {logging_mixin.py:190} INFO - [2024-10-26T07:26:02.048+0000] {dag.py:4180} INFO - Setting next_dagrun for example_trigger_controller_dag to 2021-01-01 00:00:00+00:00, run_after=2021-01-01 00:00:00+00:00
[2024-10-26T07:26:02.078+0000] {processor.py:208} INFO - Processing /home/airflow/.local/lib/python3.12/site-packages/airflow/example_dags/example_trigger_controller_dag.py took 0.141 seconds
[2024-10-26T07:26:33.039+0000] {processor.py:186} INFO - Started process (PID=87558) to work on /home/airflow/.local/lib/python3.12/site-packages/airflow/example_dags/example_trigger_controller_dag.py
[2024-10-26T07:26:33.040+0000] {processor.py:914} INFO - Processing file /home/airflow/.local/lib/python3.12/site-packages/airflow/example_dags/example_trigger_controller_dag.py for tasks to queue
[2024-10-26T07:26:33.041+0000] {logging_mixin.py:190} INFO - [2024-10-26T07:26:33.041+0000] {dagbag.py:588} INFO - Filling up the DagBag from /home/airflow/.local/lib/python3.12/site-packages/airflow/example_dags/example_trigger_controller_dag.py
[2024-10-26T07:26:33.048+0000] {processor.py:925} INFO - DAG(s) 'example_trigger_controller_dag' retrieved from /home/airflow/.local/lib/python3.12/site-packages/airflow/example_dags/example_trigger_controller_dag.py
[2024-10-26T07:26:33.063+0000] {logging_mixin.py:190} INFO - [2024-10-26T07:26:33.062+0000] {dag.py:3239} INFO - Sync 1 DAGs
[2024-10-26T07:26:33.077+0000] {logging_mixin.py:190} INFO - [2024-10-26T07:26:33.076+0000] {dag.py:4180} INFO - Setting next_dagrun for example_trigger_controller_dag to 2021-01-01 00:00:00+00:00, run_after=2021-01-01 00:00:00+00:00
[2024-10-26T07:26:33.088+0000] {processor.py:208} INFO - Processing /home/airflow/.local/lib/python3.12/site-packages/airflow/example_dags/example_trigger_controller_dag.py took 0.056 seconds
[2024-10-26T07:27:03.270+0000] {processor.py:186} INFO - Started process (PID=87849) to work on /home/airflow/.local/lib/python3.12/site-packages/airflow/example_dags/example_trigger_controller_dag.py
[2024-10-26T07:27:03.273+0000] {processor.py:914} INFO - Processing file /home/airflow/.local/lib/python3.12/site-packages/airflow/example_dags/example_trigger_controller_dag.py for tasks to queue
[2024-10-26T07:27:03.274+0000] {logging_mixin.py:190} INFO - [2024-10-26T07:27:03.274+0000] {dagbag.py:588} INFO - Filling up the DagBag from /home/airflow/.local/lib/python3.12/site-packages/airflow/example_dags/example_trigger_controller_dag.py
[2024-10-26T07:27:03.280+0000] {processor.py:925} INFO - DAG(s) 'example_trigger_controller_dag' retrieved from /home/airflow/.local/lib/python3.12/site-packages/airflow/example_dags/example_trigger_controller_dag.py
[2024-10-26T07:27:03.294+0000] {logging_mixin.py:190} INFO - [2024-10-26T07:27:03.294+0000] {dag.py:3239} INFO - Sync 1 DAGs
[2024-10-26T07:27:03.308+0000] {logging_mixin.py:190} INFO - [2024-10-26T07:27:03.308+0000] {dag.py:4180} INFO - Setting next_dagrun for example_trigger_controller_dag to 2021-01-01 00:00:00+00:00, run_after=2021-01-01 00:00:00+00:00
[2024-10-26T07:27:03.321+0000] {processor.py:208} INFO - Processing /home/airflow/.local/lib/python3.12/site-packages/airflow/example_dags/example_trigger_controller_dag.py took 0.057 seconds
[2024-10-26T07:27:34.024+0000] {processor.py:186} INFO - Started process (PID=88140) to work on /home/airflow/.local/lib/python3.12/site-packages/airflow/example_dags/example_trigger_controller_dag.py
[2024-10-26T07:27:34.025+0000] {processor.py:914} INFO - Processing file /home/airflow/.local/lib/python3.12/site-packages/airflow/example_dags/example_trigger_controller_dag.py for tasks to queue
[2024-10-26T07:27:34.026+0000] {logging_mixin.py:190} INFO - [2024-10-26T07:27:34.025+0000] {dagbag.py:588} INFO - Filling up the DagBag from /home/airflow/.local/lib/python3.12/site-packages/airflow/example_dags/example_trigger_controller_dag.py
[2024-10-26T07:27:34.034+0000] {processor.py:925} INFO - DAG(s) 'example_trigger_controller_dag' retrieved from /home/airflow/.local/lib/python3.12/site-packages/airflow/example_dags/example_trigger_controller_dag.py
[2024-10-26T07:27:34.055+0000] {logging_mixin.py:190} INFO - [2024-10-26T07:27:34.055+0000] {dag.py:3239} INFO - Sync 1 DAGs
[2024-10-26T07:27:34.081+0000] {logging_mixin.py:190} INFO - [2024-10-26T07:27:34.081+0000] {dag.py:4180} INFO - Setting next_dagrun for example_trigger_controller_dag to 2021-01-01 00:00:00+00:00, run_after=2021-01-01 00:00:00+00:00
[2024-10-26T07:27:34.096+0000] {processor.py:208} INFO - Processing /home/airflow/.local/lib/python3.12/site-packages/airflow/example_dags/example_trigger_controller_dag.py took 0.077 seconds
