[2024-10-26T00:46:25.508+0000] {processor.py:186} INFO - Started process (PID=70844) to work on /home/airflow/.local/lib/python3.12/site-packages/airflow/example_dags/example_nested_branch_dag.py
[2024-10-26T00:46:25.511+0000] {processor.py:914} INFO - Processing file /home/airflow/.local/lib/python3.12/site-packages/airflow/example_dags/example_nested_branch_dag.py for tasks to queue
[2024-10-26T00:46:25.513+0000] {logging_mixin.py:190} INFO - [2024-10-26T00:46:25.512+0000] {dagbag.py:588} INFO - Filling up the DagBag from /home/airflow/.local/lib/python3.12/site-packages/airflow/example_dags/example_nested_branch_dag.py
[2024-10-26T00:46:25.523+0000] {processor.py:925} INFO - DAG(s) 'example_nested_branch_dag' retrieved from /home/airflow/.local/lib/python3.12/site-packages/airflow/example_dags/example_nested_branch_dag.py
[2024-10-26T00:46:25.537+0000] {logging_mixin.py:190} INFO - [2024-10-26T00:46:25.537+0000] {dag.py:3239} INFO - Sync 1 DAGs
[2024-10-26T00:46:25.552+0000] {logging_mixin.py:190} INFO - [2024-10-26T00:46:25.552+0000] {dag.py:4180} INFO - Setting next_dagrun for example_nested_branch_dag to 2024-10-25 00:00:00+00:00, run_after=2024-10-26 00:00:00+00:00
[2024-10-26T00:46:25.561+0000] {processor.py:208} INFO - Processing /home/airflow/.local/lib/python3.12/site-packages/airflow/example_dags/example_nested_branch_dag.py took 0.057 seconds
[2024-10-26T01:37:09.247+0000] {processor.py:186} INFO - Started process (PID=71138) to work on /home/airflow/.local/lib/python3.12/site-packages/airflow/example_dags/example_nested_branch_dag.py
[2024-10-26T01:37:09.248+0000] {processor.py:914} INFO - Processing file /home/airflow/.local/lib/python3.12/site-packages/airflow/example_dags/example_nested_branch_dag.py for tasks to queue
[2024-10-26T01:37:09.248+0000] {logging_mixin.py:190} INFO - [2024-10-26T01:37:09.248+0000] {dagbag.py:588} INFO - Filling up the DagBag from /home/airflow/.local/lib/python3.12/site-packages/airflow/example_dags/example_nested_branch_dag.py
[2024-10-26T01:37:09.255+0000] {processor.py:925} INFO - DAG(s) 'example_nested_branch_dag' retrieved from /home/airflow/.local/lib/python3.12/site-packages/airflow/example_dags/example_nested_branch_dag.py
[2024-10-26T01:37:09.266+0000] {logging_mixin.py:190} INFO - [2024-10-26T01:37:09.266+0000] {dag.py:3239} INFO - Sync 1 DAGs
[2024-10-26T01:37:09.276+0000] {logging_mixin.py:190} INFO - [2024-10-26T01:37:09.276+0000] {dag.py:4180} INFO - Setting next_dagrun for example_nested_branch_dag to 2024-10-25 00:00:00+00:00, run_after=2024-10-26 00:00:00+00:00
[2024-10-26T01:37:09.283+0000] {processor.py:208} INFO - Processing /home/airflow/.local/lib/python3.12/site-packages/airflow/example_dags/example_nested_branch_dag.py took 0.040 seconds
[2024-10-26T02:57:38.217+0000] {processor.py:186} INFO - Started process (PID=71429) to work on /home/airflow/.local/lib/python3.12/site-packages/airflow/example_dags/example_nested_branch_dag.py
[2024-10-26T02:57:38.218+0000] {processor.py:914} INFO - Processing file /home/airflow/.local/lib/python3.12/site-packages/airflow/example_dags/example_nested_branch_dag.py for tasks to queue
[2024-10-26T02:57:38.219+0000] {logging_mixin.py:190} INFO - [2024-10-26T02:57:38.219+0000] {dagbag.py:588} INFO - Filling up the DagBag from /home/airflow/.local/lib/python3.12/site-packages/airflow/example_dags/example_nested_branch_dag.py
[2024-10-26T02:57:38.225+0000] {processor.py:925} INFO - DAG(s) 'example_nested_branch_dag' retrieved from /home/airflow/.local/lib/python3.12/site-packages/airflow/example_dags/example_nested_branch_dag.py
[2024-10-26T02:57:38.238+0000] {logging_mixin.py:190} INFO - [2024-10-26T02:57:38.238+0000] {dag.py:3239} INFO - Sync 1 DAGs
[2024-10-26T02:57:38.250+0000] {logging_mixin.py:190} INFO - [2024-10-26T02:57:38.250+0000] {dag.py:4180} INFO - Setting next_dagrun for example_nested_branch_dag to 2024-10-25 00:00:00+00:00, run_after=2024-10-26 00:00:00+00:00
[2024-10-26T02:57:38.262+0000] {processor.py:208} INFO - Processing /home/airflow/.local/lib/python3.12/site-packages/airflow/example_dags/example_nested_branch_dag.py took 0.048 seconds
[2024-10-26T04:18:35.474+0000] {processor.py:186} INFO - Started process (PID=71718) to work on /home/airflow/.local/lib/python3.12/site-packages/airflow/example_dags/example_nested_branch_dag.py
[2024-10-26T04:18:35.476+0000] {processor.py:914} INFO - Processing file /home/airflow/.local/lib/python3.12/site-packages/airflow/example_dags/example_nested_branch_dag.py for tasks to queue
[2024-10-26T04:18:35.478+0000] {logging_mixin.py:190} INFO - [2024-10-26T04:18:35.477+0000] {dagbag.py:588} INFO - Filling up the DagBag from /home/airflow/.local/lib/python3.12/site-packages/airflow/example_dags/example_nested_branch_dag.py
[2024-10-26T04:18:35.486+0000] {processor.py:925} INFO - DAG(s) 'example_nested_branch_dag' retrieved from /home/airflow/.local/lib/python3.12/site-packages/airflow/example_dags/example_nested_branch_dag.py
[2024-10-26T04:18:35.499+0000] {logging_mixin.py:190} INFO - [2024-10-26T04:18:35.499+0000] {dag.py:3239} INFO - Sync 1 DAGs
[2024-10-26T04:18:35.511+0000] {logging_mixin.py:190} INFO - [2024-10-26T04:18:35.511+0000] {dag.py:4180} INFO - Setting next_dagrun for example_nested_branch_dag to 2024-10-25 00:00:00+00:00, run_after=2024-10-26 00:00:00+00:00
[2024-10-26T04:18:35.523+0000] {processor.py:208} INFO - Processing /home/airflow/.local/lib/python3.12/site-packages/airflow/example_dags/example_nested_branch_dag.py took 0.054 seconds
[2024-10-26T05:41:05.271+0000] {processor.py:186} INFO - Started process (PID=72009) to work on /home/airflow/.local/lib/python3.12/site-packages/airflow/example_dags/example_nested_branch_dag.py
[2024-10-26T05:41:05.272+0000] {processor.py:914} INFO - Processing file /home/airflow/.local/lib/python3.12/site-packages/airflow/example_dags/example_nested_branch_dag.py for tasks to queue
[2024-10-26T05:41:05.273+0000] {logging_mixin.py:190} INFO - [2024-10-26T05:41:05.273+0000] {dagbag.py:588} INFO - Filling up the DagBag from /home/airflow/.local/lib/python3.12/site-packages/airflow/example_dags/example_nested_branch_dag.py
[2024-10-26T05:41:05.279+0000] {processor.py:925} INFO - DAG(s) 'example_nested_branch_dag' retrieved from /home/airflow/.local/lib/python3.12/site-packages/airflow/example_dags/example_nested_branch_dag.py
[2024-10-26T05:41:05.292+0000] {logging_mixin.py:190} INFO - [2024-10-26T05:41:05.292+0000] {dag.py:3239} INFO - Sync 1 DAGs
[2024-10-26T05:41:05.304+0000] {logging_mixin.py:190} INFO - [2024-10-26T05:41:05.304+0000] {dag.py:4180} INFO - Setting next_dagrun for example_nested_branch_dag to 2024-10-25 00:00:00+00:00, run_after=2024-10-26 00:00:00+00:00
[2024-10-26T05:41:05.312+0000] {processor.py:208} INFO - Processing /home/airflow/.local/lib/python3.12/site-packages/airflow/example_dags/example_nested_branch_dag.py took 0.045 seconds
[2024-10-26T06:59:45.562+0000] {processor.py:186} INFO - Started process (PID=72300) to work on /home/airflow/.local/lib/python3.12/site-packages/airflow/example_dags/example_nested_branch_dag.py
[2024-10-26T06:59:45.564+0000] {processor.py:914} INFO - Processing file /home/airflow/.local/lib/python3.12/site-packages/airflow/example_dags/example_nested_branch_dag.py for tasks to queue
[2024-10-26T06:59:45.564+0000] {logging_mixin.py:190} INFO - [2024-10-26T06:59:45.564+0000] {dagbag.py:588} INFO - Filling up the DagBag from /home/airflow/.local/lib/python3.12/site-packages/airflow/example_dags/example_nested_branch_dag.py
[2024-10-26T06:59:45.570+0000] {processor.py:925} INFO - DAG(s) 'example_nested_branch_dag' retrieved from /home/airflow/.local/lib/python3.12/site-packages/airflow/example_dags/example_nested_branch_dag.py
[2024-10-26T06:59:45.583+0000] {logging_mixin.py:190} INFO - [2024-10-26T06:59:45.583+0000] {dag.py:3239} INFO - Sync 1 DAGs
[2024-10-26T06:59:45.597+0000] {logging_mixin.py:190} INFO - [2024-10-26T06:59:45.597+0000] {dag.py:4180} INFO - Setting next_dagrun for example_nested_branch_dag to 2024-10-25 00:00:00+00:00, run_after=2024-10-26 00:00:00+00:00
[2024-10-26T06:59:45.605+0000] {processor.py:208} INFO - Processing /home/airflow/.local/lib/python3.12/site-packages/airflow/example_dags/example_nested_branch_dag.py took 0.047 seconds
[2024-10-26T07:00:16.230+0000] {processor.py:186} INFO - Started process (PID=72591) to work on /home/airflow/.local/lib/python3.12/site-packages/airflow/example_dags/example_nested_branch_dag.py
[2024-10-26T07:00:16.234+0000] {processor.py:914} INFO - Processing file /home/airflow/.local/lib/python3.12/site-packages/airflow/example_dags/example_nested_branch_dag.py for tasks to queue
[2024-10-26T07:00:16.235+0000] {logging_mixin.py:190} INFO - [2024-10-26T07:00:16.235+0000] {dagbag.py:588} INFO - Filling up the DagBag from /home/airflow/.local/lib/python3.12/site-packages/airflow/example_dags/example_nested_branch_dag.py
[2024-10-26T07:00:16.243+0000] {processor.py:925} INFO - DAG(s) 'example_nested_branch_dag' retrieved from /home/airflow/.local/lib/python3.12/site-packages/airflow/example_dags/example_nested_branch_dag.py
[2024-10-26T07:00:16.256+0000] {logging_mixin.py:190} INFO - [2024-10-26T07:00:16.256+0000] {dag.py:3239} INFO - Sync 1 DAGs
[2024-10-26T07:00:16.268+0000] {logging_mixin.py:190} INFO - [2024-10-26T07:00:16.268+0000] {dag.py:4180} INFO - Setting next_dagrun for example_nested_branch_dag to 2024-10-25 00:00:00+00:00, run_after=2024-10-26 00:00:00+00:00
[2024-10-26T07:00:16.279+0000] {processor.py:208} INFO - Processing /home/airflow/.local/lib/python3.12/site-packages/airflow/example_dags/example_nested_branch_dag.py took 0.052 seconds
[2024-10-26T07:00:46.738+0000] {processor.py:186} INFO - Started process (PID=72882) to work on /home/airflow/.local/lib/python3.12/site-packages/airflow/example_dags/example_nested_branch_dag.py
[2024-10-26T07:00:46.739+0000] {processor.py:914} INFO - Processing file /home/airflow/.local/lib/python3.12/site-packages/airflow/example_dags/example_nested_branch_dag.py for tasks to queue
[2024-10-26T07:00:46.743+0000] {logging_mixin.py:190} INFO - [2024-10-26T07:00:46.739+0000] {dagbag.py:588} INFO - Filling up the DagBag from /home/airflow/.local/lib/python3.12/site-packages/airflow/example_dags/example_nested_branch_dag.py
[2024-10-26T07:00:46.749+0000] {processor.py:925} INFO - DAG(s) 'example_nested_branch_dag' retrieved from /home/airflow/.local/lib/python3.12/site-packages/airflow/example_dags/example_nested_branch_dag.py
[2024-10-26T07:00:46.760+0000] {logging_mixin.py:190} INFO - [2024-10-26T07:00:46.760+0000] {dag.py:3239} INFO - Sync 1 DAGs
[2024-10-26T07:00:46.773+0000] {logging_mixin.py:190} INFO - [2024-10-26T07:00:46.773+0000] {dag.py:4180} INFO - Setting next_dagrun for example_nested_branch_dag to 2024-10-25 00:00:00+00:00, run_after=2024-10-26 00:00:00+00:00
[2024-10-26T07:00:46.782+0000] {processor.py:208} INFO - Processing /home/airflow/.local/lib/python3.12/site-packages/airflow/example_dags/example_nested_branch_dag.py took 0.048 seconds
[2024-10-26T07:01:18.109+0000] {processor.py:186} INFO - Started process (PID=73173) to work on /home/airflow/.local/lib/python3.12/site-packages/airflow/example_dags/example_nested_branch_dag.py
[2024-10-26T07:01:18.109+0000] {processor.py:914} INFO - Processing file /home/airflow/.local/lib/python3.12/site-packages/airflow/example_dags/example_nested_branch_dag.py for tasks to queue
[2024-10-26T07:01:18.110+0000] {logging_mixin.py:190} INFO - [2024-10-26T07:01:18.110+0000] {dagbag.py:588} INFO - Filling up the DagBag from /home/airflow/.local/lib/python3.12/site-packages/airflow/example_dags/example_nested_branch_dag.py
[2024-10-26T07:01:18.118+0000] {processor.py:925} INFO - DAG(s) 'example_nested_branch_dag' retrieved from /home/airflow/.local/lib/python3.12/site-packages/airflow/example_dags/example_nested_branch_dag.py
[2024-10-26T07:01:18.144+0000] {logging_mixin.py:190} INFO - [2024-10-26T07:01:18.144+0000] {dag.py:3239} INFO - Sync 1 DAGs
[2024-10-26T07:01:18.165+0000] {logging_mixin.py:190} INFO - [2024-10-26T07:01:18.164+0000] {dag.py:4180} INFO - Setting next_dagrun for example_nested_branch_dag to 2024-10-25 00:00:00+00:00, run_after=2024-10-26 00:00:00+00:00
[2024-10-26T07:01:18.202+0000] {processor.py:208} INFO - Processing /home/airflow/.local/lib/python3.12/site-packages/airflow/example_dags/example_nested_branch_dag.py took 0.097 seconds
[2024-10-26T07:01:49.694+0000] {processor.py:186} INFO - Started process (PID=73466) to work on /home/airflow/.local/lib/python3.12/site-packages/airflow/example_dags/example_nested_branch_dag.py
[2024-10-26T07:01:49.694+0000] {processor.py:914} INFO - Processing file /home/airflow/.local/lib/python3.12/site-packages/airflow/example_dags/example_nested_branch_dag.py for tasks to queue
[2024-10-26T07:01:49.695+0000] {logging_mixin.py:190} INFO - [2024-10-26T07:01:49.695+0000] {dagbag.py:588} INFO - Filling up the DagBag from /home/airflow/.local/lib/python3.12/site-packages/airflow/example_dags/example_nested_branch_dag.py
[2024-10-26T07:01:49.707+0000] {processor.py:925} INFO - DAG(s) 'example_nested_branch_dag' retrieved from /home/airflow/.local/lib/python3.12/site-packages/airflow/example_dags/example_nested_branch_dag.py
[2024-10-26T07:01:49.723+0000] {logging_mixin.py:190} INFO - [2024-10-26T07:01:49.723+0000] {dag.py:3239} INFO - Sync 1 DAGs
[2024-10-26T07:01:49.738+0000] {logging_mixin.py:190} INFO - [2024-10-26T07:01:49.738+0000] {dag.py:4180} INFO - Setting next_dagrun for example_nested_branch_dag to 2024-10-25 00:00:00+00:00, run_after=2024-10-26 00:00:00+00:00
[2024-10-26T07:01:49.753+0000] {processor.py:208} INFO - Processing /home/airflow/.local/lib/python3.12/site-packages/airflow/example_dags/example_nested_branch_dag.py took 0.064 seconds
[2024-10-26T07:02:20.300+0000] {processor.py:186} INFO - Started process (PID=73755) to work on /home/airflow/.local/lib/python3.12/site-packages/airflow/example_dags/example_nested_branch_dag.py
[2024-10-26T07:02:20.301+0000] {processor.py:914} INFO - Processing file /home/airflow/.local/lib/python3.12/site-packages/airflow/example_dags/example_nested_branch_dag.py for tasks to queue
[2024-10-26T07:02:20.302+0000] {logging_mixin.py:190} INFO - [2024-10-26T07:02:20.302+0000] {dagbag.py:588} INFO - Filling up the DagBag from /home/airflow/.local/lib/python3.12/site-packages/airflow/example_dags/example_nested_branch_dag.py
[2024-10-26T07:02:20.309+0000] {processor.py:925} INFO - DAG(s) 'example_nested_branch_dag' retrieved from /home/airflow/.local/lib/python3.12/site-packages/airflow/example_dags/example_nested_branch_dag.py
[2024-10-26T07:02:20.323+0000] {logging_mixin.py:190} INFO - [2024-10-26T07:02:20.323+0000] {dag.py:3239} INFO - Sync 1 DAGs
[2024-10-26T07:02:20.337+0000] {logging_mixin.py:190} INFO - [2024-10-26T07:02:20.337+0000] {dag.py:4180} INFO - Setting next_dagrun for example_nested_branch_dag to 2024-10-25 00:00:00+00:00, run_after=2024-10-26 00:00:00+00:00
[2024-10-26T07:02:20.351+0000] {processor.py:208} INFO - Processing /home/airflow/.local/lib/python3.12/site-packages/airflow/example_dags/example_nested_branch_dag.py took 0.057 seconds
[2024-10-26T07:02:50.447+0000] {processor.py:186} INFO - Started process (PID=74048) to work on /home/airflow/.local/lib/python3.12/site-packages/airflow/example_dags/example_nested_branch_dag.py
[2024-10-26T07:02:50.447+0000] {processor.py:914} INFO - Processing file /home/airflow/.local/lib/python3.12/site-packages/airflow/example_dags/example_nested_branch_dag.py for tasks to queue
[2024-10-26T07:02:50.448+0000] {logging_mixin.py:190} INFO - [2024-10-26T07:02:50.448+0000] {dagbag.py:588} INFO - Filling up the DagBag from /home/airflow/.local/lib/python3.12/site-packages/airflow/example_dags/example_nested_branch_dag.py
[2024-10-26T07:02:50.454+0000] {processor.py:925} INFO - DAG(s) 'example_nested_branch_dag' retrieved from /home/airflow/.local/lib/python3.12/site-packages/airflow/example_dags/example_nested_branch_dag.py
[2024-10-26T07:02:50.463+0000] {logging_mixin.py:190} INFO - [2024-10-26T07:02:50.463+0000] {dag.py:3239} INFO - Sync 1 DAGs
[2024-10-26T07:02:50.473+0000] {logging_mixin.py:190} INFO - [2024-10-26T07:02:50.473+0000] {dag.py:4180} INFO - Setting next_dagrun for example_nested_branch_dag to 2024-10-25 00:00:00+00:00, run_after=2024-10-26 00:00:00+00:00
[2024-10-26T07:02:50.481+0000] {processor.py:208} INFO - Processing /home/airflow/.local/lib/python3.12/site-packages/airflow/example_dags/example_nested_branch_dag.py took 0.037 seconds
[2024-10-26T07:03:21.501+0000] {processor.py:186} INFO - Started process (PID=74337) to work on /home/airflow/.local/lib/python3.12/site-packages/airflow/example_dags/example_nested_branch_dag.py
[2024-10-26T07:03:21.501+0000] {processor.py:914} INFO - Processing file /home/airflow/.local/lib/python3.12/site-packages/airflow/example_dags/example_nested_branch_dag.py for tasks to queue
[2024-10-26T07:03:21.503+0000] {logging_mixin.py:190} INFO - [2024-10-26T07:03:21.502+0000] {dagbag.py:588} INFO - Filling up the DagBag from /home/airflow/.local/lib/python3.12/site-packages/airflow/example_dags/example_nested_branch_dag.py
[2024-10-26T07:03:21.510+0000] {processor.py:925} INFO - DAG(s) 'example_nested_branch_dag' retrieved from /home/airflow/.local/lib/python3.12/site-packages/airflow/example_dags/example_nested_branch_dag.py
[2024-10-26T07:03:21.530+0000] {logging_mixin.py:190} INFO - [2024-10-26T07:03:21.529+0000] {dag.py:3239} INFO - Sync 1 DAGs
[2024-10-26T07:03:21.546+0000] {logging_mixin.py:190} INFO - [2024-10-26T07:03:21.545+0000] {dag.py:4180} INFO - Setting next_dagrun for example_nested_branch_dag to 2024-10-25 00:00:00+00:00, run_after=2024-10-26 00:00:00+00:00
[2024-10-26T07:03:21.560+0000] {processor.py:208} INFO - Processing /home/airflow/.local/lib/python3.12/site-packages/airflow/example_dags/example_nested_branch_dag.py took 0.063 seconds
[2024-10-26T07:03:52.176+0000] {processor.py:186} INFO - Started process (PID=74628) to work on /home/airflow/.local/lib/python3.12/site-packages/airflow/example_dags/example_nested_branch_dag.py
[2024-10-26T07:03:52.177+0000] {processor.py:914} INFO - Processing file /home/airflow/.local/lib/python3.12/site-packages/airflow/example_dags/example_nested_branch_dag.py for tasks to queue
[2024-10-26T07:03:52.178+0000] {logging_mixin.py:190} INFO - [2024-10-26T07:03:52.178+0000] {dagbag.py:588} INFO - Filling up the DagBag from /home/airflow/.local/lib/python3.12/site-packages/airflow/example_dags/example_nested_branch_dag.py
[2024-10-26T07:03:52.184+0000] {processor.py:925} INFO - DAG(s) 'example_nested_branch_dag' retrieved from /home/airflow/.local/lib/python3.12/site-packages/airflow/example_dags/example_nested_branch_dag.py
[2024-10-26T07:03:52.195+0000] {logging_mixin.py:190} INFO - [2024-10-26T07:03:52.195+0000] {dag.py:3239} INFO - Sync 1 DAGs
[2024-10-26T07:03:52.214+0000] {logging_mixin.py:190} INFO - [2024-10-26T07:03:52.214+0000] {dag.py:4180} INFO - Setting next_dagrun for example_nested_branch_dag to 2024-10-25 00:00:00+00:00, run_after=2024-10-26 00:00:00+00:00
[2024-10-26T07:03:52.233+0000] {processor.py:208} INFO - Processing /home/airflow/.local/lib/python3.12/site-packages/airflow/example_dags/example_nested_branch_dag.py took 0.061 seconds
[2024-10-26T07:04:22.980+0000] {processor.py:186} INFO - Started process (PID=74918) to work on /home/airflow/.local/lib/python3.12/site-packages/airflow/example_dags/example_nested_branch_dag.py
[2024-10-26T07:04:22.981+0000] {processor.py:914} INFO - Processing file /home/airflow/.local/lib/python3.12/site-packages/airflow/example_dags/example_nested_branch_dag.py for tasks to queue
[2024-10-26T07:04:22.982+0000] {logging_mixin.py:190} INFO - [2024-10-26T07:04:22.981+0000] {dagbag.py:588} INFO - Filling up the DagBag from /home/airflow/.local/lib/python3.12/site-packages/airflow/example_dags/example_nested_branch_dag.py
[2024-10-26T07:04:22.987+0000] {processor.py:925} INFO - DAG(s) 'example_nested_branch_dag' retrieved from /home/airflow/.local/lib/python3.12/site-packages/airflow/example_dags/example_nested_branch_dag.py
[2024-10-26T07:04:23.003+0000] {logging_mixin.py:190} INFO - [2024-10-26T07:04:23.003+0000] {dag.py:3239} INFO - Sync 1 DAGs
[2024-10-26T07:04:23.017+0000] {logging_mixin.py:190} INFO - [2024-10-26T07:04:23.016+0000] {dag.py:4180} INFO - Setting next_dagrun for example_nested_branch_dag to 2024-10-25 00:00:00+00:00, run_after=2024-10-26 00:00:00+00:00
[2024-10-26T07:04:23.025+0000] {processor.py:208} INFO - Processing /home/airflow/.local/lib/python3.12/site-packages/airflow/example_dags/example_nested_branch_dag.py took 0.049 seconds
[2024-10-26T07:04:53.181+0000] {processor.py:186} INFO - Started process (PID=75209) to work on /home/airflow/.local/lib/python3.12/site-packages/airflow/example_dags/example_nested_branch_dag.py
[2024-10-26T07:04:53.182+0000] {processor.py:914} INFO - Processing file /home/airflow/.local/lib/python3.12/site-packages/airflow/example_dags/example_nested_branch_dag.py for tasks to queue
[2024-10-26T07:04:53.183+0000] {logging_mixin.py:190} INFO - [2024-10-26T07:04:53.182+0000] {dagbag.py:588} INFO - Filling up the DagBag from /home/airflow/.local/lib/python3.12/site-packages/airflow/example_dags/example_nested_branch_dag.py
[2024-10-26T07:04:53.190+0000] {processor.py:925} INFO - DAG(s) 'example_nested_branch_dag' retrieved from /home/airflow/.local/lib/python3.12/site-packages/airflow/example_dags/example_nested_branch_dag.py
[2024-10-26T07:04:53.205+0000] {logging_mixin.py:190} INFO - [2024-10-26T07:04:53.205+0000] {dag.py:3239} INFO - Sync 1 DAGs
[2024-10-26T07:04:53.220+0000] {logging_mixin.py:190} INFO - [2024-10-26T07:04:53.220+0000] {dag.py:4180} INFO - Setting next_dagrun for example_nested_branch_dag to 2024-10-25 00:00:00+00:00, run_after=2024-10-26 00:00:00+00:00
[2024-10-26T07:04:53.232+0000] {processor.py:208} INFO - Processing /home/airflow/.local/lib/python3.12/site-packages/airflow/example_dags/example_nested_branch_dag.py took 0.055 seconds
[2024-10-26T07:05:23.906+0000] {processor.py:186} INFO - Started process (PID=75500) to work on /home/airflow/.local/lib/python3.12/site-packages/airflow/example_dags/example_nested_branch_dag.py
[2024-10-26T07:05:23.907+0000] {processor.py:914} INFO - Processing file /home/airflow/.local/lib/python3.12/site-packages/airflow/example_dags/example_nested_branch_dag.py for tasks to queue
[2024-10-26T07:05:23.909+0000] {logging_mixin.py:190} INFO - [2024-10-26T07:05:23.909+0000] {dagbag.py:588} INFO - Filling up the DagBag from /home/airflow/.local/lib/python3.12/site-packages/airflow/example_dags/example_nested_branch_dag.py
[2024-10-26T07:05:23.918+0000] {processor.py:925} INFO - DAG(s) 'example_nested_branch_dag' retrieved from /home/airflow/.local/lib/python3.12/site-packages/airflow/example_dags/example_nested_branch_dag.py
[2024-10-26T07:05:23.939+0000] {logging_mixin.py:190} INFO - [2024-10-26T07:05:23.939+0000] {dag.py:3239} INFO - Sync 1 DAGs
[2024-10-26T07:05:23.953+0000] {logging_mixin.py:190} INFO - [2024-10-26T07:05:23.953+0000] {dag.py:4180} INFO - Setting next_dagrun for example_nested_branch_dag to 2024-10-25 00:00:00+00:00, run_after=2024-10-26 00:00:00+00:00
[2024-10-26T07:05:23.972+0000] {processor.py:208} INFO - Processing /home/airflow/.local/lib/python3.12/site-packages/airflow/example_dags/example_nested_branch_dag.py took 0.070 seconds
[2024-10-26T07:05:54.483+0000] {processor.py:186} INFO - Started process (PID=75785) to work on /home/airflow/.local/lib/python3.12/site-packages/airflow/example_dags/example_nested_branch_dag.py
[2024-10-26T07:05:54.483+0000] {processor.py:914} INFO - Processing file /home/airflow/.local/lib/python3.12/site-packages/airflow/example_dags/example_nested_branch_dag.py for tasks to queue
[2024-10-26T07:05:54.484+0000] {logging_mixin.py:190} INFO - [2024-10-26T07:05:54.484+0000] {dagbag.py:588} INFO - Filling up the DagBag from /home/airflow/.local/lib/python3.12/site-packages/airflow/example_dags/example_nested_branch_dag.py
[2024-10-26T07:05:54.496+0000] {processor.py:925} INFO - DAG(s) 'example_nested_branch_dag' retrieved from /home/airflow/.local/lib/python3.12/site-packages/airflow/example_dags/example_nested_branch_dag.py
[2024-10-26T07:05:54.510+0000] {logging_mixin.py:190} INFO - [2024-10-26T07:05:54.510+0000] {dag.py:3239} INFO - Sync 1 DAGs
[2024-10-26T07:05:54.525+0000] {logging_mixin.py:190} INFO - [2024-10-26T07:05:54.524+0000] {dag.py:4180} INFO - Setting next_dagrun for example_nested_branch_dag to 2024-10-25 00:00:00+00:00, run_after=2024-10-26 00:00:00+00:00
[2024-10-26T07:05:54.534+0000] {processor.py:208} INFO - Processing /home/airflow/.local/lib/python3.12/site-packages/airflow/example_dags/example_nested_branch_dag.py took 0.056 seconds
[2024-10-26T07:06:25.021+0000] {processor.py:186} INFO - Started process (PID=76076) to work on /home/airflow/.local/lib/python3.12/site-packages/airflow/example_dags/example_nested_branch_dag.py
[2024-10-26T07:06:25.021+0000] {processor.py:914} INFO - Processing file /home/airflow/.local/lib/python3.12/site-packages/airflow/example_dags/example_nested_branch_dag.py for tasks to queue
[2024-10-26T07:06:25.022+0000] {logging_mixin.py:190} INFO - [2024-10-26T07:06:25.022+0000] {dagbag.py:588} INFO - Filling up the DagBag from /home/airflow/.local/lib/python3.12/site-packages/airflow/example_dags/example_nested_branch_dag.py
[2024-10-26T07:06:25.029+0000] {processor.py:925} INFO - DAG(s) 'example_nested_branch_dag' retrieved from /home/airflow/.local/lib/python3.12/site-packages/airflow/example_dags/example_nested_branch_dag.py
[2024-10-26T07:06:25.058+0000] {logging_mixin.py:190} INFO - [2024-10-26T07:06:25.058+0000] {dag.py:3239} INFO - Sync 1 DAGs
[2024-10-26T07:06:25.072+0000] {logging_mixin.py:190} INFO - [2024-10-26T07:06:25.071+0000] {dag.py:4180} INFO - Setting next_dagrun for example_nested_branch_dag to 2024-10-25 00:00:00+00:00, run_after=2024-10-26 00:00:00+00:00
[2024-10-26T07:06:25.081+0000] {processor.py:208} INFO - Processing /home/airflow/.local/lib/python3.12/site-packages/airflow/example_dags/example_nested_branch_dag.py took 0.064 seconds
[2024-10-26T07:06:55.110+0000] {processor.py:186} INFO - Started process (PID=76367) to work on /home/airflow/.local/lib/python3.12/site-packages/airflow/example_dags/example_nested_branch_dag.py
[2024-10-26T07:06:55.110+0000] {processor.py:914} INFO - Processing file /home/airflow/.local/lib/python3.12/site-packages/airflow/example_dags/example_nested_branch_dag.py for tasks to queue
[2024-10-26T07:06:55.111+0000] {logging_mixin.py:190} INFO - [2024-10-26T07:06:55.111+0000] {dagbag.py:588} INFO - Filling up the DagBag from /home/airflow/.local/lib/python3.12/site-packages/airflow/example_dags/example_nested_branch_dag.py
[2024-10-26T07:06:55.119+0000] {processor.py:925} INFO - DAG(s) 'example_nested_branch_dag' retrieved from /home/airflow/.local/lib/python3.12/site-packages/airflow/example_dags/example_nested_branch_dag.py
[2024-10-26T07:06:55.135+0000] {logging_mixin.py:190} INFO - [2024-10-26T07:06:55.135+0000] {dag.py:3239} INFO - Sync 1 DAGs
[2024-10-26T07:06:55.154+0000] {logging_mixin.py:190} INFO - [2024-10-26T07:06:55.153+0000] {dag.py:4180} INFO - Setting next_dagrun for example_nested_branch_dag to 2024-10-25 00:00:00+00:00, run_after=2024-10-26 00:00:00+00:00
[2024-10-26T07:06:55.167+0000] {processor.py:208} INFO - Processing /home/airflow/.local/lib/python3.12/site-packages/airflow/example_dags/example_nested_branch_dag.py took 0.061 seconds
[2024-10-26T07:07:25.444+0000] {processor.py:186} INFO - Started process (PID=76653) to work on /home/airflow/.local/lib/python3.12/site-packages/airflow/example_dags/example_nested_branch_dag.py
[2024-10-26T07:07:25.444+0000] {processor.py:914} INFO - Processing file /home/airflow/.local/lib/python3.12/site-packages/airflow/example_dags/example_nested_branch_dag.py for tasks to queue
[2024-10-26T07:07:25.445+0000] {logging_mixin.py:190} INFO - [2024-10-26T07:07:25.445+0000] {dagbag.py:588} INFO - Filling up the DagBag from /home/airflow/.local/lib/python3.12/site-packages/airflow/example_dags/example_nested_branch_dag.py
[2024-10-26T07:07:25.457+0000] {processor.py:925} INFO - DAG(s) 'example_nested_branch_dag' retrieved from /home/airflow/.local/lib/python3.12/site-packages/airflow/example_dags/example_nested_branch_dag.py
[2024-10-26T07:07:25.473+0000] {logging_mixin.py:190} INFO - [2024-10-26T07:07:25.473+0000] {dag.py:3239} INFO - Sync 1 DAGs
[2024-10-26T07:07:25.486+0000] {logging_mixin.py:190} INFO - [2024-10-26T07:07:25.486+0000] {dag.py:4180} INFO - Setting next_dagrun for example_nested_branch_dag to 2024-10-25 00:00:00+00:00, run_after=2024-10-26 00:00:00+00:00
[2024-10-26T07:07:25.499+0000] {processor.py:208} INFO - Processing /home/airflow/.local/lib/python3.12/site-packages/airflow/example_dags/example_nested_branch_dag.py took 0.059 seconds
[2024-10-26T07:07:56.122+0000] {processor.py:186} INFO - Started process (PID=76944) to work on /home/airflow/.local/lib/python3.12/site-packages/airflow/example_dags/example_nested_branch_dag.py
[2024-10-26T07:07:56.123+0000] {processor.py:914} INFO - Processing file /home/airflow/.local/lib/python3.12/site-packages/airflow/example_dags/example_nested_branch_dag.py for tasks to queue
[2024-10-26T07:07:56.124+0000] {logging_mixin.py:190} INFO - [2024-10-26T07:07:56.123+0000] {dagbag.py:588} INFO - Filling up the DagBag from /home/airflow/.local/lib/python3.12/site-packages/airflow/example_dags/example_nested_branch_dag.py
[2024-10-26T07:07:56.132+0000] {processor.py:925} INFO - DAG(s) 'example_nested_branch_dag' retrieved from /home/airflow/.local/lib/python3.12/site-packages/airflow/example_dags/example_nested_branch_dag.py
[2024-10-26T07:07:56.147+0000] {logging_mixin.py:190} INFO - [2024-10-26T07:07:56.146+0000] {dag.py:3239} INFO - Sync 1 DAGs
[2024-10-26T07:07:56.160+0000] {logging_mixin.py:190} INFO - [2024-10-26T07:07:56.160+0000] {dag.py:4180} INFO - Setting next_dagrun for example_nested_branch_dag to 2024-10-25 00:00:00+00:00, run_after=2024-10-26 00:00:00+00:00
[2024-10-26T07:07:56.171+0000] {processor.py:208} INFO - Processing /home/airflow/.local/lib/python3.12/site-packages/airflow/example_dags/example_nested_branch_dag.py took 0.063 seconds
[2024-10-26T07:08:26.248+0000] {processor.py:186} INFO - Started process (PID=77237) to work on /home/airflow/.local/lib/python3.12/site-packages/airflow/example_dags/example_nested_branch_dag.py
[2024-10-26T07:08:26.249+0000] {processor.py:914} INFO - Processing file /home/airflow/.local/lib/python3.12/site-packages/airflow/example_dags/example_nested_branch_dag.py for tasks to queue
[2024-10-26T07:08:26.249+0000] {logging_mixin.py:190} INFO - [2024-10-26T07:08:26.249+0000] {dagbag.py:588} INFO - Filling up the DagBag from /home/airflow/.local/lib/python3.12/site-packages/airflow/example_dags/example_nested_branch_dag.py
[2024-10-26T07:08:26.257+0000] {processor.py:925} INFO - DAG(s) 'example_nested_branch_dag' retrieved from /home/airflow/.local/lib/python3.12/site-packages/airflow/example_dags/example_nested_branch_dag.py
[2024-10-26T07:08:26.268+0000] {logging_mixin.py:190} INFO - [2024-10-26T07:08:26.268+0000] {dag.py:3239} INFO - Sync 1 DAGs
[2024-10-26T07:08:26.279+0000] {logging_mixin.py:190} INFO - [2024-10-26T07:08:26.279+0000] {dag.py:4180} INFO - Setting next_dagrun for example_nested_branch_dag to 2024-10-25 00:00:00+00:00, run_after=2024-10-26 00:00:00+00:00
[2024-10-26T07:08:26.287+0000] {processor.py:208} INFO - Processing /home/airflow/.local/lib/python3.12/site-packages/airflow/example_dags/example_nested_branch_dag.py took 0.041 seconds
[2024-10-26T07:08:56.549+0000] {processor.py:186} INFO - Started process (PID=77526) to work on /home/airflow/.local/lib/python3.12/site-packages/airflow/example_dags/example_nested_branch_dag.py
[2024-10-26T07:08:56.551+0000] {processor.py:914} INFO - Processing file /home/airflow/.local/lib/python3.12/site-packages/airflow/example_dags/example_nested_branch_dag.py for tasks to queue
[2024-10-26T07:08:56.551+0000] {logging_mixin.py:190} INFO - [2024-10-26T07:08:56.551+0000] {dagbag.py:588} INFO - Filling up the DagBag from /home/airflow/.local/lib/python3.12/site-packages/airflow/example_dags/example_nested_branch_dag.py
[2024-10-26T07:08:56.557+0000] {processor.py:925} INFO - DAG(s) 'example_nested_branch_dag' retrieved from /home/airflow/.local/lib/python3.12/site-packages/airflow/example_dags/example_nested_branch_dag.py
[2024-10-26T07:08:56.568+0000] {logging_mixin.py:190} INFO - [2024-10-26T07:08:56.568+0000] {dag.py:3239} INFO - Sync 1 DAGs
[2024-10-26T07:08:56.580+0000] {logging_mixin.py:190} INFO - [2024-10-26T07:08:56.580+0000] {dag.py:4180} INFO - Setting next_dagrun for example_nested_branch_dag to 2024-10-25 00:00:00+00:00, run_after=2024-10-26 00:00:00+00:00
[2024-10-26T07:08:56.596+0000] {processor.py:208} INFO - Processing /home/airflow/.local/lib/python3.12/site-packages/airflow/example_dags/example_nested_branch_dag.py took 0.049 seconds
[2024-10-26T07:09:27.803+0000] {processor.py:186} INFO - Started process (PID=77819) to work on /home/airflow/.local/lib/python3.12/site-packages/airflow/example_dags/example_nested_branch_dag.py
[2024-10-26T07:09:27.803+0000] {processor.py:914} INFO - Processing file /home/airflow/.local/lib/python3.12/site-packages/airflow/example_dags/example_nested_branch_dag.py for tasks to queue
[2024-10-26T07:09:27.804+0000] {logging_mixin.py:190} INFO - [2024-10-26T07:09:27.804+0000] {dagbag.py:588} INFO - Filling up the DagBag from /home/airflow/.local/lib/python3.12/site-packages/airflow/example_dags/example_nested_branch_dag.py
[2024-10-26T07:09:27.810+0000] {processor.py:925} INFO - DAG(s) 'example_nested_branch_dag' retrieved from /home/airflow/.local/lib/python3.12/site-packages/airflow/example_dags/example_nested_branch_dag.py
[2024-10-26T07:09:27.824+0000] {logging_mixin.py:190} INFO - [2024-10-26T07:09:27.824+0000] {dag.py:3239} INFO - Sync 1 DAGs
[2024-10-26T07:09:27.837+0000] {logging_mixin.py:190} INFO - [2024-10-26T07:09:27.837+0000] {dag.py:4180} INFO - Setting next_dagrun for example_nested_branch_dag to 2024-10-25 00:00:00+00:00, run_after=2024-10-26 00:00:00+00:00
[2024-10-26T07:09:27.850+0000] {processor.py:208} INFO - Processing /home/airflow/.local/lib/python3.12/site-packages/airflow/example_dags/example_nested_branch_dag.py took 0.051 seconds
[2024-10-26T07:09:58.036+0000] {processor.py:186} INFO - Started process (PID=78108) to work on /home/airflow/.local/lib/python3.12/site-packages/airflow/example_dags/example_nested_branch_dag.py
[2024-10-26T07:09:58.037+0000] {processor.py:914} INFO - Processing file /home/airflow/.local/lib/python3.12/site-packages/airflow/example_dags/example_nested_branch_dag.py for tasks to queue
[2024-10-26T07:09:58.038+0000] {logging_mixin.py:190} INFO - [2024-10-26T07:09:58.038+0000] {dagbag.py:588} INFO - Filling up the DagBag from /home/airflow/.local/lib/python3.12/site-packages/airflow/example_dags/example_nested_branch_dag.py
[2024-10-26T07:09:58.045+0000] {processor.py:925} INFO - DAG(s) 'example_nested_branch_dag' retrieved from /home/airflow/.local/lib/python3.12/site-packages/airflow/example_dags/example_nested_branch_dag.py
[2024-10-26T07:09:58.057+0000] {logging_mixin.py:190} INFO - [2024-10-26T07:09:58.057+0000] {dag.py:3239} INFO - Sync 1 DAGs
[2024-10-26T07:09:58.070+0000] {logging_mixin.py:190} INFO - [2024-10-26T07:09:58.070+0000] {dag.py:4180} INFO - Setting next_dagrun for example_nested_branch_dag to 2024-10-25 00:00:00+00:00, run_after=2024-10-26 00:00:00+00:00
[2024-10-26T07:09:58.078+0000] {processor.py:208} INFO - Processing /home/airflow/.local/lib/python3.12/site-packages/airflow/example_dags/example_nested_branch_dag.py took 0.046 seconds
[2024-10-26T07:10:29.400+0000] {processor.py:186} INFO - Started process (PID=78399) to work on /home/airflow/.local/lib/python3.12/site-packages/airflow/example_dags/example_nested_branch_dag.py
[2024-10-26T07:10:29.401+0000] {processor.py:914} INFO - Processing file /home/airflow/.local/lib/python3.12/site-packages/airflow/example_dags/example_nested_branch_dag.py for tasks to queue
[2024-10-26T07:10:29.402+0000] {logging_mixin.py:190} INFO - [2024-10-26T07:10:29.402+0000] {dagbag.py:588} INFO - Filling up the DagBag from /home/airflow/.local/lib/python3.12/site-packages/airflow/example_dags/example_nested_branch_dag.py
[2024-10-26T07:10:29.412+0000] {processor.py:925} INFO - DAG(s) 'example_nested_branch_dag' retrieved from /home/airflow/.local/lib/python3.12/site-packages/airflow/example_dags/example_nested_branch_dag.py
[2024-10-26T07:10:29.429+0000] {logging_mixin.py:190} INFO - [2024-10-26T07:10:29.429+0000] {dag.py:3239} INFO - Sync 1 DAGs
[2024-10-26T07:10:29.442+0000] {logging_mixin.py:190} INFO - [2024-10-26T07:10:29.442+0000] {dag.py:4180} INFO - Setting next_dagrun for example_nested_branch_dag to 2024-10-25 00:00:00+00:00, run_after=2024-10-26 00:00:00+00:00
[2024-10-26T07:10:29.451+0000] {processor.py:208} INFO - Processing /home/airflow/.local/lib/python3.12/site-packages/airflow/example_dags/example_nested_branch_dag.py took 0.055 seconds
[2024-10-26T07:11:00.023+0000] {processor.py:186} INFO - Started process (PID=78692) to work on /home/airflow/.local/lib/python3.12/site-packages/airflow/example_dags/example_nested_branch_dag.py
[2024-10-26T07:11:00.024+0000] {processor.py:914} INFO - Processing file /home/airflow/.local/lib/python3.12/site-packages/airflow/example_dags/example_nested_branch_dag.py for tasks to queue
[2024-10-26T07:11:00.024+0000] {logging_mixin.py:190} INFO - [2024-10-26T07:11:00.024+0000] {dagbag.py:588} INFO - Filling up the DagBag from /home/airflow/.local/lib/python3.12/site-packages/airflow/example_dags/example_nested_branch_dag.py
[2024-10-26T07:11:00.030+0000] {processor.py:925} INFO - DAG(s) 'example_nested_branch_dag' retrieved from /home/airflow/.local/lib/python3.12/site-packages/airflow/example_dags/example_nested_branch_dag.py
[2024-10-26T07:11:00.049+0000] {logging_mixin.py:190} INFO - [2024-10-26T07:11:00.048+0000] {dag.py:3239} INFO - Sync 1 DAGs
[2024-10-26T07:11:00.061+0000] {logging_mixin.py:190} INFO - [2024-10-26T07:11:00.061+0000] {dag.py:4180} INFO - Setting next_dagrun for example_nested_branch_dag to 2024-10-25 00:00:00+00:00, run_after=2024-10-26 00:00:00+00:00
[2024-10-26T07:11:00.078+0000] {processor.py:208} INFO - Processing /home/airflow/.local/lib/python3.12/site-packages/airflow/example_dags/example_nested_branch_dag.py took 0.058 seconds
[2024-10-26T07:11:31.238+0000] {processor.py:186} INFO - Started process (PID=78988) to work on /home/airflow/.local/lib/python3.12/site-packages/airflow/example_dags/example_nested_branch_dag.py
[2024-10-26T07:11:31.239+0000] {processor.py:914} INFO - Processing file /home/airflow/.local/lib/python3.12/site-packages/airflow/example_dags/example_nested_branch_dag.py for tasks to queue
[2024-10-26T07:11:31.240+0000] {logging_mixin.py:190} INFO - [2024-10-26T07:11:31.240+0000] {dagbag.py:588} INFO - Filling up the DagBag from /home/airflow/.local/lib/python3.12/site-packages/airflow/example_dags/example_nested_branch_dag.py
[2024-10-26T07:11:31.247+0000] {processor.py:925} INFO - DAG(s) 'example_nested_branch_dag' retrieved from /home/airflow/.local/lib/python3.12/site-packages/airflow/example_dags/example_nested_branch_dag.py
[2024-10-26T07:11:31.262+0000] {logging_mixin.py:190} INFO - [2024-10-26T07:11:31.262+0000] {dag.py:3239} INFO - Sync 1 DAGs
[2024-10-26T07:11:31.280+0000] {logging_mixin.py:190} INFO - [2024-10-26T07:11:31.280+0000] {dag.py:4180} INFO - Setting next_dagrun for example_nested_branch_dag to 2024-10-25 00:00:00+00:00, run_after=2024-10-26 00:00:00+00:00
[2024-10-26T07:11:31.293+0000] {processor.py:208} INFO - Processing /home/airflow/.local/lib/python3.12/site-packages/airflow/example_dags/example_nested_branch_dag.py took 0.058 seconds
[2024-10-26T07:12:02.129+0000] {processor.py:186} INFO - Started process (PID=79279) to work on /home/airflow/.local/lib/python3.12/site-packages/airflow/example_dags/example_nested_branch_dag.py
[2024-10-26T07:12:02.130+0000] {processor.py:914} INFO - Processing file /home/airflow/.local/lib/python3.12/site-packages/airflow/example_dags/example_nested_branch_dag.py for tasks to queue
[2024-10-26T07:12:02.130+0000] {logging_mixin.py:190} INFO - [2024-10-26T07:12:02.130+0000] {dagbag.py:588} INFO - Filling up the DagBag from /home/airflow/.local/lib/python3.12/site-packages/airflow/example_dags/example_nested_branch_dag.py
[2024-10-26T07:12:02.139+0000] {processor.py:925} INFO - DAG(s) 'example_nested_branch_dag' retrieved from /home/airflow/.local/lib/python3.12/site-packages/airflow/example_dags/example_nested_branch_dag.py
[2024-10-26T07:12:02.156+0000] {logging_mixin.py:190} INFO - [2024-10-26T07:12:02.156+0000] {dag.py:3239} INFO - Sync 1 DAGs
[2024-10-26T07:12:02.176+0000] {logging_mixin.py:190} INFO - [2024-10-26T07:12:02.176+0000] {dag.py:4180} INFO - Setting next_dagrun for example_nested_branch_dag to 2024-10-25 00:00:00+00:00, run_after=2024-10-26 00:00:00+00:00
[2024-10-26T07:12:02.188+0000] {processor.py:208} INFO - Processing /home/airflow/.local/lib/python3.12/site-packages/airflow/example_dags/example_nested_branch_dag.py took 0.063 seconds
[2024-10-26T07:12:32.344+0000] {processor.py:186} INFO - Started process (PID=79568) to work on /home/airflow/.local/lib/python3.12/site-packages/airflow/example_dags/example_nested_branch_dag.py
[2024-10-26T07:12:32.348+0000] {processor.py:914} INFO - Processing file /home/airflow/.local/lib/python3.12/site-packages/airflow/example_dags/example_nested_branch_dag.py for tasks to queue
[2024-10-26T07:12:32.349+0000] {logging_mixin.py:190} INFO - [2024-10-26T07:12:32.349+0000] {dagbag.py:588} INFO - Filling up the DagBag from /home/airflow/.local/lib/python3.12/site-packages/airflow/example_dags/example_nested_branch_dag.py
[2024-10-26T07:12:32.354+0000] {processor.py:925} INFO - DAG(s) 'example_nested_branch_dag' retrieved from /home/airflow/.local/lib/python3.12/site-packages/airflow/example_dags/example_nested_branch_dag.py
[2024-10-26T07:12:32.370+0000] {logging_mixin.py:190} INFO - [2024-10-26T07:12:32.370+0000] {dag.py:3239} INFO - Sync 1 DAGs
[2024-10-26T07:12:32.383+0000] {logging_mixin.py:190} INFO - [2024-10-26T07:12:32.382+0000] {dag.py:4180} INFO - Setting next_dagrun for example_nested_branch_dag to 2024-10-25 00:00:00+00:00, run_after=2024-10-26 00:00:00+00:00
[2024-10-26T07:12:32.400+0000] {processor.py:208} INFO - Processing /home/airflow/.local/lib/python3.12/site-packages/airflow/example_dags/example_nested_branch_dag.py took 0.060 seconds
[2024-10-26T07:13:03.172+0000] {processor.py:186} INFO - Started process (PID=79859) to work on /home/airflow/.local/lib/python3.12/site-packages/airflow/example_dags/example_nested_branch_dag.py
[2024-10-26T07:13:03.173+0000] {processor.py:914} INFO - Processing file /home/airflow/.local/lib/python3.12/site-packages/airflow/example_dags/example_nested_branch_dag.py for tasks to queue
[2024-10-26T07:13:03.176+0000] {logging_mixin.py:190} INFO - [2024-10-26T07:13:03.176+0000] {dagbag.py:588} INFO - Filling up the DagBag from /home/airflow/.local/lib/python3.12/site-packages/airflow/example_dags/example_nested_branch_dag.py
[2024-10-26T07:13:03.186+0000] {processor.py:925} INFO - DAG(s) 'example_nested_branch_dag' retrieved from /home/airflow/.local/lib/python3.12/site-packages/airflow/example_dags/example_nested_branch_dag.py
[2024-10-26T07:13:03.203+0000] {logging_mixin.py:190} INFO - [2024-10-26T07:13:03.203+0000] {dag.py:3239} INFO - Sync 1 DAGs
[2024-10-26T07:13:03.217+0000] {logging_mixin.py:190} INFO - [2024-10-26T07:13:03.217+0000] {dag.py:4180} INFO - Setting next_dagrun for example_nested_branch_dag to 2024-10-25 00:00:00+00:00, run_after=2024-10-26 00:00:00+00:00
[2024-10-26T07:13:03.233+0000] {processor.py:208} INFO - Processing /home/airflow/.local/lib/python3.12/site-packages/airflow/example_dags/example_nested_branch_dag.py took 0.065 seconds
[2024-10-26T07:13:34.408+0000] {processor.py:186} INFO - Started process (PID=80155) to work on /home/airflow/.local/lib/python3.12/site-packages/airflow/example_dags/example_nested_branch_dag.py
[2024-10-26T07:13:34.413+0000] {processor.py:914} INFO - Processing file /home/airflow/.local/lib/python3.12/site-packages/airflow/example_dags/example_nested_branch_dag.py for tasks to queue
[2024-10-26T07:13:34.413+0000] {logging_mixin.py:190} INFO - [2024-10-26T07:13:34.413+0000] {dagbag.py:588} INFO - Filling up the DagBag from /home/airflow/.local/lib/python3.12/site-packages/airflow/example_dags/example_nested_branch_dag.py
[2024-10-26T07:13:34.419+0000] {processor.py:925} INFO - DAG(s) 'example_nested_branch_dag' retrieved from /home/airflow/.local/lib/python3.12/site-packages/airflow/example_dags/example_nested_branch_dag.py
[2024-10-26T07:13:34.434+0000] {logging_mixin.py:190} INFO - [2024-10-26T07:13:34.434+0000] {dag.py:3239} INFO - Sync 1 DAGs
[2024-10-26T07:13:34.450+0000] {logging_mixin.py:190} INFO - [2024-10-26T07:13:34.450+0000] {dag.py:4180} INFO - Setting next_dagrun for example_nested_branch_dag to 2024-10-25 00:00:00+00:00, run_after=2024-10-26 00:00:00+00:00
[2024-10-26T07:13:34.459+0000] {processor.py:208} INFO - Processing /home/airflow/.local/lib/python3.12/site-packages/airflow/example_dags/example_nested_branch_dag.py took 0.055 seconds
[2024-10-26T07:14:04.961+0000] {processor.py:186} INFO - Started process (PID=80451) to work on /home/airflow/.local/lib/python3.12/site-packages/airflow/example_dags/example_nested_branch_dag.py
[2024-10-26T07:14:04.963+0000] {processor.py:914} INFO - Processing file /home/airflow/.local/lib/python3.12/site-packages/airflow/example_dags/example_nested_branch_dag.py for tasks to queue
[2024-10-26T07:14:04.965+0000] {logging_mixin.py:190} INFO - [2024-10-26T07:14:04.965+0000] {dagbag.py:588} INFO - Filling up the DagBag from /home/airflow/.local/lib/python3.12/site-packages/airflow/example_dags/example_nested_branch_dag.py
[2024-10-26T07:14:04.971+0000] {processor.py:925} INFO - DAG(s) 'example_nested_branch_dag' retrieved from /home/airflow/.local/lib/python3.12/site-packages/airflow/example_dags/example_nested_branch_dag.py
[2024-10-26T07:14:04.983+0000] {logging_mixin.py:190} INFO - [2024-10-26T07:14:04.983+0000] {dag.py:3239} INFO - Sync 1 DAGs
[2024-10-26T07:14:05.109+0000] {logging_mixin.py:190} INFO - [2024-10-26T07:14:05.109+0000] {dag.py:4180} INFO - Setting next_dagrun for example_nested_branch_dag to 2024-10-25 00:00:00+00:00, run_after=2024-10-26 00:00:00+00:00
[2024-10-26T07:14:05.123+0000] {processor.py:208} INFO - Processing /home/airflow/.local/lib/python3.12/site-packages/airflow/example_dags/example_nested_branch_dag.py took 0.165 seconds
[2024-10-26T07:14:35.983+0000] {processor.py:186} INFO - Started process (PID=80744) to work on /home/airflow/.local/lib/python3.12/site-packages/airflow/example_dags/example_nested_branch_dag.py
[2024-10-26T07:14:35.983+0000] {processor.py:914} INFO - Processing file /home/airflow/.local/lib/python3.12/site-packages/airflow/example_dags/example_nested_branch_dag.py for tasks to queue
[2024-10-26T07:14:35.984+0000] {logging_mixin.py:190} INFO - [2024-10-26T07:14:35.984+0000] {dagbag.py:588} INFO - Filling up the DagBag from /home/airflow/.local/lib/python3.12/site-packages/airflow/example_dags/example_nested_branch_dag.py
[2024-10-26T07:14:35.990+0000] {processor.py:925} INFO - DAG(s) 'example_nested_branch_dag' retrieved from /home/airflow/.local/lib/python3.12/site-packages/airflow/example_dags/example_nested_branch_dag.py
[2024-10-26T07:14:36.007+0000] {logging_mixin.py:190} INFO - [2024-10-26T07:14:36.007+0000] {dag.py:3239} INFO - Sync 1 DAGs
[2024-10-26T07:14:36.020+0000] {logging_mixin.py:190} INFO - [2024-10-26T07:14:36.020+0000] {dag.py:4180} INFO - Setting next_dagrun for example_nested_branch_dag to 2024-10-25 00:00:00+00:00, run_after=2024-10-26 00:00:00+00:00
[2024-10-26T07:14:36.136+0000] {processor.py:208} INFO - Processing /home/airflow/.local/lib/python3.12/site-packages/airflow/example_dags/example_nested_branch_dag.py took 0.159 seconds
[2024-10-26T07:15:06.325+0000] {processor.py:186} INFO - Started process (PID=81043) to work on /home/airflow/.local/lib/python3.12/site-packages/airflow/example_dags/example_nested_branch_dag.py
[2024-10-26T07:15:06.326+0000] {processor.py:914} INFO - Processing file /home/airflow/.local/lib/python3.12/site-packages/airflow/example_dags/example_nested_branch_dag.py for tasks to queue
[2024-10-26T07:15:06.335+0000] {logging_mixin.py:190} INFO - [2024-10-26T07:15:06.330+0000] {dagbag.py:588} INFO - Filling up the DagBag from /home/airflow/.local/lib/python3.12/site-packages/airflow/example_dags/example_nested_branch_dag.py
[2024-10-26T07:15:06.366+0000] {processor.py:925} INFO - DAG(s) 'example_nested_branch_dag' retrieved from /home/airflow/.local/lib/python3.12/site-packages/airflow/example_dags/example_nested_branch_dag.py
[2024-10-26T07:15:06.387+0000] {logging_mixin.py:190} INFO - [2024-10-26T07:15:06.387+0000] {dag.py:3239} INFO - Sync 1 DAGs
[2024-10-26T07:15:06.403+0000] {logging_mixin.py:190} INFO - [2024-10-26T07:15:06.403+0000] {dag.py:4180} INFO - Setting next_dagrun for example_nested_branch_dag to 2024-10-25 00:00:00+00:00, run_after=2024-10-26 00:00:00+00:00
[2024-10-26T07:15:06.423+0000] {processor.py:208} INFO - Processing /home/airflow/.local/lib/python3.12/site-packages/airflow/example_dags/example_nested_branch_dag.py took 0.103 seconds
[2024-10-26T07:15:36.555+0000] {processor.py:186} INFO - Started process (PID=81324) to work on /home/airflow/.local/lib/python3.12/site-packages/airflow/example_dags/example_nested_branch_dag.py
[2024-10-26T07:15:36.556+0000] {processor.py:914} INFO - Processing file /home/airflow/.local/lib/python3.12/site-packages/airflow/example_dags/example_nested_branch_dag.py for tasks to queue
[2024-10-26T07:15:36.557+0000] {logging_mixin.py:190} INFO - [2024-10-26T07:15:36.557+0000] {dagbag.py:588} INFO - Filling up the DagBag from /home/airflow/.local/lib/python3.12/site-packages/airflow/example_dags/example_nested_branch_dag.py
[2024-10-26T07:15:36.564+0000] {processor.py:925} INFO - DAG(s) 'example_nested_branch_dag' retrieved from /home/airflow/.local/lib/python3.12/site-packages/airflow/example_dags/example_nested_branch_dag.py
[2024-10-26T07:15:36.579+0000] {logging_mixin.py:190} INFO - [2024-10-26T07:15:36.579+0000] {dag.py:3239} INFO - Sync 1 DAGs
[2024-10-26T07:15:36.593+0000] {logging_mixin.py:190} INFO - [2024-10-26T07:15:36.592+0000] {dag.py:4180} INFO - Setting next_dagrun for example_nested_branch_dag to 2024-10-25 00:00:00+00:00, run_after=2024-10-26 00:00:00+00:00
[2024-10-26T07:15:36.602+0000] {processor.py:208} INFO - Processing /home/airflow/.local/lib/python3.12/site-packages/airflow/example_dags/example_nested_branch_dag.py took 0.051 seconds
[2024-10-26T07:16:07.604+0000] {processor.py:186} INFO - Started process (PID=81615) to work on /home/airflow/.local/lib/python3.12/site-packages/airflow/example_dags/example_nested_branch_dag.py
[2024-10-26T07:16:07.605+0000] {processor.py:914} INFO - Processing file /home/airflow/.local/lib/python3.12/site-packages/airflow/example_dags/example_nested_branch_dag.py for tasks to queue
[2024-10-26T07:16:07.606+0000] {logging_mixin.py:190} INFO - [2024-10-26T07:16:07.606+0000] {dagbag.py:588} INFO - Filling up the DagBag from /home/airflow/.local/lib/python3.12/site-packages/airflow/example_dags/example_nested_branch_dag.py
[2024-10-26T07:16:07.612+0000] {processor.py:925} INFO - DAG(s) 'example_nested_branch_dag' retrieved from /home/airflow/.local/lib/python3.12/site-packages/airflow/example_dags/example_nested_branch_dag.py
[2024-10-26T07:16:07.624+0000] {logging_mixin.py:190} INFO - [2024-10-26T07:16:07.624+0000] {dag.py:3239} INFO - Sync 1 DAGs
[2024-10-26T07:16:07.637+0000] {logging_mixin.py:190} INFO - [2024-10-26T07:16:07.637+0000] {dag.py:4180} INFO - Setting next_dagrun for example_nested_branch_dag to 2024-10-25 00:00:00+00:00, run_after=2024-10-26 00:00:00+00:00
[2024-10-26T07:16:07.649+0000] {processor.py:208} INFO - Processing /home/airflow/.local/lib/python3.12/site-packages/airflow/example_dags/example_nested_branch_dag.py took 0.048 seconds
[2024-10-26T07:16:38.214+0000] {processor.py:186} INFO - Started process (PID=81906) to work on /home/airflow/.local/lib/python3.12/site-packages/airflow/example_dags/example_nested_branch_dag.py
[2024-10-26T07:16:38.215+0000] {processor.py:914} INFO - Processing file /home/airflow/.local/lib/python3.12/site-packages/airflow/example_dags/example_nested_branch_dag.py for tasks to queue
[2024-10-26T07:16:38.216+0000] {logging_mixin.py:190} INFO - [2024-10-26T07:16:38.216+0000] {dagbag.py:588} INFO - Filling up the DagBag from /home/airflow/.local/lib/python3.12/site-packages/airflow/example_dags/example_nested_branch_dag.py
[2024-10-26T07:16:38.224+0000] {processor.py:925} INFO - DAG(s) 'example_nested_branch_dag' retrieved from /home/airflow/.local/lib/python3.12/site-packages/airflow/example_dags/example_nested_branch_dag.py
[2024-10-26T07:16:38.238+0000] {logging_mixin.py:190} INFO - [2024-10-26T07:16:38.238+0000] {dag.py:3239} INFO - Sync 1 DAGs
[2024-10-26T07:16:38.252+0000] {logging_mixin.py:190} INFO - [2024-10-26T07:16:38.252+0000] {dag.py:4180} INFO - Setting next_dagrun for example_nested_branch_dag to 2024-10-25 00:00:00+00:00, run_after=2024-10-26 00:00:00+00:00
[2024-10-26T07:16:38.265+0000] {processor.py:208} INFO - Processing /home/airflow/.local/lib/python3.12/site-packages/airflow/example_dags/example_nested_branch_dag.py took 0.055 seconds
[2024-10-26T07:17:08.944+0000] {processor.py:186} INFO - Started process (PID=82198) to work on /home/airflow/.local/lib/python3.12/site-packages/airflow/example_dags/example_nested_branch_dag.py
[2024-10-26T07:17:08.944+0000] {processor.py:914} INFO - Processing file /home/airflow/.local/lib/python3.12/site-packages/airflow/example_dags/example_nested_branch_dag.py for tasks to queue
[2024-10-26T07:17:08.945+0000] {logging_mixin.py:190} INFO - [2024-10-26T07:17:08.945+0000] {dagbag.py:588} INFO - Filling up the DagBag from /home/airflow/.local/lib/python3.12/site-packages/airflow/example_dags/example_nested_branch_dag.py
[2024-10-26T07:17:08.951+0000] {processor.py:925} INFO - DAG(s) 'example_nested_branch_dag' retrieved from /home/airflow/.local/lib/python3.12/site-packages/airflow/example_dags/example_nested_branch_dag.py
[2024-10-26T07:17:08.970+0000] {logging_mixin.py:190} INFO - [2024-10-26T07:17:08.970+0000] {dag.py:3239} INFO - Sync 1 DAGs
[2024-10-26T07:17:08.986+0000] {logging_mixin.py:190} INFO - [2024-10-26T07:17:08.986+0000] {dag.py:4180} INFO - Setting next_dagrun for example_nested_branch_dag to 2024-10-25 00:00:00+00:00, run_after=2024-10-26 00:00:00+00:00
[2024-10-26T07:17:08.997+0000] {processor.py:208} INFO - Processing /home/airflow/.local/lib/python3.12/site-packages/airflow/example_dags/example_nested_branch_dag.py took 0.057 seconds
[2024-10-26T07:17:39.886+0000] {processor.py:186} INFO - Started process (PID=82489) to work on /home/airflow/.local/lib/python3.12/site-packages/airflow/example_dags/example_nested_branch_dag.py
[2024-10-26T07:17:39.886+0000] {processor.py:914} INFO - Processing file /home/airflow/.local/lib/python3.12/site-packages/airflow/example_dags/example_nested_branch_dag.py for tasks to queue
[2024-10-26T07:17:39.887+0000] {logging_mixin.py:190} INFO - [2024-10-26T07:17:39.887+0000] {dagbag.py:588} INFO - Filling up the DagBag from /home/airflow/.local/lib/python3.12/site-packages/airflow/example_dags/example_nested_branch_dag.py
[2024-10-26T07:17:39.892+0000] {processor.py:925} INFO - DAG(s) 'example_nested_branch_dag' retrieved from /home/airflow/.local/lib/python3.12/site-packages/airflow/example_dags/example_nested_branch_dag.py
[2024-10-26T07:17:39.913+0000] {logging_mixin.py:190} INFO - [2024-10-26T07:17:39.913+0000] {dag.py:3239} INFO - Sync 1 DAGs
[2024-10-26T07:17:39.928+0000] {logging_mixin.py:190} INFO - [2024-10-26T07:17:39.928+0000] {dag.py:4180} INFO - Setting next_dagrun for example_nested_branch_dag to 2024-10-25 00:00:00+00:00, run_after=2024-10-26 00:00:00+00:00
[2024-10-26T07:17:39.940+0000] {processor.py:208} INFO - Processing /home/airflow/.local/lib/python3.12/site-packages/airflow/example_dags/example_nested_branch_dag.py took 0.057 seconds
[2024-10-26T07:18:11.019+0000] {processor.py:186} INFO - Started process (PID=82778) to work on /home/airflow/.local/lib/python3.12/site-packages/airflow/example_dags/example_nested_branch_dag.py
[2024-10-26T07:18:11.020+0000] {processor.py:914} INFO - Processing file /home/airflow/.local/lib/python3.12/site-packages/airflow/example_dags/example_nested_branch_dag.py for tasks to queue
[2024-10-26T07:18:11.021+0000] {logging_mixin.py:190} INFO - [2024-10-26T07:18:11.021+0000] {dagbag.py:588} INFO - Filling up the DagBag from /home/airflow/.local/lib/python3.12/site-packages/airflow/example_dags/example_nested_branch_dag.py
[2024-10-26T07:18:11.027+0000] {processor.py:925} INFO - DAG(s) 'example_nested_branch_dag' retrieved from /home/airflow/.local/lib/python3.12/site-packages/airflow/example_dags/example_nested_branch_dag.py
[2024-10-26T07:18:11.042+0000] {logging_mixin.py:190} INFO - [2024-10-26T07:18:11.042+0000] {dag.py:3239} INFO - Sync 1 DAGs
[2024-10-26T07:18:11.055+0000] {logging_mixin.py:190} INFO - [2024-10-26T07:18:11.055+0000] {dag.py:4180} INFO - Setting next_dagrun for example_nested_branch_dag to 2024-10-25 00:00:00+00:00, run_after=2024-10-26 00:00:00+00:00
[2024-10-26T07:18:11.064+0000] {processor.py:208} INFO - Processing /home/airflow/.local/lib/python3.12/site-packages/airflow/example_dags/example_nested_branch_dag.py took 0.048 seconds
[2024-10-26T07:18:41.329+0000] {processor.py:186} INFO - Started process (PID=83069) to work on /home/airflow/.local/lib/python3.12/site-packages/airflow/example_dags/example_nested_branch_dag.py
[2024-10-26T07:18:41.330+0000] {processor.py:914} INFO - Processing file /home/airflow/.local/lib/python3.12/site-packages/airflow/example_dags/example_nested_branch_dag.py for tasks to queue
[2024-10-26T07:18:41.331+0000] {logging_mixin.py:190} INFO - [2024-10-26T07:18:41.330+0000] {dagbag.py:588} INFO - Filling up the DagBag from /home/airflow/.local/lib/python3.12/site-packages/airflow/example_dags/example_nested_branch_dag.py
[2024-10-26T07:18:41.336+0000] {processor.py:925} INFO - DAG(s) 'example_nested_branch_dag' retrieved from /home/airflow/.local/lib/python3.12/site-packages/airflow/example_dags/example_nested_branch_dag.py
[2024-10-26T07:18:41.348+0000] {logging_mixin.py:190} INFO - [2024-10-26T07:18:41.348+0000] {dag.py:3239} INFO - Sync 1 DAGs
[2024-10-26T07:18:41.360+0000] {logging_mixin.py:190} INFO - [2024-10-26T07:18:41.360+0000] {dag.py:4180} INFO - Setting next_dagrun for example_nested_branch_dag to 2024-10-25 00:00:00+00:00, run_after=2024-10-26 00:00:00+00:00
[2024-10-26T07:18:41.370+0000] {processor.py:208} INFO - Processing /home/airflow/.local/lib/python3.12/site-packages/airflow/example_dags/example_nested_branch_dag.py took 0.044 seconds
[2024-10-26T07:19:11.656+0000] {processor.py:186} INFO - Started process (PID=83359) to work on /home/airflow/.local/lib/python3.12/site-packages/airflow/example_dags/example_nested_branch_dag.py
[2024-10-26T07:19:11.656+0000] {processor.py:914} INFO - Processing file /home/airflow/.local/lib/python3.12/site-packages/airflow/example_dags/example_nested_branch_dag.py for tasks to queue
[2024-10-26T07:19:11.658+0000] {logging_mixin.py:190} INFO - [2024-10-26T07:19:11.657+0000] {dagbag.py:588} INFO - Filling up the DagBag from /home/airflow/.local/lib/python3.12/site-packages/airflow/example_dags/example_nested_branch_dag.py
[2024-10-26T07:19:11.665+0000] {processor.py:925} INFO - DAG(s) 'example_nested_branch_dag' retrieved from /home/airflow/.local/lib/python3.12/site-packages/airflow/example_dags/example_nested_branch_dag.py
[2024-10-26T07:19:11.682+0000] {logging_mixin.py:190} INFO - [2024-10-26T07:19:11.681+0000] {dag.py:3239} INFO - Sync 1 DAGs
[2024-10-26T07:19:11.697+0000] {logging_mixin.py:190} INFO - [2024-10-26T07:19:11.697+0000] {dag.py:4180} INFO - Setting next_dagrun for example_nested_branch_dag to 2024-10-25 00:00:00+00:00, run_after=2024-10-26 00:00:00+00:00
[2024-10-26T07:19:11.707+0000] {processor.py:208} INFO - Processing /home/airflow/.local/lib/python3.12/site-packages/airflow/example_dags/example_nested_branch_dag.py took 0.055 seconds
[2024-10-26T07:19:42.724+0000] {processor.py:186} INFO - Started process (PID=83650) to work on /home/airflow/.local/lib/python3.12/site-packages/airflow/example_dags/example_nested_branch_dag.py
[2024-10-26T07:19:42.725+0000] {processor.py:914} INFO - Processing file /home/airflow/.local/lib/python3.12/site-packages/airflow/example_dags/example_nested_branch_dag.py for tasks to queue
[2024-10-26T07:19:42.725+0000] {logging_mixin.py:190} INFO - [2024-10-26T07:19:42.725+0000] {dagbag.py:588} INFO - Filling up the DagBag from /home/airflow/.local/lib/python3.12/site-packages/airflow/example_dags/example_nested_branch_dag.py
[2024-10-26T07:19:42.733+0000] {processor.py:925} INFO - DAG(s) 'example_nested_branch_dag' retrieved from /home/airflow/.local/lib/python3.12/site-packages/airflow/example_dags/example_nested_branch_dag.py
[2024-10-26T07:19:42.750+0000] {logging_mixin.py:190} INFO - [2024-10-26T07:19:42.750+0000] {dag.py:3239} INFO - Sync 1 DAGs
[2024-10-26T07:19:42.768+0000] {logging_mixin.py:190} INFO - [2024-10-26T07:19:42.768+0000] {dag.py:4180} INFO - Setting next_dagrun for example_nested_branch_dag to 2024-10-25 00:00:00+00:00, run_after=2024-10-26 00:00:00+00:00
[2024-10-26T07:19:42.784+0000] {processor.py:208} INFO - Processing /home/airflow/.local/lib/python3.12/site-packages/airflow/example_dags/example_nested_branch_dag.py took 0.065 seconds
[2024-10-26T07:20:13.681+0000] {processor.py:186} INFO - Started process (PID=83941) to work on /home/airflow/.local/lib/python3.12/site-packages/airflow/example_dags/example_nested_branch_dag.py
[2024-10-26T07:20:13.682+0000] {processor.py:914} INFO - Processing file /home/airflow/.local/lib/python3.12/site-packages/airflow/example_dags/example_nested_branch_dag.py for tasks to queue
[2024-10-26T07:20:13.683+0000] {logging_mixin.py:190} INFO - [2024-10-26T07:20:13.683+0000] {dagbag.py:588} INFO - Filling up the DagBag from /home/airflow/.local/lib/python3.12/site-packages/airflow/example_dags/example_nested_branch_dag.py
[2024-10-26T07:20:13.689+0000] {processor.py:925} INFO - DAG(s) 'example_nested_branch_dag' retrieved from /home/airflow/.local/lib/python3.12/site-packages/airflow/example_dags/example_nested_branch_dag.py
[2024-10-26T07:20:13.705+0000] {logging_mixin.py:190} INFO - [2024-10-26T07:20:13.705+0000] {dag.py:3239} INFO - Sync 1 DAGs
[2024-10-26T07:20:13.720+0000] {logging_mixin.py:190} INFO - [2024-10-26T07:20:13.720+0000] {dag.py:4180} INFO - Setting next_dagrun for example_nested_branch_dag to 2024-10-25 00:00:00+00:00, run_after=2024-10-26 00:00:00+00:00
[2024-10-26T07:20:13.731+0000] {processor.py:208} INFO - Processing /home/airflow/.local/lib/python3.12/site-packages/airflow/example_dags/example_nested_branch_dag.py took 0.053 seconds
[2024-10-26T07:20:43.893+0000] {processor.py:186} INFO - Started process (PID=84232) to work on /home/airflow/.local/lib/python3.12/site-packages/airflow/example_dags/example_nested_branch_dag.py
[2024-10-26T07:20:43.893+0000] {processor.py:914} INFO - Processing file /home/airflow/.local/lib/python3.12/site-packages/airflow/example_dags/example_nested_branch_dag.py for tasks to queue
[2024-10-26T07:20:43.894+0000] {logging_mixin.py:190} INFO - [2024-10-26T07:20:43.894+0000] {dagbag.py:588} INFO - Filling up the DagBag from /home/airflow/.local/lib/python3.12/site-packages/airflow/example_dags/example_nested_branch_dag.py
[2024-10-26T07:20:43.900+0000] {processor.py:925} INFO - DAG(s) 'example_nested_branch_dag' retrieved from /home/airflow/.local/lib/python3.12/site-packages/airflow/example_dags/example_nested_branch_dag.py
[2024-10-26T07:20:43.912+0000] {logging_mixin.py:190} INFO - [2024-10-26T07:20:43.912+0000] {dag.py:3239} INFO - Sync 1 DAGs
[2024-10-26T07:20:43.926+0000] {logging_mixin.py:190} INFO - [2024-10-26T07:20:43.926+0000] {dag.py:4180} INFO - Setting next_dagrun for example_nested_branch_dag to 2024-10-25 00:00:00+00:00, run_after=2024-10-26 00:00:00+00:00
[2024-10-26T07:20:43.935+0000] {processor.py:208} INFO - Processing /home/airflow/.local/lib/python3.12/site-packages/airflow/example_dags/example_nested_branch_dag.py took 0.046 seconds
[2024-10-26T07:21:14.731+0000] {processor.py:186} INFO - Started process (PID=84523) to work on /home/airflow/.local/lib/python3.12/site-packages/airflow/example_dags/example_nested_branch_dag.py
[2024-10-26T07:21:14.732+0000] {processor.py:914} INFO - Processing file /home/airflow/.local/lib/python3.12/site-packages/airflow/example_dags/example_nested_branch_dag.py for tasks to queue
[2024-10-26T07:21:14.733+0000] {logging_mixin.py:190} INFO - [2024-10-26T07:21:14.733+0000] {dagbag.py:588} INFO - Filling up the DagBag from /home/airflow/.local/lib/python3.12/site-packages/airflow/example_dags/example_nested_branch_dag.py
[2024-10-26T07:21:14.739+0000] {processor.py:925} INFO - DAG(s) 'example_nested_branch_dag' retrieved from /home/airflow/.local/lib/python3.12/site-packages/airflow/example_dags/example_nested_branch_dag.py
[2024-10-26T07:21:14.753+0000] {logging_mixin.py:190} INFO - [2024-10-26T07:21:14.753+0000] {dag.py:3239} INFO - Sync 1 DAGs
[2024-10-26T07:21:14.765+0000] {logging_mixin.py:190} INFO - [2024-10-26T07:21:14.765+0000] {dag.py:4180} INFO - Setting next_dagrun for example_nested_branch_dag to 2024-10-25 00:00:00+00:00, run_after=2024-10-26 00:00:00+00:00
[2024-10-26T07:21:14.782+0000] {processor.py:208} INFO - Processing /home/airflow/.local/lib/python3.12/site-packages/airflow/example_dags/example_nested_branch_dag.py took 0.054 seconds
[2024-10-26T07:21:45.421+0000] {processor.py:186} INFO - Started process (PID=84814) to work on /home/airflow/.local/lib/python3.12/site-packages/airflow/example_dags/example_nested_branch_dag.py
[2024-10-26T07:21:45.422+0000] {processor.py:914} INFO - Processing file /home/airflow/.local/lib/python3.12/site-packages/airflow/example_dags/example_nested_branch_dag.py for tasks to queue
[2024-10-26T07:21:45.423+0000] {logging_mixin.py:190} INFO - [2024-10-26T07:21:45.423+0000] {dagbag.py:588} INFO - Filling up the DagBag from /home/airflow/.local/lib/python3.12/site-packages/airflow/example_dags/example_nested_branch_dag.py
[2024-10-26T07:21:45.429+0000] {processor.py:925} INFO - DAG(s) 'example_nested_branch_dag' retrieved from /home/airflow/.local/lib/python3.12/site-packages/airflow/example_dags/example_nested_branch_dag.py
[2024-10-26T07:21:45.440+0000] {logging_mixin.py:190} INFO - [2024-10-26T07:21:45.440+0000] {dag.py:3239} INFO - Sync 1 DAGs
[2024-10-26T07:21:45.454+0000] {logging_mixin.py:190} INFO - [2024-10-26T07:21:45.454+0000] {dag.py:4180} INFO - Setting next_dagrun for example_nested_branch_dag to 2024-10-25 00:00:00+00:00, run_after=2024-10-26 00:00:00+00:00
[2024-10-26T07:21:45.463+0000] {processor.py:208} INFO - Processing /home/airflow/.local/lib/python3.12/site-packages/airflow/example_dags/example_nested_branch_dag.py took 0.045 seconds
[2024-10-26T07:22:16.381+0000] {processor.py:186} INFO - Started process (PID=85105) to work on /home/airflow/.local/lib/python3.12/site-packages/airflow/example_dags/example_nested_branch_dag.py
[2024-10-26T07:22:16.384+0000] {processor.py:914} INFO - Processing file /home/airflow/.local/lib/python3.12/site-packages/airflow/example_dags/example_nested_branch_dag.py for tasks to queue
[2024-10-26T07:22:16.385+0000] {logging_mixin.py:190} INFO - [2024-10-26T07:22:16.385+0000] {dagbag.py:588} INFO - Filling up the DagBag from /home/airflow/.local/lib/python3.12/site-packages/airflow/example_dags/example_nested_branch_dag.py
[2024-10-26T07:22:16.391+0000] {processor.py:925} INFO - DAG(s) 'example_nested_branch_dag' retrieved from /home/airflow/.local/lib/python3.12/site-packages/airflow/example_dags/example_nested_branch_dag.py
[2024-10-26T07:22:16.403+0000] {logging_mixin.py:190} INFO - [2024-10-26T07:22:16.402+0000] {dag.py:3239} INFO - Sync 1 DAGs
[2024-10-26T07:22:16.415+0000] {logging_mixin.py:190} INFO - [2024-10-26T07:22:16.415+0000] {dag.py:4180} INFO - Setting next_dagrun for example_nested_branch_dag to 2024-10-25 00:00:00+00:00, run_after=2024-10-26 00:00:00+00:00
[2024-10-26T07:22:16.424+0000] {processor.py:208} INFO - Processing /home/airflow/.local/lib/python3.12/site-packages/airflow/example_dags/example_nested_branch_dag.py took 0.046 seconds
[2024-10-26T07:22:47.240+0000] {processor.py:186} INFO - Started process (PID=85396) to work on /home/airflow/.local/lib/python3.12/site-packages/airflow/example_dags/example_nested_branch_dag.py
[2024-10-26T07:22:47.242+0000] {processor.py:914} INFO - Processing file /home/airflow/.local/lib/python3.12/site-packages/airflow/example_dags/example_nested_branch_dag.py for tasks to queue
[2024-10-26T07:22:47.243+0000] {logging_mixin.py:190} INFO - [2024-10-26T07:22:47.243+0000] {dagbag.py:588} INFO - Filling up the DagBag from /home/airflow/.local/lib/python3.12/site-packages/airflow/example_dags/example_nested_branch_dag.py
[2024-10-26T07:22:47.249+0000] {processor.py:925} INFO - DAG(s) 'example_nested_branch_dag' retrieved from /home/airflow/.local/lib/python3.12/site-packages/airflow/example_dags/example_nested_branch_dag.py
[2024-10-26T07:22:47.261+0000] {logging_mixin.py:190} INFO - [2024-10-26T07:22:47.260+0000] {dag.py:3239} INFO - Sync 1 DAGs
[2024-10-26T07:22:47.272+0000] {logging_mixin.py:190} INFO - [2024-10-26T07:22:47.272+0000] {dag.py:4180} INFO - Setting next_dagrun for example_nested_branch_dag to 2024-10-25 00:00:00+00:00, run_after=2024-10-26 00:00:00+00:00
[2024-10-26T07:22:47.289+0000] {processor.py:208} INFO - Processing /home/airflow/.local/lib/python3.12/site-packages/airflow/example_dags/example_nested_branch_dag.py took 0.051 seconds
[2024-10-26T07:23:18.088+0000] {processor.py:186} INFO - Started process (PID=85687) to work on /home/airflow/.local/lib/python3.12/site-packages/airflow/example_dags/example_nested_branch_dag.py
[2024-10-26T07:23:18.089+0000] {processor.py:914} INFO - Processing file /home/airflow/.local/lib/python3.12/site-packages/airflow/example_dags/example_nested_branch_dag.py for tasks to queue
[2024-10-26T07:23:18.090+0000] {logging_mixin.py:190} INFO - [2024-10-26T07:23:18.090+0000] {dagbag.py:588} INFO - Filling up the DagBag from /home/airflow/.local/lib/python3.12/site-packages/airflow/example_dags/example_nested_branch_dag.py
[2024-10-26T07:23:18.096+0000] {processor.py:925} INFO - DAG(s) 'example_nested_branch_dag' retrieved from /home/airflow/.local/lib/python3.12/site-packages/airflow/example_dags/example_nested_branch_dag.py
[2024-10-26T07:23:18.107+0000] {logging_mixin.py:190} INFO - [2024-10-26T07:23:18.107+0000] {dag.py:3239} INFO - Sync 1 DAGs
[2024-10-26T07:23:18.120+0000] {logging_mixin.py:190} INFO - [2024-10-26T07:23:18.120+0000] {dag.py:4180} INFO - Setting next_dagrun for example_nested_branch_dag to 2024-10-25 00:00:00+00:00, run_after=2024-10-26 00:00:00+00:00
[2024-10-26T07:23:18.128+0000] {processor.py:208} INFO - Processing /home/airflow/.local/lib/python3.12/site-packages/airflow/example_dags/example_nested_branch_dag.py took 0.043 seconds
[2024-10-26T07:23:48.965+0000] {processor.py:186} INFO - Started process (PID=85980) to work on /home/airflow/.local/lib/python3.12/site-packages/airflow/example_dags/example_nested_branch_dag.py
[2024-10-26T07:23:48.966+0000] {processor.py:914} INFO - Processing file /home/airflow/.local/lib/python3.12/site-packages/airflow/example_dags/example_nested_branch_dag.py for tasks to queue
[2024-10-26T07:23:48.967+0000] {logging_mixin.py:190} INFO - [2024-10-26T07:23:48.967+0000] {dagbag.py:588} INFO - Filling up the DagBag from /home/airflow/.local/lib/python3.12/site-packages/airflow/example_dags/example_nested_branch_dag.py
[2024-10-26T07:23:48.989+0000] {processor.py:925} INFO - DAG(s) 'example_nested_branch_dag' retrieved from /home/airflow/.local/lib/python3.12/site-packages/airflow/example_dags/example_nested_branch_dag.py
[2024-10-26T07:23:49.010+0000] {logging_mixin.py:190} INFO - [2024-10-26T07:23:49.009+0000] {dag.py:3239} INFO - Sync 1 DAGs
[2024-10-26T07:23:49.025+0000] {logging_mixin.py:190} INFO - [2024-10-26T07:23:49.024+0000] {dag.py:4180} INFO - Setting next_dagrun for example_nested_branch_dag to 2024-10-25 00:00:00+00:00, run_after=2024-10-26 00:00:00+00:00
[2024-10-26T07:23:49.036+0000] {processor.py:208} INFO - Processing /home/airflow/.local/lib/python3.12/site-packages/airflow/example_dags/example_nested_branch_dag.py took 0.077 seconds
[2024-10-26T07:24:19.602+0000] {processor.py:186} INFO - Started process (PID=86269) to work on /home/airflow/.local/lib/python3.12/site-packages/airflow/example_dags/example_nested_branch_dag.py
[2024-10-26T07:24:19.602+0000] {processor.py:914} INFO - Processing file /home/airflow/.local/lib/python3.12/site-packages/airflow/example_dags/example_nested_branch_dag.py for tasks to queue
[2024-10-26T07:24:19.603+0000] {logging_mixin.py:190} INFO - [2024-10-26T07:24:19.603+0000] {dagbag.py:588} INFO - Filling up the DagBag from /home/airflow/.local/lib/python3.12/site-packages/airflow/example_dags/example_nested_branch_dag.py
[2024-10-26T07:24:19.609+0000] {processor.py:925} INFO - DAG(s) 'example_nested_branch_dag' retrieved from /home/airflow/.local/lib/python3.12/site-packages/airflow/example_dags/example_nested_branch_dag.py
[2024-10-26T07:24:19.623+0000] {logging_mixin.py:190} INFO - [2024-10-26T07:24:19.623+0000] {dag.py:3239} INFO - Sync 1 DAGs
[2024-10-26T07:24:19.637+0000] {logging_mixin.py:190} INFO - [2024-10-26T07:24:19.637+0000] {dag.py:4180} INFO - Setting next_dagrun for example_nested_branch_dag to 2024-10-25 00:00:00+00:00, run_after=2024-10-26 00:00:00+00:00
[2024-10-26T07:24:19.646+0000] {processor.py:208} INFO - Processing /home/airflow/.local/lib/python3.12/site-packages/airflow/example_dags/example_nested_branch_dag.py took 0.048 seconds
[2024-10-26T07:24:49.852+0000] {processor.py:186} INFO - Started process (PID=86560) to work on /home/airflow/.local/lib/python3.12/site-packages/airflow/example_dags/example_nested_branch_dag.py
[2024-10-26T07:24:49.854+0000] {processor.py:914} INFO - Processing file /home/airflow/.local/lib/python3.12/site-packages/airflow/example_dags/example_nested_branch_dag.py for tasks to queue
[2024-10-26T07:24:49.855+0000] {logging_mixin.py:190} INFO - [2024-10-26T07:24:49.855+0000] {dagbag.py:588} INFO - Filling up the DagBag from /home/airflow/.local/lib/python3.12/site-packages/airflow/example_dags/example_nested_branch_dag.py
[2024-10-26T07:24:49.862+0000] {processor.py:925} INFO - DAG(s) 'example_nested_branch_dag' retrieved from /home/airflow/.local/lib/python3.12/site-packages/airflow/example_dags/example_nested_branch_dag.py
[2024-10-26T07:24:49.877+0000] {logging_mixin.py:190} INFO - [2024-10-26T07:24:49.877+0000] {dag.py:3239} INFO - Sync 1 DAGs
[2024-10-26T07:24:49.889+0000] {logging_mixin.py:190} INFO - [2024-10-26T07:24:49.889+0000] {dag.py:4180} INFO - Setting next_dagrun for example_nested_branch_dag to 2024-10-25 00:00:00+00:00, run_after=2024-10-26 00:00:00+00:00
[2024-10-26T07:24:49.898+0000] {processor.py:208} INFO - Processing /home/airflow/.local/lib/python3.12/site-packages/airflow/example_dags/example_nested_branch_dag.py took 0.049 seconds
[2024-10-26T07:25:21.081+0000] {processor.py:186} INFO - Started process (PID=86851) to work on /home/airflow/.local/lib/python3.12/site-packages/airflow/example_dags/example_nested_branch_dag.py
[2024-10-26T07:25:21.081+0000] {processor.py:914} INFO - Processing file /home/airflow/.local/lib/python3.12/site-packages/airflow/example_dags/example_nested_branch_dag.py for tasks to queue
[2024-10-26T07:25:21.082+0000] {logging_mixin.py:190} INFO - [2024-10-26T07:25:21.082+0000] {dagbag.py:588} INFO - Filling up the DagBag from /home/airflow/.local/lib/python3.12/site-packages/airflow/example_dags/example_nested_branch_dag.py
[2024-10-26T07:25:21.088+0000] {processor.py:925} INFO - DAG(s) 'example_nested_branch_dag' retrieved from /home/airflow/.local/lib/python3.12/site-packages/airflow/example_dags/example_nested_branch_dag.py
[2024-10-26T07:25:21.103+0000] {logging_mixin.py:190} INFO - [2024-10-26T07:25:21.103+0000] {dag.py:3239} INFO - Sync 1 DAGs
[2024-10-26T07:25:21.119+0000] {logging_mixin.py:190} INFO - [2024-10-26T07:25:21.119+0000] {dag.py:4180} INFO - Setting next_dagrun for example_nested_branch_dag to 2024-10-25 00:00:00+00:00, run_after=2024-10-26 00:00:00+00:00
[2024-10-26T07:25:21.148+0000] {processor.py:208} INFO - Processing /home/airflow/.local/lib/python3.12/site-packages/airflow/example_dags/example_nested_branch_dag.py took 0.072 seconds
[2024-10-26T07:25:51.335+0000] {processor.py:186} INFO - Started process (PID=87142) to work on /home/airflow/.local/lib/python3.12/site-packages/airflow/example_dags/example_nested_branch_dag.py
[2024-10-26T07:25:51.339+0000] {processor.py:914} INFO - Processing file /home/airflow/.local/lib/python3.12/site-packages/airflow/example_dags/example_nested_branch_dag.py for tasks to queue
[2024-10-26T07:25:51.340+0000] {logging_mixin.py:190} INFO - [2024-10-26T07:25:51.340+0000] {dagbag.py:588} INFO - Filling up the DagBag from /home/airflow/.local/lib/python3.12/site-packages/airflow/example_dags/example_nested_branch_dag.py
[2024-10-26T07:25:51.347+0000] {processor.py:925} INFO - DAG(s) 'example_nested_branch_dag' retrieved from /home/airflow/.local/lib/python3.12/site-packages/airflow/example_dags/example_nested_branch_dag.py
[2024-10-26T07:25:51.359+0000] {logging_mixin.py:190} INFO - [2024-10-26T07:25:51.359+0000] {dag.py:3239} INFO - Sync 1 DAGs
[2024-10-26T07:25:51.371+0000] {logging_mixin.py:190} INFO - [2024-10-26T07:25:51.371+0000] {dag.py:4180} INFO - Setting next_dagrun for example_nested_branch_dag to 2024-10-25 00:00:00+00:00, run_after=2024-10-26 00:00:00+00:00
[2024-10-26T07:25:51.383+0000] {processor.py:208} INFO - Processing /home/airflow/.local/lib/python3.12/site-packages/airflow/example_dags/example_nested_branch_dag.py took 0.052 seconds
[2024-10-26T07:26:21.702+0000] {processor.py:186} INFO - Started process (PID=87433) to work on /home/airflow/.local/lib/python3.12/site-packages/airflow/example_dags/example_nested_branch_dag.py
[2024-10-26T07:26:21.703+0000] {processor.py:914} INFO - Processing file /home/airflow/.local/lib/python3.12/site-packages/airflow/example_dags/example_nested_branch_dag.py for tasks to queue
[2024-10-26T07:26:21.705+0000] {logging_mixin.py:190} INFO - [2024-10-26T07:26:21.705+0000] {dagbag.py:588} INFO - Filling up the DagBag from /home/airflow/.local/lib/python3.12/site-packages/airflow/example_dags/example_nested_branch_dag.py
[2024-10-26T07:26:21.713+0000] {processor.py:925} INFO - DAG(s) 'example_nested_branch_dag' retrieved from /home/airflow/.local/lib/python3.12/site-packages/airflow/example_dags/example_nested_branch_dag.py
[2024-10-26T07:26:21.728+0000] {logging_mixin.py:190} INFO - [2024-10-26T07:26:21.728+0000] {dag.py:3239} INFO - Sync 1 DAGs
[2024-10-26T07:26:21.749+0000] {logging_mixin.py:190} INFO - [2024-10-26T07:26:21.749+0000] {dag.py:4180} INFO - Setting next_dagrun for example_nested_branch_dag to 2024-10-25 00:00:00+00:00, run_after=2024-10-26 00:00:00+00:00
[2024-10-26T07:26:21.759+0000] {processor.py:208} INFO - Processing /home/airflow/.local/lib/python3.12/site-packages/airflow/example_dags/example_nested_branch_dag.py took 0.060 seconds
[2024-10-26T07:26:52.276+0000] {processor.py:186} INFO - Started process (PID=87726) to work on /home/airflow/.local/lib/python3.12/site-packages/airflow/example_dags/example_nested_branch_dag.py
[2024-10-26T07:26:52.276+0000] {processor.py:914} INFO - Processing file /home/airflow/.local/lib/python3.12/site-packages/airflow/example_dags/example_nested_branch_dag.py for tasks to queue
[2024-10-26T07:26:52.277+0000] {logging_mixin.py:190} INFO - [2024-10-26T07:26:52.277+0000] {dagbag.py:588} INFO - Filling up the DagBag from /home/airflow/.local/lib/python3.12/site-packages/airflow/example_dags/example_nested_branch_dag.py
[2024-10-26T07:26:52.284+0000] {processor.py:925} INFO - DAG(s) 'example_nested_branch_dag' retrieved from /home/airflow/.local/lib/python3.12/site-packages/airflow/example_dags/example_nested_branch_dag.py
[2024-10-26T07:26:52.296+0000] {logging_mixin.py:190} INFO - [2024-10-26T07:26:52.296+0000] {dag.py:3239} INFO - Sync 1 DAGs
[2024-10-26T07:26:52.307+0000] {logging_mixin.py:190} INFO - [2024-10-26T07:26:52.307+0000] {dag.py:4180} INFO - Setting next_dagrun for example_nested_branch_dag to 2024-10-25 00:00:00+00:00, run_after=2024-10-26 00:00:00+00:00
[2024-10-26T07:26:52.317+0000] {processor.py:208} INFO - Processing /home/airflow/.local/lib/python3.12/site-packages/airflow/example_dags/example_nested_branch_dag.py took 0.044 seconds
[2024-10-26T07:27:22.576+0000] {processor.py:186} INFO - Started process (PID=88015) to work on /home/airflow/.local/lib/python3.12/site-packages/airflow/example_dags/example_nested_branch_dag.py
[2024-10-26T07:27:22.577+0000] {processor.py:914} INFO - Processing file /home/airflow/.local/lib/python3.12/site-packages/airflow/example_dags/example_nested_branch_dag.py for tasks to queue
[2024-10-26T07:27:22.579+0000] {logging_mixin.py:190} INFO - [2024-10-26T07:27:22.578+0000] {dagbag.py:588} INFO - Filling up the DagBag from /home/airflow/.local/lib/python3.12/site-packages/airflow/example_dags/example_nested_branch_dag.py
[2024-10-26T07:27:22.584+0000] {processor.py:925} INFO - DAG(s) 'example_nested_branch_dag' retrieved from /home/airflow/.local/lib/python3.12/site-packages/airflow/example_dags/example_nested_branch_dag.py
[2024-10-26T07:27:22.596+0000] {logging_mixin.py:190} INFO - [2024-10-26T07:27:22.596+0000] {dag.py:3239} INFO - Sync 1 DAGs
[2024-10-26T07:27:22.609+0000] {logging_mixin.py:190} INFO - [2024-10-26T07:27:22.608+0000] {dag.py:4180} INFO - Setting next_dagrun for example_nested_branch_dag to 2024-10-25 00:00:00+00:00, run_after=2024-10-26 00:00:00+00:00
[2024-10-26T07:27:22.618+0000] {processor.py:208} INFO - Processing /home/airflow/.local/lib/python3.12/site-packages/airflow/example_dags/example_nested_branch_dag.py took 0.046 seconds
