[2024-10-26T00:46:25.832+0000] {processor.py:186} INFO - Started process (PID=70881) to work on /home/airflow/.local/lib/python3.12/site-packages/airflow/example_dags/example_bash_decorator.py
[2024-10-26T00:46:25.833+0000] {processor.py:914} INFO - Processing file /home/airflow/.local/lib/python3.12/site-packages/airflow/example_dags/example_bash_decorator.py for tasks to queue
[2024-10-26T00:46:25.833+0000] {logging_mixin.py:190} INFO - [2024-10-26T00:46:25.833+0000] {dagbag.py:588} INFO - Filling up the DagBag from /home/airflow/.local/lib/python3.12/site-packages/airflow/example_dags/example_bash_decorator.py
[2024-10-26T00:46:25.840+0000] {processor.py:925} INFO - DAG(s) 'example_bash_decorator' retrieved from /home/airflow/.local/lib/python3.12/site-packages/airflow/example_dags/example_bash_decorator.py
[2024-10-26T00:46:25.852+0000] {logging_mixin.py:190} INFO - [2024-10-26T00:46:25.852+0000] {dag.py:3239} INFO - Sync 1 DAGs
[2024-10-26T00:46:25.859+0000] {logging_mixin.py:190} INFO - [2024-10-26T00:46:25.859+0000] {dag.py:4180} INFO - Setting next_dagrun for example_bash_decorator to None, run_after=None
[2024-10-26T00:46:25.870+0000] {processor.py:208} INFO - Processing /home/airflow/.local/lib/python3.12/site-packages/airflow/example_dags/example_bash_decorator.py took 0.040 seconds
[2024-10-26T01:37:09.503+0000] {processor.py:186} INFO - Started process (PID=71171) to work on /home/airflow/.local/lib/python3.12/site-packages/airflow/example_dags/example_bash_decorator.py
[2024-10-26T01:37:09.503+0000] {processor.py:914} INFO - Processing file /home/airflow/.local/lib/python3.12/site-packages/airflow/example_dags/example_bash_decorator.py for tasks to queue
[2024-10-26T01:37:09.504+0000] {logging_mixin.py:190} INFO - [2024-10-26T01:37:09.504+0000] {dagbag.py:588} INFO - Filling up the DagBag from /home/airflow/.local/lib/python3.12/site-packages/airflow/example_dags/example_bash_decorator.py
[2024-10-26T01:37:09.515+0000] {processor.py:925} INFO - DAG(s) 'example_bash_decorator' retrieved from /home/airflow/.local/lib/python3.12/site-packages/airflow/example_dags/example_bash_decorator.py
[2024-10-26T01:37:09.533+0000] {logging_mixin.py:190} INFO - [2024-10-26T01:37:09.533+0000] {dag.py:3239} INFO - Sync 1 DAGs
[2024-10-26T01:37:09.540+0000] {logging_mixin.py:190} INFO - [2024-10-26T01:37:09.540+0000] {dag.py:4180} INFO - Setting next_dagrun for example_bash_decorator to None, run_after=None
[2024-10-26T01:37:09.548+0000] {processor.py:208} INFO - Processing /home/airflow/.local/lib/python3.12/site-packages/airflow/example_dags/example_bash_decorator.py took 0.049 seconds
[2024-10-26T02:57:38.470+0000] {processor.py:186} INFO - Started process (PID=71462) to work on /home/airflow/.local/lib/python3.12/site-packages/airflow/example_dags/example_bash_decorator.py
[2024-10-26T02:57:38.471+0000] {processor.py:914} INFO - Processing file /home/airflow/.local/lib/python3.12/site-packages/airflow/example_dags/example_bash_decorator.py for tasks to queue
[2024-10-26T02:57:38.472+0000] {logging_mixin.py:190} INFO - [2024-10-26T02:57:38.471+0000] {dagbag.py:588} INFO - Filling up the DagBag from /home/airflow/.local/lib/python3.12/site-packages/airflow/example_dags/example_bash_decorator.py
[2024-10-26T02:57:38.481+0000] {processor.py:925} INFO - DAG(s) 'example_bash_decorator' retrieved from /home/airflow/.local/lib/python3.12/site-packages/airflow/example_dags/example_bash_decorator.py
[2024-10-26T02:57:38.493+0000] {logging_mixin.py:190} INFO - [2024-10-26T02:57:38.493+0000] {dag.py:3239} INFO - Sync 1 DAGs
[2024-10-26T02:57:38.500+0000] {logging_mixin.py:190} INFO - [2024-10-26T02:57:38.500+0000] {dag.py:4180} INFO - Setting next_dagrun for example_bash_decorator to None, run_after=None
[2024-10-26T02:57:38.513+0000] {processor.py:208} INFO - Processing /home/airflow/.local/lib/python3.12/site-packages/airflow/example_dags/example_bash_decorator.py took 0.046 seconds
[2024-10-26T04:18:35.764+0000] {processor.py:186} INFO - Started process (PID=71753) to work on /home/airflow/.local/lib/python3.12/site-packages/airflow/example_dags/example_bash_decorator.py
[2024-10-26T04:18:35.765+0000] {processor.py:914} INFO - Processing file /home/airflow/.local/lib/python3.12/site-packages/airflow/example_dags/example_bash_decorator.py for tasks to queue
[2024-10-26T04:18:35.766+0000] {logging_mixin.py:190} INFO - [2024-10-26T04:18:35.765+0000] {dagbag.py:588} INFO - Filling up the DagBag from /home/airflow/.local/lib/python3.12/site-packages/airflow/example_dags/example_bash_decorator.py
[2024-10-26T04:18:35.775+0000] {processor.py:925} INFO - DAG(s) 'example_bash_decorator' retrieved from /home/airflow/.local/lib/python3.12/site-packages/airflow/example_dags/example_bash_decorator.py
[2024-10-26T04:18:35.789+0000] {logging_mixin.py:190} INFO - [2024-10-26T04:18:35.789+0000] {dag.py:3239} INFO - Sync 1 DAGs
[2024-10-26T04:18:35.797+0000] {logging_mixin.py:190} INFO - [2024-10-26T04:18:35.797+0000] {dag.py:4180} INFO - Setting next_dagrun for example_bash_decorator to None, run_after=None
[2024-10-26T04:18:35.808+0000] {processor.py:208} INFO - Processing /home/airflow/.local/lib/python3.12/site-packages/airflow/example_dags/example_bash_decorator.py took 0.048 seconds
[2024-10-26T05:41:05.547+0000] {processor.py:186} INFO - Started process (PID=72044) to work on /home/airflow/.local/lib/python3.12/site-packages/airflow/example_dags/example_bash_decorator.py
[2024-10-26T05:41:05.548+0000] {processor.py:914} INFO - Processing file /home/airflow/.local/lib/python3.12/site-packages/airflow/example_dags/example_bash_decorator.py for tasks to queue
[2024-10-26T05:41:05.549+0000] {logging_mixin.py:190} INFO - [2024-10-26T05:41:05.549+0000] {dagbag.py:588} INFO - Filling up the DagBag from /home/airflow/.local/lib/python3.12/site-packages/airflow/example_dags/example_bash_decorator.py
[2024-10-26T05:41:05.556+0000] {processor.py:925} INFO - DAG(s) 'example_bash_decorator' retrieved from /home/airflow/.local/lib/python3.12/site-packages/airflow/example_dags/example_bash_decorator.py
[2024-10-26T05:41:05.568+0000] {logging_mixin.py:190} INFO - [2024-10-26T05:41:05.568+0000] {dag.py:3239} INFO - Sync 1 DAGs
[2024-10-26T05:41:05.577+0000] {logging_mixin.py:190} INFO - [2024-10-26T05:41:05.577+0000] {dag.py:4180} INFO - Setting next_dagrun for example_bash_decorator to None, run_after=None
[2024-10-26T05:41:05.591+0000] {processor.py:208} INFO - Processing /home/airflow/.local/lib/python3.12/site-packages/airflow/example_dags/example_bash_decorator.py took 0.047 seconds
[2024-10-26T06:59:45.863+0000] {processor.py:186} INFO - Started process (PID=72337) to work on /home/airflow/.local/lib/python3.12/site-packages/airflow/example_dags/example_bash_decorator.py
[2024-10-26T06:59:45.864+0000] {processor.py:914} INFO - Processing file /home/airflow/.local/lib/python3.12/site-packages/airflow/example_dags/example_bash_decorator.py for tasks to queue
[2024-10-26T06:59:45.865+0000] {logging_mixin.py:190} INFO - [2024-10-26T06:59:45.864+0000] {dagbag.py:588} INFO - Filling up the DagBag from /home/airflow/.local/lib/python3.12/site-packages/airflow/example_dags/example_bash_decorator.py
[2024-10-26T06:59:45.871+0000] {processor.py:925} INFO - DAG(s) 'example_bash_decorator' retrieved from /home/airflow/.local/lib/python3.12/site-packages/airflow/example_dags/example_bash_decorator.py
[2024-10-26T06:59:45.882+0000] {logging_mixin.py:190} INFO - [2024-10-26T06:59:45.882+0000] {dag.py:3239} INFO - Sync 1 DAGs
[2024-10-26T06:59:45.889+0000] {logging_mixin.py:190} INFO - [2024-10-26T06:59:45.889+0000] {dag.py:4180} INFO - Setting next_dagrun for example_bash_decorator to None, run_after=None
[2024-10-26T06:59:45.897+0000] {processor.py:208} INFO - Processing /home/airflow/.local/lib/python3.12/site-packages/airflow/example_dags/example_bash_decorator.py took 0.037 seconds
[2024-10-26T07:00:16.509+0000] {processor.py:186} INFO - Started process (PID=72626) to work on /home/airflow/.local/lib/python3.12/site-packages/airflow/example_dags/example_bash_decorator.py
[2024-10-26T07:00:16.510+0000] {processor.py:914} INFO - Processing file /home/airflow/.local/lib/python3.12/site-packages/airflow/example_dags/example_bash_decorator.py for tasks to queue
[2024-10-26T07:00:16.511+0000] {logging_mixin.py:190} INFO - [2024-10-26T07:00:16.511+0000] {dagbag.py:588} INFO - Filling up the DagBag from /home/airflow/.local/lib/python3.12/site-packages/airflow/example_dags/example_bash_decorator.py
[2024-10-26T07:00:16.519+0000] {processor.py:925} INFO - DAG(s) 'example_bash_decorator' retrieved from /home/airflow/.local/lib/python3.12/site-packages/airflow/example_dags/example_bash_decorator.py
[2024-10-26T07:00:16.531+0000] {logging_mixin.py:190} INFO - [2024-10-26T07:00:16.531+0000] {dag.py:3239} INFO - Sync 1 DAGs
[2024-10-26T07:00:16.540+0000] {logging_mixin.py:190} INFO - [2024-10-26T07:00:16.539+0000] {dag.py:4180} INFO - Setting next_dagrun for example_bash_decorator to None, run_after=None
[2024-10-26T07:00:16.548+0000] {processor.py:208} INFO - Processing /home/airflow/.local/lib/python3.12/site-packages/airflow/example_dags/example_bash_decorator.py took 0.042 seconds
[2024-10-26T07:00:47.027+0000] {processor.py:186} INFO - Started process (PID=72919) to work on /home/airflow/.local/lib/python3.12/site-packages/airflow/example_dags/example_bash_decorator.py
[2024-10-26T07:00:47.028+0000] {processor.py:914} INFO - Processing file /home/airflow/.local/lib/python3.12/site-packages/airflow/example_dags/example_bash_decorator.py for tasks to queue
[2024-10-26T07:00:47.028+0000] {logging_mixin.py:190} INFO - [2024-10-26T07:00:47.028+0000] {dagbag.py:588} INFO - Filling up the DagBag from /home/airflow/.local/lib/python3.12/site-packages/airflow/example_dags/example_bash_decorator.py
[2024-10-26T07:00:47.035+0000] {processor.py:925} INFO - DAG(s) 'example_bash_decorator' retrieved from /home/airflow/.local/lib/python3.12/site-packages/airflow/example_dags/example_bash_decorator.py
[2024-10-26T07:00:47.047+0000] {logging_mixin.py:190} INFO - [2024-10-26T07:00:47.047+0000] {dag.py:3239} INFO - Sync 1 DAGs
[2024-10-26T07:00:47.055+0000] {logging_mixin.py:190} INFO - [2024-10-26T07:00:47.054+0000] {dag.py:4180} INFO - Setting next_dagrun for example_bash_decorator to None, run_after=None
[2024-10-26T07:00:47.072+0000] {processor.py:208} INFO - Processing /home/airflow/.local/lib/python3.12/site-packages/airflow/example_dags/example_bash_decorator.py took 0.049 seconds
[2024-10-26T07:01:18.831+0000] {processor.py:186} INFO - Started process (PID=73208) to work on /home/airflow/.local/lib/python3.12/site-packages/airflow/example_dags/example_bash_decorator.py
[2024-10-26T07:01:18.836+0000] {processor.py:914} INFO - Processing file /home/airflow/.local/lib/python3.12/site-packages/airflow/example_dags/example_bash_decorator.py for tasks to queue
[2024-10-26T07:01:18.837+0000] {logging_mixin.py:190} INFO - [2024-10-26T07:01:18.837+0000] {dagbag.py:588} INFO - Filling up the DagBag from /home/airflow/.local/lib/python3.12/site-packages/airflow/example_dags/example_bash_decorator.py
[2024-10-26T07:01:18.847+0000] {processor.py:925} INFO - DAG(s) 'example_bash_decorator' retrieved from /home/airflow/.local/lib/python3.12/site-packages/airflow/example_dags/example_bash_decorator.py
[2024-10-26T07:01:18.890+0000] {logging_mixin.py:190} INFO - [2024-10-26T07:01:18.890+0000] {dag.py:3239} INFO - Sync 1 DAGs
[2024-10-26T07:01:18.913+0000] {logging_mixin.py:190} INFO - [2024-10-26T07:01:18.912+0000] {dag.py:4180} INFO - Setting next_dagrun for example_bash_decorator to None, run_after=None
[2024-10-26T07:01:18.955+0000] {processor.py:208} INFO - Processing /home/airflow/.local/lib/python3.12/site-packages/airflow/example_dags/example_bash_decorator.py took 0.135 seconds
[2024-10-26T07:01:50.358+0000] {processor.py:186} INFO - Started process (PID=73501) to work on /home/airflow/.local/lib/python3.12/site-packages/airflow/example_dags/example_bash_decorator.py
[2024-10-26T07:01:50.359+0000] {processor.py:914} INFO - Processing file /home/airflow/.local/lib/python3.12/site-packages/airflow/example_dags/example_bash_decorator.py for tasks to queue
[2024-10-26T07:01:50.359+0000] {logging_mixin.py:190} INFO - [2024-10-26T07:01:50.359+0000] {dagbag.py:588} INFO - Filling up the DagBag from /home/airflow/.local/lib/python3.12/site-packages/airflow/example_dags/example_bash_decorator.py
[2024-10-26T07:01:50.366+0000] {processor.py:925} INFO - DAG(s) 'example_bash_decorator' retrieved from /home/airflow/.local/lib/python3.12/site-packages/airflow/example_dags/example_bash_decorator.py
[2024-10-26T07:01:50.378+0000] {logging_mixin.py:190} INFO - [2024-10-26T07:01:50.378+0000] {dag.py:3239} INFO - Sync 1 DAGs
[2024-10-26T07:01:50.385+0000] {logging_mixin.py:190} INFO - [2024-10-26T07:01:50.385+0000] {dag.py:4180} INFO - Setting next_dagrun for example_bash_decorator to None, run_after=None
[2024-10-26T07:01:50.393+0000] {processor.py:208} INFO - Processing /home/airflow/.local/lib/python3.12/site-packages/airflow/example_dags/example_bash_decorator.py took 0.039 seconds
[2024-10-26T07:02:20.635+0000] {processor.py:186} INFO - Started process (PID=73792) to work on /home/airflow/.local/lib/python3.12/site-packages/airflow/example_dags/example_bash_decorator.py
[2024-10-26T07:02:20.636+0000] {processor.py:914} INFO - Processing file /home/airflow/.local/lib/python3.12/site-packages/airflow/example_dags/example_bash_decorator.py for tasks to queue
[2024-10-26T07:02:20.636+0000] {logging_mixin.py:190} INFO - [2024-10-26T07:02:20.636+0000] {dagbag.py:588} INFO - Filling up the DagBag from /home/airflow/.local/lib/python3.12/site-packages/airflow/example_dags/example_bash_decorator.py
[2024-10-26T07:02:20.644+0000] {processor.py:925} INFO - DAG(s) 'example_bash_decorator' retrieved from /home/airflow/.local/lib/python3.12/site-packages/airflow/example_dags/example_bash_decorator.py
[2024-10-26T07:02:20.659+0000] {logging_mixin.py:190} INFO - [2024-10-26T07:02:20.659+0000] {dag.py:3239} INFO - Sync 1 DAGs
[2024-10-26T07:02:20.666+0000] {logging_mixin.py:190} INFO - [2024-10-26T07:02:20.666+0000] {dag.py:4180} INFO - Setting next_dagrun for example_bash_decorator to None, run_after=None
[2024-10-26T07:02:20.674+0000] {processor.py:208} INFO - Processing /home/airflow/.local/lib/python3.12/site-packages/airflow/example_dags/example_bash_decorator.py took 0.042 seconds
[2024-10-26T07:02:50.719+0000] {processor.py:186} INFO - Started process (PID=74081) to work on /home/airflow/.local/lib/python3.12/site-packages/airflow/example_dags/example_bash_decorator.py
[2024-10-26T07:02:50.719+0000] {processor.py:914} INFO - Processing file /home/airflow/.local/lib/python3.12/site-packages/airflow/example_dags/example_bash_decorator.py for tasks to queue
[2024-10-26T07:02:50.719+0000] {logging_mixin.py:190} INFO - [2024-10-26T07:02:50.719+0000] {dagbag.py:588} INFO - Filling up the DagBag from /home/airflow/.local/lib/python3.12/site-packages/airflow/example_dags/example_bash_decorator.py
[2024-10-26T07:02:50.726+0000] {processor.py:925} INFO - DAG(s) 'example_bash_decorator' retrieved from /home/airflow/.local/lib/python3.12/site-packages/airflow/example_dags/example_bash_decorator.py
[2024-10-26T07:02:50.736+0000] {logging_mixin.py:190} INFO - [2024-10-26T07:02:50.736+0000] {dag.py:3239} INFO - Sync 1 DAGs
[2024-10-26T07:02:50.742+0000] {logging_mixin.py:190} INFO - [2024-10-26T07:02:50.742+0000] {dag.py:4180} INFO - Setting next_dagrun for example_bash_decorator to None, run_after=None
[2024-10-26T07:02:50.750+0000] {processor.py:208} INFO - Processing /home/airflow/.local/lib/python3.12/site-packages/airflow/example_dags/example_bash_decorator.py took 0.034 seconds
[2024-10-26T07:03:21.848+0000] {processor.py:186} INFO - Started process (PID=74374) to work on /home/airflow/.local/lib/python3.12/site-packages/airflow/example_dags/example_bash_decorator.py
[2024-10-26T07:03:21.849+0000] {processor.py:914} INFO - Processing file /home/airflow/.local/lib/python3.12/site-packages/airflow/example_dags/example_bash_decorator.py for tasks to queue
[2024-10-26T07:03:21.849+0000] {logging_mixin.py:190} INFO - [2024-10-26T07:03:21.849+0000] {dagbag.py:588} INFO - Filling up the DagBag from /home/airflow/.local/lib/python3.12/site-packages/airflow/example_dags/example_bash_decorator.py
[2024-10-26T07:03:21.862+0000] {processor.py:925} INFO - DAG(s) 'example_bash_decorator' retrieved from /home/airflow/.local/lib/python3.12/site-packages/airflow/example_dags/example_bash_decorator.py
[2024-10-26T07:03:21.880+0000] {logging_mixin.py:190} INFO - [2024-10-26T07:03:21.880+0000] {dag.py:3239} INFO - Sync 1 DAGs
[2024-10-26T07:03:21.891+0000] {logging_mixin.py:190} INFO - [2024-10-26T07:03:21.891+0000] {dag.py:4180} INFO - Setting next_dagrun for example_bash_decorator to None, run_after=None
[2024-10-26T07:03:21.904+0000] {processor.py:208} INFO - Processing /home/airflow/.local/lib/python3.12/site-packages/airflow/example_dags/example_bash_decorator.py took 0.059 seconds
[2024-10-26T07:03:52.919+0000] {processor.py:186} INFO - Started process (PID=74663) to work on /home/airflow/.local/lib/python3.12/site-packages/airflow/example_dags/example_bash_decorator.py
[2024-10-26T07:03:52.920+0000] {processor.py:914} INFO - Processing file /home/airflow/.local/lib/python3.12/site-packages/airflow/example_dags/example_bash_decorator.py for tasks to queue
[2024-10-26T07:03:52.921+0000] {logging_mixin.py:190} INFO - [2024-10-26T07:03:52.921+0000] {dagbag.py:588} INFO - Filling up the DagBag from /home/airflow/.local/lib/python3.12/site-packages/airflow/example_dags/example_bash_decorator.py
[2024-10-26T07:03:52.933+0000] {processor.py:925} INFO - DAG(s) 'example_bash_decorator' retrieved from /home/airflow/.local/lib/python3.12/site-packages/airflow/example_dags/example_bash_decorator.py
[2024-10-26T07:03:52.948+0000] {logging_mixin.py:190} INFO - [2024-10-26T07:03:52.947+0000] {dag.py:3239} INFO - Sync 1 DAGs
[2024-10-26T07:03:52.958+0000] {logging_mixin.py:190} INFO - [2024-10-26T07:03:52.958+0000] {dag.py:4180} INFO - Setting next_dagrun for example_bash_decorator to None, run_after=None
[2024-10-26T07:03:52.969+0000] {processor.py:208} INFO - Processing /home/airflow/.local/lib/python3.12/site-packages/airflow/example_dags/example_bash_decorator.py took 0.062 seconds
[2024-10-26T07:04:23.336+0000] {processor.py:186} INFO - Started process (PID=74953) to work on /home/airflow/.local/lib/python3.12/site-packages/airflow/example_dags/example_bash_decorator.py
[2024-10-26T07:04:23.337+0000] {processor.py:914} INFO - Processing file /home/airflow/.local/lib/python3.12/site-packages/airflow/example_dags/example_bash_decorator.py for tasks to queue
[2024-10-26T07:04:23.337+0000] {logging_mixin.py:190} INFO - [2024-10-26T07:04:23.337+0000] {dagbag.py:588} INFO - Filling up the DagBag from /home/airflow/.local/lib/python3.12/site-packages/airflow/example_dags/example_bash_decorator.py
[2024-10-26T07:04:23.345+0000] {processor.py:925} INFO - DAG(s) 'example_bash_decorator' retrieved from /home/airflow/.local/lib/python3.12/site-packages/airflow/example_dags/example_bash_decorator.py
[2024-10-26T07:04:23.361+0000] {logging_mixin.py:190} INFO - [2024-10-26T07:04:23.361+0000] {dag.py:3239} INFO - Sync 1 DAGs
[2024-10-26T07:04:23.370+0000] {logging_mixin.py:190} INFO - [2024-10-26T07:04:23.369+0000] {dag.py:4180} INFO - Setting next_dagrun for example_bash_decorator to None, run_after=None
[2024-10-26T07:04:23.384+0000] {processor.py:208} INFO - Processing /home/airflow/.local/lib/python3.12/site-packages/airflow/example_dags/example_bash_decorator.py took 0.051 seconds
[2024-10-26T07:04:53.566+0000] {processor.py:186} INFO - Started process (PID=75244) to work on /home/airflow/.local/lib/python3.12/site-packages/airflow/example_dags/example_bash_decorator.py
[2024-10-26T07:04:53.567+0000] {processor.py:914} INFO - Processing file /home/airflow/.local/lib/python3.12/site-packages/airflow/example_dags/example_bash_decorator.py for tasks to queue
[2024-10-26T07:04:53.568+0000] {logging_mixin.py:190} INFO - [2024-10-26T07:04:53.568+0000] {dagbag.py:588} INFO - Filling up the DagBag from /home/airflow/.local/lib/python3.12/site-packages/airflow/example_dags/example_bash_decorator.py
[2024-10-26T07:04:53.575+0000] {processor.py:925} INFO - DAG(s) 'example_bash_decorator' retrieved from /home/airflow/.local/lib/python3.12/site-packages/airflow/example_dags/example_bash_decorator.py
[2024-10-26T07:04:53.588+0000] {logging_mixin.py:190} INFO - [2024-10-26T07:04:53.588+0000] {dag.py:3239} INFO - Sync 1 DAGs
[2024-10-26T07:04:53.596+0000] {logging_mixin.py:190} INFO - [2024-10-26T07:04:53.596+0000] {dag.py:4180} INFO - Setting next_dagrun for example_bash_decorator to None, run_after=None
[2024-10-26T07:04:53.610+0000] {processor.py:208} INFO - Processing /home/airflow/.local/lib/python3.12/site-packages/airflow/example_dags/example_bash_decorator.py took 0.047 seconds
[2024-10-26T07:05:24.460+0000] {processor.py:186} INFO - Started process (PID=75537) to work on /home/airflow/.local/lib/python3.12/site-packages/airflow/example_dags/example_bash_decorator.py
[2024-10-26T07:05:24.460+0000] {processor.py:914} INFO - Processing file /home/airflow/.local/lib/python3.12/site-packages/airflow/example_dags/example_bash_decorator.py for tasks to queue
[2024-10-26T07:05:24.461+0000] {logging_mixin.py:190} INFO - [2024-10-26T07:05:24.461+0000] {dagbag.py:588} INFO - Filling up the DagBag from /home/airflow/.local/lib/python3.12/site-packages/airflow/example_dags/example_bash_decorator.py
[2024-10-26T07:05:24.470+0000] {processor.py:925} INFO - DAG(s) 'example_bash_decorator' retrieved from /home/airflow/.local/lib/python3.12/site-packages/airflow/example_dags/example_bash_decorator.py
[2024-10-26T07:05:24.501+0000] {logging_mixin.py:190} INFO - [2024-10-26T07:05:24.501+0000] {dag.py:3239} INFO - Sync 1 DAGs
[2024-10-26T07:05:24.509+0000] {logging_mixin.py:190} INFO - [2024-10-26T07:05:24.509+0000] {dag.py:4180} INFO - Setting next_dagrun for example_bash_decorator to None, run_after=None
[2024-10-26T07:05:24.522+0000] {processor.py:208} INFO - Processing /home/airflow/.local/lib/python3.12/site-packages/airflow/example_dags/example_bash_decorator.py took 0.066 seconds
[2024-10-26T07:05:55.301+0000] {processor.py:186} INFO - Started process (PID=75827) to work on /home/airflow/.local/lib/python3.12/site-packages/airflow/example_dags/example_bash_decorator.py
[2024-10-26T07:05:55.301+0000] {processor.py:914} INFO - Processing file /home/airflow/.local/lib/python3.12/site-packages/airflow/example_dags/example_bash_decorator.py for tasks to queue
[2024-10-26T07:05:55.302+0000] {logging_mixin.py:190} INFO - [2024-10-26T07:05:55.301+0000] {dagbag.py:588} INFO - Filling up the DagBag from /home/airflow/.local/lib/python3.12/site-packages/airflow/example_dags/example_bash_decorator.py
[2024-10-26T07:05:55.309+0000] {processor.py:925} INFO - DAG(s) 'example_bash_decorator' retrieved from /home/airflow/.local/lib/python3.12/site-packages/airflow/example_dags/example_bash_decorator.py
[2024-10-26T07:05:55.319+0000] {logging_mixin.py:190} INFO - [2024-10-26T07:05:55.319+0000] {dag.py:3239} INFO - Sync 1 DAGs
[2024-10-26T07:05:55.326+0000] {logging_mixin.py:190} INFO - [2024-10-26T07:05:55.326+0000] {dag.py:4180} INFO - Setting next_dagrun for example_bash_decorator to None, run_after=None
[2024-10-26T07:05:55.333+0000] {processor.py:208} INFO - Processing /home/airflow/.local/lib/python3.12/site-packages/airflow/example_dags/example_bash_decorator.py took 0.035 seconds
[2024-10-26T07:06:25.529+0000] {processor.py:186} INFO - Started process (PID=76118) to work on /home/airflow/.local/lib/python3.12/site-packages/airflow/example_dags/example_bash_decorator.py
[2024-10-26T07:06:25.529+0000] {processor.py:914} INFO - Processing file /home/airflow/.local/lib/python3.12/site-packages/airflow/example_dags/example_bash_decorator.py for tasks to queue
[2024-10-26T07:06:25.530+0000] {logging_mixin.py:190} INFO - [2024-10-26T07:06:25.530+0000] {dagbag.py:588} INFO - Filling up the DagBag from /home/airflow/.local/lib/python3.12/site-packages/airflow/example_dags/example_bash_decorator.py
[2024-10-26T07:06:25.536+0000] {processor.py:925} INFO - DAG(s) 'example_bash_decorator' retrieved from /home/airflow/.local/lib/python3.12/site-packages/airflow/example_dags/example_bash_decorator.py
[2024-10-26T07:06:25.547+0000] {logging_mixin.py:190} INFO - [2024-10-26T07:06:25.547+0000] {dag.py:3239} INFO - Sync 1 DAGs
[2024-10-26T07:06:25.553+0000] {logging_mixin.py:190} INFO - [2024-10-26T07:06:25.553+0000] {dag.py:4180} INFO - Setting next_dagrun for example_bash_decorator to None, run_after=None
[2024-10-26T07:06:25.560+0000] {processor.py:208} INFO - Processing /home/airflow/.local/lib/python3.12/site-packages/airflow/example_dags/example_bash_decorator.py took 0.034 seconds
[2024-10-26T07:06:56.052+0000] {processor.py:186} INFO - Started process (PID=76407) to work on /home/airflow/.local/lib/python3.12/site-packages/airflow/example_dags/example_bash_decorator.py
[2024-10-26T07:06:56.053+0000] {processor.py:914} INFO - Processing file /home/airflow/.local/lib/python3.12/site-packages/airflow/example_dags/example_bash_decorator.py for tasks to queue
[2024-10-26T07:06:56.054+0000] {logging_mixin.py:190} INFO - [2024-10-26T07:06:56.053+0000] {dagbag.py:588} INFO - Filling up the DagBag from /home/airflow/.local/lib/python3.12/site-packages/airflow/example_dags/example_bash_decorator.py
[2024-10-26T07:06:56.063+0000] {processor.py:925} INFO - DAG(s) 'example_bash_decorator' retrieved from /home/airflow/.local/lib/python3.12/site-packages/airflow/example_dags/example_bash_decorator.py
[2024-10-26T07:06:56.078+0000] {logging_mixin.py:190} INFO - [2024-10-26T07:06:56.078+0000] {dag.py:3239} INFO - Sync 1 DAGs
[2024-10-26T07:06:56.085+0000] {logging_mixin.py:190} INFO - [2024-10-26T07:06:56.085+0000] {dag.py:4180} INFO - Setting next_dagrun for example_bash_decorator to None, run_after=None
[2024-10-26T07:06:56.094+0000] {processor.py:208} INFO - Processing /home/airflow/.local/lib/python3.12/site-packages/airflow/example_dags/example_bash_decorator.py took 0.045 seconds
[2024-10-26T07:07:26.353+0000] {processor.py:186} INFO - Started process (PID=76700) to work on /home/airflow/.local/lib/python3.12/site-packages/airflow/example_dags/example_bash_decorator.py
[2024-10-26T07:07:26.354+0000] {processor.py:914} INFO - Processing file /home/airflow/.local/lib/python3.12/site-packages/airflow/example_dags/example_bash_decorator.py for tasks to queue
[2024-10-26T07:07:26.354+0000] {logging_mixin.py:190} INFO - [2024-10-26T07:07:26.354+0000] {dagbag.py:588} INFO - Filling up the DagBag from /home/airflow/.local/lib/python3.12/site-packages/airflow/example_dags/example_bash_decorator.py
[2024-10-26T07:07:26.362+0000] {processor.py:925} INFO - DAG(s) 'example_bash_decorator' retrieved from /home/airflow/.local/lib/python3.12/site-packages/airflow/example_dags/example_bash_decorator.py
[2024-10-26T07:07:26.384+0000] {logging_mixin.py:190} INFO - [2024-10-26T07:07:26.384+0000] {dag.py:3239} INFO - Sync 1 DAGs
[2024-10-26T07:07:26.392+0000] {logging_mixin.py:190} INFO - [2024-10-26T07:07:26.392+0000] {dag.py:4180} INFO - Setting next_dagrun for example_bash_decorator to None, run_after=None
[2024-10-26T07:07:26.400+0000] {processor.py:208} INFO - Processing /home/airflow/.local/lib/python3.12/site-packages/airflow/example_dags/example_bash_decorator.py took 0.050 seconds
[2024-10-26T07:07:57.385+0000] {processor.py:186} INFO - Started process (PID=76991) to work on /home/airflow/.local/lib/python3.12/site-packages/airflow/example_dags/example_bash_decorator.py
[2024-10-26T07:07:57.386+0000] {processor.py:914} INFO - Processing file /home/airflow/.local/lib/python3.12/site-packages/airflow/example_dags/example_bash_decorator.py for tasks to queue
[2024-10-26T07:07:57.386+0000] {logging_mixin.py:190} INFO - [2024-10-26T07:07:57.386+0000] {dagbag.py:588} INFO - Filling up the DagBag from /home/airflow/.local/lib/python3.12/site-packages/airflow/example_dags/example_bash_decorator.py
[2024-10-26T07:07:57.394+0000] {processor.py:925} INFO - DAG(s) 'example_bash_decorator' retrieved from /home/airflow/.local/lib/python3.12/site-packages/airflow/example_dags/example_bash_decorator.py
[2024-10-26T07:07:57.406+0000] {logging_mixin.py:190} INFO - [2024-10-26T07:07:57.406+0000] {dag.py:3239} INFO - Sync 1 DAGs
[2024-10-26T07:07:57.413+0000] {logging_mixin.py:190} INFO - [2024-10-26T07:07:57.413+0000] {dag.py:4180} INFO - Setting next_dagrun for example_bash_decorator to None, run_after=None
[2024-10-26T07:07:57.422+0000] {processor.py:208} INFO - Processing /home/airflow/.local/lib/python3.12/site-packages/airflow/example_dags/example_bash_decorator.py took 0.041 seconds
[2024-10-26T07:08:28.220+0000] {processor.py:186} INFO - Started process (PID=77280) to work on /home/airflow/.local/lib/python3.12/site-packages/airflow/example_dags/example_bash_decorator.py
[2024-10-26T07:08:28.224+0000] {processor.py:914} INFO - Processing file /home/airflow/.local/lib/python3.12/site-packages/airflow/example_dags/example_bash_decorator.py for tasks to queue
[2024-10-26T07:08:28.225+0000] {logging_mixin.py:190} INFO - [2024-10-26T07:08:28.225+0000] {dagbag.py:588} INFO - Filling up the DagBag from /home/airflow/.local/lib/python3.12/site-packages/airflow/example_dags/example_bash_decorator.py
[2024-10-26T07:08:28.235+0000] {processor.py:925} INFO - DAG(s) 'example_bash_decorator' retrieved from /home/airflow/.local/lib/python3.12/site-packages/airflow/example_dags/example_bash_decorator.py
[2024-10-26T07:08:28.251+0000] {logging_mixin.py:190} INFO - [2024-10-26T07:08:28.251+0000] {dag.py:3239} INFO - Sync 1 DAGs
[2024-10-26T07:08:28.262+0000] {logging_mixin.py:190} INFO - [2024-10-26T07:08:28.262+0000] {dag.py:4180} INFO - Setting next_dagrun for example_bash_decorator to None, run_after=None
[2024-10-26T07:08:28.272+0000] {processor.py:208} INFO - Processing /home/airflow/.local/lib/python3.12/site-packages/airflow/example_dags/example_bash_decorator.py took 0.057 seconds
[2024-10-26T07:08:59.346+0000] {processor.py:186} INFO - Started process (PID=77571) to work on /home/airflow/.local/lib/python3.12/site-packages/airflow/example_dags/example_bash_decorator.py
[2024-10-26T07:08:59.347+0000] {processor.py:914} INFO - Processing file /home/airflow/.local/lib/python3.12/site-packages/airflow/example_dags/example_bash_decorator.py for tasks to queue
[2024-10-26T07:08:59.347+0000] {logging_mixin.py:190} INFO - [2024-10-26T07:08:59.347+0000] {dagbag.py:588} INFO - Filling up the DagBag from /home/airflow/.local/lib/python3.12/site-packages/airflow/example_dags/example_bash_decorator.py
[2024-10-26T07:08:59.356+0000] {processor.py:925} INFO - DAG(s) 'example_bash_decorator' retrieved from /home/airflow/.local/lib/python3.12/site-packages/airflow/example_dags/example_bash_decorator.py
[2024-10-26T07:08:59.369+0000] {logging_mixin.py:190} INFO - [2024-10-26T07:08:59.369+0000] {dag.py:3239} INFO - Sync 1 DAGs
[2024-10-26T07:08:59.376+0000] {logging_mixin.py:190} INFO - [2024-10-26T07:08:59.376+0000] {dag.py:4180} INFO - Setting next_dagrun for example_bash_decorator to None, run_after=None
[2024-10-26T07:08:59.384+0000] {processor.py:208} INFO - Processing /home/airflow/.local/lib/python3.12/site-packages/airflow/example_dags/example_bash_decorator.py took 0.042 seconds
[2024-10-26T07:09:30.729+0000] {processor.py:186} INFO - Started process (PID=77869) to work on /home/airflow/.local/lib/python3.12/site-packages/airflow/example_dags/example_bash_decorator.py
[2024-10-26T07:09:30.730+0000] {processor.py:914} INFO - Processing file /home/airflow/.local/lib/python3.12/site-packages/airflow/example_dags/example_bash_decorator.py for tasks to queue
[2024-10-26T07:09:30.730+0000] {logging_mixin.py:190} INFO - [2024-10-26T07:09:30.730+0000] {dagbag.py:588} INFO - Filling up the DagBag from /home/airflow/.local/lib/python3.12/site-packages/airflow/example_dags/example_bash_decorator.py
[2024-10-26T07:09:30.738+0000] {processor.py:925} INFO - DAG(s) 'example_bash_decorator' retrieved from /home/airflow/.local/lib/python3.12/site-packages/airflow/example_dags/example_bash_decorator.py
[2024-10-26T07:09:30.750+0000] {logging_mixin.py:190} INFO - [2024-10-26T07:09:30.749+0000] {dag.py:3239} INFO - Sync 1 DAGs
[2024-10-26T07:09:30.756+0000] {logging_mixin.py:190} INFO - [2024-10-26T07:09:30.756+0000] {dag.py:4180} INFO - Setting next_dagrun for example_bash_decorator to None, run_after=None
[2024-10-26T07:09:30.764+0000] {processor.py:208} INFO - Processing /home/airflow/.local/lib/python3.12/site-packages/airflow/example_dags/example_bash_decorator.py took 0.038 seconds
[2024-10-26T07:10:01.883+0000] {processor.py:186} INFO - Started process (PID=78160) to work on /home/airflow/.local/lib/python3.12/site-packages/airflow/example_dags/example_bash_decorator.py
[2024-10-26T07:10:01.883+0000] {processor.py:914} INFO - Processing file /home/airflow/.local/lib/python3.12/site-packages/airflow/example_dags/example_bash_decorator.py for tasks to queue
[2024-10-26T07:10:01.884+0000] {logging_mixin.py:190} INFO - [2024-10-26T07:10:01.884+0000] {dagbag.py:588} INFO - Filling up the DagBag from /home/airflow/.local/lib/python3.12/site-packages/airflow/example_dags/example_bash_decorator.py
[2024-10-26T07:10:01.891+0000] {processor.py:925} INFO - DAG(s) 'example_bash_decorator' retrieved from /home/airflow/.local/lib/python3.12/site-packages/airflow/example_dags/example_bash_decorator.py
[2024-10-26T07:10:01.901+0000] {logging_mixin.py:190} INFO - [2024-10-26T07:10:01.901+0000] {dag.py:3239} INFO - Sync 1 DAGs
[2024-10-26T07:10:01.908+0000] {logging_mixin.py:190} INFO - [2024-10-26T07:10:01.907+0000] {dag.py:4180} INFO - Setting next_dagrun for example_bash_decorator to None, run_after=None
[2024-10-26T07:10:01.914+0000] {processor.py:208} INFO - Processing /home/airflow/.local/lib/python3.12/site-packages/airflow/example_dags/example_bash_decorator.py took 0.035 seconds
[2024-10-26T07:10:33.614+0000] {processor.py:186} INFO - Started process (PID=78455) to work on /home/airflow/.local/lib/python3.12/site-packages/airflow/example_dags/example_bash_decorator.py
[2024-10-26T07:10:33.615+0000] {processor.py:914} INFO - Processing file /home/airflow/.local/lib/python3.12/site-packages/airflow/example_dags/example_bash_decorator.py for tasks to queue
[2024-10-26T07:10:33.616+0000] {logging_mixin.py:190} INFO - [2024-10-26T07:10:33.615+0000] {dagbag.py:588} INFO - Filling up the DagBag from /home/airflow/.local/lib/python3.12/site-packages/airflow/example_dags/example_bash_decorator.py
[2024-10-26T07:10:33.624+0000] {processor.py:925} INFO - DAG(s) 'example_bash_decorator' retrieved from /home/airflow/.local/lib/python3.12/site-packages/airflow/example_dags/example_bash_decorator.py
[2024-10-26T07:10:33.636+0000] {logging_mixin.py:190} INFO - [2024-10-26T07:10:33.636+0000] {dag.py:3239} INFO - Sync 1 DAGs
[2024-10-26T07:10:33.646+0000] {logging_mixin.py:190} INFO - [2024-10-26T07:10:33.646+0000] {dag.py:4180} INFO - Setting next_dagrun for example_bash_decorator to None, run_after=None
[2024-10-26T07:10:33.662+0000] {processor.py:208} INFO - Processing /home/airflow/.local/lib/python3.12/site-packages/airflow/example_dags/example_bash_decorator.py took 0.052 seconds
[2024-10-26T07:11:04.938+0000] {processor.py:186} INFO - Started process (PID=78751) to work on /home/airflow/.local/lib/python3.12/site-packages/airflow/example_dags/example_bash_decorator.py
[2024-10-26T07:11:04.939+0000] {processor.py:914} INFO - Processing file /home/airflow/.local/lib/python3.12/site-packages/airflow/example_dags/example_bash_decorator.py for tasks to queue
[2024-10-26T07:11:04.940+0000] {logging_mixin.py:190} INFO - [2024-10-26T07:11:04.940+0000] {dagbag.py:588} INFO - Filling up the DagBag from /home/airflow/.local/lib/python3.12/site-packages/airflow/example_dags/example_bash_decorator.py
[2024-10-26T07:11:04.954+0000] {processor.py:925} INFO - DAG(s) 'example_bash_decorator' retrieved from /home/airflow/.local/lib/python3.12/site-packages/airflow/example_dags/example_bash_decorator.py
[2024-10-26T07:11:04.979+0000] {logging_mixin.py:190} INFO - [2024-10-26T07:11:04.979+0000] {dag.py:3239} INFO - Sync 1 DAGs
[2024-10-26T07:11:05.040+0000] {logging_mixin.py:190} INFO - [2024-10-26T07:11:05.034+0000] {dag.py:4180} INFO - Setting next_dagrun for example_bash_decorator to None, run_after=None
[2024-10-26T07:11:05.098+0000] {processor.py:208} INFO - Processing /home/airflow/.local/lib/python3.12/site-packages/airflow/example_dags/example_bash_decorator.py took 0.165 seconds
[2024-10-26T07:11:35.237+0000] {processor.py:186} INFO - Started process (PID=79039) to work on /home/airflow/.local/lib/python3.12/site-packages/airflow/example_dags/example_bash_decorator.py
[2024-10-26T07:11:35.240+0000] {processor.py:914} INFO - Processing file /home/airflow/.local/lib/python3.12/site-packages/airflow/example_dags/example_bash_decorator.py for tasks to queue
[2024-10-26T07:11:35.240+0000] {logging_mixin.py:190} INFO - [2024-10-26T07:11:35.240+0000] {dagbag.py:588} INFO - Filling up the DagBag from /home/airflow/.local/lib/python3.12/site-packages/airflow/example_dags/example_bash_decorator.py
[2024-10-26T07:11:35.258+0000] {processor.py:925} INFO - DAG(s) 'example_bash_decorator' retrieved from /home/airflow/.local/lib/python3.12/site-packages/airflow/example_dags/example_bash_decorator.py
[2024-10-26T07:11:35.284+0000] {logging_mixin.py:190} INFO - [2024-10-26T07:11:35.284+0000] {dag.py:3239} INFO - Sync 1 DAGs
[2024-10-26T07:11:35.299+0000] {logging_mixin.py:190} INFO - [2024-10-26T07:11:35.299+0000] {dag.py:4180} INFO - Setting next_dagrun for example_bash_decorator to None, run_after=None
[2024-10-26T07:11:35.312+0000] {processor.py:208} INFO - Processing /home/airflow/.local/lib/python3.12/site-packages/airflow/example_dags/example_bash_decorator.py took 0.080 seconds
[2024-10-26T07:12:06.034+0000] {processor.py:186} INFO - Started process (PID=79333) to work on /home/airflow/.local/lib/python3.12/site-packages/airflow/example_dags/example_bash_decorator.py
[2024-10-26T07:12:06.035+0000] {processor.py:914} INFO - Processing file /home/airflow/.local/lib/python3.12/site-packages/airflow/example_dags/example_bash_decorator.py for tasks to queue
[2024-10-26T07:12:06.037+0000] {logging_mixin.py:190} INFO - [2024-10-26T07:12:06.037+0000] {dagbag.py:588} INFO - Filling up the DagBag from /home/airflow/.local/lib/python3.12/site-packages/airflow/example_dags/example_bash_decorator.py
[2024-10-26T07:12:06.048+0000] {processor.py:925} INFO - DAG(s) 'example_bash_decorator' retrieved from /home/airflow/.local/lib/python3.12/site-packages/airflow/example_dags/example_bash_decorator.py
[2024-10-26T07:12:06.062+0000] {logging_mixin.py:190} INFO - [2024-10-26T07:12:06.062+0000] {dag.py:3239} INFO - Sync 1 DAGs
[2024-10-26T07:12:06.070+0000] {logging_mixin.py:190} INFO - [2024-10-26T07:12:06.070+0000] {dag.py:4180} INFO - Setting next_dagrun for example_bash_decorator to None, run_after=None
[2024-10-26T07:12:06.081+0000] {processor.py:208} INFO - Processing /home/airflow/.local/lib/python3.12/site-packages/airflow/example_dags/example_bash_decorator.py took 0.050 seconds
[2024-10-26T07:12:37.243+0000] {processor.py:186} INFO - Started process (PID=79626) to work on /home/airflow/.local/lib/python3.12/site-packages/airflow/example_dags/example_bash_decorator.py
[2024-10-26T07:12:37.244+0000] {processor.py:914} INFO - Processing file /home/airflow/.local/lib/python3.12/site-packages/airflow/example_dags/example_bash_decorator.py for tasks to queue
[2024-10-26T07:12:37.245+0000] {logging_mixin.py:190} INFO - [2024-10-26T07:12:37.245+0000] {dagbag.py:588} INFO - Filling up the DagBag from /home/airflow/.local/lib/python3.12/site-packages/airflow/example_dags/example_bash_decorator.py
[2024-10-26T07:12:37.252+0000] {processor.py:925} INFO - DAG(s) 'example_bash_decorator' retrieved from /home/airflow/.local/lib/python3.12/site-packages/airflow/example_dags/example_bash_decorator.py
[2024-10-26T07:12:37.266+0000] {logging_mixin.py:190} INFO - [2024-10-26T07:12:37.265+0000] {dag.py:3239} INFO - Sync 1 DAGs
[2024-10-26T07:12:37.273+0000] {logging_mixin.py:190} INFO - [2024-10-26T07:12:37.273+0000] {dag.py:4180} INFO - Setting next_dagrun for example_bash_decorator to None, run_after=None
[2024-10-26T07:12:37.284+0000] {processor.py:208} INFO - Processing /home/airflow/.local/lib/python3.12/site-packages/airflow/example_dags/example_bash_decorator.py took 0.044 seconds
[2024-10-26T07:13:08.327+0000] {processor.py:186} INFO - Started process (PID=79914) to work on /home/airflow/.local/lib/python3.12/site-packages/airflow/example_dags/example_bash_decorator.py
[2024-10-26T07:13:08.330+0000] {processor.py:914} INFO - Processing file /home/airflow/.local/lib/python3.12/site-packages/airflow/example_dags/example_bash_decorator.py for tasks to queue
[2024-10-26T07:13:08.331+0000] {logging_mixin.py:190} INFO - [2024-10-26T07:13:08.331+0000] {dagbag.py:588} INFO - Filling up the DagBag from /home/airflow/.local/lib/python3.12/site-packages/airflow/example_dags/example_bash_decorator.py
[2024-10-26T07:13:08.341+0000] {processor.py:925} INFO - DAG(s) 'example_bash_decorator' retrieved from /home/airflow/.local/lib/python3.12/site-packages/airflow/example_dags/example_bash_decorator.py
[2024-10-26T07:13:08.353+0000] {logging_mixin.py:190} INFO - [2024-10-26T07:13:08.353+0000] {dag.py:3239} INFO - Sync 1 DAGs
[2024-10-26T07:13:08.364+0000] {logging_mixin.py:190} INFO - [2024-10-26T07:13:08.364+0000] {dag.py:4180} INFO - Setting next_dagrun for example_bash_decorator to None, run_after=None
[2024-10-26T07:13:08.380+0000] {processor.py:208} INFO - Processing /home/airflow/.local/lib/python3.12/site-packages/airflow/example_dags/example_bash_decorator.py took 0.057 seconds
[2024-10-26T07:13:39.223+0000] {processor.py:186} INFO - Started process (PID=80207) to work on /home/airflow/.local/lib/python3.12/site-packages/airflow/example_dags/example_bash_decorator.py
[2024-10-26T07:13:39.223+0000] {processor.py:914} INFO - Processing file /home/airflow/.local/lib/python3.12/site-packages/airflow/example_dags/example_bash_decorator.py for tasks to queue
[2024-10-26T07:13:39.224+0000] {logging_mixin.py:190} INFO - [2024-10-26T07:13:39.224+0000] {dagbag.py:588} INFO - Filling up the DagBag from /home/airflow/.local/lib/python3.12/site-packages/airflow/example_dags/example_bash_decorator.py
[2024-10-26T07:13:39.231+0000] {processor.py:925} INFO - DAG(s) 'example_bash_decorator' retrieved from /home/airflow/.local/lib/python3.12/site-packages/airflow/example_dags/example_bash_decorator.py
[2024-10-26T07:13:39.241+0000] {logging_mixin.py:190} INFO - [2024-10-26T07:13:39.241+0000] {dag.py:3239} INFO - Sync 1 DAGs
[2024-10-26T07:13:39.247+0000] {logging_mixin.py:190} INFO - [2024-10-26T07:13:39.247+0000] {dag.py:4180} INFO - Setting next_dagrun for example_bash_decorator to None, run_after=None
[2024-10-26T07:13:39.254+0000] {processor.py:208} INFO - Processing /home/airflow/.local/lib/python3.12/site-packages/airflow/example_dags/example_bash_decorator.py took 0.034 seconds
[2024-10-26T07:14:10.028+0000] {processor.py:186} INFO - Started process (PID=80498) to work on /home/airflow/.local/lib/python3.12/site-packages/airflow/example_dags/example_bash_decorator.py
[2024-10-26T07:14:10.028+0000] {processor.py:914} INFO - Processing file /home/airflow/.local/lib/python3.12/site-packages/airflow/example_dags/example_bash_decorator.py for tasks to queue
[2024-10-26T07:14:10.029+0000] {logging_mixin.py:190} INFO - [2024-10-26T07:14:10.029+0000] {dagbag.py:588} INFO - Filling up the DagBag from /home/airflow/.local/lib/python3.12/site-packages/airflow/example_dags/example_bash_decorator.py
[2024-10-26T07:14:10.036+0000] {processor.py:925} INFO - DAG(s) 'example_bash_decorator' retrieved from /home/airflow/.local/lib/python3.12/site-packages/airflow/example_dags/example_bash_decorator.py
[2024-10-26T07:14:10.058+0000] {logging_mixin.py:190} INFO - [2024-10-26T07:14:10.057+0000] {dag.py:3239} INFO - Sync 1 DAGs
[2024-10-26T07:14:10.168+0000] {logging_mixin.py:190} INFO - [2024-10-26T07:14:10.168+0000] {dag.py:4180} INFO - Setting next_dagrun for example_bash_decorator to None, run_after=None
[2024-10-26T07:14:10.178+0000] {processor.py:208} INFO - Processing /home/airflow/.local/lib/python3.12/site-packages/airflow/example_dags/example_bash_decorator.py took 0.153 seconds
[2024-10-26T07:14:41.440+0000] {processor.py:186} INFO - Started process (PID=80787) to work on /home/airflow/.local/lib/python3.12/site-packages/airflow/example_dags/example_bash_decorator.py
[2024-10-26T07:14:41.441+0000] {processor.py:914} INFO - Processing file /home/airflow/.local/lib/python3.12/site-packages/airflow/example_dags/example_bash_decorator.py for tasks to queue
[2024-10-26T07:14:41.442+0000] {logging_mixin.py:190} INFO - [2024-10-26T07:14:41.441+0000] {dagbag.py:588} INFO - Filling up the DagBag from /home/airflow/.local/lib/python3.12/site-packages/airflow/example_dags/example_bash_decorator.py
[2024-10-26T07:14:41.452+0000] {processor.py:925} INFO - DAG(s) 'example_bash_decorator' retrieved from /home/airflow/.local/lib/python3.12/site-packages/airflow/example_dags/example_bash_decorator.py
[2024-10-26T07:14:41.469+0000] {logging_mixin.py:190} INFO - [2024-10-26T07:14:41.469+0000] {dag.py:3239} INFO - Sync 1 DAGs
[2024-10-26T07:14:41.478+0000] {logging_mixin.py:190} INFO - [2024-10-26T07:14:41.478+0000] {dag.py:4180} INFO - Setting next_dagrun for example_bash_decorator to None, run_after=None
[2024-10-26T07:14:41.677+0000] {processor.py:208} INFO - Processing /home/airflow/.local/lib/python3.12/site-packages/airflow/example_dags/example_bash_decorator.py took 0.241 seconds
[2024-10-26T07:15:12.011+0000] {processor.py:186} INFO - Started process (PID=81080) to work on /home/airflow/.local/lib/python3.12/site-packages/airflow/example_dags/example_bash_decorator.py
[2024-10-26T07:15:12.011+0000] {processor.py:914} INFO - Processing file /home/airflow/.local/lib/python3.12/site-packages/airflow/example_dags/example_bash_decorator.py for tasks to queue
[2024-10-26T07:15:12.012+0000] {logging_mixin.py:190} INFO - [2024-10-26T07:15:12.012+0000] {dagbag.py:588} INFO - Filling up the DagBag from /home/airflow/.local/lib/python3.12/site-packages/airflow/example_dags/example_bash_decorator.py
[2024-10-26T07:15:12.021+0000] {processor.py:925} INFO - DAG(s) 'example_bash_decorator' retrieved from /home/airflow/.local/lib/python3.12/site-packages/airflow/example_dags/example_bash_decorator.py
[2024-10-26T07:15:12.036+0000] {logging_mixin.py:190} INFO - [2024-10-26T07:15:12.036+0000] {dag.py:3239} INFO - Sync 1 DAGs
[2024-10-26T07:15:12.047+0000] {logging_mixin.py:190} INFO - [2024-10-26T07:15:12.046+0000] {dag.py:4180} INFO - Setting next_dagrun for example_bash_decorator to None, run_after=None
[2024-10-26T07:15:12.056+0000] {processor.py:208} INFO - Processing /home/airflow/.local/lib/python3.12/site-packages/airflow/example_dags/example_bash_decorator.py took 0.049 seconds
[2024-10-26T07:15:42.442+0000] {processor.py:186} INFO - Started process (PID=81371) to work on /home/airflow/.local/lib/python3.12/site-packages/airflow/example_dags/example_bash_decorator.py
[2024-10-26T07:15:42.442+0000] {processor.py:914} INFO - Processing file /home/airflow/.local/lib/python3.12/site-packages/airflow/example_dags/example_bash_decorator.py for tasks to queue
[2024-10-26T07:15:42.443+0000] {logging_mixin.py:190} INFO - [2024-10-26T07:15:42.443+0000] {dagbag.py:588} INFO - Filling up the DagBag from /home/airflow/.local/lib/python3.12/site-packages/airflow/example_dags/example_bash_decorator.py
[2024-10-26T07:15:42.450+0000] {processor.py:925} INFO - DAG(s) 'example_bash_decorator' retrieved from /home/airflow/.local/lib/python3.12/site-packages/airflow/example_dags/example_bash_decorator.py
[2024-10-26T07:15:42.463+0000] {logging_mixin.py:190} INFO - [2024-10-26T07:15:42.463+0000] {dag.py:3239} INFO - Sync 1 DAGs
[2024-10-26T07:15:42.472+0000] {logging_mixin.py:190} INFO - [2024-10-26T07:15:42.472+0000] {dag.py:4180} INFO - Setting next_dagrun for example_bash_decorator to None, run_after=None
[2024-10-26T07:15:42.484+0000] {processor.py:208} INFO - Processing /home/airflow/.local/lib/python3.12/site-packages/airflow/example_dags/example_bash_decorator.py took 0.047 seconds
[2024-10-26T07:16:13.421+0000] {processor.py:186} INFO - Started process (PID=81662) to work on /home/airflow/.local/lib/python3.12/site-packages/airflow/example_dags/example_bash_decorator.py
[2024-10-26T07:16:13.421+0000] {processor.py:914} INFO - Processing file /home/airflow/.local/lib/python3.12/site-packages/airflow/example_dags/example_bash_decorator.py for tasks to queue
[2024-10-26T07:16:13.422+0000] {logging_mixin.py:190} INFO - [2024-10-26T07:16:13.422+0000] {dagbag.py:588} INFO - Filling up the DagBag from /home/airflow/.local/lib/python3.12/site-packages/airflow/example_dags/example_bash_decorator.py
[2024-10-26T07:16:13.430+0000] {processor.py:925} INFO - DAG(s) 'example_bash_decorator' retrieved from /home/airflow/.local/lib/python3.12/site-packages/airflow/example_dags/example_bash_decorator.py
[2024-10-26T07:16:13.445+0000] {logging_mixin.py:190} INFO - [2024-10-26T07:16:13.445+0000] {dag.py:3239} INFO - Sync 1 DAGs
[2024-10-26T07:16:13.453+0000] {logging_mixin.py:190} INFO - [2024-10-26T07:16:13.452+0000] {dag.py:4180} INFO - Setting next_dagrun for example_bash_decorator to None, run_after=None
[2024-10-26T07:16:13.463+0000] {processor.py:208} INFO - Processing /home/airflow/.local/lib/python3.12/site-packages/airflow/example_dags/example_bash_decorator.py took 0.046 seconds
[2024-10-26T07:16:43.823+0000] {processor.py:186} INFO - Started process (PID=81953) to work on /home/airflow/.local/lib/python3.12/site-packages/airflow/example_dags/example_bash_decorator.py
[2024-10-26T07:16:43.824+0000] {processor.py:914} INFO - Processing file /home/airflow/.local/lib/python3.12/site-packages/airflow/example_dags/example_bash_decorator.py for tasks to queue
[2024-10-26T07:16:43.824+0000] {logging_mixin.py:190} INFO - [2024-10-26T07:16:43.824+0000] {dagbag.py:588} INFO - Filling up the DagBag from /home/airflow/.local/lib/python3.12/site-packages/airflow/example_dags/example_bash_decorator.py
[2024-10-26T07:16:43.832+0000] {processor.py:925} INFO - DAG(s) 'example_bash_decorator' retrieved from /home/airflow/.local/lib/python3.12/site-packages/airflow/example_dags/example_bash_decorator.py
[2024-10-26T07:16:43.844+0000] {logging_mixin.py:190} INFO - [2024-10-26T07:16:43.844+0000] {dag.py:3239} INFO - Sync 1 DAGs
[2024-10-26T07:16:43.851+0000] {logging_mixin.py:190} INFO - [2024-10-26T07:16:43.851+0000] {dag.py:4180} INFO - Setting next_dagrun for example_bash_decorator to None, run_after=None
[2024-10-26T07:16:43.863+0000] {processor.py:208} INFO - Processing /home/airflow/.local/lib/python3.12/site-packages/airflow/example_dags/example_bash_decorator.py took 0.043 seconds
[2024-10-26T07:17:14.424+0000] {processor.py:186} INFO - Started process (PID=82241) to work on /home/airflow/.local/lib/python3.12/site-packages/airflow/example_dags/example_bash_decorator.py
[2024-10-26T07:17:14.425+0000] {processor.py:914} INFO - Processing file /home/airflow/.local/lib/python3.12/site-packages/airflow/example_dags/example_bash_decorator.py for tasks to queue
[2024-10-26T07:17:14.426+0000] {logging_mixin.py:190} INFO - [2024-10-26T07:17:14.426+0000] {dagbag.py:588} INFO - Filling up the DagBag from /home/airflow/.local/lib/python3.12/site-packages/airflow/example_dags/example_bash_decorator.py
[2024-10-26T07:17:14.436+0000] {processor.py:925} INFO - DAG(s) 'example_bash_decorator' retrieved from /home/airflow/.local/lib/python3.12/site-packages/airflow/example_dags/example_bash_decorator.py
[2024-10-26T07:17:14.451+0000] {logging_mixin.py:190} INFO - [2024-10-26T07:17:14.451+0000] {dag.py:3239} INFO - Sync 1 DAGs
[2024-10-26T07:17:14.460+0000] {logging_mixin.py:190} INFO - [2024-10-26T07:17:14.460+0000] {dag.py:4180} INFO - Setting next_dagrun for example_bash_decorator to None, run_after=None
[2024-10-26T07:17:14.468+0000] {processor.py:208} INFO - Processing /home/airflow/.local/lib/python3.12/site-packages/airflow/example_dags/example_bash_decorator.py took 0.047 seconds
[2024-10-26T07:17:45.600+0000] {processor.py:186} INFO - Started process (PID=82532) to work on /home/airflow/.local/lib/python3.12/site-packages/airflow/example_dags/example_bash_decorator.py
[2024-10-26T07:17:45.600+0000] {processor.py:914} INFO - Processing file /home/airflow/.local/lib/python3.12/site-packages/airflow/example_dags/example_bash_decorator.py for tasks to queue
[2024-10-26T07:17:45.601+0000] {logging_mixin.py:190} INFO - [2024-10-26T07:17:45.601+0000] {dagbag.py:588} INFO - Filling up the DagBag from /home/airflow/.local/lib/python3.12/site-packages/airflow/example_dags/example_bash_decorator.py
[2024-10-26T07:17:45.608+0000] {processor.py:925} INFO - DAG(s) 'example_bash_decorator' retrieved from /home/airflow/.local/lib/python3.12/site-packages/airflow/example_dags/example_bash_decorator.py
[2024-10-26T07:17:45.624+0000] {logging_mixin.py:190} INFO - [2024-10-26T07:17:45.624+0000] {dag.py:3239} INFO - Sync 1 DAGs
[2024-10-26T07:17:45.632+0000] {logging_mixin.py:190} INFO - [2024-10-26T07:17:45.632+0000] {dag.py:4180} INFO - Setting next_dagrun for example_bash_decorator to None, run_after=None
[2024-10-26T07:17:45.643+0000] {processor.py:208} INFO - Processing /home/airflow/.local/lib/python3.12/site-packages/airflow/example_dags/example_bash_decorator.py took 0.047 seconds
[2024-10-26T07:18:16.797+0000] {processor.py:186} INFO - Started process (PID=82825) to work on /home/airflow/.local/lib/python3.12/site-packages/airflow/example_dags/example_bash_decorator.py
[2024-10-26T07:18:16.797+0000] {processor.py:914} INFO - Processing file /home/airflow/.local/lib/python3.12/site-packages/airflow/example_dags/example_bash_decorator.py for tasks to queue
[2024-10-26T07:18:16.798+0000] {logging_mixin.py:190} INFO - [2024-10-26T07:18:16.798+0000] {dagbag.py:588} INFO - Filling up the DagBag from /home/airflow/.local/lib/python3.12/site-packages/airflow/example_dags/example_bash_decorator.py
[2024-10-26T07:18:16.806+0000] {processor.py:925} INFO - DAG(s) 'example_bash_decorator' retrieved from /home/airflow/.local/lib/python3.12/site-packages/airflow/example_dags/example_bash_decorator.py
[2024-10-26T07:18:16.818+0000] {logging_mixin.py:190} INFO - [2024-10-26T07:18:16.818+0000] {dag.py:3239} INFO - Sync 1 DAGs
[2024-10-26T07:18:16.824+0000] {logging_mixin.py:190} INFO - [2024-10-26T07:18:16.824+0000] {dag.py:4180} INFO - Setting next_dagrun for example_bash_decorator to None, run_after=None
[2024-10-26T07:18:16.833+0000] {processor.py:208} INFO - Processing /home/airflow/.local/lib/python3.12/site-packages/airflow/example_dags/example_bash_decorator.py took 0.040 seconds
[2024-10-26T07:18:47.992+0000] {processor.py:186} INFO - Started process (PID=83114) to work on /home/airflow/.local/lib/python3.12/site-packages/airflow/example_dags/example_bash_decorator.py
[2024-10-26T07:18:47.993+0000] {processor.py:914} INFO - Processing file /home/airflow/.local/lib/python3.12/site-packages/airflow/example_dags/example_bash_decorator.py for tasks to queue
[2024-10-26T07:18:47.994+0000] {logging_mixin.py:190} INFO - [2024-10-26T07:18:47.994+0000] {dagbag.py:588} INFO - Filling up the DagBag from /home/airflow/.local/lib/python3.12/site-packages/airflow/example_dags/example_bash_decorator.py
[2024-10-26T07:18:48.002+0000] {processor.py:925} INFO - DAG(s) 'example_bash_decorator' retrieved from /home/airflow/.local/lib/python3.12/site-packages/airflow/example_dags/example_bash_decorator.py
[2024-10-26T07:18:48.013+0000] {logging_mixin.py:190} INFO - [2024-10-26T07:18:48.013+0000] {dag.py:3239} INFO - Sync 1 DAGs
[2024-10-26T07:18:48.022+0000] {logging_mixin.py:190} INFO - [2024-10-26T07:18:48.022+0000] {dag.py:4180} INFO - Setting next_dagrun for example_bash_decorator to None, run_after=None
[2024-10-26T07:18:48.032+0000] {processor.py:208} INFO - Processing /home/airflow/.local/lib/python3.12/site-packages/airflow/example_dags/example_bash_decorator.py took 0.044 seconds
[2024-10-26T07:19:18.383+0000] {processor.py:186} INFO - Started process (PID=83406) to work on /home/airflow/.local/lib/python3.12/site-packages/airflow/example_dags/example_bash_decorator.py
[2024-10-26T07:19:18.383+0000] {processor.py:914} INFO - Processing file /home/airflow/.local/lib/python3.12/site-packages/airflow/example_dags/example_bash_decorator.py for tasks to queue
[2024-10-26T07:19:18.384+0000] {logging_mixin.py:190} INFO - [2024-10-26T07:19:18.384+0000] {dagbag.py:588} INFO - Filling up the DagBag from /home/airflow/.local/lib/python3.12/site-packages/airflow/example_dags/example_bash_decorator.py
[2024-10-26T07:19:18.391+0000] {processor.py:925} INFO - DAG(s) 'example_bash_decorator' retrieved from /home/airflow/.local/lib/python3.12/site-packages/airflow/example_dags/example_bash_decorator.py
[2024-10-26T07:19:18.402+0000] {logging_mixin.py:190} INFO - [2024-10-26T07:19:18.401+0000] {dag.py:3239} INFO - Sync 1 DAGs
[2024-10-26T07:19:18.408+0000] {logging_mixin.py:190} INFO - [2024-10-26T07:19:18.408+0000] {dag.py:4180} INFO - Setting next_dagrun for example_bash_decorator to None, run_after=None
[2024-10-26T07:19:18.415+0000] {processor.py:208} INFO - Processing /home/airflow/.local/lib/python3.12/site-packages/airflow/example_dags/example_bash_decorator.py took 0.035 seconds
[2024-10-26T07:19:49.817+0000] {processor.py:186} INFO - Started process (PID=83695) to work on /home/airflow/.local/lib/python3.12/site-packages/airflow/example_dags/example_bash_decorator.py
[2024-10-26T07:19:49.820+0000] {processor.py:914} INFO - Processing file /home/airflow/.local/lib/python3.12/site-packages/airflow/example_dags/example_bash_decorator.py for tasks to queue
[2024-10-26T07:19:49.823+0000] {logging_mixin.py:190} INFO - [2024-10-26T07:19:49.822+0000] {dagbag.py:588} INFO - Filling up the DagBag from /home/airflow/.local/lib/python3.12/site-packages/airflow/example_dags/example_bash_decorator.py
[2024-10-26T07:19:49.840+0000] {processor.py:925} INFO - DAG(s) 'example_bash_decorator' retrieved from /home/airflow/.local/lib/python3.12/site-packages/airflow/example_dags/example_bash_decorator.py
[2024-10-26T07:19:49.857+0000] {logging_mixin.py:190} INFO - [2024-10-26T07:19:49.856+0000] {dag.py:3239} INFO - Sync 1 DAGs
[2024-10-26T07:19:49.868+0000] {logging_mixin.py:190} INFO - [2024-10-26T07:19:49.868+0000] {dag.py:4180} INFO - Setting next_dagrun for example_bash_decorator to None, run_after=None
[2024-10-26T07:19:49.878+0000] {processor.py:208} INFO - Processing /home/airflow/.local/lib/python3.12/site-packages/airflow/example_dags/example_bash_decorator.py took 0.070 seconds
[2024-10-26T07:20:20.585+0000] {processor.py:186} INFO - Started process (PID=83988) to work on /home/airflow/.local/lib/python3.12/site-packages/airflow/example_dags/example_bash_decorator.py
[2024-10-26T07:20:20.585+0000] {processor.py:914} INFO - Processing file /home/airflow/.local/lib/python3.12/site-packages/airflow/example_dags/example_bash_decorator.py for tasks to queue
[2024-10-26T07:20:20.586+0000] {logging_mixin.py:190} INFO - [2024-10-26T07:20:20.586+0000] {dagbag.py:588} INFO - Filling up the DagBag from /home/airflow/.local/lib/python3.12/site-packages/airflow/example_dags/example_bash_decorator.py
[2024-10-26T07:20:20.594+0000] {processor.py:925} INFO - DAG(s) 'example_bash_decorator' retrieved from /home/airflow/.local/lib/python3.12/site-packages/airflow/example_dags/example_bash_decorator.py
[2024-10-26T07:20:20.610+0000] {logging_mixin.py:190} INFO - [2024-10-26T07:20:20.610+0000] {dag.py:3239} INFO - Sync 1 DAGs
[2024-10-26T07:20:20.619+0000] {logging_mixin.py:190} INFO - [2024-10-26T07:20:20.619+0000] {dag.py:4180} INFO - Setting next_dagrun for example_bash_decorator to None, run_after=None
[2024-10-26T07:20:20.627+0000] {processor.py:208} INFO - Processing /home/airflow/.local/lib/python3.12/site-packages/airflow/example_dags/example_bash_decorator.py took 0.045 seconds
[2024-10-26T07:20:51.661+0000] {processor.py:186} INFO - Started process (PID=84279) to work on /home/airflow/.local/lib/python3.12/site-packages/airflow/example_dags/example_bash_decorator.py
[2024-10-26T07:20:51.661+0000] {processor.py:914} INFO - Processing file /home/airflow/.local/lib/python3.12/site-packages/airflow/example_dags/example_bash_decorator.py for tasks to queue
[2024-10-26T07:20:51.662+0000] {logging_mixin.py:190} INFO - [2024-10-26T07:20:51.662+0000] {dagbag.py:588} INFO - Filling up the DagBag from /home/airflow/.local/lib/python3.12/site-packages/airflow/example_dags/example_bash_decorator.py
[2024-10-26T07:20:51.671+0000] {processor.py:925} INFO - DAG(s) 'example_bash_decorator' retrieved from /home/airflow/.local/lib/python3.12/site-packages/airflow/example_dags/example_bash_decorator.py
[2024-10-26T07:20:51.690+0000] {logging_mixin.py:190} INFO - [2024-10-26T07:20:51.690+0000] {dag.py:3239} INFO - Sync 1 DAGs
[2024-10-26T07:20:51.699+0000] {logging_mixin.py:190} INFO - [2024-10-26T07:20:51.699+0000] {dag.py:4180} INFO - Setting next_dagrun for example_bash_decorator to None, run_after=None
[2024-10-26T07:20:51.714+0000] {processor.py:208} INFO - Processing /home/airflow/.local/lib/python3.12/site-packages/airflow/example_dags/example_bash_decorator.py took 0.058 seconds
[2024-10-26T07:21:22.432+0000] {processor.py:186} INFO - Started process (PID=84568) to work on /home/airflow/.local/lib/python3.12/site-packages/airflow/example_dags/example_bash_decorator.py
[2024-10-26T07:21:22.436+0000] {processor.py:914} INFO - Processing file /home/airflow/.local/lib/python3.12/site-packages/airflow/example_dags/example_bash_decorator.py for tasks to queue
[2024-10-26T07:21:22.436+0000] {logging_mixin.py:190} INFO - [2024-10-26T07:21:22.436+0000] {dagbag.py:588} INFO - Filling up the DagBag from /home/airflow/.local/lib/python3.12/site-packages/airflow/example_dags/example_bash_decorator.py
[2024-10-26T07:21:22.446+0000] {processor.py:925} INFO - DAG(s) 'example_bash_decorator' retrieved from /home/airflow/.local/lib/python3.12/site-packages/airflow/example_dags/example_bash_decorator.py
[2024-10-26T07:21:22.464+0000] {logging_mixin.py:190} INFO - [2024-10-26T07:21:22.464+0000] {dag.py:3239} INFO - Sync 1 DAGs
[2024-10-26T07:21:22.474+0000] {logging_mixin.py:190} INFO - [2024-10-26T07:21:22.474+0000] {dag.py:4180} INFO - Setting next_dagrun for example_bash_decorator to None, run_after=None
[2024-10-26T07:21:22.490+0000] {processor.py:208} INFO - Processing /home/airflow/.local/lib/python3.12/site-packages/airflow/example_dags/example_bash_decorator.py took 0.064 seconds
[2024-10-26T07:21:53.771+0000] {processor.py:186} INFO - Started process (PID=84859) to work on /home/airflow/.local/lib/python3.12/site-packages/airflow/example_dags/example_bash_decorator.py
[2024-10-26T07:21:53.777+0000] {processor.py:914} INFO - Processing file /home/airflow/.local/lib/python3.12/site-packages/airflow/example_dags/example_bash_decorator.py for tasks to queue
[2024-10-26T07:21:53.781+0000] {logging_mixin.py:190} INFO - [2024-10-26T07:21:53.781+0000] {dagbag.py:588} INFO - Filling up the DagBag from /home/airflow/.local/lib/python3.12/site-packages/airflow/example_dags/example_bash_decorator.py
[2024-10-26T07:21:53.804+0000] {processor.py:925} INFO - DAG(s) 'example_bash_decorator' retrieved from /home/airflow/.local/lib/python3.12/site-packages/airflow/example_dags/example_bash_decorator.py
[2024-10-26T07:21:53.838+0000] {logging_mixin.py:190} INFO - [2024-10-26T07:21:53.838+0000] {dag.py:3239} INFO - Sync 1 DAGs
[2024-10-26T07:21:53.976+0000] {logging_mixin.py:190} INFO - [2024-10-26T07:21:53.975+0000] {dag.py:4180} INFO - Setting next_dagrun for example_bash_decorator to None, run_after=None
[2024-10-26T07:21:54.016+0000] {processor.py:208} INFO - Processing /home/airflow/.local/lib/python3.12/site-packages/airflow/example_dags/example_bash_decorator.py took 0.255 seconds
[2024-10-26T07:22:24.210+0000] {processor.py:186} INFO - Started process (PID=85152) to work on /home/airflow/.local/lib/python3.12/site-packages/airflow/example_dags/example_bash_decorator.py
[2024-10-26T07:22:24.211+0000] {processor.py:914} INFO - Processing file /home/airflow/.local/lib/python3.12/site-packages/airflow/example_dags/example_bash_decorator.py for tasks to queue
[2024-10-26T07:22:24.211+0000] {logging_mixin.py:190} INFO - [2024-10-26T07:22:24.211+0000] {dagbag.py:588} INFO - Filling up the DagBag from /home/airflow/.local/lib/python3.12/site-packages/airflow/example_dags/example_bash_decorator.py
[2024-10-26T07:22:24.218+0000] {processor.py:925} INFO - DAG(s) 'example_bash_decorator' retrieved from /home/airflow/.local/lib/python3.12/site-packages/airflow/example_dags/example_bash_decorator.py
[2024-10-26T07:22:24.229+0000] {logging_mixin.py:190} INFO - [2024-10-26T07:22:24.229+0000] {dag.py:3239} INFO - Sync 1 DAGs
[2024-10-26T07:22:24.236+0000] {logging_mixin.py:190} INFO - [2024-10-26T07:22:24.236+0000] {dag.py:4180} INFO - Setting next_dagrun for example_bash_decorator to None, run_after=None
[2024-10-26T07:22:24.244+0000] {processor.py:208} INFO - Processing /home/airflow/.local/lib/python3.12/site-packages/airflow/example_dags/example_bash_decorator.py took 0.039 seconds
[2024-10-26T07:22:54.928+0000] {processor.py:186} INFO - Started process (PID=85441) to work on /home/airflow/.local/lib/python3.12/site-packages/airflow/example_dags/example_bash_decorator.py
[2024-10-26T07:22:54.930+0000] {processor.py:914} INFO - Processing file /home/airflow/.local/lib/python3.12/site-packages/airflow/example_dags/example_bash_decorator.py for tasks to queue
[2024-10-26T07:22:54.931+0000] {logging_mixin.py:190} INFO - [2024-10-26T07:22:54.931+0000] {dagbag.py:588} INFO - Filling up the DagBag from /home/airflow/.local/lib/python3.12/site-packages/airflow/example_dags/example_bash_decorator.py
[2024-10-26T07:22:54.940+0000] {processor.py:925} INFO - DAG(s) 'example_bash_decorator' retrieved from /home/airflow/.local/lib/python3.12/site-packages/airflow/example_dags/example_bash_decorator.py
[2024-10-26T07:22:54.954+0000] {logging_mixin.py:190} INFO - [2024-10-26T07:22:54.954+0000] {dag.py:3239} INFO - Sync 1 DAGs
[2024-10-26T07:22:54.963+0000] {logging_mixin.py:190} INFO - [2024-10-26T07:22:54.963+0000] {dag.py:4180} INFO - Setting next_dagrun for example_bash_decorator to None, run_after=None
[2024-10-26T07:22:54.992+0000] {processor.py:208} INFO - Processing /home/airflow/.local/lib/python3.12/site-packages/airflow/example_dags/example_bash_decorator.py took 0.068 seconds
[2024-10-26T07:23:25.764+0000] {processor.py:186} INFO - Started process (PID=85732) to work on /home/airflow/.local/lib/python3.12/site-packages/airflow/example_dags/example_bash_decorator.py
[2024-10-26T07:23:25.765+0000] {processor.py:914} INFO - Processing file /home/airflow/.local/lib/python3.12/site-packages/airflow/example_dags/example_bash_decorator.py for tasks to queue
[2024-10-26T07:23:25.765+0000] {logging_mixin.py:190} INFO - [2024-10-26T07:23:25.765+0000] {dagbag.py:588} INFO - Filling up the DagBag from /home/airflow/.local/lib/python3.12/site-packages/airflow/example_dags/example_bash_decorator.py
[2024-10-26T07:23:25.773+0000] {processor.py:925} INFO - DAG(s) 'example_bash_decorator' retrieved from /home/airflow/.local/lib/python3.12/site-packages/airflow/example_dags/example_bash_decorator.py
[2024-10-26T07:23:25.785+0000] {logging_mixin.py:190} INFO - [2024-10-26T07:23:25.785+0000] {dag.py:3239} INFO - Sync 1 DAGs
[2024-10-26T07:23:25.793+0000] {logging_mixin.py:190} INFO - [2024-10-26T07:23:25.793+0000] {dag.py:4180} INFO - Setting next_dagrun for example_bash_decorator to None, run_after=None
[2024-10-26T07:23:25.804+0000] {processor.py:208} INFO - Processing /home/airflow/.local/lib/python3.12/site-packages/airflow/example_dags/example_bash_decorator.py took 0.043 seconds
[2024-10-26T07:23:56.652+0000] {processor.py:186} INFO - Started process (PID=86025) to work on /home/airflow/.local/lib/python3.12/site-packages/airflow/example_dags/example_bash_decorator.py
[2024-10-26T07:23:56.653+0000] {processor.py:914} INFO - Processing file /home/airflow/.local/lib/python3.12/site-packages/airflow/example_dags/example_bash_decorator.py for tasks to queue
[2024-10-26T07:23:56.654+0000] {logging_mixin.py:190} INFO - [2024-10-26T07:23:56.653+0000] {dagbag.py:588} INFO - Filling up the DagBag from /home/airflow/.local/lib/python3.12/site-packages/airflow/example_dags/example_bash_decorator.py
[2024-10-26T07:23:56.661+0000] {processor.py:925} INFO - DAG(s) 'example_bash_decorator' retrieved from /home/airflow/.local/lib/python3.12/site-packages/airflow/example_dags/example_bash_decorator.py
[2024-10-26T07:23:56.673+0000] {logging_mixin.py:190} INFO - [2024-10-26T07:23:56.673+0000] {dag.py:3239} INFO - Sync 1 DAGs
[2024-10-26T07:23:56.680+0000] {logging_mixin.py:190} INFO - [2024-10-26T07:23:56.680+0000] {dag.py:4180} INFO - Setting next_dagrun for example_bash_decorator to None, run_after=None
[2024-10-26T07:23:56.691+0000] {processor.py:208} INFO - Processing /home/airflow/.local/lib/python3.12/site-packages/airflow/example_dags/example_bash_decorator.py took 0.042 seconds
[2024-10-26T07:24:27.341+0000] {processor.py:186} INFO - Started process (PID=86314) to work on /home/airflow/.local/lib/python3.12/site-packages/airflow/example_dags/example_bash_decorator.py
[2024-10-26T07:24:27.344+0000] {processor.py:914} INFO - Processing file /home/airflow/.local/lib/python3.12/site-packages/airflow/example_dags/example_bash_decorator.py for tasks to queue
[2024-10-26T07:24:27.346+0000] {logging_mixin.py:190} INFO - [2024-10-26T07:24:27.345+0000] {dagbag.py:588} INFO - Filling up the DagBag from /home/airflow/.local/lib/python3.12/site-packages/airflow/example_dags/example_bash_decorator.py
[2024-10-26T07:24:27.355+0000] {processor.py:925} INFO - DAG(s) 'example_bash_decorator' retrieved from /home/airflow/.local/lib/python3.12/site-packages/airflow/example_dags/example_bash_decorator.py
[2024-10-26T07:24:27.368+0000] {logging_mixin.py:190} INFO - [2024-10-26T07:24:27.368+0000] {dag.py:3239} INFO - Sync 1 DAGs
[2024-10-26T07:24:27.376+0000] {logging_mixin.py:190} INFO - [2024-10-26T07:24:27.376+0000] {dag.py:4180} INFO - Setting next_dagrun for example_bash_decorator to None, run_after=None
[2024-10-26T07:24:27.387+0000] {processor.py:208} INFO - Processing /home/airflow/.local/lib/python3.12/site-packages/airflow/example_dags/example_bash_decorator.py took 0.049 seconds
[2024-10-26T07:24:58.477+0000] {processor.py:186} INFO - Started process (PID=86605) to work on /home/airflow/.local/lib/python3.12/site-packages/airflow/example_dags/example_bash_decorator.py
[2024-10-26T07:24:58.480+0000] {processor.py:914} INFO - Processing file /home/airflow/.local/lib/python3.12/site-packages/airflow/example_dags/example_bash_decorator.py for tasks to queue
[2024-10-26T07:24:58.480+0000] {logging_mixin.py:190} INFO - [2024-10-26T07:24:58.480+0000] {dagbag.py:588} INFO - Filling up the DagBag from /home/airflow/.local/lib/python3.12/site-packages/airflow/example_dags/example_bash_decorator.py
[2024-10-26T07:24:58.489+0000] {processor.py:925} INFO - DAG(s) 'example_bash_decorator' retrieved from /home/airflow/.local/lib/python3.12/site-packages/airflow/example_dags/example_bash_decorator.py
[2024-10-26T07:24:58.501+0000] {logging_mixin.py:190} INFO - [2024-10-26T07:24:58.501+0000] {dag.py:3239} INFO - Sync 1 DAGs
[2024-10-26T07:24:58.513+0000] {logging_mixin.py:190} INFO - [2024-10-26T07:24:58.513+0000] {dag.py:4180} INFO - Setting next_dagrun for example_bash_decorator to None, run_after=None
[2024-10-26T07:24:58.521+0000] {processor.py:208} INFO - Processing /home/airflow/.local/lib/python3.12/site-packages/airflow/example_dags/example_bash_decorator.py took 0.048 seconds
[2024-10-26T07:25:29.066+0000] {processor.py:186} INFO - Started process (PID=86896) to work on /home/airflow/.local/lib/python3.12/site-packages/airflow/example_dags/example_bash_decorator.py
[2024-10-26T07:25:29.067+0000] {processor.py:914} INFO - Processing file /home/airflow/.local/lib/python3.12/site-packages/airflow/example_dags/example_bash_decorator.py for tasks to queue
[2024-10-26T07:25:29.067+0000] {logging_mixin.py:190} INFO - [2024-10-26T07:25:29.067+0000] {dagbag.py:588} INFO - Filling up the DagBag from /home/airflow/.local/lib/python3.12/site-packages/airflow/example_dags/example_bash_decorator.py
[2024-10-26T07:25:29.076+0000] {processor.py:925} INFO - DAG(s) 'example_bash_decorator' retrieved from /home/airflow/.local/lib/python3.12/site-packages/airflow/example_dags/example_bash_decorator.py
[2024-10-26T07:25:29.090+0000] {logging_mixin.py:190} INFO - [2024-10-26T07:25:29.089+0000] {dag.py:3239} INFO - Sync 1 DAGs
[2024-10-26T07:25:29.100+0000] {logging_mixin.py:190} INFO - [2024-10-26T07:25:29.100+0000] {dag.py:4180} INFO - Setting next_dagrun for example_bash_decorator to None, run_after=None
[2024-10-26T07:25:29.111+0000] {processor.py:208} INFO - Processing /home/airflow/.local/lib/python3.12/site-packages/airflow/example_dags/example_bash_decorator.py took 0.049 seconds
[2024-10-26T07:26:00.188+0000] {processor.py:186} INFO - Started process (PID=87189) to work on /home/airflow/.local/lib/python3.12/site-packages/airflow/example_dags/example_bash_decorator.py
[2024-10-26T07:26:00.189+0000] {processor.py:914} INFO - Processing file /home/airflow/.local/lib/python3.12/site-packages/airflow/example_dags/example_bash_decorator.py for tasks to queue
[2024-10-26T07:26:00.189+0000] {logging_mixin.py:190} INFO - [2024-10-26T07:26:00.189+0000] {dagbag.py:588} INFO - Filling up the DagBag from /home/airflow/.local/lib/python3.12/site-packages/airflow/example_dags/example_bash_decorator.py
[2024-10-26T07:26:00.196+0000] {processor.py:925} INFO - DAG(s) 'example_bash_decorator' retrieved from /home/airflow/.local/lib/python3.12/site-packages/airflow/example_dags/example_bash_decorator.py
[2024-10-26T07:26:00.208+0000] {logging_mixin.py:190} INFO - [2024-10-26T07:26:00.208+0000] {dag.py:3239} INFO - Sync 1 DAGs
[2024-10-26T07:26:00.214+0000] {logging_mixin.py:190} INFO - [2024-10-26T07:26:00.214+0000] {dag.py:4180} INFO - Setting next_dagrun for example_bash_decorator to None, run_after=None
[2024-10-26T07:26:00.222+0000] {processor.py:208} INFO - Processing /home/airflow/.local/lib/python3.12/site-packages/airflow/example_dags/example_bash_decorator.py took 0.037 seconds
[2024-10-26T07:26:31.316+0000] {processor.py:186} INFO - Started process (PID=87480) to work on /home/airflow/.local/lib/python3.12/site-packages/airflow/example_dags/example_bash_decorator.py
[2024-10-26T07:26:31.317+0000] {processor.py:914} INFO - Processing file /home/airflow/.local/lib/python3.12/site-packages/airflow/example_dags/example_bash_decorator.py for tasks to queue
[2024-10-26T07:26:31.317+0000] {logging_mixin.py:190} INFO - [2024-10-26T07:26:31.317+0000] {dagbag.py:588} INFO - Filling up the DagBag from /home/airflow/.local/lib/python3.12/site-packages/airflow/example_dags/example_bash_decorator.py
[2024-10-26T07:26:31.325+0000] {processor.py:925} INFO - DAG(s) 'example_bash_decorator' retrieved from /home/airflow/.local/lib/python3.12/site-packages/airflow/example_dags/example_bash_decorator.py
[2024-10-26T07:26:31.335+0000] {logging_mixin.py:190} INFO - [2024-10-26T07:26:31.335+0000] {dag.py:3239} INFO - Sync 1 DAGs
[2024-10-26T07:26:31.342+0000] {logging_mixin.py:190} INFO - [2024-10-26T07:26:31.342+0000] {dag.py:4180} INFO - Setting next_dagrun for example_bash_decorator to None, run_after=None
[2024-10-26T07:26:31.349+0000] {processor.py:208} INFO - Processing /home/airflow/.local/lib/python3.12/site-packages/airflow/example_dags/example_bash_decorator.py took 0.037 seconds
[2024-10-26T07:27:01.737+0000] {processor.py:186} INFO - Started process (PID=87769) to work on /home/airflow/.local/lib/python3.12/site-packages/airflow/example_dags/example_bash_decorator.py
[2024-10-26T07:27:01.740+0000] {processor.py:914} INFO - Processing file /home/airflow/.local/lib/python3.12/site-packages/airflow/example_dags/example_bash_decorator.py for tasks to queue
[2024-10-26T07:27:01.741+0000] {logging_mixin.py:190} INFO - [2024-10-26T07:27:01.741+0000] {dagbag.py:588} INFO - Filling up the DagBag from /home/airflow/.local/lib/python3.12/site-packages/airflow/example_dags/example_bash_decorator.py
[2024-10-26T07:27:01.749+0000] {processor.py:925} INFO - DAG(s) 'example_bash_decorator' retrieved from /home/airflow/.local/lib/python3.12/site-packages/airflow/example_dags/example_bash_decorator.py
[2024-10-26T07:27:01.763+0000] {logging_mixin.py:190} INFO - [2024-10-26T07:27:01.762+0000] {dag.py:3239} INFO - Sync 1 DAGs
[2024-10-26T07:27:01.772+0000] {logging_mixin.py:190} INFO - [2024-10-26T07:27:01.772+0000] {dag.py:4180} INFO - Setting next_dagrun for example_bash_decorator to None, run_after=None
[2024-10-26T07:27:01.781+0000] {processor.py:208} INFO - Processing /home/airflow/.local/lib/python3.12/site-packages/airflow/example_dags/example_bash_decorator.py took 0.047 seconds
[2024-10-26T07:27:32.399+0000] {processor.py:186} INFO - Started process (PID=88060) to work on /home/airflow/.local/lib/python3.12/site-packages/airflow/example_dags/example_bash_decorator.py
[2024-10-26T07:27:32.400+0000] {processor.py:914} INFO - Processing file /home/airflow/.local/lib/python3.12/site-packages/airflow/example_dags/example_bash_decorator.py for tasks to queue
[2024-10-26T07:27:32.401+0000] {logging_mixin.py:190} INFO - [2024-10-26T07:27:32.401+0000] {dagbag.py:588} INFO - Filling up the DagBag from /home/airflow/.local/lib/python3.12/site-packages/airflow/example_dags/example_bash_decorator.py
[2024-10-26T07:27:32.413+0000] {processor.py:925} INFO - DAG(s) 'example_bash_decorator' retrieved from /home/airflow/.local/lib/python3.12/site-packages/airflow/example_dags/example_bash_decorator.py
[2024-10-26T07:27:32.436+0000] {logging_mixin.py:190} INFO - [2024-10-26T07:27:32.436+0000] {dag.py:3239} INFO - Sync 1 DAGs
[2024-10-26T07:27:32.450+0000] {logging_mixin.py:190} INFO - [2024-10-26T07:27:32.450+0000] {dag.py:4180} INFO - Setting next_dagrun for example_bash_decorator to None, run_after=None
[2024-10-26T07:27:32.467+0000] {processor.py:208} INFO - Processing /home/airflow/.local/lib/python3.12/site-packages/airflow/example_dags/example_bash_decorator.py took 0.079 seconds
