[2024-10-26T00:46:26.743+0000] {processor.py:186} INFO - Started process (PID=70999) to work on /home/airflow/.local/lib/python3.12/site-packages/airflow/example_dags/example_branch_python_dop_operator_3.py
[2024-10-26T00:46:26.743+0000] {processor.py:914} INFO - Processing file /home/airflow/.local/lib/python3.12/site-packages/airflow/example_dags/example_branch_python_dop_operator_3.py for tasks to queue
[2024-10-26T00:46:26.744+0000] {logging_mixin.py:190} INFO - [2024-10-26T00:46:26.744+0000] {dagbag.py:588} INFO - Filling up the DagBag from /home/airflow/.local/lib/python3.12/site-packages/airflow/example_dags/example_branch_python_dop_operator_3.py
[2024-10-26T00:46:26.750+0000] {processor.py:925} INFO - DAG(s) 'example_branch_dop_operator_v3' retrieved from /home/airflow/.local/lib/python3.12/site-packages/airflow/example_dags/example_branch_python_dop_operator_3.py
[2024-10-26T00:46:26.762+0000] {logging_mixin.py:190} INFO - [2024-10-26T00:46:26.762+0000] {dag.py:3239} INFO - Sync 1 DAGs
[2024-10-26T00:46:26.778+0000] {logging_mixin.py:190} INFO - [2024-10-26T00:46:26.777+0000] {dag.py:4180} INFO - Setting next_dagrun for example_branch_dop_operator_v3 to 2024-10-26 00:45:00+00:00, run_after=2024-10-26 00:46:00+00:00
[2024-10-26T00:46:26.786+0000] {processor.py:208} INFO - Processing /home/airflow/.local/lib/python3.12/site-packages/airflow/example_dags/example_branch_python_dop_operator_3.py took 0.047 seconds
[2024-10-26T01:37:10.383+0000] {processor.py:186} INFO - Started process (PID=71291) to work on /home/airflow/.local/lib/python3.12/site-packages/airflow/example_dags/example_branch_python_dop_operator_3.py
[2024-10-26T01:37:10.384+0000] {processor.py:914} INFO - Processing file /home/airflow/.local/lib/python3.12/site-packages/airflow/example_dags/example_branch_python_dop_operator_3.py for tasks to queue
[2024-10-26T01:37:10.385+0000] {logging_mixin.py:190} INFO - [2024-10-26T01:37:10.385+0000] {dagbag.py:588} INFO - Filling up the DagBag from /home/airflow/.local/lib/python3.12/site-packages/airflow/example_dags/example_branch_python_dop_operator_3.py
[2024-10-26T01:37:10.390+0000] {processor.py:925} INFO - DAG(s) 'example_branch_dop_operator_v3' retrieved from /home/airflow/.local/lib/python3.12/site-packages/airflow/example_dags/example_branch_python_dop_operator_3.py
[2024-10-26T01:37:10.400+0000] {logging_mixin.py:190} INFO - [2024-10-26T01:37:10.400+0000] {dag.py:3239} INFO - Sync 1 DAGs
[2024-10-26T01:37:10.414+0000] {logging_mixin.py:190} INFO - [2024-10-26T01:37:10.414+0000] {dag.py:4180} INFO - Setting next_dagrun for example_branch_dop_operator_v3 to 2024-10-26 01:36:00+00:00, run_after=2024-10-26 01:37:00+00:00
[2024-10-26T01:37:10.424+0000] {processor.py:208} INFO - Processing /home/airflow/.local/lib/python3.12/site-packages/airflow/example_dags/example_branch_python_dop_operator_3.py took 0.044 seconds
[2024-10-26T02:57:39.375+0000] {processor.py:186} INFO - Started process (PID=71582) to work on /home/airflow/.local/lib/python3.12/site-packages/airflow/example_dags/example_branch_python_dop_operator_3.py
[2024-10-26T02:57:39.379+0000] {processor.py:914} INFO - Processing file /home/airflow/.local/lib/python3.12/site-packages/airflow/example_dags/example_branch_python_dop_operator_3.py for tasks to queue
[2024-10-26T02:57:39.380+0000] {logging_mixin.py:190} INFO - [2024-10-26T02:57:39.380+0000] {dagbag.py:588} INFO - Filling up the DagBag from /home/airflow/.local/lib/python3.12/site-packages/airflow/example_dags/example_branch_python_dop_operator_3.py
[2024-10-26T02:57:39.388+0000] {processor.py:925} INFO - DAG(s) 'example_branch_dop_operator_v3' retrieved from /home/airflow/.local/lib/python3.12/site-packages/airflow/example_dags/example_branch_python_dop_operator_3.py
[2024-10-26T02:57:39.403+0000] {logging_mixin.py:190} INFO - [2024-10-26T02:57:39.403+0000] {dag.py:3239} INFO - Sync 1 DAGs
[2024-10-26T02:57:39.416+0000] {logging_mixin.py:190} INFO - [2024-10-26T02:57:39.416+0000] {dag.py:4180} INFO - Setting next_dagrun for example_branch_dop_operator_v3 to 2024-10-26 02:56:00+00:00, run_after=2024-10-26 02:57:00+00:00
[2024-10-26T02:57:39.436+0000] {processor.py:208} INFO - Processing /home/airflow/.local/lib/python3.12/site-packages/airflow/example_dags/example_branch_python_dop_operator_3.py took 0.065 seconds
[2024-10-26T04:18:36.593+0000] {processor.py:186} INFO - Started process (PID=71873) to work on /home/airflow/.local/lib/python3.12/site-packages/airflow/example_dags/example_branch_python_dop_operator_3.py
[2024-10-26T04:18:36.594+0000] {processor.py:914} INFO - Processing file /home/airflow/.local/lib/python3.12/site-packages/airflow/example_dags/example_branch_python_dop_operator_3.py for tasks to queue
[2024-10-26T04:18:36.594+0000] {logging_mixin.py:190} INFO - [2024-10-26T04:18:36.594+0000] {dagbag.py:588} INFO - Filling up the DagBag from /home/airflow/.local/lib/python3.12/site-packages/airflow/example_dags/example_branch_python_dop_operator_3.py
[2024-10-26T04:18:36.603+0000] {processor.py:925} INFO - DAG(s) 'example_branch_dop_operator_v3' retrieved from /home/airflow/.local/lib/python3.12/site-packages/airflow/example_dags/example_branch_python_dop_operator_3.py
[2024-10-26T04:18:36.619+0000] {logging_mixin.py:190} INFO - [2024-10-26T04:18:36.619+0000] {dag.py:3239} INFO - Sync 1 DAGs
[2024-10-26T04:18:36.633+0000] {logging_mixin.py:190} INFO - [2024-10-26T04:18:36.633+0000] {dag.py:4180} INFO - Setting next_dagrun for example_branch_dop_operator_v3 to 2024-10-26 04:17:00+00:00, run_after=2024-10-26 04:18:00+00:00
[2024-10-26T04:18:36.641+0000] {processor.py:208} INFO - Processing /home/airflow/.local/lib/python3.12/site-packages/airflow/example_dags/example_branch_python_dop_operator_3.py took 0.053 seconds
[2024-10-26T05:41:06.399+0000] {processor.py:186} INFO - Started process (PID=72164) to work on /home/airflow/.local/lib/python3.12/site-packages/airflow/example_dags/example_branch_python_dop_operator_3.py
[2024-10-26T05:41:06.400+0000] {processor.py:914} INFO - Processing file /home/airflow/.local/lib/python3.12/site-packages/airflow/example_dags/example_branch_python_dop_operator_3.py for tasks to queue
[2024-10-26T05:41:06.400+0000] {logging_mixin.py:190} INFO - [2024-10-26T05:41:06.400+0000] {dagbag.py:588} INFO - Filling up the DagBag from /home/airflow/.local/lib/python3.12/site-packages/airflow/example_dags/example_branch_python_dop_operator_3.py
[2024-10-26T05:41:06.405+0000] {processor.py:925} INFO - DAG(s) 'example_branch_dop_operator_v3' retrieved from /home/airflow/.local/lib/python3.12/site-packages/airflow/example_dags/example_branch_python_dop_operator_3.py
[2024-10-26T05:41:06.415+0000] {logging_mixin.py:190} INFO - [2024-10-26T05:41:06.415+0000] {dag.py:3239} INFO - Sync 1 DAGs
[2024-10-26T05:41:06.428+0000] {logging_mixin.py:190} INFO - [2024-10-26T05:41:06.428+0000] {dag.py:4180} INFO - Setting next_dagrun for example_branch_dop_operator_v3 to 2024-10-26 05:40:00+00:00, run_after=2024-10-26 05:41:00+00:00
[2024-10-26T05:41:06.442+0000] {processor.py:208} INFO - Processing /home/airflow/.local/lib/python3.12/site-packages/airflow/example_dags/example_branch_python_dop_operator_3.py took 0.046 seconds
[2024-10-26T06:59:46.762+0000] {processor.py:186} INFO - Started process (PID=72455) to work on /home/airflow/.local/lib/python3.12/site-packages/airflow/example_dags/example_branch_python_dop_operator_3.py
[2024-10-26T06:59:46.763+0000] {processor.py:914} INFO - Processing file /home/airflow/.local/lib/python3.12/site-packages/airflow/example_dags/example_branch_python_dop_operator_3.py for tasks to queue
[2024-10-26T06:59:46.763+0000] {logging_mixin.py:190} INFO - [2024-10-26T06:59:46.763+0000] {dagbag.py:588} INFO - Filling up the DagBag from /home/airflow/.local/lib/python3.12/site-packages/airflow/example_dags/example_branch_python_dop_operator_3.py
[2024-10-26T06:59:46.768+0000] {processor.py:925} INFO - DAG(s) 'example_branch_dop_operator_v3' retrieved from /home/airflow/.local/lib/python3.12/site-packages/airflow/example_dags/example_branch_python_dop_operator_3.py
[2024-10-26T06:59:46.781+0000] {logging_mixin.py:190} INFO - [2024-10-26T06:59:46.780+0000] {dag.py:3239} INFO - Sync 1 DAGs
[2024-10-26T06:59:46.796+0000] {logging_mixin.py:190} INFO - [2024-10-26T06:59:46.796+0000] {dag.py:4180} INFO - Setting next_dagrun for example_branch_dop_operator_v3 to 2024-10-26 06:58:00+00:00, run_after=2024-10-26 06:59:00+00:00
[2024-10-26T06:59:46.805+0000] {processor.py:208} INFO - Processing /home/airflow/.local/lib/python3.12/site-packages/airflow/example_dags/example_branch_python_dop_operator_3.py took 0.047 seconds
[2024-10-26T07:00:17.349+0000] {processor.py:186} INFO - Started process (PID=72748) to work on /home/airflow/.local/lib/python3.12/site-packages/airflow/example_dags/example_branch_python_dop_operator_3.py
[2024-10-26T07:00:17.350+0000] {processor.py:914} INFO - Processing file /home/airflow/.local/lib/python3.12/site-packages/airflow/example_dags/example_branch_python_dop_operator_3.py for tasks to queue
[2024-10-26T07:00:17.353+0000] {logging_mixin.py:190} INFO - [2024-10-26T07:00:17.352+0000] {dagbag.py:588} INFO - Filling up the DagBag from /home/airflow/.local/lib/python3.12/site-packages/airflow/example_dags/example_branch_python_dop_operator_3.py
[2024-10-26T07:00:17.358+0000] {processor.py:925} INFO - DAG(s) 'example_branch_dop_operator_v3' retrieved from /home/airflow/.local/lib/python3.12/site-packages/airflow/example_dags/example_branch_python_dop_operator_3.py
[2024-10-26T07:00:17.368+0000] {logging_mixin.py:190} INFO - [2024-10-26T07:00:17.368+0000] {dag.py:3239} INFO - Sync 1 DAGs
[2024-10-26T07:00:17.380+0000] {logging_mixin.py:190} INFO - [2024-10-26T07:00:17.380+0000] {dag.py:4180} INFO - Setting next_dagrun for example_branch_dop_operator_v3 to 2024-10-26 06:59:00+00:00, run_after=2024-10-26 07:00:00+00:00
[2024-10-26T07:00:17.389+0000] {processor.py:208} INFO - Processing /home/airflow/.local/lib/python3.12/site-packages/airflow/example_dags/example_branch_python_dop_operator_3.py took 0.044 seconds
[2024-10-26T07:00:47.926+0000] {processor.py:186} INFO - Started process (PID=73039) to work on /home/airflow/.local/lib/python3.12/site-packages/airflow/example_dags/example_branch_python_dop_operator_3.py
[2024-10-26T07:00:47.927+0000] {processor.py:914} INFO - Processing file /home/airflow/.local/lib/python3.12/site-packages/airflow/example_dags/example_branch_python_dop_operator_3.py for tasks to queue
[2024-10-26T07:00:47.927+0000] {logging_mixin.py:190} INFO - [2024-10-26T07:00:47.927+0000] {dagbag.py:588} INFO - Filling up the DagBag from /home/airflow/.local/lib/python3.12/site-packages/airflow/example_dags/example_branch_python_dop_operator_3.py
[2024-10-26T07:00:47.933+0000] {processor.py:925} INFO - DAG(s) 'example_branch_dop_operator_v3' retrieved from /home/airflow/.local/lib/python3.12/site-packages/airflow/example_dags/example_branch_python_dop_operator_3.py
[2024-10-26T07:00:47.948+0000] {logging_mixin.py:190} INFO - [2024-10-26T07:00:47.948+0000] {dag.py:3239} INFO - Sync 1 DAGs
[2024-10-26T07:00:47.964+0000] {logging_mixin.py:190} INFO - [2024-10-26T07:00:47.964+0000] {dag.py:4180} INFO - Setting next_dagrun for example_branch_dop_operator_v3 to 2024-10-26 06:59:00+00:00, run_after=2024-10-26 07:00:00+00:00
[2024-10-26T07:00:47.975+0000] {processor.py:208} INFO - Processing /home/airflow/.local/lib/python3.12/site-packages/airflow/example_dags/example_branch_python_dop_operator_3.py took 0.052 seconds
[2024-10-26T07:01:22.391+0000] {processor.py:186} INFO - Started process (PID=73330) to work on /home/airflow/.local/lib/python3.12/site-packages/airflow/example_dags/example_branch_python_dop_operator_3.py
[2024-10-26T07:01:22.392+0000] {processor.py:914} INFO - Processing file /home/airflow/.local/lib/python3.12/site-packages/airflow/example_dags/example_branch_python_dop_operator_3.py for tasks to queue
[2024-10-26T07:01:22.394+0000] {logging_mixin.py:190} INFO - [2024-10-26T07:01:22.394+0000] {dagbag.py:588} INFO - Filling up the DagBag from /home/airflow/.local/lib/python3.12/site-packages/airflow/example_dags/example_branch_python_dop_operator_3.py
[2024-10-26T07:01:22.411+0000] {processor.py:925} INFO - DAG(s) 'example_branch_dop_operator_v3' retrieved from /home/airflow/.local/lib/python3.12/site-packages/airflow/example_dags/example_branch_python_dop_operator_3.py
[2024-10-26T07:01:22.469+0000] {logging_mixin.py:190} INFO - [2024-10-26T07:01:22.468+0000] {dag.py:3239} INFO - Sync 1 DAGs
[2024-10-26T07:01:22.550+0000] {logging_mixin.py:190} INFO - [2024-10-26T07:01:22.550+0000] {dag.py:4180} INFO - Setting next_dagrun for example_branch_dop_operator_v3 to 2024-10-26 07:00:00+00:00, run_after=2024-10-26 07:01:00+00:00
[2024-10-26T07:01:22.629+0000] {processor.py:208} INFO - Processing /home/airflow/.local/lib/python3.12/site-packages/airflow/example_dags/example_branch_python_dop_operator_3.py took 0.245 seconds
[2024-10-26T07:01:53.535+0000] {processor.py:186} INFO - Started process (PID=73621) to work on /home/airflow/.local/lib/python3.12/site-packages/airflow/example_dags/example_branch_python_dop_operator_3.py
[2024-10-26T07:01:53.542+0000] {processor.py:914} INFO - Processing file /home/airflow/.local/lib/python3.12/site-packages/airflow/example_dags/example_branch_python_dop_operator_3.py for tasks to queue
[2024-10-26T07:01:53.546+0000] {logging_mixin.py:190} INFO - [2024-10-26T07:01:53.546+0000] {dagbag.py:588} INFO - Filling up the DagBag from /home/airflow/.local/lib/python3.12/site-packages/airflow/example_dags/example_branch_python_dop_operator_3.py
[2024-10-26T07:01:53.560+0000] {processor.py:925} INFO - DAG(s) 'example_branch_dop_operator_v3' retrieved from /home/airflow/.local/lib/python3.12/site-packages/airflow/example_dags/example_branch_python_dop_operator_3.py
[2024-10-26T07:01:53.581+0000] {logging_mixin.py:190} INFO - [2024-10-26T07:01:53.581+0000] {dag.py:3239} INFO - Sync 1 DAGs
[2024-10-26T07:01:53.607+0000] {logging_mixin.py:190} INFO - [2024-10-26T07:01:53.607+0000] {dag.py:4180} INFO - Setting next_dagrun for example_branch_dop_operator_v3 to 2024-10-26 07:00:00+00:00, run_after=2024-10-26 07:01:00+00:00
[2024-10-26T07:01:53.628+0000] {processor.py:208} INFO - Processing /home/airflow/.local/lib/python3.12/site-packages/airflow/example_dags/example_branch_python_dop_operator_3.py took 0.109 seconds
[2024-10-26T07:02:23.938+0000] {processor.py:186} INFO - Started process (PID=73912) to work on /home/airflow/.local/lib/python3.12/site-packages/airflow/example_dags/example_branch_python_dop_operator_3.py
[2024-10-26T07:02:23.944+0000] {processor.py:914} INFO - Processing file /home/airflow/.local/lib/python3.12/site-packages/airflow/example_dags/example_branch_python_dop_operator_3.py for tasks to queue
[2024-10-26T07:02:23.949+0000] {logging_mixin.py:190} INFO - [2024-10-26T07:02:23.948+0000] {dagbag.py:588} INFO - Filling up the DagBag from /home/airflow/.local/lib/python3.12/site-packages/airflow/example_dags/example_branch_python_dop_operator_3.py
[2024-10-26T07:02:23.959+0000] {processor.py:925} INFO - DAG(s) 'example_branch_dop_operator_v3' retrieved from /home/airflow/.local/lib/python3.12/site-packages/airflow/example_dags/example_branch_python_dop_operator_3.py
[2024-10-26T07:02:23.977+0000] {logging_mixin.py:190} INFO - [2024-10-26T07:02:23.977+0000] {dag.py:3239} INFO - Sync 1 DAGs
[2024-10-26T07:02:23.992+0000] {logging_mixin.py:190} INFO - [2024-10-26T07:02:23.992+0000] {dag.py:4180} INFO - Setting next_dagrun for example_branch_dop_operator_v3 to 2024-10-26 07:01:00+00:00, run_after=2024-10-26 07:02:00+00:00
[2024-10-26T07:02:24.009+0000] {processor.py:208} INFO - Processing /home/airflow/.local/lib/python3.12/site-packages/airflow/example_dags/example_branch_python_dop_operator_3.py took 0.078 seconds
[2024-10-26T07:02:54.661+0000] {processor.py:186} INFO - Started process (PID=74203) to work on /home/airflow/.local/lib/python3.12/site-packages/airflow/example_dags/example_branch_python_dop_operator_3.py
[2024-10-26T07:02:54.662+0000] {processor.py:914} INFO - Processing file /home/airflow/.local/lib/python3.12/site-packages/airflow/example_dags/example_branch_python_dop_operator_3.py for tasks to queue
[2024-10-26T07:02:54.663+0000] {logging_mixin.py:190} INFO - [2024-10-26T07:02:54.662+0000] {dagbag.py:588} INFO - Filling up the DagBag from /home/airflow/.local/lib/python3.12/site-packages/airflow/example_dags/example_branch_python_dop_operator_3.py
[2024-10-26T07:02:54.669+0000] {processor.py:925} INFO - DAG(s) 'example_branch_dop_operator_v3' retrieved from /home/airflow/.local/lib/python3.12/site-packages/airflow/example_dags/example_branch_python_dop_operator_3.py
[2024-10-26T07:02:54.683+0000] {logging_mixin.py:190} INFO - [2024-10-26T07:02:54.683+0000] {dag.py:3239} INFO - Sync 1 DAGs
[2024-10-26T07:02:54.700+0000] {logging_mixin.py:190} INFO - [2024-10-26T07:02:54.700+0000] {dag.py:4180} INFO - Setting next_dagrun for example_branch_dop_operator_v3 to 2024-10-26 07:01:00+00:00, run_after=2024-10-26 07:02:00+00:00
[2024-10-26T07:02:54.710+0000] {processor.py:208} INFO - Processing /home/airflow/.local/lib/python3.12/site-packages/airflow/example_dags/example_branch_python_dop_operator_3.py took 0.053 seconds
[2024-10-26T07:03:25.292+0000] {processor.py:186} INFO - Started process (PID=74494) to work on /home/airflow/.local/lib/python3.12/site-packages/airflow/example_dags/example_branch_python_dop_operator_3.py
[2024-10-26T07:03:25.294+0000] {processor.py:914} INFO - Processing file /home/airflow/.local/lib/python3.12/site-packages/airflow/example_dags/example_branch_python_dop_operator_3.py for tasks to queue
[2024-10-26T07:03:25.296+0000] {logging_mixin.py:190} INFO - [2024-10-26T07:03:25.296+0000] {dagbag.py:588} INFO - Filling up the DagBag from /home/airflow/.local/lib/python3.12/site-packages/airflow/example_dags/example_branch_python_dop_operator_3.py
[2024-10-26T07:03:25.315+0000] {processor.py:925} INFO - DAG(s) 'example_branch_dop_operator_v3' retrieved from /home/airflow/.local/lib/python3.12/site-packages/airflow/example_dags/example_branch_python_dop_operator_3.py
[2024-10-26T07:03:25.343+0000] {logging_mixin.py:190} INFO - [2024-10-26T07:03:25.343+0000] {dag.py:3239} INFO - Sync 1 DAGs
[2024-10-26T07:03:25.361+0000] {logging_mixin.py:190} INFO - [2024-10-26T07:03:25.361+0000] {dag.py:4180} INFO - Setting next_dagrun for example_branch_dop_operator_v3 to 2024-10-26 07:02:00+00:00, run_after=2024-10-26 07:03:00+00:00
[2024-10-26T07:03:25.375+0000] {processor.py:208} INFO - Processing /home/airflow/.local/lib/python3.12/site-packages/airflow/example_dags/example_branch_python_dop_operator_3.py took 0.093 seconds
[2024-10-26T07:03:56.124+0000] {processor.py:186} INFO - Started process (PID=74785) to work on /home/airflow/.local/lib/python3.12/site-packages/airflow/example_dags/example_branch_python_dop_operator_3.py
[2024-10-26T07:03:56.126+0000] {processor.py:914} INFO - Processing file /home/airflow/.local/lib/python3.12/site-packages/airflow/example_dags/example_branch_python_dop_operator_3.py for tasks to queue
[2024-10-26T07:03:56.128+0000] {logging_mixin.py:190} INFO - [2024-10-26T07:03:56.128+0000] {dagbag.py:588} INFO - Filling up the DagBag from /home/airflow/.local/lib/python3.12/site-packages/airflow/example_dags/example_branch_python_dop_operator_3.py
[2024-10-26T07:03:56.141+0000] {processor.py:925} INFO - DAG(s) 'example_branch_dop_operator_v3' retrieved from /home/airflow/.local/lib/python3.12/site-packages/airflow/example_dags/example_branch_python_dop_operator_3.py
[2024-10-26T07:03:56.165+0000] {logging_mixin.py:190} INFO - [2024-10-26T07:03:56.165+0000] {dag.py:3239} INFO - Sync 1 DAGs
[2024-10-26T07:03:56.186+0000] {logging_mixin.py:190} INFO - [2024-10-26T07:03:56.185+0000] {dag.py:4180} INFO - Setting next_dagrun for example_branch_dop_operator_v3 to 2024-10-26 07:02:00+00:00, run_after=2024-10-26 07:03:00+00:00
[2024-10-26T07:03:56.198+0000] {processor.py:208} INFO - Processing /home/airflow/.local/lib/python3.12/site-packages/airflow/example_dags/example_branch_python_dop_operator_3.py took 0.081 seconds
[2024-10-26T07:04:26.352+0000] {processor.py:186} INFO - Started process (PID=75075) to work on /home/airflow/.local/lib/python3.12/site-packages/airflow/example_dags/example_branch_python_dop_operator_3.py
[2024-10-26T07:04:26.354+0000] {processor.py:914} INFO - Processing file /home/airflow/.local/lib/python3.12/site-packages/airflow/example_dags/example_branch_python_dop_operator_3.py for tasks to queue
[2024-10-26T07:04:26.355+0000] {logging_mixin.py:190} INFO - [2024-10-26T07:04:26.355+0000] {dagbag.py:588} INFO - Filling up the DagBag from /home/airflow/.local/lib/python3.12/site-packages/airflow/example_dags/example_branch_python_dop_operator_3.py
[2024-10-26T07:04:26.370+0000] {processor.py:925} INFO - DAG(s) 'example_branch_dop_operator_v3' retrieved from /home/airflow/.local/lib/python3.12/site-packages/airflow/example_dags/example_branch_python_dop_operator_3.py
[2024-10-26T07:04:26.393+0000] {logging_mixin.py:190} INFO - [2024-10-26T07:04:26.392+0000] {dag.py:3239} INFO - Sync 1 DAGs
[2024-10-26T07:04:26.410+0000] {logging_mixin.py:190} INFO - [2024-10-26T07:04:26.410+0000] {dag.py:4180} INFO - Setting next_dagrun for example_branch_dop_operator_v3 to 2024-10-26 07:03:00+00:00, run_after=2024-10-26 07:04:00+00:00
[2024-10-26T07:04:26.423+0000] {processor.py:208} INFO - Processing /home/airflow/.local/lib/python3.12/site-packages/airflow/example_dags/example_branch_python_dop_operator_3.py took 0.079 seconds
[2024-10-26T07:04:56.714+0000] {processor.py:186} INFO - Started process (PID=75366) to work on /home/airflow/.local/lib/python3.12/site-packages/airflow/example_dags/example_branch_python_dop_operator_3.py
[2024-10-26T07:04:56.716+0000] {processor.py:914} INFO - Processing file /home/airflow/.local/lib/python3.12/site-packages/airflow/example_dags/example_branch_python_dop_operator_3.py for tasks to queue
[2024-10-26T07:04:56.718+0000] {logging_mixin.py:190} INFO - [2024-10-26T07:04:56.717+0000] {dagbag.py:588} INFO - Filling up the DagBag from /home/airflow/.local/lib/python3.12/site-packages/airflow/example_dags/example_branch_python_dop_operator_3.py
[2024-10-26T07:04:56.732+0000] {processor.py:925} INFO - DAG(s) 'example_branch_dop_operator_v3' retrieved from /home/airflow/.local/lib/python3.12/site-packages/airflow/example_dags/example_branch_python_dop_operator_3.py
[2024-10-26T07:04:56.753+0000] {logging_mixin.py:190} INFO - [2024-10-26T07:04:56.752+0000] {dag.py:3239} INFO - Sync 1 DAGs
[2024-10-26T07:04:56.774+0000] {logging_mixin.py:190} INFO - [2024-10-26T07:04:56.774+0000] {dag.py:4180} INFO - Setting next_dagrun for example_branch_dop_operator_v3 to 2024-10-26 07:03:00+00:00, run_after=2024-10-26 07:04:00+00:00
[2024-10-26T07:04:56.788+0000] {processor.py:208} INFO - Processing /home/airflow/.local/lib/python3.12/site-packages/airflow/example_dags/example_branch_python_dop_operator_3.py took 0.084 seconds
[2024-10-26T07:05:26.841+0000] {processor.py:186} INFO - Started process (PID=75660) to work on /home/airflow/.local/lib/python3.12/site-packages/airflow/example_dags/example_branch_python_dop_operator_3.py
[2024-10-26T07:05:26.841+0000] {processor.py:914} INFO - Processing file /home/airflow/.local/lib/python3.12/site-packages/airflow/example_dags/example_branch_python_dop_operator_3.py for tasks to queue
[2024-10-26T07:05:26.842+0000] {logging_mixin.py:190} INFO - [2024-10-26T07:05:26.842+0000] {dagbag.py:588} INFO - Filling up the DagBag from /home/airflow/.local/lib/python3.12/site-packages/airflow/example_dags/example_branch_python_dop_operator_3.py
[2024-10-26T07:05:26.848+0000] {processor.py:925} INFO - DAG(s) 'example_branch_dop_operator_v3' retrieved from /home/airflow/.local/lib/python3.12/site-packages/airflow/example_dags/example_branch_python_dop_operator_3.py
[2024-10-26T07:05:26.859+0000] {logging_mixin.py:190} INFO - [2024-10-26T07:05:26.859+0000] {dag.py:3239} INFO - Sync 1 DAGs
[2024-10-26T07:05:26.877+0000] {logging_mixin.py:190} INFO - [2024-10-26T07:05:26.876+0000] {dag.py:4180} INFO - Setting next_dagrun for example_branch_dop_operator_v3 to 2024-10-26 07:04:00+00:00, run_after=2024-10-26 07:05:00+00:00
[2024-10-26T07:05:26.890+0000] {processor.py:208} INFO - Processing /home/airflow/.local/lib/python3.12/site-packages/airflow/example_dags/example_branch_python_dop_operator_3.py took 0.055 seconds
[2024-10-26T07:05:57.487+0000] {processor.py:186} INFO - Started process (PID=75950) to work on /home/airflow/.local/lib/python3.12/site-packages/airflow/example_dags/example_branch_python_dop_operator_3.py
[2024-10-26T07:05:57.488+0000] {processor.py:914} INFO - Processing file /home/airflow/.local/lib/python3.12/site-packages/airflow/example_dags/example_branch_python_dop_operator_3.py for tasks to queue
[2024-10-26T07:05:57.489+0000] {logging_mixin.py:190} INFO - [2024-10-26T07:05:57.489+0000] {dagbag.py:588} INFO - Filling up the DagBag from /home/airflow/.local/lib/python3.12/site-packages/airflow/example_dags/example_branch_python_dop_operator_3.py
[2024-10-26T07:05:57.494+0000] {processor.py:925} INFO - DAG(s) 'example_branch_dop_operator_v3' retrieved from /home/airflow/.local/lib/python3.12/site-packages/airflow/example_dags/example_branch_python_dop_operator_3.py
[2024-10-26T07:05:57.508+0000] {logging_mixin.py:190} INFO - [2024-10-26T07:05:57.508+0000] {dag.py:3239} INFO - Sync 1 DAGs
[2024-10-26T07:05:57.522+0000] {logging_mixin.py:190} INFO - [2024-10-26T07:05:57.522+0000] {dag.py:4180} INFO - Setting next_dagrun for example_branch_dop_operator_v3 to 2024-10-26 07:04:00+00:00, run_after=2024-10-26 07:05:00+00:00
[2024-10-26T07:05:57.532+0000] {processor.py:208} INFO - Processing /home/airflow/.local/lib/python3.12/site-packages/airflow/example_dags/example_branch_python_dop_operator_3.py took 0.048 seconds
[2024-10-26T07:06:27.830+0000] {processor.py:186} INFO - Started process (PID=76241) to work on /home/airflow/.local/lib/python3.12/site-packages/airflow/example_dags/example_branch_python_dop_operator_3.py
[2024-10-26T07:06:27.831+0000] {processor.py:914} INFO - Processing file /home/airflow/.local/lib/python3.12/site-packages/airflow/example_dags/example_branch_python_dop_operator_3.py for tasks to queue
[2024-10-26T07:06:27.831+0000] {logging_mixin.py:190} INFO - [2024-10-26T07:06:27.831+0000] {dagbag.py:588} INFO - Filling up the DagBag from /home/airflow/.local/lib/python3.12/site-packages/airflow/example_dags/example_branch_python_dop_operator_3.py
[2024-10-26T07:06:27.836+0000] {processor.py:925} INFO - DAG(s) 'example_branch_dop_operator_v3' retrieved from /home/airflow/.local/lib/python3.12/site-packages/airflow/example_dags/example_branch_python_dop_operator_3.py
[2024-10-26T07:06:27.847+0000] {logging_mixin.py:190} INFO - [2024-10-26T07:06:27.846+0000] {dag.py:3239} INFO - Sync 1 DAGs
[2024-10-26T07:06:27.860+0000] {logging_mixin.py:190} INFO - [2024-10-26T07:06:27.860+0000] {dag.py:4180} INFO - Setting next_dagrun for example_branch_dop_operator_v3 to 2024-10-26 07:05:00+00:00, run_after=2024-10-26 07:06:00+00:00
[2024-10-26T07:06:27.875+0000] {processor.py:208} INFO - Processing /home/airflow/.local/lib/python3.12/site-packages/airflow/example_dags/example_branch_python_dop_operator_3.py took 0.049 seconds
[2024-10-26T07:06:58.112+0000] {processor.py:186} INFO - Started process (PID=76532) to work on /home/airflow/.local/lib/python3.12/site-packages/airflow/example_dags/example_branch_python_dop_operator_3.py
[2024-10-26T07:06:58.114+0000] {processor.py:914} INFO - Processing file /home/airflow/.local/lib/python3.12/site-packages/airflow/example_dags/example_branch_python_dop_operator_3.py for tasks to queue
[2024-10-26T07:06:58.115+0000] {logging_mixin.py:190} INFO - [2024-10-26T07:06:58.115+0000] {dagbag.py:588} INFO - Filling up the DagBag from /home/airflow/.local/lib/python3.12/site-packages/airflow/example_dags/example_branch_python_dop_operator_3.py
[2024-10-26T07:06:58.120+0000] {processor.py:925} INFO - DAG(s) 'example_branch_dop_operator_v3' retrieved from /home/airflow/.local/lib/python3.12/site-packages/airflow/example_dags/example_branch_python_dop_operator_3.py
[2024-10-26T07:06:58.133+0000] {logging_mixin.py:190} INFO - [2024-10-26T07:06:58.133+0000] {dag.py:3239} INFO - Sync 1 DAGs
[2024-10-26T07:06:58.148+0000] {logging_mixin.py:190} INFO - [2024-10-26T07:06:58.148+0000] {dag.py:4180} INFO - Setting next_dagrun for example_branch_dop_operator_v3 to 2024-10-26 07:05:00+00:00, run_after=2024-10-26 07:06:00+00:00
[2024-10-26T07:06:58.161+0000] {processor.py:208} INFO - Processing /home/airflow/.local/lib/python3.12/site-packages/airflow/example_dags/example_branch_python_dop_operator_3.py took 0.052 seconds
[2024-10-26T07:07:28.602+0000] {processor.py:186} INFO - Started process (PID=76823) to work on /home/airflow/.local/lib/python3.12/site-packages/airflow/example_dags/example_branch_python_dop_operator_3.py
[2024-10-26T07:07:28.605+0000] {processor.py:914} INFO - Processing file /home/airflow/.local/lib/python3.12/site-packages/airflow/example_dags/example_branch_python_dop_operator_3.py for tasks to queue
[2024-10-26T07:07:28.606+0000] {logging_mixin.py:190} INFO - [2024-10-26T07:07:28.606+0000] {dagbag.py:588} INFO - Filling up the DagBag from /home/airflow/.local/lib/python3.12/site-packages/airflow/example_dags/example_branch_python_dop_operator_3.py
[2024-10-26T07:07:28.614+0000] {processor.py:925} INFO - DAG(s) 'example_branch_dop_operator_v3' retrieved from /home/airflow/.local/lib/python3.12/site-packages/airflow/example_dags/example_branch_python_dop_operator_3.py
[2024-10-26T07:07:28.627+0000] {logging_mixin.py:190} INFO - [2024-10-26T07:07:28.627+0000] {dag.py:3239} INFO - Sync 1 DAGs
[2024-10-26T07:07:28.639+0000] {logging_mixin.py:190} INFO - [2024-10-26T07:07:28.639+0000] {dag.py:4180} INFO - Setting next_dagrun for example_branch_dop_operator_v3 to 2024-10-26 07:06:00+00:00, run_after=2024-10-26 07:07:00+00:00
[2024-10-26T07:07:28.648+0000] {processor.py:208} INFO - Processing /home/airflow/.local/lib/python3.12/site-packages/airflow/example_dags/example_branch_python_dop_operator_3.py took 0.051 seconds
[2024-10-26T07:07:59.791+0000] {processor.py:186} INFO - Started process (PID=77114) to work on /home/airflow/.local/lib/python3.12/site-packages/airflow/example_dags/example_branch_python_dop_operator_3.py
[2024-10-26T07:07:59.792+0000] {processor.py:914} INFO - Processing file /home/airflow/.local/lib/python3.12/site-packages/airflow/example_dags/example_branch_python_dop_operator_3.py for tasks to queue
[2024-10-26T07:07:59.793+0000] {logging_mixin.py:190} INFO - [2024-10-26T07:07:59.793+0000] {dagbag.py:588} INFO - Filling up the DagBag from /home/airflow/.local/lib/python3.12/site-packages/airflow/example_dags/example_branch_python_dop_operator_3.py
[2024-10-26T07:07:59.799+0000] {processor.py:925} INFO - DAG(s) 'example_branch_dop_operator_v3' retrieved from /home/airflow/.local/lib/python3.12/site-packages/airflow/example_dags/example_branch_python_dop_operator_3.py
[2024-10-26T07:07:59.815+0000] {logging_mixin.py:190} INFO - [2024-10-26T07:07:59.815+0000] {dag.py:3239} INFO - Sync 1 DAGs
[2024-10-26T07:07:59.838+0000] {logging_mixin.py:190} INFO - [2024-10-26T07:07:59.837+0000] {dag.py:4180} INFO - Setting next_dagrun for example_branch_dop_operator_v3 to 2024-10-26 07:06:00+00:00, run_after=2024-10-26 07:07:00+00:00
[2024-10-26T07:07:59.852+0000] {processor.py:208} INFO - Processing /home/airflow/.local/lib/python3.12/site-packages/airflow/example_dags/example_branch_python_dop_operator_3.py took 0.064 seconds
[2024-10-26T07:08:30.353+0000] {processor.py:186} INFO - Started process (PID=77405) to work on /home/airflow/.local/lib/python3.12/site-packages/airflow/example_dags/example_branch_python_dop_operator_3.py
[2024-10-26T07:08:30.354+0000] {processor.py:914} INFO - Processing file /home/airflow/.local/lib/python3.12/site-packages/airflow/example_dags/example_branch_python_dop_operator_3.py for tasks to queue
[2024-10-26T07:08:30.355+0000] {logging_mixin.py:190} INFO - [2024-10-26T07:08:30.355+0000] {dagbag.py:588} INFO - Filling up the DagBag from /home/airflow/.local/lib/python3.12/site-packages/airflow/example_dags/example_branch_python_dop_operator_3.py
[2024-10-26T07:08:30.360+0000] {processor.py:925} INFO - DAG(s) 'example_branch_dop_operator_v3' retrieved from /home/airflow/.local/lib/python3.12/site-packages/airflow/example_dags/example_branch_python_dop_operator_3.py
[2024-10-26T07:08:30.371+0000] {logging_mixin.py:190} INFO - [2024-10-26T07:08:30.370+0000] {dag.py:3239} INFO - Sync 1 DAGs
[2024-10-26T07:08:30.383+0000] {logging_mixin.py:190} INFO - [2024-10-26T07:08:30.383+0000] {dag.py:4180} INFO - Setting next_dagrun for example_branch_dop_operator_v3 to 2024-10-26 07:07:00+00:00, run_after=2024-10-26 07:08:00+00:00
[2024-10-26T07:08:30.399+0000] {processor.py:208} INFO - Processing /home/airflow/.local/lib/python3.12/site-packages/airflow/example_dags/example_branch_python_dop_operator_3.py took 0.049 seconds
[2024-10-26T07:09:01.363+0000] {processor.py:186} INFO - Started process (PID=77696) to work on /home/airflow/.local/lib/python3.12/site-packages/airflow/example_dags/example_branch_python_dop_operator_3.py
[2024-10-26T07:09:01.364+0000] {processor.py:914} INFO - Processing file /home/airflow/.local/lib/python3.12/site-packages/airflow/example_dags/example_branch_python_dop_operator_3.py for tasks to queue
[2024-10-26T07:09:01.364+0000] {logging_mixin.py:190} INFO - [2024-10-26T07:09:01.364+0000] {dagbag.py:588} INFO - Filling up the DagBag from /home/airflow/.local/lib/python3.12/site-packages/airflow/example_dags/example_branch_python_dop_operator_3.py
[2024-10-26T07:09:01.369+0000] {processor.py:925} INFO - DAG(s) 'example_branch_dop_operator_v3' retrieved from /home/airflow/.local/lib/python3.12/site-packages/airflow/example_dags/example_branch_python_dop_operator_3.py
[2024-10-26T07:09:01.380+0000] {logging_mixin.py:190} INFO - [2024-10-26T07:09:01.380+0000] {dag.py:3239} INFO - Sync 1 DAGs
[2024-10-26T07:09:01.397+0000] {logging_mixin.py:190} INFO - [2024-10-26T07:09:01.396+0000] {dag.py:4180} INFO - Setting next_dagrun for example_branch_dop_operator_v3 to 2024-10-26 07:08:00+00:00, run_after=2024-10-26 07:09:00+00:00
[2024-10-26T07:09:01.406+0000] {processor.py:208} INFO - Processing /home/airflow/.local/lib/python3.12/site-packages/airflow/example_dags/example_branch_python_dop_operator_3.py took 0.046 seconds
[2024-10-26T07:09:31.764+0000] {processor.py:186} INFO - Started process (PID=77989) to work on /home/airflow/.local/lib/python3.12/site-packages/airflow/example_dags/example_branch_python_dop_operator_3.py
[2024-10-26T07:09:31.764+0000] {processor.py:914} INFO - Processing file /home/airflow/.local/lib/python3.12/site-packages/airflow/example_dags/example_branch_python_dop_operator_3.py for tasks to queue
[2024-10-26T07:09:31.765+0000] {logging_mixin.py:190} INFO - [2024-10-26T07:09:31.765+0000] {dagbag.py:588} INFO - Filling up the DagBag from /home/airflow/.local/lib/python3.12/site-packages/airflow/example_dags/example_branch_python_dop_operator_3.py
[2024-10-26T07:09:31.770+0000] {processor.py:925} INFO - DAG(s) 'example_branch_dop_operator_v3' retrieved from /home/airflow/.local/lib/python3.12/site-packages/airflow/example_dags/example_branch_python_dop_operator_3.py
[2024-10-26T07:09:31.780+0000] {logging_mixin.py:190} INFO - [2024-10-26T07:09:31.780+0000] {dag.py:3239} INFO - Sync 1 DAGs
[2024-10-26T07:09:31.794+0000] {logging_mixin.py:190} INFO - [2024-10-26T07:09:31.794+0000] {dag.py:4180} INFO - Setting next_dagrun for example_branch_dop_operator_v3 to 2024-10-26 07:08:00+00:00, run_after=2024-10-26 07:09:00+00:00
[2024-10-26T07:09:31.804+0000] {processor.py:208} INFO - Processing /home/airflow/.local/lib/python3.12/site-packages/airflow/example_dags/example_branch_python_dop_operator_3.py took 0.043 seconds
[2024-10-26T07:10:02.955+0000] {processor.py:186} INFO - Started process (PID=78286) to work on /home/airflow/.local/lib/python3.12/site-packages/airflow/example_dags/example_branch_python_dop_operator_3.py
[2024-10-26T07:10:02.955+0000] {processor.py:914} INFO - Processing file /home/airflow/.local/lib/python3.12/site-packages/airflow/example_dags/example_branch_python_dop_operator_3.py for tasks to queue
[2024-10-26T07:10:02.956+0000] {logging_mixin.py:190} INFO - [2024-10-26T07:10:02.956+0000] {dagbag.py:588} INFO - Filling up the DagBag from /home/airflow/.local/lib/python3.12/site-packages/airflow/example_dags/example_branch_python_dop_operator_3.py
[2024-10-26T07:10:02.962+0000] {processor.py:925} INFO - DAG(s) 'example_branch_dop_operator_v3' retrieved from /home/airflow/.local/lib/python3.12/site-packages/airflow/example_dags/example_branch_python_dop_operator_3.py
[2024-10-26T07:10:02.977+0000] {logging_mixin.py:190} INFO - [2024-10-26T07:10:02.977+0000] {dag.py:3239} INFO - Sync 1 DAGs
[2024-10-26T07:10:03.000+0000] {logging_mixin.py:190} INFO - [2024-10-26T07:10:03.000+0000] {dag.py:4180} INFO - Setting next_dagrun for example_branch_dop_operator_v3 to 2024-10-26 07:09:00+00:00, run_after=2024-10-26 07:10:00+00:00
[2024-10-26T07:10:03.011+0000] {processor.py:208} INFO - Processing /home/airflow/.local/lib/python3.12/site-packages/airflow/example_dags/example_branch_python_dop_operator_3.py took 0.060 seconds
[2024-10-26T07:10:34.647+0000] {processor.py:186} INFO - Started process (PID=78575) to work on /home/airflow/.local/lib/python3.12/site-packages/airflow/example_dags/example_branch_python_dop_operator_3.py
[2024-10-26T07:10:34.648+0000] {processor.py:914} INFO - Processing file /home/airflow/.local/lib/python3.12/site-packages/airflow/example_dags/example_branch_python_dop_operator_3.py for tasks to queue
[2024-10-26T07:10:34.649+0000] {logging_mixin.py:190} INFO - [2024-10-26T07:10:34.649+0000] {dagbag.py:588} INFO - Filling up the DagBag from /home/airflow/.local/lib/python3.12/site-packages/airflow/example_dags/example_branch_python_dop_operator_3.py
[2024-10-26T07:10:34.654+0000] {processor.py:925} INFO - DAG(s) 'example_branch_dop_operator_v3' retrieved from /home/airflow/.local/lib/python3.12/site-packages/airflow/example_dags/example_branch_python_dop_operator_3.py
[2024-10-26T07:10:34.672+0000] {logging_mixin.py:190} INFO - [2024-10-26T07:10:34.672+0000] {dag.py:3239} INFO - Sync 1 DAGs
[2024-10-26T07:10:34.688+0000] {logging_mixin.py:190} INFO - [2024-10-26T07:10:34.688+0000] {dag.py:4180} INFO - Setting next_dagrun for example_branch_dop_operator_v3 to 2024-10-26 07:09:00+00:00, run_after=2024-10-26 07:10:00+00:00
[2024-10-26T07:10:34.699+0000] {processor.py:208} INFO - Processing /home/airflow/.local/lib/python3.12/site-packages/airflow/example_dags/example_branch_python_dop_operator_3.py took 0.058 seconds
[2024-10-26T07:11:06.331+0000] {processor.py:186} INFO - Started process (PID=78871) to work on /home/airflow/.local/lib/python3.12/site-packages/airflow/example_dags/example_branch_python_dop_operator_3.py
[2024-10-26T07:11:06.332+0000] {processor.py:914} INFO - Processing file /home/airflow/.local/lib/python3.12/site-packages/airflow/example_dags/example_branch_python_dop_operator_3.py for tasks to queue
[2024-10-26T07:11:06.332+0000] {logging_mixin.py:190} INFO - [2024-10-26T07:11:06.332+0000] {dagbag.py:588} INFO - Filling up the DagBag from /home/airflow/.local/lib/python3.12/site-packages/airflow/example_dags/example_branch_python_dop_operator_3.py
[2024-10-26T07:11:06.337+0000] {processor.py:925} INFO - DAG(s) 'example_branch_dop_operator_v3' retrieved from /home/airflow/.local/lib/python3.12/site-packages/airflow/example_dags/example_branch_python_dop_operator_3.py
[2024-10-26T07:11:06.350+0000] {logging_mixin.py:190} INFO - [2024-10-26T07:11:06.349+0000] {dag.py:3239} INFO - Sync 1 DAGs
[2024-10-26T07:11:06.366+0000] {logging_mixin.py:190} INFO - [2024-10-26T07:11:06.365+0000] {dag.py:4180} INFO - Setting next_dagrun for example_branch_dop_operator_v3 to 2024-10-26 07:10:00+00:00, run_after=2024-10-26 07:11:00+00:00
[2024-10-26T07:11:06.378+0000] {processor.py:208} INFO - Processing /home/airflow/.local/lib/python3.12/site-packages/airflow/example_dags/example_branch_python_dop_operator_3.py took 0.050 seconds
[2024-10-26T07:11:36.717+0000] {processor.py:186} INFO - Started process (PID=79162) to work on /home/airflow/.local/lib/python3.12/site-packages/airflow/example_dags/example_branch_python_dop_operator_3.py
[2024-10-26T07:11:36.718+0000] {processor.py:914} INFO - Processing file /home/airflow/.local/lib/python3.12/site-packages/airflow/example_dags/example_branch_python_dop_operator_3.py for tasks to queue
[2024-10-26T07:11:36.721+0000] {logging_mixin.py:190} INFO - [2024-10-26T07:11:36.721+0000] {dagbag.py:588} INFO - Filling up the DagBag from /home/airflow/.local/lib/python3.12/site-packages/airflow/example_dags/example_branch_python_dop_operator_3.py
[2024-10-26T07:11:36.726+0000] {processor.py:925} INFO - DAG(s) 'example_branch_dop_operator_v3' retrieved from /home/airflow/.local/lib/python3.12/site-packages/airflow/example_dags/example_branch_python_dop_operator_3.py
[2024-10-26T07:11:36.744+0000] {logging_mixin.py:190} INFO - [2024-10-26T07:11:36.744+0000] {dag.py:3239} INFO - Sync 1 DAGs
[2024-10-26T07:11:36.759+0000] {logging_mixin.py:190} INFO - [2024-10-26T07:11:36.759+0000] {dag.py:4180} INFO - Setting next_dagrun for example_branch_dop_operator_v3 to 2024-10-26 07:10:00+00:00, run_after=2024-10-26 07:11:00+00:00
[2024-10-26T07:11:36.769+0000] {processor.py:208} INFO - Processing /home/airflow/.local/lib/python3.12/site-packages/airflow/example_dags/example_branch_python_dop_operator_3.py took 0.056 seconds
[2024-10-26T07:12:07.884+0000] {processor.py:186} INFO - Started process (PID=79453) to work on /home/airflow/.local/lib/python3.12/site-packages/airflow/example_dags/example_branch_python_dop_operator_3.py
[2024-10-26T07:12:07.886+0000] {processor.py:914} INFO - Processing file /home/airflow/.local/lib/python3.12/site-packages/airflow/example_dags/example_branch_python_dop_operator_3.py for tasks to queue
[2024-10-26T07:12:07.890+0000] {logging_mixin.py:190} INFO - [2024-10-26T07:12:07.889+0000] {dagbag.py:588} INFO - Filling up the DagBag from /home/airflow/.local/lib/python3.12/site-packages/airflow/example_dags/example_branch_python_dop_operator_3.py
[2024-10-26T07:12:07.902+0000] {processor.py:925} INFO - DAG(s) 'example_branch_dop_operator_v3' retrieved from /home/airflow/.local/lib/python3.12/site-packages/airflow/example_dags/example_branch_python_dop_operator_3.py
[2024-10-26T07:12:07.923+0000] {logging_mixin.py:190} INFO - [2024-10-26T07:12:07.923+0000] {dag.py:3239} INFO - Sync 1 DAGs
[2024-10-26T07:12:07.942+0000] {logging_mixin.py:190} INFO - [2024-10-26T07:12:07.942+0000] {dag.py:4180} INFO - Setting next_dagrun for example_branch_dop_operator_v3 to 2024-10-26 07:11:00+00:00, run_after=2024-10-26 07:12:00+00:00
[2024-10-26T07:12:07.955+0000] {processor.py:208} INFO - Processing /home/airflow/.local/lib/python3.12/site-packages/airflow/example_dags/example_branch_python_dop_operator_3.py took 0.076 seconds
[2024-10-26T07:12:38.743+0000] {processor.py:186} INFO - Started process (PID=79744) to work on /home/airflow/.local/lib/python3.12/site-packages/airflow/example_dags/example_branch_python_dop_operator_3.py
[2024-10-26T07:12:38.744+0000] {processor.py:914} INFO - Processing file /home/airflow/.local/lib/python3.12/site-packages/airflow/example_dags/example_branch_python_dop_operator_3.py for tasks to queue
[2024-10-26T07:12:38.746+0000] {logging_mixin.py:190} INFO - [2024-10-26T07:12:38.745+0000] {dagbag.py:588} INFO - Filling up the DagBag from /home/airflow/.local/lib/python3.12/site-packages/airflow/example_dags/example_branch_python_dop_operator_3.py
[2024-10-26T07:12:38.753+0000] {processor.py:925} INFO - DAG(s) 'example_branch_dop_operator_v3' retrieved from /home/airflow/.local/lib/python3.12/site-packages/airflow/example_dags/example_branch_python_dop_operator_3.py
[2024-10-26T07:12:38.767+0000] {logging_mixin.py:190} INFO - [2024-10-26T07:12:38.767+0000] {dag.py:3239} INFO - Sync 1 DAGs
[2024-10-26T07:12:38.781+0000] {logging_mixin.py:190} INFO - [2024-10-26T07:12:38.781+0000] {dag.py:4180} INFO - Setting next_dagrun for example_branch_dop_operator_v3 to 2024-10-26 07:11:00+00:00, run_after=2024-10-26 07:12:00+00:00
[2024-10-26T07:12:38.898+0000] {processor.py:208} INFO - Processing /home/airflow/.local/lib/python3.12/site-packages/airflow/example_dags/example_branch_python_dop_operator_3.py took 0.160 seconds
[2024-10-26T07:13:09.566+0000] {processor.py:186} INFO - Started process (PID=80034) to work on /home/airflow/.local/lib/python3.12/site-packages/airflow/example_dags/example_branch_python_dop_operator_3.py
[2024-10-26T07:13:09.567+0000] {processor.py:914} INFO - Processing file /home/airflow/.local/lib/python3.12/site-packages/airflow/example_dags/example_branch_python_dop_operator_3.py for tasks to queue
[2024-10-26T07:13:09.568+0000] {logging_mixin.py:190} INFO - [2024-10-26T07:13:09.568+0000] {dagbag.py:588} INFO - Filling up the DagBag from /home/airflow/.local/lib/python3.12/site-packages/airflow/example_dags/example_branch_python_dop_operator_3.py
[2024-10-26T07:13:09.574+0000] {processor.py:925} INFO - DAG(s) 'example_branch_dop_operator_v3' retrieved from /home/airflow/.local/lib/python3.12/site-packages/airflow/example_dags/example_branch_python_dop_operator_3.py
[2024-10-26T07:13:09.590+0000] {logging_mixin.py:190} INFO - [2024-10-26T07:13:09.590+0000] {dag.py:3239} INFO - Sync 1 DAGs
[2024-10-26T07:13:09.604+0000] {logging_mixin.py:190} INFO - [2024-10-26T07:13:09.604+0000] {dag.py:4180} INFO - Setting next_dagrun for example_branch_dop_operator_v3 to 2024-10-26 07:12:00+00:00, run_after=2024-10-26 07:13:00+00:00
[2024-10-26T07:13:09.624+0000] {processor.py:208} INFO - Processing /home/airflow/.local/lib/python3.12/site-packages/airflow/example_dags/example_branch_python_dop_operator_3.py took 0.062 seconds
[2024-10-26T07:13:40.203+0000] {processor.py:186} INFO - Started process (PID=80325) to work on /home/airflow/.local/lib/python3.12/site-packages/airflow/example_dags/example_branch_python_dop_operator_3.py
[2024-10-26T07:13:40.204+0000] {processor.py:914} INFO - Processing file /home/airflow/.local/lib/python3.12/site-packages/airflow/example_dags/example_branch_python_dop_operator_3.py for tasks to queue
[2024-10-26T07:13:40.205+0000] {logging_mixin.py:190} INFO - [2024-10-26T07:13:40.205+0000] {dagbag.py:588} INFO - Filling up the DagBag from /home/airflow/.local/lib/python3.12/site-packages/airflow/example_dags/example_branch_python_dop_operator_3.py
[2024-10-26T07:13:40.210+0000] {processor.py:925} INFO - DAG(s) 'example_branch_dop_operator_v3' retrieved from /home/airflow/.local/lib/python3.12/site-packages/airflow/example_dags/example_branch_python_dop_operator_3.py
[2024-10-26T07:13:40.222+0000] {logging_mixin.py:190} INFO - [2024-10-26T07:13:40.222+0000] {dag.py:3239} INFO - Sync 1 DAGs
[2024-10-26T07:13:40.239+0000] {logging_mixin.py:190} INFO - [2024-10-26T07:13:40.239+0000] {dag.py:4180} INFO - Setting next_dagrun for example_branch_dop_operator_v3 to 2024-10-26 07:12:00+00:00, run_after=2024-10-26 07:13:00+00:00
[2024-10-26T07:13:40.247+0000] {processor.py:208} INFO - Processing /home/airflow/.local/lib/python3.12/site-packages/airflow/example_dags/example_branch_python_dop_operator_3.py took 0.047 seconds
[2024-10-26T07:14:12.343+0000] {processor.py:186} INFO - Started process (PID=80616) to work on /home/airflow/.local/lib/python3.12/site-packages/airflow/example_dags/example_branch_python_dop_operator_3.py
[2024-10-26T07:14:12.344+0000] {processor.py:914} INFO - Processing file /home/airflow/.local/lib/python3.12/site-packages/airflow/example_dags/example_branch_python_dop_operator_3.py for tasks to queue
[2024-10-26T07:14:12.345+0000] {logging_mixin.py:190} INFO - [2024-10-26T07:14:12.345+0000] {dagbag.py:588} INFO - Filling up the DagBag from /home/airflow/.local/lib/python3.12/site-packages/airflow/example_dags/example_branch_python_dop_operator_3.py
[2024-10-26T07:14:12.350+0000] {processor.py:925} INFO - DAG(s) 'example_branch_dop_operator_v3' retrieved from /home/airflow/.local/lib/python3.12/site-packages/airflow/example_dags/example_branch_python_dop_operator_3.py
[2024-10-26T07:14:12.365+0000] {logging_mixin.py:190} INFO - [2024-10-26T07:14:12.365+0000] {dag.py:3239} INFO - Sync 1 DAGs
[2024-10-26T07:14:12.381+0000] {logging_mixin.py:190} INFO - [2024-10-26T07:14:12.381+0000] {dag.py:4180} INFO - Setting next_dagrun for example_branch_dop_operator_v3 to 2024-10-26 07:13:00+00:00, run_after=2024-10-26 07:14:00+00:00
[2024-10-26T07:14:12.396+0000] {processor.py:208} INFO - Processing /home/airflow/.local/lib/python3.12/site-packages/airflow/example_dags/example_branch_python_dop_operator_3.py took 0.056 seconds
[2024-10-26T07:14:44.178+0000] {processor.py:186} INFO - Started process (PID=80909) to work on /home/airflow/.local/lib/python3.12/site-packages/airflow/example_dags/example_branch_python_dop_operator_3.py
[2024-10-26T07:14:44.179+0000] {processor.py:914} INFO - Processing file /home/airflow/.local/lib/python3.12/site-packages/airflow/example_dags/example_branch_python_dop_operator_3.py for tasks to queue
[2024-10-26T07:14:44.180+0000] {logging_mixin.py:190} INFO - [2024-10-26T07:14:44.180+0000] {dagbag.py:588} INFO - Filling up the DagBag from /home/airflow/.local/lib/python3.12/site-packages/airflow/example_dags/example_branch_python_dop_operator_3.py
[2024-10-26T07:14:44.186+0000] {processor.py:925} INFO - DAG(s) 'example_branch_dop_operator_v3' retrieved from /home/airflow/.local/lib/python3.12/site-packages/airflow/example_dags/example_branch_python_dop_operator_3.py
[2024-10-26T07:14:44.196+0000] {logging_mixin.py:190} INFO - [2024-10-26T07:14:44.196+0000] {dag.py:3239} INFO - Sync 1 DAGs
[2024-10-26T07:14:44.327+0000] {logging_mixin.py:190} INFO - [2024-10-26T07:14:44.326+0000] {dag.py:4180} INFO - Setting next_dagrun for example_branch_dop_operator_v3 to 2024-10-26 07:13:00+00:00, run_after=2024-10-26 07:14:00+00:00
[2024-10-26T07:14:44.336+0000] {processor.py:208} INFO - Processing /home/airflow/.local/lib/python3.12/site-packages/airflow/example_dags/example_branch_python_dop_operator_3.py took 0.161 seconds
[2024-10-26T07:15:15.178+0000] {processor.py:186} INFO - Started process (PID=81198) to work on /home/airflow/.local/lib/python3.12/site-packages/airflow/example_dags/example_branch_python_dop_operator_3.py
[2024-10-26T07:15:15.179+0000] {processor.py:914} INFO - Processing file /home/airflow/.local/lib/python3.12/site-packages/airflow/example_dags/example_branch_python_dop_operator_3.py for tasks to queue
[2024-10-26T07:15:15.179+0000] {logging_mixin.py:190} INFO - [2024-10-26T07:15:15.179+0000] {dagbag.py:588} INFO - Filling up the DagBag from /home/airflow/.local/lib/python3.12/site-packages/airflow/example_dags/example_branch_python_dop_operator_3.py
[2024-10-26T07:15:15.186+0000] {processor.py:925} INFO - DAG(s) 'example_branch_dop_operator_v3' retrieved from /home/airflow/.local/lib/python3.12/site-packages/airflow/example_dags/example_branch_python_dop_operator_3.py
[2024-10-26T07:15:15.200+0000] {logging_mixin.py:190} INFO - [2024-10-26T07:15:15.200+0000] {dag.py:3239} INFO - Sync 1 DAGs
[2024-10-26T07:15:15.222+0000] {logging_mixin.py:190} INFO - [2024-10-26T07:15:15.222+0000] {dag.py:4180} INFO - Setting next_dagrun for example_branch_dop_operator_v3 to 2024-10-26 07:14:00+00:00, run_after=2024-10-26 07:15:00+00:00
[2024-10-26T07:15:15.237+0000] {processor.py:208} INFO - Processing /home/airflow/.local/lib/python3.12/site-packages/airflow/example_dags/example_branch_python_dop_operator_3.py took 0.064 seconds
[2024-10-26T07:15:45.302+0000] {processor.py:186} INFO - Started process (PID=81491) to work on /home/airflow/.local/lib/python3.12/site-packages/airflow/example_dags/example_branch_python_dop_operator_3.py
[2024-10-26T07:15:45.303+0000] {processor.py:914} INFO - Processing file /home/airflow/.local/lib/python3.12/site-packages/airflow/example_dags/example_branch_python_dop_operator_3.py for tasks to queue
[2024-10-26T07:15:45.303+0000] {logging_mixin.py:190} INFO - [2024-10-26T07:15:45.303+0000] {dagbag.py:588} INFO - Filling up the DagBag from /home/airflow/.local/lib/python3.12/site-packages/airflow/example_dags/example_branch_python_dop_operator_3.py
[2024-10-26T07:15:45.309+0000] {processor.py:925} INFO - DAG(s) 'example_branch_dop_operator_v3' retrieved from /home/airflow/.local/lib/python3.12/site-packages/airflow/example_dags/example_branch_python_dop_operator_3.py
[2024-10-26T07:15:45.321+0000] {logging_mixin.py:190} INFO - [2024-10-26T07:15:45.321+0000] {dag.py:3239} INFO - Sync 1 DAGs
[2024-10-26T07:15:45.337+0000] {logging_mixin.py:190} INFO - [2024-10-26T07:15:45.337+0000] {dag.py:4180} INFO - Setting next_dagrun for example_branch_dop_operator_v3 to 2024-10-26 07:14:00+00:00, run_after=2024-10-26 07:15:00+00:00
[2024-10-26T07:15:45.347+0000] {processor.py:208} INFO - Processing /home/airflow/.local/lib/python3.12/site-packages/airflow/example_dags/example_branch_python_dop_operator_3.py took 0.049 seconds
[2024-10-26T07:16:16.397+0000] {processor.py:186} INFO - Started process (PID=81782) to work on /home/airflow/.local/lib/python3.12/site-packages/airflow/example_dags/example_branch_python_dop_operator_3.py
[2024-10-26T07:16:16.402+0000] {processor.py:914} INFO - Processing file /home/airflow/.local/lib/python3.12/site-packages/airflow/example_dags/example_branch_python_dop_operator_3.py for tasks to queue
[2024-10-26T07:16:16.403+0000] {logging_mixin.py:190} INFO - [2024-10-26T07:16:16.402+0000] {dagbag.py:588} INFO - Filling up the DagBag from /home/airflow/.local/lib/python3.12/site-packages/airflow/example_dags/example_branch_python_dop_operator_3.py
[2024-10-26T07:16:16.413+0000] {processor.py:925} INFO - DAG(s) 'example_branch_dop_operator_v3' retrieved from /home/airflow/.local/lib/python3.12/site-packages/airflow/example_dags/example_branch_python_dop_operator_3.py
[2024-10-26T07:16:16.427+0000] {logging_mixin.py:190} INFO - [2024-10-26T07:16:16.426+0000] {dag.py:3239} INFO - Sync 1 DAGs
[2024-10-26T07:16:16.449+0000] {logging_mixin.py:190} INFO - [2024-10-26T07:16:16.448+0000] {dag.py:4180} INFO - Setting next_dagrun for example_branch_dop_operator_v3 to 2024-10-26 07:15:00+00:00, run_after=2024-10-26 07:16:00+00:00
[2024-10-26T07:16:16.468+0000] {processor.py:208} INFO - Processing /home/airflow/.local/lib/python3.12/site-packages/airflow/example_dags/example_branch_python_dop_operator_3.py took 0.080 seconds
[2024-10-26T07:16:46.671+0000] {processor.py:186} INFO - Started process (PID=82071) to work on /home/airflow/.local/lib/python3.12/site-packages/airflow/example_dags/example_branch_python_dop_operator_3.py
[2024-10-26T07:16:46.671+0000] {processor.py:914} INFO - Processing file /home/airflow/.local/lib/python3.12/site-packages/airflow/example_dags/example_branch_python_dop_operator_3.py for tasks to queue
[2024-10-26T07:16:46.672+0000] {logging_mixin.py:190} INFO - [2024-10-26T07:16:46.672+0000] {dagbag.py:588} INFO - Filling up the DagBag from /home/airflow/.local/lib/python3.12/site-packages/airflow/example_dags/example_branch_python_dop_operator_3.py
[2024-10-26T07:16:46.681+0000] {processor.py:925} INFO - DAG(s) 'example_branch_dop_operator_v3' retrieved from /home/airflow/.local/lib/python3.12/site-packages/airflow/example_dags/example_branch_python_dop_operator_3.py
[2024-10-26T07:16:46.698+0000] {logging_mixin.py:190} INFO - [2024-10-26T07:16:46.696+0000] {dag.py:3239} INFO - Sync 1 DAGs
[2024-10-26T07:16:46.713+0000] {logging_mixin.py:190} INFO - [2024-10-26T07:16:46.712+0000] {dag.py:4180} INFO - Setting next_dagrun for example_branch_dop_operator_v3 to 2024-10-26 07:15:00+00:00, run_after=2024-10-26 07:16:00+00:00
[2024-10-26T07:16:46.724+0000] {processor.py:208} INFO - Processing /home/airflow/.local/lib/python3.12/site-packages/airflow/example_dags/example_branch_python_dop_operator_3.py took 0.057 seconds
[2024-10-26T07:17:17.548+0000] {processor.py:186} INFO - Started process (PID=82361) to work on /home/airflow/.local/lib/python3.12/site-packages/airflow/example_dags/example_branch_python_dop_operator_3.py
[2024-10-26T07:17:17.549+0000] {processor.py:914} INFO - Processing file /home/airflow/.local/lib/python3.12/site-packages/airflow/example_dags/example_branch_python_dop_operator_3.py for tasks to queue
[2024-10-26T07:17:17.549+0000] {logging_mixin.py:190} INFO - [2024-10-26T07:17:17.549+0000] {dagbag.py:588} INFO - Filling up the DagBag from /home/airflow/.local/lib/python3.12/site-packages/airflow/example_dags/example_branch_python_dop_operator_3.py
[2024-10-26T07:17:17.556+0000] {processor.py:925} INFO - DAG(s) 'example_branch_dop_operator_v3' retrieved from /home/airflow/.local/lib/python3.12/site-packages/airflow/example_dags/example_branch_python_dop_operator_3.py
[2024-10-26T07:17:17.572+0000] {logging_mixin.py:190} INFO - [2024-10-26T07:17:17.572+0000] {dag.py:3239} INFO - Sync 1 DAGs
[2024-10-26T07:17:17.590+0000] {logging_mixin.py:190} INFO - [2024-10-26T07:17:17.590+0000] {dag.py:4180} INFO - Setting next_dagrun for example_branch_dop_operator_v3 to 2024-10-26 07:16:00+00:00, run_after=2024-10-26 07:17:00+00:00
[2024-10-26T07:17:17.606+0000] {processor.py:208} INFO - Processing /home/airflow/.local/lib/python3.12/site-packages/airflow/example_dags/example_branch_python_dop_operator_3.py took 0.062 seconds
[2024-10-26T07:17:48.629+0000] {processor.py:186} INFO - Started process (PID=82654) to work on /home/airflow/.local/lib/python3.12/site-packages/airflow/example_dags/example_branch_python_dop_operator_3.py
[2024-10-26T07:17:48.633+0000] {processor.py:914} INFO - Processing file /home/airflow/.local/lib/python3.12/site-packages/airflow/example_dags/example_branch_python_dop_operator_3.py for tasks to queue
[2024-10-26T07:17:48.633+0000] {logging_mixin.py:190} INFO - [2024-10-26T07:17:48.633+0000] {dagbag.py:588} INFO - Filling up the DagBag from /home/airflow/.local/lib/python3.12/site-packages/airflow/example_dags/example_branch_python_dop_operator_3.py
[2024-10-26T07:17:48.641+0000] {processor.py:925} INFO - DAG(s) 'example_branch_dop_operator_v3' retrieved from /home/airflow/.local/lib/python3.12/site-packages/airflow/example_dags/example_branch_python_dop_operator_3.py
[2024-10-26T07:17:48.653+0000] {logging_mixin.py:190} INFO - [2024-10-26T07:17:48.652+0000] {dag.py:3239} INFO - Sync 1 DAGs
[2024-10-26T07:17:48.668+0000] {logging_mixin.py:190} INFO - [2024-10-26T07:17:48.668+0000] {dag.py:4180} INFO - Setting next_dagrun for example_branch_dop_operator_v3 to 2024-10-26 07:16:00+00:00, run_after=2024-10-26 07:17:00+00:00
[2024-10-26T07:17:48.681+0000] {processor.py:208} INFO - Processing /home/airflow/.local/lib/python3.12/site-packages/airflow/example_dags/example_branch_python_dop_operator_3.py took 0.056 seconds
[2024-10-26T07:18:18.950+0000] {processor.py:186} INFO - Started process (PID=82944) to work on /home/airflow/.local/lib/python3.12/site-packages/airflow/example_dags/example_branch_python_dop_operator_3.py
[2024-10-26T07:18:18.951+0000] {processor.py:914} INFO - Processing file /home/airflow/.local/lib/python3.12/site-packages/airflow/example_dags/example_branch_python_dop_operator_3.py for tasks to queue
[2024-10-26T07:18:18.951+0000] {logging_mixin.py:190} INFO - [2024-10-26T07:18:18.951+0000] {dagbag.py:588} INFO - Filling up the DagBag from /home/airflow/.local/lib/python3.12/site-packages/airflow/example_dags/example_branch_python_dop_operator_3.py
[2024-10-26T07:18:18.957+0000] {processor.py:925} INFO - DAG(s) 'example_branch_dop_operator_v3' retrieved from /home/airflow/.local/lib/python3.12/site-packages/airflow/example_dags/example_branch_python_dop_operator_3.py
[2024-10-26T07:18:18.970+0000] {logging_mixin.py:190} INFO - [2024-10-26T07:18:18.970+0000] {dag.py:3239} INFO - Sync 1 DAGs
[2024-10-26T07:18:18.985+0000] {logging_mixin.py:190} INFO - [2024-10-26T07:18:18.985+0000] {dag.py:4180} INFO - Setting next_dagrun for example_branch_dop_operator_v3 to 2024-10-26 07:17:00+00:00, run_after=2024-10-26 07:18:00+00:00
[2024-10-26T07:18:19.000+0000] {processor.py:208} INFO - Processing /home/airflow/.local/lib/python3.12/site-packages/airflow/example_dags/example_branch_python_dop_operator_3.py took 0.053 seconds
[2024-10-26T07:18:49.898+0000] {processor.py:186} INFO - Started process (PID=83236) to work on /home/airflow/.local/lib/python3.12/site-packages/airflow/example_dags/example_branch_python_dop_operator_3.py
[2024-10-26T07:18:49.899+0000] {processor.py:914} INFO - Processing file /home/airflow/.local/lib/python3.12/site-packages/airflow/example_dags/example_branch_python_dop_operator_3.py for tasks to queue
[2024-10-26T07:18:49.900+0000] {logging_mixin.py:190} INFO - [2024-10-26T07:18:49.899+0000] {dagbag.py:588} INFO - Filling up the DagBag from /home/airflow/.local/lib/python3.12/site-packages/airflow/example_dags/example_branch_python_dop_operator_3.py
[2024-10-26T07:18:49.905+0000] {processor.py:925} INFO - DAG(s) 'example_branch_dop_operator_v3' retrieved from /home/airflow/.local/lib/python3.12/site-packages/airflow/example_dags/example_branch_python_dop_operator_3.py
[2024-10-26T07:18:49.922+0000] {logging_mixin.py:190} INFO - [2024-10-26T07:18:49.922+0000] {dag.py:3239} INFO - Sync 1 DAGs
[2024-10-26T07:18:49.938+0000] {logging_mixin.py:190} INFO - [2024-10-26T07:18:49.938+0000] {dag.py:4180} INFO - Setting next_dagrun for example_branch_dop_operator_v3 to 2024-10-26 07:17:00+00:00, run_after=2024-10-26 07:18:00+00:00
[2024-10-26T07:18:49.952+0000] {processor.py:208} INFO - Processing /home/airflow/.local/lib/python3.12/site-packages/airflow/example_dags/example_branch_python_dop_operator_3.py took 0.057 seconds
[2024-10-26T07:19:20.285+0000] {processor.py:186} INFO - Started process (PID=83526) to work on /home/airflow/.local/lib/python3.12/site-packages/airflow/example_dags/example_branch_python_dop_operator_3.py
[2024-10-26T07:19:20.287+0000] {processor.py:914} INFO - Processing file /home/airflow/.local/lib/python3.12/site-packages/airflow/example_dags/example_branch_python_dop_operator_3.py for tasks to queue
[2024-10-26T07:19:20.291+0000] {logging_mixin.py:190} INFO - [2024-10-26T07:19:20.291+0000] {dagbag.py:588} INFO - Filling up the DagBag from /home/airflow/.local/lib/python3.12/site-packages/airflow/example_dags/example_branch_python_dop_operator_3.py
[2024-10-26T07:19:20.296+0000] {processor.py:925} INFO - DAG(s) 'example_branch_dop_operator_v3' retrieved from /home/airflow/.local/lib/python3.12/site-packages/airflow/example_dags/example_branch_python_dop_operator_3.py
[2024-10-26T07:19:20.310+0000] {logging_mixin.py:190} INFO - [2024-10-26T07:19:20.310+0000] {dag.py:3239} INFO - Sync 1 DAGs
[2024-10-26T07:19:20.329+0000] {logging_mixin.py:190} INFO - [2024-10-26T07:19:20.329+0000] {dag.py:4180} INFO - Setting next_dagrun for example_branch_dop_operator_v3 to 2024-10-26 07:18:00+00:00, run_after=2024-10-26 07:19:00+00:00
[2024-10-26T07:19:20.343+0000] {processor.py:208} INFO - Processing /home/airflow/.local/lib/python3.12/site-packages/airflow/example_dags/example_branch_python_dop_operator_3.py took 0.062 seconds
[2024-10-26T07:19:51.245+0000] {processor.py:186} INFO - Started process (PID=83815) to work on /home/airflow/.local/lib/python3.12/site-packages/airflow/example_dags/example_branch_python_dop_operator_3.py
[2024-10-26T07:19:51.247+0000] {processor.py:914} INFO - Processing file /home/airflow/.local/lib/python3.12/site-packages/airflow/example_dags/example_branch_python_dop_operator_3.py for tasks to queue
[2024-10-26T07:19:51.248+0000] {logging_mixin.py:190} INFO - [2024-10-26T07:19:51.248+0000] {dagbag.py:588} INFO - Filling up the DagBag from /home/airflow/.local/lib/python3.12/site-packages/airflow/example_dags/example_branch_python_dop_operator_3.py
[2024-10-26T07:19:51.254+0000] {processor.py:925} INFO - DAG(s) 'example_branch_dop_operator_v3' retrieved from /home/airflow/.local/lib/python3.12/site-packages/airflow/example_dags/example_branch_python_dop_operator_3.py
[2024-10-26T07:19:51.267+0000] {logging_mixin.py:190} INFO - [2024-10-26T07:19:51.266+0000] {dag.py:3239} INFO - Sync 1 DAGs
[2024-10-26T07:19:51.280+0000] {logging_mixin.py:190} INFO - [2024-10-26T07:19:51.280+0000] {dag.py:4180} INFO - Setting next_dagrun for example_branch_dop_operator_v3 to 2024-10-26 07:18:00+00:00, run_after=2024-10-26 07:19:00+00:00
[2024-10-26T07:19:51.291+0000] {processor.py:208} INFO - Processing /home/airflow/.local/lib/python3.12/site-packages/airflow/example_dags/example_branch_python_dop_operator_3.py took 0.051 seconds
[2024-10-26T07:20:22.151+0000] {processor.py:186} INFO - Started process (PID=84106) to work on /home/airflow/.local/lib/python3.12/site-packages/airflow/example_dags/example_branch_python_dop_operator_3.py
[2024-10-26T07:20:22.153+0000] {processor.py:914} INFO - Processing file /home/airflow/.local/lib/python3.12/site-packages/airflow/example_dags/example_branch_python_dop_operator_3.py for tasks to queue
[2024-10-26T07:20:22.160+0000] {logging_mixin.py:190} INFO - [2024-10-26T07:20:22.159+0000] {dagbag.py:588} INFO - Filling up the DagBag from /home/airflow/.local/lib/python3.12/site-packages/airflow/example_dags/example_branch_python_dop_operator_3.py
[2024-10-26T07:20:22.282+0000] {processor.py:925} INFO - DAG(s) 'example_branch_dop_operator_v3' retrieved from /home/airflow/.local/lib/python3.12/site-packages/airflow/example_dags/example_branch_python_dop_operator_3.py
[2024-10-26T07:20:22.374+0000] {logging_mixin.py:190} INFO - [2024-10-26T07:20:22.373+0000] {dag.py:3239} INFO - Sync 1 DAGs
[2024-10-26T07:20:22.433+0000] {logging_mixin.py:190} INFO - [2024-10-26T07:20:22.433+0000] {dag.py:4180} INFO - Setting next_dagrun for example_branch_dop_operator_v3 to 2024-10-26 07:19:00+00:00, run_after=2024-10-26 07:20:00+00:00
[2024-10-26T07:20:22.459+0000] {processor.py:208} INFO - Processing /home/airflow/.local/lib/python3.12/site-packages/airflow/example_dags/example_branch_python_dop_operator_3.py took 0.316 seconds
[2024-10-26T07:20:52.568+0000] {processor.py:186} INFO - Started process (PID=84397) to work on /home/airflow/.local/lib/python3.12/site-packages/airflow/example_dags/example_branch_python_dop_operator_3.py
[2024-10-26T07:20:52.569+0000] {processor.py:914} INFO - Processing file /home/airflow/.local/lib/python3.12/site-packages/airflow/example_dags/example_branch_python_dop_operator_3.py for tasks to queue
[2024-10-26T07:20:52.570+0000] {logging_mixin.py:190} INFO - [2024-10-26T07:20:52.570+0000] {dagbag.py:588} INFO - Filling up the DagBag from /home/airflow/.local/lib/python3.12/site-packages/airflow/example_dags/example_branch_python_dop_operator_3.py
[2024-10-26T07:20:52.575+0000] {processor.py:925} INFO - DAG(s) 'example_branch_dop_operator_v3' retrieved from /home/airflow/.local/lib/python3.12/site-packages/airflow/example_dags/example_branch_python_dop_operator_3.py
[2024-10-26T07:20:52.590+0000] {logging_mixin.py:190} INFO - [2024-10-26T07:20:52.590+0000] {dag.py:3239} INFO - Sync 1 DAGs
[2024-10-26T07:20:52.604+0000] {logging_mixin.py:190} INFO - [2024-10-26T07:20:52.603+0000] {dag.py:4180} INFO - Setting next_dagrun for example_branch_dop_operator_v3 to 2024-10-26 07:19:00+00:00, run_after=2024-10-26 07:20:00+00:00
[2024-10-26T07:20:52.611+0000] {processor.py:208} INFO - Processing /home/airflow/.local/lib/python3.12/site-packages/airflow/example_dags/example_branch_python_dop_operator_3.py took 0.046 seconds
[2024-10-26T07:21:23.270+0000] {processor.py:186} INFO - Started process (PID=84688) to work on /home/airflow/.local/lib/python3.12/site-packages/airflow/example_dags/example_branch_python_dop_operator_3.py
[2024-10-26T07:21:23.271+0000] {processor.py:914} INFO - Processing file /home/airflow/.local/lib/python3.12/site-packages/airflow/example_dags/example_branch_python_dop_operator_3.py for tasks to queue
[2024-10-26T07:21:23.273+0000] {logging_mixin.py:190} INFO - [2024-10-26T07:21:23.273+0000] {dagbag.py:588} INFO - Filling up the DagBag from /home/airflow/.local/lib/python3.12/site-packages/airflow/example_dags/example_branch_python_dop_operator_3.py
[2024-10-26T07:21:23.278+0000] {processor.py:925} INFO - DAG(s) 'example_branch_dop_operator_v3' retrieved from /home/airflow/.local/lib/python3.12/site-packages/airflow/example_dags/example_branch_python_dop_operator_3.py
[2024-10-26T07:21:23.291+0000] {logging_mixin.py:190} INFO - [2024-10-26T07:21:23.290+0000] {dag.py:3239} INFO - Sync 1 DAGs
[2024-10-26T07:21:23.305+0000] {logging_mixin.py:190} INFO - [2024-10-26T07:21:23.305+0000] {dag.py:4180} INFO - Setting next_dagrun for example_branch_dop_operator_v3 to 2024-10-26 07:20:00+00:00, run_after=2024-10-26 07:21:00+00:00
[2024-10-26T07:21:23.314+0000] {processor.py:208} INFO - Processing /home/airflow/.local/lib/python3.12/site-packages/airflow/example_dags/example_branch_python_dop_operator_3.py took 0.047 seconds
[2024-10-26T07:21:55.135+0000] {processor.py:186} INFO - Started process (PID=84979) to work on /home/airflow/.local/lib/python3.12/site-packages/airflow/example_dags/example_branch_python_dop_operator_3.py
[2024-10-26T07:21:55.138+0000] {processor.py:914} INFO - Processing file /home/airflow/.local/lib/python3.12/site-packages/airflow/example_dags/example_branch_python_dop_operator_3.py for tasks to queue
[2024-10-26T07:21:55.142+0000] {logging_mixin.py:190} INFO - [2024-10-26T07:21:55.142+0000] {dagbag.py:588} INFO - Filling up the DagBag from /home/airflow/.local/lib/python3.12/site-packages/airflow/example_dags/example_branch_python_dop_operator_3.py
[2024-10-26T07:21:55.150+0000] {processor.py:925} INFO - DAG(s) 'example_branch_dop_operator_v3' retrieved from /home/airflow/.local/lib/python3.12/site-packages/airflow/example_dags/example_branch_python_dop_operator_3.py
[2024-10-26T07:21:55.166+0000] {logging_mixin.py:190} INFO - [2024-10-26T07:21:55.166+0000] {dag.py:3239} INFO - Sync 1 DAGs
[2024-10-26T07:21:55.179+0000] {logging_mixin.py:190} INFO - [2024-10-26T07:21:55.179+0000] {dag.py:4180} INFO - Setting next_dagrun for example_branch_dop_operator_v3 to 2024-10-26 07:20:00+00:00, run_after=2024-10-26 07:21:00+00:00
[2024-10-26T07:21:55.189+0000] {processor.py:208} INFO - Processing /home/airflow/.local/lib/python3.12/site-packages/airflow/example_dags/example_branch_python_dop_operator_3.py took 0.060 seconds
[2024-10-26T07:22:26.124+0000] {processor.py:186} INFO - Started process (PID=85270) to work on /home/airflow/.local/lib/python3.12/site-packages/airflow/example_dags/example_branch_python_dop_operator_3.py
[2024-10-26T07:22:26.126+0000] {processor.py:914} INFO - Processing file /home/airflow/.local/lib/python3.12/site-packages/airflow/example_dags/example_branch_python_dop_operator_3.py for tasks to queue
[2024-10-26T07:22:26.126+0000] {logging_mixin.py:190} INFO - [2024-10-26T07:22:26.126+0000] {dagbag.py:588} INFO - Filling up the DagBag from /home/airflow/.local/lib/python3.12/site-packages/airflow/example_dags/example_branch_python_dop_operator_3.py
[2024-10-26T07:22:26.131+0000] {processor.py:925} INFO - DAG(s) 'example_branch_dop_operator_v3' retrieved from /home/airflow/.local/lib/python3.12/site-packages/airflow/example_dags/example_branch_python_dop_operator_3.py
[2024-10-26T07:22:26.142+0000] {logging_mixin.py:190} INFO - [2024-10-26T07:22:26.141+0000] {dag.py:3239} INFO - Sync 1 DAGs
[2024-10-26T07:22:26.154+0000] {logging_mixin.py:190} INFO - [2024-10-26T07:22:26.154+0000] {dag.py:4180} INFO - Setting next_dagrun for example_branch_dop_operator_v3 to 2024-10-26 07:21:00+00:00, run_after=2024-10-26 07:22:00+00:00
[2024-10-26T07:22:26.171+0000] {processor.py:208} INFO - Processing /home/airflow/.local/lib/python3.12/site-packages/airflow/example_dags/example_branch_python_dop_operator_3.py took 0.050 seconds
[2024-10-26T07:22:56.926+0000] {processor.py:186} INFO - Started process (PID=85563) to work on /home/airflow/.local/lib/python3.12/site-packages/airflow/example_dags/example_branch_python_dop_operator_3.py
[2024-10-26T07:22:56.926+0000] {processor.py:914} INFO - Processing file /home/airflow/.local/lib/python3.12/site-packages/airflow/example_dags/example_branch_python_dop_operator_3.py for tasks to queue
[2024-10-26T07:22:56.927+0000] {logging_mixin.py:190} INFO - [2024-10-26T07:22:56.927+0000] {dagbag.py:588} INFO - Filling up the DagBag from /home/airflow/.local/lib/python3.12/site-packages/airflow/example_dags/example_branch_python_dop_operator_3.py
[2024-10-26T07:22:56.934+0000] {processor.py:925} INFO - DAG(s) 'example_branch_dop_operator_v3' retrieved from /home/airflow/.local/lib/python3.12/site-packages/airflow/example_dags/example_branch_python_dop_operator_3.py
[2024-10-26T07:22:56.956+0000] {logging_mixin.py:190} INFO - [2024-10-26T07:22:56.955+0000] {dag.py:3239} INFO - Sync 1 DAGs
[2024-10-26T07:22:56.973+0000] {logging_mixin.py:190} INFO - [2024-10-26T07:22:56.972+0000] {dag.py:4180} INFO - Setting next_dagrun for example_branch_dop_operator_v3 to 2024-10-26 07:21:00+00:00, run_after=2024-10-26 07:22:00+00:00
[2024-10-26T07:22:56.988+0000] {processor.py:208} INFO - Processing /home/airflow/.local/lib/python3.12/site-packages/airflow/example_dags/example_branch_python_dop_operator_3.py took 0.066 seconds
[2024-10-26T07:23:27.697+0000] {processor.py:186} INFO - Started process (PID=85854) to work on /home/airflow/.local/lib/python3.12/site-packages/airflow/example_dags/example_branch_python_dop_operator_3.py
[2024-10-26T07:23:27.697+0000] {processor.py:914} INFO - Processing file /home/airflow/.local/lib/python3.12/site-packages/airflow/example_dags/example_branch_python_dop_operator_3.py for tasks to queue
[2024-10-26T07:23:27.698+0000] {logging_mixin.py:190} INFO - [2024-10-26T07:23:27.698+0000] {dagbag.py:588} INFO - Filling up the DagBag from /home/airflow/.local/lib/python3.12/site-packages/airflow/example_dags/example_branch_python_dop_operator_3.py
[2024-10-26T07:23:27.703+0000] {processor.py:925} INFO - DAG(s) 'example_branch_dop_operator_v3' retrieved from /home/airflow/.local/lib/python3.12/site-packages/airflow/example_dags/example_branch_python_dop_operator_3.py
[2024-10-26T07:23:27.713+0000] {logging_mixin.py:190} INFO - [2024-10-26T07:23:27.712+0000] {dag.py:3239} INFO - Sync 1 DAGs
[2024-10-26T07:23:27.725+0000] {logging_mixin.py:190} INFO - [2024-10-26T07:23:27.725+0000] {dag.py:4180} INFO - Setting next_dagrun for example_branch_dop_operator_v3 to 2024-10-26 07:22:00+00:00, run_after=2024-10-26 07:23:00+00:00
[2024-10-26T07:23:27.738+0000] {processor.py:208} INFO - Processing /home/airflow/.local/lib/python3.12/site-packages/airflow/example_dags/example_branch_python_dop_operator_3.py took 0.044 seconds
[2024-10-26T07:23:58.481+0000] {processor.py:186} INFO - Started process (PID=86143) to work on /home/airflow/.local/lib/python3.12/site-packages/airflow/example_dags/example_branch_python_dop_operator_3.py
[2024-10-26T07:23:58.482+0000] {processor.py:914} INFO - Processing file /home/airflow/.local/lib/python3.12/site-packages/airflow/example_dags/example_branch_python_dop_operator_3.py for tasks to queue
[2024-10-26T07:23:58.483+0000] {logging_mixin.py:190} INFO - [2024-10-26T07:23:58.483+0000] {dagbag.py:588} INFO - Filling up the DagBag from /home/airflow/.local/lib/python3.12/site-packages/airflow/example_dags/example_branch_python_dop_operator_3.py
[2024-10-26T07:23:58.488+0000] {processor.py:925} INFO - DAG(s) 'example_branch_dop_operator_v3' retrieved from /home/airflow/.local/lib/python3.12/site-packages/airflow/example_dags/example_branch_python_dop_operator_3.py
[2024-10-26T07:23:58.500+0000] {logging_mixin.py:190} INFO - [2024-10-26T07:23:58.500+0000] {dag.py:3239} INFO - Sync 1 DAGs
[2024-10-26T07:23:58.515+0000] {logging_mixin.py:190} INFO - [2024-10-26T07:23:58.515+0000] {dag.py:4180} INFO - Setting next_dagrun for example_branch_dop_operator_v3 to 2024-10-26 07:22:00+00:00, run_after=2024-10-26 07:23:00+00:00
[2024-10-26T07:23:58.525+0000] {processor.py:208} INFO - Processing /home/airflow/.local/lib/python3.12/site-packages/airflow/example_dags/example_branch_python_dop_operator_3.py took 0.048 seconds
[2024-10-26T07:24:29.456+0000] {processor.py:186} INFO - Started process (PID=86434) to work on /home/airflow/.local/lib/python3.12/site-packages/airflow/example_dags/example_branch_python_dop_operator_3.py
[2024-10-26T07:24:29.457+0000] {processor.py:914} INFO - Processing file /home/airflow/.local/lib/python3.12/site-packages/airflow/example_dags/example_branch_python_dop_operator_3.py for tasks to queue
[2024-10-26T07:24:29.457+0000] {logging_mixin.py:190} INFO - [2024-10-26T07:24:29.457+0000] {dagbag.py:588} INFO - Filling up the DagBag from /home/airflow/.local/lib/python3.12/site-packages/airflow/example_dags/example_branch_python_dop_operator_3.py
[2024-10-26T07:24:29.464+0000] {processor.py:925} INFO - DAG(s) 'example_branch_dop_operator_v3' retrieved from /home/airflow/.local/lib/python3.12/site-packages/airflow/example_dags/example_branch_python_dop_operator_3.py
[2024-10-26T07:24:29.482+0000] {logging_mixin.py:190} INFO - [2024-10-26T07:24:29.482+0000] {dag.py:3239} INFO - Sync 1 DAGs
[2024-10-26T07:24:29.512+0000] {logging_mixin.py:190} INFO - [2024-10-26T07:24:29.512+0000] {dag.py:4180} INFO - Setting next_dagrun for example_branch_dop_operator_v3 to 2024-10-26 07:23:00+00:00, run_after=2024-10-26 07:24:00+00:00
[2024-10-26T07:24:29.533+0000] {processor.py:208} INFO - Processing /home/airflow/.local/lib/python3.12/site-packages/airflow/example_dags/example_branch_python_dop_operator_3.py took 0.081 seconds
[2024-10-26T07:25:00.364+0000] {processor.py:186} INFO - Started process (PID=86725) to work on /home/airflow/.local/lib/python3.12/site-packages/airflow/example_dags/example_branch_python_dop_operator_3.py
[2024-10-26T07:25:00.365+0000] {processor.py:914} INFO - Processing file /home/airflow/.local/lib/python3.12/site-packages/airflow/example_dags/example_branch_python_dop_operator_3.py for tasks to queue
[2024-10-26T07:25:00.365+0000] {logging_mixin.py:190} INFO - [2024-10-26T07:25:00.365+0000] {dagbag.py:588} INFO - Filling up the DagBag from /home/airflow/.local/lib/python3.12/site-packages/airflow/example_dags/example_branch_python_dop_operator_3.py
[2024-10-26T07:25:00.372+0000] {processor.py:925} INFO - DAG(s) 'example_branch_dop_operator_v3' retrieved from /home/airflow/.local/lib/python3.12/site-packages/airflow/example_dags/example_branch_python_dop_operator_3.py
[2024-10-26T07:25:00.385+0000] {logging_mixin.py:190} INFO - [2024-10-26T07:25:00.385+0000] {dag.py:3239} INFO - Sync 1 DAGs
[2024-10-26T07:25:00.398+0000] {logging_mixin.py:190} INFO - [2024-10-26T07:25:00.398+0000] {dag.py:4180} INFO - Setting next_dagrun for example_branch_dop_operator_v3 to 2024-10-26 07:24:00+00:00, run_after=2024-10-26 07:25:00+00:00
[2024-10-26T07:25:00.406+0000] {processor.py:208} INFO - Processing /home/airflow/.local/lib/python3.12/site-packages/airflow/example_dags/example_branch_python_dop_operator_3.py took 0.046 seconds
[2024-10-26T07:25:31.914+0000] {processor.py:186} INFO - Started process (PID=87018) to work on /home/airflow/.local/lib/python3.12/site-packages/airflow/example_dags/example_branch_python_dop_operator_3.py
[2024-10-26T07:25:31.915+0000] {processor.py:914} INFO - Processing file /home/airflow/.local/lib/python3.12/site-packages/airflow/example_dags/example_branch_python_dop_operator_3.py for tasks to queue
[2024-10-26T07:25:31.916+0000] {logging_mixin.py:190} INFO - [2024-10-26T07:25:31.915+0000] {dagbag.py:588} INFO - Filling up the DagBag from /home/airflow/.local/lib/python3.12/site-packages/airflow/example_dags/example_branch_python_dop_operator_3.py
[2024-10-26T07:25:31.922+0000] {processor.py:925} INFO - DAG(s) 'example_branch_dop_operator_v3' retrieved from /home/airflow/.local/lib/python3.12/site-packages/airflow/example_dags/example_branch_python_dop_operator_3.py
[2024-10-26T07:25:31.939+0000] {logging_mixin.py:190} INFO - [2024-10-26T07:25:31.939+0000] {dag.py:3239} INFO - Sync 1 DAGs
[2024-10-26T07:25:31.954+0000] {logging_mixin.py:190} INFO - [2024-10-26T07:25:31.953+0000] {dag.py:4180} INFO - Setting next_dagrun for example_branch_dop_operator_v3 to 2024-10-26 07:24:00+00:00, run_after=2024-10-26 07:25:00+00:00
[2024-10-26T07:25:31.964+0000] {processor.py:208} INFO - Processing /home/airflow/.local/lib/python3.12/site-packages/airflow/example_dags/example_branch_python_dop_operator_3.py took 0.055 seconds
[2024-10-26T07:26:02.566+0000] {processor.py:186} INFO - Started process (PID=87309) to work on /home/airflow/.local/lib/python3.12/site-packages/airflow/example_dags/example_branch_python_dop_operator_3.py
[2024-10-26T07:26:02.567+0000] {processor.py:914} INFO - Processing file /home/airflow/.local/lib/python3.12/site-packages/airflow/example_dags/example_branch_python_dop_operator_3.py for tasks to queue
[2024-10-26T07:26:02.568+0000] {logging_mixin.py:190} INFO - [2024-10-26T07:26:02.567+0000] {dagbag.py:588} INFO - Filling up the DagBag from /home/airflow/.local/lib/python3.12/site-packages/airflow/example_dags/example_branch_python_dop_operator_3.py
[2024-10-26T07:26:02.578+0000] {processor.py:925} INFO - DAG(s) 'example_branch_dop_operator_v3' retrieved from /home/airflow/.local/lib/python3.12/site-packages/airflow/example_dags/example_branch_python_dop_operator_3.py
[2024-10-26T07:26:02.594+0000] {logging_mixin.py:190} INFO - [2024-10-26T07:26:02.594+0000] {dag.py:3239} INFO - Sync 1 DAGs
[2024-10-26T07:26:02.609+0000] {logging_mixin.py:190} INFO - [2024-10-26T07:26:02.609+0000] {dag.py:4180} INFO - Setting next_dagrun for example_branch_dop_operator_v3 to 2024-10-26 07:25:00+00:00, run_after=2024-10-26 07:26:00+00:00
[2024-10-26T07:26:02.621+0000] {processor.py:208} INFO - Processing /home/airflow/.local/lib/python3.12/site-packages/airflow/example_dags/example_branch_python_dop_operator_3.py took 0.061 seconds
[2024-10-26T07:26:33.335+0000] {processor.py:186} INFO - Started process (PID=87598) to work on /home/airflow/.local/lib/python3.12/site-packages/airflow/example_dags/example_branch_python_dop_operator_3.py
[2024-10-26T07:26:33.337+0000] {processor.py:914} INFO - Processing file /home/airflow/.local/lib/python3.12/site-packages/airflow/example_dags/example_branch_python_dop_operator_3.py for tasks to queue
[2024-10-26T07:26:33.338+0000] {logging_mixin.py:190} INFO - [2024-10-26T07:26:33.338+0000] {dagbag.py:588} INFO - Filling up the DagBag from /home/airflow/.local/lib/python3.12/site-packages/airflow/example_dags/example_branch_python_dop_operator_3.py
[2024-10-26T07:26:33.343+0000] {processor.py:925} INFO - DAG(s) 'example_branch_dop_operator_v3' retrieved from /home/airflow/.local/lib/python3.12/site-packages/airflow/example_dags/example_branch_python_dop_operator_3.py
[2024-10-26T07:26:33.353+0000] {logging_mixin.py:190} INFO - [2024-10-26T07:26:33.353+0000] {dag.py:3239} INFO - Sync 1 DAGs
[2024-10-26T07:26:33.366+0000] {logging_mixin.py:190} INFO - [2024-10-26T07:26:33.366+0000] {dag.py:4180} INFO - Setting next_dagrun for example_branch_dop_operator_v3 to 2024-10-26 07:25:00+00:00, run_after=2024-10-26 07:26:00+00:00
[2024-10-26T07:26:33.375+0000] {processor.py:208} INFO - Processing /home/airflow/.local/lib/python3.12/site-packages/airflow/example_dags/example_branch_python_dop_operator_3.py took 0.043 seconds
[2024-10-26T07:27:03.609+0000] {processor.py:186} INFO - Started process (PID=87891) to work on /home/airflow/.local/lib/python3.12/site-packages/airflow/example_dags/example_branch_python_dop_operator_3.py
[2024-10-26T07:27:03.609+0000] {processor.py:914} INFO - Processing file /home/airflow/.local/lib/python3.12/site-packages/airflow/example_dags/example_branch_python_dop_operator_3.py for tasks to queue
[2024-10-26T07:27:03.610+0000] {logging_mixin.py:190} INFO - [2024-10-26T07:27:03.610+0000] {dagbag.py:588} INFO - Filling up the DagBag from /home/airflow/.local/lib/python3.12/site-packages/airflow/example_dags/example_branch_python_dop_operator_3.py
[2024-10-26T07:27:03.615+0000] {processor.py:925} INFO - DAG(s) 'example_branch_dop_operator_v3' retrieved from /home/airflow/.local/lib/python3.12/site-packages/airflow/example_dags/example_branch_python_dop_operator_3.py
[2024-10-26T07:27:03.626+0000] {logging_mixin.py:190} INFO - [2024-10-26T07:27:03.626+0000] {dag.py:3239} INFO - Sync 1 DAGs
[2024-10-26T07:27:03.638+0000] {logging_mixin.py:190} INFO - [2024-10-26T07:27:03.638+0000] {dag.py:4180} INFO - Setting next_dagrun for example_branch_dop_operator_v3 to 2024-10-26 07:26:00+00:00, run_after=2024-10-26 07:27:00+00:00
[2024-10-26T07:27:03.651+0000] {processor.py:208} INFO - Processing /home/airflow/.local/lib/python3.12/site-packages/airflow/example_dags/example_branch_python_dop_operator_3.py took 0.046 seconds
[2024-10-26T07:27:34.357+0000] {processor.py:186} INFO - Started process (PID=88182) to work on /home/airflow/.local/lib/python3.12/site-packages/airflow/example_dags/example_branch_python_dop_operator_3.py
[2024-10-26T07:27:34.357+0000] {processor.py:914} INFO - Processing file /home/airflow/.local/lib/python3.12/site-packages/airflow/example_dags/example_branch_python_dop_operator_3.py for tasks to queue
[2024-10-26T07:27:34.358+0000] {logging_mixin.py:190} INFO - [2024-10-26T07:27:34.358+0000] {dagbag.py:588} INFO - Filling up the DagBag from /home/airflow/.local/lib/python3.12/site-packages/airflow/example_dags/example_branch_python_dop_operator_3.py
[2024-10-26T07:27:34.363+0000] {processor.py:925} INFO - DAG(s) 'example_branch_dop_operator_v3' retrieved from /home/airflow/.local/lib/python3.12/site-packages/airflow/example_dags/example_branch_python_dop_operator_3.py
[2024-10-26T07:27:34.375+0000] {logging_mixin.py:190} INFO - [2024-10-26T07:27:34.375+0000] {dag.py:3239} INFO - Sync 1 DAGs
[2024-10-26T07:27:34.388+0000] {logging_mixin.py:190} INFO - [2024-10-26T07:27:34.387+0000] {dag.py:4180} INFO - Setting next_dagrun for example_branch_dop_operator_v3 to 2024-10-26 07:26:00+00:00, run_after=2024-10-26 07:27:00+00:00
[2024-10-26T07:27:34.397+0000] {processor.py:208} INFO - Processing /home/airflow/.local/lib/python3.12/site-packages/airflow/example_dags/example_branch_python_dop_operator_3.py took 0.043 seconds
