[2024-10-26T00:46:26.500+0000] {processor.py:186} INFO - Started process (PID=70964) to work on /home/airflow/.local/lib/python3.12/site-packages/airflow/example_dags/example_kubernetes_executor.py
[2024-10-26T00:46:26.501+0000] {processor.py:914} INFO - Processing file /home/airflow/.local/lib/python3.12/site-packages/airflow/example_dags/example_kubernetes_executor.py for tasks to queue
[2024-10-26T00:46:26.501+0000] {logging_mixin.py:190} INFO - [2024-10-26T00:46:26.501+0000] {dagbag.py:588} INFO - Filling up the DagBag from /home/airflow/.local/lib/python3.12/site-packages/airflow/example_dags/example_kubernetes_executor.py
[2024-10-26T00:46:26.513+0000] {processor.py:925} INFO - DAG(s) 'example_kubernetes_executor' retrieved from /home/airflow/.local/lib/python3.12/site-packages/airflow/example_dags/example_kubernetes_executor.py
[2024-10-26T00:46:26.533+0000] {logging_mixin.py:190} INFO - [2024-10-26T00:46:26.533+0000] {dag.py:3239} INFO - Sync 1 DAGs
[2024-10-26T00:46:26.544+0000] {logging_mixin.py:190} INFO - [2024-10-26T00:46:26.544+0000] {dag.py:4180} INFO - Setting next_dagrun for example_kubernetes_executor to None, run_after=None
[2024-10-26T00:46:26.553+0000] {processor.py:208} INFO - Processing /home/airflow/.local/lib/python3.12/site-packages/airflow/example_dags/example_kubernetes_executor.py took 0.056 seconds
[2024-10-26T01:37:10.132+0000] {processor.py:186} INFO - Started process (PID=71258) to work on /home/airflow/.local/lib/python3.12/site-packages/airflow/example_dags/example_kubernetes_executor.py
[2024-10-26T01:37:10.133+0000] {processor.py:914} INFO - Processing file /home/airflow/.local/lib/python3.12/site-packages/airflow/example_dags/example_kubernetes_executor.py for tasks to queue
[2024-10-26T01:37:10.133+0000] {logging_mixin.py:190} INFO - [2024-10-26T01:37:10.133+0000] {dagbag.py:588} INFO - Filling up the DagBag from /home/airflow/.local/lib/python3.12/site-packages/airflow/example_dags/example_kubernetes_executor.py
[2024-10-26T01:37:10.145+0000] {processor.py:925} INFO - DAG(s) 'example_kubernetes_executor' retrieved from /home/airflow/.local/lib/python3.12/site-packages/airflow/example_dags/example_kubernetes_executor.py
[2024-10-26T01:37:10.164+0000] {logging_mixin.py:190} INFO - [2024-10-26T01:37:10.164+0000] {dag.py:3239} INFO - Sync 1 DAGs
[2024-10-26T01:37:10.171+0000] {logging_mixin.py:190} INFO - [2024-10-26T01:37:10.171+0000] {dag.py:4180} INFO - Setting next_dagrun for example_kubernetes_executor to None, run_after=None
[2024-10-26T01:37:10.178+0000] {processor.py:208} INFO - Processing /home/airflow/.local/lib/python3.12/site-packages/airflow/example_dags/example_kubernetes_executor.py took 0.049 seconds
[2024-10-26T02:57:39.113+0000] {processor.py:186} INFO - Started process (PID=71547) to work on /home/airflow/.local/lib/python3.12/site-packages/airflow/example_dags/example_kubernetes_executor.py
[2024-10-26T02:57:39.115+0000] {processor.py:914} INFO - Processing file /home/airflow/.local/lib/python3.12/site-packages/airflow/example_dags/example_kubernetes_executor.py for tasks to queue
[2024-10-26T02:57:39.116+0000] {logging_mixin.py:190} INFO - [2024-10-26T02:57:39.116+0000] {dagbag.py:588} INFO - Filling up the DagBag from /home/airflow/.local/lib/python3.12/site-packages/airflow/example_dags/example_kubernetes_executor.py
[2024-10-26T02:57:39.124+0000] {processor.py:925} INFO - DAG(s) 'example_kubernetes_executor' retrieved from /home/airflow/.local/lib/python3.12/site-packages/airflow/example_dags/example_kubernetes_executor.py
[2024-10-26T02:57:39.149+0000] {logging_mixin.py:190} INFO - [2024-10-26T02:57:39.149+0000] {dag.py:3239} INFO - Sync 1 DAGs
[2024-10-26T02:57:39.157+0000] {logging_mixin.py:190} INFO - [2024-10-26T02:57:39.157+0000] {dag.py:4180} INFO - Setting next_dagrun for example_kubernetes_executor to None, run_after=None
[2024-10-26T02:57:39.166+0000] {processor.py:208} INFO - Processing /home/airflow/.local/lib/python3.12/site-packages/airflow/example_dags/example_kubernetes_executor.py took 0.056 seconds
[2024-10-26T04:18:36.368+0000] {processor.py:186} INFO - Started process (PID=71838) to work on /home/airflow/.local/lib/python3.12/site-packages/airflow/example_dags/example_kubernetes_executor.py
[2024-10-26T04:18:36.369+0000] {processor.py:914} INFO - Processing file /home/airflow/.local/lib/python3.12/site-packages/airflow/example_dags/example_kubernetes_executor.py for tasks to queue
[2024-10-26T04:18:36.370+0000] {logging_mixin.py:190} INFO - [2024-10-26T04:18:36.370+0000] {dagbag.py:588} INFO - Filling up the DagBag from /home/airflow/.local/lib/python3.12/site-packages/airflow/example_dags/example_kubernetes_executor.py
[2024-10-26T04:18:36.378+0000] {processor.py:925} INFO - DAG(s) 'example_kubernetes_executor' retrieved from /home/airflow/.local/lib/python3.12/site-packages/airflow/example_dags/example_kubernetes_executor.py
[2024-10-26T04:18:36.401+0000] {logging_mixin.py:190} INFO - [2024-10-26T04:18:36.401+0000] {dag.py:3239} INFO - Sync 1 DAGs
[2024-10-26T04:18:36.408+0000] {logging_mixin.py:190} INFO - [2024-10-26T04:18:36.408+0000] {dag.py:4180} INFO - Setting next_dagrun for example_kubernetes_executor to None, run_after=None
[2024-10-26T04:18:36.419+0000] {processor.py:208} INFO - Processing /home/airflow/.local/lib/python3.12/site-packages/airflow/example_dags/example_kubernetes_executor.py took 0.054 seconds
[2024-10-26T05:41:06.164+0000] {processor.py:186} INFO - Started process (PID=72131) to work on /home/airflow/.local/lib/python3.12/site-packages/airflow/example_dags/example_kubernetes_executor.py
[2024-10-26T05:41:06.164+0000] {processor.py:914} INFO - Processing file /home/airflow/.local/lib/python3.12/site-packages/airflow/example_dags/example_kubernetes_executor.py for tasks to queue
[2024-10-26T05:41:06.165+0000] {logging_mixin.py:190} INFO - [2024-10-26T05:41:06.165+0000] {dagbag.py:588} INFO - Filling up the DagBag from /home/airflow/.local/lib/python3.12/site-packages/airflow/example_dags/example_kubernetes_executor.py
[2024-10-26T05:41:06.173+0000] {processor.py:925} INFO - DAG(s) 'example_kubernetes_executor' retrieved from /home/airflow/.local/lib/python3.12/site-packages/airflow/example_dags/example_kubernetes_executor.py
[2024-10-26T05:41:06.197+0000] {logging_mixin.py:190} INFO - [2024-10-26T05:41:06.197+0000] {dag.py:3239} INFO - Sync 1 DAGs
[2024-10-26T05:41:06.208+0000] {logging_mixin.py:190} INFO - [2024-10-26T05:41:06.208+0000] {dag.py:4180} INFO - Setting next_dagrun for example_kubernetes_executor to None, run_after=None
[2024-10-26T05:41:06.218+0000] {processor.py:208} INFO - Processing /home/airflow/.local/lib/python3.12/site-packages/airflow/example_dags/example_kubernetes_executor.py took 0.058 seconds
[2024-10-26T06:59:46.528+0000] {processor.py:186} INFO - Started process (PID=72420) to work on /home/airflow/.local/lib/python3.12/site-packages/airflow/example_dags/example_kubernetes_executor.py
[2024-10-26T06:59:46.529+0000] {processor.py:914} INFO - Processing file /home/airflow/.local/lib/python3.12/site-packages/airflow/example_dags/example_kubernetes_executor.py for tasks to queue
[2024-10-26T06:59:46.531+0000] {logging_mixin.py:190} INFO - [2024-10-26T06:59:46.531+0000] {dagbag.py:588} INFO - Filling up the DagBag from /home/airflow/.local/lib/python3.12/site-packages/airflow/example_dags/example_kubernetes_executor.py
[2024-10-26T06:59:46.540+0000] {processor.py:925} INFO - DAG(s) 'example_kubernetes_executor' retrieved from /home/airflow/.local/lib/python3.12/site-packages/airflow/example_dags/example_kubernetes_executor.py
[2024-10-26T06:59:46.562+0000] {logging_mixin.py:190} INFO - [2024-10-26T06:59:46.562+0000] {dag.py:3239} INFO - Sync 1 DAGs
[2024-10-26T06:59:46.570+0000] {logging_mixin.py:190} INFO - [2024-10-26T06:59:46.570+0000] {dag.py:4180} INFO - Setting next_dagrun for example_kubernetes_executor to None, run_after=None
[2024-10-26T06:59:46.578+0000] {processor.py:208} INFO - Processing /home/airflow/.local/lib/python3.12/site-packages/airflow/example_dags/example_kubernetes_executor.py took 0.055 seconds
[2024-10-26T07:00:17.101+0000] {processor.py:186} INFO - Started process (PID=72713) to work on /home/airflow/.local/lib/python3.12/site-packages/airflow/example_dags/example_kubernetes_executor.py
[2024-10-26T07:00:17.102+0000] {processor.py:914} INFO - Processing file /home/airflow/.local/lib/python3.12/site-packages/airflow/example_dags/example_kubernetes_executor.py for tasks to queue
[2024-10-26T07:00:17.102+0000] {logging_mixin.py:190} INFO - [2024-10-26T07:00:17.102+0000] {dagbag.py:588} INFO - Filling up the DagBag from /home/airflow/.local/lib/python3.12/site-packages/airflow/example_dags/example_kubernetes_executor.py
[2024-10-26T07:00:17.110+0000] {processor.py:925} INFO - DAG(s) 'example_kubernetes_executor' retrieved from /home/airflow/.local/lib/python3.12/site-packages/airflow/example_dags/example_kubernetes_executor.py
[2024-10-26T07:00:17.134+0000] {logging_mixin.py:190} INFO - [2024-10-26T07:00:17.134+0000] {dag.py:3239} INFO - Sync 1 DAGs
[2024-10-26T07:00:17.143+0000] {logging_mixin.py:190} INFO - [2024-10-26T07:00:17.142+0000] {dag.py:4180} INFO - Setting next_dagrun for example_kubernetes_executor to None, run_after=None
[2024-10-26T07:00:17.154+0000] {processor.py:208} INFO - Processing /home/airflow/.local/lib/python3.12/site-packages/airflow/example_dags/example_kubernetes_executor.py took 0.056 seconds
[2024-10-26T07:00:47.675+0000] {processor.py:186} INFO - Started process (PID=73004) to work on /home/airflow/.local/lib/python3.12/site-packages/airflow/example_dags/example_kubernetes_executor.py
[2024-10-26T07:00:47.676+0000] {processor.py:914} INFO - Processing file /home/airflow/.local/lib/python3.12/site-packages/airflow/example_dags/example_kubernetes_executor.py for tasks to queue
[2024-10-26T07:00:47.677+0000] {logging_mixin.py:190} INFO - [2024-10-26T07:00:47.676+0000] {dagbag.py:588} INFO - Filling up the DagBag from /home/airflow/.local/lib/python3.12/site-packages/airflow/example_dags/example_kubernetes_executor.py
[2024-10-26T07:00:47.684+0000] {processor.py:925} INFO - DAG(s) 'example_kubernetes_executor' retrieved from /home/airflow/.local/lib/python3.12/site-packages/airflow/example_dags/example_kubernetes_executor.py
[2024-10-26T07:00:47.712+0000] {logging_mixin.py:190} INFO - [2024-10-26T07:00:47.711+0000] {dag.py:3239} INFO - Sync 1 DAGs
[2024-10-26T07:00:47.721+0000] {logging_mixin.py:190} INFO - [2024-10-26T07:00:47.721+0000] {dag.py:4180} INFO - Setting next_dagrun for example_kubernetes_executor to None, run_after=None
[2024-10-26T07:00:47.733+0000] {processor.py:208} INFO - Processing /home/airflow/.local/lib/python3.12/site-packages/airflow/example_dags/example_kubernetes_executor.py took 0.061 seconds
[2024-10-26T07:01:21.283+0000] {processor.py:186} INFO - Started process (PID=73293) to work on /home/airflow/.local/lib/python3.12/site-packages/airflow/example_dags/example_kubernetes_executor.py
[2024-10-26T07:01:21.285+0000] {processor.py:914} INFO - Processing file /home/airflow/.local/lib/python3.12/site-packages/airflow/example_dags/example_kubernetes_executor.py for tasks to queue
[2024-10-26T07:01:21.287+0000] {logging_mixin.py:190} INFO - [2024-10-26T07:01:21.287+0000] {dagbag.py:588} INFO - Filling up the DagBag from /home/airflow/.local/lib/python3.12/site-packages/airflow/example_dags/example_kubernetes_executor.py
[2024-10-26T07:01:21.327+0000] {processor.py:925} INFO - DAG(s) 'example_kubernetes_executor' retrieved from /home/airflow/.local/lib/python3.12/site-packages/airflow/example_dags/example_kubernetes_executor.py
[2024-10-26T07:01:21.398+0000] {logging_mixin.py:190} INFO - [2024-10-26T07:01:21.398+0000] {dag.py:3239} INFO - Sync 1 DAGs
[2024-10-26T07:01:21.419+0000] {logging_mixin.py:190} INFO - [2024-10-26T07:01:21.419+0000] {dag.py:4180} INFO - Setting next_dagrun for example_kubernetes_executor to None, run_after=None
[2024-10-26T07:01:21.452+0000] {processor.py:208} INFO - Processing /home/airflow/.local/lib/python3.12/site-packages/airflow/example_dags/example_kubernetes_executor.py took 0.179 seconds
[2024-10-26T07:01:52.185+0000] {processor.py:186} INFO - Started process (PID=73584) to work on /home/airflow/.local/lib/python3.12/site-packages/airflow/example_dags/example_kubernetes_executor.py
[2024-10-26T07:01:52.186+0000] {processor.py:914} INFO - Processing file /home/airflow/.local/lib/python3.12/site-packages/airflow/example_dags/example_kubernetes_executor.py for tasks to queue
[2024-10-26T07:01:52.187+0000] {logging_mixin.py:190} INFO - [2024-10-26T07:01:52.187+0000] {dagbag.py:588} INFO - Filling up the DagBag from /home/airflow/.local/lib/python3.12/site-packages/airflow/example_dags/example_kubernetes_executor.py
[2024-10-26T07:01:52.196+0000] {processor.py:925} INFO - DAG(s) 'example_kubernetes_executor' retrieved from /home/airflow/.local/lib/python3.12/site-packages/airflow/example_dags/example_kubernetes_executor.py
[2024-10-26T07:01:52.219+0000] {logging_mixin.py:190} INFO - [2024-10-26T07:01:52.219+0000] {dag.py:3239} INFO - Sync 1 DAGs
[2024-10-26T07:01:52.232+0000] {logging_mixin.py:190} INFO - [2024-10-26T07:01:52.232+0000] {dag.py:4180} INFO - Setting next_dagrun for example_kubernetes_executor to None, run_after=None
[2024-10-26T07:01:52.244+0000] {processor.py:208} INFO - Processing /home/airflow/.local/lib/python3.12/site-packages/airflow/example_dags/example_kubernetes_executor.py took 0.062 seconds
[2024-10-26T07:02:22.624+0000] {processor.py:186} INFO - Started process (PID=73875) to work on /home/airflow/.local/lib/python3.12/site-packages/airflow/example_dags/example_kubernetes_executor.py
[2024-10-26T07:02:22.628+0000] {processor.py:914} INFO - Processing file /home/airflow/.local/lib/python3.12/site-packages/airflow/example_dags/example_kubernetes_executor.py for tasks to queue
[2024-10-26T07:02:22.628+0000] {logging_mixin.py:190} INFO - [2024-10-26T07:02:22.628+0000] {dagbag.py:588} INFO - Filling up the DagBag from /home/airflow/.local/lib/python3.12/site-packages/airflow/example_dags/example_kubernetes_executor.py
[2024-10-26T07:02:22.639+0000] {processor.py:925} INFO - DAG(s) 'example_kubernetes_executor' retrieved from /home/airflow/.local/lib/python3.12/site-packages/airflow/example_dags/example_kubernetes_executor.py
[2024-10-26T07:02:22.665+0000] {logging_mixin.py:190} INFO - [2024-10-26T07:02:22.665+0000] {dag.py:3239} INFO - Sync 1 DAGs
[2024-10-26T07:02:22.674+0000] {logging_mixin.py:190} INFO - [2024-10-26T07:02:22.674+0000] {dag.py:4180} INFO - Setting next_dagrun for example_kubernetes_executor to None, run_after=None
[2024-10-26T07:02:22.690+0000] {processor.py:208} INFO - Processing /home/airflow/.local/lib/python3.12/site-packages/airflow/example_dags/example_kubernetes_executor.py took 0.069 seconds
[2024-10-26T07:02:53.411+0000] {processor.py:186} INFO - Started process (PID=74166) to work on /home/airflow/.local/lib/python3.12/site-packages/airflow/example_dags/example_kubernetes_executor.py
[2024-10-26T07:02:53.414+0000] {processor.py:914} INFO - Processing file /home/airflow/.local/lib/python3.12/site-packages/airflow/example_dags/example_kubernetes_executor.py for tasks to queue
[2024-10-26T07:02:53.415+0000] {logging_mixin.py:190} INFO - [2024-10-26T07:02:53.415+0000] {dagbag.py:588} INFO - Filling up the DagBag from /home/airflow/.local/lib/python3.12/site-packages/airflow/example_dags/example_kubernetes_executor.py
[2024-10-26T07:02:53.428+0000] {processor.py:925} INFO - DAG(s) 'example_kubernetes_executor' retrieved from /home/airflow/.local/lib/python3.12/site-packages/airflow/example_dags/example_kubernetes_executor.py
[2024-10-26T07:02:53.452+0000] {logging_mixin.py:190} INFO - [2024-10-26T07:02:53.452+0000] {dag.py:3239} INFO - Sync 1 DAGs
[2024-10-26T07:02:53.460+0000] {logging_mixin.py:190} INFO - [2024-10-26T07:02:53.460+0000] {dag.py:4180} INFO - Setting next_dagrun for example_kubernetes_executor to None, run_after=None
[2024-10-26T07:02:53.468+0000] {processor.py:208} INFO - Processing /home/airflow/.local/lib/python3.12/site-packages/airflow/example_dags/example_kubernetes_executor.py took 0.060 seconds
[2024-10-26T07:03:23.927+0000] {processor.py:186} INFO - Started process (PID=74459) to work on /home/airflow/.local/lib/python3.12/site-packages/airflow/example_dags/example_kubernetes_executor.py
[2024-10-26T07:03:23.928+0000] {processor.py:914} INFO - Processing file /home/airflow/.local/lib/python3.12/site-packages/airflow/example_dags/example_kubernetes_executor.py for tasks to queue
[2024-10-26T07:03:23.929+0000] {logging_mixin.py:190} INFO - [2024-10-26T07:03:23.929+0000] {dagbag.py:588} INFO - Filling up the DagBag from /home/airflow/.local/lib/python3.12/site-packages/airflow/example_dags/example_kubernetes_executor.py
[2024-10-26T07:03:23.963+0000] {processor.py:925} INFO - DAG(s) 'example_kubernetes_executor' retrieved from /home/airflow/.local/lib/python3.12/site-packages/airflow/example_dags/example_kubernetes_executor.py
[2024-10-26T07:03:24.004+0000] {logging_mixin.py:190} INFO - [2024-10-26T07:03:24.004+0000] {dag.py:3239} INFO - Sync 1 DAGs
[2024-10-26T07:03:24.016+0000] {logging_mixin.py:190} INFO - [2024-10-26T07:03:24.016+0000] {dag.py:4180} INFO - Setting next_dagrun for example_kubernetes_executor to None, run_after=None
[2024-10-26T07:03:24.032+0000] {processor.py:208} INFO - Processing /home/airflow/.local/lib/python3.12/site-packages/airflow/example_dags/example_kubernetes_executor.py took 0.111 seconds
[2024-10-26T07:03:54.878+0000] {processor.py:186} INFO - Started process (PID=74750) to work on /home/airflow/.local/lib/python3.12/site-packages/airflow/example_dags/example_kubernetes_executor.py
[2024-10-26T07:03:54.878+0000] {processor.py:914} INFO - Processing file /home/airflow/.local/lib/python3.12/site-packages/airflow/example_dags/example_kubernetes_executor.py for tasks to queue
[2024-10-26T07:03:54.879+0000] {logging_mixin.py:190} INFO - [2024-10-26T07:03:54.879+0000] {dagbag.py:588} INFO - Filling up the DagBag from /home/airflow/.local/lib/python3.12/site-packages/airflow/example_dags/example_kubernetes_executor.py
[2024-10-26T07:03:54.887+0000] {processor.py:925} INFO - DAG(s) 'example_kubernetes_executor' retrieved from /home/airflow/.local/lib/python3.12/site-packages/airflow/example_dags/example_kubernetes_executor.py
[2024-10-26T07:03:54.910+0000] {logging_mixin.py:190} INFO - [2024-10-26T07:03:54.910+0000] {dag.py:3239} INFO - Sync 1 DAGs
[2024-10-26T07:03:54.920+0000] {logging_mixin.py:190} INFO - [2024-10-26T07:03:54.920+0000] {dag.py:4180} INFO - Setting next_dagrun for example_kubernetes_executor to None, run_after=None
[2024-10-26T07:03:54.933+0000] {processor.py:208} INFO - Processing /home/airflow/.local/lib/python3.12/site-packages/airflow/example_dags/example_kubernetes_executor.py took 0.058 seconds
[2024-10-26T07:04:25.087+0000] {processor.py:186} INFO - Started process (PID=75038) to work on /home/airflow/.local/lib/python3.12/site-packages/airflow/example_dags/example_kubernetes_executor.py
[2024-10-26T07:04:25.090+0000] {processor.py:914} INFO - Processing file /home/airflow/.local/lib/python3.12/site-packages/airflow/example_dags/example_kubernetes_executor.py for tasks to queue
[2024-10-26T07:04:25.090+0000] {logging_mixin.py:190} INFO - [2024-10-26T07:04:25.090+0000] {dagbag.py:588} INFO - Filling up the DagBag from /home/airflow/.local/lib/python3.12/site-packages/airflow/example_dags/example_kubernetes_executor.py
[2024-10-26T07:04:25.098+0000] {processor.py:925} INFO - DAG(s) 'example_kubernetes_executor' retrieved from /home/airflow/.local/lib/python3.12/site-packages/airflow/example_dags/example_kubernetes_executor.py
[2024-10-26T07:04:25.124+0000] {logging_mixin.py:190} INFO - [2024-10-26T07:04:25.124+0000] {dag.py:3239} INFO - Sync 1 DAGs
[2024-10-26T07:04:25.132+0000] {logging_mixin.py:190} INFO - [2024-10-26T07:04:25.131+0000] {dag.py:4180} INFO - Setting next_dagrun for example_kubernetes_executor to None, run_after=None
[2024-10-26T07:04:25.141+0000] {processor.py:208} INFO - Processing /home/airflow/.local/lib/python3.12/site-packages/airflow/example_dags/example_kubernetes_executor.py took 0.057 seconds
[2024-10-26T07:04:55.431+0000] {processor.py:186} INFO - Started process (PID=75329) to work on /home/airflow/.local/lib/python3.12/site-packages/airflow/example_dags/example_kubernetes_executor.py
[2024-10-26T07:04:55.432+0000] {processor.py:914} INFO - Processing file /home/airflow/.local/lib/python3.12/site-packages/airflow/example_dags/example_kubernetes_executor.py for tasks to queue
[2024-10-26T07:04:55.433+0000] {logging_mixin.py:190} INFO - [2024-10-26T07:04:55.433+0000] {dagbag.py:588} INFO - Filling up the DagBag from /home/airflow/.local/lib/python3.12/site-packages/airflow/example_dags/example_kubernetes_executor.py
[2024-10-26T07:04:55.440+0000] {processor.py:925} INFO - DAG(s) 'example_kubernetes_executor' retrieved from /home/airflow/.local/lib/python3.12/site-packages/airflow/example_dags/example_kubernetes_executor.py
[2024-10-26T07:04:55.460+0000] {logging_mixin.py:190} INFO - [2024-10-26T07:04:55.460+0000] {dag.py:3239} INFO - Sync 1 DAGs
[2024-10-26T07:04:55.467+0000] {logging_mixin.py:190} INFO - [2024-10-26T07:04:55.467+0000] {dag.py:4180} INFO - Setting next_dagrun for example_kubernetes_executor to None, run_after=None
[2024-10-26T07:04:55.478+0000] {processor.py:208} INFO - Processing /home/airflow/.local/lib/python3.12/site-packages/airflow/example_dags/example_kubernetes_executor.py took 0.050 seconds
[2024-10-26T07:05:26.556+0000] {processor.py:186} INFO - Started process (PID=75625) to work on /home/airflow/.local/lib/python3.12/site-packages/airflow/example_dags/example_kubernetes_executor.py
[2024-10-26T07:05:26.557+0000] {processor.py:914} INFO - Processing file /home/airflow/.local/lib/python3.12/site-packages/airflow/example_dags/example_kubernetes_executor.py for tasks to queue
[2024-10-26T07:05:26.558+0000] {logging_mixin.py:190} INFO - [2024-10-26T07:05:26.558+0000] {dagbag.py:588} INFO - Filling up the DagBag from /home/airflow/.local/lib/python3.12/site-packages/airflow/example_dags/example_kubernetes_executor.py
[2024-10-26T07:05:26.577+0000] {processor.py:925} INFO - DAG(s) 'example_kubernetes_executor' retrieved from /home/airflow/.local/lib/python3.12/site-packages/airflow/example_dags/example_kubernetes_executor.py
[2024-10-26T07:05:26.607+0000] {logging_mixin.py:190} INFO - [2024-10-26T07:05:26.606+0000] {dag.py:3239} INFO - Sync 1 DAGs
[2024-10-26T07:05:26.615+0000] {logging_mixin.py:190} INFO - [2024-10-26T07:05:26.615+0000] {dag.py:4180} INFO - Setting next_dagrun for example_kubernetes_executor to None, run_after=None
[2024-10-26T07:05:26.625+0000] {processor.py:208} INFO - Processing /home/airflow/.local/lib/python3.12/site-packages/airflow/example_dags/example_kubernetes_executor.py took 0.073 seconds
[2024-10-26T07:05:57.245+0000] {processor.py:186} INFO - Started process (PID=75915) to work on /home/airflow/.local/lib/python3.12/site-packages/airflow/example_dags/example_kubernetes_executor.py
[2024-10-26T07:05:57.246+0000] {processor.py:914} INFO - Processing file /home/airflow/.local/lib/python3.12/site-packages/airflow/example_dags/example_kubernetes_executor.py for tasks to queue
[2024-10-26T07:05:57.246+0000] {logging_mixin.py:190} INFO - [2024-10-26T07:05:57.246+0000] {dagbag.py:588} INFO - Filling up the DagBag from /home/airflow/.local/lib/python3.12/site-packages/airflow/example_dags/example_kubernetes_executor.py
[2024-10-26T07:05:57.255+0000] {processor.py:925} INFO - DAG(s) 'example_kubernetes_executor' retrieved from /home/airflow/.local/lib/python3.12/site-packages/airflow/example_dags/example_kubernetes_executor.py
[2024-10-26T07:05:57.275+0000] {logging_mixin.py:190} INFO - [2024-10-26T07:05:57.275+0000] {dag.py:3239} INFO - Sync 1 DAGs
[2024-10-26T07:05:57.284+0000] {logging_mixin.py:190} INFO - [2024-10-26T07:05:57.284+0000] {dag.py:4180} INFO - Setting next_dagrun for example_kubernetes_executor to None, run_after=None
[2024-10-26T07:05:57.296+0000] {processor.py:208} INFO - Processing /home/airflow/.local/lib/python3.12/site-packages/airflow/example_dags/example_kubernetes_executor.py took 0.054 seconds
[2024-10-26T07:06:27.590+0000] {processor.py:186} INFO - Started process (PID=76206) to work on /home/airflow/.local/lib/python3.12/site-packages/airflow/example_dags/example_kubernetes_executor.py
[2024-10-26T07:06:27.591+0000] {processor.py:914} INFO - Processing file /home/airflow/.local/lib/python3.12/site-packages/airflow/example_dags/example_kubernetes_executor.py for tasks to queue
[2024-10-26T07:06:27.591+0000] {logging_mixin.py:190} INFO - [2024-10-26T07:06:27.591+0000] {dagbag.py:588} INFO - Filling up the DagBag from /home/airflow/.local/lib/python3.12/site-packages/airflow/example_dags/example_kubernetes_executor.py
[2024-10-26T07:06:27.600+0000] {processor.py:925} INFO - DAG(s) 'example_kubernetes_executor' retrieved from /home/airflow/.local/lib/python3.12/site-packages/airflow/example_dags/example_kubernetes_executor.py
[2024-10-26T07:06:27.631+0000] {logging_mixin.py:190} INFO - [2024-10-26T07:06:27.631+0000] {dag.py:3239} INFO - Sync 1 DAGs
[2024-10-26T07:06:27.639+0000] {logging_mixin.py:190} INFO - [2024-10-26T07:06:27.639+0000] {dag.py:4180} INFO - Setting next_dagrun for example_kubernetes_executor to None, run_after=None
[2024-10-26T07:06:27.650+0000] {processor.py:208} INFO - Processing /home/airflow/.local/lib/python3.12/site-packages/airflow/example_dags/example_kubernetes_executor.py took 0.063 seconds
[2024-10-26T07:06:57.881+0000] {processor.py:186} INFO - Started process (PID=76497) to work on /home/airflow/.local/lib/python3.12/site-packages/airflow/example_dags/example_kubernetes_executor.py
[2024-10-26T07:06:57.882+0000] {processor.py:914} INFO - Processing file /home/airflow/.local/lib/python3.12/site-packages/airflow/example_dags/example_kubernetes_executor.py for tasks to queue
[2024-10-26T07:06:57.883+0000] {logging_mixin.py:190} INFO - [2024-10-26T07:06:57.883+0000] {dagbag.py:588} INFO - Filling up the DagBag from /home/airflow/.local/lib/python3.12/site-packages/airflow/example_dags/example_kubernetes_executor.py
[2024-10-26T07:06:57.891+0000] {processor.py:925} INFO - DAG(s) 'example_kubernetes_executor' retrieved from /home/airflow/.local/lib/python3.12/site-packages/airflow/example_dags/example_kubernetes_executor.py
[2024-10-26T07:06:57.912+0000] {logging_mixin.py:190} INFO - [2024-10-26T07:06:57.912+0000] {dag.py:3239} INFO - Sync 1 DAGs
[2024-10-26T07:06:57.920+0000] {logging_mixin.py:190} INFO - [2024-10-26T07:06:57.920+0000] {dag.py:4180} INFO - Setting next_dagrun for example_kubernetes_executor to None, run_after=None
[2024-10-26T07:06:57.931+0000] {processor.py:208} INFO - Processing /home/airflow/.local/lib/python3.12/site-packages/airflow/example_dags/example_kubernetes_executor.py took 0.054 seconds
[2024-10-26T07:07:28.364+0000] {processor.py:186} INFO - Started process (PID=76788) to work on /home/airflow/.local/lib/python3.12/site-packages/airflow/example_dags/example_kubernetes_executor.py
[2024-10-26T07:07:28.365+0000] {processor.py:914} INFO - Processing file /home/airflow/.local/lib/python3.12/site-packages/airflow/example_dags/example_kubernetes_executor.py for tasks to queue
[2024-10-26T07:07:28.365+0000] {logging_mixin.py:190} INFO - [2024-10-26T07:07:28.365+0000] {dagbag.py:588} INFO - Filling up the DagBag from /home/airflow/.local/lib/python3.12/site-packages/airflow/example_dags/example_kubernetes_executor.py
[2024-10-26T07:07:28.374+0000] {processor.py:925} INFO - DAG(s) 'example_kubernetes_executor' retrieved from /home/airflow/.local/lib/python3.12/site-packages/airflow/example_dags/example_kubernetes_executor.py
[2024-10-26T07:07:28.394+0000] {logging_mixin.py:190} INFO - [2024-10-26T07:07:28.394+0000] {dag.py:3239} INFO - Sync 1 DAGs
[2024-10-26T07:07:28.404+0000] {logging_mixin.py:190} INFO - [2024-10-26T07:07:28.404+0000] {dag.py:4180} INFO - Setting next_dagrun for example_kubernetes_executor to None, run_after=None
[2024-10-26T07:07:28.415+0000] {processor.py:208} INFO - Processing /home/airflow/.local/lib/python3.12/site-packages/airflow/example_dags/example_kubernetes_executor.py took 0.055 seconds
[2024-10-26T07:07:59.480+0000] {processor.py:186} INFO - Started process (PID=77081) to work on /home/airflow/.local/lib/python3.12/site-packages/airflow/example_dags/example_kubernetes_executor.py
[2024-10-26T07:07:59.480+0000] {processor.py:914} INFO - Processing file /home/airflow/.local/lib/python3.12/site-packages/airflow/example_dags/example_kubernetes_executor.py for tasks to queue
[2024-10-26T07:07:59.481+0000] {logging_mixin.py:190} INFO - [2024-10-26T07:07:59.481+0000] {dagbag.py:588} INFO - Filling up the DagBag from /home/airflow/.local/lib/python3.12/site-packages/airflow/example_dags/example_kubernetes_executor.py
[2024-10-26T07:07:59.488+0000] {processor.py:925} INFO - DAG(s) 'example_kubernetes_executor' retrieved from /home/airflow/.local/lib/python3.12/site-packages/airflow/example_dags/example_kubernetes_executor.py
[2024-10-26T07:07:59.506+0000] {logging_mixin.py:190} INFO - [2024-10-26T07:07:59.505+0000] {dag.py:3239} INFO - Sync 1 DAGs
[2024-10-26T07:07:59.516+0000] {logging_mixin.py:190} INFO - [2024-10-26T07:07:59.515+0000] {dag.py:4180} INFO - Setting next_dagrun for example_kubernetes_executor to None, run_after=None
[2024-10-26T07:07:59.548+0000] {processor.py:208} INFO - Processing /home/airflow/.local/lib/python3.12/site-packages/airflow/example_dags/example_kubernetes_executor.py took 0.071 seconds
[2024-10-26T07:08:30.127+0000] {processor.py:186} INFO - Started process (PID=77370) to work on /home/airflow/.local/lib/python3.12/site-packages/airflow/example_dags/example_kubernetes_executor.py
[2024-10-26T07:08:30.128+0000] {processor.py:914} INFO - Processing file /home/airflow/.local/lib/python3.12/site-packages/airflow/example_dags/example_kubernetes_executor.py for tasks to queue
[2024-10-26T07:08:30.129+0000] {logging_mixin.py:190} INFO - [2024-10-26T07:08:30.128+0000] {dagbag.py:588} INFO - Filling up the DagBag from /home/airflow/.local/lib/python3.12/site-packages/airflow/example_dags/example_kubernetes_executor.py
[2024-10-26T07:08:30.136+0000] {processor.py:925} INFO - DAG(s) 'example_kubernetes_executor' retrieved from /home/airflow/.local/lib/python3.12/site-packages/airflow/example_dags/example_kubernetes_executor.py
[2024-10-26T07:08:30.157+0000] {logging_mixin.py:190} INFO - [2024-10-26T07:08:30.157+0000] {dag.py:3239} INFO - Sync 1 DAGs
[2024-10-26T07:08:30.164+0000] {logging_mixin.py:190} INFO - [2024-10-26T07:08:30.164+0000] {dag.py:4180} INFO - Setting next_dagrun for example_kubernetes_executor to None, run_after=None
[2024-10-26T07:08:30.173+0000] {processor.py:208} INFO - Processing /home/airflow/.local/lib/python3.12/site-packages/airflow/example_dags/example_kubernetes_executor.py took 0.050 seconds
[2024-10-26T07:09:01.124+0000] {processor.py:186} INFO - Started process (PID=77661) to work on /home/airflow/.local/lib/python3.12/site-packages/airflow/example_dags/example_kubernetes_executor.py
[2024-10-26T07:09:01.125+0000] {processor.py:914} INFO - Processing file /home/airflow/.local/lib/python3.12/site-packages/airflow/example_dags/example_kubernetes_executor.py for tasks to queue
[2024-10-26T07:09:01.128+0000] {logging_mixin.py:190} INFO - [2024-10-26T07:09:01.128+0000] {dagbag.py:588} INFO - Filling up the DagBag from /home/airflow/.local/lib/python3.12/site-packages/airflow/example_dags/example_kubernetes_executor.py
[2024-10-26T07:09:01.136+0000] {processor.py:925} INFO - DAG(s) 'example_kubernetes_executor' retrieved from /home/airflow/.local/lib/python3.12/site-packages/airflow/example_dags/example_kubernetes_executor.py
[2024-10-26T07:09:01.162+0000] {logging_mixin.py:190} INFO - [2024-10-26T07:09:01.162+0000] {dag.py:3239} INFO - Sync 1 DAGs
[2024-10-26T07:09:01.173+0000] {logging_mixin.py:190} INFO - [2024-10-26T07:09:01.173+0000] {dag.py:4180} INFO - Setting next_dagrun for example_kubernetes_executor to None, run_after=None
[2024-10-26T07:09:01.182+0000] {processor.py:208} INFO - Processing /home/airflow/.local/lib/python3.12/site-packages/airflow/example_dags/example_kubernetes_executor.py took 0.061 seconds
[2024-10-26T07:09:31.501+0000] {processor.py:186} INFO - Started process (PID=77954) to work on /home/airflow/.local/lib/python3.12/site-packages/airflow/example_dags/example_kubernetes_executor.py
[2024-10-26T07:09:31.501+0000] {processor.py:914} INFO - Processing file /home/airflow/.local/lib/python3.12/site-packages/airflow/example_dags/example_kubernetes_executor.py for tasks to queue
[2024-10-26T07:09:31.502+0000] {logging_mixin.py:190} INFO - [2024-10-26T07:09:31.502+0000] {dagbag.py:588} INFO - Filling up the DagBag from /home/airflow/.local/lib/python3.12/site-packages/airflow/example_dags/example_kubernetes_executor.py
[2024-10-26T07:09:31.508+0000] {processor.py:925} INFO - DAG(s) 'example_kubernetes_executor' retrieved from /home/airflow/.local/lib/python3.12/site-packages/airflow/example_dags/example_kubernetes_executor.py
[2024-10-26T07:09:31.525+0000] {logging_mixin.py:190} INFO - [2024-10-26T07:09:31.525+0000] {dag.py:3239} INFO - Sync 1 DAGs
[2024-10-26T07:09:31.532+0000] {logging_mixin.py:190} INFO - [2024-10-26T07:09:31.532+0000] {dag.py:4180} INFO - Setting next_dagrun for example_kubernetes_executor to None, run_after=None
[2024-10-26T07:09:31.540+0000] {processor.py:208} INFO - Processing /home/airflow/.local/lib/python3.12/site-packages/airflow/example_dags/example_kubernetes_executor.py took 0.042 seconds
[2024-10-26T07:10:02.677+0000] {processor.py:186} INFO - Started process (PID=78243) to work on /home/airflow/.local/lib/python3.12/site-packages/airflow/example_dags/example_kubernetes_executor.py
[2024-10-26T07:10:02.678+0000] {processor.py:914} INFO - Processing file /home/airflow/.local/lib/python3.12/site-packages/airflow/example_dags/example_kubernetes_executor.py for tasks to queue
[2024-10-26T07:10:02.679+0000] {logging_mixin.py:190} INFO - [2024-10-26T07:10:02.679+0000] {dagbag.py:588} INFO - Filling up the DagBag from /home/airflow/.local/lib/python3.12/site-packages/airflow/example_dags/example_kubernetes_executor.py
[2024-10-26T07:10:02.687+0000] {processor.py:925} INFO - DAG(s) 'example_kubernetes_executor' retrieved from /home/airflow/.local/lib/python3.12/site-packages/airflow/example_dags/example_kubernetes_executor.py
[2024-10-26T07:10:02.706+0000] {logging_mixin.py:190} INFO - [2024-10-26T07:10:02.706+0000] {dag.py:3239} INFO - Sync 1 DAGs
[2024-10-26T07:10:02.714+0000] {logging_mixin.py:190} INFO - [2024-10-26T07:10:02.714+0000] {dag.py:4180} INFO - Setting next_dagrun for example_kubernetes_executor to None, run_after=None
[2024-10-26T07:10:02.730+0000] {processor.py:208} INFO - Processing /home/airflow/.local/lib/python3.12/site-packages/airflow/example_dags/example_kubernetes_executor.py took 0.056 seconds
[2024-10-26T07:10:34.320+0000] {processor.py:186} INFO - Started process (PID=78540) to work on /home/airflow/.local/lib/python3.12/site-packages/airflow/example_dags/example_kubernetes_executor.py
[2024-10-26T07:10:34.322+0000] {processor.py:914} INFO - Processing file /home/airflow/.local/lib/python3.12/site-packages/airflow/example_dags/example_kubernetes_executor.py for tasks to queue
[2024-10-26T07:10:34.323+0000] {logging_mixin.py:190} INFO - [2024-10-26T07:10:34.323+0000] {dagbag.py:588} INFO - Filling up the DagBag from /home/airflow/.local/lib/python3.12/site-packages/airflow/example_dags/example_kubernetes_executor.py
[2024-10-26T07:10:34.330+0000] {processor.py:925} INFO - DAG(s) 'example_kubernetes_executor' retrieved from /home/airflow/.local/lib/python3.12/site-packages/airflow/example_dags/example_kubernetes_executor.py
[2024-10-26T07:10:34.351+0000] {logging_mixin.py:190} INFO - [2024-10-26T07:10:34.351+0000] {dag.py:3239} INFO - Sync 1 DAGs
[2024-10-26T07:10:34.360+0000] {logging_mixin.py:190} INFO - [2024-10-26T07:10:34.360+0000] {dag.py:4180} INFO - Setting next_dagrun for example_kubernetes_executor to None, run_after=None
[2024-10-26T07:10:34.375+0000] {processor.py:208} INFO - Processing /home/airflow/.local/lib/python3.12/site-packages/airflow/example_dags/example_kubernetes_executor.py took 0.058 seconds
[2024-10-26T07:11:06.069+0000] {processor.py:186} INFO - Started process (PID=78838) to work on /home/airflow/.local/lib/python3.12/site-packages/airflow/example_dags/example_kubernetes_executor.py
[2024-10-26T07:11:06.070+0000] {processor.py:914} INFO - Processing file /home/airflow/.local/lib/python3.12/site-packages/airflow/example_dags/example_kubernetes_executor.py for tasks to queue
[2024-10-26T07:11:06.071+0000] {logging_mixin.py:190} INFO - [2024-10-26T07:11:06.071+0000] {dagbag.py:588} INFO - Filling up the DagBag from /home/airflow/.local/lib/python3.12/site-packages/airflow/example_dags/example_kubernetes_executor.py
[2024-10-26T07:11:06.078+0000] {processor.py:925} INFO - DAG(s) 'example_kubernetes_executor' retrieved from /home/airflow/.local/lib/python3.12/site-packages/airflow/example_dags/example_kubernetes_executor.py
[2024-10-26T07:11:06.103+0000] {logging_mixin.py:190} INFO - [2024-10-26T07:11:06.103+0000] {dag.py:3239} INFO - Sync 1 DAGs
[2024-10-26T07:11:06.115+0000] {logging_mixin.py:190} INFO - [2024-10-26T07:11:06.115+0000] {dag.py:4180} INFO - Setting next_dagrun for example_kubernetes_executor to None, run_after=None
[2024-10-26T07:11:06.131+0000] {processor.py:208} INFO - Processing /home/airflow/.local/lib/python3.12/site-packages/airflow/example_dags/example_kubernetes_executor.py took 0.065 seconds
[2024-10-26T07:11:36.417+0000] {processor.py:186} INFO - Started process (PID=79127) to work on /home/airflow/.local/lib/python3.12/site-packages/airflow/example_dags/example_kubernetes_executor.py
[2024-10-26T07:11:36.418+0000] {processor.py:914} INFO - Processing file /home/airflow/.local/lib/python3.12/site-packages/airflow/example_dags/example_kubernetes_executor.py for tasks to queue
[2024-10-26T07:11:36.419+0000] {logging_mixin.py:190} INFO - [2024-10-26T07:11:36.419+0000] {dagbag.py:588} INFO - Filling up the DagBag from /home/airflow/.local/lib/python3.12/site-packages/airflow/example_dags/example_kubernetes_executor.py
[2024-10-26T07:11:36.431+0000] {processor.py:925} INFO - DAG(s) 'example_kubernetes_executor' retrieved from /home/airflow/.local/lib/python3.12/site-packages/airflow/example_dags/example_kubernetes_executor.py
[2024-10-26T07:11:36.469+0000] {logging_mixin.py:190} INFO - [2024-10-26T07:11:36.469+0000] {dag.py:3239} INFO - Sync 1 DAGs
[2024-10-26T07:11:36.481+0000] {logging_mixin.py:190} INFO - [2024-10-26T07:11:36.480+0000] {dag.py:4180} INFO - Setting next_dagrun for example_kubernetes_executor to None, run_after=None
[2024-10-26T07:11:36.494+0000] {processor.py:208} INFO - Processing /home/airflow/.local/lib/python3.12/site-packages/airflow/example_dags/example_kubernetes_executor.py took 0.082 seconds
[2024-10-26T07:12:07.445+0000] {processor.py:186} INFO - Started process (PID=79418) to work on /home/airflow/.local/lib/python3.12/site-packages/airflow/example_dags/example_kubernetes_executor.py
[2024-10-26T07:12:07.446+0000] {processor.py:914} INFO - Processing file /home/airflow/.local/lib/python3.12/site-packages/airflow/example_dags/example_kubernetes_executor.py for tasks to queue
[2024-10-26T07:12:07.447+0000] {logging_mixin.py:190} INFO - [2024-10-26T07:12:07.446+0000] {dagbag.py:588} INFO - Filling up the DagBag from /home/airflow/.local/lib/python3.12/site-packages/airflow/example_dags/example_kubernetes_executor.py
[2024-10-26T07:12:07.454+0000] {processor.py:925} INFO - DAG(s) 'example_kubernetes_executor' retrieved from /home/airflow/.local/lib/python3.12/site-packages/airflow/example_dags/example_kubernetes_executor.py
[2024-10-26T07:12:07.479+0000] {logging_mixin.py:190} INFO - [2024-10-26T07:12:07.478+0000] {dag.py:3239} INFO - Sync 1 DAGs
[2024-10-26T07:12:07.609+0000] {logging_mixin.py:190} INFO - [2024-10-26T07:12:07.609+0000] {dag.py:4180} INFO - Setting next_dagrun for example_kubernetes_executor to None, run_after=None
[2024-10-26T07:12:07.623+0000] {processor.py:208} INFO - Processing /home/airflow/.local/lib/python3.12/site-packages/airflow/example_dags/example_kubernetes_executor.py took 0.181 seconds
[2024-10-26T07:12:38.243+0000] {processor.py:186} INFO - Started process (PID=79709) to work on /home/airflow/.local/lib/python3.12/site-packages/airflow/example_dags/example_kubernetes_executor.py
[2024-10-26T07:12:38.247+0000] {processor.py:914} INFO - Processing file /home/airflow/.local/lib/python3.12/site-packages/airflow/example_dags/example_kubernetes_executor.py for tasks to queue
[2024-10-26T07:12:38.248+0000] {logging_mixin.py:190} INFO - [2024-10-26T07:12:38.247+0000] {dagbag.py:588} INFO - Filling up the DagBag from /home/airflow/.local/lib/python3.12/site-packages/airflow/example_dags/example_kubernetes_executor.py
[2024-10-26T07:12:38.257+0000] {processor.py:925} INFO - DAG(s) 'example_kubernetes_executor' retrieved from /home/airflow/.local/lib/python3.12/site-packages/airflow/example_dags/example_kubernetes_executor.py
[2024-10-26T07:12:38.282+0000] {logging_mixin.py:190} INFO - [2024-10-26T07:12:38.282+0000] {dag.py:3239} INFO - Sync 1 DAGs
[2024-10-26T07:12:38.412+0000] {logging_mixin.py:190} INFO - [2024-10-26T07:12:38.412+0000] {dag.py:4180} INFO - Setting next_dagrun for example_kubernetes_executor to None, run_after=None
[2024-10-26T07:12:38.420+0000] {processor.py:208} INFO - Processing /home/airflow/.local/lib/python3.12/site-packages/airflow/example_dags/example_kubernetes_executor.py took 0.180 seconds
[2024-10-26T07:13:09.340+0000] {processor.py:186} INFO - Started process (PID=80004) to work on /home/airflow/.local/lib/python3.12/site-packages/airflow/example_dags/example_kubernetes_executor.py
[2024-10-26T07:13:09.341+0000] {processor.py:914} INFO - Processing file /home/airflow/.local/lib/python3.12/site-packages/airflow/example_dags/example_kubernetes_executor.py for tasks to queue
[2024-10-26T07:13:09.341+0000] {logging_mixin.py:190} INFO - [2024-10-26T07:13:09.341+0000] {dagbag.py:588} INFO - Filling up the DagBag from /home/airflow/.local/lib/python3.12/site-packages/airflow/example_dags/example_kubernetes_executor.py
[2024-10-26T07:13:09.349+0000] {processor.py:925} INFO - DAG(s) 'example_kubernetes_executor' retrieved from /home/airflow/.local/lib/python3.12/site-packages/airflow/example_dags/example_kubernetes_executor.py
[2024-10-26T07:13:09.375+0000] {logging_mixin.py:190} INFO - [2024-10-26T07:13:09.375+0000] {dag.py:3239} INFO - Sync 1 DAGs
[2024-10-26T07:13:09.383+0000] {logging_mixin.py:190} INFO - [2024-10-26T07:13:09.383+0000] {dag.py:4180} INFO - Setting next_dagrun for example_kubernetes_executor to None, run_after=None
[2024-10-26T07:13:09.398+0000] {processor.py:208} INFO - Processing /home/airflow/.local/lib/python3.12/site-packages/airflow/example_dags/example_kubernetes_executor.py took 0.062 seconds
[2024-10-26T07:13:39.951+0000] {processor.py:186} INFO - Started process (PID=80290) to work on /home/airflow/.local/lib/python3.12/site-packages/airflow/example_dags/example_kubernetes_executor.py
[2024-10-26T07:13:39.952+0000] {processor.py:914} INFO - Processing file /home/airflow/.local/lib/python3.12/site-packages/airflow/example_dags/example_kubernetes_executor.py for tasks to queue
[2024-10-26T07:13:39.953+0000] {logging_mixin.py:190} INFO - [2024-10-26T07:13:39.953+0000] {dagbag.py:588} INFO - Filling up the DagBag from /home/airflow/.local/lib/python3.12/site-packages/airflow/example_dags/example_kubernetes_executor.py
[2024-10-26T07:13:39.959+0000] {processor.py:925} INFO - DAG(s) 'example_kubernetes_executor' retrieved from /home/airflow/.local/lib/python3.12/site-packages/airflow/example_dags/example_kubernetes_executor.py
[2024-10-26T07:13:39.984+0000] {logging_mixin.py:190} INFO - [2024-10-26T07:13:39.984+0000] {dag.py:3239} INFO - Sync 1 DAGs
[2024-10-26T07:13:39.991+0000] {logging_mixin.py:190} INFO - [2024-10-26T07:13:39.991+0000] {dag.py:4180} INFO - Setting next_dagrun for example_kubernetes_executor to None, run_after=None
[2024-10-26T07:13:40.003+0000] {processor.py:208} INFO - Processing /home/airflow/.local/lib/python3.12/site-packages/airflow/example_dags/example_kubernetes_executor.py took 0.055 seconds
[2024-10-26T07:14:11.618+0000] {processor.py:186} INFO - Started process (PID=80581) to work on /home/airflow/.local/lib/python3.12/site-packages/airflow/example_dags/example_kubernetes_executor.py
[2024-10-26T07:14:11.619+0000] {processor.py:914} INFO - Processing file /home/airflow/.local/lib/python3.12/site-packages/airflow/example_dags/example_kubernetes_executor.py for tasks to queue
[2024-10-26T07:14:11.620+0000] {logging_mixin.py:190} INFO - [2024-10-26T07:14:11.619+0000] {dagbag.py:588} INFO - Filling up the DagBag from /home/airflow/.local/lib/python3.12/site-packages/airflow/example_dags/example_kubernetes_executor.py
[2024-10-26T07:14:11.629+0000] {processor.py:925} INFO - DAG(s) 'example_kubernetes_executor' retrieved from /home/airflow/.local/lib/python3.12/site-packages/airflow/example_dags/example_kubernetes_executor.py
[2024-10-26T07:14:11.777+0000] {logging_mixin.py:190} INFO - [2024-10-26T07:14:11.777+0000] {dag.py:3239} INFO - Sync 1 DAGs
[2024-10-26T07:14:11.784+0000] {logging_mixin.py:190} INFO - [2024-10-26T07:14:11.784+0000] {dag.py:4180} INFO - Setting next_dagrun for example_kubernetes_executor to None, run_after=None
[2024-10-26T07:14:11.799+0000] {processor.py:208} INFO - Processing /home/airflow/.local/lib/python3.12/site-packages/airflow/example_dags/example_kubernetes_executor.py took 0.186 seconds
[2024-10-26T07:14:43.465+0000] {processor.py:186} INFO - Started process (PID=80872) to work on /home/airflow/.local/lib/python3.12/site-packages/airflow/example_dags/example_kubernetes_executor.py
[2024-10-26T07:14:43.466+0000] {processor.py:914} INFO - Processing file /home/airflow/.local/lib/python3.12/site-packages/airflow/example_dags/example_kubernetes_executor.py for tasks to queue
[2024-10-26T07:14:43.467+0000] {logging_mixin.py:190} INFO - [2024-10-26T07:14:43.466+0000] {dagbag.py:588} INFO - Filling up the DagBag from /home/airflow/.local/lib/python3.12/site-packages/airflow/example_dags/example_kubernetes_executor.py
[2024-10-26T07:14:43.474+0000] {processor.py:925} INFO - DAG(s) 'example_kubernetes_executor' retrieved from /home/airflow/.local/lib/python3.12/site-packages/airflow/example_dags/example_kubernetes_executor.py
[2024-10-26T07:14:43.602+0000] {logging_mixin.py:190} INFO - [2024-10-26T07:14:43.601+0000] {dag.py:3239} INFO - Sync 1 DAGs
[2024-10-26T07:14:43.612+0000] {logging_mixin.py:190} INFO - [2024-10-26T07:14:43.612+0000] {dag.py:4180} INFO - Setting next_dagrun for example_kubernetes_executor to None, run_after=None
[2024-10-26T07:14:43.623+0000] {processor.py:208} INFO - Processing /home/airflow/.local/lib/python3.12/site-packages/airflow/example_dags/example_kubernetes_executor.py took 0.161 seconds
[2024-10-26T07:15:13.917+0000] {processor.py:186} INFO - Started process (PID=81165) to work on /home/airflow/.local/lib/python3.12/site-packages/airflow/example_dags/example_kubernetes_executor.py
[2024-10-26T07:15:13.918+0000] {processor.py:914} INFO - Processing file /home/airflow/.local/lib/python3.12/site-packages/airflow/example_dags/example_kubernetes_executor.py for tasks to queue
[2024-10-26T07:15:13.919+0000] {logging_mixin.py:190} INFO - [2024-10-26T07:15:13.918+0000] {dagbag.py:588} INFO - Filling up the DagBag from /home/airflow/.local/lib/python3.12/site-packages/airflow/example_dags/example_kubernetes_executor.py
[2024-10-26T07:15:13.929+0000] {processor.py:925} INFO - DAG(s) 'example_kubernetes_executor' retrieved from /home/airflow/.local/lib/python3.12/site-packages/airflow/example_dags/example_kubernetes_executor.py
[2024-10-26T07:15:13.952+0000] {logging_mixin.py:190} INFO - [2024-10-26T07:15:13.952+0000] {dag.py:3239} INFO - Sync 1 DAGs
[2024-10-26T07:15:13.961+0000] {logging_mixin.py:190} INFO - [2024-10-26T07:15:13.961+0000] {dag.py:4180} INFO - Setting next_dagrun for example_kubernetes_executor to None, run_after=None
[2024-10-26T07:15:13.973+0000] {processor.py:208} INFO - Processing /home/airflow/.local/lib/python3.12/site-packages/airflow/example_dags/example_kubernetes_executor.py took 0.060 seconds
[2024-10-26T07:15:44.027+0000] {processor.py:186} INFO - Started process (PID=81454) to work on /home/airflow/.local/lib/python3.12/site-packages/airflow/example_dags/example_kubernetes_executor.py
[2024-10-26T07:15:44.028+0000] {processor.py:914} INFO - Processing file /home/airflow/.local/lib/python3.12/site-packages/airflow/example_dags/example_kubernetes_executor.py for tasks to queue
[2024-10-26T07:15:44.029+0000] {logging_mixin.py:190} INFO - [2024-10-26T07:15:44.028+0000] {dagbag.py:588} INFO - Filling up the DagBag from /home/airflow/.local/lib/python3.12/site-packages/airflow/example_dags/example_kubernetes_executor.py
[2024-10-26T07:15:44.036+0000] {processor.py:925} INFO - DAG(s) 'example_kubernetes_executor' retrieved from /home/airflow/.local/lib/python3.12/site-packages/airflow/example_dags/example_kubernetes_executor.py
[2024-10-26T07:15:44.056+0000] {logging_mixin.py:190} INFO - [2024-10-26T07:15:44.056+0000] {dag.py:3239} INFO - Sync 1 DAGs
[2024-10-26T07:15:44.064+0000] {logging_mixin.py:190} INFO - [2024-10-26T07:15:44.064+0000] {dag.py:4180} INFO - Setting next_dagrun for example_kubernetes_executor to None, run_after=None
[2024-10-26T07:15:44.079+0000] {processor.py:208} INFO - Processing /home/airflow/.local/lib/python3.12/site-packages/airflow/example_dags/example_kubernetes_executor.py took 0.055 seconds
[2024-10-26T07:16:15.794+0000] {processor.py:186} INFO - Started process (PID=81745) to work on /home/airflow/.local/lib/python3.12/site-packages/airflow/example_dags/example_kubernetes_executor.py
[2024-10-26T07:16:15.795+0000] {processor.py:914} INFO - Processing file /home/airflow/.local/lib/python3.12/site-packages/airflow/example_dags/example_kubernetes_executor.py for tasks to queue
[2024-10-26T07:16:15.797+0000] {logging_mixin.py:190} INFO - [2024-10-26T07:16:15.797+0000] {dagbag.py:588} INFO - Filling up the DagBag from /home/airflow/.local/lib/python3.12/site-packages/airflow/example_dags/example_kubernetes_executor.py
[2024-10-26T07:16:15.838+0000] {processor.py:925} INFO - DAG(s) 'example_kubernetes_executor' retrieved from /home/airflow/.local/lib/python3.12/site-packages/airflow/example_dags/example_kubernetes_executor.py
[2024-10-26T07:16:15.949+0000] {logging_mixin.py:190} INFO - [2024-10-26T07:16:15.949+0000] {dag.py:3239} INFO - Sync 1 DAGs
[2024-10-26T07:16:15.980+0000] {logging_mixin.py:190} INFO - [2024-10-26T07:16:15.980+0000] {dag.py:4180} INFO - Setting next_dagrun for example_kubernetes_executor to None, run_after=None
[2024-10-26T07:16:16.003+0000] {processor.py:208} INFO - Processing /home/airflow/.local/lib/python3.12/site-packages/airflow/example_dags/example_kubernetes_executor.py took 0.216 seconds
[2024-10-26T07:16:46.453+0000] {processor.py:186} INFO - Started process (PID=82036) to work on /home/airflow/.local/lib/python3.12/site-packages/airflow/example_dags/example_kubernetes_executor.py
[2024-10-26T07:16:46.456+0000] {processor.py:914} INFO - Processing file /home/airflow/.local/lib/python3.12/site-packages/airflow/example_dags/example_kubernetes_executor.py for tasks to queue
[2024-10-26T07:16:46.457+0000] {logging_mixin.py:190} INFO - [2024-10-26T07:16:46.457+0000] {dagbag.py:588} INFO - Filling up the DagBag from /home/airflow/.local/lib/python3.12/site-packages/airflow/example_dags/example_kubernetes_executor.py
[2024-10-26T07:16:46.465+0000] {processor.py:925} INFO - DAG(s) 'example_kubernetes_executor' retrieved from /home/airflow/.local/lib/python3.12/site-packages/airflow/example_dags/example_kubernetes_executor.py
[2024-10-26T07:16:46.489+0000] {logging_mixin.py:190} INFO - [2024-10-26T07:16:46.489+0000] {dag.py:3239} INFO - Sync 1 DAGs
[2024-10-26T07:16:46.497+0000] {logging_mixin.py:190} INFO - [2024-10-26T07:16:46.497+0000] {dag.py:4180} INFO - Setting next_dagrun for example_kubernetes_executor to None, run_after=None
[2024-10-26T07:16:46.506+0000] {processor.py:208} INFO - Processing /home/airflow/.local/lib/python3.12/site-packages/airflow/example_dags/example_kubernetes_executor.py took 0.056 seconds
[2024-10-26T07:17:17.190+0000] {processor.py:186} INFO - Started process (PID=82326) to work on /home/airflow/.local/lib/python3.12/site-packages/airflow/example_dags/example_kubernetes_executor.py
[2024-10-26T07:17:17.191+0000] {processor.py:914} INFO - Processing file /home/airflow/.local/lib/python3.12/site-packages/airflow/example_dags/example_kubernetes_executor.py for tasks to queue
[2024-10-26T07:17:17.192+0000] {logging_mixin.py:190} INFO - [2024-10-26T07:17:17.192+0000] {dagbag.py:588} INFO - Filling up the DagBag from /home/airflow/.local/lib/python3.12/site-packages/airflow/example_dags/example_kubernetes_executor.py
[2024-10-26T07:17:17.207+0000] {processor.py:925} INFO - DAG(s) 'example_kubernetes_executor' retrieved from /home/airflow/.local/lib/python3.12/site-packages/airflow/example_dags/example_kubernetes_executor.py
[2024-10-26T07:17:17.244+0000] {logging_mixin.py:190} INFO - [2024-10-26T07:17:17.243+0000] {dag.py:3239} INFO - Sync 1 DAGs
[2024-10-26T07:17:17.259+0000] {logging_mixin.py:190} INFO - [2024-10-26T07:17:17.259+0000] {dag.py:4180} INFO - Setting next_dagrun for example_kubernetes_executor to None, run_after=None
[2024-10-26T07:17:17.291+0000] {processor.py:208} INFO - Processing /home/airflow/.local/lib/python3.12/site-packages/airflow/example_dags/example_kubernetes_executor.py took 0.105 seconds
[2024-10-26T07:17:47.320+0000] {processor.py:186} INFO - Started process (PID=82619) to work on /home/airflow/.local/lib/python3.12/site-packages/airflow/example_dags/example_kubernetes_executor.py
[2024-10-26T07:17:47.321+0000] {processor.py:914} INFO - Processing file /home/airflow/.local/lib/python3.12/site-packages/airflow/example_dags/example_kubernetes_executor.py for tasks to queue
[2024-10-26T07:17:47.322+0000] {logging_mixin.py:190} INFO - [2024-10-26T07:17:47.322+0000] {dagbag.py:588} INFO - Filling up the DagBag from /home/airflow/.local/lib/python3.12/site-packages/airflow/example_dags/example_kubernetes_executor.py
[2024-10-26T07:17:47.331+0000] {processor.py:925} INFO - DAG(s) 'example_kubernetes_executor' retrieved from /home/airflow/.local/lib/python3.12/site-packages/airflow/example_dags/example_kubernetes_executor.py
[2024-10-26T07:17:47.350+0000] {logging_mixin.py:190} INFO - [2024-10-26T07:17:47.350+0000] {dag.py:3239} INFO - Sync 1 DAGs
[2024-10-26T07:17:47.356+0000] {logging_mixin.py:190} INFO - [2024-10-26T07:17:47.356+0000] {dag.py:4180} INFO - Setting next_dagrun for example_kubernetes_executor to None, run_after=None
[2024-10-26T07:17:47.364+0000] {processor.py:208} INFO - Processing /home/airflow/.local/lib/python3.12/site-packages/airflow/example_dags/example_kubernetes_executor.py took 0.046 seconds
[2024-10-26T07:18:17.587+0000] {processor.py:186} INFO - Started process (PID=82908) to work on /home/airflow/.local/lib/python3.12/site-packages/airflow/example_dags/example_kubernetes_executor.py
[2024-10-26T07:18:17.591+0000] {processor.py:914} INFO - Processing file /home/airflow/.local/lib/python3.12/site-packages/airflow/example_dags/example_kubernetes_executor.py for tasks to queue
[2024-10-26T07:18:17.593+0000] {logging_mixin.py:190} INFO - [2024-10-26T07:18:17.592+0000] {dagbag.py:588} INFO - Filling up the DagBag from /home/airflow/.local/lib/python3.12/site-packages/airflow/example_dags/example_kubernetes_executor.py
[2024-10-26T07:18:17.605+0000] {processor.py:925} INFO - DAG(s) 'example_kubernetes_executor' retrieved from /home/airflow/.local/lib/python3.12/site-packages/airflow/example_dags/example_kubernetes_executor.py
[2024-10-26T07:18:17.632+0000] {logging_mixin.py:190} INFO - [2024-10-26T07:18:17.631+0000] {dag.py:3239} INFO - Sync 1 DAGs
[2024-10-26T07:18:17.640+0000] {logging_mixin.py:190} INFO - [2024-10-26T07:18:17.640+0000] {dag.py:4180} INFO - Setting next_dagrun for example_kubernetes_executor to None, run_after=None
[2024-10-26T07:18:17.651+0000] {processor.py:208} INFO - Processing /home/airflow/.local/lib/python3.12/site-packages/airflow/example_dags/example_kubernetes_executor.py took 0.067 seconds
[2024-10-26T07:18:48.583+0000] {processor.py:186} INFO - Started process (PID=83199) to work on /home/airflow/.local/lib/python3.12/site-packages/airflow/example_dags/example_kubernetes_executor.py
[2024-10-26T07:18:48.587+0000] {processor.py:914} INFO - Processing file /home/airflow/.local/lib/python3.12/site-packages/airflow/example_dags/example_kubernetes_executor.py for tasks to queue
[2024-10-26T07:18:48.588+0000] {logging_mixin.py:190} INFO - [2024-10-26T07:18:48.587+0000] {dagbag.py:588} INFO - Filling up the DagBag from /home/airflow/.local/lib/python3.12/site-packages/airflow/example_dags/example_kubernetes_executor.py
[2024-10-26T07:18:48.601+0000] {processor.py:925} INFO - DAG(s) 'example_kubernetes_executor' retrieved from /home/airflow/.local/lib/python3.12/site-packages/airflow/example_dags/example_kubernetes_executor.py
[2024-10-26T07:18:48.625+0000] {logging_mixin.py:190} INFO - [2024-10-26T07:18:48.625+0000] {dag.py:3239} INFO - Sync 1 DAGs
[2024-10-26T07:18:48.633+0000] {logging_mixin.py:190} INFO - [2024-10-26T07:18:48.632+0000] {dag.py:4180} INFO - Setting next_dagrun for example_kubernetes_executor to None, run_after=None
[2024-10-26T07:18:48.645+0000] {processor.py:208} INFO - Processing /home/airflow/.local/lib/python3.12/site-packages/airflow/example_dags/example_kubernetes_executor.py took 0.065 seconds
[2024-10-26T07:19:18.989+0000] {processor.py:186} INFO - Started process (PID=83489) to work on /home/airflow/.local/lib/python3.12/site-packages/airflow/example_dags/example_kubernetes_executor.py
[2024-10-26T07:19:18.992+0000] {processor.py:914} INFO - Processing file /home/airflow/.local/lib/python3.12/site-packages/airflow/example_dags/example_kubernetes_executor.py for tasks to queue
[2024-10-26T07:19:18.993+0000] {logging_mixin.py:190} INFO - [2024-10-26T07:19:18.993+0000] {dagbag.py:588} INFO - Filling up the DagBag from /home/airflow/.local/lib/python3.12/site-packages/airflow/example_dags/example_kubernetes_executor.py
[2024-10-26T07:19:19.004+0000] {processor.py:925} INFO - DAG(s) 'example_kubernetes_executor' retrieved from /home/airflow/.local/lib/python3.12/site-packages/airflow/example_dags/example_kubernetes_executor.py
[2024-10-26T07:19:19.025+0000] {logging_mixin.py:190} INFO - [2024-10-26T07:19:19.025+0000] {dag.py:3239} INFO - Sync 1 DAGs
[2024-10-26T07:19:19.034+0000] {logging_mixin.py:190} INFO - [2024-10-26T07:19:19.033+0000] {dag.py:4180} INFO - Setting next_dagrun for example_kubernetes_executor to None, run_after=None
[2024-10-26T07:19:19.043+0000] {processor.py:208} INFO - Processing /home/airflow/.local/lib/python3.12/site-packages/airflow/example_dags/example_kubernetes_executor.py took 0.057 seconds
[2024-10-26T07:19:50.997+0000] {processor.py:186} INFO - Started process (PID=83780) to work on /home/airflow/.local/lib/python3.12/site-packages/airflow/example_dags/example_kubernetes_executor.py
[2024-10-26T07:19:50.999+0000] {processor.py:914} INFO - Processing file /home/airflow/.local/lib/python3.12/site-packages/airflow/example_dags/example_kubernetes_executor.py for tasks to queue
[2024-10-26T07:19:51.000+0000] {logging_mixin.py:190} INFO - [2024-10-26T07:19:50.999+0000] {dagbag.py:588} INFO - Filling up the DagBag from /home/airflow/.local/lib/python3.12/site-packages/airflow/example_dags/example_kubernetes_executor.py
[2024-10-26T07:19:51.010+0000] {processor.py:925} INFO - DAG(s) 'example_kubernetes_executor' retrieved from /home/airflow/.local/lib/python3.12/site-packages/airflow/example_dags/example_kubernetes_executor.py
[2024-10-26T07:19:51.035+0000] {logging_mixin.py:190} INFO - [2024-10-26T07:19:51.035+0000] {dag.py:3239} INFO - Sync 1 DAGs
[2024-10-26T07:19:51.044+0000] {logging_mixin.py:190} INFO - [2024-10-26T07:19:51.044+0000] {dag.py:4180} INFO - Setting next_dagrun for example_kubernetes_executor to None, run_after=None
[2024-10-26T07:19:51.062+0000] {processor.py:208} INFO - Processing /home/airflow/.local/lib/python3.12/site-packages/airflow/example_dags/example_kubernetes_executor.py took 0.068 seconds
[2024-10-26T07:20:21.810+0000] {processor.py:186} INFO - Started process (PID=84071) to work on /home/airflow/.local/lib/python3.12/site-packages/airflow/example_dags/example_kubernetes_executor.py
[2024-10-26T07:20:21.812+0000] {processor.py:914} INFO - Processing file /home/airflow/.local/lib/python3.12/site-packages/airflow/example_dags/example_kubernetes_executor.py for tasks to queue
[2024-10-26T07:20:21.813+0000] {logging_mixin.py:190} INFO - [2024-10-26T07:20:21.813+0000] {dagbag.py:588} INFO - Filling up the DagBag from /home/airflow/.local/lib/python3.12/site-packages/airflow/example_dags/example_kubernetes_executor.py
[2024-10-26T07:20:21.828+0000] {processor.py:925} INFO - DAG(s) 'example_kubernetes_executor' retrieved from /home/airflow/.local/lib/python3.12/site-packages/airflow/example_dags/example_kubernetes_executor.py
[2024-10-26T07:20:21.851+0000] {logging_mixin.py:190} INFO - [2024-10-26T07:20:21.851+0000] {dag.py:3239} INFO - Sync 1 DAGs
[2024-10-26T07:20:21.859+0000] {logging_mixin.py:190} INFO - [2024-10-26T07:20:21.859+0000] {dag.py:4180} INFO - Setting next_dagrun for example_kubernetes_executor to None, run_after=None
[2024-10-26T07:20:21.875+0000] {processor.py:208} INFO - Processing /home/airflow/.local/lib/python3.12/site-packages/airflow/example_dags/example_kubernetes_executor.py took 0.069 seconds
[2024-10-26T07:20:52.312+0000] {processor.py:186} INFO - Started process (PID=84362) to work on /home/airflow/.local/lib/python3.12/site-packages/airflow/example_dags/example_kubernetes_executor.py
[2024-10-26T07:20:52.313+0000] {processor.py:914} INFO - Processing file /home/airflow/.local/lib/python3.12/site-packages/airflow/example_dags/example_kubernetes_executor.py for tasks to queue
[2024-10-26T07:20:52.314+0000] {logging_mixin.py:190} INFO - [2024-10-26T07:20:52.314+0000] {dagbag.py:588} INFO - Filling up the DagBag from /home/airflow/.local/lib/python3.12/site-packages/airflow/example_dags/example_kubernetes_executor.py
[2024-10-26T07:20:52.333+0000] {processor.py:925} INFO - DAG(s) 'example_kubernetes_executor' retrieved from /home/airflow/.local/lib/python3.12/site-packages/airflow/example_dags/example_kubernetes_executor.py
[2024-10-26T07:20:52.364+0000] {logging_mixin.py:190} INFO - [2024-10-26T07:20:52.363+0000] {dag.py:3239} INFO - Sync 1 DAGs
[2024-10-26T07:20:52.374+0000] {logging_mixin.py:190} INFO - [2024-10-26T07:20:52.374+0000] {dag.py:4180} INFO - Setting next_dagrun for example_kubernetes_executor to None, run_after=None
[2024-10-26T07:20:52.387+0000] {processor.py:208} INFO - Processing /home/airflow/.local/lib/python3.12/site-packages/airflow/example_dags/example_kubernetes_executor.py took 0.081 seconds
[2024-10-26T07:21:23.036+0000] {processor.py:186} INFO - Started process (PID=84653) to work on /home/airflow/.local/lib/python3.12/site-packages/airflow/example_dags/example_kubernetes_executor.py
[2024-10-26T07:21:23.037+0000] {processor.py:914} INFO - Processing file /home/airflow/.local/lib/python3.12/site-packages/airflow/example_dags/example_kubernetes_executor.py for tasks to queue
[2024-10-26T07:21:23.041+0000] {logging_mixin.py:190} INFO - [2024-10-26T07:21:23.040+0000] {dagbag.py:588} INFO - Filling up the DagBag from /home/airflow/.local/lib/python3.12/site-packages/airflow/example_dags/example_kubernetes_executor.py
[2024-10-26T07:21:23.051+0000] {processor.py:925} INFO - DAG(s) 'example_kubernetes_executor' retrieved from /home/airflow/.local/lib/python3.12/site-packages/airflow/example_dags/example_kubernetes_executor.py
[2024-10-26T07:21:23.073+0000] {logging_mixin.py:190} INFO - [2024-10-26T07:21:23.073+0000] {dag.py:3239} INFO - Sync 1 DAGs
[2024-10-26T07:21:23.080+0000] {logging_mixin.py:190} INFO - [2024-10-26T07:21:23.080+0000] {dag.py:4180} INFO - Setting next_dagrun for example_kubernetes_executor to None, run_after=None
[2024-10-26T07:21:23.089+0000] {processor.py:208} INFO - Processing /home/airflow/.local/lib/python3.12/site-packages/airflow/example_dags/example_kubernetes_executor.py took 0.057 seconds
[2024-10-26T07:21:54.835+0000] {processor.py:186} INFO - Started process (PID=84944) to work on /home/airflow/.local/lib/python3.12/site-packages/airflow/example_dags/example_kubernetes_executor.py
[2024-10-26T07:21:54.836+0000] {processor.py:914} INFO - Processing file /home/airflow/.local/lib/python3.12/site-packages/airflow/example_dags/example_kubernetes_executor.py for tasks to queue
[2024-10-26T07:21:54.836+0000] {logging_mixin.py:190} INFO - [2024-10-26T07:21:54.836+0000] {dagbag.py:588} INFO - Filling up the DagBag from /home/airflow/.local/lib/python3.12/site-packages/airflow/example_dags/example_kubernetes_executor.py
[2024-10-26T07:21:54.846+0000] {processor.py:925} INFO - DAG(s) 'example_kubernetes_executor' retrieved from /home/airflow/.local/lib/python3.12/site-packages/airflow/example_dags/example_kubernetes_executor.py
[2024-10-26T07:21:54.872+0000] {logging_mixin.py:190} INFO - [2024-10-26T07:21:54.872+0000] {dag.py:3239} INFO - Sync 1 DAGs
[2024-10-26T07:21:54.881+0000] {logging_mixin.py:190} INFO - [2024-10-26T07:21:54.881+0000] {dag.py:4180} INFO - Setting next_dagrun for example_kubernetes_executor to None, run_after=None
[2024-10-26T07:21:54.891+0000] {processor.py:208} INFO - Processing /home/airflow/.local/lib/python3.12/site-packages/airflow/example_dags/example_kubernetes_executor.py took 0.059 seconds
[2024-10-26T07:22:25.885+0000] {processor.py:186} INFO - Started process (PID=85237) to work on /home/airflow/.local/lib/python3.12/site-packages/airflow/example_dags/example_kubernetes_executor.py
[2024-10-26T07:22:25.886+0000] {processor.py:914} INFO - Processing file /home/airflow/.local/lib/python3.12/site-packages/airflow/example_dags/example_kubernetes_executor.py for tasks to queue
[2024-10-26T07:22:25.886+0000] {logging_mixin.py:190} INFO - [2024-10-26T07:22:25.886+0000] {dagbag.py:588} INFO - Filling up the DagBag from /home/airflow/.local/lib/python3.12/site-packages/airflow/example_dags/example_kubernetes_executor.py
[2024-10-26T07:22:25.894+0000] {processor.py:925} INFO - DAG(s) 'example_kubernetes_executor' retrieved from /home/airflow/.local/lib/python3.12/site-packages/airflow/example_dags/example_kubernetes_executor.py
[2024-10-26T07:22:25.911+0000] {logging_mixin.py:190} INFO - [2024-10-26T07:22:25.910+0000] {dag.py:3239} INFO - Sync 1 DAGs
[2024-10-26T07:22:25.917+0000] {logging_mixin.py:190} INFO - [2024-10-26T07:22:25.917+0000] {dag.py:4180} INFO - Setting next_dagrun for example_kubernetes_executor to None, run_after=None
[2024-10-26T07:22:25.925+0000] {processor.py:208} INFO - Processing /home/airflow/.local/lib/python3.12/site-packages/airflow/example_dags/example_kubernetes_executor.py took 0.043 seconds
[2024-10-26T07:22:56.636+0000] {processor.py:186} INFO - Started process (PID=85528) to work on /home/airflow/.local/lib/python3.12/site-packages/airflow/example_dags/example_kubernetes_executor.py
[2024-10-26T07:22:56.637+0000] {processor.py:914} INFO - Processing file /home/airflow/.local/lib/python3.12/site-packages/airflow/example_dags/example_kubernetes_executor.py for tasks to queue
[2024-10-26T07:22:56.638+0000] {logging_mixin.py:190} INFO - [2024-10-26T07:22:56.637+0000] {dagbag.py:588} INFO - Filling up the DagBag from /home/airflow/.local/lib/python3.12/site-packages/airflow/example_dags/example_kubernetes_executor.py
[2024-10-26T07:22:56.645+0000] {processor.py:925} INFO - DAG(s) 'example_kubernetes_executor' retrieved from /home/airflow/.local/lib/python3.12/site-packages/airflow/example_dags/example_kubernetes_executor.py
[2024-10-26T07:22:56.662+0000] {logging_mixin.py:190} INFO - [2024-10-26T07:22:56.662+0000] {dag.py:3239} INFO - Sync 1 DAGs
[2024-10-26T07:22:56.668+0000] {logging_mixin.py:190} INFO - [2024-10-26T07:22:56.668+0000] {dag.py:4180} INFO - Setting next_dagrun for example_kubernetes_executor to None, run_after=None
[2024-10-26T07:22:56.676+0000] {processor.py:208} INFO - Processing /home/airflow/.local/lib/python3.12/site-packages/airflow/example_dags/example_kubernetes_executor.py took 0.042 seconds
[2024-10-26T07:23:27.418+0000] {processor.py:186} INFO - Started process (PID=85819) to work on /home/airflow/.local/lib/python3.12/site-packages/airflow/example_dags/example_kubernetes_executor.py
[2024-10-26T07:23:27.418+0000] {processor.py:914} INFO - Processing file /home/airflow/.local/lib/python3.12/site-packages/airflow/example_dags/example_kubernetes_executor.py for tasks to queue
[2024-10-26T07:23:27.419+0000] {logging_mixin.py:190} INFO - [2024-10-26T07:23:27.419+0000] {dagbag.py:588} INFO - Filling up the DagBag from /home/airflow/.local/lib/python3.12/site-packages/airflow/example_dags/example_kubernetes_executor.py
[2024-10-26T07:23:27.427+0000] {processor.py:925} INFO - DAG(s) 'example_kubernetes_executor' retrieved from /home/airflow/.local/lib/python3.12/site-packages/airflow/example_dags/example_kubernetes_executor.py
[2024-10-26T07:23:27.444+0000] {logging_mixin.py:190} INFO - [2024-10-26T07:23:27.443+0000] {dag.py:3239} INFO - Sync 1 DAGs
[2024-10-26T07:23:27.450+0000] {logging_mixin.py:190} INFO - [2024-10-26T07:23:27.450+0000] {dag.py:4180} INFO - Setting next_dagrun for example_kubernetes_executor to None, run_after=None
[2024-10-26T07:23:27.457+0000] {processor.py:208} INFO - Processing /home/airflow/.local/lib/python3.12/site-packages/airflow/example_dags/example_kubernetes_executor.py took 0.042 seconds
[2024-10-26T07:23:58.255+0000] {processor.py:186} INFO - Started process (PID=86108) to work on /home/airflow/.local/lib/python3.12/site-packages/airflow/example_dags/example_kubernetes_executor.py
[2024-10-26T07:23:58.256+0000] {processor.py:914} INFO - Processing file /home/airflow/.local/lib/python3.12/site-packages/airflow/example_dags/example_kubernetes_executor.py for tasks to queue
[2024-10-26T07:23:58.258+0000] {logging_mixin.py:190} INFO - [2024-10-26T07:23:58.257+0000] {dagbag.py:588} INFO - Filling up the DagBag from /home/airflow/.local/lib/python3.12/site-packages/airflow/example_dags/example_kubernetes_executor.py
[2024-10-26T07:23:58.265+0000] {processor.py:925} INFO - DAG(s) 'example_kubernetes_executor' retrieved from /home/airflow/.local/lib/python3.12/site-packages/airflow/example_dags/example_kubernetes_executor.py
[2024-10-26T07:23:58.287+0000] {logging_mixin.py:190} INFO - [2024-10-26T07:23:58.286+0000] {dag.py:3239} INFO - Sync 1 DAGs
[2024-10-26T07:23:58.295+0000] {logging_mixin.py:190} INFO - [2024-10-26T07:23:58.295+0000] {dag.py:4180} INFO - Setting next_dagrun for example_kubernetes_executor to None, run_after=None
[2024-10-26T07:23:58.304+0000] {processor.py:208} INFO - Processing /home/airflow/.local/lib/python3.12/site-packages/airflow/example_dags/example_kubernetes_executor.py took 0.052 seconds
[2024-10-26T07:24:29.156+0000] {processor.py:186} INFO - Started process (PID=86400) to work on /home/airflow/.local/lib/python3.12/site-packages/airflow/example_dags/example_kubernetes_executor.py
[2024-10-26T07:24:29.156+0000] {processor.py:914} INFO - Processing file /home/airflow/.local/lib/python3.12/site-packages/airflow/example_dags/example_kubernetes_executor.py for tasks to queue
[2024-10-26T07:24:29.157+0000] {logging_mixin.py:190} INFO - [2024-10-26T07:24:29.157+0000] {dagbag.py:588} INFO - Filling up the DagBag from /home/airflow/.local/lib/python3.12/site-packages/airflow/example_dags/example_kubernetes_executor.py
[2024-10-26T07:24:29.166+0000] {processor.py:925} INFO - DAG(s) 'example_kubernetes_executor' retrieved from /home/airflow/.local/lib/python3.12/site-packages/airflow/example_dags/example_kubernetes_executor.py
[2024-10-26T07:24:29.191+0000] {logging_mixin.py:190} INFO - [2024-10-26T07:24:29.191+0000] {dag.py:3239} INFO - Sync 1 DAGs
[2024-10-26T07:24:29.200+0000] {logging_mixin.py:190} INFO - [2024-10-26T07:24:29.199+0000] {dag.py:4180} INFO - Setting next_dagrun for example_kubernetes_executor to None, run_after=None
[2024-10-26T07:24:29.213+0000] {processor.py:208} INFO - Processing /home/airflow/.local/lib/python3.12/site-packages/airflow/example_dags/example_kubernetes_executor.py took 0.061 seconds
[2024-10-26T07:25:00.167+0000] {processor.py:186} INFO - Started process (PID=86691) to work on /home/airflow/.local/lib/python3.12/site-packages/airflow/example_dags/example_kubernetes_executor.py
[2024-10-26T07:25:00.167+0000] {processor.py:914} INFO - Processing file /home/airflow/.local/lib/python3.12/site-packages/airflow/example_dags/example_kubernetes_executor.py for tasks to queue
[2024-10-26T07:25:00.168+0000] {logging_mixin.py:190} INFO - [2024-10-26T07:25:00.168+0000] {dagbag.py:588} INFO - Filling up the DagBag from /home/airflow/.local/lib/python3.12/site-packages/airflow/example_dags/example_kubernetes_executor.py
[2024-10-26T07:25:00.176+0000] {processor.py:925} INFO - DAG(s) 'example_kubernetes_executor' retrieved from /home/airflow/.local/lib/python3.12/site-packages/airflow/example_dags/example_kubernetes_executor.py
[2024-10-26T07:25:00.200+0000] {logging_mixin.py:190} INFO - [2024-10-26T07:25:00.200+0000] {dag.py:3239} INFO - Sync 1 DAGs
[2024-10-26T07:25:00.207+0000] {logging_mixin.py:190} INFO - [2024-10-26T07:25:00.207+0000] {dag.py:4180} INFO - Setting next_dagrun for example_kubernetes_executor to None, run_after=None
[2024-10-26T07:25:00.217+0000] {processor.py:208} INFO - Processing /home/airflow/.local/lib/python3.12/site-packages/airflow/example_dags/example_kubernetes_executor.py took 0.053 seconds
[2024-10-26T07:25:31.263+0000] {processor.py:186} INFO - Started process (PID=86983) to work on /home/airflow/.local/lib/python3.12/site-packages/airflow/example_dags/example_kubernetes_executor.py
[2024-10-26T07:25:31.264+0000] {processor.py:914} INFO - Processing file /home/airflow/.local/lib/python3.12/site-packages/airflow/example_dags/example_kubernetes_executor.py for tasks to queue
[2024-10-26T07:25:31.264+0000] {logging_mixin.py:190} INFO - [2024-10-26T07:25:31.264+0000] {dagbag.py:588} INFO - Filling up the DagBag from /home/airflow/.local/lib/python3.12/site-packages/airflow/example_dags/example_kubernetes_executor.py
[2024-10-26T07:25:31.282+0000] {processor.py:925} INFO - DAG(s) 'example_kubernetes_executor' retrieved from /home/airflow/.local/lib/python3.12/site-packages/airflow/example_dags/example_kubernetes_executor.py
[2024-10-26T07:25:31.312+0000] {logging_mixin.py:190} INFO - [2024-10-26T07:25:31.311+0000] {dag.py:3239} INFO - Sync 1 DAGs
[2024-10-26T07:25:31.325+0000] {logging_mixin.py:190} INFO - [2024-10-26T07:25:31.324+0000] {dag.py:4180} INFO - Setting next_dagrun for example_kubernetes_executor to None, run_after=None
[2024-10-26T07:25:31.346+0000] {processor.py:208} INFO - Processing /home/airflow/.local/lib/python3.12/site-packages/airflow/example_dags/example_kubernetes_executor.py took 0.087 seconds
[2024-10-26T07:26:02.108+0000] {processor.py:186} INFO - Started process (PID=87274) to work on /home/airflow/.local/lib/python3.12/site-packages/airflow/example_dags/example_kubernetes_executor.py
[2024-10-26T07:26:02.109+0000] {processor.py:914} INFO - Processing file /home/airflow/.local/lib/python3.12/site-packages/airflow/example_dags/example_kubernetes_executor.py for tasks to queue
[2024-10-26T07:26:02.110+0000] {logging_mixin.py:190} INFO - [2024-10-26T07:26:02.110+0000] {dagbag.py:588} INFO - Filling up the DagBag from /home/airflow/.local/lib/python3.12/site-packages/airflow/example_dags/example_kubernetes_executor.py
[2024-10-26T07:26:02.126+0000] {processor.py:925} INFO - DAG(s) 'example_kubernetes_executor' retrieved from /home/airflow/.local/lib/python3.12/site-packages/airflow/example_dags/example_kubernetes_executor.py
[2024-10-26T07:26:02.153+0000] {logging_mixin.py:190} INFO - [2024-10-26T07:26:02.153+0000] {dag.py:3239} INFO - Sync 1 DAGs
[2024-10-26T07:26:02.161+0000] {logging_mixin.py:190} INFO - [2024-10-26T07:26:02.161+0000] {dag.py:4180} INFO - Setting next_dagrun for example_kubernetes_executor to None, run_after=None
[2024-10-26T07:26:02.170+0000] {processor.py:208} INFO - Processing /home/airflow/.local/lib/python3.12/site-packages/airflow/example_dags/example_kubernetes_executor.py took 0.070 seconds
[2024-10-26T07:26:33.102+0000] {processor.py:186} INFO - Started process (PID=87565) to work on /home/airflow/.local/lib/python3.12/site-packages/airflow/example_dags/example_kubernetes_executor.py
[2024-10-26T07:26:33.102+0000] {processor.py:914} INFO - Processing file /home/airflow/.local/lib/python3.12/site-packages/airflow/example_dags/example_kubernetes_executor.py for tasks to queue
[2024-10-26T07:26:33.103+0000] {logging_mixin.py:190} INFO - [2024-10-26T07:26:33.102+0000] {dagbag.py:588} INFO - Filling up the DagBag from /home/airflow/.local/lib/python3.12/site-packages/airflow/example_dags/example_kubernetes_executor.py
[2024-10-26T07:26:33.111+0000] {processor.py:925} INFO - DAG(s) 'example_kubernetes_executor' retrieved from /home/airflow/.local/lib/python3.12/site-packages/airflow/example_dags/example_kubernetes_executor.py
[2024-10-26T07:26:33.128+0000] {logging_mixin.py:190} INFO - [2024-10-26T07:26:33.128+0000] {dag.py:3239} INFO - Sync 1 DAGs
[2024-10-26T07:26:33.136+0000] {logging_mixin.py:190} INFO - [2024-10-26T07:26:33.136+0000] {dag.py:4180} INFO - Setting next_dagrun for example_kubernetes_executor to None, run_after=None
[2024-10-26T07:26:33.143+0000] {processor.py:208} INFO - Processing /home/airflow/.local/lib/python3.12/site-packages/airflow/example_dags/example_kubernetes_executor.py took 0.044 seconds
[2024-10-26T07:27:03.332+0000] {processor.py:186} INFO - Started process (PID=87856) to work on /home/airflow/.local/lib/python3.12/site-packages/airflow/example_dags/example_kubernetes_executor.py
[2024-10-26T07:27:03.333+0000] {processor.py:914} INFO - Processing file /home/airflow/.local/lib/python3.12/site-packages/airflow/example_dags/example_kubernetes_executor.py for tasks to queue
[2024-10-26T07:27:03.334+0000] {logging_mixin.py:190} INFO - [2024-10-26T07:27:03.334+0000] {dagbag.py:588} INFO - Filling up the DagBag from /home/airflow/.local/lib/python3.12/site-packages/airflow/example_dags/example_kubernetes_executor.py
[2024-10-26T07:27:03.340+0000] {processor.py:925} INFO - DAG(s) 'example_kubernetes_executor' retrieved from /home/airflow/.local/lib/python3.12/site-packages/airflow/example_dags/example_kubernetes_executor.py
[2024-10-26T07:27:03.356+0000] {logging_mixin.py:190} INFO - [2024-10-26T07:27:03.356+0000] {dag.py:3239} INFO - Sync 1 DAGs
[2024-10-26T07:27:03.363+0000] {logging_mixin.py:190} INFO - [2024-10-26T07:27:03.363+0000] {dag.py:4180} INFO - Setting next_dagrun for example_kubernetes_executor to None, run_after=None
[2024-10-26T07:27:03.370+0000] {processor.py:208} INFO - Processing /home/airflow/.local/lib/python3.12/site-packages/airflow/example_dags/example_kubernetes_executor.py took 0.041 seconds
[2024-10-26T07:27:34.108+0000] {processor.py:186} INFO - Started process (PID=88147) to work on /home/airflow/.local/lib/python3.12/site-packages/airflow/example_dags/example_kubernetes_executor.py
[2024-10-26T07:27:34.110+0000] {processor.py:914} INFO - Processing file /home/airflow/.local/lib/python3.12/site-packages/airflow/example_dags/example_kubernetes_executor.py for tasks to queue
[2024-10-26T07:27:34.110+0000] {logging_mixin.py:190} INFO - [2024-10-26T07:27:34.110+0000] {dagbag.py:588} INFO - Filling up the DagBag from /home/airflow/.local/lib/python3.12/site-packages/airflow/example_dags/example_kubernetes_executor.py
[2024-10-26T07:27:34.119+0000] {processor.py:925} INFO - DAG(s) 'example_kubernetes_executor' retrieved from /home/airflow/.local/lib/python3.12/site-packages/airflow/example_dags/example_kubernetes_executor.py
[2024-10-26T07:27:34.140+0000] {logging_mixin.py:190} INFO - [2024-10-26T07:27:34.140+0000] {dag.py:3239} INFO - Sync 1 DAGs
[2024-10-26T07:27:34.147+0000] {logging_mixin.py:190} INFO - [2024-10-26T07:27:34.147+0000] {dag.py:4180} INFO - Setting next_dagrun for example_kubernetes_executor to None, run_after=None
[2024-10-26T07:27:34.159+0000] {processor.py:208} INFO - Processing /home/airflow/.local/lib/python3.12/site-packages/airflow/example_dags/example_kubernetes_executor.py took 0.054 seconds
