[2024-10-26T00:46:26.817+0000] {processor.py:186} INFO - Started process (PID=71009) to work on /home/airflow/.local/lib/python3.12/site-packages/airflow/example_dags/example_complex.py
[2024-10-26T00:46:26.818+0000] {processor.py:914} INFO - Processing file /home/airflow/.local/lib/python3.12/site-packages/airflow/example_dags/example_complex.py for tasks to queue
[2024-10-26T00:46:26.818+0000] {logging_mixin.py:190} INFO - [2024-10-26T00:46:26.818+0000] {dagbag.py:588} INFO - Filling up the DagBag from /home/airflow/.local/lib/python3.12/site-packages/airflow/example_dags/example_complex.py
[2024-10-26T00:46:26.826+0000] {processor.py:925} INFO - DAG(s) 'example_complex' retrieved from /home/airflow/.local/lib/python3.12/site-packages/airflow/example_dags/example_complex.py
[2024-10-26T00:46:26.850+0000] {logging_mixin.py:190} INFO - [2024-10-26T00:46:26.850+0000] {dag.py:3239} INFO - Sync 1 DAGs
[2024-10-26T00:46:26.858+0000] {logging_mixin.py:190} INFO - [2024-10-26T00:46:26.858+0000] {dag.py:4180} INFO - Setting next_dagrun for example_complex to None, run_after=None
[2024-10-26T00:46:26.868+0000] {processor.py:208} INFO - Processing /home/airflow/.local/lib/python3.12/site-packages/airflow/example_dags/example_complex.py took 0.055 seconds
[2024-10-26T01:37:10.448+0000] {processor.py:186} INFO - Started process (PID=71301) to work on /home/airflow/.local/lib/python3.12/site-packages/airflow/example_dags/example_complex.py
[2024-10-26T01:37:10.450+0000] {processor.py:914} INFO - Processing file /home/airflow/.local/lib/python3.12/site-packages/airflow/example_dags/example_complex.py for tasks to queue
[2024-10-26T01:37:10.450+0000] {logging_mixin.py:190} INFO - [2024-10-26T01:37:10.450+0000] {dagbag.py:588} INFO - Filling up the DagBag from /home/airflow/.local/lib/python3.12/site-packages/airflow/example_dags/example_complex.py
[2024-10-26T01:37:10.457+0000] {processor.py:925} INFO - DAG(s) 'example_complex' retrieved from /home/airflow/.local/lib/python3.12/site-packages/airflow/example_dags/example_complex.py
[2024-10-26T01:37:10.477+0000] {logging_mixin.py:190} INFO - [2024-10-26T01:37:10.477+0000] {dag.py:3239} INFO - Sync 1 DAGs
[2024-10-26T01:37:10.485+0000] {logging_mixin.py:190} INFO - [2024-10-26T01:37:10.485+0000] {dag.py:4180} INFO - Setting next_dagrun for example_complex to None, run_after=None
[2024-10-26T01:37:10.494+0000] {processor.py:208} INFO - Processing /home/airflow/.local/lib/python3.12/site-packages/airflow/example_dags/example_complex.py took 0.048 seconds
[2024-10-26T02:57:39.459+0000] {processor.py:186} INFO - Started process (PID=71592) to work on /home/airflow/.local/lib/python3.12/site-packages/airflow/example_dags/example_complex.py
[2024-10-26T02:57:39.460+0000] {processor.py:914} INFO - Processing file /home/airflow/.local/lib/python3.12/site-packages/airflow/example_dags/example_complex.py for tasks to queue
[2024-10-26T02:57:39.460+0000] {logging_mixin.py:190} INFO - [2024-10-26T02:57:39.460+0000] {dagbag.py:588} INFO - Filling up the DagBag from /home/airflow/.local/lib/python3.12/site-packages/airflow/example_dags/example_complex.py
[2024-10-26T02:57:39.469+0000] {processor.py:925} INFO - DAG(s) 'example_complex' retrieved from /home/airflow/.local/lib/python3.12/site-packages/airflow/example_dags/example_complex.py
[2024-10-26T02:57:39.488+0000] {logging_mixin.py:190} INFO - [2024-10-26T02:57:39.488+0000] {dag.py:3239} INFO - Sync 1 DAGs
[2024-10-26T02:57:39.497+0000] {logging_mixin.py:190} INFO - [2024-10-26T02:57:39.496+0000] {dag.py:4180} INFO - Setting next_dagrun for example_complex to None, run_after=None
[2024-10-26T02:57:39.506+0000] {processor.py:208} INFO - Processing /home/airflow/.local/lib/python3.12/site-packages/airflow/example_dags/example_complex.py took 0.050 seconds
[2024-10-26T04:18:36.660+0000] {processor.py:186} INFO - Started process (PID=71883) to work on /home/airflow/.local/lib/python3.12/site-packages/airflow/example_dags/example_complex.py
[2024-10-26T04:18:36.661+0000] {processor.py:914} INFO - Processing file /home/airflow/.local/lib/python3.12/site-packages/airflow/example_dags/example_complex.py for tasks to queue
[2024-10-26T04:18:36.662+0000] {logging_mixin.py:190} INFO - [2024-10-26T04:18:36.662+0000] {dagbag.py:588} INFO - Filling up the DagBag from /home/airflow/.local/lib/python3.12/site-packages/airflow/example_dags/example_complex.py
[2024-10-26T04:18:36.668+0000] {processor.py:925} INFO - DAG(s) 'example_complex' retrieved from /home/airflow/.local/lib/python3.12/site-packages/airflow/example_dags/example_complex.py
[2024-10-26T04:18:36.683+0000] {logging_mixin.py:190} INFO - [2024-10-26T04:18:36.683+0000] {dag.py:3239} INFO - Sync 1 DAGs
[2024-10-26T04:18:36.691+0000] {logging_mixin.py:190} INFO - [2024-10-26T04:18:36.691+0000] {dag.py:4180} INFO - Setting next_dagrun for example_complex to None, run_after=None
[2024-10-26T04:18:36.700+0000] {processor.py:208} INFO - Processing /home/airflow/.local/lib/python3.12/site-packages/airflow/example_dags/example_complex.py took 0.043 seconds
[2024-10-26T05:41:06.466+0000] {processor.py:186} INFO - Started process (PID=72174) to work on /home/airflow/.local/lib/python3.12/site-packages/airflow/example_dags/example_complex.py
[2024-10-26T05:41:06.466+0000] {processor.py:914} INFO - Processing file /home/airflow/.local/lib/python3.12/site-packages/airflow/example_dags/example_complex.py for tasks to queue
[2024-10-26T05:41:06.468+0000] {logging_mixin.py:190} INFO - [2024-10-26T05:41:06.467+0000] {dagbag.py:588} INFO - Filling up the DagBag from /home/airflow/.local/lib/python3.12/site-packages/airflow/example_dags/example_complex.py
[2024-10-26T05:41:06.477+0000] {processor.py:925} INFO - DAG(s) 'example_complex' retrieved from /home/airflow/.local/lib/python3.12/site-packages/airflow/example_dags/example_complex.py
[2024-10-26T05:41:06.493+0000] {logging_mixin.py:190} INFO - [2024-10-26T05:41:06.493+0000] {dag.py:3239} INFO - Sync 1 DAGs
[2024-10-26T05:41:06.503+0000] {logging_mixin.py:190} INFO - [2024-10-26T05:41:06.503+0000] {dag.py:4180} INFO - Setting next_dagrun for example_complex to None, run_after=None
[2024-10-26T05:41:06.516+0000] {processor.py:208} INFO - Processing /home/airflow/.local/lib/python3.12/site-packages/airflow/example_dags/example_complex.py took 0.054 seconds
[2024-10-26T06:59:46.828+0000] {processor.py:186} INFO - Started process (PID=72465) to work on /home/airflow/.local/lib/python3.12/site-packages/airflow/example_dags/example_complex.py
[2024-10-26T06:59:46.831+0000] {processor.py:914} INFO - Processing file /home/airflow/.local/lib/python3.12/site-packages/airflow/example_dags/example_complex.py for tasks to queue
[2024-10-26T06:59:46.831+0000] {logging_mixin.py:190} INFO - [2024-10-26T06:59:46.831+0000] {dagbag.py:588} INFO - Filling up the DagBag from /home/airflow/.local/lib/python3.12/site-packages/airflow/example_dags/example_complex.py
[2024-10-26T06:59:46.837+0000] {processor.py:925} INFO - DAG(s) 'example_complex' retrieved from /home/airflow/.local/lib/python3.12/site-packages/airflow/example_dags/example_complex.py
[2024-10-26T06:59:46.855+0000] {logging_mixin.py:190} INFO - [2024-10-26T06:59:46.855+0000] {dag.py:3239} INFO - Sync 1 DAGs
[2024-10-26T06:59:46.864+0000] {logging_mixin.py:190} INFO - [2024-10-26T06:59:46.864+0000] {dag.py:4180} INFO - Setting next_dagrun for example_complex to None, run_after=None
[2024-10-26T06:59:46.873+0000] {processor.py:208} INFO - Processing /home/airflow/.local/lib/python3.12/site-packages/airflow/example_dags/example_complex.py took 0.048 seconds
[2024-10-26T07:00:17.409+0000] {processor.py:186} INFO - Started process (PID=72756) to work on /home/airflow/.local/lib/python3.12/site-packages/airflow/example_dags/example_complex.py
[2024-10-26T07:00:17.410+0000] {processor.py:914} INFO - Processing file /home/airflow/.local/lib/python3.12/site-packages/airflow/example_dags/example_complex.py for tasks to queue
[2024-10-26T07:00:17.410+0000] {logging_mixin.py:190} INFO - [2024-10-26T07:00:17.410+0000] {dagbag.py:588} INFO - Filling up the DagBag from /home/airflow/.local/lib/python3.12/site-packages/airflow/example_dags/example_complex.py
[2024-10-26T07:00:17.417+0000] {processor.py:925} INFO - DAG(s) 'example_complex' retrieved from /home/airflow/.local/lib/python3.12/site-packages/airflow/example_dags/example_complex.py
[2024-10-26T07:00:17.431+0000] {logging_mixin.py:190} INFO - [2024-10-26T07:00:17.431+0000] {dag.py:3239} INFO - Sync 1 DAGs
[2024-10-26T07:00:17.439+0000] {logging_mixin.py:190} INFO - [2024-10-26T07:00:17.439+0000] {dag.py:4180} INFO - Setting next_dagrun for example_complex to None, run_after=None
[2024-10-26T07:00:17.449+0000] {processor.py:208} INFO - Processing /home/airflow/.local/lib/python3.12/site-packages/airflow/example_dags/example_complex.py took 0.043 seconds
[2024-10-26T07:00:47.993+0000] {processor.py:186} INFO - Started process (PID=73049) to work on /home/airflow/.local/lib/python3.12/site-packages/airflow/example_dags/example_complex.py
[2024-10-26T07:00:47.994+0000] {processor.py:914} INFO - Processing file /home/airflow/.local/lib/python3.12/site-packages/airflow/example_dags/example_complex.py for tasks to queue
[2024-10-26T07:00:47.995+0000] {logging_mixin.py:190} INFO - [2024-10-26T07:00:47.995+0000] {dagbag.py:588} INFO - Filling up the DagBag from /home/airflow/.local/lib/python3.12/site-packages/airflow/example_dags/example_complex.py
[2024-10-26T07:00:48.001+0000] {processor.py:925} INFO - DAG(s) 'example_complex' retrieved from /home/airflow/.local/lib/python3.12/site-packages/airflow/example_dags/example_complex.py
[2024-10-26T07:00:48.023+0000] {logging_mixin.py:190} INFO - [2024-10-26T07:00:48.022+0000] {dag.py:3239} INFO - Sync 1 DAGs
[2024-10-26T07:00:48.030+0000] {logging_mixin.py:190} INFO - [2024-10-26T07:00:48.030+0000] {dag.py:4180} INFO - Setting next_dagrun for example_complex to None, run_after=None
[2024-10-26T07:00:48.042+0000] {processor.py:208} INFO - Processing /home/airflow/.local/lib/python3.12/site-packages/airflow/example_dags/example_complex.py took 0.052 seconds
[2024-10-26T07:01:22.774+0000] {processor.py:186} INFO - Started process (PID=73338) to work on /home/airflow/.local/lib/python3.12/site-packages/airflow/example_dags/example_complex.py
[2024-10-26T07:01:22.776+0000] {processor.py:914} INFO - Processing file /home/airflow/.local/lib/python3.12/site-packages/airflow/example_dags/example_complex.py for tasks to queue
[2024-10-26T07:01:22.778+0000] {logging_mixin.py:190} INFO - [2024-10-26T07:01:22.778+0000] {dagbag.py:588} INFO - Filling up the DagBag from /home/airflow/.local/lib/python3.12/site-packages/airflow/example_dags/example_complex.py
[2024-10-26T07:01:22.802+0000] {processor.py:925} INFO - DAG(s) 'example_complex' retrieved from /home/airflow/.local/lib/python3.12/site-packages/airflow/example_dags/example_complex.py
[2024-10-26T07:01:22.914+0000] {logging_mixin.py:190} INFO - [2024-10-26T07:01:22.913+0000] {dag.py:3239} INFO - Sync 1 DAGs
[2024-10-26T07:01:22.958+0000] {logging_mixin.py:190} INFO - [2024-10-26T07:01:22.957+0000] {dag.py:4180} INFO - Setting next_dagrun for example_complex to None, run_after=None
[2024-10-26T07:01:23.023+0000] {processor.py:208} INFO - Processing /home/airflow/.local/lib/python3.12/site-packages/airflow/example_dags/example_complex.py took 0.261 seconds
[2024-10-26T07:01:53.651+0000] {processor.py:186} INFO - Started process (PID=73631) to work on /home/airflow/.local/lib/python3.12/site-packages/airflow/example_dags/example_complex.py
[2024-10-26T07:01:53.652+0000] {processor.py:914} INFO - Processing file /home/airflow/.local/lib/python3.12/site-packages/airflow/example_dags/example_complex.py for tasks to queue
[2024-10-26T07:01:53.653+0000] {logging_mixin.py:190} INFO - [2024-10-26T07:01:53.653+0000] {dagbag.py:588} INFO - Filling up the DagBag from /home/airflow/.local/lib/python3.12/site-packages/airflow/example_dags/example_complex.py
[2024-10-26T07:01:53.661+0000] {processor.py:925} INFO - DAG(s) 'example_complex' retrieved from /home/airflow/.local/lib/python3.12/site-packages/airflow/example_dags/example_complex.py
[2024-10-26T07:01:53.680+0000] {logging_mixin.py:190} INFO - [2024-10-26T07:01:53.679+0000] {dag.py:3239} INFO - Sync 1 DAGs
[2024-10-26T07:01:53.688+0000] {logging_mixin.py:190} INFO - [2024-10-26T07:01:53.688+0000] {dag.py:4180} INFO - Setting next_dagrun for example_complex to None, run_after=None
[2024-10-26T07:01:53.697+0000] {processor.py:208} INFO - Processing /home/airflow/.local/lib/python3.12/site-packages/airflow/example_dags/example_complex.py took 0.050 seconds
[2024-10-26T07:02:24.027+0000] {processor.py:186} INFO - Started process (PID=73922) to work on /home/airflow/.local/lib/python3.12/site-packages/airflow/example_dags/example_complex.py
[2024-10-26T07:02:24.029+0000] {processor.py:914} INFO - Processing file /home/airflow/.local/lib/python3.12/site-packages/airflow/example_dags/example_complex.py for tasks to queue
[2024-10-26T07:02:24.030+0000] {logging_mixin.py:190} INFO - [2024-10-26T07:02:24.030+0000] {dagbag.py:588} INFO - Filling up the DagBag from /home/airflow/.local/lib/python3.12/site-packages/airflow/example_dags/example_complex.py
[2024-10-26T07:02:24.037+0000] {processor.py:925} INFO - DAG(s) 'example_complex' retrieved from /home/airflow/.local/lib/python3.12/site-packages/airflow/example_dags/example_complex.py
[2024-10-26T07:02:24.053+0000] {logging_mixin.py:190} INFO - [2024-10-26T07:02:24.053+0000] {dag.py:3239} INFO - Sync 1 DAGs
[2024-10-26T07:02:24.061+0000] {logging_mixin.py:190} INFO - [2024-10-26T07:02:24.061+0000] {dag.py:4180} INFO - Setting next_dagrun for example_complex to None, run_after=None
[2024-10-26T07:02:24.071+0000] {processor.py:208} INFO - Processing /home/airflow/.local/lib/python3.12/site-packages/airflow/example_dags/example_complex.py took 0.047 seconds
[2024-10-26T07:02:54.730+0000] {processor.py:186} INFO - Started process (PID=74211) to work on /home/airflow/.local/lib/python3.12/site-packages/airflow/example_dags/example_complex.py
[2024-10-26T07:02:54.732+0000] {processor.py:914} INFO - Processing file /home/airflow/.local/lib/python3.12/site-packages/airflow/example_dags/example_complex.py for tasks to queue
[2024-10-26T07:02:54.733+0000] {logging_mixin.py:190} INFO - [2024-10-26T07:02:54.732+0000] {dagbag.py:588} INFO - Filling up the DagBag from /home/airflow/.local/lib/python3.12/site-packages/airflow/example_dags/example_complex.py
[2024-10-26T07:02:54.739+0000] {processor.py:925} INFO - DAG(s) 'example_complex' retrieved from /home/airflow/.local/lib/python3.12/site-packages/airflow/example_dags/example_complex.py
[2024-10-26T07:02:54.754+0000] {logging_mixin.py:190} INFO - [2024-10-26T07:02:54.753+0000] {dag.py:3239} INFO - Sync 1 DAGs
[2024-10-26T07:02:54.761+0000] {logging_mixin.py:190} INFO - [2024-10-26T07:02:54.761+0000] {dag.py:4180} INFO - Setting next_dagrun for example_complex to None, run_after=None
[2024-10-26T07:02:54.774+0000] {processor.py:208} INFO - Processing /home/airflow/.local/lib/python3.12/site-packages/airflow/example_dags/example_complex.py took 0.047 seconds
[2024-10-26T07:03:25.401+0000] {processor.py:186} INFO - Started process (PID=74504) to work on /home/airflow/.local/lib/python3.12/site-packages/airflow/example_dags/example_complex.py
[2024-10-26T07:03:25.401+0000] {processor.py:914} INFO - Processing file /home/airflow/.local/lib/python3.12/site-packages/airflow/example_dags/example_complex.py for tasks to queue
[2024-10-26T07:03:25.402+0000] {logging_mixin.py:190} INFO - [2024-10-26T07:03:25.402+0000] {dagbag.py:588} INFO - Filling up the DagBag from /home/airflow/.local/lib/python3.12/site-packages/airflow/example_dags/example_complex.py
[2024-10-26T07:03:25.408+0000] {processor.py:925} INFO - DAG(s) 'example_complex' retrieved from /home/airflow/.local/lib/python3.12/site-packages/airflow/example_dags/example_complex.py
[2024-10-26T07:03:25.422+0000] {logging_mixin.py:190} INFO - [2024-10-26T07:03:25.422+0000] {dag.py:3239} INFO - Sync 1 DAGs
[2024-10-26T07:03:25.429+0000] {logging_mixin.py:190} INFO - [2024-10-26T07:03:25.429+0000] {dag.py:4180} INFO - Setting next_dagrun for example_complex to None, run_after=None
[2024-10-26T07:03:25.437+0000] {processor.py:208} INFO - Processing /home/airflow/.local/lib/python3.12/site-packages/airflow/example_dags/example_complex.py took 0.040 seconds
[2024-10-26T07:03:56.214+0000] {processor.py:186} INFO - Started process (PID=74795) to work on /home/airflow/.local/lib/python3.12/site-packages/airflow/example_dags/example_complex.py
[2024-10-26T07:03:56.214+0000] {processor.py:914} INFO - Processing file /home/airflow/.local/lib/python3.12/site-packages/airflow/example_dags/example_complex.py for tasks to queue
[2024-10-26T07:03:56.215+0000] {logging_mixin.py:190} INFO - [2024-10-26T07:03:56.215+0000] {dagbag.py:588} INFO - Filling up the DagBag from /home/airflow/.local/lib/python3.12/site-packages/airflow/example_dags/example_complex.py
[2024-10-26T07:03:56.221+0000] {processor.py:925} INFO - DAG(s) 'example_complex' retrieved from /home/airflow/.local/lib/python3.12/site-packages/airflow/example_dags/example_complex.py
[2024-10-26T07:03:56.235+0000] {logging_mixin.py:190} INFO - [2024-10-26T07:03:56.235+0000] {dag.py:3239} INFO - Sync 1 DAGs
[2024-10-26T07:03:56.242+0000] {logging_mixin.py:190} INFO - [2024-10-26T07:03:56.242+0000] {dag.py:4180} INFO - Setting next_dagrun for example_complex to None, run_after=None
[2024-10-26T07:03:56.252+0000] {processor.py:208} INFO - Processing /home/airflow/.local/lib/python3.12/site-packages/airflow/example_dags/example_complex.py took 0.042 seconds
[2024-10-26T07:04:26.443+0000] {processor.py:186} INFO - Started process (PID=75083) to work on /home/airflow/.local/lib/python3.12/site-packages/airflow/example_dags/example_complex.py
[2024-10-26T07:04:26.443+0000] {processor.py:914} INFO - Processing file /home/airflow/.local/lib/python3.12/site-packages/airflow/example_dags/example_complex.py for tasks to queue
[2024-10-26T07:04:26.444+0000] {logging_mixin.py:190} INFO - [2024-10-26T07:04:26.444+0000] {dagbag.py:588} INFO - Filling up the DagBag from /home/airflow/.local/lib/python3.12/site-packages/airflow/example_dags/example_complex.py
[2024-10-26T07:04:26.450+0000] {processor.py:925} INFO - DAG(s) 'example_complex' retrieved from /home/airflow/.local/lib/python3.12/site-packages/airflow/example_dags/example_complex.py
[2024-10-26T07:04:26.473+0000] {logging_mixin.py:190} INFO - [2024-10-26T07:04:26.473+0000] {dag.py:3239} INFO - Sync 1 DAGs
[2024-10-26T07:04:26.482+0000] {logging_mixin.py:190} INFO - [2024-10-26T07:04:26.482+0000] {dag.py:4180} INFO - Setting next_dagrun for example_complex to None, run_after=None
[2024-10-26T07:04:26.497+0000] {processor.py:208} INFO - Processing /home/airflow/.local/lib/python3.12/site-packages/airflow/example_dags/example_complex.py took 0.057 seconds
[2024-10-26T07:04:56.809+0000] {processor.py:186} INFO - Started process (PID=75375) to work on /home/airflow/.local/lib/python3.12/site-packages/airflow/example_dags/example_complex.py
[2024-10-26T07:04:56.809+0000] {processor.py:914} INFO - Processing file /home/airflow/.local/lib/python3.12/site-packages/airflow/example_dags/example_complex.py for tasks to queue
[2024-10-26T07:04:56.810+0000] {logging_mixin.py:190} INFO - [2024-10-26T07:04:56.810+0000] {dagbag.py:588} INFO - Filling up the DagBag from /home/airflow/.local/lib/python3.12/site-packages/airflow/example_dags/example_complex.py
[2024-10-26T07:04:56.816+0000] {processor.py:925} INFO - DAG(s) 'example_complex' retrieved from /home/airflow/.local/lib/python3.12/site-packages/airflow/example_dags/example_complex.py
[2024-10-26T07:04:56.832+0000] {logging_mixin.py:190} INFO - [2024-10-26T07:04:56.832+0000] {dag.py:3239} INFO - Sync 1 DAGs
[2024-10-26T07:04:56.840+0000] {logging_mixin.py:190} INFO - [2024-10-26T07:04:56.840+0000] {dag.py:4180} INFO - Setting next_dagrun for example_complex to None, run_after=None
[2024-10-26T07:04:56.858+0000] {processor.py:208} INFO - Processing /home/airflow/.local/lib/python3.12/site-packages/airflow/example_dags/example_complex.py took 0.053 seconds
[2024-10-26T07:05:26.913+0000] {processor.py:186} INFO - Started process (PID=75670) to work on /home/airflow/.local/lib/python3.12/site-packages/airflow/example_dags/example_complex.py
[2024-10-26T07:05:26.914+0000] {processor.py:914} INFO - Processing file /home/airflow/.local/lib/python3.12/site-packages/airflow/example_dags/example_complex.py for tasks to queue
[2024-10-26T07:05:26.917+0000] {logging_mixin.py:190} INFO - [2024-10-26T07:05:26.916+0000] {dagbag.py:588} INFO - Filling up the DagBag from /home/airflow/.local/lib/python3.12/site-packages/airflow/example_dags/example_complex.py
[2024-10-26T07:05:26.923+0000] {processor.py:925} INFO - DAG(s) 'example_complex' retrieved from /home/airflow/.local/lib/python3.12/site-packages/airflow/example_dags/example_complex.py
[2024-10-26T07:05:26.942+0000] {logging_mixin.py:190} INFO - [2024-10-26T07:05:26.942+0000] {dag.py:3239} INFO - Sync 1 DAGs
[2024-10-26T07:05:26.953+0000] {logging_mixin.py:190} INFO - [2024-10-26T07:05:26.952+0000] {dag.py:4180} INFO - Setting next_dagrun for example_complex to None, run_after=None
[2024-10-26T07:05:26.966+0000] {processor.py:208} INFO - Processing /home/airflow/.local/lib/python3.12/site-packages/airflow/example_dags/example_complex.py took 0.056 seconds
[2024-10-26T07:05:57.550+0000] {processor.py:186} INFO - Started process (PID=75960) to work on /home/airflow/.local/lib/python3.12/site-packages/airflow/example_dags/example_complex.py
[2024-10-26T07:05:57.551+0000] {processor.py:914} INFO - Processing file /home/airflow/.local/lib/python3.12/site-packages/airflow/example_dags/example_complex.py for tasks to queue
[2024-10-26T07:05:57.551+0000] {logging_mixin.py:190} INFO - [2024-10-26T07:05:57.551+0000] {dagbag.py:588} INFO - Filling up the DagBag from /home/airflow/.local/lib/python3.12/site-packages/airflow/example_dags/example_complex.py
[2024-10-26T07:05:57.558+0000] {processor.py:925} INFO - DAG(s) 'example_complex' retrieved from /home/airflow/.local/lib/python3.12/site-packages/airflow/example_dags/example_complex.py
[2024-10-26T07:05:57.573+0000] {logging_mixin.py:190} INFO - [2024-10-26T07:05:57.573+0000] {dag.py:3239} INFO - Sync 1 DAGs
[2024-10-26T07:05:57.580+0000] {logging_mixin.py:190} INFO - [2024-10-26T07:05:57.579+0000] {dag.py:4180} INFO - Setting next_dagrun for example_complex to None, run_after=None
[2024-10-26T07:05:57.590+0000] {processor.py:208} INFO - Processing /home/airflow/.local/lib/python3.12/site-packages/airflow/example_dags/example_complex.py took 0.043 seconds
[2024-10-26T07:06:27.893+0000] {processor.py:186} INFO - Started process (PID=76251) to work on /home/airflow/.local/lib/python3.12/site-packages/airflow/example_dags/example_complex.py
[2024-10-26T07:06:27.895+0000] {processor.py:914} INFO - Processing file /home/airflow/.local/lib/python3.12/site-packages/airflow/example_dags/example_complex.py for tasks to queue
[2024-10-26T07:06:27.896+0000] {logging_mixin.py:190} INFO - [2024-10-26T07:06:27.896+0000] {dagbag.py:588} INFO - Filling up the DagBag from /home/airflow/.local/lib/python3.12/site-packages/airflow/example_dags/example_complex.py
[2024-10-26T07:06:27.903+0000] {processor.py:925} INFO - DAG(s) 'example_complex' retrieved from /home/airflow/.local/lib/python3.12/site-packages/airflow/example_dags/example_complex.py
[2024-10-26T07:06:27.919+0000] {logging_mixin.py:190} INFO - [2024-10-26T07:06:27.918+0000] {dag.py:3239} INFO - Sync 1 DAGs
[2024-10-26T07:06:27.927+0000] {logging_mixin.py:190} INFO - [2024-10-26T07:06:27.927+0000] {dag.py:4180} INFO - Setting next_dagrun for example_complex to None, run_after=None
[2024-10-26T07:06:27.936+0000] {processor.py:208} INFO - Processing /home/airflow/.local/lib/python3.12/site-packages/airflow/example_dags/example_complex.py took 0.046 seconds
[2024-10-26T07:06:58.182+0000] {processor.py:186} INFO - Started process (PID=76542) to work on /home/airflow/.local/lib/python3.12/site-packages/airflow/example_dags/example_complex.py
[2024-10-26T07:06:58.186+0000] {processor.py:914} INFO - Processing file /home/airflow/.local/lib/python3.12/site-packages/airflow/example_dags/example_complex.py for tasks to queue
[2024-10-26T07:06:58.186+0000] {logging_mixin.py:190} INFO - [2024-10-26T07:06:58.186+0000] {dagbag.py:588} INFO - Filling up the DagBag from /home/airflow/.local/lib/python3.12/site-packages/airflow/example_dags/example_complex.py
[2024-10-26T07:06:58.193+0000] {processor.py:925} INFO - DAG(s) 'example_complex' retrieved from /home/airflow/.local/lib/python3.12/site-packages/airflow/example_dags/example_complex.py
[2024-10-26T07:06:58.209+0000] {logging_mixin.py:190} INFO - [2024-10-26T07:06:58.209+0000] {dag.py:3239} INFO - Sync 1 DAGs
[2024-10-26T07:06:58.217+0000] {logging_mixin.py:190} INFO - [2024-10-26T07:06:58.217+0000] {dag.py:4180} INFO - Setting next_dagrun for example_complex to None, run_after=None
[2024-10-26T07:06:58.230+0000] {processor.py:208} INFO - Processing /home/airflow/.local/lib/python3.12/site-packages/airflow/example_dags/example_complex.py took 0.051 seconds
[2024-10-26T07:07:28.674+0000] {processor.py:186} INFO - Started process (PID=76833) to work on /home/airflow/.local/lib/python3.12/site-packages/airflow/example_dags/example_complex.py
[2024-10-26T07:07:28.677+0000] {processor.py:914} INFO - Processing file /home/airflow/.local/lib/python3.12/site-packages/airflow/example_dags/example_complex.py for tasks to queue
[2024-10-26T07:07:28.678+0000] {logging_mixin.py:190} INFO - [2024-10-26T07:07:28.678+0000] {dagbag.py:588} INFO - Filling up the DagBag from /home/airflow/.local/lib/python3.12/site-packages/airflow/example_dags/example_complex.py
[2024-10-26T07:07:28.685+0000] {processor.py:925} INFO - DAG(s) 'example_complex' retrieved from /home/airflow/.local/lib/python3.12/site-packages/airflow/example_dags/example_complex.py
[2024-10-26T07:07:28.701+0000] {logging_mixin.py:190} INFO - [2024-10-26T07:07:28.701+0000] {dag.py:3239} INFO - Sync 1 DAGs
[2024-10-26T07:07:28.708+0000] {logging_mixin.py:190} INFO - [2024-10-26T07:07:28.708+0000] {dag.py:4180} INFO - Setting next_dagrun for example_complex to None, run_after=None
[2024-10-26T07:07:28.719+0000] {processor.py:208} INFO - Processing /home/airflow/.local/lib/python3.12/site-packages/airflow/example_dags/example_complex.py took 0.050 seconds
[2024-10-26T07:07:59.875+0000] {processor.py:186} INFO - Started process (PID=77124) to work on /home/airflow/.local/lib/python3.12/site-packages/airflow/example_dags/example_complex.py
[2024-10-26T07:07:59.876+0000] {processor.py:914} INFO - Processing file /home/airflow/.local/lib/python3.12/site-packages/airflow/example_dags/example_complex.py for tasks to queue
[2024-10-26T07:07:59.877+0000] {logging_mixin.py:190} INFO - [2024-10-26T07:07:59.877+0000] {dagbag.py:588} INFO - Filling up the DagBag from /home/airflow/.local/lib/python3.12/site-packages/airflow/example_dags/example_complex.py
[2024-10-26T07:07:59.884+0000] {processor.py:925} INFO - DAG(s) 'example_complex' retrieved from /home/airflow/.local/lib/python3.12/site-packages/airflow/example_dags/example_complex.py
[2024-10-26T07:07:59.902+0000] {logging_mixin.py:190} INFO - [2024-10-26T07:07:59.902+0000] {dag.py:3239} INFO - Sync 1 DAGs
[2024-10-26T07:07:59.911+0000] {logging_mixin.py:190} INFO - [2024-10-26T07:07:59.910+0000] {dag.py:4180} INFO - Setting next_dagrun for example_complex to None, run_after=None
[2024-10-26T07:07:59.919+0000] {processor.py:208} INFO - Processing /home/airflow/.local/lib/python3.12/site-packages/airflow/example_dags/example_complex.py took 0.048 seconds
[2024-10-26T07:08:30.421+0000] {processor.py:186} INFO - Started process (PID=77415) to work on /home/airflow/.local/lib/python3.12/site-packages/airflow/example_dags/example_complex.py
[2024-10-26T07:08:30.421+0000] {processor.py:914} INFO - Processing file /home/airflow/.local/lib/python3.12/site-packages/airflow/example_dags/example_complex.py for tasks to queue
[2024-10-26T07:08:30.422+0000] {logging_mixin.py:190} INFO - [2024-10-26T07:08:30.422+0000] {dagbag.py:588} INFO - Filling up the DagBag from /home/airflow/.local/lib/python3.12/site-packages/airflow/example_dags/example_complex.py
[2024-10-26T07:08:30.429+0000] {processor.py:925} INFO - DAG(s) 'example_complex' retrieved from /home/airflow/.local/lib/python3.12/site-packages/airflow/example_dags/example_complex.py
[2024-10-26T07:08:30.444+0000] {logging_mixin.py:190} INFO - [2024-10-26T07:08:30.444+0000] {dag.py:3239} INFO - Sync 1 DAGs
[2024-10-26T07:08:30.452+0000] {logging_mixin.py:190} INFO - [2024-10-26T07:08:30.452+0000] {dag.py:4180} INFO - Setting next_dagrun for example_complex to None, run_after=None
[2024-10-26T07:08:30.465+0000] {processor.py:208} INFO - Processing /home/airflow/.local/lib/python3.12/site-packages/airflow/example_dags/example_complex.py took 0.047 seconds
[2024-10-26T07:09:01.424+0000] {processor.py:186} INFO - Started process (PID=77706) to work on /home/airflow/.local/lib/python3.12/site-packages/airflow/example_dags/example_complex.py
[2024-10-26T07:09:01.425+0000] {processor.py:914} INFO - Processing file /home/airflow/.local/lib/python3.12/site-packages/airflow/example_dags/example_complex.py for tasks to queue
[2024-10-26T07:09:01.426+0000] {logging_mixin.py:190} INFO - [2024-10-26T07:09:01.426+0000] {dagbag.py:588} INFO - Filling up the DagBag from /home/airflow/.local/lib/python3.12/site-packages/airflow/example_dags/example_complex.py
[2024-10-26T07:09:01.432+0000] {processor.py:925} INFO - DAG(s) 'example_complex' retrieved from /home/airflow/.local/lib/python3.12/site-packages/airflow/example_dags/example_complex.py
[2024-10-26T07:09:01.448+0000] {logging_mixin.py:190} INFO - [2024-10-26T07:09:01.448+0000] {dag.py:3239} INFO - Sync 1 DAGs
[2024-10-26T07:09:01.456+0000] {logging_mixin.py:190} INFO - [2024-10-26T07:09:01.456+0000] {dag.py:4180} INFO - Setting next_dagrun for example_complex to None, run_after=None
[2024-10-26T07:09:01.467+0000] {processor.py:208} INFO - Processing /home/airflow/.local/lib/python3.12/site-packages/airflow/example_dags/example_complex.py took 0.046 seconds
[2024-10-26T07:09:31.824+0000] {processor.py:186} INFO - Started process (PID=77997) to work on /home/airflow/.local/lib/python3.12/site-packages/airflow/example_dags/example_complex.py
[2024-10-26T07:09:31.826+0000] {processor.py:914} INFO - Processing file /home/airflow/.local/lib/python3.12/site-packages/airflow/example_dags/example_complex.py for tasks to queue
[2024-10-26T07:09:31.827+0000] {logging_mixin.py:190} INFO - [2024-10-26T07:09:31.827+0000] {dagbag.py:588} INFO - Filling up the DagBag from /home/airflow/.local/lib/python3.12/site-packages/airflow/example_dags/example_complex.py
[2024-10-26T07:09:31.834+0000] {processor.py:925} INFO - DAG(s) 'example_complex' retrieved from /home/airflow/.local/lib/python3.12/site-packages/airflow/example_dags/example_complex.py
[2024-10-26T07:09:31.850+0000] {logging_mixin.py:190} INFO - [2024-10-26T07:09:31.850+0000] {dag.py:3239} INFO - Sync 1 DAGs
[2024-10-26T07:09:31.858+0000] {logging_mixin.py:190} INFO - [2024-10-26T07:09:31.858+0000] {dag.py:4180} INFO - Setting next_dagrun for example_complex to None, run_after=None
[2024-10-26T07:09:31.869+0000] {processor.py:208} INFO - Processing /home/airflow/.local/lib/python3.12/site-packages/airflow/example_dags/example_complex.py took 0.048 seconds
[2024-10-26T07:10:03.029+0000] {processor.py:186} INFO - Started process (PID=78294) to work on /home/airflow/.local/lib/python3.12/site-packages/airflow/example_dags/example_complex.py
[2024-10-26T07:10:03.031+0000] {processor.py:914} INFO - Processing file /home/airflow/.local/lib/python3.12/site-packages/airflow/example_dags/example_complex.py for tasks to queue
[2024-10-26T07:10:03.032+0000] {logging_mixin.py:190} INFO - [2024-10-26T07:10:03.031+0000] {dagbag.py:588} INFO - Filling up the DagBag from /home/airflow/.local/lib/python3.12/site-packages/airflow/example_dags/example_complex.py
[2024-10-26T07:10:03.038+0000] {processor.py:925} INFO - DAG(s) 'example_complex' retrieved from /home/airflow/.local/lib/python3.12/site-packages/airflow/example_dags/example_complex.py
[2024-10-26T07:10:03.053+0000] {logging_mixin.py:190} INFO - [2024-10-26T07:10:03.053+0000] {dag.py:3239} INFO - Sync 1 DAGs
[2024-10-26T07:10:03.061+0000] {logging_mixin.py:190} INFO - [2024-10-26T07:10:03.061+0000] {dag.py:4180} INFO - Setting next_dagrun for example_complex to None, run_after=None
[2024-10-26T07:10:03.070+0000] {processor.py:208} INFO - Processing /home/airflow/.local/lib/python3.12/site-packages/airflow/example_dags/example_complex.py took 0.044 seconds
[2024-10-26T07:10:34.730+0000] {processor.py:186} INFO - Started process (PID=78585) to work on /home/airflow/.local/lib/python3.12/site-packages/airflow/example_dags/example_complex.py
[2024-10-26T07:10:34.737+0000] {processor.py:914} INFO - Processing file /home/airflow/.local/lib/python3.12/site-packages/airflow/example_dags/example_complex.py for tasks to queue
[2024-10-26T07:10:34.739+0000] {logging_mixin.py:190} INFO - [2024-10-26T07:10:34.739+0000] {dagbag.py:588} INFO - Filling up the DagBag from /home/airflow/.local/lib/python3.12/site-packages/airflow/example_dags/example_complex.py
[2024-10-26T07:10:34.759+0000] {processor.py:925} INFO - DAG(s) 'example_complex' retrieved from /home/airflow/.local/lib/python3.12/site-packages/airflow/example_dags/example_complex.py
[2024-10-26T07:10:34.784+0000] {logging_mixin.py:190} INFO - [2024-10-26T07:10:34.784+0000] {dag.py:3239} INFO - Sync 1 DAGs
[2024-10-26T07:10:34.798+0000] {logging_mixin.py:190} INFO - [2024-10-26T07:10:34.798+0000] {dag.py:4180} INFO - Setting next_dagrun for example_complex to None, run_after=None
[2024-10-26T07:10:34.811+0000] {processor.py:208} INFO - Processing /home/airflow/.local/lib/python3.12/site-packages/airflow/example_dags/example_complex.py took 0.085 seconds
[2024-10-26T07:11:06.394+0000] {processor.py:186} INFO - Started process (PID=78881) to work on /home/airflow/.local/lib/python3.12/site-packages/airflow/example_dags/example_complex.py
[2024-10-26T07:11:06.396+0000] {processor.py:914} INFO - Processing file /home/airflow/.local/lib/python3.12/site-packages/airflow/example_dags/example_complex.py for tasks to queue
[2024-10-26T07:11:06.397+0000] {logging_mixin.py:190} INFO - [2024-10-26T07:11:06.397+0000] {dagbag.py:588} INFO - Filling up the DagBag from /home/airflow/.local/lib/python3.12/site-packages/airflow/example_dags/example_complex.py
[2024-10-26T07:11:06.404+0000] {processor.py:925} INFO - DAG(s) 'example_complex' retrieved from /home/airflow/.local/lib/python3.12/site-packages/airflow/example_dags/example_complex.py
[2024-10-26T07:11:06.418+0000] {logging_mixin.py:190} INFO - [2024-10-26T07:11:06.418+0000] {dag.py:3239} INFO - Sync 1 DAGs
[2024-10-26T07:11:06.426+0000] {logging_mixin.py:190} INFO - [2024-10-26T07:11:06.426+0000] {dag.py:4180} INFO - Setting next_dagrun for example_complex to None, run_after=None
[2024-10-26T07:11:06.437+0000] {processor.py:208} INFO - Processing /home/airflow/.local/lib/python3.12/site-packages/airflow/example_dags/example_complex.py took 0.046 seconds
[2024-10-26T07:11:36.795+0000] {processor.py:186} INFO - Started process (PID=79172) to work on /home/airflow/.local/lib/python3.12/site-packages/airflow/example_dags/example_complex.py
[2024-10-26T07:11:36.800+0000] {processor.py:914} INFO - Processing file /home/airflow/.local/lib/python3.12/site-packages/airflow/example_dags/example_complex.py for tasks to queue
[2024-10-26T07:11:36.801+0000] {logging_mixin.py:190} INFO - [2024-10-26T07:11:36.801+0000] {dagbag.py:588} INFO - Filling up the DagBag from /home/airflow/.local/lib/python3.12/site-packages/airflow/example_dags/example_complex.py
[2024-10-26T07:11:36.809+0000] {processor.py:925} INFO - DAG(s) 'example_complex' retrieved from /home/airflow/.local/lib/python3.12/site-packages/airflow/example_dags/example_complex.py
[2024-10-26T07:11:36.834+0000] {logging_mixin.py:190} INFO - [2024-10-26T07:11:36.832+0000] {dag.py:3239} INFO - Sync 1 DAGs
[2024-10-26T07:11:36.844+0000] {logging_mixin.py:190} INFO - [2024-10-26T07:11:36.844+0000] {dag.py:4180} INFO - Setting next_dagrun for example_complex to None, run_after=None
[2024-10-26T07:11:36.853+0000] {processor.py:208} INFO - Processing /home/airflow/.local/lib/python3.12/site-packages/airflow/example_dags/example_complex.py took 0.061 seconds
[2024-10-26T07:12:07.982+0000] {processor.py:186} INFO - Started process (PID=79463) to work on /home/airflow/.local/lib/python3.12/site-packages/airflow/example_dags/example_complex.py
[2024-10-26T07:12:07.983+0000] {processor.py:914} INFO - Processing file /home/airflow/.local/lib/python3.12/site-packages/airflow/example_dags/example_complex.py for tasks to queue
[2024-10-26T07:12:07.984+0000] {logging_mixin.py:190} INFO - [2024-10-26T07:12:07.984+0000] {dagbag.py:588} INFO - Filling up the DagBag from /home/airflow/.local/lib/python3.12/site-packages/airflow/example_dags/example_complex.py
[2024-10-26T07:12:07.990+0000] {processor.py:925} INFO - DAG(s) 'example_complex' retrieved from /home/airflow/.local/lib/python3.12/site-packages/airflow/example_dags/example_complex.py
[2024-10-26T07:12:08.009+0000] {logging_mixin.py:190} INFO - [2024-10-26T07:12:08.009+0000] {dag.py:3239} INFO - Sync 1 DAGs
[2024-10-26T07:12:08.018+0000] {logging_mixin.py:190} INFO - [2024-10-26T07:12:08.017+0000] {dag.py:4180} INFO - Setting next_dagrun for example_complex to None, run_after=None
[2024-10-26T07:12:08.036+0000] {processor.py:208} INFO - Processing /home/airflow/.local/lib/python3.12/site-packages/airflow/example_dags/example_complex.py took 0.057 seconds
[2024-10-26T07:12:38.924+0000] {processor.py:186} INFO - Started process (PID=79754) to work on /home/airflow/.local/lib/python3.12/site-packages/airflow/example_dags/example_complex.py
[2024-10-26T07:12:38.924+0000] {processor.py:914} INFO - Processing file /home/airflow/.local/lib/python3.12/site-packages/airflow/example_dags/example_complex.py for tasks to queue
[2024-10-26T07:12:38.927+0000] {logging_mixin.py:190} INFO - [2024-10-26T07:12:38.927+0000] {dagbag.py:588} INFO - Filling up the DagBag from /home/airflow/.local/lib/python3.12/site-packages/airflow/example_dags/example_complex.py
[2024-10-26T07:12:38.934+0000] {processor.py:925} INFO - DAG(s) 'example_complex' retrieved from /home/airflow/.local/lib/python3.12/site-packages/airflow/example_dags/example_complex.py
[2024-10-26T07:12:38.957+0000] {logging_mixin.py:190} INFO - [2024-10-26T07:12:38.957+0000] {dag.py:3239} INFO - Sync 1 DAGs
[2024-10-26T07:12:38.966+0000] {logging_mixin.py:190} INFO - [2024-10-26T07:12:38.966+0000] {dag.py:4180} INFO - Setting next_dagrun for example_complex to None, run_after=None
[2024-10-26T07:12:38.981+0000] {processor.py:208} INFO - Processing /home/airflow/.local/lib/python3.12/site-packages/airflow/example_dags/example_complex.py took 0.060 seconds
[2024-10-26T07:13:09.643+0000] {processor.py:186} INFO - Started process (PID=80044) to work on /home/airflow/.local/lib/python3.12/site-packages/airflow/example_dags/example_complex.py
[2024-10-26T07:13:09.644+0000] {processor.py:914} INFO - Processing file /home/airflow/.local/lib/python3.12/site-packages/airflow/example_dags/example_complex.py for tasks to queue
[2024-10-26T07:13:09.647+0000] {logging_mixin.py:190} INFO - [2024-10-26T07:13:09.646+0000] {dagbag.py:588} INFO - Filling up the DagBag from /home/airflow/.local/lib/python3.12/site-packages/airflow/example_dags/example_complex.py
[2024-10-26T07:13:09.655+0000] {processor.py:925} INFO - DAG(s) 'example_complex' retrieved from /home/airflow/.local/lib/python3.12/site-packages/airflow/example_dags/example_complex.py
[2024-10-26T07:13:09.680+0000] {logging_mixin.py:190} INFO - [2024-10-26T07:13:09.680+0000] {dag.py:3239} INFO - Sync 1 DAGs
[2024-10-26T07:13:09.692+0000] {logging_mixin.py:190} INFO - [2024-10-26T07:13:09.692+0000] {dag.py:4180} INFO - Setting next_dagrun for example_complex to None, run_after=None
[2024-10-26T07:13:09.706+0000] {processor.py:208} INFO - Processing /home/airflow/.local/lib/python3.12/site-packages/airflow/example_dags/example_complex.py took 0.066 seconds
[2024-10-26T07:13:40.268+0000] {processor.py:186} INFO - Started process (PID=80335) to work on /home/airflow/.local/lib/python3.12/site-packages/airflow/example_dags/example_complex.py
[2024-10-26T07:13:40.269+0000] {processor.py:914} INFO - Processing file /home/airflow/.local/lib/python3.12/site-packages/airflow/example_dags/example_complex.py for tasks to queue
[2024-10-26T07:13:40.270+0000] {logging_mixin.py:190} INFO - [2024-10-26T07:13:40.270+0000] {dagbag.py:588} INFO - Filling up the DagBag from /home/airflow/.local/lib/python3.12/site-packages/airflow/example_dags/example_complex.py
[2024-10-26T07:13:40.277+0000] {processor.py:925} INFO - DAG(s) 'example_complex' retrieved from /home/airflow/.local/lib/python3.12/site-packages/airflow/example_dags/example_complex.py
[2024-10-26T07:13:40.294+0000] {logging_mixin.py:190} INFO - [2024-10-26T07:13:40.294+0000] {dag.py:3239} INFO - Sync 1 DAGs
[2024-10-26T07:13:40.301+0000] {logging_mixin.py:190} INFO - [2024-10-26T07:13:40.301+0000] {dag.py:4180} INFO - Setting next_dagrun for example_complex to None, run_after=None
[2024-10-26T07:13:40.317+0000] {processor.py:208} INFO - Processing /home/airflow/.local/lib/python3.12/site-packages/airflow/example_dags/example_complex.py took 0.052 seconds
[2024-10-26T07:14:12.421+0000] {processor.py:186} INFO - Started process (PID=80626) to work on /home/airflow/.local/lib/python3.12/site-packages/airflow/example_dags/example_complex.py
[2024-10-26T07:14:12.422+0000] {processor.py:914} INFO - Processing file /home/airflow/.local/lib/python3.12/site-packages/airflow/example_dags/example_complex.py for tasks to queue
[2024-10-26T07:14:12.423+0000] {logging_mixin.py:190} INFO - [2024-10-26T07:14:12.423+0000] {dagbag.py:588} INFO - Filling up the DagBag from /home/airflow/.local/lib/python3.12/site-packages/airflow/example_dags/example_complex.py
[2024-10-26T07:14:12.430+0000] {processor.py:925} INFO - DAG(s) 'example_complex' retrieved from /home/airflow/.local/lib/python3.12/site-packages/airflow/example_dags/example_complex.py
[2024-10-26T07:14:12.447+0000] {logging_mixin.py:190} INFO - [2024-10-26T07:14:12.447+0000] {dag.py:3239} INFO - Sync 1 DAGs
[2024-10-26T07:14:12.455+0000] {logging_mixin.py:190} INFO - [2024-10-26T07:14:12.454+0000] {dag.py:4180} INFO - Setting next_dagrun for example_complex to None, run_after=None
[2024-10-26T07:14:12.471+0000] {processor.py:208} INFO - Processing /home/airflow/.local/lib/python3.12/site-packages/airflow/example_dags/example_complex.py took 0.057 seconds
[2024-10-26T07:14:44.357+0000] {processor.py:186} INFO - Started process (PID=80917) to work on /home/airflow/.local/lib/python3.12/site-packages/airflow/example_dags/example_complex.py
[2024-10-26T07:14:44.358+0000] {processor.py:914} INFO - Processing file /home/airflow/.local/lib/python3.12/site-packages/airflow/example_dags/example_complex.py for tasks to queue
[2024-10-26T07:14:44.359+0000] {logging_mixin.py:190} INFO - [2024-10-26T07:14:44.359+0000] {dagbag.py:588} INFO - Filling up the DagBag from /home/airflow/.local/lib/python3.12/site-packages/airflow/example_dags/example_complex.py
[2024-10-26T07:14:44.365+0000] {processor.py:925} INFO - DAG(s) 'example_complex' retrieved from /home/airflow/.local/lib/python3.12/site-packages/airflow/example_dags/example_complex.py
[2024-10-26T07:14:44.513+0000] {logging_mixin.py:190} INFO - [2024-10-26T07:14:44.513+0000] {dag.py:3239} INFO - Sync 1 DAGs
[2024-10-26T07:14:44.521+0000] {logging_mixin.py:190} INFO - [2024-10-26T07:14:44.521+0000] {dag.py:4180} INFO - Setting next_dagrun for example_complex to None, run_after=None
[2024-10-26T07:14:44.532+0000] {processor.py:208} INFO - Processing /home/airflow/.local/lib/python3.12/site-packages/airflow/example_dags/example_complex.py took 0.179 seconds
[2024-10-26T07:15:15.266+0000] {processor.py:186} INFO - Started process (PID=81208) to work on /home/airflow/.local/lib/python3.12/site-packages/airflow/example_dags/example_complex.py
[2024-10-26T07:15:15.267+0000] {processor.py:914} INFO - Processing file /home/airflow/.local/lib/python3.12/site-packages/airflow/example_dags/example_complex.py for tasks to queue
[2024-10-26T07:15:15.270+0000] {logging_mixin.py:190} INFO - [2024-10-26T07:15:15.270+0000] {dagbag.py:588} INFO - Filling up the DagBag from /home/airflow/.local/lib/python3.12/site-packages/airflow/example_dags/example_complex.py
[2024-10-26T07:15:15.278+0000] {processor.py:925} INFO - DAG(s) 'example_complex' retrieved from /home/airflow/.local/lib/python3.12/site-packages/airflow/example_dags/example_complex.py
[2024-10-26T07:15:15.301+0000] {logging_mixin.py:190} INFO - [2024-10-26T07:15:15.301+0000] {dag.py:3239} INFO - Sync 1 DAGs
[2024-10-26T07:15:15.313+0000] {logging_mixin.py:190} INFO - [2024-10-26T07:15:15.312+0000] {dag.py:4180} INFO - Setting next_dagrun for example_complex to None, run_after=None
[2024-10-26T07:15:15.338+0000] {processor.py:208} INFO - Processing /home/airflow/.local/lib/python3.12/site-packages/airflow/example_dags/example_complex.py took 0.077 seconds
[2024-10-26T07:15:45.366+0000] {processor.py:186} INFO - Started process (PID=81499) to work on /home/airflow/.local/lib/python3.12/site-packages/airflow/example_dags/example_complex.py
[2024-10-26T07:15:45.367+0000] {processor.py:914} INFO - Processing file /home/airflow/.local/lib/python3.12/site-packages/airflow/example_dags/example_complex.py for tasks to queue
[2024-10-26T07:15:45.368+0000] {logging_mixin.py:190} INFO - [2024-10-26T07:15:45.368+0000] {dagbag.py:588} INFO - Filling up the DagBag from /home/airflow/.local/lib/python3.12/site-packages/airflow/example_dags/example_complex.py
[2024-10-26T07:15:45.374+0000] {processor.py:925} INFO - DAG(s) 'example_complex' retrieved from /home/airflow/.local/lib/python3.12/site-packages/airflow/example_dags/example_complex.py
[2024-10-26T07:15:45.390+0000] {logging_mixin.py:190} INFO - [2024-10-26T07:15:45.390+0000] {dag.py:3239} INFO - Sync 1 DAGs
[2024-10-26T07:15:45.399+0000] {logging_mixin.py:190} INFO - [2024-10-26T07:15:45.399+0000] {dag.py:4180} INFO - Setting next_dagrun for example_complex to None, run_after=None
[2024-10-26T07:15:45.412+0000] {processor.py:208} INFO - Processing /home/airflow/.local/lib/python3.12/site-packages/airflow/example_dags/example_complex.py took 0.049 seconds
[2024-10-26T07:16:16.534+0000] {processor.py:186} INFO - Started process (PID=81790) to work on /home/airflow/.local/lib/python3.12/site-packages/airflow/example_dags/example_complex.py
[2024-10-26T07:16:16.537+0000] {processor.py:914} INFO - Processing file /home/airflow/.local/lib/python3.12/site-packages/airflow/example_dags/example_complex.py for tasks to queue
[2024-10-26T07:16:16.539+0000] {logging_mixin.py:190} INFO - [2024-10-26T07:16:16.538+0000] {dagbag.py:588} INFO - Filling up the DagBag from /home/airflow/.local/lib/python3.12/site-packages/airflow/example_dags/example_complex.py
[2024-10-26T07:16:16.556+0000] {processor.py:925} INFO - DAG(s) 'example_complex' retrieved from /home/airflow/.local/lib/python3.12/site-packages/airflow/example_dags/example_complex.py
[2024-10-26T07:16:16.686+0000] {logging_mixin.py:190} INFO - [2024-10-26T07:16:16.685+0000] {dag.py:3239} INFO - Sync 1 DAGs
[2024-10-26T07:16:16.740+0000] {logging_mixin.py:190} INFO - [2024-10-26T07:16:16.739+0000] {dag.py:4180} INFO - Setting next_dagrun for example_complex to None, run_after=None
[2024-10-26T07:16:16.795+0000] {processor.py:208} INFO - Processing /home/airflow/.local/lib/python3.12/site-packages/airflow/example_dags/example_complex.py took 0.283 seconds
[2024-10-26T07:16:47.766+0000] {processor.py:186} INFO - Started process (PID=82083) to work on /home/airflow/.local/lib/python3.12/site-packages/airflow/example_dags/example_complex.py
[2024-10-26T07:16:47.767+0000] {processor.py:914} INFO - Processing file /home/airflow/.local/lib/python3.12/site-packages/airflow/example_dags/example_complex.py for tasks to queue
[2024-10-26T07:16:47.769+0000] {logging_mixin.py:190} INFO - [2024-10-26T07:16:47.768+0000] {dagbag.py:588} INFO - Filling up the DagBag from /home/airflow/.local/lib/python3.12/site-packages/airflow/example_dags/example_complex.py
[2024-10-26T07:16:47.780+0000] {processor.py:925} INFO - DAG(s) 'example_complex' retrieved from /home/airflow/.local/lib/python3.12/site-packages/airflow/example_dags/example_complex.py
[2024-10-26T07:16:47.810+0000] {logging_mixin.py:190} INFO - [2024-10-26T07:16:47.810+0000] {dag.py:3239} INFO - Sync 1 DAGs
[2024-10-26T07:16:47.819+0000] {logging_mixin.py:190} INFO - [2024-10-26T07:16:47.819+0000] {dag.py:4180} INFO - Setting next_dagrun for example_complex to None, run_after=None
[2024-10-26T07:16:47.834+0000] {processor.py:208} INFO - Processing /home/airflow/.local/lib/python3.12/site-packages/airflow/example_dags/example_complex.py took 0.074 seconds
[2024-10-26T07:17:18.648+0000] {processor.py:186} INFO - Started process (PID=82373) to work on /home/airflow/.local/lib/python3.12/site-packages/airflow/example_dags/example_complex.py
[2024-10-26T07:17:18.648+0000] {processor.py:914} INFO - Processing file /home/airflow/.local/lib/python3.12/site-packages/airflow/example_dags/example_complex.py for tasks to queue
[2024-10-26T07:17:18.649+0000] {logging_mixin.py:190} INFO - [2024-10-26T07:17:18.649+0000] {dagbag.py:588} INFO - Filling up the DagBag from /home/airflow/.local/lib/python3.12/site-packages/airflow/example_dags/example_complex.py
[2024-10-26T07:17:18.656+0000] {processor.py:925} INFO - DAG(s) 'example_complex' retrieved from /home/airflow/.local/lib/python3.12/site-packages/airflow/example_dags/example_complex.py
[2024-10-26T07:17:18.682+0000] {logging_mixin.py:190} INFO - [2024-10-26T07:17:18.682+0000] {dag.py:3239} INFO - Sync 1 DAGs
[2024-10-26T07:17:18.695+0000] {logging_mixin.py:190} INFO - [2024-10-26T07:17:18.695+0000] {dag.py:4180} INFO - Setting next_dagrun for example_complex to None, run_after=None
[2024-10-26T07:17:18.709+0000] {processor.py:208} INFO - Processing /home/airflow/.local/lib/python3.12/site-packages/airflow/example_dags/example_complex.py took 0.066 seconds
[2024-10-26T07:17:49.746+0000] {processor.py:186} INFO - Started process (PID=82664) to work on /home/airflow/.local/lib/python3.12/site-packages/airflow/example_dags/example_complex.py
[2024-10-26T07:17:49.750+0000] {processor.py:914} INFO - Processing file /home/airflow/.local/lib/python3.12/site-packages/airflow/example_dags/example_complex.py for tasks to queue
[2024-10-26T07:17:49.752+0000] {logging_mixin.py:190} INFO - [2024-10-26T07:17:49.752+0000] {dagbag.py:588} INFO - Filling up the DagBag from /home/airflow/.local/lib/python3.12/site-packages/airflow/example_dags/example_complex.py
[2024-10-26T07:17:49.771+0000] {processor.py:925} INFO - DAG(s) 'example_complex' retrieved from /home/airflow/.local/lib/python3.12/site-packages/airflow/example_dags/example_complex.py
[2024-10-26T07:17:49.793+0000] {logging_mixin.py:190} INFO - [2024-10-26T07:17:49.793+0000] {dag.py:3239} INFO - Sync 1 DAGs
[2024-10-26T07:17:49.804+0000] {logging_mixin.py:190} INFO - [2024-10-26T07:17:49.803+0000] {dag.py:4180} INFO - Setting next_dagrun for example_complex to None, run_after=None
[2024-10-26T07:17:49.818+0000] {processor.py:208} INFO - Processing /home/airflow/.local/lib/python3.12/site-packages/airflow/example_dags/example_complex.py took 0.087 seconds
[2024-10-26T07:18:20.063+0000] {processor.py:186} INFO - Started process (PID=82955) to work on /home/airflow/.local/lib/python3.12/site-packages/airflow/example_dags/example_complex.py
[2024-10-26T07:18:20.065+0000] {processor.py:914} INFO - Processing file /home/airflow/.local/lib/python3.12/site-packages/airflow/example_dags/example_complex.py for tasks to queue
[2024-10-26T07:18:20.066+0000] {logging_mixin.py:190} INFO - [2024-10-26T07:18:20.066+0000] {dagbag.py:588} INFO - Filling up the DagBag from /home/airflow/.local/lib/python3.12/site-packages/airflow/example_dags/example_complex.py
[2024-10-26T07:18:20.090+0000] {processor.py:925} INFO - DAG(s) 'example_complex' retrieved from /home/airflow/.local/lib/python3.12/site-packages/airflow/example_dags/example_complex.py
[2024-10-26T07:18:20.143+0000] {logging_mixin.py:190} INFO - [2024-10-26T07:18:20.143+0000] {dag.py:3239} INFO - Sync 1 DAGs
[2024-10-26T07:18:20.157+0000] {logging_mixin.py:190} INFO - [2024-10-26T07:18:20.157+0000] {dag.py:4180} INFO - Setting next_dagrun for example_complex to None, run_after=None
[2024-10-26T07:18:20.174+0000] {processor.py:208} INFO - Processing /home/airflow/.local/lib/python3.12/site-packages/airflow/example_dags/example_complex.py took 0.121 seconds
[2024-10-26T07:18:51.066+0000] {processor.py:186} INFO - Started process (PID=83246) to work on /home/airflow/.local/lib/python3.12/site-packages/airflow/example_dags/example_complex.py
[2024-10-26T07:18:51.075+0000] {processor.py:914} INFO - Processing file /home/airflow/.local/lib/python3.12/site-packages/airflow/example_dags/example_complex.py for tasks to queue
[2024-10-26T07:18:51.103+0000] {logging_mixin.py:190} INFO - [2024-10-26T07:18:51.098+0000] {dagbag.py:588} INFO - Filling up the DagBag from /home/airflow/.local/lib/python3.12/site-packages/airflow/example_dags/example_complex.py
[2024-10-26T07:18:51.158+0000] {processor.py:925} INFO - DAG(s) 'example_complex' retrieved from /home/airflow/.local/lib/python3.12/site-packages/airflow/example_dags/example_complex.py
[2024-10-26T07:18:51.256+0000] {logging_mixin.py:190} INFO - [2024-10-26T07:18:51.256+0000] {dag.py:3239} INFO - Sync 1 DAGs
[2024-10-26T07:18:51.285+0000] {logging_mixin.py:190} INFO - [2024-10-26T07:18:51.285+0000] {dag.py:4180} INFO - Setting next_dagrun for example_complex to None, run_after=None
[2024-10-26T07:18:51.307+0000] {processor.py:208} INFO - Processing /home/airflow/.local/lib/python3.12/site-packages/airflow/example_dags/example_complex.py took 0.261 seconds
[2024-10-26T07:19:21.425+0000] {processor.py:186} INFO - Started process (PID=83536) to work on /home/airflow/.local/lib/python3.12/site-packages/airflow/example_dags/example_complex.py
[2024-10-26T07:19:21.426+0000] {processor.py:914} INFO - Processing file /home/airflow/.local/lib/python3.12/site-packages/airflow/example_dags/example_complex.py for tasks to queue
[2024-10-26T07:19:21.428+0000] {logging_mixin.py:190} INFO - [2024-10-26T07:19:21.427+0000] {dagbag.py:588} INFO - Filling up the DagBag from /home/airflow/.local/lib/python3.12/site-packages/airflow/example_dags/example_complex.py
[2024-10-26T07:19:21.442+0000] {processor.py:925} INFO - DAG(s) 'example_complex' retrieved from /home/airflow/.local/lib/python3.12/site-packages/airflow/example_dags/example_complex.py
[2024-10-26T07:19:21.472+0000] {logging_mixin.py:190} INFO - [2024-10-26T07:19:21.472+0000] {dag.py:3239} INFO - Sync 1 DAGs
[2024-10-26T07:19:21.481+0000] {logging_mixin.py:190} INFO - [2024-10-26T07:19:21.481+0000] {dag.py:4180} INFO - Setting next_dagrun for example_complex to None, run_after=None
[2024-10-26T07:19:21.496+0000] {processor.py:208} INFO - Processing /home/airflow/.local/lib/python3.12/site-packages/airflow/example_dags/example_complex.py took 0.081 seconds
[2024-10-26T07:19:52.327+0000] {processor.py:186} INFO - Started process (PID=83827) to work on /home/airflow/.local/lib/python3.12/site-packages/airflow/example_dags/example_complex.py
[2024-10-26T07:19:52.329+0000] {processor.py:914} INFO - Processing file /home/airflow/.local/lib/python3.12/site-packages/airflow/example_dags/example_complex.py for tasks to queue
[2024-10-26T07:19:52.331+0000] {logging_mixin.py:190} INFO - [2024-10-26T07:19:52.331+0000] {dagbag.py:588} INFO - Filling up the DagBag from /home/airflow/.local/lib/python3.12/site-packages/airflow/example_dags/example_complex.py
[2024-10-26T07:19:52.346+0000] {processor.py:925} INFO - DAG(s) 'example_complex' retrieved from /home/airflow/.local/lib/python3.12/site-packages/airflow/example_dags/example_complex.py
[2024-10-26T07:19:52.387+0000] {logging_mixin.py:190} INFO - [2024-10-26T07:19:52.386+0000] {dag.py:3239} INFO - Sync 1 DAGs
[2024-10-26T07:19:52.398+0000] {logging_mixin.py:190} INFO - [2024-10-26T07:19:52.398+0000] {dag.py:4180} INFO - Setting next_dagrun for example_complex to None, run_after=None
[2024-10-26T07:19:52.412+0000] {processor.py:208} INFO - Processing /home/airflow/.local/lib/python3.12/site-packages/airflow/example_dags/example_complex.py took 0.091 seconds
[2024-10-26T07:20:22.545+0000] {processor.py:186} INFO - Started process (PID=84116) to work on /home/airflow/.local/lib/python3.12/site-packages/airflow/example_dags/example_complex.py
[2024-10-26T07:20:22.547+0000] {processor.py:914} INFO - Processing file /home/airflow/.local/lib/python3.12/site-packages/airflow/example_dags/example_complex.py for tasks to queue
[2024-10-26T07:20:22.553+0000] {logging_mixin.py:190} INFO - [2024-10-26T07:20:22.552+0000] {dagbag.py:588} INFO - Filling up the DagBag from /home/airflow/.local/lib/python3.12/site-packages/airflow/example_dags/example_complex.py
[2024-10-26T07:20:22.566+0000] {processor.py:925} INFO - DAG(s) 'example_complex' retrieved from /home/airflow/.local/lib/python3.12/site-packages/airflow/example_dags/example_complex.py
[2024-10-26T07:20:22.591+0000] {logging_mixin.py:190} INFO - [2024-10-26T07:20:22.591+0000] {dag.py:3239} INFO - Sync 1 DAGs
[2024-10-26T07:20:22.603+0000] {logging_mixin.py:190} INFO - [2024-10-26T07:20:22.602+0000] {dag.py:4180} INFO - Setting next_dagrun for example_complex to None, run_after=None
[2024-10-26T07:20:22.614+0000] {processor.py:208} INFO - Processing /home/airflow/.local/lib/python3.12/site-packages/airflow/example_dags/example_complex.py took 0.105 seconds
[2024-10-26T07:20:52.682+0000] {processor.py:186} INFO - Started process (PID=84409) to work on /home/airflow/.local/lib/python3.12/site-packages/airflow/example_dags/example_complex.py
[2024-10-26T07:20:52.682+0000] {processor.py:914} INFO - Processing file /home/airflow/.local/lib/python3.12/site-packages/airflow/example_dags/example_complex.py for tasks to queue
[2024-10-26T07:20:52.683+0000] {logging_mixin.py:190} INFO - [2024-10-26T07:20:52.683+0000] {dagbag.py:588} INFO - Filling up the DagBag from /home/airflow/.local/lib/python3.12/site-packages/airflow/example_dags/example_complex.py
[2024-10-26T07:20:52.688+0000] {processor.py:925} INFO - DAG(s) 'example_complex' retrieved from /home/airflow/.local/lib/python3.12/site-packages/airflow/example_dags/example_complex.py
[2024-10-26T07:20:52.703+0000] {logging_mixin.py:190} INFO - [2024-10-26T07:20:52.703+0000] {dag.py:3239} INFO - Sync 1 DAGs
[2024-10-26T07:20:52.711+0000] {logging_mixin.py:190} INFO - [2024-10-26T07:20:52.711+0000] {dag.py:4180} INFO - Setting next_dagrun for example_complex to None, run_after=None
[2024-10-26T07:20:52.719+0000] {processor.py:208} INFO - Processing /home/airflow/.local/lib/python3.12/site-packages/airflow/example_dags/example_complex.py took 0.040 seconds
[2024-10-26T07:21:23.337+0000] {processor.py:186} INFO - Started process (PID=84698) to work on /home/airflow/.local/lib/python3.12/site-packages/airflow/example_dags/example_complex.py
[2024-10-26T07:21:23.338+0000] {processor.py:914} INFO - Processing file /home/airflow/.local/lib/python3.12/site-packages/airflow/example_dags/example_complex.py for tasks to queue
[2024-10-26T07:21:23.339+0000] {logging_mixin.py:190} INFO - [2024-10-26T07:21:23.339+0000] {dagbag.py:588} INFO - Filling up the DagBag from /home/airflow/.local/lib/python3.12/site-packages/airflow/example_dags/example_complex.py
[2024-10-26T07:21:23.346+0000] {processor.py:925} INFO - DAG(s) 'example_complex' retrieved from /home/airflow/.local/lib/python3.12/site-packages/airflow/example_dags/example_complex.py
[2024-10-26T07:21:23.366+0000] {logging_mixin.py:190} INFO - [2024-10-26T07:21:23.365+0000] {dag.py:3239} INFO - Sync 1 DAGs
[2024-10-26T07:21:23.374+0000] {logging_mixin.py:190} INFO - [2024-10-26T07:21:23.374+0000] {dag.py:4180} INFO - Setting next_dagrun for example_complex to None, run_after=None
[2024-10-26T07:21:23.383+0000] {processor.py:208} INFO - Processing /home/airflow/.local/lib/python3.12/site-packages/airflow/example_dags/example_complex.py took 0.049 seconds
[2024-10-26T07:21:55.211+0000] {processor.py:186} INFO - Started process (PID=84989) to work on /home/airflow/.local/lib/python3.12/site-packages/airflow/example_dags/example_complex.py
[2024-10-26T07:21:55.213+0000] {processor.py:914} INFO - Processing file /home/airflow/.local/lib/python3.12/site-packages/airflow/example_dags/example_complex.py for tasks to queue
[2024-10-26T07:21:55.214+0000] {logging_mixin.py:190} INFO - [2024-10-26T07:21:55.213+0000] {dagbag.py:588} INFO - Filling up the DagBag from /home/airflow/.local/lib/python3.12/site-packages/airflow/example_dags/example_complex.py
[2024-10-26T07:21:55.219+0000] {processor.py:925} INFO - DAG(s) 'example_complex' retrieved from /home/airflow/.local/lib/python3.12/site-packages/airflow/example_dags/example_complex.py
[2024-10-26T07:21:55.235+0000] {logging_mixin.py:190} INFO - [2024-10-26T07:21:55.235+0000] {dag.py:3239} INFO - Sync 1 DAGs
[2024-10-26T07:21:55.242+0000] {logging_mixin.py:190} INFO - [2024-10-26T07:21:55.242+0000] {dag.py:4180} INFO - Setting next_dagrun for example_complex to None, run_after=None
[2024-10-26T07:21:55.256+0000] {processor.py:208} INFO - Processing /home/airflow/.local/lib/python3.12/site-packages/airflow/example_dags/example_complex.py took 0.048 seconds
[2024-10-26T07:22:26.192+0000] {processor.py:186} INFO - Started process (PID=85280) to work on /home/airflow/.local/lib/python3.12/site-packages/airflow/example_dags/example_complex.py
[2024-10-26T07:22:26.194+0000] {processor.py:914} INFO - Processing file /home/airflow/.local/lib/python3.12/site-packages/airflow/example_dags/example_complex.py for tasks to queue
[2024-10-26T07:22:26.194+0000] {logging_mixin.py:190} INFO - [2024-10-26T07:22:26.194+0000] {dagbag.py:588} INFO - Filling up the DagBag from /home/airflow/.local/lib/python3.12/site-packages/airflow/example_dags/example_complex.py
[2024-10-26T07:22:26.203+0000] {processor.py:925} INFO - DAG(s) 'example_complex' retrieved from /home/airflow/.local/lib/python3.12/site-packages/airflow/example_dags/example_complex.py
[2024-10-26T07:22:26.218+0000] {logging_mixin.py:190} INFO - [2024-10-26T07:22:26.218+0000] {dag.py:3239} INFO - Sync 1 DAGs
[2024-10-26T07:22:26.228+0000] {logging_mixin.py:190} INFO - [2024-10-26T07:22:26.227+0000] {dag.py:4180} INFO - Setting next_dagrun for example_complex to None, run_after=None
[2024-10-26T07:22:26.241+0000] {processor.py:208} INFO - Processing /home/airflow/.local/lib/python3.12/site-packages/airflow/example_dags/example_complex.py took 0.051 seconds
[2024-10-26T07:22:57.009+0000] {processor.py:186} INFO - Started process (PID=85571) to work on /home/airflow/.local/lib/python3.12/site-packages/airflow/example_dags/example_complex.py
[2024-10-26T07:22:57.010+0000] {processor.py:914} INFO - Processing file /home/airflow/.local/lib/python3.12/site-packages/airflow/example_dags/example_complex.py for tasks to queue
[2024-10-26T07:22:57.011+0000] {logging_mixin.py:190} INFO - [2024-10-26T07:22:57.011+0000] {dagbag.py:588} INFO - Filling up the DagBag from /home/airflow/.local/lib/python3.12/site-packages/airflow/example_dags/example_complex.py
[2024-10-26T07:22:57.018+0000] {processor.py:925} INFO - DAG(s) 'example_complex' retrieved from /home/airflow/.local/lib/python3.12/site-packages/airflow/example_dags/example_complex.py
[2024-10-26T07:22:57.033+0000] {logging_mixin.py:190} INFO - [2024-10-26T07:22:57.033+0000] {dag.py:3239} INFO - Sync 1 DAGs
[2024-10-26T07:22:57.040+0000] {logging_mixin.py:190} INFO - [2024-10-26T07:22:57.040+0000] {dag.py:4180} INFO - Setting next_dagrun for example_complex to None, run_after=None
[2024-10-26T07:22:57.049+0000] {processor.py:208} INFO - Processing /home/airflow/.local/lib/python3.12/site-packages/airflow/example_dags/example_complex.py took 0.043 seconds
[2024-10-26T07:23:27.760+0000] {processor.py:186} INFO - Started process (PID=85862) to work on /home/airflow/.local/lib/python3.12/site-packages/airflow/example_dags/example_complex.py
[2024-10-26T07:23:27.760+0000] {processor.py:914} INFO - Processing file /home/airflow/.local/lib/python3.12/site-packages/airflow/example_dags/example_complex.py for tasks to queue
[2024-10-26T07:23:27.761+0000] {logging_mixin.py:190} INFO - [2024-10-26T07:23:27.761+0000] {dagbag.py:588} INFO - Filling up the DagBag from /home/airflow/.local/lib/python3.12/site-packages/airflow/example_dags/example_complex.py
[2024-10-26T07:23:27.769+0000] {processor.py:925} INFO - DAG(s) 'example_complex' retrieved from /home/airflow/.local/lib/python3.12/site-packages/airflow/example_dags/example_complex.py
[2024-10-26T07:23:27.783+0000] {logging_mixin.py:190} INFO - [2024-10-26T07:23:27.783+0000] {dag.py:3239} INFO - Sync 1 DAGs
[2024-10-26T07:23:27.790+0000] {logging_mixin.py:190} INFO - [2024-10-26T07:23:27.790+0000] {dag.py:4180} INFO - Setting next_dagrun for example_complex to None, run_after=None
[2024-10-26T07:23:27.805+0000] {processor.py:208} INFO - Processing /home/airflow/.local/lib/python3.12/site-packages/airflow/example_dags/example_complex.py took 0.049 seconds
[2024-10-26T07:23:58.547+0000] {processor.py:186} INFO - Started process (PID=86153) to work on /home/airflow/.local/lib/python3.12/site-packages/airflow/example_dags/example_complex.py
[2024-10-26T07:23:58.548+0000] {processor.py:914} INFO - Processing file /home/airflow/.local/lib/python3.12/site-packages/airflow/example_dags/example_complex.py for tasks to queue
[2024-10-26T07:23:58.548+0000] {logging_mixin.py:190} INFO - [2024-10-26T07:23:58.548+0000] {dagbag.py:588} INFO - Filling up the DagBag from /home/airflow/.local/lib/python3.12/site-packages/airflow/example_dags/example_complex.py
[2024-10-26T07:23:58.555+0000] {processor.py:925} INFO - DAG(s) 'example_complex' retrieved from /home/airflow/.local/lib/python3.12/site-packages/airflow/example_dags/example_complex.py
[2024-10-26T07:23:58.572+0000] {logging_mixin.py:190} INFO - [2024-10-26T07:23:58.572+0000] {dag.py:3239} INFO - Sync 1 DAGs
[2024-10-26T07:23:58.581+0000] {logging_mixin.py:190} INFO - [2024-10-26T07:23:58.581+0000] {dag.py:4180} INFO - Setting next_dagrun for example_complex to None, run_after=None
[2024-10-26T07:23:58.592+0000] {processor.py:208} INFO - Processing /home/airflow/.local/lib/python3.12/site-packages/airflow/example_dags/example_complex.py took 0.048 seconds
[2024-10-26T07:24:29.575+0000] {processor.py:186} INFO - Started process (PID=86444) to work on /home/airflow/.local/lib/python3.12/site-packages/airflow/example_dags/example_complex.py
[2024-10-26T07:24:29.576+0000] {processor.py:914} INFO - Processing file /home/airflow/.local/lib/python3.12/site-packages/airflow/example_dags/example_complex.py for tasks to queue
[2024-10-26T07:24:29.578+0000] {logging_mixin.py:190} INFO - [2024-10-26T07:24:29.578+0000] {dagbag.py:588} INFO - Filling up the DagBag from /home/airflow/.local/lib/python3.12/site-packages/airflow/example_dags/example_complex.py
[2024-10-26T07:24:29.590+0000] {processor.py:925} INFO - DAG(s) 'example_complex' retrieved from /home/airflow/.local/lib/python3.12/site-packages/airflow/example_dags/example_complex.py
[2024-10-26T07:24:29.615+0000] {logging_mixin.py:190} INFO - [2024-10-26T07:24:29.615+0000] {dag.py:3239} INFO - Sync 1 DAGs
[2024-10-26T07:24:29.636+0000] {logging_mixin.py:190} INFO - [2024-10-26T07:24:29.635+0000] {dag.py:4180} INFO - Setting next_dagrun for example_complex to None, run_after=None
[2024-10-26T07:24:29.658+0000] {processor.py:208} INFO - Processing /home/airflow/.local/lib/python3.12/site-packages/airflow/example_dags/example_complex.py took 0.092 seconds
[2024-10-26T07:25:00.427+0000] {processor.py:186} INFO - Started process (PID=86735) to work on /home/airflow/.local/lib/python3.12/site-packages/airflow/example_dags/example_complex.py
[2024-10-26T07:25:00.428+0000] {processor.py:914} INFO - Processing file /home/airflow/.local/lib/python3.12/site-packages/airflow/example_dags/example_complex.py for tasks to queue
[2024-10-26T07:25:00.428+0000] {logging_mixin.py:190} INFO - [2024-10-26T07:25:00.428+0000] {dagbag.py:588} INFO - Filling up the DagBag from /home/airflow/.local/lib/python3.12/site-packages/airflow/example_dags/example_complex.py
[2024-10-26T07:25:00.434+0000] {processor.py:925} INFO - DAG(s) 'example_complex' retrieved from /home/airflow/.local/lib/python3.12/site-packages/airflow/example_dags/example_complex.py
[2024-10-26T07:25:00.450+0000] {logging_mixin.py:190} INFO - [2024-10-26T07:25:00.450+0000] {dag.py:3239} INFO - Sync 1 DAGs
[2024-10-26T07:25:00.457+0000] {logging_mixin.py:190} INFO - [2024-10-26T07:25:00.457+0000] {dag.py:4180} INFO - Setting next_dagrun for example_complex to None, run_after=None
[2024-10-26T07:25:00.467+0000] {processor.py:208} INFO - Processing /home/airflow/.local/lib/python3.12/site-packages/airflow/example_dags/example_complex.py took 0.043 seconds
[2024-10-26T07:25:31.988+0000] {processor.py:186} INFO - Started process (PID=87026) to work on /home/airflow/.local/lib/python3.12/site-packages/airflow/example_dags/example_complex.py
[2024-10-26T07:25:31.988+0000] {processor.py:914} INFO - Processing file /home/airflow/.local/lib/python3.12/site-packages/airflow/example_dags/example_complex.py for tasks to queue
[2024-10-26T07:25:31.989+0000] {logging_mixin.py:190} INFO - [2024-10-26T07:25:31.989+0000] {dagbag.py:588} INFO - Filling up the DagBag from /home/airflow/.local/lib/python3.12/site-packages/airflow/example_dags/example_complex.py
[2024-10-26T07:25:31.995+0000] {processor.py:925} INFO - DAG(s) 'example_complex' retrieved from /home/airflow/.local/lib/python3.12/site-packages/airflow/example_dags/example_complex.py
[2024-10-26T07:25:32.025+0000] {logging_mixin.py:190} INFO - [2024-10-26T07:25:32.025+0000] {dag.py:3239} INFO - Sync 1 DAGs
[2024-10-26T07:25:32.037+0000] {logging_mixin.py:190} INFO - [2024-10-26T07:25:32.037+0000] {dag.py:4180} INFO - Setting next_dagrun for example_complex to None, run_after=None
[2024-10-26T07:25:32.051+0000] {processor.py:208} INFO - Processing /home/airflow/.local/lib/python3.12/site-packages/airflow/example_dags/example_complex.py took 0.066 seconds
[2024-10-26T07:26:02.647+0000] {processor.py:186} INFO - Started process (PID=87317) to work on /home/airflow/.local/lib/python3.12/site-packages/airflow/example_dags/example_complex.py
[2024-10-26T07:26:02.648+0000] {processor.py:914} INFO - Processing file /home/airflow/.local/lib/python3.12/site-packages/airflow/example_dags/example_complex.py for tasks to queue
[2024-10-26T07:26:02.649+0000] {logging_mixin.py:190} INFO - [2024-10-26T07:26:02.648+0000] {dagbag.py:588} INFO - Filling up the DagBag from /home/airflow/.local/lib/python3.12/site-packages/airflow/example_dags/example_complex.py
[2024-10-26T07:26:02.657+0000] {processor.py:925} INFO - DAG(s) 'example_complex' retrieved from /home/airflow/.local/lib/python3.12/site-packages/airflow/example_dags/example_complex.py
[2024-10-26T07:26:02.677+0000] {logging_mixin.py:190} INFO - [2024-10-26T07:26:02.677+0000] {dag.py:3239} INFO - Sync 1 DAGs
[2024-10-26T07:26:02.688+0000] {logging_mixin.py:190} INFO - [2024-10-26T07:26:02.688+0000] {dag.py:4180} INFO - Setting next_dagrun for example_complex to None, run_after=None
[2024-10-26T07:26:02.700+0000] {processor.py:208} INFO - Processing /home/airflow/.local/lib/python3.12/site-packages/airflow/example_dags/example_complex.py took 0.058 seconds
[2024-10-26T07:26:33.393+0000] {processor.py:186} INFO - Started process (PID=87608) to work on /home/airflow/.local/lib/python3.12/site-packages/airflow/example_dags/example_complex.py
[2024-10-26T07:26:33.396+0000] {processor.py:914} INFO - Processing file /home/airflow/.local/lib/python3.12/site-packages/airflow/example_dags/example_complex.py for tasks to queue
[2024-10-26T07:26:33.398+0000] {logging_mixin.py:190} INFO - [2024-10-26T07:26:33.398+0000] {dagbag.py:588} INFO - Filling up the DagBag from /home/airflow/.local/lib/python3.12/site-packages/airflow/example_dags/example_complex.py
[2024-10-26T07:26:33.404+0000] {processor.py:925} INFO - DAG(s) 'example_complex' retrieved from /home/airflow/.local/lib/python3.12/site-packages/airflow/example_dags/example_complex.py
[2024-10-26T07:26:33.421+0000] {logging_mixin.py:190} INFO - [2024-10-26T07:26:33.421+0000] {dag.py:3239} INFO - Sync 1 DAGs
[2024-10-26T07:26:33.429+0000] {logging_mixin.py:190} INFO - [2024-10-26T07:26:33.429+0000] {dag.py:4180} INFO - Setting next_dagrun for example_complex to None, run_after=None
[2024-10-26T07:26:33.440+0000] {processor.py:208} INFO - Processing /home/airflow/.local/lib/python3.12/site-packages/airflow/example_dags/example_complex.py took 0.050 seconds
[2024-10-26T07:27:03.668+0000] {processor.py:186} INFO - Started process (PID=87899) to work on /home/airflow/.local/lib/python3.12/site-packages/airflow/example_dags/example_complex.py
[2024-10-26T07:27:03.669+0000] {processor.py:914} INFO - Processing file /home/airflow/.local/lib/python3.12/site-packages/airflow/example_dags/example_complex.py for tasks to queue
[2024-10-26T07:27:03.670+0000] {logging_mixin.py:190} INFO - [2024-10-26T07:27:03.670+0000] {dagbag.py:588} INFO - Filling up the DagBag from /home/airflow/.local/lib/python3.12/site-packages/airflow/example_dags/example_complex.py
[2024-10-26T07:27:03.676+0000] {processor.py:925} INFO - DAG(s) 'example_complex' retrieved from /home/airflow/.local/lib/python3.12/site-packages/airflow/example_dags/example_complex.py
[2024-10-26T07:27:03.690+0000] {logging_mixin.py:190} INFO - [2024-10-26T07:27:03.690+0000] {dag.py:3239} INFO - Sync 1 DAGs
[2024-10-26T07:27:03.697+0000] {logging_mixin.py:190} INFO - [2024-10-26T07:27:03.697+0000] {dag.py:4180} INFO - Setting next_dagrun for example_complex to None, run_after=None
[2024-10-26T07:27:03.706+0000] {processor.py:208} INFO - Processing /home/airflow/.local/lib/python3.12/site-packages/airflow/example_dags/example_complex.py took 0.041 seconds
[2024-10-26T07:27:34.418+0000] {processor.py:186} INFO - Started process (PID=88190) to work on /home/airflow/.local/lib/python3.12/site-packages/airflow/example_dags/example_complex.py
[2024-10-26T07:27:34.419+0000] {processor.py:914} INFO - Processing file /home/airflow/.local/lib/python3.12/site-packages/airflow/example_dags/example_complex.py for tasks to queue
[2024-10-26T07:27:34.421+0000] {logging_mixin.py:190} INFO - [2024-10-26T07:27:34.420+0000] {dagbag.py:588} INFO - Filling up the DagBag from /home/airflow/.local/lib/python3.12/site-packages/airflow/example_dags/example_complex.py
[2024-10-26T07:27:34.430+0000] {processor.py:925} INFO - DAG(s) 'example_complex' retrieved from /home/airflow/.local/lib/python3.12/site-packages/airflow/example_dags/example_complex.py
[2024-10-26T07:27:34.446+0000] {logging_mixin.py:190} INFO - [2024-10-26T07:27:34.446+0000] {dag.py:3239} INFO - Sync 1 DAGs
[2024-10-26T07:27:34.454+0000] {logging_mixin.py:190} INFO - [2024-10-26T07:27:34.454+0000] {dag.py:4180} INFO - Setting next_dagrun for example_complex to None, run_after=None
[2024-10-26T07:27:34.464+0000] {processor.py:208} INFO - Processing /home/airflow/.local/lib/python3.12/site-packages/airflow/example_dags/example_complex.py took 0.050 seconds
