[2024-10-26T00:46:25.302+0000] {processor.py:186} INFO - Started process (PID=70824) to work on /home/airflow/.local/lib/python3.12/site-packages/airflow/example_dags/example_params_ui_tutorial.py
[2024-10-26T00:46:25.306+0000] {processor.py:914} INFO - Processing file /home/airflow/.local/lib/python3.12/site-packages/airflow/example_dags/example_params_ui_tutorial.py for tasks to queue
[2024-10-26T00:46:25.307+0000] {logging_mixin.py:190} INFO - [2024-10-26T00:46:25.307+0000] {dagbag.py:588} INFO - Filling up the DagBag from /home/airflow/.local/lib/python3.12/site-packages/airflow/example_dags/example_params_ui_tutorial.py
[2024-10-26T00:46:25.314+0000] {processor.py:925} INFO - DAG(s) 'example_params_ui_tutorial' retrieved from /home/airflow/.local/lib/python3.12/site-packages/airflow/example_dags/example_params_ui_tutorial.py
[2024-10-26T00:46:25.396+0000] {logging_mixin.py:190} INFO - [2024-10-26T00:46:25.396+0000] {dag.py:3239} INFO - Sync 1 DAGs
[2024-10-26T00:46:25.402+0000] {logging_mixin.py:190} INFO - [2024-10-26T00:46:25.402+0000] {dag.py:4180} INFO - Setting next_dagrun for example_params_ui_tutorial to None, run_after=None
[2024-10-26T00:46:25.421+0000] {processor.py:208} INFO - Processing /home/airflow/.local/lib/python3.12/site-packages/airflow/example_dags/example_params_ui_tutorial.py took 0.122 seconds
[2024-10-26T01:37:08.755+0000] {processor.py:186} INFO - Started process (PID=71116) to work on /home/airflow/.local/lib/python3.12/site-packages/airflow/example_dags/example_params_ui_tutorial.py
[2024-10-26T01:37:08.756+0000] {processor.py:914} INFO - Processing file /home/airflow/.local/lib/python3.12/site-packages/airflow/example_dags/example_params_ui_tutorial.py for tasks to queue
[2024-10-26T01:37:08.757+0000] {logging_mixin.py:190} INFO - [2024-10-26T01:37:08.757+0000] {dagbag.py:588} INFO - Filling up the DagBag from /home/airflow/.local/lib/python3.12/site-packages/airflow/example_dags/example_params_ui_tutorial.py
[2024-10-26T01:37:08.762+0000] {processor.py:925} INFO - DAG(s) 'example_params_ui_tutorial' retrieved from /home/airflow/.local/lib/python3.12/site-packages/airflow/example_dags/example_params_ui_tutorial.py
[2024-10-26T01:37:08.783+0000] {logging_mixin.py:190} INFO - [2024-10-26T01:37:08.783+0000] {dag.py:3239} INFO - Sync 1 DAGs
[2024-10-26T01:37:08.994+0000] {logging_mixin.py:190} INFO - [2024-10-26T01:37:08.994+0000] {dag.py:4180} INFO - Setting next_dagrun for example_params_ui_tutorial to None, run_after=None
[2024-10-26T01:37:09.093+0000] {processor.py:208} INFO - Processing /home/airflow/.local/lib/python3.12/site-packages/airflow/example_dags/example_params_ui_tutorial.py took 0.342 seconds
[2024-10-26T02:57:38.065+0000] {processor.py:186} INFO - Started process (PID=71409) to work on /home/airflow/.local/lib/python3.12/site-packages/airflow/example_dags/example_params_ui_tutorial.py
[2024-10-26T02:57:38.065+0000] {processor.py:914} INFO - Processing file /home/airflow/.local/lib/python3.12/site-packages/airflow/example_dags/example_params_ui_tutorial.py for tasks to queue
[2024-10-26T02:57:38.066+0000] {logging_mixin.py:190} INFO - [2024-10-26T02:57:38.066+0000] {dagbag.py:588} INFO - Filling up the DagBag from /home/airflow/.local/lib/python3.12/site-packages/airflow/example_dags/example_params_ui_tutorial.py
[2024-10-26T02:57:38.071+0000] {processor.py:925} INFO - DAG(s) 'example_params_ui_tutorial' retrieved from /home/airflow/.local/lib/python3.12/site-packages/airflow/example_dags/example_params_ui_tutorial.py
[2024-10-26T02:57:38.097+0000] {logging_mixin.py:190} INFO - [2024-10-26T02:57:38.097+0000] {dag.py:3239} INFO - Sync 1 DAGs
[2024-10-26T02:57:38.106+0000] {logging_mixin.py:190} INFO - [2024-10-26T02:57:38.106+0000] {dag.py:4180} INFO - Setting next_dagrun for example_params_ui_tutorial to None, run_after=None
[2024-10-26T02:57:38.124+0000] {processor.py:208} INFO - Processing /home/airflow/.local/lib/python3.12/site-packages/airflow/example_dags/example_params_ui_tutorial.py took 0.063 seconds
[2024-10-26T04:18:35.296+0000] {processor.py:186} INFO - Started process (PID=71698) to work on /home/airflow/.local/lib/python3.12/site-packages/airflow/example_dags/example_params_ui_tutorial.py
[2024-10-26T04:18:35.297+0000] {processor.py:914} INFO - Processing file /home/airflow/.local/lib/python3.12/site-packages/airflow/example_dags/example_params_ui_tutorial.py for tasks to queue
[2024-10-26T04:18:35.298+0000] {logging_mixin.py:190} INFO - [2024-10-26T04:18:35.298+0000] {dagbag.py:588} INFO - Filling up the DagBag from /home/airflow/.local/lib/python3.12/site-packages/airflow/example_dags/example_params_ui_tutorial.py
[2024-10-26T04:18:35.303+0000] {processor.py:925} INFO - DAG(s) 'example_params_ui_tutorial' retrieved from /home/airflow/.local/lib/python3.12/site-packages/airflow/example_dags/example_params_ui_tutorial.py
[2024-10-26T04:18:35.323+0000] {logging_mixin.py:190} INFO - [2024-10-26T04:18:35.323+0000] {dag.py:3239} INFO - Sync 1 DAGs
[2024-10-26T04:18:35.330+0000] {logging_mixin.py:190} INFO - [2024-10-26T04:18:35.330+0000] {dag.py:4180} INFO - Setting next_dagrun for example_params_ui_tutorial to None, run_after=None
[2024-10-26T04:18:35.340+0000] {processor.py:208} INFO - Processing /home/airflow/.local/lib/python3.12/site-packages/airflow/example_dags/example_params_ui_tutorial.py took 0.047 seconds
[2024-10-26T05:41:05.083+0000] {processor.py:186} INFO - Started process (PID=71989) to work on /home/airflow/.local/lib/python3.12/site-packages/airflow/example_dags/example_params_ui_tutorial.py
[2024-10-26T05:41:05.084+0000] {processor.py:914} INFO - Processing file /home/airflow/.local/lib/python3.12/site-packages/airflow/example_dags/example_params_ui_tutorial.py for tasks to queue
[2024-10-26T05:41:05.086+0000] {logging_mixin.py:190} INFO - [2024-10-26T05:41:05.086+0000] {dagbag.py:588} INFO - Filling up the DagBag from /home/airflow/.local/lib/python3.12/site-packages/airflow/example_dags/example_params_ui_tutorial.py
[2024-10-26T05:41:05.093+0000] {processor.py:925} INFO - DAG(s) 'example_params_ui_tutorial' retrieved from /home/airflow/.local/lib/python3.12/site-packages/airflow/example_dags/example_params_ui_tutorial.py
[2024-10-26T05:41:05.113+0000] {logging_mixin.py:190} INFO - [2024-10-26T05:41:05.112+0000] {dag.py:3239} INFO - Sync 1 DAGs
[2024-10-26T05:41:05.120+0000] {logging_mixin.py:190} INFO - [2024-10-26T05:41:05.120+0000] {dag.py:4180} INFO - Setting next_dagrun for example_params_ui_tutorial to None, run_after=None
[2024-10-26T05:41:05.132+0000] {processor.py:208} INFO - Processing /home/airflow/.local/lib/python3.12/site-packages/airflow/example_dags/example_params_ui_tutorial.py took 0.053 seconds
[2024-10-26T06:59:45.370+0000] {processor.py:186} INFO - Started process (PID=72280) to work on /home/airflow/.local/lib/python3.12/site-packages/airflow/example_dags/example_params_ui_tutorial.py
[2024-10-26T06:59:45.371+0000] {processor.py:914} INFO - Processing file /home/airflow/.local/lib/python3.12/site-packages/airflow/example_dags/example_params_ui_tutorial.py for tasks to queue
[2024-10-26T06:59:45.372+0000] {logging_mixin.py:190} INFO - [2024-10-26T06:59:45.372+0000] {dagbag.py:588} INFO - Filling up the DagBag from /home/airflow/.local/lib/python3.12/site-packages/airflow/example_dags/example_params_ui_tutorial.py
[2024-10-26T06:59:45.377+0000] {processor.py:925} INFO - DAG(s) 'example_params_ui_tutorial' retrieved from /home/airflow/.local/lib/python3.12/site-packages/airflow/example_dags/example_params_ui_tutorial.py
[2024-10-26T06:59:45.403+0000] {logging_mixin.py:190} INFO - [2024-10-26T06:59:45.402+0000] {dag.py:3239} INFO - Sync 1 DAGs
[2024-10-26T06:59:45.411+0000] {logging_mixin.py:190} INFO - [2024-10-26T06:59:45.411+0000] {dag.py:4180} INFO - Setting next_dagrun for example_params_ui_tutorial to None, run_after=None
[2024-10-26T06:59:45.424+0000] {processor.py:208} INFO - Processing /home/airflow/.local/lib/python3.12/site-packages/airflow/example_dags/example_params_ui_tutorial.py took 0.057 seconds
[2024-10-26T07:00:16.067+0000] {processor.py:186} INFO - Started process (PID=72571) to work on /home/airflow/.local/lib/python3.12/site-packages/airflow/example_dags/example_params_ui_tutorial.py
[2024-10-26T07:00:16.068+0000] {processor.py:914} INFO - Processing file /home/airflow/.local/lib/python3.12/site-packages/airflow/example_dags/example_params_ui_tutorial.py for tasks to queue
[2024-10-26T07:00:16.069+0000] {logging_mixin.py:190} INFO - [2024-10-26T07:00:16.069+0000] {dagbag.py:588} INFO - Filling up the DagBag from /home/airflow/.local/lib/python3.12/site-packages/airflow/example_dags/example_params_ui_tutorial.py
[2024-10-26T07:00:16.073+0000] {processor.py:925} INFO - DAG(s) 'example_params_ui_tutorial' retrieved from /home/airflow/.local/lib/python3.12/site-packages/airflow/example_dags/example_params_ui_tutorial.py
[2024-10-26T07:00:16.093+0000] {logging_mixin.py:190} INFO - [2024-10-26T07:00:16.093+0000] {dag.py:3239} INFO - Sync 1 DAGs
[2024-10-26T07:00:16.099+0000] {logging_mixin.py:190} INFO - [2024-10-26T07:00:16.099+0000] {dag.py:4180} INFO - Setting next_dagrun for example_params_ui_tutorial to None, run_after=None
[2024-10-26T07:00:16.110+0000] {processor.py:208} INFO - Processing /home/airflow/.local/lib/python3.12/site-packages/airflow/example_dags/example_params_ui_tutorial.py took 0.046 seconds
[2024-10-26T07:00:46.598+0000] {processor.py:186} INFO - Started process (PID=72862) to work on /home/airflow/.local/lib/python3.12/site-packages/airflow/example_dags/example_params_ui_tutorial.py
[2024-10-26T07:00:46.599+0000] {processor.py:914} INFO - Processing file /home/airflow/.local/lib/python3.12/site-packages/airflow/example_dags/example_params_ui_tutorial.py for tasks to queue
[2024-10-26T07:00:46.599+0000] {logging_mixin.py:190} INFO - [2024-10-26T07:00:46.599+0000] {dagbag.py:588} INFO - Filling up the DagBag from /home/airflow/.local/lib/python3.12/site-packages/airflow/example_dags/example_params_ui_tutorial.py
[2024-10-26T07:00:46.605+0000] {processor.py:925} INFO - DAG(s) 'example_params_ui_tutorial' retrieved from /home/airflow/.local/lib/python3.12/site-packages/airflow/example_dags/example_params_ui_tutorial.py
[2024-10-26T07:00:46.633+0000] {logging_mixin.py:190} INFO - [2024-10-26T07:00:46.633+0000] {dag.py:3239} INFO - Sync 1 DAGs
[2024-10-26T07:00:46.642+0000] {logging_mixin.py:190} INFO - [2024-10-26T07:00:46.641+0000] {dag.py:4180} INFO - Setting next_dagrun for example_params_ui_tutorial to None, run_after=None
[2024-10-26T07:00:46.653+0000] {processor.py:208} INFO - Processing /home/airflow/.local/lib/python3.12/site-packages/airflow/example_dags/example_params_ui_tutorial.py took 0.059 seconds
[2024-10-26T07:01:17.588+0000] {processor.py:186} INFO - Started process (PID=73153) to work on /home/airflow/.local/lib/python3.12/site-packages/airflow/example_dags/example_params_ui_tutorial.py
[2024-10-26T07:01:17.589+0000] {processor.py:914} INFO - Processing file /home/airflow/.local/lib/python3.12/site-packages/airflow/example_dags/example_params_ui_tutorial.py for tasks to queue
[2024-10-26T07:01:17.590+0000] {logging_mixin.py:190} INFO - [2024-10-26T07:01:17.589+0000] {dagbag.py:588} INFO - Filling up the DagBag from /home/airflow/.local/lib/python3.12/site-packages/airflow/example_dags/example_params_ui_tutorial.py
[2024-10-26T07:01:17.597+0000] {processor.py:925} INFO - DAG(s) 'example_params_ui_tutorial' retrieved from /home/airflow/.local/lib/python3.12/site-packages/airflow/example_dags/example_params_ui_tutorial.py
[2024-10-26T07:01:17.651+0000] {logging_mixin.py:190} INFO - [2024-10-26T07:01:17.651+0000] {dag.py:3239} INFO - Sync 1 DAGs
[2024-10-26T07:01:17.674+0000] {logging_mixin.py:190} INFO - [2024-10-26T07:01:17.673+0000] {dag.py:4180} INFO - Setting next_dagrun for example_params_ui_tutorial to None, run_after=None
[2024-10-26T07:01:17.711+0000] {processor.py:208} INFO - Processing /home/airflow/.local/lib/python3.12/site-packages/airflow/example_dags/example_params_ui_tutorial.py took 0.127 seconds
[2024-10-26T07:01:49.392+0000] {processor.py:186} INFO - Started process (PID=73444) to work on /home/airflow/.local/lib/python3.12/site-packages/airflow/example_dags/example_params_ui_tutorial.py
[2024-10-26T07:01:49.393+0000] {processor.py:914} INFO - Processing file /home/airflow/.local/lib/python3.12/site-packages/airflow/example_dags/example_params_ui_tutorial.py for tasks to queue
[2024-10-26T07:01:49.396+0000] {logging_mixin.py:190} INFO - [2024-10-26T07:01:49.395+0000] {dagbag.py:588} INFO - Filling up the DagBag from /home/airflow/.local/lib/python3.12/site-packages/airflow/example_dags/example_params_ui_tutorial.py
[2024-10-26T07:01:49.416+0000] {processor.py:925} INFO - DAG(s) 'example_params_ui_tutorial' retrieved from /home/airflow/.local/lib/python3.12/site-packages/airflow/example_dags/example_params_ui_tutorial.py
[2024-10-26T07:01:49.484+0000] {logging_mixin.py:190} INFO - [2024-10-26T07:01:49.483+0000] {dag.py:3239} INFO - Sync 1 DAGs
[2024-10-26T07:01:49.497+0000] {logging_mixin.py:190} INFO - [2024-10-26T07:01:49.497+0000] {dag.py:4180} INFO - Setting next_dagrun for example_params_ui_tutorial to None, run_after=None
[2024-10-26T07:01:49.521+0000] {processor.py:208} INFO - Processing /home/airflow/.local/lib/python3.12/site-packages/airflow/example_dags/example_params_ui_tutorial.py took 0.139 seconds
[2024-10-26T07:02:19.888+0000] {processor.py:186} INFO - Started process (PID=73735) to work on /home/airflow/.local/lib/python3.12/site-packages/airflow/example_dags/example_params_ui_tutorial.py
[2024-10-26T07:02:19.890+0000] {processor.py:914} INFO - Processing file /home/airflow/.local/lib/python3.12/site-packages/airflow/example_dags/example_params_ui_tutorial.py for tasks to queue
[2024-10-26T07:02:19.891+0000] {logging_mixin.py:190} INFO - [2024-10-26T07:02:19.890+0000] {dagbag.py:588} INFO - Filling up the DagBag from /home/airflow/.local/lib/python3.12/site-packages/airflow/example_dags/example_params_ui_tutorial.py
[2024-10-26T07:02:19.899+0000] {processor.py:925} INFO - DAG(s) 'example_params_ui_tutorial' retrieved from /home/airflow/.local/lib/python3.12/site-packages/airflow/example_dags/example_params_ui_tutorial.py
[2024-10-26T07:02:19.950+0000] {logging_mixin.py:190} INFO - [2024-10-26T07:02:19.949+0000] {dag.py:3239} INFO - Sync 1 DAGs
[2024-10-26T07:02:19.976+0000] {logging_mixin.py:190} INFO - [2024-10-26T07:02:19.976+0000] {dag.py:4180} INFO - Setting next_dagrun for example_params_ui_tutorial to None, run_after=None
[2024-10-26T07:02:19.998+0000] {processor.py:208} INFO - Processing /home/airflow/.local/lib/python3.12/site-packages/airflow/example_dags/example_params_ui_tutorial.py took 0.120 seconds
[2024-10-26T07:02:50.050+0000] {processor.py:186} INFO - Started process (PID=74021) to work on /home/airflow/.local/lib/python3.12/site-packages/airflow/example_dags/example_params_ui_tutorial.py
[2024-10-26T07:02:50.054+0000] {processor.py:914} INFO - Processing file /home/airflow/.local/lib/python3.12/site-packages/airflow/example_dags/example_params_ui_tutorial.py for tasks to queue
[2024-10-26T07:02:50.057+0000] {logging_mixin.py:190} INFO - [2024-10-26T07:02:50.056+0000] {dagbag.py:588} INFO - Filling up the DagBag from /home/airflow/.local/lib/python3.12/site-packages/airflow/example_dags/example_params_ui_tutorial.py
[2024-10-26T07:02:50.068+0000] {processor.py:925} INFO - DAG(s) 'example_params_ui_tutorial' retrieved from /home/airflow/.local/lib/python3.12/site-packages/airflow/example_dags/example_params_ui_tutorial.py
[2024-10-26T07:02:50.099+0000] {logging_mixin.py:190} INFO - [2024-10-26T07:02:50.099+0000] {dag.py:3239} INFO - Sync 1 DAGs
[2024-10-26T07:02:50.109+0000] {logging_mixin.py:190} INFO - [2024-10-26T07:02:50.108+0000] {dag.py:4180} INFO - Setting next_dagrun for example_params_ui_tutorial to None, run_after=None
[2024-10-26T07:02:50.117+0000] {processor.py:208} INFO - Processing /home/airflow/.local/lib/python3.12/site-packages/airflow/example_dags/example_params_ui_tutorial.py took 0.073 seconds
[2024-10-26T07:03:21.128+0000] {processor.py:186} INFO - Started process (PID=74317) to work on /home/airflow/.local/lib/python3.12/site-packages/airflow/example_dags/example_params_ui_tutorial.py
[2024-10-26T07:03:21.133+0000] {processor.py:914} INFO - Processing file /home/airflow/.local/lib/python3.12/site-packages/airflow/example_dags/example_params_ui_tutorial.py for tasks to queue
[2024-10-26T07:03:21.148+0000] {logging_mixin.py:190} INFO - [2024-10-26T07:03:21.137+0000] {dagbag.py:588} INFO - Filling up the DagBag from /home/airflow/.local/lib/python3.12/site-packages/airflow/example_dags/example_params_ui_tutorial.py
[2024-10-26T07:03:21.270+0000] {processor.py:925} INFO - DAG(s) 'example_params_ui_tutorial' retrieved from /home/airflow/.local/lib/python3.12/site-packages/airflow/example_dags/example_params_ui_tutorial.py
[2024-10-26T07:03:21.351+0000] {logging_mixin.py:190} INFO - [2024-10-26T07:03:21.350+0000] {dag.py:3239} INFO - Sync 1 DAGs
[2024-10-26T07:03:21.367+0000] {logging_mixin.py:190} INFO - [2024-10-26T07:03:21.366+0000] {dag.py:4180} INFO - Setting next_dagrun for example_params_ui_tutorial to None, run_after=None
[2024-10-26T07:03:21.393+0000] {processor.py:208} INFO - Processing /home/airflow/.local/lib/python3.12/site-packages/airflow/example_dags/example_params_ui_tutorial.py took 0.281 seconds
[2024-10-26T07:03:51.962+0000] {processor.py:186} INFO - Started process (PID=74610) to work on /home/airflow/.local/lib/python3.12/site-packages/airflow/example_dags/example_params_ui_tutorial.py
[2024-10-26T07:03:51.965+0000] {processor.py:914} INFO - Processing file /home/airflow/.local/lib/python3.12/site-packages/airflow/example_dags/example_params_ui_tutorial.py for tasks to queue
[2024-10-26T07:03:51.970+0000] {logging_mixin.py:190} INFO - [2024-10-26T07:03:51.969+0000] {dagbag.py:588} INFO - Filling up the DagBag from /home/airflow/.local/lib/python3.12/site-packages/airflow/example_dags/example_params_ui_tutorial.py
[2024-10-26T07:03:51.984+0000] {processor.py:925} INFO - DAG(s) 'example_params_ui_tutorial' retrieved from /home/airflow/.local/lib/python3.12/site-packages/airflow/example_dags/example_params_ui_tutorial.py
[2024-10-26T07:03:52.028+0000] {logging_mixin.py:190} INFO - [2024-10-26T07:03:52.027+0000] {dag.py:3239} INFO - Sync 1 DAGs
[2024-10-26T07:03:52.038+0000] {logging_mixin.py:190} INFO - [2024-10-26T07:03:52.038+0000] {dag.py:4180} INFO - Setting next_dagrun for example_params_ui_tutorial to None, run_after=None
[2024-10-26T07:03:52.061+0000] {processor.py:208} INFO - Processing /home/airflow/.local/lib/python3.12/site-packages/airflow/example_dags/example_params_ui_tutorial.py took 0.118 seconds
[2024-10-26T07:04:22.680+0000] {processor.py:186} INFO - Started process (PID=74898) to work on /home/airflow/.local/lib/python3.12/site-packages/airflow/example_dags/example_params_ui_tutorial.py
[2024-10-26T07:04:22.681+0000] {processor.py:914} INFO - Processing file /home/airflow/.local/lib/python3.12/site-packages/airflow/example_dags/example_params_ui_tutorial.py for tasks to queue
[2024-10-26T07:04:22.682+0000] {logging_mixin.py:190} INFO - [2024-10-26T07:04:22.682+0000] {dagbag.py:588} INFO - Filling up the DagBag from /home/airflow/.local/lib/python3.12/site-packages/airflow/example_dags/example_params_ui_tutorial.py
[2024-10-26T07:04:22.693+0000] {processor.py:925} INFO - DAG(s) 'example_params_ui_tutorial' retrieved from /home/airflow/.local/lib/python3.12/site-packages/airflow/example_dags/example_params_ui_tutorial.py
[2024-10-26T07:04:22.737+0000] {logging_mixin.py:190} INFO - [2024-10-26T07:04:22.737+0000] {dag.py:3239} INFO - Sync 1 DAGs
[2024-10-26T07:04:22.754+0000] {logging_mixin.py:190} INFO - [2024-10-26T07:04:22.753+0000] {dag.py:4180} INFO - Setting next_dagrun for example_params_ui_tutorial to None, run_after=None
[2024-10-26T07:04:22.770+0000] {processor.py:208} INFO - Processing /home/airflow/.local/lib/python3.12/site-packages/airflow/example_dags/example_params_ui_tutorial.py took 0.104 seconds
[2024-10-26T07:04:52.918+0000] {processor.py:186} INFO - Started process (PID=75186) to work on /home/airflow/.local/lib/python3.12/site-packages/airflow/example_dags/example_params_ui_tutorial.py
[2024-10-26T07:04:52.919+0000] {processor.py:914} INFO - Processing file /home/airflow/.local/lib/python3.12/site-packages/airflow/example_dags/example_params_ui_tutorial.py for tasks to queue
[2024-10-26T07:04:52.920+0000] {logging_mixin.py:190} INFO - [2024-10-26T07:04:52.920+0000] {dagbag.py:588} INFO - Filling up the DagBag from /home/airflow/.local/lib/python3.12/site-packages/airflow/example_dags/example_params_ui_tutorial.py
[2024-10-26T07:04:52.924+0000] {processor.py:925} INFO - DAG(s) 'example_params_ui_tutorial' retrieved from /home/airflow/.local/lib/python3.12/site-packages/airflow/example_dags/example_params_ui_tutorial.py
[2024-10-26T07:04:52.954+0000] {logging_mixin.py:190} INFO - [2024-10-26T07:04:52.954+0000] {dag.py:3239} INFO - Sync 1 DAGs
[2024-10-26T07:04:52.962+0000] {logging_mixin.py:190} INFO - [2024-10-26T07:04:52.962+0000] {dag.py:4180} INFO - Setting next_dagrun for example_params_ui_tutorial to None, run_after=None
[2024-10-26T07:04:52.971+0000] {processor.py:208} INFO - Processing /home/airflow/.local/lib/python3.12/site-packages/airflow/example_dags/example_params_ui_tutorial.py took 0.056 seconds
[2024-10-26T07:05:23.285+0000] {processor.py:186} INFO - Started process (PID=75475) to work on /home/airflow/.local/lib/python3.12/site-packages/airflow/example_dags/example_params_ui_tutorial.py
[2024-10-26T07:05:23.286+0000] {processor.py:914} INFO - Processing file /home/airflow/.local/lib/python3.12/site-packages/airflow/example_dags/example_params_ui_tutorial.py for tasks to queue
[2024-10-26T07:05:23.288+0000] {logging_mixin.py:190} INFO - [2024-10-26T07:05:23.288+0000] {dagbag.py:588} INFO - Filling up the DagBag from /home/airflow/.local/lib/python3.12/site-packages/airflow/example_dags/example_params_ui_tutorial.py
[2024-10-26T07:05:23.303+0000] {processor.py:925} INFO - DAG(s) 'example_params_ui_tutorial' retrieved from /home/airflow/.local/lib/python3.12/site-packages/airflow/example_dags/example_params_ui_tutorial.py
[2024-10-26T07:05:23.354+0000] {logging_mixin.py:190} INFO - [2024-10-26T07:05:23.354+0000] {dag.py:3239} INFO - Sync 1 DAGs
[2024-10-26T07:05:23.368+0000] {logging_mixin.py:190} INFO - [2024-10-26T07:05:23.368+0000] {dag.py:4180} INFO - Setting next_dagrun for example_params_ui_tutorial to None, run_after=None
[2024-10-26T07:05:23.380+0000] {processor.py:208} INFO - Processing /home/airflow/.local/lib/python3.12/site-packages/airflow/example_dags/example_params_ui_tutorial.py took 0.100 seconds
[2024-10-26T07:05:54.113+0000] {processor.py:186} INFO - Started process (PID=75765) to work on /home/airflow/.local/lib/python3.12/site-packages/airflow/example_dags/example_params_ui_tutorial.py
[2024-10-26T07:05:54.115+0000] {processor.py:914} INFO - Processing file /home/airflow/.local/lib/python3.12/site-packages/airflow/example_dags/example_params_ui_tutorial.py for tasks to queue
[2024-10-26T07:05:54.117+0000] {logging_mixin.py:190} INFO - [2024-10-26T07:05:54.117+0000] {dagbag.py:588} INFO - Filling up the DagBag from /home/airflow/.local/lib/python3.12/site-packages/airflow/example_dags/example_params_ui_tutorial.py
[2024-10-26T07:05:54.129+0000] {processor.py:925} INFO - DAG(s) 'example_params_ui_tutorial' retrieved from /home/airflow/.local/lib/python3.12/site-packages/airflow/example_dags/example_params_ui_tutorial.py
[2024-10-26T07:05:54.160+0000] {logging_mixin.py:190} INFO - [2024-10-26T07:05:54.160+0000] {dag.py:3239} INFO - Sync 1 DAGs
[2024-10-26T07:05:54.173+0000] {logging_mixin.py:190} INFO - [2024-10-26T07:05:54.173+0000] {dag.py:4180} INFO - Setting next_dagrun for example_params_ui_tutorial to None, run_after=None
[2024-10-26T07:05:54.185+0000] {processor.py:208} INFO - Processing /home/airflow/.local/lib/python3.12/site-packages/airflow/example_dags/example_params_ui_tutorial.py took 0.078 seconds
[2024-10-26T07:06:24.672+0000] {processor.py:186} INFO - Started process (PID=76056) to work on /home/airflow/.local/lib/python3.12/site-packages/airflow/example_dags/example_params_ui_tutorial.py
[2024-10-26T07:06:24.673+0000] {processor.py:914} INFO - Processing file /home/airflow/.local/lib/python3.12/site-packages/airflow/example_dags/example_params_ui_tutorial.py for tasks to queue
[2024-10-26T07:06:24.676+0000] {logging_mixin.py:190} INFO - [2024-10-26T07:06:24.676+0000] {dagbag.py:588} INFO - Filling up the DagBag from /home/airflow/.local/lib/python3.12/site-packages/airflow/example_dags/example_params_ui_tutorial.py
[2024-10-26T07:06:24.685+0000] {processor.py:925} INFO - DAG(s) 'example_params_ui_tutorial' retrieved from /home/airflow/.local/lib/python3.12/site-packages/airflow/example_dags/example_params_ui_tutorial.py
[2024-10-26T07:06:24.707+0000] {logging_mixin.py:190} INFO - [2024-10-26T07:06:24.707+0000] {dag.py:3239} INFO - Sync 1 DAGs
[2024-10-26T07:06:24.714+0000] {logging_mixin.py:190} INFO - [2024-10-26T07:06:24.714+0000] {dag.py:4180} INFO - Setting next_dagrun for example_params_ui_tutorial to None, run_after=None
[2024-10-26T07:06:24.723+0000] {processor.py:208} INFO - Processing /home/airflow/.local/lib/python3.12/site-packages/airflow/example_dags/example_params_ui_tutorial.py took 0.054 seconds
[2024-10-26T07:06:54.923+0000] {processor.py:186} INFO - Started process (PID=76344) to work on /home/airflow/.local/lib/python3.12/site-packages/airflow/example_dags/example_params_ui_tutorial.py
[2024-10-26T07:06:54.925+0000] {processor.py:914} INFO - Processing file /home/airflow/.local/lib/python3.12/site-packages/airflow/example_dags/example_params_ui_tutorial.py for tasks to queue
[2024-10-26T07:06:54.927+0000] {logging_mixin.py:190} INFO - [2024-10-26T07:06:54.926+0000] {dagbag.py:588} INFO - Filling up the DagBag from /home/airflow/.local/lib/python3.12/site-packages/airflow/example_dags/example_params_ui_tutorial.py
[2024-10-26T07:06:54.936+0000] {processor.py:925} INFO - DAG(s) 'example_params_ui_tutorial' retrieved from /home/airflow/.local/lib/python3.12/site-packages/airflow/example_dags/example_params_ui_tutorial.py
[2024-10-26T07:06:54.969+0000] {logging_mixin.py:190} INFO - [2024-10-26T07:06:54.969+0000] {dag.py:3239} INFO - Sync 1 DAGs
[2024-10-26T07:06:54.979+0000] {logging_mixin.py:190} INFO - [2024-10-26T07:06:54.979+0000] {dag.py:4180} INFO - Setting next_dagrun for example_params_ui_tutorial to None, run_after=None
[2024-10-26T07:06:54.991+0000] {processor.py:208} INFO - Processing /home/airflow/.local/lib/python3.12/site-packages/airflow/example_dags/example_params_ui_tutorial.py took 0.076 seconds
[2024-10-26T07:07:25.299+0000] {processor.py:186} INFO - Started process (PID=76635) to work on /home/airflow/.local/lib/python3.12/site-packages/airflow/example_dags/example_params_ui_tutorial.py
[2024-10-26T07:07:25.301+0000] {processor.py:914} INFO - Processing file /home/airflow/.local/lib/python3.12/site-packages/airflow/example_dags/example_params_ui_tutorial.py for tasks to queue
[2024-10-26T07:07:25.302+0000] {logging_mixin.py:190} INFO - [2024-10-26T07:07:25.301+0000] {dagbag.py:588} INFO - Filling up the DagBag from /home/airflow/.local/lib/python3.12/site-packages/airflow/example_dags/example_params_ui_tutorial.py
[2024-10-26T07:07:25.311+0000] {processor.py:925} INFO - DAG(s) 'example_params_ui_tutorial' retrieved from /home/airflow/.local/lib/python3.12/site-packages/airflow/example_dags/example_params_ui_tutorial.py
[2024-10-26T07:07:25.341+0000] {logging_mixin.py:190} INFO - [2024-10-26T07:07:25.341+0000] {dag.py:3239} INFO - Sync 1 DAGs
[2024-10-26T07:07:25.350+0000] {logging_mixin.py:190} INFO - [2024-10-26T07:07:25.350+0000] {dag.py:4180} INFO - Setting next_dagrun for example_params_ui_tutorial to None, run_after=None
[2024-10-26T07:07:25.360+0000] {processor.py:208} INFO - Processing /home/airflow/.local/lib/python3.12/site-packages/airflow/example_dags/example_params_ui_tutorial.py took 0.067 seconds
[2024-10-26T07:07:55.943+0000] {processor.py:186} INFO - Started process (PID=76926) to work on /home/airflow/.local/lib/python3.12/site-packages/airflow/example_dags/example_params_ui_tutorial.py
[2024-10-26T07:07:55.947+0000] {processor.py:914} INFO - Processing file /home/airflow/.local/lib/python3.12/site-packages/airflow/example_dags/example_params_ui_tutorial.py for tasks to queue
[2024-10-26T07:07:55.949+0000] {logging_mixin.py:190} INFO - [2024-10-26T07:07:55.948+0000] {dagbag.py:588} INFO - Filling up the DagBag from /home/airflow/.local/lib/python3.12/site-packages/airflow/example_dags/example_params_ui_tutorial.py
[2024-10-26T07:07:55.958+0000] {processor.py:925} INFO - DAG(s) 'example_params_ui_tutorial' retrieved from /home/airflow/.local/lib/python3.12/site-packages/airflow/example_dags/example_params_ui_tutorial.py
[2024-10-26T07:07:55.984+0000] {logging_mixin.py:190} INFO - [2024-10-26T07:07:55.984+0000] {dag.py:3239} INFO - Sync 1 DAGs
[2024-10-26T07:07:55.997+0000] {logging_mixin.py:190} INFO - [2024-10-26T07:07:55.996+0000] {dag.py:4180} INFO - Setting next_dagrun for example_params_ui_tutorial to None, run_after=None
[2024-10-26T07:07:56.012+0000] {processor.py:208} INFO - Processing /home/airflow/.local/lib/python3.12/site-packages/airflow/example_dags/example_params_ui_tutorial.py took 0.077 seconds
[2024-10-26T07:08:26.103+0000] {processor.py:186} INFO - Started process (PID=77217) to work on /home/airflow/.local/lib/python3.12/site-packages/airflow/example_dags/example_params_ui_tutorial.py
[2024-10-26T07:08:26.106+0000] {processor.py:914} INFO - Processing file /home/airflow/.local/lib/python3.12/site-packages/airflow/example_dags/example_params_ui_tutorial.py for tasks to queue
[2024-10-26T07:08:26.107+0000] {logging_mixin.py:190} INFO - [2024-10-26T07:08:26.107+0000] {dagbag.py:588} INFO - Filling up the DagBag from /home/airflow/.local/lib/python3.12/site-packages/airflow/example_dags/example_params_ui_tutorial.py
[2024-10-26T07:08:26.117+0000] {processor.py:925} INFO - DAG(s) 'example_params_ui_tutorial' retrieved from /home/airflow/.local/lib/python3.12/site-packages/airflow/example_dags/example_params_ui_tutorial.py
[2024-10-26T07:08:26.141+0000] {logging_mixin.py:190} INFO - [2024-10-26T07:08:26.141+0000] {dag.py:3239} INFO - Sync 1 DAGs
[2024-10-26T07:08:26.152+0000] {logging_mixin.py:190} INFO - [2024-10-26T07:08:26.151+0000] {dag.py:4180} INFO - Setting next_dagrun for example_params_ui_tutorial to None, run_after=None
[2024-10-26T07:08:26.164+0000] {processor.py:208} INFO - Processing /home/airflow/.local/lib/python3.12/site-packages/airflow/example_dags/example_params_ui_tutorial.py took 0.064 seconds
[2024-10-26T07:08:56.415+0000] {processor.py:186} INFO - Started process (PID=77508) to work on /home/airflow/.local/lib/python3.12/site-packages/airflow/example_dags/example_params_ui_tutorial.py
[2024-10-26T07:08:56.415+0000] {processor.py:914} INFO - Processing file /home/airflow/.local/lib/python3.12/site-packages/airflow/example_dags/example_params_ui_tutorial.py for tasks to queue
[2024-10-26T07:08:56.416+0000] {logging_mixin.py:190} INFO - [2024-10-26T07:08:56.416+0000] {dagbag.py:588} INFO - Filling up the DagBag from /home/airflow/.local/lib/python3.12/site-packages/airflow/example_dags/example_params_ui_tutorial.py
[2024-10-26T07:08:56.421+0000] {processor.py:925} INFO - DAG(s) 'example_params_ui_tutorial' retrieved from /home/airflow/.local/lib/python3.12/site-packages/airflow/example_dags/example_params_ui_tutorial.py
[2024-10-26T07:08:56.446+0000] {logging_mixin.py:190} INFO - [2024-10-26T07:08:56.446+0000] {dag.py:3239} INFO - Sync 1 DAGs
[2024-10-26T07:08:56.454+0000] {logging_mixin.py:190} INFO - [2024-10-26T07:08:56.453+0000] {dag.py:4180} INFO - Setting next_dagrun for example_params_ui_tutorial to None, run_after=None
[2024-10-26T07:08:56.463+0000] {processor.py:208} INFO - Processing /home/airflow/.local/lib/python3.12/site-packages/airflow/example_dags/example_params_ui_tutorial.py took 0.051 seconds
[2024-10-26T07:09:27.581+0000] {processor.py:186} INFO - Started process (PID=77797) to work on /home/airflow/.local/lib/python3.12/site-packages/airflow/example_dags/example_params_ui_tutorial.py
[2024-10-26T07:09:27.582+0000] {processor.py:914} INFO - Processing file /home/airflow/.local/lib/python3.12/site-packages/airflow/example_dags/example_params_ui_tutorial.py for tasks to queue
[2024-10-26T07:09:27.584+0000] {logging_mixin.py:190} INFO - [2024-10-26T07:09:27.583+0000] {dagbag.py:588} INFO - Filling up the DagBag from /home/airflow/.local/lib/python3.12/site-packages/airflow/example_dags/example_params_ui_tutorial.py
[2024-10-26T07:09:27.590+0000] {processor.py:925} INFO - DAG(s) 'example_params_ui_tutorial' retrieved from /home/airflow/.local/lib/python3.12/site-packages/airflow/example_dags/example_params_ui_tutorial.py
[2024-10-26T07:09:27.616+0000] {logging_mixin.py:190} INFO - [2024-10-26T07:09:27.616+0000] {dag.py:3239} INFO - Sync 1 DAGs
[2024-10-26T07:09:27.626+0000] {logging_mixin.py:190} INFO - [2024-10-26T07:09:27.626+0000] {dag.py:4180} INFO - Setting next_dagrun for example_params_ui_tutorial to None, run_after=None
[2024-10-26T07:09:27.637+0000] {processor.py:208} INFO - Processing /home/airflow/.local/lib/python3.12/site-packages/airflow/example_dags/example_params_ui_tutorial.py took 0.060 seconds
[2024-10-26T07:09:57.897+0000] {processor.py:186} INFO - Started process (PID=78088) to work on /home/airflow/.local/lib/python3.12/site-packages/airflow/example_dags/example_params_ui_tutorial.py
[2024-10-26T07:09:57.899+0000] {processor.py:914} INFO - Processing file /home/airflow/.local/lib/python3.12/site-packages/airflow/example_dags/example_params_ui_tutorial.py for tasks to queue
[2024-10-26T07:09:57.901+0000] {logging_mixin.py:190} INFO - [2024-10-26T07:09:57.901+0000] {dagbag.py:588} INFO - Filling up the DagBag from /home/airflow/.local/lib/python3.12/site-packages/airflow/example_dags/example_params_ui_tutorial.py
[2024-10-26T07:09:57.906+0000] {processor.py:925} INFO - DAG(s) 'example_params_ui_tutorial' retrieved from /home/airflow/.local/lib/python3.12/site-packages/airflow/example_dags/example_params_ui_tutorial.py
[2024-10-26T07:09:57.928+0000] {logging_mixin.py:190} INFO - [2024-10-26T07:09:57.927+0000] {dag.py:3239} INFO - Sync 1 DAGs
[2024-10-26T07:09:57.937+0000] {logging_mixin.py:190} INFO - [2024-10-26T07:09:57.937+0000] {dag.py:4180} INFO - Setting next_dagrun for example_params_ui_tutorial to None, run_after=None
[2024-10-26T07:09:57.946+0000] {processor.py:208} INFO - Processing /home/airflow/.local/lib/python3.12/site-packages/airflow/example_dags/example_params_ui_tutorial.py took 0.052 seconds
[2024-10-26T07:10:29.199+0000] {processor.py:186} INFO - Started process (PID=78379) to work on /home/airflow/.local/lib/python3.12/site-packages/airflow/example_dags/example_params_ui_tutorial.py
[2024-10-26T07:10:29.200+0000] {processor.py:914} INFO - Processing file /home/airflow/.local/lib/python3.12/site-packages/airflow/example_dags/example_params_ui_tutorial.py for tasks to queue
[2024-10-26T07:10:29.201+0000] {logging_mixin.py:190} INFO - [2024-10-26T07:10:29.201+0000] {dagbag.py:588} INFO - Filling up the DagBag from /home/airflow/.local/lib/python3.12/site-packages/airflow/example_dags/example_params_ui_tutorial.py
[2024-10-26T07:10:29.206+0000] {processor.py:925} INFO - DAG(s) 'example_params_ui_tutorial' retrieved from /home/airflow/.local/lib/python3.12/site-packages/airflow/example_dags/example_params_ui_tutorial.py
[2024-10-26T07:10:29.232+0000] {logging_mixin.py:190} INFO - [2024-10-26T07:10:29.232+0000] {dag.py:3239} INFO - Sync 1 DAGs
[2024-10-26T07:10:29.242+0000] {logging_mixin.py:190} INFO - [2024-10-26T07:10:29.241+0000] {dag.py:4180} INFO - Setting next_dagrun for example_params_ui_tutorial to None, run_after=None
[2024-10-26T07:10:29.252+0000] {processor.py:208} INFO - Processing /home/airflow/.local/lib/python3.12/site-packages/airflow/example_dags/example_params_ui_tutorial.py took 0.062 seconds
[2024-10-26T07:10:59.815+0000] {processor.py:186} INFO - Started process (PID=78670) to work on /home/airflow/.local/lib/python3.12/site-packages/airflow/example_dags/example_params_ui_tutorial.py
[2024-10-26T07:10:59.816+0000] {processor.py:914} INFO - Processing file /home/airflow/.local/lib/python3.12/site-packages/airflow/example_dags/example_params_ui_tutorial.py for tasks to queue
[2024-10-26T07:10:59.818+0000] {logging_mixin.py:190} INFO - [2024-10-26T07:10:59.817+0000] {dagbag.py:588} INFO - Filling up the DagBag from /home/airflow/.local/lib/python3.12/site-packages/airflow/example_dags/example_params_ui_tutorial.py
[2024-10-26T07:10:59.823+0000] {processor.py:925} INFO - DAG(s) 'example_params_ui_tutorial' retrieved from /home/airflow/.local/lib/python3.12/site-packages/airflow/example_dags/example_params_ui_tutorial.py
[2024-10-26T07:10:59.856+0000] {logging_mixin.py:190} INFO - [2024-10-26T07:10:59.856+0000] {dag.py:3239} INFO - Sync 1 DAGs
[2024-10-26T07:10:59.865+0000] {logging_mixin.py:190} INFO - [2024-10-26T07:10:59.865+0000] {dag.py:4180} INFO - Setting next_dagrun for example_params_ui_tutorial to None, run_after=None
[2024-10-26T07:10:59.875+0000] {processor.py:208} INFO - Processing /home/airflow/.local/lib/python3.12/site-packages/airflow/example_dags/example_params_ui_tutorial.py took 0.065 seconds
[2024-10-26T07:11:30.979+0000] {processor.py:186} INFO - Started process (PID=78966) to work on /home/airflow/.local/lib/python3.12/site-packages/airflow/example_dags/example_params_ui_tutorial.py
[2024-10-26T07:11:30.980+0000] {processor.py:914} INFO - Processing file /home/airflow/.local/lib/python3.12/site-packages/airflow/example_dags/example_params_ui_tutorial.py for tasks to queue
[2024-10-26T07:11:30.981+0000] {logging_mixin.py:190} INFO - [2024-10-26T07:11:30.981+0000] {dagbag.py:588} INFO - Filling up the DagBag from /home/airflow/.local/lib/python3.12/site-packages/airflow/example_dags/example_params_ui_tutorial.py
[2024-10-26T07:11:30.986+0000] {processor.py:925} INFO - DAG(s) 'example_params_ui_tutorial' retrieved from /home/airflow/.local/lib/python3.12/site-packages/airflow/example_dags/example_params_ui_tutorial.py
[2024-10-26T07:11:31.022+0000] {logging_mixin.py:190} INFO - [2024-10-26T07:11:31.022+0000] {dag.py:3239} INFO - Sync 1 DAGs
[2024-10-26T07:11:31.031+0000] {logging_mixin.py:190} INFO - [2024-10-26T07:11:31.031+0000] {dag.py:4180} INFO - Setting next_dagrun for example_params_ui_tutorial to None, run_after=None
[2024-10-26T07:11:31.041+0000] {processor.py:208} INFO - Processing /home/airflow/.local/lib/python3.12/site-packages/airflow/example_dags/example_params_ui_tutorial.py took 0.066 seconds
[2024-10-26T07:12:01.912+0000] {processor.py:186} INFO - Started process (PID=79257) to work on /home/airflow/.local/lib/python3.12/site-packages/airflow/example_dags/example_params_ui_tutorial.py
[2024-10-26T07:12:01.912+0000] {processor.py:914} INFO - Processing file /home/airflow/.local/lib/python3.12/site-packages/airflow/example_dags/example_params_ui_tutorial.py for tasks to queue
[2024-10-26T07:12:01.913+0000] {logging_mixin.py:190} INFO - [2024-10-26T07:12:01.913+0000] {dagbag.py:588} INFO - Filling up the DagBag from /home/airflow/.local/lib/python3.12/site-packages/airflow/example_dags/example_params_ui_tutorial.py
[2024-10-26T07:12:01.919+0000] {processor.py:925} INFO - DAG(s) 'example_params_ui_tutorial' retrieved from /home/airflow/.local/lib/python3.12/site-packages/airflow/example_dags/example_params_ui_tutorial.py
[2024-10-26T07:12:01.949+0000] {logging_mixin.py:190} INFO - [2024-10-26T07:12:01.949+0000] {dag.py:3239} INFO - Sync 1 DAGs
[2024-10-26T07:12:01.956+0000] {logging_mixin.py:190} INFO - [2024-10-26T07:12:01.956+0000] {dag.py:4180} INFO - Setting next_dagrun for example_params_ui_tutorial to None, run_after=None
[2024-10-26T07:12:01.965+0000] {processor.py:208} INFO - Processing /home/airflow/.local/lib/python3.12/site-packages/airflow/example_dags/example_params_ui_tutorial.py took 0.056 seconds
[2024-10-26T07:12:32.145+0000] {processor.py:186} INFO - Started process (PID=79550) to work on /home/airflow/.local/lib/python3.12/site-packages/airflow/example_dags/example_params_ui_tutorial.py
[2024-10-26T07:12:32.146+0000] {processor.py:914} INFO - Processing file /home/airflow/.local/lib/python3.12/site-packages/airflow/example_dags/example_params_ui_tutorial.py for tasks to queue
[2024-10-26T07:12:32.146+0000] {logging_mixin.py:190} INFO - [2024-10-26T07:12:32.146+0000] {dagbag.py:588} INFO - Filling up the DagBag from /home/airflow/.local/lib/python3.12/site-packages/airflow/example_dags/example_params_ui_tutorial.py
[2024-10-26T07:12:32.153+0000] {processor.py:925} INFO - DAG(s) 'example_params_ui_tutorial' retrieved from /home/airflow/.local/lib/python3.12/site-packages/airflow/example_dags/example_params_ui_tutorial.py
[2024-10-26T07:12:32.185+0000] {logging_mixin.py:190} INFO - [2024-10-26T07:12:32.185+0000] {dag.py:3239} INFO - Sync 1 DAGs
[2024-10-26T07:12:32.192+0000] {logging_mixin.py:190} INFO - [2024-10-26T07:12:32.192+0000] {dag.py:4180} INFO - Setting next_dagrun for example_params_ui_tutorial to None, run_after=None
[2024-10-26T07:12:32.200+0000] {processor.py:208} INFO - Processing /home/airflow/.local/lib/python3.12/site-packages/airflow/example_dags/example_params_ui_tutorial.py took 0.059 seconds
[2024-10-26T07:13:02.981+0000] {processor.py:186} INFO - Started process (PID=79839) to work on /home/airflow/.local/lib/python3.12/site-packages/airflow/example_dags/example_params_ui_tutorial.py
[2024-10-26T07:13:02.982+0000] {processor.py:914} INFO - Processing file /home/airflow/.local/lib/python3.12/site-packages/airflow/example_dags/example_params_ui_tutorial.py for tasks to queue
[2024-10-26T07:13:02.983+0000] {logging_mixin.py:190} INFO - [2024-10-26T07:13:02.983+0000] {dagbag.py:588} INFO - Filling up the DagBag from /home/airflow/.local/lib/python3.12/site-packages/airflow/example_dags/example_params_ui_tutorial.py
[2024-10-26T07:13:02.995+0000] {processor.py:925} INFO - DAG(s) 'example_params_ui_tutorial' retrieved from /home/airflow/.local/lib/python3.12/site-packages/airflow/example_dags/example_params_ui_tutorial.py
[2024-10-26T07:13:03.028+0000] {logging_mixin.py:190} INFO - [2024-10-26T07:13:03.028+0000] {dag.py:3239} INFO - Sync 1 DAGs
[2024-10-26T07:13:03.039+0000] {logging_mixin.py:190} INFO - [2024-10-26T07:13:03.039+0000] {dag.py:4180} INFO - Setting next_dagrun for example_params_ui_tutorial to None, run_after=None
[2024-10-26T07:13:03.050+0000] {processor.py:208} INFO - Processing /home/airflow/.local/lib/python3.12/site-packages/airflow/example_dags/example_params_ui_tutorial.py took 0.073 seconds
[2024-10-26T07:13:34.207+0000] {processor.py:186} INFO - Started process (PID=80135) to work on /home/airflow/.local/lib/python3.12/site-packages/airflow/example_dags/example_params_ui_tutorial.py
[2024-10-26T07:13:34.208+0000] {processor.py:914} INFO - Processing file /home/airflow/.local/lib/python3.12/site-packages/airflow/example_dags/example_params_ui_tutorial.py for tasks to queue
[2024-10-26T07:13:34.209+0000] {logging_mixin.py:190} INFO - [2024-10-26T07:13:34.209+0000] {dagbag.py:588} INFO - Filling up the DagBag from /home/airflow/.local/lib/python3.12/site-packages/airflow/example_dags/example_params_ui_tutorial.py
[2024-10-26T07:13:34.217+0000] {processor.py:925} INFO - DAG(s) 'example_params_ui_tutorial' retrieved from /home/airflow/.local/lib/python3.12/site-packages/airflow/example_dags/example_params_ui_tutorial.py
[2024-10-26T07:13:34.241+0000] {logging_mixin.py:190} INFO - [2024-10-26T07:13:34.241+0000] {dag.py:3239} INFO - Sync 1 DAGs
[2024-10-26T07:13:34.251+0000] {logging_mixin.py:190} INFO - [2024-10-26T07:13:34.250+0000] {dag.py:4180} INFO - Setting next_dagrun for example_params_ui_tutorial to None, run_after=None
[2024-10-26T07:13:34.260+0000] {processor.py:208} INFO - Processing /home/airflow/.local/lib/python3.12/site-packages/airflow/example_dags/example_params_ui_tutorial.py took 0.060 seconds
[2024-10-26T07:14:04.525+0000] {processor.py:186} INFO - Started process (PID=80426) to work on /home/airflow/.local/lib/python3.12/site-packages/airflow/example_dags/example_params_ui_tutorial.py
[2024-10-26T07:14:04.526+0000] {processor.py:914} INFO - Processing file /home/airflow/.local/lib/python3.12/site-packages/airflow/example_dags/example_params_ui_tutorial.py for tasks to queue
[2024-10-26T07:14:04.528+0000] {logging_mixin.py:190} INFO - [2024-10-26T07:14:04.528+0000] {dagbag.py:588} INFO - Filling up the DagBag from /home/airflow/.local/lib/python3.12/site-packages/airflow/example_dags/example_params_ui_tutorial.py
[2024-10-26T07:14:04.534+0000] {processor.py:925} INFO - DAG(s) 'example_params_ui_tutorial' retrieved from /home/airflow/.local/lib/python3.12/site-packages/airflow/example_dags/example_params_ui_tutorial.py
[2024-10-26T07:14:04.558+0000] {logging_mixin.py:190} INFO - [2024-10-26T07:14:04.558+0000] {dag.py:3239} INFO - Sync 1 DAGs
[2024-10-26T07:14:04.568+0000] {logging_mixin.py:190} INFO - [2024-10-26T07:14:04.568+0000] {dag.py:4180} INFO - Setting next_dagrun for example_params_ui_tutorial to None, run_after=None
[2024-10-26T07:14:04.683+0000] {processor.py:208} INFO - Processing /home/airflow/.local/lib/python3.12/site-packages/airflow/example_dags/example_params_ui_tutorial.py took 0.162 seconds
[2024-10-26T07:14:35.522+0000] {processor.py:186} INFO - Started process (PID=80723) to work on /home/airflow/.local/lib/python3.12/site-packages/airflow/example_dags/example_params_ui_tutorial.py
[2024-10-26T07:14:35.523+0000] {processor.py:914} INFO - Processing file /home/airflow/.local/lib/python3.12/site-packages/airflow/example_dags/example_params_ui_tutorial.py for tasks to queue
[2024-10-26T07:14:35.523+0000] {logging_mixin.py:190} INFO - [2024-10-26T07:14:35.523+0000] {dagbag.py:588} INFO - Filling up the DagBag from /home/airflow/.local/lib/python3.12/site-packages/airflow/example_dags/example_params_ui_tutorial.py
[2024-10-26T07:14:35.528+0000] {processor.py:925} INFO - DAG(s) 'example_params_ui_tutorial' retrieved from /home/airflow/.local/lib/python3.12/site-packages/airflow/example_dags/example_params_ui_tutorial.py
[2024-10-26T07:14:35.559+0000] {logging_mixin.py:190} INFO - [2024-10-26T07:14:35.559+0000] {dag.py:3239} INFO - Sync 1 DAGs
[2024-10-26T07:14:35.625+0000] {logging_mixin.py:190} INFO - [2024-10-26T07:14:35.625+0000] {dag.py:4180} INFO - Setting next_dagrun for example_params_ui_tutorial to None, run_after=None
[2024-10-26T07:14:35.640+0000] {processor.py:208} INFO - Processing /home/airflow/.local/lib/python3.12/site-packages/airflow/example_dags/example_params_ui_tutorial.py took 0.121 seconds
[2024-10-26T07:15:06.072+0000] {processor.py:186} INFO - Started process (PID=81013) to work on /home/airflow/.local/lib/python3.12/site-packages/airflow/example_dags/example_params_ui_tutorial.py
[2024-10-26T07:15:06.073+0000] {processor.py:914} INFO - Processing file /home/airflow/.local/lib/python3.12/site-packages/airflow/example_dags/example_params_ui_tutorial.py for tasks to queue
[2024-10-26T07:15:06.074+0000] {logging_mixin.py:190} INFO - [2024-10-26T07:15:06.074+0000] {dagbag.py:588} INFO - Filling up the DagBag from /home/airflow/.local/lib/python3.12/site-packages/airflow/example_dags/example_params_ui_tutorial.py
[2024-10-26T07:15:06.080+0000] {processor.py:925} INFO - DAG(s) 'example_params_ui_tutorial' retrieved from /home/airflow/.local/lib/python3.12/site-packages/airflow/example_dags/example_params_ui_tutorial.py
[2024-10-26T07:15:06.108+0000] {logging_mixin.py:190} INFO - [2024-10-26T07:15:06.108+0000] {dag.py:3239} INFO - Sync 1 DAGs
[2024-10-26T07:15:06.123+0000] {logging_mixin.py:190} INFO - [2024-10-26T07:15:06.123+0000] {dag.py:4180} INFO - Setting next_dagrun for example_params_ui_tutorial to None, run_after=None
[2024-10-26T07:15:06.136+0000] {processor.py:208} INFO - Processing /home/airflow/.local/lib/python3.12/site-packages/airflow/example_dags/example_params_ui_tutorial.py took 0.069 seconds
[2024-10-26T07:15:36.395+0000] {processor.py:186} INFO - Started process (PID=81304) to work on /home/airflow/.local/lib/python3.12/site-packages/airflow/example_dags/example_params_ui_tutorial.py
[2024-10-26T07:15:36.396+0000] {processor.py:914} INFO - Processing file /home/airflow/.local/lib/python3.12/site-packages/airflow/example_dags/example_params_ui_tutorial.py for tasks to queue
[2024-10-26T07:15:36.397+0000] {logging_mixin.py:190} INFO - [2024-10-26T07:15:36.397+0000] {dagbag.py:588} INFO - Filling up the DagBag from /home/airflow/.local/lib/python3.12/site-packages/airflow/example_dags/example_params_ui_tutorial.py
[2024-10-26T07:15:36.403+0000] {processor.py:925} INFO - DAG(s) 'example_params_ui_tutorial' retrieved from /home/airflow/.local/lib/python3.12/site-packages/airflow/example_dags/example_params_ui_tutorial.py
[2024-10-26T07:15:36.429+0000] {logging_mixin.py:190} INFO - [2024-10-26T07:15:36.429+0000] {dag.py:3239} INFO - Sync 1 DAGs
[2024-10-26T07:15:36.437+0000] {logging_mixin.py:190} INFO - [2024-10-26T07:15:36.437+0000] {dag.py:4180} INFO - Setting next_dagrun for example_params_ui_tutorial to None, run_after=None
[2024-10-26T07:15:36.447+0000] {processor.py:208} INFO - Processing /home/airflow/.local/lib/python3.12/site-packages/airflow/example_dags/example_params_ui_tutorial.py took 0.054 seconds
[2024-10-26T07:16:07.447+0000] {processor.py:186} INFO - Started process (PID=81595) to work on /home/airflow/.local/lib/python3.12/site-packages/airflow/example_dags/example_params_ui_tutorial.py
[2024-10-26T07:16:07.448+0000] {processor.py:914} INFO - Processing file /home/airflow/.local/lib/python3.12/site-packages/airflow/example_dags/example_params_ui_tutorial.py for tasks to queue
[2024-10-26T07:16:07.449+0000] {logging_mixin.py:190} INFO - [2024-10-26T07:16:07.448+0000] {dagbag.py:588} INFO - Filling up the DagBag from /home/airflow/.local/lib/python3.12/site-packages/airflow/example_dags/example_params_ui_tutorial.py
[2024-10-26T07:16:07.453+0000] {processor.py:925} INFO - DAG(s) 'example_params_ui_tutorial' retrieved from /home/airflow/.local/lib/python3.12/site-packages/airflow/example_dags/example_params_ui_tutorial.py
[2024-10-26T07:16:07.477+0000] {logging_mixin.py:190} INFO - [2024-10-26T07:16:07.477+0000] {dag.py:3239} INFO - Sync 1 DAGs
[2024-10-26T07:16:07.485+0000] {logging_mixin.py:190} INFO - [2024-10-26T07:16:07.485+0000] {dag.py:4180} INFO - Setting next_dagrun for example_params_ui_tutorial to None, run_after=None
[2024-10-26T07:16:07.497+0000] {processor.py:208} INFO - Processing /home/airflow/.local/lib/python3.12/site-packages/airflow/example_dags/example_params_ui_tutorial.py took 0.053 seconds
[2024-10-26T07:16:37.955+0000] {processor.py:186} INFO - Started process (PID=81886) to work on /home/airflow/.local/lib/python3.12/site-packages/airflow/example_dags/example_params_ui_tutorial.py
[2024-10-26T07:16:37.956+0000] {processor.py:914} INFO - Processing file /home/airflow/.local/lib/python3.12/site-packages/airflow/example_dags/example_params_ui_tutorial.py for tasks to queue
[2024-10-26T07:16:37.963+0000] {logging_mixin.py:190} INFO - [2024-10-26T07:16:37.962+0000] {dagbag.py:588} INFO - Filling up the DagBag from /home/airflow/.local/lib/python3.12/site-packages/airflow/example_dags/example_params_ui_tutorial.py
[2024-10-26T07:16:38.007+0000] {processor.py:925} INFO - DAG(s) 'example_params_ui_tutorial' retrieved from /home/airflow/.local/lib/python3.12/site-packages/airflow/example_dags/example_params_ui_tutorial.py
[2024-10-26T07:16:38.044+0000] {logging_mixin.py:190} INFO - [2024-10-26T07:16:38.044+0000] {dag.py:3239} INFO - Sync 1 DAGs
[2024-10-26T07:16:38.067+0000] {logging_mixin.py:190} INFO - [2024-10-26T07:16:38.067+0000] {dag.py:4180} INFO - Setting next_dagrun for example_params_ui_tutorial to None, run_after=None
[2024-10-26T07:16:38.081+0000] {processor.py:208} INFO - Processing /home/airflow/.local/lib/python3.12/site-packages/airflow/example_dags/example_params_ui_tutorial.py took 0.133 seconds
[2024-10-26T07:17:08.745+0000] {processor.py:186} INFO - Started process (PID=82176) to work on /home/airflow/.local/lib/python3.12/site-packages/airflow/example_dags/example_params_ui_tutorial.py
[2024-10-26T07:17:08.746+0000] {processor.py:914} INFO - Processing file /home/airflow/.local/lib/python3.12/site-packages/airflow/example_dags/example_params_ui_tutorial.py for tasks to queue
[2024-10-26T07:17:08.747+0000] {logging_mixin.py:190} INFO - [2024-10-26T07:17:08.746+0000] {dagbag.py:588} INFO - Filling up the DagBag from /home/airflow/.local/lib/python3.12/site-packages/airflow/example_dags/example_params_ui_tutorial.py
[2024-10-26T07:17:08.755+0000] {processor.py:925} INFO - DAG(s) 'example_params_ui_tutorial' retrieved from /home/airflow/.local/lib/python3.12/site-packages/airflow/example_dags/example_params_ui_tutorial.py
[2024-10-26T07:17:08.783+0000] {logging_mixin.py:190} INFO - [2024-10-26T07:17:08.783+0000] {dag.py:3239} INFO - Sync 1 DAGs
[2024-10-26T07:17:08.794+0000] {logging_mixin.py:190} INFO - [2024-10-26T07:17:08.794+0000] {dag.py:4180} INFO - Setting next_dagrun for example_params_ui_tutorial to None, run_after=None
[2024-10-26T07:17:08.805+0000] {processor.py:208} INFO - Processing /home/airflow/.local/lib/python3.12/site-packages/airflow/example_dags/example_params_ui_tutorial.py took 0.064 seconds
[2024-10-26T07:17:39.698+0000] {processor.py:186} INFO - Started process (PID=82467) to work on /home/airflow/.local/lib/python3.12/site-packages/airflow/example_dags/example_params_ui_tutorial.py
[2024-10-26T07:17:39.699+0000] {processor.py:914} INFO - Processing file /home/airflow/.local/lib/python3.12/site-packages/airflow/example_dags/example_params_ui_tutorial.py for tasks to queue
[2024-10-26T07:17:39.700+0000] {logging_mixin.py:190} INFO - [2024-10-26T07:17:39.700+0000] {dagbag.py:588} INFO - Filling up the DagBag from /home/airflow/.local/lib/python3.12/site-packages/airflow/example_dags/example_params_ui_tutorial.py
[2024-10-26T07:17:39.705+0000] {processor.py:925} INFO - DAG(s) 'example_params_ui_tutorial' retrieved from /home/airflow/.local/lib/python3.12/site-packages/airflow/example_dags/example_params_ui_tutorial.py
[2024-10-26T07:17:39.734+0000] {logging_mixin.py:190} INFO - [2024-10-26T07:17:39.734+0000] {dag.py:3239} INFO - Sync 1 DAGs
[2024-10-26T07:17:39.745+0000] {logging_mixin.py:190} INFO - [2024-10-26T07:17:39.744+0000] {dag.py:4180} INFO - Setting next_dagrun for example_params_ui_tutorial to None, run_after=None
[2024-10-26T07:17:39.754+0000] {processor.py:208} INFO - Processing /home/airflow/.local/lib/python3.12/site-packages/airflow/example_dags/example_params_ui_tutorial.py took 0.060 seconds
[2024-10-26T07:18:10.841+0000] {processor.py:186} INFO - Started process (PID=82758) to work on /home/airflow/.local/lib/python3.12/site-packages/airflow/example_dags/example_params_ui_tutorial.py
[2024-10-26T07:18:10.845+0000] {processor.py:914} INFO - Processing file /home/airflow/.local/lib/python3.12/site-packages/airflow/example_dags/example_params_ui_tutorial.py for tasks to queue
[2024-10-26T07:18:10.852+0000] {logging_mixin.py:190} INFO - [2024-10-26T07:18:10.851+0000] {dagbag.py:588} INFO - Filling up the DagBag from /home/airflow/.local/lib/python3.12/site-packages/airflow/example_dags/example_params_ui_tutorial.py
[2024-10-26T07:18:10.862+0000] {processor.py:925} INFO - DAG(s) 'example_params_ui_tutorial' retrieved from /home/airflow/.local/lib/python3.12/site-packages/airflow/example_dags/example_params_ui_tutorial.py
[2024-10-26T07:18:10.892+0000] {logging_mixin.py:190} INFO - [2024-10-26T07:18:10.892+0000] {dag.py:3239} INFO - Sync 1 DAGs
[2024-10-26T07:18:10.902+0000] {logging_mixin.py:190} INFO - [2024-10-26T07:18:10.902+0000] {dag.py:4180} INFO - Setting next_dagrun for example_params_ui_tutorial to None, run_after=None
[2024-10-26T07:18:10.916+0000] {processor.py:208} INFO - Processing /home/airflow/.local/lib/python3.12/site-packages/airflow/example_dags/example_params_ui_tutorial.py took 0.079 seconds
[2024-10-26T07:18:41.175+0000] {processor.py:186} INFO - Started process (PID=83049) to work on /home/airflow/.local/lib/python3.12/site-packages/airflow/example_dags/example_params_ui_tutorial.py
[2024-10-26T07:18:41.176+0000] {processor.py:914} INFO - Processing file /home/airflow/.local/lib/python3.12/site-packages/airflow/example_dags/example_params_ui_tutorial.py for tasks to queue
[2024-10-26T07:18:41.177+0000] {logging_mixin.py:190} INFO - [2024-10-26T07:18:41.177+0000] {dagbag.py:588} INFO - Filling up the DagBag from /home/airflow/.local/lib/python3.12/site-packages/airflow/example_dags/example_params_ui_tutorial.py
[2024-10-26T07:18:41.186+0000] {processor.py:925} INFO - DAG(s) 'example_params_ui_tutorial' retrieved from /home/airflow/.local/lib/python3.12/site-packages/airflow/example_dags/example_params_ui_tutorial.py
[2024-10-26T07:18:41.208+0000] {logging_mixin.py:190} INFO - [2024-10-26T07:18:41.208+0000] {dag.py:3239} INFO - Sync 1 DAGs
[2024-10-26T07:18:41.216+0000] {logging_mixin.py:190} INFO - [2024-10-26T07:18:41.216+0000] {dag.py:4180} INFO - Setting next_dagrun for example_params_ui_tutorial to None, run_after=None
[2024-10-26T07:18:41.232+0000] {processor.py:208} INFO - Processing /home/airflow/.local/lib/python3.12/site-packages/airflow/example_dags/example_params_ui_tutorial.py took 0.061 seconds
[2024-10-26T07:19:11.493+0000] {processor.py:186} INFO - Started process (PID=83339) to work on /home/airflow/.local/lib/python3.12/site-packages/airflow/example_dags/example_params_ui_tutorial.py
[2024-10-26T07:19:11.494+0000] {processor.py:914} INFO - Processing file /home/airflow/.local/lib/python3.12/site-packages/airflow/example_dags/example_params_ui_tutorial.py for tasks to queue
[2024-10-26T07:19:11.495+0000] {logging_mixin.py:190} INFO - [2024-10-26T07:19:11.494+0000] {dagbag.py:588} INFO - Filling up the DagBag from /home/airflow/.local/lib/python3.12/site-packages/airflow/example_dags/example_params_ui_tutorial.py
[2024-10-26T07:19:11.504+0000] {processor.py:925} INFO - DAG(s) 'example_params_ui_tutorial' retrieved from /home/airflow/.local/lib/python3.12/site-packages/airflow/example_dags/example_params_ui_tutorial.py
[2024-10-26T07:19:11.537+0000] {logging_mixin.py:190} INFO - [2024-10-26T07:19:11.536+0000] {dag.py:3239} INFO - Sync 1 DAGs
[2024-10-26T07:19:11.545+0000] {logging_mixin.py:190} INFO - [2024-10-26T07:19:11.545+0000] {dag.py:4180} INFO - Setting next_dagrun for example_params_ui_tutorial to None, run_after=None
[2024-10-26T07:19:11.555+0000] {processor.py:208} INFO - Processing /home/airflow/.local/lib/python3.12/site-packages/airflow/example_dags/example_params_ui_tutorial.py took 0.065 seconds
[2024-10-26T07:19:42.529+0000] {processor.py:186} INFO - Started process (PID=83630) to work on /home/airflow/.local/lib/python3.12/site-packages/airflow/example_dags/example_params_ui_tutorial.py
[2024-10-26T07:19:42.530+0000] {processor.py:914} INFO - Processing file /home/airflow/.local/lib/python3.12/site-packages/airflow/example_dags/example_params_ui_tutorial.py for tasks to queue
[2024-10-26T07:19:42.531+0000] {logging_mixin.py:190} INFO - [2024-10-26T07:19:42.531+0000] {dagbag.py:588} INFO - Filling up the DagBag from /home/airflow/.local/lib/python3.12/site-packages/airflow/example_dags/example_params_ui_tutorial.py
[2024-10-26T07:19:42.538+0000] {processor.py:925} INFO - DAG(s) 'example_params_ui_tutorial' retrieved from /home/airflow/.local/lib/python3.12/site-packages/airflow/example_dags/example_params_ui_tutorial.py
[2024-10-26T07:19:42.566+0000] {logging_mixin.py:190} INFO - [2024-10-26T07:19:42.566+0000] {dag.py:3239} INFO - Sync 1 DAGs
[2024-10-26T07:19:42.574+0000] {logging_mixin.py:190} INFO - [2024-10-26T07:19:42.574+0000] {dag.py:4180} INFO - Setting next_dagrun for example_params_ui_tutorial to None, run_after=None
[2024-10-26T07:19:42.591+0000] {processor.py:208} INFO - Processing /home/airflow/.local/lib/python3.12/site-packages/airflow/example_dags/example_params_ui_tutorial.py took 0.066 seconds
[2024-10-26T07:20:13.497+0000] {processor.py:186} INFO - Started process (PID=83921) to work on /home/airflow/.local/lib/python3.12/site-packages/airflow/example_dags/example_params_ui_tutorial.py
[2024-10-26T07:20:13.498+0000] {processor.py:914} INFO - Processing file /home/airflow/.local/lib/python3.12/site-packages/airflow/example_dags/example_params_ui_tutorial.py for tasks to queue
[2024-10-26T07:20:13.499+0000] {logging_mixin.py:190} INFO - [2024-10-26T07:20:13.499+0000] {dagbag.py:588} INFO - Filling up the DagBag from /home/airflow/.local/lib/python3.12/site-packages/airflow/example_dags/example_params_ui_tutorial.py
[2024-10-26T07:20:13.504+0000] {processor.py:925} INFO - DAG(s) 'example_params_ui_tutorial' retrieved from /home/airflow/.local/lib/python3.12/site-packages/airflow/example_dags/example_params_ui_tutorial.py
[2024-10-26T07:20:13.528+0000] {logging_mixin.py:190} INFO - [2024-10-26T07:20:13.528+0000] {dag.py:3239} INFO - Sync 1 DAGs
[2024-10-26T07:20:13.536+0000] {logging_mixin.py:190} INFO - [2024-10-26T07:20:13.536+0000] {dag.py:4180} INFO - Setting next_dagrun for example_params_ui_tutorial to None, run_after=None
[2024-10-26T07:20:13.550+0000] {processor.py:208} INFO - Processing /home/airflow/.local/lib/python3.12/site-packages/airflow/example_dags/example_params_ui_tutorial.py took 0.056 seconds
[2024-10-26T07:20:43.760+0000] {processor.py:186} INFO - Started process (PID=84214) to work on /home/airflow/.local/lib/python3.12/site-packages/airflow/example_dags/example_params_ui_tutorial.py
[2024-10-26T07:20:43.760+0000] {processor.py:914} INFO - Processing file /home/airflow/.local/lib/python3.12/site-packages/airflow/example_dags/example_params_ui_tutorial.py for tasks to queue
[2024-10-26T07:20:43.761+0000] {logging_mixin.py:190} INFO - [2024-10-26T07:20:43.761+0000] {dagbag.py:588} INFO - Filling up the DagBag from /home/airflow/.local/lib/python3.12/site-packages/airflow/example_dags/example_params_ui_tutorial.py
[2024-10-26T07:20:43.766+0000] {processor.py:925} INFO - DAG(s) 'example_params_ui_tutorial' retrieved from /home/airflow/.local/lib/python3.12/site-packages/airflow/example_dags/example_params_ui_tutorial.py
[2024-10-26T07:20:43.792+0000] {logging_mixin.py:190} INFO - [2024-10-26T07:20:43.792+0000] {dag.py:3239} INFO - Sync 1 DAGs
[2024-10-26T07:20:43.799+0000] {logging_mixin.py:190} INFO - [2024-10-26T07:20:43.799+0000] {dag.py:4180} INFO - Setting next_dagrun for example_params_ui_tutorial to None, run_after=None
[2024-10-26T07:20:43.808+0000] {processor.py:208} INFO - Processing /home/airflow/.local/lib/python3.12/site-packages/airflow/example_dags/example_params_ui_tutorial.py took 0.052 seconds
[2024-10-26T07:21:14.590+0000] {processor.py:186} INFO - Started process (PID=84505) to work on /home/airflow/.local/lib/python3.12/site-packages/airflow/example_dags/example_params_ui_tutorial.py
[2024-10-26T07:21:14.591+0000] {processor.py:914} INFO - Processing file /home/airflow/.local/lib/python3.12/site-packages/airflow/example_dags/example_params_ui_tutorial.py for tasks to queue
[2024-10-26T07:21:14.592+0000] {logging_mixin.py:190} INFO - [2024-10-26T07:21:14.591+0000] {dagbag.py:588} INFO - Filling up the DagBag from /home/airflow/.local/lib/python3.12/site-packages/airflow/example_dags/example_params_ui_tutorial.py
[2024-10-26T07:21:14.599+0000] {processor.py:925} INFO - DAG(s) 'example_params_ui_tutorial' retrieved from /home/airflow/.local/lib/python3.12/site-packages/airflow/example_dags/example_params_ui_tutorial.py
[2024-10-26T07:21:14.627+0000] {logging_mixin.py:190} INFO - [2024-10-26T07:21:14.627+0000] {dag.py:3239} INFO - Sync 1 DAGs
[2024-10-26T07:21:14.635+0000] {logging_mixin.py:190} INFO - [2024-10-26T07:21:14.635+0000] {dag.py:4180} INFO - Setting next_dagrun for example_params_ui_tutorial to None, run_after=None
[2024-10-26T07:21:14.646+0000] {processor.py:208} INFO - Processing /home/airflow/.local/lib/python3.12/site-packages/airflow/example_dags/example_params_ui_tutorial.py took 0.059 seconds
[2024-10-26T07:21:45.267+0000] {processor.py:186} INFO - Started process (PID=84796) to work on /home/airflow/.local/lib/python3.12/site-packages/airflow/example_dags/example_params_ui_tutorial.py
[2024-10-26T07:21:45.271+0000] {processor.py:914} INFO - Processing file /home/airflow/.local/lib/python3.12/site-packages/airflow/example_dags/example_params_ui_tutorial.py for tasks to queue
[2024-10-26T07:21:45.272+0000] {logging_mixin.py:190} INFO - [2024-10-26T07:21:45.272+0000] {dagbag.py:588} INFO - Filling up the DagBag from /home/airflow/.local/lib/python3.12/site-packages/airflow/example_dags/example_params_ui_tutorial.py
[2024-10-26T07:21:45.282+0000] {processor.py:925} INFO - DAG(s) 'example_params_ui_tutorial' retrieved from /home/airflow/.local/lib/python3.12/site-packages/airflow/example_dags/example_params_ui_tutorial.py
[2024-10-26T07:21:45.308+0000] {logging_mixin.py:190} INFO - [2024-10-26T07:21:45.308+0000] {dag.py:3239} INFO - Sync 1 DAGs
[2024-10-26T07:21:45.320+0000] {logging_mixin.py:190} INFO - [2024-10-26T07:21:45.319+0000] {dag.py:4180} INFO - Setting next_dagrun for example_params_ui_tutorial to None, run_after=None
[2024-10-26T07:21:45.333+0000] {processor.py:208} INFO - Processing /home/airflow/.local/lib/python3.12/site-packages/airflow/example_dags/example_params_ui_tutorial.py took 0.071 seconds
[2024-10-26T07:22:16.245+0000] {processor.py:186} INFO - Started process (PID=85085) to work on /home/airflow/.local/lib/python3.12/site-packages/airflow/example_dags/example_params_ui_tutorial.py
[2024-10-26T07:22:16.246+0000] {processor.py:914} INFO - Processing file /home/airflow/.local/lib/python3.12/site-packages/airflow/example_dags/example_params_ui_tutorial.py for tasks to queue
[2024-10-26T07:22:16.246+0000] {logging_mixin.py:190} INFO - [2024-10-26T07:22:16.246+0000] {dagbag.py:588} INFO - Filling up the DagBag from /home/airflow/.local/lib/python3.12/site-packages/airflow/example_dags/example_params_ui_tutorial.py
[2024-10-26T07:22:16.251+0000] {processor.py:925} INFO - DAG(s) 'example_params_ui_tutorial' retrieved from /home/airflow/.local/lib/python3.12/site-packages/airflow/example_dags/example_params_ui_tutorial.py
[2024-10-26T07:22:16.273+0000] {logging_mixin.py:190} INFO - [2024-10-26T07:22:16.273+0000] {dag.py:3239} INFO - Sync 1 DAGs
[2024-10-26T07:22:16.280+0000] {logging_mixin.py:190} INFO - [2024-10-26T07:22:16.280+0000] {dag.py:4180} INFO - Setting next_dagrun for example_params_ui_tutorial to None, run_after=None
[2024-10-26T07:22:16.289+0000] {processor.py:208} INFO - Processing /home/airflow/.local/lib/python3.12/site-packages/airflow/example_dags/example_params_ui_tutorial.py took 0.048 seconds
[2024-10-26T07:22:47.108+0000] {processor.py:186} INFO - Started process (PID=85378) to work on /home/airflow/.local/lib/python3.12/site-packages/airflow/example_dags/example_params_ui_tutorial.py
[2024-10-26T07:22:47.109+0000] {processor.py:914} INFO - Processing file /home/airflow/.local/lib/python3.12/site-packages/airflow/example_dags/example_params_ui_tutorial.py for tasks to queue
[2024-10-26T07:22:47.110+0000] {logging_mixin.py:190} INFO - [2024-10-26T07:22:47.110+0000] {dagbag.py:588} INFO - Filling up the DagBag from /home/airflow/.local/lib/python3.12/site-packages/airflow/example_dags/example_params_ui_tutorial.py
[2024-10-26T07:22:47.115+0000] {processor.py:925} INFO - DAG(s) 'example_params_ui_tutorial' retrieved from /home/airflow/.local/lib/python3.12/site-packages/airflow/example_dags/example_params_ui_tutorial.py
[2024-10-26T07:22:47.138+0000] {logging_mixin.py:190} INFO - [2024-10-26T07:22:47.138+0000] {dag.py:3239} INFO - Sync 1 DAGs
[2024-10-26T07:22:47.147+0000] {logging_mixin.py:190} INFO - [2024-10-26T07:22:47.147+0000] {dag.py:4180} INFO - Setting next_dagrun for example_params_ui_tutorial to None, run_after=None
[2024-10-26T07:22:47.159+0000] {processor.py:208} INFO - Processing /home/airflow/.local/lib/python3.12/site-packages/airflow/example_dags/example_params_ui_tutorial.py took 0.054 seconds
[2024-10-26T07:23:17.953+0000] {processor.py:186} INFO - Started process (PID=85667) to work on /home/airflow/.local/lib/python3.12/site-packages/airflow/example_dags/example_params_ui_tutorial.py
[2024-10-26T07:23:17.955+0000] {processor.py:914} INFO - Processing file /home/airflow/.local/lib/python3.12/site-packages/airflow/example_dags/example_params_ui_tutorial.py for tasks to queue
[2024-10-26T07:23:17.956+0000] {logging_mixin.py:190} INFO - [2024-10-26T07:23:17.956+0000] {dagbag.py:588} INFO - Filling up the DagBag from /home/airflow/.local/lib/python3.12/site-packages/airflow/example_dags/example_params_ui_tutorial.py
[2024-10-26T07:23:17.962+0000] {processor.py:925} INFO - DAG(s) 'example_params_ui_tutorial' retrieved from /home/airflow/.local/lib/python3.12/site-packages/airflow/example_dags/example_params_ui_tutorial.py
[2024-10-26T07:23:17.985+0000] {logging_mixin.py:190} INFO - [2024-10-26T07:23:17.985+0000] {dag.py:3239} INFO - Sync 1 DAGs
[2024-10-26T07:23:17.993+0000] {logging_mixin.py:190} INFO - [2024-10-26T07:23:17.993+0000] {dag.py:4180} INFO - Setting next_dagrun for example_params_ui_tutorial to None, run_after=None
[2024-10-26T07:23:18.002+0000] {processor.py:208} INFO - Processing /home/airflow/.local/lib/python3.12/site-packages/airflow/example_dags/example_params_ui_tutorial.py took 0.054 seconds
[2024-10-26T07:23:48.704+0000] {processor.py:186} INFO - Started process (PID=85958) to work on /home/airflow/.local/lib/python3.12/site-packages/airflow/example_dags/example_params_ui_tutorial.py
[2024-10-26T07:23:48.705+0000] {processor.py:914} INFO - Processing file /home/airflow/.local/lib/python3.12/site-packages/airflow/example_dags/example_params_ui_tutorial.py for tasks to queue
[2024-10-26T07:23:48.707+0000] {logging_mixin.py:190} INFO - [2024-10-26T07:23:48.706+0000] {dagbag.py:588} INFO - Filling up the DagBag from /home/airflow/.local/lib/python3.12/site-packages/airflow/example_dags/example_params_ui_tutorial.py
[2024-10-26T07:23:48.712+0000] {processor.py:925} INFO - DAG(s) 'example_params_ui_tutorial' retrieved from /home/airflow/.local/lib/python3.12/site-packages/airflow/example_dags/example_params_ui_tutorial.py
[2024-10-26T07:23:48.737+0000] {logging_mixin.py:190} INFO - [2024-10-26T07:23:48.737+0000] {dag.py:3239} INFO - Sync 1 DAGs
[2024-10-26T07:23:48.745+0000] {logging_mixin.py:190} INFO - [2024-10-26T07:23:48.745+0000] {dag.py:4180} INFO - Setting next_dagrun for example_params_ui_tutorial to None, run_after=None
[2024-10-26T07:23:48.754+0000] {processor.py:208} INFO - Processing /home/airflow/.local/lib/python3.12/site-packages/airflow/example_dags/example_params_ui_tutorial.py took 0.053 seconds
[2024-10-26T07:24:19.419+0000] {processor.py:186} INFO - Started process (PID=86249) to work on /home/airflow/.local/lib/python3.12/site-packages/airflow/example_dags/example_params_ui_tutorial.py
[2024-10-26T07:24:19.419+0000] {processor.py:914} INFO - Processing file /home/airflow/.local/lib/python3.12/site-packages/airflow/example_dags/example_params_ui_tutorial.py for tasks to queue
[2024-10-26T07:24:19.420+0000] {logging_mixin.py:190} INFO - [2024-10-26T07:24:19.420+0000] {dagbag.py:588} INFO - Filling up the DagBag from /home/airflow/.local/lib/python3.12/site-packages/airflow/example_dags/example_params_ui_tutorial.py
[2024-10-26T07:24:19.425+0000] {processor.py:925} INFO - DAG(s) 'example_params_ui_tutorial' retrieved from /home/airflow/.local/lib/python3.12/site-packages/airflow/example_dags/example_params_ui_tutorial.py
[2024-10-26T07:24:19.450+0000] {logging_mixin.py:190} INFO - [2024-10-26T07:24:19.450+0000] {dag.py:3239} INFO - Sync 1 DAGs
[2024-10-26T07:24:19.457+0000] {logging_mixin.py:190} INFO - [2024-10-26T07:24:19.457+0000] {dag.py:4180} INFO - Setting next_dagrun for example_params_ui_tutorial to None, run_after=None
[2024-10-26T07:24:19.478+0000] {processor.py:208} INFO - Processing /home/airflow/.local/lib/python3.12/site-packages/airflow/example_dags/example_params_ui_tutorial.py took 0.063 seconds
[2024-10-26T07:24:49.708+0000] {processor.py:186} INFO - Started process (PID=86540) to work on /home/airflow/.local/lib/python3.12/site-packages/airflow/example_dags/example_params_ui_tutorial.py
[2024-10-26T07:24:49.709+0000] {processor.py:914} INFO - Processing file /home/airflow/.local/lib/python3.12/site-packages/airflow/example_dags/example_params_ui_tutorial.py for tasks to queue
[2024-10-26T07:24:49.710+0000] {logging_mixin.py:190} INFO - [2024-10-26T07:24:49.710+0000] {dagbag.py:588} INFO - Filling up the DagBag from /home/airflow/.local/lib/python3.12/site-packages/airflow/example_dags/example_params_ui_tutorial.py
[2024-10-26T07:24:49.716+0000] {processor.py:925} INFO - DAG(s) 'example_params_ui_tutorial' retrieved from /home/airflow/.local/lib/python3.12/site-packages/airflow/example_dags/example_params_ui_tutorial.py
[2024-10-26T07:24:49.743+0000] {logging_mixin.py:190} INFO - [2024-10-26T07:24:49.743+0000] {dag.py:3239} INFO - Sync 1 DAGs
[2024-10-26T07:24:49.751+0000] {logging_mixin.py:190} INFO - [2024-10-26T07:24:49.751+0000] {dag.py:4180} INFO - Setting next_dagrun for example_params_ui_tutorial to None, run_after=None
[2024-10-26T07:24:49.760+0000] {processor.py:208} INFO - Processing /home/airflow/.local/lib/python3.12/site-packages/airflow/example_dags/example_params_ui_tutorial.py took 0.056 seconds
[2024-10-26T07:25:20.933+0000] {processor.py:186} INFO - Started process (PID=86833) to work on /home/airflow/.local/lib/python3.12/site-packages/airflow/example_dags/example_params_ui_tutorial.py
[2024-10-26T07:25:20.934+0000] {processor.py:914} INFO - Processing file /home/airflow/.local/lib/python3.12/site-packages/airflow/example_dags/example_params_ui_tutorial.py for tasks to queue
[2024-10-26T07:25:20.935+0000] {logging_mixin.py:190} INFO - [2024-10-26T07:25:20.935+0000] {dagbag.py:588} INFO - Filling up the DagBag from /home/airflow/.local/lib/python3.12/site-packages/airflow/example_dags/example_params_ui_tutorial.py
[2024-10-26T07:25:20.942+0000] {processor.py:925} INFO - DAG(s) 'example_params_ui_tutorial' retrieved from /home/airflow/.local/lib/python3.12/site-packages/airflow/example_dags/example_params_ui_tutorial.py
[2024-10-26T07:25:20.966+0000] {logging_mixin.py:190} INFO - [2024-10-26T07:25:20.966+0000] {dag.py:3239} INFO - Sync 1 DAGs
[2024-10-26T07:25:20.974+0000] {logging_mixin.py:190} INFO - [2024-10-26T07:25:20.974+0000] {dag.py:4180} INFO - Setting next_dagrun for example_params_ui_tutorial to None, run_after=None
[2024-10-26T07:25:20.985+0000] {processor.py:208} INFO - Processing /home/airflow/.local/lib/python3.12/site-packages/airflow/example_dags/example_params_ui_tutorial.py took 0.058 seconds
[2024-10-26T07:25:51.148+0000] {processor.py:186} INFO - Started process (PID=87124) to work on /home/airflow/.local/lib/python3.12/site-packages/airflow/example_dags/example_params_ui_tutorial.py
[2024-10-26T07:25:51.148+0000] {processor.py:914} INFO - Processing file /home/airflow/.local/lib/python3.12/site-packages/airflow/example_dags/example_params_ui_tutorial.py for tasks to queue
[2024-10-26T07:25:51.149+0000] {logging_mixin.py:190} INFO - [2024-10-26T07:25:51.149+0000] {dagbag.py:588} INFO - Filling up the DagBag from /home/airflow/.local/lib/python3.12/site-packages/airflow/example_dags/example_params_ui_tutorial.py
[2024-10-26T07:25:51.154+0000] {processor.py:925} INFO - DAG(s) 'example_params_ui_tutorial' retrieved from /home/airflow/.local/lib/python3.12/site-packages/airflow/example_dags/example_params_ui_tutorial.py
[2024-10-26T07:25:51.176+0000] {logging_mixin.py:190} INFO - [2024-10-26T07:25:51.176+0000] {dag.py:3239} INFO - Sync 1 DAGs
[2024-10-26T07:25:51.203+0000] {logging_mixin.py:190} INFO - [2024-10-26T07:25:51.203+0000] {dag.py:4180} INFO - Setting next_dagrun for example_params_ui_tutorial to None, run_after=None
[2024-10-26T07:25:51.250+0000] {processor.py:208} INFO - Processing /home/airflow/.local/lib/python3.12/site-packages/airflow/example_dags/example_params_ui_tutorial.py took 0.106 seconds
[2024-10-26T07:26:21.517+0000] {processor.py:186} INFO - Started process (PID=87413) to work on /home/airflow/.local/lib/python3.12/site-packages/airflow/example_dags/example_params_ui_tutorial.py
[2024-10-26T07:26:21.518+0000] {processor.py:914} INFO - Processing file /home/airflow/.local/lib/python3.12/site-packages/airflow/example_dags/example_params_ui_tutorial.py for tasks to queue
[2024-10-26T07:26:21.519+0000] {logging_mixin.py:190} INFO - [2024-10-26T07:26:21.519+0000] {dagbag.py:588} INFO - Filling up the DagBag from /home/airflow/.local/lib/python3.12/site-packages/airflow/example_dags/example_params_ui_tutorial.py
[2024-10-26T07:26:21.526+0000] {processor.py:925} INFO - DAG(s) 'example_params_ui_tutorial' retrieved from /home/airflow/.local/lib/python3.12/site-packages/airflow/example_dags/example_params_ui_tutorial.py
[2024-10-26T07:26:21.558+0000] {logging_mixin.py:190} INFO - [2024-10-26T07:26:21.558+0000] {dag.py:3239} INFO - Sync 1 DAGs
[2024-10-26T07:26:21.570+0000] {logging_mixin.py:190} INFO - [2024-10-26T07:26:21.570+0000] {dag.py:4180} INFO - Setting next_dagrun for example_params_ui_tutorial to None, run_after=None
[2024-10-26T07:26:21.580+0000] {processor.py:208} INFO - Processing /home/airflow/.local/lib/python3.12/site-packages/airflow/example_dags/example_params_ui_tutorial.py took 0.069 seconds
[2024-10-26T07:26:52.117+0000] {processor.py:186} INFO - Started process (PID=87704) to work on /home/airflow/.local/lib/python3.12/site-packages/airflow/example_dags/example_params_ui_tutorial.py
[2024-10-26T07:26:52.118+0000] {processor.py:914} INFO - Processing file /home/airflow/.local/lib/python3.12/site-packages/airflow/example_dags/example_params_ui_tutorial.py for tasks to queue
[2024-10-26T07:26:52.119+0000] {logging_mixin.py:190} INFO - [2024-10-26T07:26:52.119+0000] {dagbag.py:588} INFO - Filling up the DagBag from /home/airflow/.local/lib/python3.12/site-packages/airflow/example_dags/example_params_ui_tutorial.py
[2024-10-26T07:26:52.124+0000] {processor.py:925} INFO - DAG(s) 'example_params_ui_tutorial' retrieved from /home/airflow/.local/lib/python3.12/site-packages/airflow/example_dags/example_params_ui_tutorial.py
[2024-10-26T07:26:52.144+0000] {logging_mixin.py:190} INFO - [2024-10-26T07:26:52.144+0000] {dag.py:3239} INFO - Sync 1 DAGs
[2024-10-26T07:26:52.152+0000] {logging_mixin.py:190} INFO - [2024-10-26T07:26:52.152+0000] {dag.py:4180} INFO - Setting next_dagrun for example_params_ui_tutorial to None, run_after=None
[2024-10-26T07:26:52.161+0000] {processor.py:208} INFO - Processing /home/airflow/.local/lib/python3.12/site-packages/airflow/example_dags/example_params_ui_tutorial.py took 0.047 seconds
[2024-10-26T07:27:22.444+0000] {processor.py:186} INFO - Started process (PID=87995) to work on /home/airflow/.local/lib/python3.12/site-packages/airflow/example_dags/example_params_ui_tutorial.py
[2024-10-26T07:27:22.445+0000] {processor.py:914} INFO - Processing file /home/airflow/.local/lib/python3.12/site-packages/airflow/example_dags/example_params_ui_tutorial.py for tasks to queue
[2024-10-26T07:27:22.446+0000] {logging_mixin.py:190} INFO - [2024-10-26T07:27:22.446+0000] {dagbag.py:588} INFO - Filling up the DagBag from /home/airflow/.local/lib/python3.12/site-packages/airflow/example_dags/example_params_ui_tutorial.py
[2024-10-26T07:27:22.451+0000] {processor.py:925} INFO - DAG(s) 'example_params_ui_tutorial' retrieved from /home/airflow/.local/lib/python3.12/site-packages/airflow/example_dags/example_params_ui_tutorial.py
[2024-10-26T07:27:22.473+0000] {logging_mixin.py:190} INFO - [2024-10-26T07:27:22.473+0000] {dag.py:3239} INFO - Sync 1 DAGs
[2024-10-26T07:27:22.481+0000] {logging_mixin.py:190} INFO - [2024-10-26T07:27:22.480+0000] {dag.py:4180} INFO - Setting next_dagrun for example_params_ui_tutorial to None, run_after=None
[2024-10-26T07:27:22.490+0000] {processor.py:208} INFO - Processing /home/airflow/.local/lib/python3.12/site-packages/airflow/example_dags/example_params_ui_tutorial.py took 0.049 seconds
