[2024-10-26T00:46:26.068+0000] {processor.py:186} INFO - Started process (PID=70901) to work on /home/airflow/.local/lib/python3.12/site-packages/airflow/example_dags/example_bash_operator.py
[2024-10-26T00:46:26.069+0000] {processor.py:914} INFO - Processing file /home/airflow/.local/lib/python3.12/site-packages/airflow/example_dags/example_bash_operator.py for tasks to queue
[2024-10-26T00:46:26.070+0000] {logging_mixin.py:190} INFO - [2024-10-26T00:46:26.069+0000] {dagbag.py:588} INFO - Filling up the DagBag from /home/airflow/.local/lib/python3.12/site-packages/airflow/example_dags/example_bash_operator.py
[2024-10-26T00:46:26.076+0000] {processor.py:925} INFO - DAG(s) 'example_bash_operator' retrieved from /home/airflow/.local/lib/python3.12/site-packages/airflow/example_dags/example_bash_operator.py
[2024-10-26T00:46:26.098+0000] {logging_mixin.py:190} INFO - [2024-10-26T00:46:26.098+0000] {dag.py:3239} INFO - Sync 1 DAGs
[2024-10-26T00:46:26.115+0000] {logging_mixin.py:190} INFO - [2024-10-26T00:46:26.115+0000] {dag.py:4180} INFO - Setting next_dagrun for example_bash_operator to 2024-10-25 00:00:00+00:00, run_after=2024-10-26 00:00:00+00:00
[2024-10-26T00:46:26.124+0000] {processor.py:208} INFO - Processing /home/airflow/.local/lib/python3.12/site-packages/airflow/example_dags/example_bash_operator.py took 0.058 seconds
[2024-10-26T01:37:09.630+0000] {processor.py:186} INFO - Started process (PID=71191) to work on /home/airflow/.local/lib/python3.12/site-packages/airflow/example_dags/example_bash_operator.py
[2024-10-26T01:37:09.633+0000] {processor.py:914} INFO - Processing file /home/airflow/.local/lib/python3.12/site-packages/airflow/example_dags/example_bash_operator.py for tasks to queue
[2024-10-26T01:37:09.633+0000] {logging_mixin.py:190} INFO - [2024-10-26T01:37:09.633+0000] {dagbag.py:588} INFO - Filling up the DagBag from /home/airflow/.local/lib/python3.12/site-packages/airflow/example_dags/example_bash_operator.py
[2024-10-26T01:37:09.642+0000] {processor.py:925} INFO - DAG(s) 'example_bash_operator' retrieved from /home/airflow/.local/lib/python3.12/site-packages/airflow/example_dags/example_bash_operator.py
[2024-10-26T01:37:09.662+0000] {logging_mixin.py:190} INFO - [2024-10-26T01:37:09.662+0000] {dag.py:3239} INFO - Sync 1 DAGs
[2024-10-26T01:37:09.674+0000] {logging_mixin.py:190} INFO - [2024-10-26T01:37:09.674+0000] {dag.py:4180} INFO - Setting next_dagrun for example_bash_operator to 2024-10-25 00:00:00+00:00, run_after=2024-10-26 00:00:00+00:00
[2024-10-26T01:37:09.682+0000] {processor.py:208} INFO - Processing /home/airflow/.local/lib/python3.12/site-packages/airflow/example_dags/example_bash_operator.py took 0.055 seconds
[2024-10-26T02:57:38.595+0000] {processor.py:186} INFO - Started process (PID=71482) to work on /home/airflow/.local/lib/python3.12/site-packages/airflow/example_dags/example_bash_operator.py
[2024-10-26T02:57:38.596+0000] {processor.py:914} INFO - Processing file /home/airflow/.local/lib/python3.12/site-packages/airflow/example_dags/example_bash_operator.py for tasks to queue
[2024-10-26T02:57:38.596+0000] {logging_mixin.py:190} INFO - [2024-10-26T02:57:38.596+0000] {dagbag.py:588} INFO - Filling up the DagBag from /home/airflow/.local/lib/python3.12/site-packages/airflow/example_dags/example_bash_operator.py
[2024-10-26T02:57:38.604+0000] {processor.py:925} INFO - DAG(s) 'example_bash_operator' retrieved from /home/airflow/.local/lib/python3.12/site-packages/airflow/example_dags/example_bash_operator.py
[2024-10-26T02:57:38.618+0000] {logging_mixin.py:190} INFO - [2024-10-26T02:57:38.617+0000] {dag.py:3239} INFO - Sync 1 DAGs
[2024-10-26T02:57:38.629+0000] {logging_mixin.py:190} INFO - [2024-10-26T02:57:38.629+0000] {dag.py:4180} INFO - Setting next_dagrun for example_bash_operator to 2024-10-25 00:00:00+00:00, run_after=2024-10-26 00:00:00+00:00
[2024-10-26T02:57:38.637+0000] {processor.py:208} INFO - Processing /home/airflow/.local/lib/python3.12/site-packages/airflow/example_dags/example_bash_operator.py took 0.046 seconds
[2024-10-26T04:18:35.895+0000] {processor.py:186} INFO - Started process (PID=71773) to work on /home/airflow/.local/lib/python3.12/site-packages/airflow/example_dags/example_bash_operator.py
[2024-10-26T04:18:35.896+0000] {processor.py:914} INFO - Processing file /home/airflow/.local/lib/python3.12/site-packages/airflow/example_dags/example_bash_operator.py for tasks to queue
[2024-10-26T04:18:35.897+0000] {logging_mixin.py:190} INFO - [2024-10-26T04:18:35.897+0000] {dagbag.py:588} INFO - Filling up the DagBag from /home/airflow/.local/lib/python3.12/site-packages/airflow/example_dags/example_bash_operator.py
[2024-10-26T04:18:35.904+0000] {processor.py:925} INFO - DAG(s) 'example_bash_operator' retrieved from /home/airflow/.local/lib/python3.12/site-packages/airflow/example_dags/example_bash_operator.py
[2024-10-26T04:18:35.919+0000] {logging_mixin.py:190} INFO - [2024-10-26T04:18:35.919+0000] {dag.py:3239} INFO - Sync 1 DAGs
[2024-10-26T04:18:35.930+0000] {logging_mixin.py:190} INFO - [2024-10-26T04:18:35.930+0000] {dag.py:4180} INFO - Setting next_dagrun for example_bash_operator to 2024-10-25 00:00:00+00:00, run_after=2024-10-26 00:00:00+00:00
[2024-10-26T04:18:35.940+0000] {processor.py:208} INFO - Processing /home/airflow/.local/lib/python3.12/site-packages/airflow/example_dags/example_bash_operator.py took 0.048 seconds
[2024-10-26T05:41:05.670+0000] {processor.py:186} INFO - Started process (PID=72064) to work on /home/airflow/.local/lib/python3.12/site-packages/airflow/example_dags/example_bash_operator.py
[2024-10-26T05:41:05.671+0000] {processor.py:914} INFO - Processing file /home/airflow/.local/lib/python3.12/site-packages/airflow/example_dags/example_bash_operator.py for tasks to queue
[2024-10-26T05:41:05.672+0000] {logging_mixin.py:190} INFO - [2024-10-26T05:41:05.672+0000] {dagbag.py:588} INFO - Filling up the DagBag from /home/airflow/.local/lib/python3.12/site-packages/airflow/example_dags/example_bash_operator.py
[2024-10-26T05:41:05.681+0000] {processor.py:925} INFO - DAG(s) 'example_bash_operator' retrieved from /home/airflow/.local/lib/python3.12/site-packages/airflow/example_dags/example_bash_operator.py
[2024-10-26T05:41:05.699+0000] {logging_mixin.py:190} INFO - [2024-10-26T05:41:05.698+0000] {dag.py:3239} INFO - Sync 1 DAGs
[2024-10-26T05:41:05.711+0000] {logging_mixin.py:190} INFO - [2024-10-26T05:41:05.711+0000] {dag.py:4180} INFO - Setting next_dagrun for example_bash_operator to 2024-10-25 00:00:00+00:00, run_after=2024-10-26 00:00:00+00:00
[2024-10-26T05:41:05.724+0000] {processor.py:208} INFO - Processing /home/airflow/.local/lib/python3.12/site-packages/airflow/example_dags/example_bash_operator.py took 0.057 seconds
[2024-10-26T06:59:45.993+0000] {processor.py:186} INFO - Started process (PID=72355) to work on /home/airflow/.local/lib/python3.12/site-packages/airflow/example_dags/example_bash_operator.py
[2024-10-26T06:59:45.997+0000] {processor.py:914} INFO - Processing file /home/airflow/.local/lib/python3.12/site-packages/airflow/example_dags/example_bash_operator.py for tasks to queue
[2024-10-26T06:59:45.999+0000] {logging_mixin.py:190} INFO - [2024-10-26T06:59:45.999+0000] {dagbag.py:588} INFO - Filling up the DagBag from /home/airflow/.local/lib/python3.12/site-packages/airflow/example_dags/example_bash_operator.py
[2024-10-26T06:59:46.006+0000] {processor.py:925} INFO - DAG(s) 'example_bash_operator' retrieved from /home/airflow/.local/lib/python3.12/site-packages/airflow/example_dags/example_bash_operator.py
[2024-10-26T06:59:46.022+0000] {logging_mixin.py:190} INFO - [2024-10-26T06:59:46.022+0000] {dag.py:3239} INFO - Sync 1 DAGs
[2024-10-26T06:59:46.036+0000] {logging_mixin.py:190} INFO - [2024-10-26T06:59:46.035+0000] {dag.py:4180} INFO - Setting next_dagrun for example_bash_operator to 2024-10-25 00:00:00+00:00, run_after=2024-10-26 00:00:00+00:00
[2024-10-26T06:59:46.046+0000] {processor.py:208} INFO - Processing /home/airflow/.local/lib/python3.12/site-packages/airflow/example_dags/example_bash_operator.py took 0.056 seconds
[2024-10-26T07:00:16.625+0000] {processor.py:186} INFO - Started process (PID=72646) to work on /home/airflow/.local/lib/python3.12/site-packages/airflow/example_dags/example_bash_operator.py
[2024-10-26T07:00:16.626+0000] {processor.py:914} INFO - Processing file /home/airflow/.local/lib/python3.12/site-packages/airflow/example_dags/example_bash_operator.py for tasks to queue
[2024-10-26T07:00:16.626+0000] {logging_mixin.py:190} INFO - [2024-10-26T07:00:16.626+0000] {dagbag.py:588} INFO - Filling up the DagBag from /home/airflow/.local/lib/python3.12/site-packages/airflow/example_dags/example_bash_operator.py
[2024-10-26T07:00:16.633+0000] {processor.py:925} INFO - DAG(s) 'example_bash_operator' retrieved from /home/airflow/.local/lib/python3.12/site-packages/airflow/example_dags/example_bash_operator.py
[2024-10-26T07:00:16.646+0000] {logging_mixin.py:190} INFO - [2024-10-26T07:00:16.645+0000] {dag.py:3239} INFO - Sync 1 DAGs
[2024-10-26T07:00:16.658+0000] {logging_mixin.py:190} INFO - [2024-10-26T07:00:16.658+0000] {dag.py:4180} INFO - Setting next_dagrun for example_bash_operator to 2024-10-25 00:00:00+00:00, run_after=2024-10-26 00:00:00+00:00
[2024-10-26T07:00:16.668+0000] {processor.py:208} INFO - Processing /home/airflow/.local/lib/python3.12/site-packages/airflow/example_dags/example_bash_operator.py took 0.046 seconds
[2024-10-26T07:00:47.157+0000] {processor.py:186} INFO - Started process (PID=72937) to work on /home/airflow/.local/lib/python3.12/site-packages/airflow/example_dags/example_bash_operator.py
[2024-10-26T07:00:47.159+0000] {processor.py:914} INFO - Processing file /home/airflow/.local/lib/python3.12/site-packages/airflow/example_dags/example_bash_operator.py for tasks to queue
[2024-10-26T07:00:47.160+0000] {logging_mixin.py:190} INFO - [2024-10-26T07:00:47.160+0000] {dagbag.py:588} INFO - Filling up the DagBag from /home/airflow/.local/lib/python3.12/site-packages/airflow/example_dags/example_bash_operator.py
[2024-10-26T07:00:47.166+0000] {processor.py:925} INFO - DAG(s) 'example_bash_operator' retrieved from /home/airflow/.local/lib/python3.12/site-packages/airflow/example_dags/example_bash_operator.py
[2024-10-26T07:00:47.181+0000] {logging_mixin.py:190} INFO - [2024-10-26T07:00:47.181+0000] {dag.py:3239} INFO - Sync 1 DAGs
[2024-10-26T07:00:47.194+0000] {logging_mixin.py:190} INFO - [2024-10-26T07:00:47.194+0000] {dag.py:4180} INFO - Setting next_dagrun for example_bash_operator to 2024-10-25 00:00:00+00:00, run_after=2024-10-26 00:00:00+00:00
[2024-10-26T07:00:47.209+0000] {processor.py:208} INFO - Processing /home/airflow/.local/lib/python3.12/site-packages/airflow/example_dags/example_bash_operator.py took 0.056 seconds
[2024-10-26T07:01:19.497+0000] {processor.py:186} INFO - Started process (PID=73230) to work on /home/airflow/.local/lib/python3.12/site-packages/airflow/example_dags/example_bash_operator.py
[2024-10-26T07:01:19.500+0000] {processor.py:914} INFO - Processing file /home/airflow/.local/lib/python3.12/site-packages/airflow/example_dags/example_bash_operator.py for tasks to queue
[2024-10-26T07:01:19.503+0000] {logging_mixin.py:190} INFO - [2024-10-26T07:01:19.502+0000] {dagbag.py:588} INFO - Filling up the DagBag from /home/airflow/.local/lib/python3.12/site-packages/airflow/example_dags/example_bash_operator.py
[2024-10-26T07:01:19.553+0000] {processor.py:925} INFO - DAG(s) 'example_bash_operator' retrieved from /home/airflow/.local/lib/python3.12/site-packages/airflow/example_dags/example_bash_operator.py
[2024-10-26T07:01:19.741+0000] {logging_mixin.py:190} INFO - [2024-10-26T07:01:19.740+0000] {dag.py:3239} INFO - Sync 1 DAGs
[2024-10-26T07:01:19.868+0000] {logging_mixin.py:190} INFO - [2024-10-26T07:01:19.867+0000] {dag.py:4180} INFO - Setting next_dagrun for example_bash_operator to 2024-10-25 00:00:00+00:00, run_after=2024-10-26 00:00:00+00:00
[2024-10-26T07:01:19.989+0000] {processor.py:208} INFO - Processing /home/airflow/.local/lib/python3.12/site-packages/airflow/example_dags/example_bash_operator.py took 0.498 seconds
[2024-10-26T07:01:50.601+0000] {processor.py:186} INFO - Started process (PID=73521) to work on /home/airflow/.local/lib/python3.12/site-packages/airflow/example_dags/example_bash_operator.py
[2024-10-26T07:01:50.601+0000] {processor.py:914} INFO - Processing file /home/airflow/.local/lib/python3.12/site-packages/airflow/example_dags/example_bash_operator.py for tasks to queue
[2024-10-26T07:01:50.602+0000] {logging_mixin.py:190} INFO - [2024-10-26T07:01:50.602+0000] {dagbag.py:588} INFO - Filling up the DagBag from /home/airflow/.local/lib/python3.12/site-packages/airflow/example_dags/example_bash_operator.py
[2024-10-26T07:01:50.610+0000] {processor.py:925} INFO - DAG(s) 'example_bash_operator' retrieved from /home/airflow/.local/lib/python3.12/site-packages/airflow/example_dags/example_bash_operator.py
[2024-10-26T07:01:50.626+0000] {logging_mixin.py:190} INFO - [2024-10-26T07:01:50.626+0000] {dag.py:3239} INFO - Sync 1 DAGs
[2024-10-26T07:01:50.643+0000] {logging_mixin.py:190} INFO - [2024-10-26T07:01:50.643+0000] {dag.py:4180} INFO - Setting next_dagrun for example_bash_operator to 2024-10-25 00:00:00+00:00, run_after=2024-10-26 00:00:00+00:00
[2024-10-26T07:01:50.652+0000] {processor.py:208} INFO - Processing /home/airflow/.local/lib/python3.12/site-packages/airflow/example_dags/example_bash_operator.py took 0.054 seconds
[2024-10-26T07:02:20.788+0000] {processor.py:186} INFO - Started process (PID=73810) to work on /home/airflow/.local/lib/python3.12/site-packages/airflow/example_dags/example_bash_operator.py
[2024-10-26T07:02:20.789+0000] {processor.py:914} INFO - Processing file /home/airflow/.local/lib/python3.12/site-packages/airflow/example_dags/example_bash_operator.py for tasks to queue
[2024-10-26T07:02:20.789+0000] {logging_mixin.py:190} INFO - [2024-10-26T07:02:20.789+0000] {dagbag.py:588} INFO - Filling up the DagBag from /home/airflow/.local/lib/python3.12/site-packages/airflow/example_dags/example_bash_operator.py
[2024-10-26T07:02:20.798+0000] {processor.py:925} INFO - DAG(s) 'example_bash_operator' retrieved from /home/airflow/.local/lib/python3.12/site-packages/airflow/example_dags/example_bash_operator.py
[2024-10-26T07:02:20.820+0000] {logging_mixin.py:190} INFO - [2024-10-26T07:02:20.820+0000] {dag.py:3239} INFO - Sync 1 DAGs
[2024-10-26T07:02:20.834+0000] {logging_mixin.py:190} INFO - [2024-10-26T07:02:20.834+0000] {dag.py:4180} INFO - Setting next_dagrun for example_bash_operator to 2024-10-25 00:00:00+00:00, run_after=2024-10-26 00:00:00+00:00
[2024-10-26T07:02:20.846+0000] {processor.py:208} INFO - Processing /home/airflow/.local/lib/python3.12/site-packages/airflow/example_dags/example_bash_operator.py took 0.061 seconds
[2024-10-26T07:02:51.947+0000] {processor.py:186} INFO - Started process (PID=74103) to work on /home/airflow/.local/lib/python3.12/site-packages/airflow/example_dags/example_bash_operator.py
[2024-10-26T07:02:51.947+0000] {processor.py:914} INFO - Processing file /home/airflow/.local/lib/python3.12/site-packages/airflow/example_dags/example_bash_operator.py for tasks to queue
[2024-10-26T07:02:51.948+0000] {logging_mixin.py:190} INFO - [2024-10-26T07:02:51.948+0000] {dagbag.py:588} INFO - Filling up the DagBag from /home/airflow/.local/lib/python3.12/site-packages/airflow/example_dags/example_bash_operator.py
[2024-10-26T07:02:51.962+0000] {processor.py:925} INFO - DAG(s) 'example_bash_operator' retrieved from /home/airflow/.local/lib/python3.12/site-packages/airflow/example_dags/example_bash_operator.py
[2024-10-26T07:02:51.991+0000] {logging_mixin.py:190} INFO - [2024-10-26T07:02:51.991+0000] {dag.py:3239} INFO - Sync 1 DAGs
[2024-10-26T07:02:52.012+0000] {logging_mixin.py:190} INFO - [2024-10-26T07:02:52.012+0000] {dag.py:4180} INFO - Setting next_dagrun for example_bash_operator to 2024-10-25 00:00:00+00:00, run_after=2024-10-26 00:00:00+00:00
[2024-10-26T07:02:52.033+0000] {processor.py:208} INFO - Processing /home/airflow/.local/lib/python3.12/site-packages/airflow/example_dags/example_bash_operator.py took 0.090 seconds
[2024-10-26T07:03:22.252+0000] {processor.py:186} INFO - Started process (PID=74394) to work on /home/airflow/.local/lib/python3.12/site-packages/airflow/example_dags/example_bash_operator.py
[2024-10-26T07:03:22.253+0000] {processor.py:914} INFO - Processing file /home/airflow/.local/lib/python3.12/site-packages/airflow/example_dags/example_bash_operator.py for tasks to queue
[2024-10-26T07:03:22.254+0000] {logging_mixin.py:190} INFO - [2024-10-26T07:03:22.254+0000] {dagbag.py:588} INFO - Filling up the DagBag from /home/airflow/.local/lib/python3.12/site-packages/airflow/example_dags/example_bash_operator.py
[2024-10-26T07:03:22.266+0000] {processor.py:925} INFO - DAG(s) 'example_bash_operator' retrieved from /home/airflow/.local/lib/python3.12/site-packages/airflow/example_dags/example_bash_operator.py
[2024-10-26T07:03:22.285+0000] {logging_mixin.py:190} INFO - [2024-10-26T07:03:22.285+0000] {dag.py:3239} INFO - Sync 1 DAGs
[2024-10-26T07:03:22.297+0000] {logging_mixin.py:190} INFO - [2024-10-26T07:03:22.297+0000] {dag.py:4180} INFO - Setting next_dagrun for example_bash_operator to 2024-10-25 00:00:00+00:00, run_after=2024-10-26 00:00:00+00:00
[2024-10-26T07:03:22.306+0000] {processor.py:208} INFO - Processing /home/airflow/.local/lib/python3.12/site-packages/airflow/example_dags/example_bash_operator.py took 0.059 seconds
[2024-10-26T07:03:53.060+0000] {processor.py:186} INFO - Started process (PID=74683) to work on /home/airflow/.local/lib/python3.12/site-packages/airflow/example_dags/example_bash_operator.py
[2024-10-26T07:03:53.067+0000] {processor.py:914} INFO - Processing file /home/airflow/.local/lib/python3.12/site-packages/airflow/example_dags/example_bash_operator.py for tasks to queue
[2024-10-26T07:03:53.069+0000] {logging_mixin.py:190} INFO - [2024-10-26T07:03:53.069+0000] {dagbag.py:588} INFO - Filling up the DagBag from /home/airflow/.local/lib/python3.12/site-packages/airflow/example_dags/example_bash_operator.py
[2024-10-26T07:03:53.077+0000] {processor.py:925} INFO - DAG(s) 'example_bash_operator' retrieved from /home/airflow/.local/lib/python3.12/site-packages/airflow/example_dags/example_bash_operator.py
[2024-10-26T07:03:53.098+0000] {logging_mixin.py:190} INFO - [2024-10-26T07:03:53.098+0000] {dag.py:3239} INFO - Sync 1 DAGs
[2024-10-26T07:03:53.116+0000] {logging_mixin.py:190} INFO - [2024-10-26T07:03:53.115+0000] {dag.py:4180} INFO - Setting next_dagrun for example_bash_operator to 2024-10-25 00:00:00+00:00, run_after=2024-10-26 00:00:00+00:00
[2024-10-26T07:03:53.132+0000] {processor.py:208} INFO - Processing /home/airflow/.local/lib/python3.12/site-packages/airflow/example_dags/example_bash_operator.py took 0.076 seconds
[2024-10-26T07:04:23.457+0000] {processor.py:186} INFO - Started process (PID=74973) to work on /home/airflow/.local/lib/python3.12/site-packages/airflow/example_dags/example_bash_operator.py
[2024-10-26T07:04:23.458+0000] {processor.py:914} INFO - Processing file /home/airflow/.local/lib/python3.12/site-packages/airflow/example_dags/example_bash_operator.py for tasks to queue
[2024-10-26T07:04:23.458+0000] {logging_mixin.py:190} INFO - [2024-10-26T07:04:23.458+0000] {dagbag.py:588} INFO - Filling up the DagBag from /home/airflow/.local/lib/python3.12/site-packages/airflow/example_dags/example_bash_operator.py
[2024-10-26T07:04:23.465+0000] {processor.py:925} INFO - DAG(s) 'example_bash_operator' retrieved from /home/airflow/.local/lib/python3.12/site-packages/airflow/example_dags/example_bash_operator.py
[2024-10-26T07:04:23.477+0000] {logging_mixin.py:190} INFO - [2024-10-26T07:04:23.477+0000] {dag.py:3239} INFO - Sync 1 DAGs
[2024-10-26T07:04:23.488+0000] {logging_mixin.py:190} INFO - [2024-10-26T07:04:23.488+0000] {dag.py:4180} INFO - Setting next_dagrun for example_bash_operator to 2024-10-25 00:00:00+00:00, run_after=2024-10-26 00:00:00+00:00
[2024-10-26T07:04:23.498+0000] {processor.py:208} INFO - Processing /home/airflow/.local/lib/python3.12/site-packages/airflow/example_dags/example_bash_operator.py took 0.044 seconds
[2024-10-26T07:04:53.764+0000] {processor.py:186} INFO - Started process (PID=75264) to work on /home/airflow/.local/lib/python3.12/site-packages/airflow/example_dags/example_bash_operator.py
[2024-10-26T07:04:53.765+0000] {processor.py:914} INFO - Processing file /home/airflow/.local/lib/python3.12/site-packages/airflow/example_dags/example_bash_operator.py for tasks to queue
[2024-10-26T07:04:53.768+0000] {logging_mixin.py:190} INFO - [2024-10-26T07:04:53.767+0000] {dagbag.py:588} INFO - Filling up the DagBag from /home/airflow/.local/lib/python3.12/site-packages/airflow/example_dags/example_bash_operator.py
[2024-10-26T07:04:53.777+0000] {processor.py:925} INFO - DAG(s) 'example_bash_operator' retrieved from /home/airflow/.local/lib/python3.12/site-packages/airflow/example_dags/example_bash_operator.py
[2024-10-26T07:04:53.790+0000] {logging_mixin.py:190} INFO - [2024-10-26T07:04:53.790+0000] {dag.py:3239} INFO - Sync 1 DAGs
[2024-10-26T07:04:53.801+0000] {logging_mixin.py:190} INFO - [2024-10-26T07:04:53.801+0000] {dag.py:4180} INFO - Setting next_dagrun for example_bash_operator to 2024-10-25 00:00:00+00:00, run_after=2024-10-26 00:00:00+00:00
[2024-10-26T07:04:53.813+0000] {processor.py:208} INFO - Processing /home/airflow/.local/lib/python3.12/site-packages/airflow/example_dags/example_bash_operator.py took 0.052 seconds
[2024-10-26T07:05:24.630+0000] {processor.py:186} INFO - Started process (PID=75555) to work on /home/airflow/.local/lib/python3.12/site-packages/airflow/example_dags/example_bash_operator.py
[2024-10-26T07:05:24.632+0000] {processor.py:914} INFO - Processing file /home/airflow/.local/lib/python3.12/site-packages/airflow/example_dags/example_bash_operator.py for tasks to queue
[2024-10-26T07:05:24.635+0000] {logging_mixin.py:190} INFO - [2024-10-26T07:05:24.635+0000] {dagbag.py:588} INFO - Filling up the DagBag from /home/airflow/.local/lib/python3.12/site-packages/airflow/example_dags/example_bash_operator.py
[2024-10-26T07:05:24.647+0000] {processor.py:925} INFO - DAG(s) 'example_bash_operator' retrieved from /home/airflow/.local/lib/python3.12/site-packages/airflow/example_dags/example_bash_operator.py
[2024-10-26T07:05:24.669+0000] {logging_mixin.py:190} INFO - [2024-10-26T07:05:24.669+0000] {dag.py:3239} INFO - Sync 1 DAGs
[2024-10-26T07:05:24.687+0000] {logging_mixin.py:190} INFO - [2024-10-26T07:05:24.687+0000] {dag.py:4180} INFO - Setting next_dagrun for example_bash_operator to 2024-10-25 00:00:00+00:00, run_after=2024-10-26 00:00:00+00:00
[2024-10-26T07:05:24.703+0000] {processor.py:208} INFO - Processing /home/airflow/.local/lib/python3.12/site-packages/airflow/example_dags/example_bash_operator.py took 0.078 seconds
[2024-10-26T07:05:55.419+0000] {processor.py:186} INFO - Started process (PID=75845) to work on /home/airflow/.local/lib/python3.12/site-packages/airflow/example_dags/example_bash_operator.py
[2024-10-26T07:05:55.420+0000] {processor.py:914} INFO - Processing file /home/airflow/.local/lib/python3.12/site-packages/airflow/example_dags/example_bash_operator.py for tasks to queue
[2024-10-26T07:05:55.422+0000] {logging_mixin.py:190} INFO - [2024-10-26T07:05:55.421+0000] {dagbag.py:588} INFO - Filling up the DagBag from /home/airflow/.local/lib/python3.12/site-packages/airflow/example_dags/example_bash_operator.py
[2024-10-26T07:05:55.433+0000] {processor.py:925} INFO - DAG(s) 'example_bash_operator' retrieved from /home/airflow/.local/lib/python3.12/site-packages/airflow/example_dags/example_bash_operator.py
[2024-10-26T07:05:55.452+0000] {logging_mixin.py:190} INFO - [2024-10-26T07:05:55.452+0000] {dag.py:3239} INFO - Sync 1 DAGs
[2024-10-26T07:05:55.466+0000] {logging_mixin.py:190} INFO - [2024-10-26T07:05:55.466+0000] {dag.py:4180} INFO - Setting next_dagrun for example_bash_operator to 2024-10-25 00:00:00+00:00, run_after=2024-10-26 00:00:00+00:00
[2024-10-26T07:05:55.475+0000] {processor.py:208} INFO - Processing /home/airflow/.local/lib/python3.12/site-packages/airflow/example_dags/example_bash_operator.py took 0.059 seconds
[2024-10-26T07:06:25.639+0000] {processor.py:186} INFO - Started process (PID=76133) to work on /home/airflow/.local/lib/python3.12/site-packages/airflow/example_dags/example_bash_operator.py
[2024-10-26T07:06:25.639+0000] {processor.py:914} INFO - Processing file /home/airflow/.local/lib/python3.12/site-packages/airflow/example_dags/example_bash_operator.py for tasks to queue
[2024-10-26T07:06:25.640+0000] {logging_mixin.py:190} INFO - [2024-10-26T07:06:25.639+0000] {dagbag.py:588} INFO - Filling up the DagBag from /home/airflow/.local/lib/python3.12/site-packages/airflow/example_dags/example_bash_operator.py
[2024-10-26T07:06:25.646+0000] {processor.py:925} INFO - DAG(s) 'example_bash_operator' retrieved from /home/airflow/.local/lib/python3.12/site-packages/airflow/example_dags/example_bash_operator.py
[2024-10-26T07:06:25.657+0000] {logging_mixin.py:190} INFO - [2024-10-26T07:06:25.657+0000] {dag.py:3239} INFO - Sync 1 DAGs
[2024-10-26T07:06:25.667+0000] {logging_mixin.py:190} INFO - [2024-10-26T07:06:25.667+0000] {dag.py:4180} INFO - Setting next_dagrun for example_bash_operator to 2024-10-25 00:00:00+00:00, run_after=2024-10-26 00:00:00+00:00
[2024-10-26T07:06:25.674+0000] {processor.py:208} INFO - Processing /home/airflow/.local/lib/python3.12/site-packages/airflow/example_dags/example_bash_operator.py took 0.038 seconds
[2024-10-26T07:06:56.178+0000] {processor.py:186} INFO - Started process (PID=76422) to work on /home/airflow/.local/lib/python3.12/site-packages/airflow/example_dags/example_bash_operator.py
[2024-10-26T07:06:56.179+0000] {processor.py:914} INFO - Processing file /home/airflow/.local/lib/python3.12/site-packages/airflow/example_dags/example_bash_operator.py for tasks to queue
[2024-10-26T07:06:56.181+0000] {logging_mixin.py:190} INFO - [2024-10-26T07:06:56.180+0000] {dagbag.py:588} INFO - Filling up the DagBag from /home/airflow/.local/lib/python3.12/site-packages/airflow/example_dags/example_bash_operator.py
[2024-10-26T07:06:56.190+0000] {processor.py:925} INFO - DAG(s) 'example_bash_operator' retrieved from /home/airflow/.local/lib/python3.12/site-packages/airflow/example_dags/example_bash_operator.py
[2024-10-26T07:06:56.202+0000] {logging_mixin.py:190} INFO - [2024-10-26T07:06:56.202+0000] {dag.py:3239} INFO - Sync 1 DAGs
[2024-10-26T07:06:56.212+0000] {logging_mixin.py:190} INFO - [2024-10-26T07:06:56.212+0000] {dag.py:4180} INFO - Setting next_dagrun for example_bash_operator to 2024-10-25 00:00:00+00:00, run_after=2024-10-26 00:00:00+00:00
[2024-10-26T07:06:56.220+0000] {processor.py:208} INFO - Processing /home/airflow/.local/lib/python3.12/site-packages/airflow/example_dags/example_bash_operator.py took 0.045 seconds
[2024-10-26T07:07:26.491+0000] {processor.py:186} INFO - Started process (PID=76715) to work on /home/airflow/.local/lib/python3.12/site-packages/airflow/example_dags/example_bash_operator.py
[2024-10-26T07:07:26.491+0000] {processor.py:914} INFO - Processing file /home/airflow/.local/lib/python3.12/site-packages/airflow/example_dags/example_bash_operator.py for tasks to queue
[2024-10-26T07:07:26.492+0000] {logging_mixin.py:190} INFO - [2024-10-26T07:07:26.491+0000] {dagbag.py:588} INFO - Filling up the DagBag from /home/airflow/.local/lib/python3.12/site-packages/airflow/example_dags/example_bash_operator.py
[2024-10-26T07:07:26.498+0000] {processor.py:925} INFO - DAG(s) 'example_bash_operator' retrieved from /home/airflow/.local/lib/python3.12/site-packages/airflow/example_dags/example_bash_operator.py
[2024-10-26T07:07:26.511+0000] {logging_mixin.py:190} INFO - [2024-10-26T07:07:26.510+0000] {dag.py:3239} INFO - Sync 1 DAGs
[2024-10-26T07:07:26.522+0000] {logging_mixin.py:190} INFO - [2024-10-26T07:07:26.522+0000] {dag.py:4180} INFO - Setting next_dagrun for example_bash_operator to 2024-10-25 00:00:00+00:00, run_after=2024-10-26 00:00:00+00:00
[2024-10-26T07:07:26.529+0000] {processor.py:208} INFO - Processing /home/airflow/.local/lib/python3.12/site-packages/airflow/example_dags/example_bash_operator.py took 0.041 seconds
[2024-10-26T07:07:57.572+0000] {processor.py:186} INFO - Started process (PID=77006) to work on /home/airflow/.local/lib/python3.12/site-packages/airflow/example_dags/example_bash_operator.py
[2024-10-26T07:07:57.573+0000] {processor.py:914} INFO - Processing file /home/airflow/.local/lib/python3.12/site-packages/airflow/example_dags/example_bash_operator.py for tasks to queue
[2024-10-26T07:07:57.574+0000] {logging_mixin.py:190} INFO - [2024-10-26T07:07:57.573+0000] {dagbag.py:588} INFO - Filling up the DagBag from /home/airflow/.local/lib/python3.12/site-packages/airflow/example_dags/example_bash_operator.py
[2024-10-26T07:07:57.583+0000] {processor.py:925} INFO - DAG(s) 'example_bash_operator' retrieved from /home/airflow/.local/lib/python3.12/site-packages/airflow/example_dags/example_bash_operator.py
[2024-10-26T07:07:57.597+0000] {logging_mixin.py:190} INFO - [2024-10-26T07:07:57.597+0000] {dag.py:3239} INFO - Sync 1 DAGs
[2024-10-26T07:07:57.610+0000] {logging_mixin.py:190} INFO - [2024-10-26T07:07:57.610+0000] {dag.py:4180} INFO - Setting next_dagrun for example_bash_operator to 2024-10-25 00:00:00+00:00, run_after=2024-10-26 00:00:00+00:00
[2024-10-26T07:07:57.619+0000] {processor.py:208} INFO - Processing /home/airflow/.local/lib/python3.12/site-packages/airflow/example_dags/example_bash_operator.py took 0.051 seconds
[2024-10-26T07:08:28.353+0000] {processor.py:186} INFO - Started process (PID=77295) to work on /home/airflow/.local/lib/python3.12/site-packages/airflow/example_dags/example_bash_operator.py
[2024-10-26T07:08:28.355+0000] {processor.py:914} INFO - Processing file /home/airflow/.local/lib/python3.12/site-packages/airflow/example_dags/example_bash_operator.py for tasks to queue
[2024-10-26T07:08:28.356+0000] {logging_mixin.py:190} INFO - [2024-10-26T07:08:28.356+0000] {dagbag.py:588} INFO - Filling up the DagBag from /home/airflow/.local/lib/python3.12/site-packages/airflow/example_dags/example_bash_operator.py
[2024-10-26T07:08:28.364+0000] {processor.py:925} INFO - DAG(s) 'example_bash_operator' retrieved from /home/airflow/.local/lib/python3.12/site-packages/airflow/example_dags/example_bash_operator.py
[2024-10-26T07:08:28.377+0000] {logging_mixin.py:190} INFO - [2024-10-26T07:08:28.377+0000] {dag.py:3239} INFO - Sync 1 DAGs
[2024-10-26T07:08:28.387+0000] {logging_mixin.py:190} INFO - [2024-10-26T07:08:28.387+0000] {dag.py:4180} INFO - Setting next_dagrun for example_bash_operator to 2024-10-25 00:00:00+00:00, run_after=2024-10-26 00:00:00+00:00
[2024-10-26T07:08:28.395+0000] {processor.py:208} INFO - Processing /home/airflow/.local/lib/python3.12/site-packages/airflow/example_dags/example_bash_operator.py took 0.045 seconds
[2024-10-26T07:08:59.447+0000] {processor.py:186} INFO - Started process (PID=77586) to work on /home/airflow/.local/lib/python3.12/site-packages/airflow/example_dags/example_bash_operator.py
[2024-10-26T07:08:59.448+0000] {processor.py:914} INFO - Processing file /home/airflow/.local/lib/python3.12/site-packages/airflow/example_dags/example_bash_operator.py for tasks to queue
[2024-10-26T07:08:59.448+0000] {logging_mixin.py:190} INFO - [2024-10-26T07:08:59.448+0000] {dagbag.py:588} INFO - Filling up the DagBag from /home/airflow/.local/lib/python3.12/site-packages/airflow/example_dags/example_bash_operator.py
[2024-10-26T07:08:59.455+0000] {processor.py:925} INFO - DAG(s) 'example_bash_operator' retrieved from /home/airflow/.local/lib/python3.12/site-packages/airflow/example_dags/example_bash_operator.py
[2024-10-26T07:08:59.466+0000] {logging_mixin.py:190} INFO - [2024-10-26T07:08:59.466+0000] {dag.py:3239} INFO - Sync 1 DAGs
[2024-10-26T07:08:59.478+0000] {logging_mixin.py:190} INFO - [2024-10-26T07:08:59.478+0000] {dag.py:4180} INFO - Setting next_dagrun for example_bash_operator to 2024-10-25 00:00:00+00:00, run_after=2024-10-26 00:00:00+00:00
[2024-10-26T07:08:59.485+0000] {processor.py:208} INFO - Processing /home/airflow/.local/lib/python3.12/site-packages/airflow/example_dags/example_bash_operator.py took 0.041 seconds
[2024-10-26T07:09:30.853+0000] {processor.py:186} INFO - Started process (PID=77884) to work on /home/airflow/.local/lib/python3.12/site-packages/airflow/example_dags/example_bash_operator.py
[2024-10-26T07:09:30.854+0000] {processor.py:914} INFO - Processing file /home/airflow/.local/lib/python3.12/site-packages/airflow/example_dags/example_bash_operator.py for tasks to queue
[2024-10-26T07:09:30.854+0000] {logging_mixin.py:190} INFO - [2024-10-26T07:09:30.854+0000] {dagbag.py:588} INFO - Filling up the DagBag from /home/airflow/.local/lib/python3.12/site-packages/airflow/example_dags/example_bash_operator.py
[2024-10-26T07:09:30.860+0000] {processor.py:925} INFO - DAG(s) 'example_bash_operator' retrieved from /home/airflow/.local/lib/python3.12/site-packages/airflow/example_dags/example_bash_operator.py
[2024-10-26T07:09:30.872+0000] {logging_mixin.py:190} INFO - [2024-10-26T07:09:30.872+0000] {dag.py:3239} INFO - Sync 1 DAGs
[2024-10-26T07:09:30.882+0000] {logging_mixin.py:190} INFO - [2024-10-26T07:09:30.882+0000] {dag.py:4180} INFO - Setting next_dagrun for example_bash_operator to 2024-10-25 00:00:00+00:00, run_after=2024-10-26 00:00:00+00:00
[2024-10-26T07:09:30.890+0000] {processor.py:208} INFO - Processing /home/airflow/.local/lib/python3.12/site-packages/airflow/example_dags/example_bash_operator.py took 0.040 seconds
[2024-10-26T07:10:02.002+0000] {processor.py:186} INFO - Started process (PID=78178) to work on /home/airflow/.local/lib/python3.12/site-packages/airflow/example_dags/example_bash_operator.py
[2024-10-26T07:10:02.004+0000] {processor.py:914} INFO - Processing file /home/airflow/.local/lib/python3.12/site-packages/airflow/example_dags/example_bash_operator.py for tasks to queue
[2024-10-26T07:10:02.006+0000] {logging_mixin.py:190} INFO - [2024-10-26T07:10:02.006+0000] {dagbag.py:588} INFO - Filling up the DagBag from /home/airflow/.local/lib/python3.12/site-packages/airflow/example_dags/example_bash_operator.py
[2024-10-26T07:10:02.014+0000] {processor.py:925} INFO - DAG(s) 'example_bash_operator' retrieved from /home/airflow/.local/lib/python3.12/site-packages/airflow/example_dags/example_bash_operator.py
[2024-10-26T07:10:02.034+0000] {logging_mixin.py:190} INFO - [2024-10-26T07:10:02.034+0000] {dag.py:3239} INFO - Sync 1 DAGs
[2024-10-26T07:10:02.060+0000] {logging_mixin.py:190} INFO - [2024-10-26T07:10:02.060+0000] {dag.py:4180} INFO - Setting next_dagrun for example_bash_operator to 2024-10-25 00:00:00+00:00, run_after=2024-10-26 00:00:00+00:00
[2024-10-26T07:10:02.078+0000] {processor.py:208} INFO - Processing /home/airflow/.local/lib/python3.12/site-packages/airflow/example_dags/example_bash_operator.py took 0.079 seconds
[2024-10-26T07:10:33.749+0000] {processor.py:186} INFO - Started process (PID=78475) to work on /home/airflow/.local/lib/python3.12/site-packages/airflow/example_dags/example_bash_operator.py
[2024-10-26T07:10:33.750+0000] {processor.py:914} INFO - Processing file /home/airflow/.local/lib/python3.12/site-packages/airflow/example_dags/example_bash_operator.py for tasks to queue
[2024-10-26T07:10:33.750+0000] {logging_mixin.py:190} INFO - [2024-10-26T07:10:33.750+0000] {dagbag.py:588} INFO - Filling up the DagBag from /home/airflow/.local/lib/python3.12/site-packages/airflow/example_dags/example_bash_operator.py
[2024-10-26T07:10:33.758+0000] {processor.py:925} INFO - DAG(s) 'example_bash_operator' retrieved from /home/airflow/.local/lib/python3.12/site-packages/airflow/example_dags/example_bash_operator.py
[2024-10-26T07:10:33.773+0000] {logging_mixin.py:190} INFO - [2024-10-26T07:10:33.773+0000] {dag.py:3239} INFO - Sync 1 DAGs
[2024-10-26T07:10:33.786+0000] {logging_mixin.py:190} INFO - [2024-10-26T07:10:33.786+0000] {dag.py:4180} INFO - Setting next_dagrun for example_bash_operator to 2024-10-25 00:00:00+00:00, run_after=2024-10-26 00:00:00+00:00
[2024-10-26T07:10:33.796+0000] {processor.py:208} INFO - Processing /home/airflow/.local/lib/python3.12/site-packages/airflow/example_dags/example_bash_operator.py took 0.049 seconds
[2024-10-26T07:11:05.362+0000] {processor.py:186} INFO - Started process (PID=78771) to work on /home/airflow/.local/lib/python3.12/site-packages/airflow/example_dags/example_bash_operator.py
[2024-10-26T07:11:05.363+0000] {processor.py:914} INFO - Processing file /home/airflow/.local/lib/python3.12/site-packages/airflow/example_dags/example_bash_operator.py for tasks to queue
[2024-10-26T07:11:05.363+0000] {logging_mixin.py:190} INFO - [2024-10-26T07:11:05.363+0000] {dagbag.py:588} INFO - Filling up the DagBag from /home/airflow/.local/lib/python3.12/site-packages/airflow/example_dags/example_bash_operator.py
[2024-10-26T07:11:05.371+0000] {processor.py:925} INFO - DAG(s) 'example_bash_operator' retrieved from /home/airflow/.local/lib/python3.12/site-packages/airflow/example_dags/example_bash_operator.py
[2024-10-26T07:11:05.386+0000] {logging_mixin.py:190} INFO - [2024-10-26T07:11:05.386+0000] {dag.py:3239} INFO - Sync 1 DAGs
[2024-10-26T07:11:05.400+0000] {logging_mixin.py:190} INFO - [2024-10-26T07:11:05.400+0000] {dag.py:4180} INFO - Setting next_dagrun for example_bash_operator to 2024-10-25 00:00:00+00:00, run_after=2024-10-26 00:00:00+00:00
[2024-10-26T07:11:05.411+0000] {processor.py:208} INFO - Processing /home/airflow/.local/lib/python3.12/site-packages/airflow/example_dags/example_bash_operator.py took 0.053 seconds
[2024-10-26T07:11:35.560+0000] {processor.py:186} INFO - Started process (PID=79057) to work on /home/airflow/.local/lib/python3.12/site-packages/airflow/example_dags/example_bash_operator.py
[2024-10-26T07:11:35.561+0000] {processor.py:914} INFO - Processing file /home/airflow/.local/lib/python3.12/site-packages/airflow/example_dags/example_bash_operator.py for tasks to queue
[2024-10-26T07:11:35.562+0000] {logging_mixin.py:190} INFO - [2024-10-26T07:11:35.562+0000] {dagbag.py:588} INFO - Filling up the DagBag from /home/airflow/.local/lib/python3.12/site-packages/airflow/example_dags/example_bash_operator.py
[2024-10-26T07:11:35.574+0000] {processor.py:925} INFO - DAG(s) 'example_bash_operator' retrieved from /home/airflow/.local/lib/python3.12/site-packages/airflow/example_dags/example_bash_operator.py
[2024-10-26T07:11:35.591+0000] {logging_mixin.py:190} INFO - [2024-10-26T07:11:35.590+0000] {dag.py:3239} INFO - Sync 1 DAGs
[2024-10-26T07:11:35.611+0000] {logging_mixin.py:190} INFO - [2024-10-26T07:11:35.611+0000] {dag.py:4180} INFO - Setting next_dagrun for example_bash_operator to 2024-10-25 00:00:00+00:00, run_after=2024-10-26 00:00:00+00:00
[2024-10-26T07:11:35.630+0000] {processor.py:208} INFO - Processing /home/airflow/.local/lib/python3.12/site-packages/airflow/example_dags/example_bash_operator.py took 0.075 seconds
[2024-10-26T07:12:06.370+0000] {processor.py:186} INFO - Started process (PID=79353) to work on /home/airflow/.local/lib/python3.12/site-packages/airflow/example_dags/example_bash_operator.py
[2024-10-26T07:12:06.371+0000] {processor.py:914} INFO - Processing file /home/airflow/.local/lib/python3.12/site-packages/airflow/example_dags/example_bash_operator.py for tasks to queue
[2024-10-26T07:12:06.371+0000] {logging_mixin.py:190} INFO - [2024-10-26T07:12:06.371+0000] {dagbag.py:588} INFO - Filling up the DagBag from /home/airflow/.local/lib/python3.12/site-packages/airflow/example_dags/example_bash_operator.py
[2024-10-26T07:12:06.379+0000] {processor.py:925} INFO - DAG(s) 'example_bash_operator' retrieved from /home/airflow/.local/lib/python3.12/site-packages/airflow/example_dags/example_bash_operator.py
[2024-10-26T07:12:06.395+0000] {logging_mixin.py:190} INFO - [2024-10-26T07:12:06.395+0000] {dag.py:3239} INFO - Sync 1 DAGs
[2024-10-26T07:12:06.409+0000] {logging_mixin.py:190} INFO - [2024-10-26T07:12:06.409+0000] {dag.py:4180} INFO - Setting next_dagrun for example_bash_operator to 2024-10-25 00:00:00+00:00, run_after=2024-10-26 00:00:00+00:00
[2024-10-26T07:12:06.548+0000] {processor.py:208} INFO - Processing /home/airflow/.local/lib/python3.12/site-packages/airflow/example_dags/example_bash_operator.py took 0.182 seconds
[2024-10-26T07:12:37.452+0000] {processor.py:186} INFO - Started process (PID=79644) to work on /home/airflow/.local/lib/python3.12/site-packages/airflow/example_dags/example_bash_operator.py
[2024-10-26T07:12:37.453+0000] {processor.py:914} INFO - Processing file /home/airflow/.local/lib/python3.12/site-packages/airflow/example_dags/example_bash_operator.py for tasks to queue
[2024-10-26T07:12:37.454+0000] {logging_mixin.py:190} INFO - [2024-10-26T07:12:37.453+0000] {dagbag.py:588} INFO - Filling up the DagBag from /home/airflow/.local/lib/python3.12/site-packages/airflow/example_dags/example_bash_operator.py
[2024-10-26T07:12:37.461+0000] {processor.py:925} INFO - DAG(s) 'example_bash_operator' retrieved from /home/airflow/.local/lib/python3.12/site-packages/airflow/example_dags/example_bash_operator.py
[2024-10-26T07:12:37.474+0000] {logging_mixin.py:190} INFO - [2024-10-26T07:12:37.474+0000] {dag.py:3239} INFO - Sync 1 DAGs
[2024-10-26T07:12:37.487+0000] {logging_mixin.py:190} INFO - [2024-10-26T07:12:37.487+0000] {dag.py:4180} INFO - Setting next_dagrun for example_bash_operator to 2024-10-25 00:00:00+00:00, run_after=2024-10-26 00:00:00+00:00
[2024-10-26T07:12:37.497+0000] {processor.py:208} INFO - Processing /home/airflow/.local/lib/python3.12/site-packages/airflow/example_dags/example_bash_operator.py took 0.048 seconds
[2024-10-26T07:13:08.483+0000] {processor.py:186} INFO - Started process (PID=79934) to work on /home/airflow/.local/lib/python3.12/site-packages/airflow/example_dags/example_bash_operator.py
[2024-10-26T07:13:08.484+0000] {processor.py:914} INFO - Processing file /home/airflow/.local/lib/python3.12/site-packages/airflow/example_dags/example_bash_operator.py for tasks to queue
[2024-10-26T07:13:08.485+0000] {logging_mixin.py:190} INFO - [2024-10-26T07:13:08.485+0000] {dagbag.py:588} INFO - Filling up the DagBag from /home/airflow/.local/lib/python3.12/site-packages/airflow/example_dags/example_bash_operator.py
[2024-10-26T07:13:08.492+0000] {processor.py:925} INFO - DAG(s) 'example_bash_operator' retrieved from /home/airflow/.local/lib/python3.12/site-packages/airflow/example_dags/example_bash_operator.py
[2024-10-26T07:13:08.510+0000] {logging_mixin.py:190} INFO - [2024-10-26T07:13:08.510+0000] {dag.py:3239} INFO - Sync 1 DAGs
[2024-10-26T07:13:08.528+0000] {logging_mixin.py:190} INFO - [2024-10-26T07:13:08.527+0000] {dag.py:4180} INFO - Setting next_dagrun for example_bash_operator to 2024-10-25 00:00:00+00:00, run_after=2024-10-26 00:00:00+00:00
[2024-10-26T07:13:08.590+0000] {processor.py:208} INFO - Processing /home/airflow/.local/lib/python3.12/site-packages/airflow/example_dags/example_bash_operator.py took 0.110 seconds
[2024-10-26T07:13:39.346+0000] {processor.py:186} INFO - Started process (PID=80225) to work on /home/airflow/.local/lib/python3.12/site-packages/airflow/example_dags/example_bash_operator.py
[2024-10-26T07:13:39.347+0000] {processor.py:914} INFO - Processing file /home/airflow/.local/lib/python3.12/site-packages/airflow/example_dags/example_bash_operator.py for tasks to queue
[2024-10-26T07:13:39.348+0000] {logging_mixin.py:190} INFO - [2024-10-26T07:13:39.348+0000] {dagbag.py:588} INFO - Filling up the DagBag from /home/airflow/.local/lib/python3.12/site-packages/airflow/example_dags/example_bash_operator.py
[2024-10-26T07:13:39.356+0000] {processor.py:925} INFO - DAG(s) 'example_bash_operator' retrieved from /home/airflow/.local/lib/python3.12/site-packages/airflow/example_dags/example_bash_operator.py
[2024-10-26T07:13:39.374+0000] {logging_mixin.py:190} INFO - [2024-10-26T07:13:39.374+0000] {dag.py:3239} INFO - Sync 1 DAGs
[2024-10-26T07:13:39.391+0000] {logging_mixin.py:190} INFO - [2024-10-26T07:13:39.391+0000] {dag.py:4180} INFO - Setting next_dagrun for example_bash_operator to 2024-10-25 00:00:00+00:00, run_after=2024-10-26 00:00:00+00:00
[2024-10-26T07:13:39.402+0000] {processor.py:208} INFO - Processing /home/airflow/.local/lib/python3.12/site-packages/airflow/example_dags/example_bash_operator.py took 0.059 seconds
[2024-10-26T07:14:10.351+0000] {processor.py:186} INFO - Started process (PID=80516) to work on /home/airflow/.local/lib/python3.12/site-packages/airflow/example_dags/example_bash_operator.py
[2024-10-26T07:14:10.352+0000] {processor.py:914} INFO - Processing file /home/airflow/.local/lib/python3.12/site-packages/airflow/example_dags/example_bash_operator.py for tasks to queue
[2024-10-26T07:14:10.353+0000] {logging_mixin.py:190} INFO - [2024-10-26T07:14:10.353+0000] {dagbag.py:588} INFO - Filling up the DagBag from /home/airflow/.local/lib/python3.12/site-packages/airflow/example_dags/example_bash_operator.py
[2024-10-26T07:14:10.361+0000] {processor.py:925} INFO - DAG(s) 'example_bash_operator' retrieved from /home/airflow/.local/lib/python3.12/site-packages/airflow/example_dags/example_bash_operator.py
[2024-10-26T07:14:10.374+0000] {logging_mixin.py:190} INFO - [2024-10-26T07:14:10.373+0000] {dag.py:3239} INFO - Sync 1 DAGs
[2024-10-26T07:14:10.512+0000] {logging_mixin.py:190} INFO - [2024-10-26T07:14:10.511+0000] {dag.py:4180} INFO - Setting next_dagrun for example_bash_operator to 2024-10-25 00:00:00+00:00, run_after=2024-10-26 00:00:00+00:00
[2024-10-26T07:14:10.525+0000] {processor.py:208} INFO - Processing /home/airflow/.local/lib/python3.12/site-packages/airflow/example_dags/example_bash_operator.py took 0.177 seconds
[2024-10-26T07:14:41.908+0000] {processor.py:186} INFO - Started process (PID=80807) to work on /home/airflow/.local/lib/python3.12/site-packages/airflow/example_dags/example_bash_operator.py
[2024-10-26T07:14:41.909+0000] {processor.py:914} INFO - Processing file /home/airflow/.local/lib/python3.12/site-packages/airflow/example_dags/example_bash_operator.py for tasks to queue
[2024-10-26T07:14:41.911+0000] {logging_mixin.py:190} INFO - [2024-10-26T07:14:41.910+0000] {dagbag.py:588} INFO - Filling up the DagBag from /home/airflow/.local/lib/python3.12/site-packages/airflow/example_dags/example_bash_operator.py
[2024-10-26T07:14:41.920+0000] {processor.py:925} INFO - DAG(s) 'example_bash_operator' retrieved from /home/airflow/.local/lib/python3.12/site-packages/airflow/example_dags/example_bash_operator.py
[2024-10-26T07:14:41.939+0000] {logging_mixin.py:190} INFO - [2024-10-26T07:14:41.938+0000] {dag.py:3239} INFO - Sync 1 DAGs
[2024-10-26T07:14:42.115+0000] {logging_mixin.py:190} INFO - [2024-10-26T07:14:42.115+0000] {dag.py:4180} INFO - Setting next_dagrun for example_bash_operator to 2024-10-25 00:00:00+00:00, run_after=2024-10-26 00:00:00+00:00
[2024-10-26T07:14:42.149+0000] {processor.py:208} INFO - Processing /home/airflow/.local/lib/python3.12/site-packages/airflow/example_dags/example_bash_operator.py took 0.244 seconds
[2024-10-26T07:15:13.138+0000] {processor.py:186} INFO - Started process (PID=81098) to work on /home/airflow/.local/lib/python3.12/site-packages/airflow/example_dags/example_bash_operator.py
[2024-10-26T07:15:13.140+0000] {processor.py:914} INFO - Processing file /home/airflow/.local/lib/python3.12/site-packages/airflow/example_dags/example_bash_operator.py for tasks to queue
[2024-10-26T07:15:13.142+0000] {logging_mixin.py:190} INFO - [2024-10-26T07:15:13.142+0000] {dagbag.py:588} INFO - Filling up the DagBag from /home/airflow/.local/lib/python3.12/site-packages/airflow/example_dags/example_bash_operator.py
[2024-10-26T07:15:13.156+0000] {processor.py:925} INFO - DAG(s) 'example_bash_operator' retrieved from /home/airflow/.local/lib/python3.12/site-packages/airflow/example_dags/example_bash_operator.py
[2024-10-26T07:15:13.180+0000] {logging_mixin.py:190} INFO - [2024-10-26T07:15:13.179+0000] {dag.py:3239} INFO - Sync 1 DAGs
[2024-10-26T07:15:13.195+0000] {logging_mixin.py:190} INFO - [2024-10-26T07:15:13.194+0000] {dag.py:4180} INFO - Setting next_dagrun for example_bash_operator to 2024-10-25 00:00:00+00:00, run_after=2024-10-26 00:00:00+00:00
[2024-10-26T07:15:13.208+0000] {processor.py:208} INFO - Processing /home/airflow/.local/lib/python3.12/site-packages/airflow/example_dags/example_bash_operator.py took 0.078 seconds
[2024-10-26T07:15:43.542+0000] {processor.py:186} INFO - Started process (PID=81389) to work on /home/airflow/.local/lib/python3.12/site-packages/airflow/example_dags/example_bash_operator.py
[2024-10-26T07:15:43.545+0000] {processor.py:914} INFO - Processing file /home/airflow/.local/lib/python3.12/site-packages/airflow/example_dags/example_bash_operator.py for tasks to queue
[2024-10-26T07:15:43.547+0000] {logging_mixin.py:190} INFO - [2024-10-26T07:15:43.547+0000] {dagbag.py:588} INFO - Filling up the DagBag from /home/airflow/.local/lib/python3.12/site-packages/airflow/example_dags/example_bash_operator.py
[2024-10-26T07:15:43.557+0000] {processor.py:925} INFO - DAG(s) 'example_bash_operator' retrieved from /home/airflow/.local/lib/python3.12/site-packages/airflow/example_dags/example_bash_operator.py
[2024-10-26T07:15:43.574+0000] {logging_mixin.py:190} INFO - [2024-10-26T07:15:43.574+0000] {dag.py:3239} INFO - Sync 1 DAGs
[2024-10-26T07:15:43.586+0000] {logging_mixin.py:190} INFO - [2024-10-26T07:15:43.586+0000] {dag.py:4180} INFO - Setting next_dagrun for example_bash_operator to 2024-10-25 00:00:00+00:00, run_after=2024-10-26 00:00:00+00:00
[2024-10-26T07:15:43.595+0000] {processor.py:208} INFO - Processing /home/airflow/.local/lib/python3.12/site-packages/airflow/example_dags/example_bash_operator.py took 0.057 seconds
[2024-10-26T07:16:14.555+0000] {processor.py:186} INFO - Started process (PID=81680) to work on /home/airflow/.local/lib/python3.12/site-packages/airflow/example_dags/example_bash_operator.py
[2024-10-26T07:16:14.556+0000] {processor.py:914} INFO - Processing file /home/airflow/.local/lib/python3.12/site-packages/airflow/example_dags/example_bash_operator.py for tasks to queue
[2024-10-26T07:16:14.558+0000] {logging_mixin.py:190} INFO - [2024-10-26T07:16:14.557+0000] {dagbag.py:588} INFO - Filling up the DagBag from /home/airflow/.local/lib/python3.12/site-packages/airflow/example_dags/example_bash_operator.py
[2024-10-26T07:16:14.569+0000] {processor.py:925} INFO - DAG(s) 'example_bash_operator' retrieved from /home/airflow/.local/lib/python3.12/site-packages/airflow/example_dags/example_bash_operator.py
[2024-10-26T07:16:14.601+0000] {logging_mixin.py:190} INFO - [2024-10-26T07:16:14.600+0000] {dag.py:3239} INFO - Sync 1 DAGs
[2024-10-26T07:16:14.617+0000] {logging_mixin.py:190} INFO - [2024-10-26T07:16:14.617+0000] {dag.py:4180} INFO - Setting next_dagrun for example_bash_operator to 2024-10-25 00:00:00+00:00, run_after=2024-10-26 00:00:00+00:00
[2024-10-26T07:16:14.631+0000] {processor.py:208} INFO - Processing /home/airflow/.local/lib/python3.12/site-packages/airflow/example_dags/example_bash_operator.py took 0.081 seconds
[2024-10-26T07:16:44.922+0000] {processor.py:186} INFO - Started process (PID=81971) to work on /home/airflow/.local/lib/python3.12/site-packages/airflow/example_dags/example_bash_operator.py
[2024-10-26T07:16:44.926+0000] {processor.py:914} INFO - Processing file /home/airflow/.local/lib/python3.12/site-packages/airflow/example_dags/example_bash_operator.py for tasks to queue
[2024-10-26T07:16:44.928+0000] {logging_mixin.py:190} INFO - [2024-10-26T07:16:44.927+0000] {dagbag.py:588} INFO - Filling up the DagBag from /home/airflow/.local/lib/python3.12/site-packages/airflow/example_dags/example_bash_operator.py
[2024-10-26T07:16:44.941+0000] {processor.py:925} INFO - DAG(s) 'example_bash_operator' retrieved from /home/airflow/.local/lib/python3.12/site-packages/airflow/example_dags/example_bash_operator.py
[2024-10-26T07:16:44.959+0000] {logging_mixin.py:190} INFO - [2024-10-26T07:16:44.959+0000] {dag.py:3239} INFO - Sync 1 DAGs
[2024-10-26T07:16:44.971+0000] {logging_mixin.py:190} INFO - [2024-10-26T07:16:44.971+0000] {dag.py:4180} INFO - Setting next_dagrun for example_bash_operator to 2024-10-25 00:00:00+00:00, run_after=2024-10-26 00:00:00+00:00
[2024-10-26T07:16:44.979+0000] {processor.py:208} INFO - Processing /home/airflow/.local/lib/python3.12/site-packages/airflow/example_dags/example_bash_operator.py took 0.060 seconds
[2024-10-26T07:17:15.539+0000] {processor.py:186} INFO - Started process (PID=82261) to work on /home/airflow/.local/lib/python3.12/site-packages/airflow/example_dags/example_bash_operator.py
[2024-10-26T07:17:15.542+0000] {processor.py:914} INFO - Processing file /home/airflow/.local/lib/python3.12/site-packages/airflow/example_dags/example_bash_operator.py for tasks to queue
[2024-10-26T07:17:15.543+0000] {logging_mixin.py:190} INFO - [2024-10-26T07:17:15.543+0000] {dagbag.py:588} INFO - Filling up the DagBag from /home/airflow/.local/lib/python3.12/site-packages/airflow/example_dags/example_bash_operator.py
[2024-10-26T07:17:15.557+0000] {processor.py:925} INFO - DAG(s) 'example_bash_operator' retrieved from /home/airflow/.local/lib/python3.12/site-packages/airflow/example_dags/example_bash_operator.py
[2024-10-26T07:17:15.581+0000] {logging_mixin.py:190} INFO - [2024-10-26T07:17:15.581+0000] {dag.py:3239} INFO - Sync 1 DAGs
[2024-10-26T07:17:15.598+0000] {logging_mixin.py:190} INFO - [2024-10-26T07:17:15.598+0000] {dag.py:4180} INFO - Setting next_dagrun for example_bash_operator to 2024-10-25 00:00:00+00:00, run_after=2024-10-26 00:00:00+00:00
[2024-10-26T07:17:15.607+0000] {processor.py:208} INFO - Processing /home/airflow/.local/lib/python3.12/site-packages/airflow/example_dags/example_bash_operator.py took 0.073 seconds
[2024-10-26T07:17:45.692+0000] {processor.py:186} INFO - Started process (PID=82547) to work on /home/airflow/.local/lib/python3.12/site-packages/airflow/example_dags/example_bash_operator.py
[2024-10-26T07:17:45.692+0000] {processor.py:914} INFO - Processing file /home/airflow/.local/lib/python3.12/site-packages/airflow/example_dags/example_bash_operator.py for tasks to queue
[2024-10-26T07:17:45.693+0000] {logging_mixin.py:190} INFO - [2024-10-26T07:17:45.693+0000] {dagbag.py:588} INFO - Filling up the DagBag from /home/airflow/.local/lib/python3.12/site-packages/airflow/example_dags/example_bash_operator.py
[2024-10-26T07:17:45.700+0000] {processor.py:925} INFO - DAG(s) 'example_bash_operator' retrieved from /home/airflow/.local/lib/python3.12/site-packages/airflow/example_dags/example_bash_operator.py
[2024-10-26T07:17:45.713+0000] {logging_mixin.py:190} INFO - [2024-10-26T07:17:45.713+0000] {dag.py:3239} INFO - Sync 1 DAGs
[2024-10-26T07:17:45.726+0000] {logging_mixin.py:190} INFO - [2024-10-26T07:17:45.726+0000] {dag.py:4180} INFO - Setting next_dagrun for example_bash_operator to 2024-10-25 00:00:00+00:00, run_after=2024-10-26 00:00:00+00:00
[2024-10-26T07:17:45.735+0000] {processor.py:208} INFO - Processing /home/airflow/.local/lib/python3.12/site-packages/airflow/example_dags/example_bash_operator.py took 0.047 seconds
[2024-10-26T07:18:17.060+0000] {processor.py:186} INFO - Started process (PID=82845) to work on /home/airflow/.local/lib/python3.12/site-packages/airflow/example_dags/example_bash_operator.py
[2024-10-26T07:18:17.062+0000] {processor.py:914} INFO - Processing file /home/airflow/.local/lib/python3.12/site-packages/airflow/example_dags/example_bash_operator.py for tasks to queue
[2024-10-26T07:18:17.063+0000] {logging_mixin.py:190} INFO - [2024-10-26T07:18:17.063+0000] {dagbag.py:588} INFO - Filling up the DagBag from /home/airflow/.local/lib/python3.12/site-packages/airflow/example_dags/example_bash_operator.py
[2024-10-26T07:18:17.070+0000] {processor.py:925} INFO - DAG(s) 'example_bash_operator' retrieved from /home/airflow/.local/lib/python3.12/site-packages/airflow/example_dags/example_bash_operator.py
[2024-10-26T07:18:17.090+0000] {logging_mixin.py:190} INFO - [2024-10-26T07:18:17.090+0000] {dag.py:3239} INFO - Sync 1 DAGs
[2024-10-26T07:18:17.117+0000] {logging_mixin.py:190} INFO - [2024-10-26T07:18:17.117+0000] {dag.py:4180} INFO - Setting next_dagrun for example_bash_operator to 2024-10-25 00:00:00+00:00, run_after=2024-10-26 00:00:00+00:00
[2024-10-26T07:18:17.126+0000] {processor.py:208} INFO - Processing /home/airflow/.local/lib/python3.12/site-packages/airflow/example_dags/example_bash_operator.py took 0.070 seconds
[2024-10-26T07:18:48.120+0000] {processor.py:186} INFO - Started process (PID=83134) to work on /home/airflow/.local/lib/python3.12/site-packages/airflow/example_dags/example_bash_operator.py
[2024-10-26T07:18:48.120+0000] {processor.py:914} INFO - Processing file /home/airflow/.local/lib/python3.12/site-packages/airflow/example_dags/example_bash_operator.py for tasks to queue
[2024-10-26T07:18:48.121+0000] {logging_mixin.py:190} INFO - [2024-10-26T07:18:48.121+0000] {dagbag.py:588} INFO - Filling up the DagBag from /home/airflow/.local/lib/python3.12/site-packages/airflow/example_dags/example_bash_operator.py
[2024-10-26T07:18:48.127+0000] {processor.py:925} INFO - DAG(s) 'example_bash_operator' retrieved from /home/airflow/.local/lib/python3.12/site-packages/airflow/example_dags/example_bash_operator.py
[2024-10-26T07:18:48.140+0000] {logging_mixin.py:190} INFO - [2024-10-26T07:18:48.140+0000] {dag.py:3239} INFO - Sync 1 DAGs
[2024-10-26T07:18:48.152+0000] {logging_mixin.py:190} INFO - [2024-10-26T07:18:48.152+0000] {dag.py:4180} INFO - Setting next_dagrun for example_bash_operator to 2024-10-25 00:00:00+00:00, run_after=2024-10-26 00:00:00+00:00
[2024-10-26T07:18:48.164+0000] {processor.py:208} INFO - Processing /home/airflow/.local/lib/python3.12/site-packages/airflow/example_dags/example_bash_operator.py took 0.049 seconds
[2024-10-26T07:19:18.512+0000] {processor.py:186} INFO - Started process (PID=83424) to work on /home/airflow/.local/lib/python3.12/site-packages/airflow/example_dags/example_bash_operator.py
[2024-10-26T07:19:18.513+0000] {processor.py:914} INFO - Processing file /home/airflow/.local/lib/python3.12/site-packages/airflow/example_dags/example_bash_operator.py for tasks to queue
[2024-10-26T07:19:18.515+0000] {logging_mixin.py:190} INFO - [2024-10-26T07:19:18.515+0000] {dagbag.py:588} INFO - Filling up the DagBag from /home/airflow/.local/lib/python3.12/site-packages/airflow/example_dags/example_bash_operator.py
[2024-10-26T07:19:18.524+0000] {processor.py:925} INFO - DAG(s) 'example_bash_operator' retrieved from /home/airflow/.local/lib/python3.12/site-packages/airflow/example_dags/example_bash_operator.py
[2024-10-26T07:19:18.536+0000] {logging_mixin.py:190} INFO - [2024-10-26T07:19:18.536+0000] {dag.py:3239} INFO - Sync 1 DAGs
[2024-10-26T07:19:18.547+0000] {logging_mixin.py:190} INFO - [2024-10-26T07:19:18.547+0000] {dag.py:4180} INFO - Setting next_dagrun for example_bash_operator to 2024-10-25 00:00:00+00:00, run_after=2024-10-26 00:00:00+00:00
[2024-10-26T07:19:18.555+0000] {processor.py:208} INFO - Processing /home/airflow/.local/lib/python3.12/site-packages/airflow/example_dags/example_bash_operator.py took 0.046 seconds
[2024-10-26T07:19:50.001+0000] {processor.py:186} INFO - Started process (PID=83715) to work on /home/airflow/.local/lib/python3.12/site-packages/airflow/example_dags/example_bash_operator.py
[2024-10-26T07:19:50.002+0000] {processor.py:914} INFO - Processing file /home/airflow/.local/lib/python3.12/site-packages/airflow/example_dags/example_bash_operator.py for tasks to queue
[2024-10-26T07:19:50.002+0000] {logging_mixin.py:190} INFO - [2024-10-26T07:19:50.002+0000] {dagbag.py:588} INFO - Filling up the DagBag from /home/airflow/.local/lib/python3.12/site-packages/airflow/example_dags/example_bash_operator.py
[2024-10-26T07:19:50.010+0000] {processor.py:925} INFO - DAG(s) 'example_bash_operator' retrieved from /home/airflow/.local/lib/python3.12/site-packages/airflow/example_dags/example_bash_operator.py
[2024-10-26T07:19:50.024+0000] {logging_mixin.py:190} INFO - [2024-10-26T07:19:50.024+0000] {dag.py:3239} INFO - Sync 1 DAGs
[2024-10-26T07:19:50.038+0000] {logging_mixin.py:190} INFO - [2024-10-26T07:19:50.037+0000] {dag.py:4180} INFO - Setting next_dagrun for example_bash_operator to 2024-10-25 00:00:00+00:00, run_after=2024-10-26 00:00:00+00:00
[2024-10-26T07:19:50.049+0000] {processor.py:208} INFO - Processing /home/airflow/.local/lib/python3.12/site-packages/airflow/example_dags/example_bash_operator.py took 0.053 seconds
[2024-10-26T07:20:20.863+0000] {processor.py:186} INFO - Started process (PID=84008) to work on /home/airflow/.local/lib/python3.12/site-packages/airflow/example_dags/example_bash_operator.py
[2024-10-26T07:20:20.864+0000] {processor.py:914} INFO - Processing file /home/airflow/.local/lib/python3.12/site-packages/airflow/example_dags/example_bash_operator.py for tasks to queue
[2024-10-26T07:20:20.865+0000] {logging_mixin.py:190} INFO - [2024-10-26T07:20:20.864+0000] {dagbag.py:588} INFO - Filling up the DagBag from /home/airflow/.local/lib/python3.12/site-packages/airflow/example_dags/example_bash_operator.py
[2024-10-26T07:20:20.874+0000] {processor.py:925} INFO - DAG(s) 'example_bash_operator' retrieved from /home/airflow/.local/lib/python3.12/site-packages/airflow/example_dags/example_bash_operator.py
[2024-10-26T07:20:20.902+0000] {logging_mixin.py:190} INFO - [2024-10-26T07:20:20.902+0000] {dag.py:3239} INFO - Sync 1 DAGs
[2024-10-26T07:20:20.934+0000] {logging_mixin.py:190} INFO - [2024-10-26T07:20:20.933+0000] {dag.py:4180} INFO - Setting next_dagrun for example_bash_operator to 2024-10-25 00:00:00+00:00, run_after=2024-10-26 00:00:00+00:00
[2024-10-26T07:20:20.957+0000] {processor.py:208} INFO - Processing /home/airflow/.local/lib/python3.12/site-packages/airflow/example_dags/example_bash_operator.py took 0.100 seconds
[2024-10-26T07:20:51.795+0000] {processor.py:186} INFO - Started process (PID=84297) to work on /home/airflow/.local/lib/python3.12/site-packages/airflow/example_dags/example_bash_operator.py
[2024-10-26T07:20:51.796+0000] {processor.py:914} INFO - Processing file /home/airflow/.local/lib/python3.12/site-packages/airflow/example_dags/example_bash_operator.py for tasks to queue
[2024-10-26T07:20:51.797+0000] {logging_mixin.py:190} INFO - [2024-10-26T07:20:51.797+0000] {dagbag.py:588} INFO - Filling up the DagBag from /home/airflow/.local/lib/python3.12/site-packages/airflow/example_dags/example_bash_operator.py
[2024-10-26T07:20:51.806+0000] {processor.py:925} INFO - DAG(s) 'example_bash_operator' retrieved from /home/airflow/.local/lib/python3.12/site-packages/airflow/example_dags/example_bash_operator.py
[2024-10-26T07:20:51.820+0000] {logging_mixin.py:190} INFO - [2024-10-26T07:20:51.820+0000] {dag.py:3239} INFO - Sync 1 DAGs
[2024-10-26T07:20:51.834+0000] {logging_mixin.py:190} INFO - [2024-10-26T07:20:51.834+0000] {dag.py:4180} INFO - Setting next_dagrun for example_bash_operator to 2024-10-25 00:00:00+00:00, run_after=2024-10-26 00:00:00+00:00
[2024-10-26T07:20:51.845+0000] {processor.py:208} INFO - Processing /home/airflow/.local/lib/python3.12/site-packages/airflow/example_dags/example_bash_operator.py took 0.054 seconds
[2024-10-26T07:21:22.544+0000] {processor.py:186} INFO - Started process (PID=84583) to work on /home/airflow/.local/lib/python3.12/site-packages/airflow/example_dags/example_bash_operator.py
[2024-10-26T07:21:22.546+0000] {processor.py:914} INFO - Processing file /home/airflow/.local/lib/python3.12/site-packages/airflow/example_dags/example_bash_operator.py for tasks to queue
[2024-10-26T07:21:22.546+0000] {logging_mixin.py:190} INFO - [2024-10-26T07:21:22.546+0000] {dagbag.py:588} INFO - Filling up the DagBag from /home/airflow/.local/lib/python3.12/site-packages/airflow/example_dags/example_bash_operator.py
[2024-10-26T07:21:22.553+0000] {processor.py:925} INFO - DAG(s) 'example_bash_operator' retrieved from /home/airflow/.local/lib/python3.12/site-packages/airflow/example_dags/example_bash_operator.py
[2024-10-26T07:21:22.568+0000] {logging_mixin.py:190} INFO - [2024-10-26T07:21:22.567+0000] {dag.py:3239} INFO - Sync 1 DAGs
[2024-10-26T07:21:22.582+0000] {logging_mixin.py:190} INFO - [2024-10-26T07:21:22.582+0000] {dag.py:4180} INFO - Setting next_dagrun for example_bash_operator to 2024-10-25 00:00:00+00:00, run_after=2024-10-26 00:00:00+00:00
[2024-10-26T07:21:22.593+0000] {processor.py:208} INFO - Processing /home/airflow/.local/lib/python3.12/site-packages/airflow/example_dags/example_bash_operator.py took 0.053 seconds
[2024-10-26T07:21:54.142+0000] {processor.py:186} INFO - Started process (PID=84874) to work on /home/airflow/.local/lib/python3.12/site-packages/airflow/example_dags/example_bash_operator.py
[2024-10-26T07:21:54.145+0000] {processor.py:914} INFO - Processing file /home/airflow/.local/lib/python3.12/site-packages/airflow/example_dags/example_bash_operator.py for tasks to queue
[2024-10-26T07:21:54.148+0000] {logging_mixin.py:190} INFO - [2024-10-26T07:21:54.147+0000] {dagbag.py:588} INFO - Filling up the DagBag from /home/airflow/.local/lib/python3.12/site-packages/airflow/example_dags/example_bash_operator.py
[2024-10-26T07:21:54.159+0000] {processor.py:925} INFO - DAG(s) 'example_bash_operator' retrieved from /home/airflow/.local/lib/python3.12/site-packages/airflow/example_dags/example_bash_operator.py
[2024-10-26T07:21:54.185+0000] {logging_mixin.py:190} INFO - [2024-10-26T07:21:54.185+0000] {dag.py:3239} INFO - Sync 1 DAGs
[2024-10-26T07:21:54.208+0000] {logging_mixin.py:190} INFO - [2024-10-26T07:21:54.208+0000] {dag.py:4180} INFO - Setting next_dagrun for example_bash_operator to 2024-10-25 00:00:00+00:00, run_after=2024-10-26 00:00:00+00:00
[2024-10-26T07:21:54.221+0000] {processor.py:208} INFO - Processing /home/airflow/.local/lib/python3.12/site-packages/airflow/example_dags/example_bash_operator.py took 0.085 seconds
[2024-10-26T07:22:24.329+0000] {processor.py:186} INFO - Started process (PID=85167) to work on /home/airflow/.local/lib/python3.12/site-packages/airflow/example_dags/example_bash_operator.py
[2024-10-26T07:22:24.329+0000] {processor.py:914} INFO - Processing file /home/airflow/.local/lib/python3.12/site-packages/airflow/example_dags/example_bash_operator.py for tasks to queue
[2024-10-26T07:22:24.330+0000] {logging_mixin.py:190} INFO - [2024-10-26T07:22:24.330+0000] {dagbag.py:588} INFO - Filling up the DagBag from /home/airflow/.local/lib/python3.12/site-packages/airflow/example_dags/example_bash_operator.py
[2024-10-26T07:22:24.338+0000] {processor.py:925} INFO - DAG(s) 'example_bash_operator' retrieved from /home/airflow/.local/lib/python3.12/site-packages/airflow/example_dags/example_bash_operator.py
[2024-10-26T07:22:24.354+0000] {logging_mixin.py:190} INFO - [2024-10-26T07:22:24.354+0000] {dag.py:3239} INFO - Sync 1 DAGs
[2024-10-26T07:22:24.364+0000] {logging_mixin.py:190} INFO - [2024-10-26T07:22:24.364+0000] {dag.py:4180} INFO - Setting next_dagrun for example_bash_operator to 2024-10-25 00:00:00+00:00, run_after=2024-10-26 00:00:00+00:00
[2024-10-26T07:22:24.372+0000] {processor.py:208} INFO - Processing /home/airflow/.local/lib/python3.12/site-packages/airflow/example_dags/example_bash_operator.py took 0.046 seconds
[2024-10-26T07:22:55.050+0000] {processor.py:186} INFO - Started process (PID=85456) to work on /home/airflow/.local/lib/python3.12/site-packages/airflow/example_dags/example_bash_operator.py
[2024-10-26T07:22:55.051+0000] {processor.py:914} INFO - Processing file /home/airflow/.local/lib/python3.12/site-packages/airflow/example_dags/example_bash_operator.py for tasks to queue
[2024-10-26T07:22:55.052+0000] {logging_mixin.py:190} INFO - [2024-10-26T07:22:55.052+0000] {dagbag.py:588} INFO - Filling up the DagBag from /home/airflow/.local/lib/python3.12/site-packages/airflow/example_dags/example_bash_operator.py
[2024-10-26T07:22:55.058+0000] {processor.py:925} INFO - DAG(s) 'example_bash_operator' retrieved from /home/airflow/.local/lib/python3.12/site-packages/airflow/example_dags/example_bash_operator.py
[2024-10-26T07:22:55.072+0000] {logging_mixin.py:190} INFO - [2024-10-26T07:22:55.072+0000] {dag.py:3239} INFO - Sync 1 DAGs
[2024-10-26T07:22:55.083+0000] {logging_mixin.py:190} INFO - [2024-10-26T07:22:55.083+0000] {dag.py:4180} INFO - Setting next_dagrun for example_bash_operator to 2024-10-25 00:00:00+00:00, run_after=2024-10-26 00:00:00+00:00
[2024-10-26T07:22:55.092+0000] {processor.py:208} INFO - Processing /home/airflow/.local/lib/python3.12/site-packages/airflow/example_dags/example_bash_operator.py took 0.045 seconds
[2024-10-26T07:23:25.881+0000] {processor.py:186} INFO - Started process (PID=85749) to work on /home/airflow/.local/lib/python3.12/site-packages/airflow/example_dags/example_bash_operator.py
[2024-10-26T07:23:25.881+0000] {processor.py:914} INFO - Processing file /home/airflow/.local/lib/python3.12/site-packages/airflow/example_dags/example_bash_operator.py for tasks to queue
[2024-10-26T07:23:25.882+0000] {logging_mixin.py:190} INFO - [2024-10-26T07:23:25.881+0000] {dagbag.py:588} INFO - Filling up the DagBag from /home/airflow/.local/lib/python3.12/site-packages/airflow/example_dags/example_bash_operator.py
[2024-10-26T07:23:25.888+0000] {processor.py:925} INFO - DAG(s) 'example_bash_operator' retrieved from /home/airflow/.local/lib/python3.12/site-packages/airflow/example_dags/example_bash_operator.py
[2024-10-26T07:23:25.900+0000] {logging_mixin.py:190} INFO - [2024-10-26T07:23:25.900+0000] {dag.py:3239} INFO - Sync 1 DAGs
[2024-10-26T07:23:25.910+0000] {logging_mixin.py:190} INFO - [2024-10-26T07:23:25.910+0000] {dag.py:4180} INFO - Setting next_dagrun for example_bash_operator to 2024-10-25 00:00:00+00:00, run_after=2024-10-26 00:00:00+00:00
[2024-10-26T07:23:25.917+0000] {processor.py:208} INFO - Processing /home/airflow/.local/lib/python3.12/site-packages/airflow/example_dags/example_bash_operator.py took 0.039 seconds
[2024-10-26T07:23:56.738+0000] {processor.py:186} INFO - Started process (PID=86038) to work on /home/airflow/.local/lib/python3.12/site-packages/airflow/example_dags/example_bash_operator.py
[2024-10-26T07:23:56.739+0000] {processor.py:914} INFO - Processing file /home/airflow/.local/lib/python3.12/site-packages/airflow/example_dags/example_bash_operator.py for tasks to queue
[2024-10-26T07:23:56.741+0000] {logging_mixin.py:190} INFO - [2024-10-26T07:23:56.740+0000] {dagbag.py:588} INFO - Filling up the DagBag from /home/airflow/.local/lib/python3.12/site-packages/airflow/example_dags/example_bash_operator.py
[2024-10-26T07:23:56.748+0000] {processor.py:925} INFO - DAG(s) 'example_bash_operator' retrieved from /home/airflow/.local/lib/python3.12/site-packages/airflow/example_dags/example_bash_operator.py
[2024-10-26T07:23:56.765+0000] {logging_mixin.py:190} INFO - [2024-10-26T07:23:56.765+0000] {dag.py:3239} INFO - Sync 1 DAGs
[2024-10-26T07:23:56.776+0000] {logging_mixin.py:190} INFO - [2024-10-26T07:23:56.776+0000] {dag.py:4180} INFO - Setting next_dagrun for example_bash_operator to 2024-10-25 00:00:00+00:00, run_after=2024-10-26 00:00:00+00:00
[2024-10-26T07:23:56.784+0000] {processor.py:208} INFO - Processing /home/airflow/.local/lib/python3.12/site-packages/airflow/example_dags/example_bash_operator.py took 0.050 seconds
[2024-10-26T07:24:27.436+0000] {processor.py:186} INFO - Started process (PID=86329) to work on /home/airflow/.local/lib/python3.12/site-packages/airflow/example_dags/example_bash_operator.py
[2024-10-26T07:24:27.439+0000] {processor.py:914} INFO - Processing file /home/airflow/.local/lib/python3.12/site-packages/airflow/example_dags/example_bash_operator.py for tasks to queue
[2024-10-26T07:24:27.440+0000] {logging_mixin.py:190} INFO - [2024-10-26T07:24:27.439+0000] {dagbag.py:588} INFO - Filling up the DagBag from /home/airflow/.local/lib/python3.12/site-packages/airflow/example_dags/example_bash_operator.py
[2024-10-26T07:24:27.450+0000] {processor.py:925} INFO - DAG(s) 'example_bash_operator' retrieved from /home/airflow/.local/lib/python3.12/site-packages/airflow/example_dags/example_bash_operator.py
[2024-10-26T07:24:27.463+0000] {logging_mixin.py:190} INFO - [2024-10-26T07:24:27.463+0000] {dag.py:3239} INFO - Sync 1 DAGs
[2024-10-26T07:24:27.474+0000] {logging_mixin.py:190} INFO - [2024-10-26T07:24:27.474+0000] {dag.py:4180} INFO - Setting next_dagrun for example_bash_operator to 2024-10-25 00:00:00+00:00, run_after=2024-10-26 00:00:00+00:00
[2024-10-26T07:24:27.481+0000] {processor.py:208} INFO - Processing /home/airflow/.local/lib/python3.12/site-packages/airflow/example_dags/example_bash_operator.py took 0.049 seconds
[2024-10-26T07:24:58.566+0000] {processor.py:186} INFO - Started process (PID=86620) to work on /home/airflow/.local/lib/python3.12/site-packages/airflow/example_dags/example_bash_operator.py
[2024-10-26T07:24:58.567+0000] {processor.py:914} INFO - Processing file /home/airflow/.local/lib/python3.12/site-packages/airflow/example_dags/example_bash_operator.py for tasks to queue
[2024-10-26T07:24:58.568+0000] {logging_mixin.py:190} INFO - [2024-10-26T07:24:58.567+0000] {dagbag.py:588} INFO - Filling up the DagBag from /home/airflow/.local/lib/python3.12/site-packages/airflow/example_dags/example_bash_operator.py
[2024-10-26T07:24:58.574+0000] {processor.py:925} INFO - DAG(s) 'example_bash_operator' retrieved from /home/airflow/.local/lib/python3.12/site-packages/airflow/example_dags/example_bash_operator.py
[2024-10-26T07:24:58.588+0000] {logging_mixin.py:190} INFO - [2024-10-26T07:24:58.588+0000] {dag.py:3239} INFO - Sync 1 DAGs
[2024-10-26T07:24:58.600+0000] {logging_mixin.py:190} INFO - [2024-10-26T07:24:58.600+0000] {dag.py:4180} INFO - Setting next_dagrun for example_bash_operator to 2024-10-25 00:00:00+00:00, run_after=2024-10-26 00:00:00+00:00
[2024-10-26T07:24:58.630+0000] {processor.py:208} INFO - Processing /home/airflow/.local/lib/python3.12/site-packages/airflow/example_dags/example_bash_operator.py took 0.067 seconds
[2024-10-26T07:25:29.156+0000] {processor.py:186} INFO - Started process (PID=86911) to work on /home/airflow/.local/lib/python3.12/site-packages/airflow/example_dags/example_bash_operator.py
[2024-10-26T07:25:29.157+0000] {processor.py:914} INFO - Processing file /home/airflow/.local/lib/python3.12/site-packages/airflow/example_dags/example_bash_operator.py for tasks to queue
[2024-10-26T07:25:29.158+0000] {logging_mixin.py:190} INFO - [2024-10-26T07:25:29.158+0000] {dagbag.py:588} INFO - Filling up the DagBag from /home/airflow/.local/lib/python3.12/site-packages/airflow/example_dags/example_bash_operator.py
[2024-10-26T07:25:29.168+0000] {processor.py:925} INFO - DAG(s) 'example_bash_operator' retrieved from /home/airflow/.local/lib/python3.12/site-packages/airflow/example_dags/example_bash_operator.py
[2024-10-26T07:25:29.184+0000] {logging_mixin.py:190} INFO - [2024-10-26T07:25:29.184+0000] {dag.py:3239} INFO - Sync 1 DAGs
[2024-10-26T07:25:29.208+0000] {logging_mixin.py:190} INFO - [2024-10-26T07:25:29.208+0000] {dag.py:4180} INFO - Setting next_dagrun for example_bash_operator to 2024-10-25 00:00:00+00:00, run_after=2024-10-26 00:00:00+00:00
[2024-10-26T07:25:29.234+0000] {processor.py:208} INFO - Processing /home/airflow/.local/lib/python3.12/site-packages/airflow/example_dags/example_bash_operator.py took 0.081 seconds
[2024-10-26T07:26:00.308+0000] {processor.py:186} INFO - Started process (PID=87204) to work on /home/airflow/.local/lib/python3.12/site-packages/airflow/example_dags/example_bash_operator.py
[2024-10-26T07:26:00.309+0000] {processor.py:914} INFO - Processing file /home/airflow/.local/lib/python3.12/site-packages/airflow/example_dags/example_bash_operator.py for tasks to queue
[2024-10-26T07:26:00.309+0000] {logging_mixin.py:190} INFO - [2024-10-26T07:26:00.309+0000] {dagbag.py:588} INFO - Filling up the DagBag from /home/airflow/.local/lib/python3.12/site-packages/airflow/example_dags/example_bash_operator.py
[2024-10-26T07:26:00.319+0000] {processor.py:925} INFO - DAG(s) 'example_bash_operator' retrieved from /home/airflow/.local/lib/python3.12/site-packages/airflow/example_dags/example_bash_operator.py
[2024-10-26T07:26:00.336+0000] {logging_mixin.py:190} INFO - [2024-10-26T07:26:00.335+0000] {dag.py:3239} INFO - Sync 1 DAGs
[2024-10-26T07:26:00.353+0000] {logging_mixin.py:190} INFO - [2024-10-26T07:26:00.353+0000] {dag.py:4180} INFO - Setting next_dagrun for example_bash_operator to 2024-10-25 00:00:00+00:00, run_after=2024-10-26 00:00:00+00:00
[2024-10-26T07:26:00.362+0000] {processor.py:208} INFO - Processing /home/airflow/.local/lib/python3.12/site-packages/airflow/example_dags/example_bash_operator.py took 0.057 seconds
[2024-10-26T07:26:31.503+0000] {processor.py:186} INFO - Started process (PID=87495) to work on /home/airflow/.local/lib/python3.12/site-packages/airflow/example_dags/example_bash_operator.py
[2024-10-26T07:26:31.503+0000] {processor.py:914} INFO - Processing file /home/airflow/.local/lib/python3.12/site-packages/airflow/example_dags/example_bash_operator.py for tasks to queue
[2024-10-26T07:26:31.504+0000] {logging_mixin.py:190} INFO - [2024-10-26T07:26:31.504+0000] {dagbag.py:588} INFO - Filling up the DagBag from /home/airflow/.local/lib/python3.12/site-packages/airflow/example_dags/example_bash_operator.py
[2024-10-26T07:26:31.515+0000] {processor.py:925} INFO - DAG(s) 'example_bash_operator' retrieved from /home/airflow/.local/lib/python3.12/site-packages/airflow/example_dags/example_bash_operator.py
[2024-10-26T07:26:31.531+0000] {logging_mixin.py:190} INFO - [2024-10-26T07:26:31.531+0000] {dag.py:3239} INFO - Sync 1 DAGs
[2024-10-26T07:26:31.543+0000] {logging_mixin.py:190} INFO - [2024-10-26T07:26:31.543+0000] {dag.py:4180} INFO - Setting next_dagrun for example_bash_operator to 2024-10-25 00:00:00+00:00, run_after=2024-10-26 00:00:00+00:00
[2024-10-26T07:26:31.552+0000] {processor.py:208} INFO - Processing /home/airflow/.local/lib/python3.12/site-packages/airflow/example_dags/example_bash_operator.py took 0.053 seconds
[2024-10-26T07:27:01.860+0000] {processor.py:186} INFO - Started process (PID=87789) to work on /home/airflow/.local/lib/python3.12/site-packages/airflow/example_dags/example_bash_operator.py
[2024-10-26T07:27:01.861+0000] {processor.py:914} INFO - Processing file /home/airflow/.local/lib/python3.12/site-packages/airflow/example_dags/example_bash_operator.py for tasks to queue
[2024-10-26T07:27:01.862+0000] {logging_mixin.py:190} INFO - [2024-10-26T07:27:01.862+0000] {dagbag.py:588} INFO - Filling up the DagBag from /home/airflow/.local/lib/python3.12/site-packages/airflow/example_dags/example_bash_operator.py
[2024-10-26T07:27:01.869+0000] {processor.py:925} INFO - DAG(s) 'example_bash_operator' retrieved from /home/airflow/.local/lib/python3.12/site-packages/airflow/example_dags/example_bash_operator.py
[2024-10-26T07:27:01.881+0000] {logging_mixin.py:190} INFO - [2024-10-26T07:27:01.881+0000] {dag.py:3239} INFO - Sync 1 DAGs
[2024-10-26T07:27:01.894+0000] {logging_mixin.py:190} INFO - [2024-10-26T07:27:01.894+0000] {dag.py:4180} INFO - Setting next_dagrun for example_bash_operator to 2024-10-25 00:00:00+00:00, run_after=2024-10-26 00:00:00+00:00
[2024-10-26T07:27:01.902+0000] {processor.py:208} INFO - Processing /home/airflow/.local/lib/python3.12/site-packages/airflow/example_dags/example_bash_operator.py took 0.045 seconds
[2024-10-26T07:27:32.555+0000] {processor.py:186} INFO - Started process (PID=88080) to work on /home/airflow/.local/lib/python3.12/site-packages/airflow/example_dags/example_bash_operator.py
[2024-10-26T07:27:32.556+0000] {processor.py:914} INFO - Processing file /home/airflow/.local/lib/python3.12/site-packages/airflow/example_dags/example_bash_operator.py for tasks to queue
[2024-10-26T07:27:32.557+0000] {logging_mixin.py:190} INFO - [2024-10-26T07:27:32.557+0000] {dagbag.py:588} INFO - Filling up the DagBag from /home/airflow/.local/lib/python3.12/site-packages/airflow/example_dags/example_bash_operator.py
[2024-10-26T07:27:32.564+0000] {processor.py:925} INFO - DAG(s) 'example_bash_operator' retrieved from /home/airflow/.local/lib/python3.12/site-packages/airflow/example_dags/example_bash_operator.py
[2024-10-26T07:27:32.578+0000] {logging_mixin.py:190} INFO - [2024-10-26T07:27:32.578+0000] {dag.py:3239} INFO - Sync 1 DAGs
[2024-10-26T07:27:32.591+0000] {logging_mixin.py:190} INFO - [2024-10-26T07:27:32.591+0000] {dag.py:4180} INFO - Setting next_dagrun for example_bash_operator to 2024-10-25 00:00:00+00:00, run_after=2024-10-26 00:00:00+00:00
[2024-10-26T07:27:32.600+0000] {processor.py:208} INFO - Processing /home/airflow/.local/lib/python3.12/site-packages/airflow/example_dags/example_bash_operator.py took 0.048 seconds
