[2024-10-26T00:46:26.886+0000] {processor.py:186} INFO - Started process (PID=71019) to work on /home/airflow/.local/lib/python3.12/site-packages/airflow/example_dags/example_python_decorator.py
[2024-10-26T00:46:26.886+0000] {processor.py:914} INFO - Processing file /home/airflow/.local/lib/python3.12/site-packages/airflow/example_dags/example_python_decorator.py for tasks to queue
[2024-10-26T00:46:26.888+0000] {logging_mixin.py:190} INFO - [2024-10-26T00:46:26.888+0000] {dagbag.py:588} INFO - Filling up the DagBag from /home/airflow/.local/lib/python3.12/site-packages/airflow/example_dags/example_python_decorator.py
[2024-10-26T00:46:26.896+0000] {processor.py:925} INFO - DAG(s) 'example_python_decorator' retrieved from /home/airflow/.local/lib/python3.12/site-packages/airflow/example_dags/example_python_decorator.py
[2024-10-26T00:46:26.911+0000] {logging_mixin.py:190} INFO - [2024-10-26T00:46:26.910+0000] {dag.py:3239} INFO - Sync 1 DAGs
[2024-10-26T00:46:26.919+0000] {logging_mixin.py:190} INFO - [2024-10-26T00:46:26.919+0000] {dag.py:4180} INFO - Setting next_dagrun for example_python_decorator to None, run_after=None
[2024-10-26T00:46:26.928+0000] {processor.py:208} INFO - Processing /home/airflow/.local/lib/python3.12/site-packages/airflow/example_dags/example_python_decorator.py took 0.045 seconds
[2024-10-26T01:37:10.517+0000] {processor.py:186} INFO - Started process (PID=71311) to work on /home/airflow/.local/lib/python3.12/site-packages/airflow/example_dags/example_python_decorator.py
[2024-10-26T01:37:10.518+0000] {processor.py:914} INFO - Processing file /home/airflow/.local/lib/python3.12/site-packages/airflow/example_dags/example_python_decorator.py for tasks to queue
[2024-10-26T01:37:10.519+0000] {logging_mixin.py:190} INFO - [2024-10-26T01:37:10.519+0000] {dagbag.py:588} INFO - Filling up the DagBag from /home/airflow/.local/lib/python3.12/site-packages/airflow/example_dags/example_python_decorator.py
[2024-10-26T01:37:10.528+0000] {processor.py:925} INFO - DAG(s) 'example_python_decorator' retrieved from /home/airflow/.local/lib/python3.12/site-packages/airflow/example_dags/example_python_decorator.py
[2024-10-26T01:37:10.540+0000] {logging_mixin.py:190} INFO - [2024-10-26T01:37:10.540+0000] {dag.py:3239} INFO - Sync 1 DAGs
[2024-10-26T01:37:10.547+0000] {logging_mixin.py:190} INFO - [2024-10-26T01:37:10.547+0000] {dag.py:4180} INFO - Setting next_dagrun for example_python_decorator to None, run_after=None
[2024-10-26T01:37:10.563+0000] {processor.py:208} INFO - Processing /home/airflow/.local/lib/python3.12/site-packages/airflow/example_dags/example_python_decorator.py took 0.048 seconds
[2024-10-26T02:57:39.527+0000] {processor.py:186} INFO - Started process (PID=71602) to work on /home/airflow/.local/lib/python3.12/site-packages/airflow/example_dags/example_python_decorator.py
[2024-10-26T02:57:39.529+0000] {processor.py:914} INFO - Processing file /home/airflow/.local/lib/python3.12/site-packages/airflow/example_dags/example_python_decorator.py for tasks to queue
[2024-10-26T02:57:39.529+0000] {logging_mixin.py:190} INFO - [2024-10-26T02:57:39.529+0000] {dagbag.py:588} INFO - Filling up the DagBag from /home/airflow/.local/lib/python3.12/site-packages/airflow/example_dags/example_python_decorator.py
[2024-10-26T02:57:39.539+0000] {processor.py:925} INFO - DAG(s) 'example_python_decorator' retrieved from /home/airflow/.local/lib/python3.12/site-packages/airflow/example_dags/example_python_decorator.py
[2024-10-26T02:57:39.554+0000] {logging_mixin.py:190} INFO - [2024-10-26T02:57:39.554+0000] {dag.py:3239} INFO - Sync 1 DAGs
[2024-10-26T02:57:39.563+0000] {logging_mixin.py:190} INFO - [2024-10-26T02:57:39.563+0000] {dag.py:4180} INFO - Setting next_dagrun for example_python_decorator to None, run_after=None
[2024-10-26T02:57:39.572+0000] {processor.py:208} INFO - Processing /home/airflow/.local/lib/python3.12/site-packages/airflow/example_dags/example_python_decorator.py took 0.049 seconds
[2024-10-26T04:18:36.718+0000] {processor.py:186} INFO - Started process (PID=71893) to work on /home/airflow/.local/lib/python3.12/site-packages/airflow/example_dags/example_python_decorator.py
[2024-10-26T04:18:36.719+0000] {processor.py:914} INFO - Processing file /home/airflow/.local/lib/python3.12/site-packages/airflow/example_dags/example_python_decorator.py for tasks to queue
[2024-10-26T04:18:36.720+0000] {logging_mixin.py:190} INFO - [2024-10-26T04:18:36.720+0000] {dagbag.py:588} INFO - Filling up the DagBag from /home/airflow/.local/lib/python3.12/site-packages/airflow/example_dags/example_python_decorator.py
[2024-10-26T04:18:36.729+0000] {processor.py:925} INFO - DAG(s) 'example_python_decorator' retrieved from /home/airflow/.local/lib/python3.12/site-packages/airflow/example_dags/example_python_decorator.py
[2024-10-26T04:18:36.741+0000] {logging_mixin.py:190} INFO - [2024-10-26T04:18:36.741+0000] {dag.py:3239} INFO - Sync 1 DAGs
[2024-10-26T04:18:36.750+0000] {logging_mixin.py:190} INFO - [2024-10-26T04:18:36.750+0000] {dag.py:4180} INFO - Setting next_dagrun for example_python_decorator to None, run_after=None
[2024-10-26T04:18:36.759+0000] {processor.py:208} INFO - Processing /home/airflow/.local/lib/python3.12/site-packages/airflow/example_dags/example_python_decorator.py took 0.044 seconds
[2024-10-26T05:41:06.535+0000] {processor.py:186} INFO - Started process (PID=72186) to work on /home/airflow/.local/lib/python3.12/site-packages/airflow/example_dags/example_python_decorator.py
[2024-10-26T05:41:06.536+0000] {processor.py:914} INFO - Processing file /home/airflow/.local/lib/python3.12/site-packages/airflow/example_dags/example_python_decorator.py for tasks to queue
[2024-10-26T05:41:06.537+0000] {logging_mixin.py:190} INFO - [2024-10-26T05:41:06.537+0000] {dagbag.py:588} INFO - Filling up the DagBag from /home/airflow/.local/lib/python3.12/site-packages/airflow/example_dags/example_python_decorator.py
[2024-10-26T05:41:06.544+0000] {processor.py:925} INFO - DAG(s) 'example_python_decorator' retrieved from /home/airflow/.local/lib/python3.12/site-packages/airflow/example_dags/example_python_decorator.py
[2024-10-26T05:41:06.560+0000] {logging_mixin.py:190} INFO - [2024-10-26T05:41:06.560+0000] {dag.py:3239} INFO - Sync 1 DAGs
[2024-10-26T05:41:06.567+0000] {logging_mixin.py:190} INFO - [2024-10-26T05:41:06.567+0000] {dag.py:4180} INFO - Setting next_dagrun for example_python_decorator to None, run_after=None
[2024-10-26T05:41:06.581+0000] {processor.py:208} INFO - Processing /home/airflow/.local/lib/python3.12/site-packages/airflow/example_dags/example_python_decorator.py took 0.049 seconds
[2024-10-26T06:59:46.891+0000] {processor.py:186} INFO - Started process (PID=72475) to work on /home/airflow/.local/lib/python3.12/site-packages/airflow/example_dags/example_python_decorator.py
[2024-10-26T06:59:46.892+0000] {processor.py:914} INFO - Processing file /home/airflow/.local/lib/python3.12/site-packages/airflow/example_dags/example_python_decorator.py for tasks to queue
[2024-10-26T06:59:46.892+0000] {logging_mixin.py:190} INFO - [2024-10-26T06:59:46.892+0000] {dagbag.py:588} INFO - Filling up the DagBag from /home/airflow/.local/lib/python3.12/site-packages/airflow/example_dags/example_python_decorator.py
[2024-10-26T06:59:46.900+0000] {processor.py:925} INFO - DAG(s) 'example_python_decorator' retrieved from /home/airflow/.local/lib/python3.12/site-packages/airflow/example_dags/example_python_decorator.py
[2024-10-26T06:59:46.912+0000] {logging_mixin.py:190} INFO - [2024-10-26T06:59:46.912+0000] {dag.py:3239} INFO - Sync 1 DAGs
[2024-10-26T06:59:46.919+0000] {logging_mixin.py:190} INFO - [2024-10-26T06:59:46.918+0000] {dag.py:4180} INFO - Setting next_dagrun for example_python_decorator to None, run_after=None
[2024-10-26T06:59:46.927+0000] {processor.py:208} INFO - Processing /home/airflow/.local/lib/python3.12/site-packages/airflow/example_dags/example_python_decorator.py took 0.040 seconds
[2024-10-26T07:00:17.470+0000] {processor.py:186} INFO - Started process (PID=72766) to work on /home/airflow/.local/lib/python3.12/site-packages/airflow/example_dags/example_python_decorator.py
[2024-10-26T07:00:17.471+0000] {processor.py:914} INFO - Processing file /home/airflow/.local/lib/python3.12/site-packages/airflow/example_dags/example_python_decorator.py for tasks to queue
[2024-10-26T07:00:17.471+0000] {logging_mixin.py:190} INFO - [2024-10-26T07:00:17.471+0000] {dagbag.py:588} INFO - Filling up the DagBag from /home/airflow/.local/lib/python3.12/site-packages/airflow/example_dags/example_python_decorator.py
[2024-10-26T07:00:17.479+0000] {processor.py:925} INFO - DAG(s) 'example_python_decorator' retrieved from /home/airflow/.local/lib/python3.12/site-packages/airflow/example_dags/example_python_decorator.py
[2024-10-26T07:00:17.490+0000] {logging_mixin.py:190} INFO - [2024-10-26T07:00:17.490+0000] {dag.py:3239} INFO - Sync 1 DAGs
[2024-10-26T07:00:17.498+0000] {logging_mixin.py:190} INFO - [2024-10-26T07:00:17.498+0000] {dag.py:4180} INFO - Setting next_dagrun for example_python_decorator to None, run_after=None
[2024-10-26T07:00:17.506+0000] {processor.py:208} INFO - Processing /home/airflow/.local/lib/python3.12/site-packages/airflow/example_dags/example_python_decorator.py took 0.039 seconds
[2024-10-26T07:00:48.058+0000] {processor.py:186} INFO - Started process (PID=73059) to work on /home/airflow/.local/lib/python3.12/site-packages/airflow/example_dags/example_python_decorator.py
[2024-10-26T07:00:48.058+0000] {processor.py:914} INFO - Processing file /home/airflow/.local/lib/python3.12/site-packages/airflow/example_dags/example_python_decorator.py for tasks to queue
[2024-10-26T07:00:48.059+0000] {logging_mixin.py:190} INFO - [2024-10-26T07:00:48.059+0000] {dagbag.py:588} INFO - Filling up the DagBag from /home/airflow/.local/lib/python3.12/site-packages/airflow/example_dags/example_python_decorator.py
[2024-10-26T07:00:48.066+0000] {processor.py:925} INFO - DAG(s) 'example_python_decorator' retrieved from /home/airflow/.local/lib/python3.12/site-packages/airflow/example_dags/example_python_decorator.py
[2024-10-26T07:00:48.078+0000] {logging_mixin.py:190} INFO - [2024-10-26T07:00:48.078+0000] {dag.py:3239} INFO - Sync 1 DAGs
[2024-10-26T07:00:48.086+0000] {logging_mixin.py:190} INFO - [2024-10-26T07:00:48.086+0000] {dag.py:4180} INFO - Setting next_dagrun for example_python_decorator to None, run_after=None
[2024-10-26T07:00:48.093+0000] {processor.py:208} INFO - Processing /home/airflow/.local/lib/python3.12/site-packages/airflow/example_dags/example_python_decorator.py took 0.038 seconds
[2024-10-26T07:01:23.103+0000] {processor.py:186} INFO - Started process (PID=73350) to work on /home/airflow/.local/lib/python3.12/site-packages/airflow/example_dags/example_python_decorator.py
[2024-10-26T07:01:23.105+0000] {processor.py:914} INFO - Processing file /home/airflow/.local/lib/python3.12/site-packages/airflow/example_dags/example_python_decorator.py for tasks to queue
[2024-10-26T07:01:23.108+0000] {logging_mixin.py:190} INFO - [2024-10-26T07:01:23.107+0000] {dagbag.py:588} INFO - Filling up the DagBag from /home/airflow/.local/lib/python3.12/site-packages/airflow/example_dags/example_python_decorator.py
[2024-10-26T07:01:23.131+0000] {processor.py:925} INFO - DAG(s) 'example_python_decorator' retrieved from /home/airflow/.local/lib/python3.12/site-packages/airflow/example_dags/example_python_decorator.py
[2024-10-26T07:01:23.185+0000] {logging_mixin.py:190} INFO - [2024-10-26T07:01:23.184+0000] {dag.py:3239} INFO - Sync 1 DAGs
[2024-10-26T07:01:23.216+0000] {logging_mixin.py:190} INFO - [2024-10-26T07:01:23.216+0000] {dag.py:4180} INFO - Setting next_dagrun for example_python_decorator to None, run_after=None
[2024-10-26T07:01:23.272+0000] {processor.py:208} INFO - Processing /home/airflow/.local/lib/python3.12/site-packages/airflow/example_dags/example_python_decorator.py took 0.182 seconds
[2024-10-26T07:01:53.718+0000] {processor.py:186} INFO - Started process (PID=73639) to work on /home/airflow/.local/lib/python3.12/site-packages/airflow/example_dags/example_python_decorator.py
[2024-10-26T07:01:53.718+0000] {processor.py:914} INFO - Processing file /home/airflow/.local/lib/python3.12/site-packages/airflow/example_dags/example_python_decorator.py for tasks to queue
[2024-10-26T07:01:53.720+0000] {logging_mixin.py:190} INFO - [2024-10-26T07:01:53.720+0000] {dagbag.py:588} INFO - Filling up the DagBag from /home/airflow/.local/lib/python3.12/site-packages/airflow/example_dags/example_python_decorator.py
[2024-10-26T07:01:53.733+0000] {processor.py:925} INFO - DAG(s) 'example_python_decorator' retrieved from /home/airflow/.local/lib/python3.12/site-packages/airflow/example_dags/example_python_decorator.py
[2024-10-26T07:01:53.748+0000] {logging_mixin.py:190} INFO - [2024-10-26T07:01:53.748+0000] {dag.py:3239} INFO - Sync 1 DAGs
[2024-10-26T07:01:53.756+0000] {logging_mixin.py:190} INFO - [2024-10-26T07:01:53.756+0000] {dag.py:4180} INFO - Setting next_dagrun for example_python_decorator to None, run_after=None
[2024-10-26T07:01:53.769+0000] {processor.py:208} INFO - Processing /home/airflow/.local/lib/python3.12/site-packages/airflow/example_dags/example_python_decorator.py took 0.055 seconds
[2024-10-26T07:02:24.088+0000] {processor.py:186} INFO - Started process (PID=73932) to work on /home/airflow/.local/lib/python3.12/site-packages/airflow/example_dags/example_python_decorator.py
[2024-10-26T07:02:24.088+0000] {processor.py:914} INFO - Processing file /home/airflow/.local/lib/python3.12/site-packages/airflow/example_dags/example_python_decorator.py for tasks to queue
[2024-10-26T07:02:24.089+0000] {logging_mixin.py:190} INFO - [2024-10-26T07:02:24.089+0000] {dagbag.py:588} INFO - Filling up the DagBag from /home/airflow/.local/lib/python3.12/site-packages/airflow/example_dags/example_python_decorator.py
[2024-10-26T07:02:24.095+0000] {processor.py:925} INFO - DAG(s) 'example_python_decorator' retrieved from /home/airflow/.local/lib/python3.12/site-packages/airflow/example_dags/example_python_decorator.py
[2024-10-26T07:02:24.106+0000] {logging_mixin.py:190} INFO - [2024-10-26T07:02:24.105+0000] {dag.py:3239} INFO - Sync 1 DAGs
[2024-10-26T07:02:24.112+0000] {logging_mixin.py:190} INFO - [2024-10-26T07:02:24.112+0000] {dag.py:4180} INFO - Setting next_dagrun for example_python_decorator to None, run_after=None
[2024-10-26T07:02:24.119+0000] {processor.py:208} INFO - Processing /home/airflow/.local/lib/python3.12/site-packages/airflow/example_dags/example_python_decorator.py took 0.034 seconds
[2024-10-26T07:02:54.792+0000] {processor.py:186} INFO - Started process (PID=74221) to work on /home/airflow/.local/lib/python3.12/site-packages/airflow/example_dags/example_python_decorator.py
[2024-10-26T07:02:54.793+0000] {processor.py:914} INFO - Processing file /home/airflow/.local/lib/python3.12/site-packages/airflow/example_dags/example_python_decorator.py for tasks to queue
[2024-10-26T07:02:54.794+0000] {logging_mixin.py:190} INFO - [2024-10-26T07:02:54.794+0000] {dagbag.py:588} INFO - Filling up the DagBag from /home/airflow/.local/lib/python3.12/site-packages/airflow/example_dags/example_python_decorator.py
[2024-10-26T07:02:54.803+0000] {processor.py:925} INFO - DAG(s) 'example_python_decorator' retrieved from /home/airflow/.local/lib/python3.12/site-packages/airflow/example_dags/example_python_decorator.py
[2024-10-26T07:02:54.814+0000] {logging_mixin.py:190} INFO - [2024-10-26T07:02:54.814+0000] {dag.py:3239} INFO - Sync 1 DAGs
[2024-10-26T07:02:54.822+0000] {logging_mixin.py:190} INFO - [2024-10-26T07:02:54.821+0000] {dag.py:4180} INFO - Setting next_dagrun for example_python_decorator to None, run_after=None
[2024-10-26T07:02:54.834+0000] {processor.py:208} INFO - Processing /home/airflow/.local/lib/python3.12/site-packages/airflow/example_dags/example_python_decorator.py took 0.045 seconds
[2024-10-26T07:03:25.461+0000] {processor.py:186} INFO - Started process (PID=74512) to work on /home/airflow/.local/lib/python3.12/site-packages/airflow/example_dags/example_python_decorator.py
[2024-10-26T07:03:25.462+0000] {processor.py:914} INFO - Processing file /home/airflow/.local/lib/python3.12/site-packages/airflow/example_dags/example_python_decorator.py for tasks to queue
[2024-10-26T07:03:25.463+0000] {logging_mixin.py:190} INFO - [2024-10-26T07:03:25.462+0000] {dagbag.py:588} INFO - Filling up the DagBag from /home/airflow/.local/lib/python3.12/site-packages/airflow/example_dags/example_python_decorator.py
[2024-10-26T07:03:25.470+0000] {processor.py:925} INFO - DAG(s) 'example_python_decorator' retrieved from /home/airflow/.local/lib/python3.12/site-packages/airflow/example_dags/example_python_decorator.py
[2024-10-26T07:03:25.484+0000] {logging_mixin.py:190} INFO - [2024-10-26T07:03:25.483+0000] {dag.py:3239} INFO - Sync 1 DAGs
[2024-10-26T07:03:25.491+0000] {logging_mixin.py:190} INFO - [2024-10-26T07:03:25.491+0000] {dag.py:4180} INFO - Setting next_dagrun for example_python_decorator to None, run_after=None
[2024-10-26T07:03:25.500+0000] {processor.py:208} INFO - Processing /home/airflow/.local/lib/python3.12/site-packages/airflow/example_dags/example_python_decorator.py took 0.043 seconds
[2024-10-26T07:03:56.284+0000] {processor.py:186} INFO - Started process (PID=74803) to work on /home/airflow/.local/lib/python3.12/site-packages/airflow/example_dags/example_python_decorator.py
[2024-10-26T07:03:56.285+0000] {processor.py:914} INFO - Processing file /home/airflow/.local/lib/python3.12/site-packages/airflow/example_dags/example_python_decorator.py for tasks to queue
[2024-10-26T07:03:56.285+0000] {logging_mixin.py:190} INFO - [2024-10-26T07:03:56.285+0000] {dagbag.py:588} INFO - Filling up the DagBag from /home/airflow/.local/lib/python3.12/site-packages/airflow/example_dags/example_python_decorator.py
[2024-10-26T07:03:56.297+0000] {processor.py:925} INFO - DAG(s) 'example_python_decorator' retrieved from /home/airflow/.local/lib/python3.12/site-packages/airflow/example_dags/example_python_decorator.py
[2024-10-26T07:03:56.319+0000] {logging_mixin.py:190} INFO - [2024-10-26T07:03:56.319+0000] {dag.py:3239} INFO - Sync 1 DAGs
[2024-10-26T07:03:56.327+0000] {logging_mixin.py:190} INFO - [2024-10-26T07:03:56.327+0000] {dag.py:4180} INFO - Setting next_dagrun for example_python_decorator to None, run_after=None
[2024-10-26T07:03:56.337+0000] {processor.py:208} INFO - Processing /home/airflow/.local/lib/python3.12/site-packages/airflow/example_dags/example_python_decorator.py took 0.061 seconds
[2024-10-26T07:04:26.515+0000] {processor.py:186} INFO - Started process (PID=75095) to work on /home/airflow/.local/lib/python3.12/site-packages/airflow/example_dags/example_python_decorator.py
[2024-10-26T07:04:26.516+0000] {processor.py:914} INFO - Processing file /home/airflow/.local/lib/python3.12/site-packages/airflow/example_dags/example_python_decorator.py for tasks to queue
[2024-10-26T07:04:26.516+0000] {logging_mixin.py:190} INFO - [2024-10-26T07:04:26.516+0000] {dagbag.py:588} INFO - Filling up the DagBag from /home/airflow/.local/lib/python3.12/site-packages/airflow/example_dags/example_python_decorator.py
[2024-10-26T07:04:26.525+0000] {processor.py:925} INFO - DAG(s) 'example_python_decorator' retrieved from /home/airflow/.local/lib/python3.12/site-packages/airflow/example_dags/example_python_decorator.py
[2024-10-26T07:04:26.538+0000] {logging_mixin.py:190} INFO - [2024-10-26T07:04:26.538+0000] {dag.py:3239} INFO - Sync 1 DAGs
[2024-10-26T07:04:26.546+0000] {logging_mixin.py:190} INFO - [2024-10-26T07:04:26.546+0000] {dag.py:4180} INFO - Setting next_dagrun for example_python_decorator to None, run_after=None
[2024-10-26T07:04:26.560+0000] {processor.py:208} INFO - Processing /home/airflow/.local/lib/python3.12/site-packages/airflow/example_dags/example_python_decorator.py took 0.049 seconds
[2024-10-26T07:04:56.879+0000] {processor.py:186} INFO - Started process (PID=75384) to work on /home/airflow/.local/lib/python3.12/site-packages/airflow/example_dags/example_python_decorator.py
[2024-10-26T07:04:56.880+0000] {processor.py:914} INFO - Processing file /home/airflow/.local/lib/python3.12/site-packages/airflow/example_dags/example_python_decorator.py for tasks to queue
[2024-10-26T07:04:56.880+0000] {logging_mixin.py:190} INFO - [2024-10-26T07:04:56.880+0000] {dagbag.py:588} INFO - Filling up the DagBag from /home/airflow/.local/lib/python3.12/site-packages/airflow/example_dags/example_python_decorator.py
[2024-10-26T07:04:56.888+0000] {processor.py:925} INFO - DAG(s) 'example_python_decorator' retrieved from /home/airflow/.local/lib/python3.12/site-packages/airflow/example_dags/example_python_decorator.py
[2024-10-26T07:04:56.902+0000] {logging_mixin.py:190} INFO - [2024-10-26T07:04:56.901+0000] {dag.py:3239} INFO - Sync 1 DAGs
[2024-10-26T07:04:56.912+0000] {logging_mixin.py:190} INFO - [2024-10-26T07:04:56.912+0000] {dag.py:4180} INFO - Setting next_dagrun for example_python_decorator to None, run_after=None
[2024-10-26T07:04:56.925+0000] {processor.py:208} INFO - Processing /home/airflow/.local/lib/python3.12/site-packages/airflow/example_dags/example_python_decorator.py took 0.051 seconds
[2024-10-26T07:05:26.988+0000] {processor.py:186} INFO - Started process (PID=75680) to work on /home/airflow/.local/lib/python3.12/site-packages/airflow/example_dags/example_python_decorator.py
[2024-10-26T07:05:26.989+0000] {processor.py:914} INFO - Processing file /home/airflow/.local/lib/python3.12/site-packages/airflow/example_dags/example_python_decorator.py for tasks to queue
[2024-10-26T07:05:26.991+0000] {logging_mixin.py:190} INFO - [2024-10-26T07:05:26.991+0000] {dagbag.py:588} INFO - Filling up the DagBag from /home/airflow/.local/lib/python3.12/site-packages/airflow/example_dags/example_python_decorator.py
[2024-10-26T07:05:26.999+0000] {processor.py:925} INFO - DAG(s) 'example_python_decorator' retrieved from /home/airflow/.local/lib/python3.12/site-packages/airflow/example_dags/example_python_decorator.py
[2024-10-26T07:05:27.022+0000] {logging_mixin.py:190} INFO - [2024-10-26T07:05:27.021+0000] {dag.py:3239} INFO - Sync 1 DAGs
[2024-10-26T07:05:27.037+0000] {logging_mixin.py:190} INFO - [2024-10-26T07:05:27.037+0000] {dag.py:4180} INFO - Setting next_dagrun for example_python_decorator to None, run_after=None
[2024-10-26T07:05:27.051+0000] {processor.py:208} INFO - Processing /home/airflow/.local/lib/python3.12/site-packages/airflow/example_dags/example_python_decorator.py took 0.066 seconds
[2024-10-26T07:05:57.650+0000] {processor.py:186} INFO - Started process (PID=75972) to work on /home/airflow/.local/lib/python3.12/site-packages/airflow/example_dags/example_python_decorator.py
[2024-10-26T07:05:57.650+0000] {processor.py:914} INFO - Processing file /home/airflow/.local/lib/python3.12/site-packages/airflow/example_dags/example_python_decorator.py for tasks to queue
[2024-10-26T07:05:57.651+0000] {logging_mixin.py:190} INFO - [2024-10-26T07:05:57.651+0000] {dagbag.py:588} INFO - Filling up the DagBag from /home/airflow/.local/lib/python3.12/site-packages/airflow/example_dags/example_python_decorator.py
[2024-10-26T07:05:57.660+0000] {processor.py:925} INFO - DAG(s) 'example_python_decorator' retrieved from /home/airflow/.local/lib/python3.12/site-packages/airflow/example_dags/example_python_decorator.py
[2024-10-26T07:05:57.674+0000] {logging_mixin.py:190} INFO - [2024-10-26T07:05:57.674+0000] {dag.py:3239} INFO - Sync 1 DAGs
[2024-10-26T07:05:57.682+0000] {logging_mixin.py:190} INFO - [2024-10-26T07:05:57.682+0000] {dag.py:4180} INFO - Setting next_dagrun for example_python_decorator to None, run_after=None
[2024-10-26T07:05:57.694+0000] {processor.py:208} INFO - Processing /home/airflow/.local/lib/python3.12/site-packages/airflow/example_dags/example_python_decorator.py took 0.047 seconds
[2024-10-26T07:06:27.955+0000] {processor.py:186} INFO - Started process (PID=76261) to work on /home/airflow/.local/lib/python3.12/site-packages/airflow/example_dags/example_python_decorator.py
[2024-10-26T07:06:27.956+0000] {processor.py:914} INFO - Processing file /home/airflow/.local/lib/python3.12/site-packages/airflow/example_dags/example_python_decorator.py for tasks to queue
[2024-10-26T07:06:27.957+0000] {logging_mixin.py:190} INFO - [2024-10-26T07:06:27.957+0000] {dagbag.py:588} INFO - Filling up the DagBag from /home/airflow/.local/lib/python3.12/site-packages/airflow/example_dags/example_python_decorator.py
[2024-10-26T07:06:27.964+0000] {processor.py:925} INFO - DAG(s) 'example_python_decorator' retrieved from /home/airflow/.local/lib/python3.12/site-packages/airflow/example_dags/example_python_decorator.py
[2024-10-26T07:06:27.978+0000] {logging_mixin.py:190} INFO - [2024-10-26T07:06:27.978+0000] {dag.py:3239} INFO - Sync 1 DAGs
[2024-10-26T07:06:27.986+0000] {logging_mixin.py:190} INFO - [2024-10-26T07:06:27.986+0000] {dag.py:4180} INFO - Setting next_dagrun for example_python_decorator to None, run_after=None
[2024-10-26T07:06:27.995+0000] {processor.py:208} INFO - Processing /home/airflow/.local/lib/python3.12/site-packages/airflow/example_dags/example_python_decorator.py took 0.043 seconds
[2024-10-26T07:06:58.246+0000] {processor.py:186} INFO - Started process (PID=76552) to work on /home/airflow/.local/lib/python3.12/site-packages/airflow/example_dags/example_python_decorator.py
[2024-10-26T07:06:58.247+0000] {processor.py:914} INFO - Processing file /home/airflow/.local/lib/python3.12/site-packages/airflow/example_dags/example_python_decorator.py for tasks to queue
[2024-10-26T07:06:58.248+0000] {logging_mixin.py:190} INFO - [2024-10-26T07:06:58.248+0000] {dagbag.py:588} INFO - Filling up the DagBag from /home/airflow/.local/lib/python3.12/site-packages/airflow/example_dags/example_python_decorator.py
[2024-10-26T07:06:58.255+0000] {processor.py:925} INFO - DAG(s) 'example_python_decorator' retrieved from /home/airflow/.local/lib/python3.12/site-packages/airflow/example_dags/example_python_decorator.py
[2024-10-26T07:06:58.267+0000] {logging_mixin.py:190} INFO - [2024-10-26T07:06:58.267+0000] {dag.py:3239} INFO - Sync 1 DAGs
[2024-10-26T07:06:58.274+0000] {logging_mixin.py:190} INFO - [2024-10-26T07:06:58.274+0000] {dag.py:4180} INFO - Setting next_dagrun for example_python_decorator to None, run_after=None
[2024-10-26T07:06:58.285+0000] {processor.py:208} INFO - Processing /home/airflow/.local/lib/python3.12/site-packages/airflow/example_dags/example_python_decorator.py took 0.042 seconds
[2024-10-26T07:07:28.778+0000] {processor.py:186} INFO - Started process (PID=76845) to work on /home/airflow/.local/lib/python3.12/site-packages/airflow/example_dags/example_python_decorator.py
[2024-10-26T07:07:28.779+0000] {processor.py:914} INFO - Processing file /home/airflow/.local/lib/python3.12/site-packages/airflow/example_dags/example_python_decorator.py for tasks to queue
[2024-10-26T07:07:28.779+0000] {logging_mixin.py:190} INFO - [2024-10-26T07:07:28.779+0000] {dagbag.py:588} INFO - Filling up the DagBag from /home/airflow/.local/lib/python3.12/site-packages/airflow/example_dags/example_python_decorator.py
[2024-10-26T07:07:28.786+0000] {processor.py:925} INFO - DAG(s) 'example_python_decorator' retrieved from /home/airflow/.local/lib/python3.12/site-packages/airflow/example_dags/example_python_decorator.py
[2024-10-26T07:07:28.796+0000] {logging_mixin.py:190} INFO - [2024-10-26T07:07:28.796+0000] {dag.py:3239} INFO - Sync 1 DAGs
[2024-10-26T07:07:28.802+0000] {logging_mixin.py:190} INFO - [2024-10-26T07:07:28.802+0000] {dag.py:4180} INFO - Setting next_dagrun for example_python_decorator to None, run_after=None
[2024-10-26T07:07:28.809+0000] {processor.py:208} INFO - Processing /home/airflow/.local/lib/python3.12/site-packages/airflow/example_dags/example_python_decorator.py took 0.033 seconds
[2024-10-26T07:07:59.940+0000] {processor.py:186} INFO - Started process (PID=77134) to work on /home/airflow/.local/lib/python3.12/site-packages/airflow/example_dags/example_python_decorator.py
[2024-10-26T07:07:59.942+0000] {processor.py:914} INFO - Processing file /home/airflow/.local/lib/python3.12/site-packages/airflow/example_dags/example_python_decorator.py for tasks to queue
[2024-10-26T07:07:59.945+0000] {logging_mixin.py:190} INFO - [2024-10-26T07:07:59.945+0000] {dagbag.py:588} INFO - Filling up the DagBag from /home/airflow/.local/lib/python3.12/site-packages/airflow/example_dags/example_python_decorator.py
[2024-10-26T07:07:59.960+0000] {processor.py:925} INFO - DAG(s) 'example_python_decorator' retrieved from /home/airflow/.local/lib/python3.12/site-packages/airflow/example_dags/example_python_decorator.py
[2024-10-26T07:08:00.010+0000] {logging_mixin.py:190} INFO - [2024-10-26T07:08:00.010+0000] {dag.py:3239} INFO - Sync 1 DAGs
[2024-10-26T07:08:00.029+0000] {logging_mixin.py:190} INFO - [2024-10-26T07:08:00.028+0000] {dag.py:4180} INFO - Setting next_dagrun for example_python_decorator to None, run_after=None
[2024-10-26T07:08:00.082+0000] {processor.py:208} INFO - Processing /home/airflow/.local/lib/python3.12/site-packages/airflow/example_dags/example_python_decorator.py took 0.145 seconds
[2024-10-26T07:08:30.487+0000] {processor.py:186} INFO - Started process (PID=77425) to work on /home/airflow/.local/lib/python3.12/site-packages/airflow/example_dags/example_python_decorator.py
[2024-10-26T07:08:30.488+0000] {processor.py:914} INFO - Processing file /home/airflow/.local/lib/python3.12/site-packages/airflow/example_dags/example_python_decorator.py for tasks to queue
[2024-10-26T07:08:30.488+0000] {logging_mixin.py:190} INFO - [2024-10-26T07:08:30.488+0000] {dagbag.py:588} INFO - Filling up the DagBag from /home/airflow/.local/lib/python3.12/site-packages/airflow/example_dags/example_python_decorator.py
[2024-10-26T07:08:30.496+0000] {processor.py:925} INFO - DAG(s) 'example_python_decorator' retrieved from /home/airflow/.local/lib/python3.12/site-packages/airflow/example_dags/example_python_decorator.py
[2024-10-26T07:08:30.507+0000] {logging_mixin.py:190} INFO - [2024-10-26T07:08:30.507+0000] {dag.py:3239} INFO - Sync 1 DAGs
[2024-10-26T07:08:30.514+0000] {logging_mixin.py:190} INFO - [2024-10-26T07:08:30.514+0000] {dag.py:4180} INFO - Setting next_dagrun for example_python_decorator to None, run_after=None
[2024-10-26T07:08:30.527+0000] {processor.py:208} INFO - Processing /home/airflow/.local/lib/python3.12/site-packages/airflow/example_dags/example_python_decorator.py took 0.043 seconds
[2024-10-26T07:09:01.487+0000] {processor.py:186} INFO - Started process (PID=77716) to work on /home/airflow/.local/lib/python3.12/site-packages/airflow/example_dags/example_python_decorator.py
[2024-10-26T07:09:01.488+0000] {processor.py:914} INFO - Processing file /home/airflow/.local/lib/python3.12/site-packages/airflow/example_dags/example_python_decorator.py for tasks to queue
[2024-10-26T07:09:01.489+0000] {logging_mixin.py:190} INFO - [2024-10-26T07:09:01.488+0000] {dagbag.py:588} INFO - Filling up the DagBag from /home/airflow/.local/lib/python3.12/site-packages/airflow/example_dags/example_python_decorator.py
[2024-10-26T07:09:01.496+0000] {processor.py:925} INFO - DAG(s) 'example_python_decorator' retrieved from /home/airflow/.local/lib/python3.12/site-packages/airflow/example_dags/example_python_decorator.py
[2024-10-26T07:09:01.508+0000] {logging_mixin.py:190} INFO - [2024-10-26T07:09:01.508+0000] {dag.py:3239} INFO - Sync 1 DAGs
[2024-10-26T07:09:01.516+0000] {logging_mixin.py:190} INFO - [2024-10-26T07:09:01.515+0000] {dag.py:4180} INFO - Setting next_dagrun for example_python_decorator to None, run_after=None
[2024-10-26T07:09:01.527+0000] {processor.py:208} INFO - Processing /home/airflow/.local/lib/python3.12/site-packages/airflow/example_dags/example_python_decorator.py took 0.043 seconds
[2024-10-26T07:09:31.888+0000] {processor.py:186} INFO - Started process (PID=78007) to work on /home/airflow/.local/lib/python3.12/site-packages/airflow/example_dags/example_python_decorator.py
[2024-10-26T07:09:31.891+0000] {processor.py:914} INFO - Processing file /home/airflow/.local/lib/python3.12/site-packages/airflow/example_dags/example_python_decorator.py for tasks to queue
[2024-10-26T07:09:31.891+0000] {logging_mixin.py:190} INFO - [2024-10-26T07:09:31.891+0000] {dagbag.py:588} INFO - Filling up the DagBag from /home/airflow/.local/lib/python3.12/site-packages/airflow/example_dags/example_python_decorator.py
[2024-10-26T07:09:31.900+0000] {processor.py:925} INFO - DAG(s) 'example_python_decorator' retrieved from /home/airflow/.local/lib/python3.12/site-packages/airflow/example_dags/example_python_decorator.py
[2024-10-26T07:09:31.911+0000] {logging_mixin.py:190} INFO - [2024-10-26T07:09:31.911+0000] {dag.py:3239} INFO - Sync 1 DAGs
[2024-10-26T07:09:31.925+0000] {logging_mixin.py:190} INFO - [2024-10-26T07:09:31.924+0000] {dag.py:4180} INFO - Setting next_dagrun for example_python_decorator to None, run_after=None
[2024-10-26T07:09:31.938+0000] {processor.py:208} INFO - Processing /home/airflow/.local/lib/python3.12/site-packages/airflow/example_dags/example_python_decorator.py took 0.055 seconds
[2024-10-26T07:10:03.089+0000] {processor.py:186} INFO - Started process (PID=78304) to work on /home/airflow/.local/lib/python3.12/site-packages/airflow/example_dags/example_python_decorator.py
[2024-10-26T07:10:03.090+0000] {processor.py:914} INFO - Processing file /home/airflow/.local/lib/python3.12/site-packages/airflow/example_dags/example_python_decorator.py for tasks to queue
[2024-10-26T07:10:03.090+0000] {logging_mixin.py:190} INFO - [2024-10-26T07:10:03.090+0000] {dagbag.py:588} INFO - Filling up the DagBag from /home/airflow/.local/lib/python3.12/site-packages/airflow/example_dags/example_python_decorator.py
[2024-10-26T07:10:03.097+0000] {processor.py:925} INFO - DAG(s) 'example_python_decorator' retrieved from /home/airflow/.local/lib/python3.12/site-packages/airflow/example_dags/example_python_decorator.py
[2024-10-26T07:10:03.111+0000] {logging_mixin.py:190} INFO - [2024-10-26T07:10:03.111+0000] {dag.py:3239} INFO - Sync 1 DAGs
[2024-10-26T07:10:03.118+0000] {logging_mixin.py:190} INFO - [2024-10-26T07:10:03.118+0000] {dag.py:4180} INFO - Setting next_dagrun for example_python_decorator to None, run_after=None
[2024-10-26T07:10:03.131+0000] {processor.py:208} INFO - Processing /home/airflow/.local/lib/python3.12/site-packages/airflow/example_dags/example_python_decorator.py took 0.046 seconds
[2024-10-26T07:10:34.833+0000] {processor.py:186} INFO - Started process (PID=78595) to work on /home/airflow/.local/lib/python3.12/site-packages/airflow/example_dags/example_python_decorator.py
[2024-10-26T07:10:34.834+0000] {processor.py:914} INFO - Processing file /home/airflow/.local/lib/python3.12/site-packages/airflow/example_dags/example_python_decorator.py for tasks to queue
[2024-10-26T07:10:34.837+0000] {logging_mixin.py:190} INFO - [2024-10-26T07:10:34.837+0000] {dagbag.py:588} INFO - Filling up the DagBag from /home/airflow/.local/lib/python3.12/site-packages/airflow/example_dags/example_python_decorator.py
[2024-10-26T07:10:34.848+0000] {processor.py:925} INFO - DAG(s) 'example_python_decorator' retrieved from /home/airflow/.local/lib/python3.12/site-packages/airflow/example_dags/example_python_decorator.py
[2024-10-26T07:10:34.864+0000] {logging_mixin.py:190} INFO - [2024-10-26T07:10:34.864+0000] {dag.py:3239} INFO - Sync 1 DAGs
[2024-10-26T07:10:34.871+0000] {logging_mixin.py:190} INFO - [2024-10-26T07:10:34.871+0000] {dag.py:4180} INFO - Setting next_dagrun for example_python_decorator to None, run_after=None
[2024-10-26T07:10:34.880+0000] {processor.py:208} INFO - Processing /home/airflow/.local/lib/python3.12/site-packages/airflow/example_dags/example_python_decorator.py took 0.051 seconds
[2024-10-26T07:11:06.456+0000] {processor.py:186} INFO - Started process (PID=78891) to work on /home/airflow/.local/lib/python3.12/site-packages/airflow/example_dags/example_python_decorator.py
[2024-10-26T07:11:06.457+0000] {processor.py:914} INFO - Processing file /home/airflow/.local/lib/python3.12/site-packages/airflow/example_dags/example_python_decorator.py for tasks to queue
[2024-10-26T07:11:06.457+0000] {logging_mixin.py:190} INFO - [2024-10-26T07:11:06.457+0000] {dagbag.py:588} INFO - Filling up the DagBag from /home/airflow/.local/lib/python3.12/site-packages/airflow/example_dags/example_python_decorator.py
[2024-10-26T07:11:06.465+0000] {processor.py:925} INFO - DAG(s) 'example_python_decorator' retrieved from /home/airflow/.local/lib/python3.12/site-packages/airflow/example_dags/example_python_decorator.py
[2024-10-26T07:11:06.479+0000] {logging_mixin.py:190} INFO - [2024-10-26T07:11:06.479+0000] {dag.py:3239} INFO - Sync 1 DAGs
[2024-10-26T07:11:06.488+0000] {logging_mixin.py:190} INFO - [2024-10-26T07:11:06.488+0000] {dag.py:4180} INFO - Setting next_dagrun for example_python_decorator to None, run_after=None
[2024-10-26T07:11:06.505+0000] {processor.py:208} INFO - Processing /home/airflow/.local/lib/python3.12/site-packages/airflow/example_dags/example_python_decorator.py took 0.052 seconds
[2024-10-26T07:11:36.884+0000] {processor.py:186} INFO - Started process (PID=79182) to work on /home/airflow/.local/lib/python3.12/site-packages/airflow/example_dags/example_python_decorator.py
[2024-10-26T07:11:36.885+0000] {processor.py:914} INFO - Processing file /home/airflow/.local/lib/python3.12/site-packages/airflow/example_dags/example_python_decorator.py for tasks to queue
[2024-10-26T07:11:36.886+0000] {logging_mixin.py:190} INFO - [2024-10-26T07:11:36.886+0000] {dagbag.py:588} INFO - Filling up the DagBag from /home/airflow/.local/lib/python3.12/site-packages/airflow/example_dags/example_python_decorator.py
[2024-10-26T07:11:36.899+0000] {processor.py:925} INFO - DAG(s) 'example_python_decorator' retrieved from /home/airflow/.local/lib/python3.12/site-packages/airflow/example_dags/example_python_decorator.py
[2024-10-26T07:11:36.922+0000] {logging_mixin.py:190} INFO - [2024-10-26T07:11:36.921+0000] {dag.py:3239} INFO - Sync 1 DAGs
[2024-10-26T07:11:36.942+0000] {logging_mixin.py:190} INFO - [2024-10-26T07:11:36.941+0000] {dag.py:4180} INFO - Setting next_dagrun for example_python_decorator to None, run_after=None
[2024-10-26T07:11:36.963+0000] {processor.py:208} INFO - Processing /home/airflow/.local/lib/python3.12/site-packages/airflow/example_dags/example_python_decorator.py took 0.085 seconds
[2024-10-26T07:12:08.058+0000] {processor.py:186} INFO - Started process (PID=79473) to work on /home/airflow/.local/lib/python3.12/site-packages/airflow/example_dags/example_python_decorator.py
[2024-10-26T07:12:08.059+0000] {processor.py:914} INFO - Processing file /home/airflow/.local/lib/python3.12/site-packages/airflow/example_dags/example_python_decorator.py for tasks to queue
[2024-10-26T07:12:08.060+0000] {logging_mixin.py:190} INFO - [2024-10-26T07:12:08.060+0000] {dagbag.py:588} INFO - Filling up the DagBag from /home/airflow/.local/lib/python3.12/site-packages/airflow/example_dags/example_python_decorator.py
[2024-10-26T07:12:08.068+0000] {processor.py:925} INFO - DAG(s) 'example_python_decorator' retrieved from /home/airflow/.local/lib/python3.12/site-packages/airflow/example_dags/example_python_decorator.py
[2024-10-26T07:12:08.080+0000] {logging_mixin.py:190} INFO - [2024-10-26T07:12:08.080+0000] {dag.py:3239} INFO - Sync 1 DAGs
[2024-10-26T07:12:08.088+0000] {logging_mixin.py:190} INFO - [2024-10-26T07:12:08.088+0000] {dag.py:4180} INFO - Setting next_dagrun for example_python_decorator to None, run_after=None
[2024-10-26T07:12:08.101+0000] {processor.py:208} INFO - Processing /home/airflow/.local/lib/python3.12/site-packages/airflow/example_dags/example_python_decorator.py took 0.046 seconds
[2024-10-26T07:12:39.062+0000] {processor.py:186} INFO - Started process (PID=79766) to work on /home/airflow/.local/lib/python3.12/site-packages/airflow/example_dags/example_python_decorator.py
[2024-10-26T07:12:39.063+0000] {processor.py:914} INFO - Processing file /home/airflow/.local/lib/python3.12/site-packages/airflow/example_dags/example_python_decorator.py for tasks to queue
[2024-10-26T07:12:39.063+0000] {logging_mixin.py:190} INFO - [2024-10-26T07:12:39.063+0000] {dagbag.py:588} INFO - Filling up the DagBag from /home/airflow/.local/lib/python3.12/site-packages/airflow/example_dags/example_python_decorator.py
[2024-10-26T07:12:39.071+0000] {processor.py:925} INFO - DAG(s) 'example_python_decorator' retrieved from /home/airflow/.local/lib/python3.12/site-packages/airflow/example_dags/example_python_decorator.py
[2024-10-26T07:12:39.089+0000] {logging_mixin.py:190} INFO - [2024-10-26T07:12:39.088+0000] {dag.py:3239} INFO - Sync 1 DAGs
[2024-10-26T07:12:39.098+0000] {logging_mixin.py:190} INFO - [2024-10-26T07:12:39.098+0000] {dag.py:4180} INFO - Setting next_dagrun for example_python_decorator to None, run_after=None
[2024-10-26T07:12:39.111+0000] {processor.py:208} INFO - Processing /home/airflow/.local/lib/python3.12/site-packages/airflow/example_dags/example_python_decorator.py took 0.051 seconds
[2024-10-26T07:13:09.791+0000] {processor.py:186} INFO - Started process (PID=80054) to work on /home/airflow/.local/lib/python3.12/site-packages/airflow/example_dags/example_python_decorator.py
[2024-10-26T07:13:09.792+0000] {processor.py:914} INFO - Processing file /home/airflow/.local/lib/python3.12/site-packages/airflow/example_dags/example_python_decorator.py for tasks to queue
[2024-10-26T07:13:09.793+0000] {logging_mixin.py:190} INFO - [2024-10-26T07:13:09.793+0000] {dagbag.py:588} INFO - Filling up the DagBag from /home/airflow/.local/lib/python3.12/site-packages/airflow/example_dags/example_python_decorator.py
[2024-10-26T07:13:09.802+0000] {processor.py:925} INFO - DAG(s) 'example_python_decorator' retrieved from /home/airflow/.local/lib/python3.12/site-packages/airflow/example_dags/example_python_decorator.py
[2024-10-26T07:13:09.813+0000] {logging_mixin.py:190} INFO - [2024-10-26T07:13:09.813+0000] {dag.py:3239} INFO - Sync 1 DAGs
[2024-10-26T07:13:09.822+0000] {logging_mixin.py:190} INFO - [2024-10-26T07:13:09.822+0000] {dag.py:4180} INFO - Setting next_dagrun for example_python_decorator to None, run_after=None
[2024-10-26T07:13:09.831+0000] {processor.py:208} INFO - Processing /home/airflow/.local/lib/python3.12/site-packages/airflow/example_dags/example_python_decorator.py took 0.043 seconds
[2024-10-26T07:13:40.336+0000] {processor.py:186} INFO - Started process (PID=80345) to work on /home/airflow/.local/lib/python3.12/site-packages/airflow/example_dags/example_python_decorator.py
[2024-10-26T07:13:40.338+0000] {processor.py:914} INFO - Processing file /home/airflow/.local/lib/python3.12/site-packages/airflow/example_dags/example_python_decorator.py for tasks to queue
[2024-10-26T07:13:40.340+0000] {logging_mixin.py:190} INFO - [2024-10-26T07:13:40.339+0000] {dagbag.py:588} INFO - Filling up the DagBag from /home/airflow/.local/lib/python3.12/site-packages/airflow/example_dags/example_python_decorator.py
[2024-10-26T07:13:40.348+0000] {processor.py:925} INFO - DAG(s) 'example_python_decorator' retrieved from /home/airflow/.local/lib/python3.12/site-packages/airflow/example_dags/example_python_decorator.py
[2024-10-26T07:13:40.360+0000] {logging_mixin.py:190} INFO - [2024-10-26T07:13:40.360+0000] {dag.py:3239} INFO - Sync 1 DAGs
[2024-10-26T07:13:40.368+0000] {logging_mixin.py:190} INFO - [2024-10-26T07:13:40.368+0000] {dag.py:4180} INFO - Setting next_dagrun for example_python_decorator to None, run_after=None
[2024-10-26T07:13:40.376+0000] {processor.py:208} INFO - Processing /home/airflow/.local/lib/python3.12/site-packages/airflow/example_dags/example_python_decorator.py took 0.044 seconds
[2024-10-26T07:14:12.493+0000] {processor.py:186} INFO - Started process (PID=80636) to work on /home/airflow/.local/lib/python3.12/site-packages/airflow/example_dags/example_python_decorator.py
[2024-10-26T07:14:12.494+0000] {processor.py:914} INFO - Processing file /home/airflow/.local/lib/python3.12/site-packages/airflow/example_dags/example_python_decorator.py for tasks to queue
[2024-10-26T07:14:12.494+0000] {logging_mixin.py:190} INFO - [2024-10-26T07:14:12.494+0000] {dagbag.py:588} INFO - Filling up the DagBag from /home/airflow/.local/lib/python3.12/site-packages/airflow/example_dags/example_python_decorator.py
[2024-10-26T07:14:12.503+0000] {processor.py:925} INFO - DAG(s) 'example_python_decorator' retrieved from /home/airflow/.local/lib/python3.12/site-packages/airflow/example_dags/example_python_decorator.py
[2024-10-26T07:14:12.516+0000] {logging_mixin.py:190} INFO - [2024-10-26T07:14:12.516+0000] {dag.py:3239} INFO - Sync 1 DAGs
[2024-10-26T07:14:12.524+0000] {logging_mixin.py:190} INFO - [2024-10-26T07:14:12.524+0000] {dag.py:4180} INFO - Setting next_dagrun for example_python_decorator to None, run_after=None
[2024-10-26T07:14:12.536+0000] {processor.py:208} INFO - Processing /home/airflow/.local/lib/python3.12/site-packages/airflow/example_dags/example_python_decorator.py took 0.046 seconds
[2024-10-26T07:14:44.557+0000] {processor.py:186} INFO - Started process (PID=80927) to work on /home/airflow/.local/lib/python3.12/site-packages/airflow/example_dags/example_python_decorator.py
[2024-10-26T07:14:44.557+0000] {processor.py:914} INFO - Processing file /home/airflow/.local/lib/python3.12/site-packages/airflow/example_dags/example_python_decorator.py for tasks to queue
[2024-10-26T07:14:44.558+0000] {logging_mixin.py:190} INFO - [2024-10-26T07:14:44.558+0000] {dagbag.py:588} INFO - Filling up the DagBag from /home/airflow/.local/lib/python3.12/site-packages/airflow/example_dags/example_python_decorator.py
[2024-10-26T07:14:44.567+0000] {processor.py:925} INFO - DAG(s) 'example_python_decorator' retrieved from /home/airflow/.local/lib/python3.12/site-packages/airflow/example_dags/example_python_decorator.py
[2024-10-26T07:14:44.710+0000] {logging_mixin.py:190} INFO - [2024-10-26T07:14:44.710+0000] {dag.py:3239} INFO - Sync 1 DAGs
[2024-10-26T07:14:44.734+0000] {logging_mixin.py:190} INFO - [2024-10-26T07:14:44.734+0000] {dag.py:4180} INFO - Setting next_dagrun for example_python_decorator to None, run_after=None
[2024-10-26T07:14:44.800+0000] {processor.py:208} INFO - Processing /home/airflow/.local/lib/python3.12/site-packages/airflow/example_dags/example_python_decorator.py took 0.246 seconds
[2024-10-26T07:15:15.366+0000] {processor.py:186} INFO - Started process (PID=81218) to work on /home/airflow/.local/lib/python3.12/site-packages/airflow/example_dags/example_python_decorator.py
[2024-10-26T07:15:15.367+0000] {processor.py:914} INFO - Processing file /home/airflow/.local/lib/python3.12/site-packages/airflow/example_dags/example_python_decorator.py for tasks to queue
[2024-10-26T07:15:15.368+0000] {logging_mixin.py:190} INFO - [2024-10-26T07:15:15.368+0000] {dagbag.py:588} INFO - Filling up the DagBag from /home/airflow/.local/lib/python3.12/site-packages/airflow/example_dags/example_python_decorator.py
[2024-10-26T07:15:15.379+0000] {processor.py:925} INFO - DAG(s) 'example_python_decorator' retrieved from /home/airflow/.local/lib/python3.12/site-packages/airflow/example_dags/example_python_decorator.py
[2024-10-26T07:15:15.395+0000] {logging_mixin.py:190} INFO - [2024-10-26T07:15:15.394+0000] {dag.py:3239} INFO - Sync 1 DAGs
[2024-10-26T07:15:15.403+0000] {logging_mixin.py:190} INFO - [2024-10-26T07:15:15.403+0000] {dag.py:4180} INFO - Setting next_dagrun for example_python_decorator to None, run_after=None
[2024-10-26T07:15:15.418+0000] {processor.py:208} INFO - Processing /home/airflow/.local/lib/python3.12/site-packages/airflow/example_dags/example_python_decorator.py took 0.056 seconds
[2024-10-26T07:15:45.443+0000] {processor.py:186} INFO - Started process (PID=81511) to work on /home/airflow/.local/lib/python3.12/site-packages/airflow/example_dags/example_python_decorator.py
[2024-10-26T07:15:45.443+0000] {processor.py:914} INFO - Processing file /home/airflow/.local/lib/python3.12/site-packages/airflow/example_dags/example_python_decorator.py for tasks to queue
[2024-10-26T07:15:45.444+0000] {logging_mixin.py:190} INFO - [2024-10-26T07:15:45.444+0000] {dagbag.py:588} INFO - Filling up the DagBag from /home/airflow/.local/lib/python3.12/site-packages/airflow/example_dags/example_python_decorator.py
[2024-10-26T07:15:45.451+0000] {processor.py:925} INFO - DAG(s) 'example_python_decorator' retrieved from /home/airflow/.local/lib/python3.12/site-packages/airflow/example_dags/example_python_decorator.py
[2024-10-26T07:15:45.461+0000] {logging_mixin.py:190} INFO - [2024-10-26T07:15:45.461+0000] {dag.py:3239} INFO - Sync 1 DAGs
[2024-10-26T07:15:45.468+0000] {logging_mixin.py:190} INFO - [2024-10-26T07:15:45.467+0000] {dag.py:4180} INFO - Setting next_dagrun for example_python_decorator to None, run_after=None
[2024-10-26T07:15:45.475+0000] {processor.py:208} INFO - Processing /home/airflow/.local/lib/python3.12/site-packages/airflow/example_dags/example_python_decorator.py took 0.035 seconds
[2024-10-26T07:16:16.866+0000] {processor.py:186} INFO - Started process (PID=81802) to work on /home/airflow/.local/lib/python3.12/site-packages/airflow/example_dags/example_python_decorator.py
[2024-10-26T07:16:16.867+0000] {processor.py:914} INFO - Processing file /home/airflow/.local/lib/python3.12/site-packages/airflow/example_dags/example_python_decorator.py for tasks to queue
[2024-10-26T07:16:16.867+0000] {logging_mixin.py:190} INFO - [2024-10-26T07:16:16.867+0000] {dagbag.py:588} INFO - Filling up the DagBag from /home/airflow/.local/lib/python3.12/site-packages/airflow/example_dags/example_python_decorator.py
[2024-10-26T07:16:16.891+0000] {processor.py:925} INFO - DAG(s) 'example_python_decorator' retrieved from /home/airflow/.local/lib/python3.12/site-packages/airflow/example_dags/example_python_decorator.py
[2024-10-26T07:16:16.908+0000] {logging_mixin.py:190} INFO - [2024-10-26T07:16:16.908+0000] {dag.py:3239} INFO - Sync 1 DAGs
[2024-10-26T07:16:16.922+0000] {logging_mixin.py:190} INFO - [2024-10-26T07:16:16.922+0000] {dag.py:4180} INFO - Setting next_dagrun for example_python_decorator to None, run_after=None
[2024-10-26T07:16:16.936+0000] {processor.py:208} INFO - Processing /home/airflow/.local/lib/python3.12/site-packages/airflow/example_dags/example_python_decorator.py took 0.075 seconds
[2024-10-26T07:16:47.843+0000] {processor.py:186} INFO - Started process (PID=82093) to work on /home/airflow/.local/lib/python3.12/site-packages/airflow/example_dags/example_python_decorator.py
[2024-10-26T07:16:47.844+0000] {processor.py:914} INFO - Processing file /home/airflow/.local/lib/python3.12/site-packages/airflow/example_dags/example_python_decorator.py for tasks to queue
[2024-10-26T07:16:47.845+0000] {logging_mixin.py:190} INFO - [2024-10-26T07:16:47.844+0000] {dagbag.py:588} INFO - Filling up the DagBag from /home/airflow/.local/lib/python3.12/site-packages/airflow/example_dags/example_python_decorator.py
[2024-10-26T07:16:47.852+0000] {processor.py:925} INFO - DAG(s) 'example_python_decorator' retrieved from /home/airflow/.local/lib/python3.12/site-packages/airflow/example_dags/example_python_decorator.py
[2024-10-26T07:16:47.866+0000] {logging_mixin.py:190} INFO - [2024-10-26T07:16:47.866+0000] {dag.py:3239} INFO - Sync 1 DAGs
[2024-10-26T07:16:47.875+0000] {logging_mixin.py:190} INFO - [2024-10-26T07:16:47.875+0000] {dag.py:4180} INFO - Setting next_dagrun for example_python_decorator to None, run_after=None
[2024-10-26T07:16:47.888+0000] {processor.py:208} INFO - Processing /home/airflow/.local/lib/python3.12/site-packages/airflow/example_dags/example_python_decorator.py took 0.047 seconds
[2024-10-26T07:17:18.723+0000] {processor.py:186} INFO - Started process (PID=82383) to work on /home/airflow/.local/lib/python3.12/site-packages/airflow/example_dags/example_python_decorator.py
[2024-10-26T07:17:18.723+0000] {processor.py:914} INFO - Processing file /home/airflow/.local/lib/python3.12/site-packages/airflow/example_dags/example_python_decorator.py for tasks to queue
[2024-10-26T07:17:18.724+0000] {logging_mixin.py:190} INFO - [2024-10-26T07:17:18.723+0000] {dagbag.py:588} INFO - Filling up the DagBag from /home/airflow/.local/lib/python3.12/site-packages/airflow/example_dags/example_python_decorator.py
[2024-10-26T07:17:18.731+0000] {processor.py:925} INFO - DAG(s) 'example_python_decorator' retrieved from /home/airflow/.local/lib/python3.12/site-packages/airflow/example_dags/example_python_decorator.py
[2024-10-26T07:17:18.742+0000] {logging_mixin.py:190} INFO - [2024-10-26T07:17:18.742+0000] {dag.py:3239} INFO - Sync 1 DAGs
[2024-10-26T07:17:18.751+0000] {logging_mixin.py:190} INFO - [2024-10-26T07:17:18.751+0000] {dag.py:4180} INFO - Setting next_dagrun for example_python_decorator to None, run_after=None
[2024-10-26T07:17:18.761+0000] {processor.py:208} INFO - Processing /home/airflow/.local/lib/python3.12/site-packages/airflow/example_dags/example_python_decorator.py took 0.042 seconds
[2024-10-26T07:17:49.837+0000] {processor.py:186} INFO - Started process (PID=82674) to work on /home/airflow/.local/lib/python3.12/site-packages/airflow/example_dags/example_python_decorator.py
[2024-10-26T07:17:49.838+0000] {processor.py:914} INFO - Processing file /home/airflow/.local/lib/python3.12/site-packages/airflow/example_dags/example_python_decorator.py for tasks to queue
[2024-10-26T07:17:49.839+0000] {logging_mixin.py:190} INFO - [2024-10-26T07:17:49.839+0000] {dagbag.py:588} INFO - Filling up the DagBag from /home/airflow/.local/lib/python3.12/site-packages/airflow/example_dags/example_python_decorator.py
[2024-10-26T07:17:49.848+0000] {processor.py:925} INFO - DAG(s) 'example_python_decorator' retrieved from /home/airflow/.local/lib/python3.12/site-packages/airflow/example_dags/example_python_decorator.py
[2024-10-26T07:17:49.862+0000] {logging_mixin.py:190} INFO - [2024-10-26T07:17:49.862+0000] {dag.py:3239} INFO - Sync 1 DAGs
[2024-10-26T07:17:49.875+0000] {logging_mixin.py:190} INFO - [2024-10-26T07:17:49.875+0000] {dag.py:4180} INFO - Setting next_dagrun for example_python_decorator to None, run_after=None
[2024-10-26T07:17:49.890+0000] {processor.py:208} INFO - Processing /home/airflow/.local/lib/python3.12/site-packages/airflow/example_dags/example_python_decorator.py took 0.057 seconds
[2024-10-26T07:18:20.198+0000] {processor.py:186} INFO - Started process (PID=82965) to work on /home/airflow/.local/lib/python3.12/site-packages/airflow/example_dags/example_python_decorator.py
[2024-10-26T07:18:20.199+0000] {processor.py:914} INFO - Processing file /home/airflow/.local/lib/python3.12/site-packages/airflow/example_dags/example_python_decorator.py for tasks to queue
[2024-10-26T07:18:20.200+0000] {logging_mixin.py:190} INFO - [2024-10-26T07:18:20.200+0000] {dagbag.py:588} INFO - Filling up the DagBag from /home/airflow/.local/lib/python3.12/site-packages/airflow/example_dags/example_python_decorator.py
[2024-10-26T07:18:20.217+0000] {processor.py:925} INFO - DAG(s) 'example_python_decorator' retrieved from /home/airflow/.local/lib/python3.12/site-packages/airflow/example_dags/example_python_decorator.py
[2024-10-26T07:18:20.231+0000] {logging_mixin.py:190} INFO - [2024-10-26T07:18:20.231+0000] {dag.py:3239} INFO - Sync 1 DAGs
[2024-10-26T07:18:20.239+0000] {logging_mixin.py:190} INFO - [2024-10-26T07:18:20.238+0000] {dag.py:4180} INFO - Setting next_dagrun for example_python_decorator to None, run_after=None
[2024-10-26T07:18:20.249+0000] {processor.py:208} INFO - Processing /home/airflow/.local/lib/python3.12/site-packages/airflow/example_dags/example_python_decorator.py took 0.054 seconds
[2024-10-26T07:18:51.369+0000] {processor.py:186} INFO - Started process (PID=83256) to work on /home/airflow/.local/lib/python3.12/site-packages/airflow/example_dags/example_python_decorator.py
[2024-10-26T07:18:51.370+0000] {processor.py:914} INFO - Processing file /home/airflow/.local/lib/python3.12/site-packages/airflow/example_dags/example_python_decorator.py for tasks to queue
[2024-10-26T07:18:51.372+0000] {logging_mixin.py:190} INFO - [2024-10-26T07:18:51.370+0000] {dagbag.py:588} INFO - Filling up the DagBag from /home/airflow/.local/lib/python3.12/site-packages/airflow/example_dags/example_python_decorator.py
[2024-10-26T07:18:51.388+0000] {processor.py:925} INFO - DAG(s) 'example_python_decorator' retrieved from /home/airflow/.local/lib/python3.12/site-packages/airflow/example_dags/example_python_decorator.py
[2024-10-26T07:18:51.412+0000] {logging_mixin.py:190} INFO - [2024-10-26T07:18:51.412+0000] {dag.py:3239} INFO - Sync 1 DAGs
[2024-10-26T07:18:51.422+0000] {logging_mixin.py:190} INFO - [2024-10-26T07:18:51.422+0000] {dag.py:4180} INFO - Setting next_dagrun for example_python_decorator to None, run_after=None
[2024-10-26T07:18:51.444+0000] {processor.py:208} INFO - Processing /home/airflow/.local/lib/python3.12/site-packages/airflow/example_dags/example_python_decorator.py took 0.087 seconds
[2024-10-26T07:19:21.508+0000] {processor.py:186} INFO - Started process (PID=83546) to work on /home/airflow/.local/lib/python3.12/site-packages/airflow/example_dags/example_python_decorator.py
[2024-10-26T07:19:21.509+0000] {processor.py:914} INFO - Processing file /home/airflow/.local/lib/python3.12/site-packages/airflow/example_dags/example_python_decorator.py for tasks to queue
[2024-10-26T07:19:21.510+0000] {logging_mixin.py:190} INFO - [2024-10-26T07:19:21.509+0000] {dagbag.py:588} INFO - Filling up the DagBag from /home/airflow/.local/lib/python3.12/site-packages/airflow/example_dags/example_python_decorator.py
[2024-10-26T07:19:21.517+0000] {processor.py:925} INFO - DAG(s) 'example_python_decorator' retrieved from /home/airflow/.local/lib/python3.12/site-packages/airflow/example_dags/example_python_decorator.py
[2024-10-26T07:19:21.528+0000] {logging_mixin.py:190} INFO - [2024-10-26T07:19:21.527+0000] {dag.py:3239} INFO - Sync 1 DAGs
[2024-10-26T07:19:21.534+0000] {logging_mixin.py:190} INFO - [2024-10-26T07:19:21.534+0000] {dag.py:4180} INFO - Setting next_dagrun for example_python_decorator to None, run_after=None
[2024-10-26T07:19:21.542+0000] {processor.py:208} INFO - Processing /home/airflow/.local/lib/python3.12/site-packages/airflow/example_dags/example_python_decorator.py took 0.037 seconds
[2024-10-26T07:19:52.426+0000] {processor.py:186} INFO - Started process (PID=83837) to work on /home/airflow/.local/lib/python3.12/site-packages/airflow/example_dags/example_python_decorator.py
[2024-10-26T07:19:52.427+0000] {processor.py:914} INFO - Processing file /home/airflow/.local/lib/python3.12/site-packages/airflow/example_dags/example_python_decorator.py for tasks to queue
[2024-10-26T07:19:52.428+0000] {logging_mixin.py:190} INFO - [2024-10-26T07:19:52.427+0000] {dagbag.py:588} INFO - Filling up the DagBag from /home/airflow/.local/lib/python3.12/site-packages/airflow/example_dags/example_python_decorator.py
[2024-10-26T07:19:52.434+0000] {processor.py:925} INFO - DAG(s) 'example_python_decorator' retrieved from /home/airflow/.local/lib/python3.12/site-packages/airflow/example_dags/example_python_decorator.py
[2024-10-26T07:19:52.444+0000] {logging_mixin.py:190} INFO - [2024-10-26T07:19:52.444+0000] {dag.py:3239} INFO - Sync 1 DAGs
[2024-10-26T07:19:52.450+0000] {logging_mixin.py:190} INFO - [2024-10-26T07:19:52.450+0000] {dag.py:4180} INFO - Setting next_dagrun for example_python_decorator to None, run_after=None
[2024-10-26T07:19:52.458+0000] {processor.py:208} INFO - Processing /home/airflow/.local/lib/python3.12/site-packages/airflow/example_dags/example_python_decorator.py took 0.036 seconds
[2024-10-26T07:20:22.645+0000] {processor.py:186} INFO - Started process (PID=84126) to work on /home/airflow/.local/lib/python3.12/site-packages/airflow/example_dags/example_python_decorator.py
[2024-10-26T07:20:22.647+0000] {processor.py:914} INFO - Processing file /home/airflow/.local/lib/python3.12/site-packages/airflow/example_dags/example_python_decorator.py for tasks to queue
[2024-10-26T07:20:22.648+0000] {logging_mixin.py:190} INFO - [2024-10-26T07:20:22.648+0000] {dagbag.py:588} INFO - Filling up the DagBag from /home/airflow/.local/lib/python3.12/site-packages/airflow/example_dags/example_python_decorator.py
[2024-10-26T07:20:22.663+0000] {processor.py:925} INFO - DAG(s) 'example_python_decorator' retrieved from /home/airflow/.local/lib/python3.12/site-packages/airflow/example_dags/example_python_decorator.py
[2024-10-26T07:20:22.682+0000] {logging_mixin.py:190} INFO - [2024-10-26T07:20:22.682+0000] {dag.py:3239} INFO - Sync 1 DAGs
[2024-10-26T07:20:22.690+0000] {logging_mixin.py:190} INFO - [2024-10-26T07:20:22.690+0000] {dag.py:4180} INFO - Setting next_dagrun for example_python_decorator to None, run_after=None
[2024-10-26T07:20:22.700+0000] {processor.py:208} INFO - Processing /home/airflow/.local/lib/python3.12/site-packages/airflow/example_dags/example_python_decorator.py took 0.059 seconds
[2024-10-26T07:20:52.737+0000] {processor.py:186} INFO - Started process (PID=84417) to work on /home/airflow/.local/lib/python3.12/site-packages/airflow/example_dags/example_python_decorator.py
[2024-10-26T07:20:52.738+0000] {processor.py:914} INFO - Processing file /home/airflow/.local/lib/python3.12/site-packages/airflow/example_dags/example_python_decorator.py for tasks to queue
[2024-10-26T07:20:52.738+0000] {logging_mixin.py:190} INFO - [2024-10-26T07:20:52.738+0000] {dagbag.py:588} INFO - Filling up the DagBag from /home/airflow/.local/lib/python3.12/site-packages/airflow/example_dags/example_python_decorator.py
[2024-10-26T07:20:52.747+0000] {processor.py:925} INFO - DAG(s) 'example_python_decorator' retrieved from /home/airflow/.local/lib/python3.12/site-packages/airflow/example_dags/example_python_decorator.py
[2024-10-26T07:20:52.765+0000] {logging_mixin.py:190} INFO - [2024-10-26T07:20:52.765+0000] {dag.py:3239} INFO - Sync 1 DAGs
[2024-10-26T07:20:52.772+0000] {logging_mixin.py:190} INFO - [2024-10-26T07:20:52.771+0000] {dag.py:4180} INFO - Setting next_dagrun for example_python_decorator to None, run_after=None
[2024-10-26T07:20:52.782+0000] {processor.py:208} INFO - Processing /home/airflow/.local/lib/python3.12/site-packages/airflow/example_dags/example_python_decorator.py took 0.048 seconds
[2024-10-26T07:21:23.405+0000] {processor.py:186} INFO - Started process (PID=84708) to work on /home/airflow/.local/lib/python3.12/site-packages/airflow/example_dags/example_python_decorator.py
[2024-10-26T07:21:23.406+0000] {processor.py:914} INFO - Processing file /home/airflow/.local/lib/python3.12/site-packages/airflow/example_dags/example_python_decorator.py for tasks to queue
[2024-10-26T07:21:23.407+0000] {logging_mixin.py:190} INFO - [2024-10-26T07:21:23.407+0000] {dagbag.py:588} INFO - Filling up the DagBag from /home/airflow/.local/lib/python3.12/site-packages/airflow/example_dags/example_python_decorator.py
[2024-10-26T07:21:23.416+0000] {processor.py:925} INFO - DAG(s) 'example_python_decorator' retrieved from /home/airflow/.local/lib/python3.12/site-packages/airflow/example_dags/example_python_decorator.py
[2024-10-26T07:21:23.430+0000] {logging_mixin.py:190} INFO - [2024-10-26T07:21:23.430+0000] {dag.py:3239} INFO - Sync 1 DAGs
[2024-10-26T07:21:23.437+0000] {logging_mixin.py:190} INFO - [2024-10-26T07:21:23.437+0000] {dag.py:4180} INFO - Setting next_dagrun for example_python_decorator to None, run_after=None
[2024-10-26T07:21:23.445+0000] {processor.py:208} INFO - Processing /home/airflow/.local/lib/python3.12/site-packages/airflow/example_dags/example_python_decorator.py took 0.044 seconds
[2024-10-26T07:21:55.274+0000] {processor.py:186} INFO - Started process (PID=84999) to work on /home/airflow/.local/lib/python3.12/site-packages/airflow/example_dags/example_python_decorator.py
[2024-10-26T07:21:55.275+0000] {processor.py:914} INFO - Processing file /home/airflow/.local/lib/python3.12/site-packages/airflow/example_dags/example_python_decorator.py for tasks to queue
[2024-10-26T07:21:55.276+0000] {logging_mixin.py:190} INFO - [2024-10-26T07:21:55.276+0000] {dagbag.py:588} INFO - Filling up the DagBag from /home/airflow/.local/lib/python3.12/site-packages/airflow/example_dags/example_python_decorator.py
[2024-10-26T07:21:55.283+0000] {processor.py:925} INFO - DAG(s) 'example_python_decorator' retrieved from /home/airflow/.local/lib/python3.12/site-packages/airflow/example_dags/example_python_decorator.py
[2024-10-26T07:21:55.296+0000] {logging_mixin.py:190} INFO - [2024-10-26T07:21:55.295+0000] {dag.py:3239} INFO - Sync 1 DAGs
[2024-10-26T07:21:55.303+0000] {logging_mixin.py:190} INFO - [2024-10-26T07:21:55.303+0000] {dag.py:4180} INFO - Setting next_dagrun for example_python_decorator to None, run_after=None
[2024-10-26T07:21:55.320+0000] {processor.py:208} INFO - Processing /home/airflow/.local/lib/python3.12/site-packages/airflow/example_dags/example_python_decorator.py took 0.050 seconds
[2024-10-26T07:22:26.260+0000] {processor.py:186} INFO - Started process (PID=85290) to work on /home/airflow/.local/lib/python3.12/site-packages/airflow/example_dags/example_python_decorator.py
[2024-10-26T07:22:26.261+0000] {processor.py:914} INFO - Processing file /home/airflow/.local/lib/python3.12/site-packages/airflow/example_dags/example_python_decorator.py for tasks to queue
[2024-10-26T07:22:26.261+0000] {logging_mixin.py:190} INFO - [2024-10-26T07:22:26.261+0000] {dagbag.py:588} INFO - Filling up the DagBag from /home/airflow/.local/lib/python3.12/site-packages/airflow/example_dags/example_python_decorator.py
[2024-10-26T07:22:26.269+0000] {processor.py:925} INFO - DAG(s) 'example_python_decorator' retrieved from /home/airflow/.local/lib/python3.12/site-packages/airflow/example_dags/example_python_decorator.py
[2024-10-26T07:22:26.279+0000] {logging_mixin.py:190} INFO - [2024-10-26T07:22:26.279+0000] {dag.py:3239} INFO - Sync 1 DAGs
[2024-10-26T07:22:26.286+0000] {logging_mixin.py:190} INFO - [2024-10-26T07:22:26.286+0000] {dag.py:4180} INFO - Setting next_dagrun for example_python_decorator to None, run_after=None
[2024-10-26T07:22:26.300+0000] {processor.py:208} INFO - Processing /home/airflow/.local/lib/python3.12/site-packages/airflow/example_dags/example_python_decorator.py took 0.043 seconds
[2024-10-26T07:22:57.068+0000] {processor.py:186} INFO - Started process (PID=85583) to work on /home/airflow/.local/lib/python3.12/site-packages/airflow/example_dags/example_python_decorator.py
[2024-10-26T07:22:57.069+0000] {processor.py:914} INFO - Processing file /home/airflow/.local/lib/python3.12/site-packages/airflow/example_dags/example_python_decorator.py for tasks to queue
[2024-10-26T07:22:57.069+0000] {logging_mixin.py:190} INFO - [2024-10-26T07:22:57.069+0000] {dagbag.py:588} INFO - Filling up the DagBag from /home/airflow/.local/lib/python3.12/site-packages/airflow/example_dags/example_python_decorator.py
[2024-10-26T07:22:57.077+0000] {processor.py:925} INFO - DAG(s) 'example_python_decorator' retrieved from /home/airflow/.local/lib/python3.12/site-packages/airflow/example_dags/example_python_decorator.py
[2024-10-26T07:22:57.093+0000] {logging_mixin.py:190} INFO - [2024-10-26T07:22:57.093+0000] {dag.py:3239} INFO - Sync 1 DAGs
[2024-10-26T07:22:57.101+0000] {logging_mixin.py:190} INFO - [2024-10-26T07:22:57.100+0000] {dag.py:4180} INFO - Setting next_dagrun for example_python_decorator to None, run_after=None
[2024-10-26T07:22:57.112+0000] {processor.py:208} INFO - Processing /home/airflow/.local/lib/python3.12/site-packages/airflow/example_dags/example_python_decorator.py took 0.047 seconds
[2024-10-26T07:23:27.824+0000] {processor.py:186} INFO - Started process (PID=85872) to work on /home/airflow/.local/lib/python3.12/site-packages/airflow/example_dags/example_python_decorator.py
[2024-10-26T07:23:27.825+0000] {processor.py:914} INFO - Processing file /home/airflow/.local/lib/python3.12/site-packages/airflow/example_dags/example_python_decorator.py for tasks to queue
[2024-10-26T07:23:27.826+0000] {logging_mixin.py:190} INFO - [2024-10-26T07:23:27.826+0000] {dagbag.py:588} INFO - Filling up the DagBag from /home/airflow/.local/lib/python3.12/site-packages/airflow/example_dags/example_python_decorator.py
[2024-10-26T07:23:27.833+0000] {processor.py:925} INFO - DAG(s) 'example_python_decorator' retrieved from /home/airflow/.local/lib/python3.12/site-packages/airflow/example_dags/example_python_decorator.py
[2024-10-26T07:23:27.844+0000] {logging_mixin.py:190} INFO - [2024-10-26T07:23:27.844+0000] {dag.py:3239} INFO - Sync 1 DAGs
[2024-10-26T07:23:27.853+0000] {logging_mixin.py:190} INFO - [2024-10-26T07:23:27.853+0000] {dag.py:4180} INFO - Setting next_dagrun for example_python_decorator to None, run_after=None
[2024-10-26T07:23:27.861+0000] {processor.py:208} INFO - Processing /home/airflow/.local/lib/python3.12/site-packages/airflow/example_dags/example_python_decorator.py took 0.040 seconds
[2024-10-26T07:23:58.613+0000] {processor.py:186} INFO - Started process (PID=86163) to work on /home/airflow/.local/lib/python3.12/site-packages/airflow/example_dags/example_python_decorator.py
[2024-10-26T07:23:58.613+0000] {processor.py:914} INFO - Processing file /home/airflow/.local/lib/python3.12/site-packages/airflow/example_dags/example_python_decorator.py for tasks to queue
[2024-10-26T07:23:58.615+0000] {logging_mixin.py:190} INFO - [2024-10-26T07:23:58.614+0000] {dagbag.py:588} INFO - Filling up the DagBag from /home/airflow/.local/lib/python3.12/site-packages/airflow/example_dags/example_python_decorator.py
[2024-10-26T07:23:58.622+0000] {processor.py:925} INFO - DAG(s) 'example_python_decorator' retrieved from /home/airflow/.local/lib/python3.12/site-packages/airflow/example_dags/example_python_decorator.py
[2024-10-26T07:23:58.635+0000] {logging_mixin.py:190} INFO - [2024-10-26T07:23:58.635+0000] {dag.py:3239} INFO - Sync 1 DAGs
[2024-10-26T07:23:58.642+0000] {logging_mixin.py:190} INFO - [2024-10-26T07:23:58.642+0000] {dag.py:4180} INFO - Setting next_dagrun for example_python_decorator to None, run_after=None
[2024-10-26T07:23:58.654+0000] {processor.py:208} INFO - Processing /home/airflow/.local/lib/python3.12/site-packages/airflow/example_dags/example_python_decorator.py took 0.045 seconds
[2024-10-26T07:24:29.696+0000] {processor.py:186} INFO - Started process (PID=86454) to work on /home/airflow/.local/lib/python3.12/site-packages/airflow/example_dags/example_python_decorator.py
[2024-10-26T07:24:29.697+0000] {processor.py:914} INFO - Processing file /home/airflow/.local/lib/python3.12/site-packages/airflow/example_dags/example_python_decorator.py for tasks to queue
[2024-10-26T07:24:29.700+0000] {logging_mixin.py:190} INFO - [2024-10-26T07:24:29.700+0000] {dagbag.py:588} INFO - Filling up the DagBag from /home/airflow/.local/lib/python3.12/site-packages/airflow/example_dags/example_python_decorator.py
[2024-10-26T07:24:29.716+0000] {processor.py:925} INFO - DAG(s) 'example_python_decorator' retrieved from /home/airflow/.local/lib/python3.12/site-packages/airflow/example_dags/example_python_decorator.py
[2024-10-26T07:24:29.779+0000] {logging_mixin.py:190} INFO - [2024-10-26T07:24:29.778+0000] {dag.py:3239} INFO - Sync 1 DAGs
[2024-10-26T07:24:29.802+0000] {logging_mixin.py:190} INFO - [2024-10-26T07:24:29.802+0000] {dag.py:4180} INFO - Setting next_dagrun for example_python_decorator to None, run_after=None
[2024-10-26T07:24:29.831+0000] {processor.py:208} INFO - Processing /home/airflow/.local/lib/python3.12/site-packages/airflow/example_dags/example_python_decorator.py took 0.144 seconds
[2024-10-26T07:25:00.525+0000] {processor.py:186} INFO - Started process (PID=86747) to work on /home/airflow/.local/lib/python3.12/site-packages/airflow/example_dags/example_python_decorator.py
[2024-10-26T07:25:00.525+0000] {processor.py:914} INFO - Processing file /home/airflow/.local/lib/python3.12/site-packages/airflow/example_dags/example_python_decorator.py for tasks to queue
[2024-10-26T07:25:00.526+0000] {logging_mixin.py:190} INFO - [2024-10-26T07:25:00.526+0000] {dagbag.py:588} INFO - Filling up the DagBag from /home/airflow/.local/lib/python3.12/site-packages/airflow/example_dags/example_python_decorator.py
[2024-10-26T07:25:00.534+0000] {processor.py:925} INFO - DAG(s) 'example_python_decorator' retrieved from /home/airflow/.local/lib/python3.12/site-packages/airflow/example_dags/example_python_decorator.py
[2024-10-26T07:25:00.547+0000] {logging_mixin.py:190} INFO - [2024-10-26T07:25:00.547+0000] {dag.py:3239} INFO - Sync 1 DAGs
[2024-10-26T07:25:00.555+0000] {logging_mixin.py:190} INFO - [2024-10-26T07:25:00.554+0000] {dag.py:4180} INFO - Setting next_dagrun for example_python_decorator to None, run_after=None
[2024-10-26T07:25:00.564+0000] {processor.py:208} INFO - Processing /home/airflow/.local/lib/python3.12/site-packages/airflow/example_dags/example_python_decorator.py took 0.042 seconds
[2024-10-26T07:25:32.077+0000] {processor.py:186} INFO - Started process (PID=87038) to work on /home/airflow/.local/lib/python3.12/site-packages/airflow/example_dags/example_python_decorator.py
[2024-10-26T07:25:32.078+0000] {processor.py:914} INFO - Processing file /home/airflow/.local/lib/python3.12/site-packages/airflow/example_dags/example_python_decorator.py for tasks to queue
[2024-10-26T07:25:32.078+0000] {logging_mixin.py:190} INFO - [2024-10-26T07:25:32.078+0000] {dagbag.py:588} INFO - Filling up the DagBag from /home/airflow/.local/lib/python3.12/site-packages/airflow/example_dags/example_python_decorator.py
[2024-10-26T07:25:32.086+0000] {processor.py:925} INFO - DAG(s) 'example_python_decorator' retrieved from /home/airflow/.local/lib/python3.12/site-packages/airflow/example_dags/example_python_decorator.py
[2024-10-26T07:25:32.097+0000] {logging_mixin.py:190} INFO - [2024-10-26T07:25:32.097+0000] {dag.py:3239} INFO - Sync 1 DAGs
[2024-10-26T07:25:32.106+0000] {logging_mixin.py:190} INFO - [2024-10-26T07:25:32.105+0000] {dag.py:4180} INFO - Setting next_dagrun for example_python_decorator to None, run_after=None
[2024-10-26T07:25:32.114+0000] {processor.py:208} INFO - Processing /home/airflow/.local/lib/python3.12/site-packages/airflow/example_dags/example_python_decorator.py took 0.042 seconds
[2024-10-26T07:26:02.720+0000] {processor.py:186} INFO - Started process (PID=87329) to work on /home/airflow/.local/lib/python3.12/site-packages/airflow/example_dags/example_python_decorator.py
[2024-10-26T07:26:02.722+0000] {processor.py:914} INFO - Processing file /home/airflow/.local/lib/python3.12/site-packages/airflow/example_dags/example_python_decorator.py for tasks to queue
[2024-10-26T07:26:02.723+0000] {logging_mixin.py:190} INFO - [2024-10-26T07:26:02.722+0000] {dagbag.py:588} INFO - Filling up the DagBag from /home/airflow/.local/lib/python3.12/site-packages/airflow/example_dags/example_python_decorator.py
[2024-10-26T07:26:02.732+0000] {processor.py:925} INFO - DAG(s) 'example_python_decorator' retrieved from /home/airflow/.local/lib/python3.12/site-packages/airflow/example_dags/example_python_decorator.py
[2024-10-26T07:26:02.744+0000] {logging_mixin.py:190} INFO - [2024-10-26T07:26:02.744+0000] {dag.py:3239} INFO - Sync 1 DAGs
[2024-10-26T07:26:02.752+0000] {logging_mixin.py:190} INFO - [2024-10-26T07:26:02.752+0000] {dag.py:4180} INFO - Setting next_dagrun for example_python_decorator to None, run_after=None
[2024-10-26T07:26:02.760+0000] {processor.py:208} INFO - Processing /home/airflow/.local/lib/python3.12/site-packages/airflow/example_dags/example_python_decorator.py took 0.046 seconds
[2024-10-26T07:26:33.457+0000] {processor.py:186} INFO - Started process (PID=87618) to work on /home/airflow/.local/lib/python3.12/site-packages/airflow/example_dags/example_python_decorator.py
[2024-10-26T07:26:33.458+0000] {processor.py:914} INFO - Processing file /home/airflow/.local/lib/python3.12/site-packages/airflow/example_dags/example_python_decorator.py for tasks to queue
[2024-10-26T07:26:33.458+0000] {logging_mixin.py:190} INFO - [2024-10-26T07:26:33.458+0000] {dagbag.py:588} INFO - Filling up the DagBag from /home/airflow/.local/lib/python3.12/site-packages/airflow/example_dags/example_python_decorator.py
[2024-10-26T07:26:33.465+0000] {processor.py:925} INFO - DAG(s) 'example_python_decorator' retrieved from /home/airflow/.local/lib/python3.12/site-packages/airflow/example_dags/example_python_decorator.py
[2024-10-26T07:26:33.477+0000] {logging_mixin.py:190} INFO - [2024-10-26T07:26:33.477+0000] {dag.py:3239} INFO - Sync 1 DAGs
[2024-10-26T07:26:33.485+0000] {logging_mixin.py:190} INFO - [2024-10-26T07:26:33.485+0000] {dag.py:4180} INFO - Setting next_dagrun for example_python_decorator to None, run_after=None
[2024-10-26T07:26:33.493+0000] {processor.py:208} INFO - Processing /home/airflow/.local/lib/python3.12/site-packages/airflow/example_dags/example_python_decorator.py took 0.040 seconds
[2024-10-26T07:27:03.729+0000] {processor.py:186} INFO - Started process (PID=87909) to work on /home/airflow/.local/lib/python3.12/site-packages/airflow/example_dags/example_python_decorator.py
[2024-10-26T07:27:03.729+0000] {processor.py:914} INFO - Processing file /home/airflow/.local/lib/python3.12/site-packages/airflow/example_dags/example_python_decorator.py for tasks to queue
[2024-10-26T07:27:03.730+0000] {logging_mixin.py:190} INFO - [2024-10-26T07:27:03.730+0000] {dagbag.py:588} INFO - Filling up the DagBag from /home/airflow/.local/lib/python3.12/site-packages/airflow/example_dags/example_python_decorator.py
[2024-10-26T07:27:03.737+0000] {processor.py:925} INFO - DAG(s) 'example_python_decorator' retrieved from /home/airflow/.local/lib/python3.12/site-packages/airflow/example_dags/example_python_decorator.py
[2024-10-26T07:27:03.748+0000] {logging_mixin.py:190} INFO - [2024-10-26T07:27:03.748+0000] {dag.py:3239} INFO - Sync 1 DAGs
[2024-10-26T07:27:03.755+0000] {logging_mixin.py:190} INFO - [2024-10-26T07:27:03.755+0000] {dag.py:4180} INFO - Setting next_dagrun for example_python_decorator to None, run_after=None
[2024-10-26T07:27:03.764+0000] {processor.py:208} INFO - Processing /home/airflow/.local/lib/python3.12/site-packages/airflow/example_dags/example_python_decorator.py took 0.038 seconds
[2024-10-26T07:27:34.493+0000] {processor.py:186} INFO - Started process (PID=88200) to work on /home/airflow/.local/lib/python3.12/site-packages/airflow/example_dags/example_python_decorator.py
[2024-10-26T07:27:34.494+0000] {processor.py:914} INFO - Processing file /home/airflow/.local/lib/python3.12/site-packages/airflow/example_dags/example_python_decorator.py for tasks to queue
[2024-10-26T07:27:34.495+0000] {logging_mixin.py:190} INFO - [2024-10-26T07:27:34.495+0000] {dagbag.py:588} INFO - Filling up the DagBag from /home/airflow/.local/lib/python3.12/site-packages/airflow/example_dags/example_python_decorator.py
[2024-10-26T07:27:34.503+0000] {processor.py:925} INFO - DAG(s) 'example_python_decorator' retrieved from /home/airflow/.local/lib/python3.12/site-packages/airflow/example_dags/example_python_decorator.py
[2024-10-26T07:27:34.515+0000] {logging_mixin.py:190} INFO - [2024-10-26T07:27:34.514+0000] {dag.py:3239} INFO - Sync 1 DAGs
[2024-10-26T07:27:34.522+0000] {logging_mixin.py:190} INFO - [2024-10-26T07:27:34.522+0000] {dag.py:4180} INFO - Setting next_dagrun for example_python_decorator to None, run_after=None
[2024-10-26T07:27:34.535+0000] {processor.py:208} INFO - Processing /home/airflow/.local/lib/python3.12/site-packages/airflow/example_dags/example_python_decorator.py took 0.047 seconds
