[2024-10-26T00:46:25.582+0000] {processor.py:186} INFO - Started process (PID=70854) to work on /home/airflow/.local/lib/python3.12/site-packages/airflow/example_dags/tutorial_dag.py
[2024-10-26T00:46:25.582+0000] {processor.py:914} INFO - Processing file /home/airflow/.local/lib/python3.12/site-packages/airflow/example_dags/tutorial_dag.py for tasks to queue
[2024-10-26T00:46:25.584+0000] {logging_mixin.py:190} INFO - [2024-10-26T00:46:25.583+0000] {dagbag.py:588} INFO - Filling up the DagBag from /home/airflow/.local/lib/python3.12/site-packages/airflow/example_dags/tutorial_dag.py
[2024-10-26T00:46:25.587+0000] {processor.py:925} INFO - DAG(s) 'tutorial_dag' retrieved from /home/airflow/.local/lib/python3.12/site-packages/airflow/example_dags/tutorial_dag.py
[2024-10-26T00:46:25.602+0000] {logging_mixin.py:190} INFO - [2024-10-26T00:46:25.601+0000] {dag.py:3239} INFO - Sync 1 DAGs
[2024-10-26T00:46:25.613+0000] {logging_mixin.py:190} INFO - [2024-10-26T00:46:25.613+0000] {dag.py:4180} INFO - Setting next_dagrun for tutorial_dag to None, run_after=None
[2024-10-26T00:46:25.625+0000] {processor.py:208} INFO - Processing /home/airflow/.local/lib/python3.12/site-packages/airflow/example_dags/tutorial_dag.py took 0.047 seconds
[2024-10-26T01:37:09.301+0000] {processor.py:186} INFO - Started process (PID=71146) to work on /home/airflow/.local/lib/python3.12/site-packages/airflow/example_dags/tutorial_dag.py
[2024-10-26T01:37:09.303+0000] {processor.py:914} INFO - Processing file /home/airflow/.local/lib/python3.12/site-packages/airflow/example_dags/tutorial_dag.py for tasks to queue
[2024-10-26T01:37:09.304+0000] {logging_mixin.py:190} INFO - [2024-10-26T01:37:09.304+0000] {dagbag.py:588} INFO - Filling up the DagBag from /home/airflow/.local/lib/python3.12/site-packages/airflow/example_dags/tutorial_dag.py
[2024-10-26T01:37:09.309+0000] {processor.py:925} INFO - DAG(s) 'tutorial_dag' retrieved from /home/airflow/.local/lib/python3.12/site-packages/airflow/example_dags/tutorial_dag.py
[2024-10-26T01:37:09.323+0000] {logging_mixin.py:190} INFO - [2024-10-26T01:37:09.323+0000] {dag.py:3239} INFO - Sync 1 DAGs
[2024-10-26T01:37:09.332+0000] {logging_mixin.py:190} INFO - [2024-10-26T01:37:09.332+0000] {dag.py:4180} INFO - Setting next_dagrun for tutorial_dag to None, run_after=None
[2024-10-26T01:37:09.347+0000] {processor.py:208} INFO - Processing /home/airflow/.local/lib/python3.12/site-packages/airflow/example_dags/tutorial_dag.py took 0.049 seconds
[2024-10-26T02:57:38.280+0000] {processor.py:186} INFO - Started process (PID=71439) to work on /home/airflow/.local/lib/python3.12/site-packages/airflow/example_dags/tutorial_dag.py
[2024-10-26T02:57:38.281+0000] {processor.py:914} INFO - Processing file /home/airflow/.local/lib/python3.12/site-packages/airflow/example_dags/tutorial_dag.py for tasks to queue
[2024-10-26T02:57:38.282+0000] {logging_mixin.py:190} INFO - [2024-10-26T02:57:38.282+0000] {dagbag.py:588} INFO - Filling up the DagBag from /home/airflow/.local/lib/python3.12/site-packages/airflow/example_dags/tutorial_dag.py
[2024-10-26T02:57:38.286+0000] {processor.py:925} INFO - DAG(s) 'tutorial_dag' retrieved from /home/airflow/.local/lib/python3.12/site-packages/airflow/example_dags/tutorial_dag.py
[2024-10-26T02:57:38.298+0000] {logging_mixin.py:190} INFO - [2024-10-26T02:57:38.298+0000] {dag.py:3239} INFO - Sync 1 DAGs
[2024-10-26T02:57:38.306+0000] {logging_mixin.py:190} INFO - [2024-10-26T02:57:38.306+0000] {dag.py:4180} INFO - Setting next_dagrun for tutorial_dag to None, run_after=None
[2024-10-26T02:57:38.325+0000] {processor.py:208} INFO - Processing /home/airflow/.local/lib/python3.12/site-packages/airflow/example_dags/tutorial_dag.py took 0.048 seconds
[2024-10-26T04:18:35.544+0000] {processor.py:186} INFO - Started process (PID=71728) to work on /home/airflow/.local/lib/python3.12/site-packages/airflow/example_dags/tutorial_dag.py
[2024-10-26T04:18:35.544+0000] {processor.py:914} INFO - Processing file /home/airflow/.local/lib/python3.12/site-packages/airflow/example_dags/tutorial_dag.py for tasks to queue
[2024-10-26T04:18:35.545+0000] {logging_mixin.py:190} INFO - [2024-10-26T04:18:35.545+0000] {dagbag.py:588} INFO - Filling up the DagBag from /home/airflow/.local/lib/python3.12/site-packages/airflow/example_dags/tutorial_dag.py
[2024-10-26T04:18:35.549+0000] {processor.py:925} INFO - DAG(s) 'tutorial_dag' retrieved from /home/airflow/.local/lib/python3.12/site-packages/airflow/example_dags/tutorial_dag.py
[2024-10-26T04:18:35.559+0000] {logging_mixin.py:190} INFO - [2024-10-26T04:18:35.559+0000] {dag.py:3239} INFO - Sync 1 DAGs
[2024-10-26T04:18:35.567+0000] {logging_mixin.py:190} INFO - [2024-10-26T04:18:35.567+0000] {dag.py:4180} INFO - Setting next_dagrun for tutorial_dag to None, run_after=None
[2024-10-26T04:18:35.584+0000] {processor.py:208} INFO - Processing /home/airflow/.local/lib/python3.12/site-packages/airflow/example_dags/tutorial_dag.py took 0.043 seconds
[2024-10-26T05:41:05.334+0000] {processor.py:186} INFO - Started process (PID=72019) to work on /home/airflow/.local/lib/python3.12/site-packages/airflow/example_dags/tutorial_dag.py
[2024-10-26T05:41:05.335+0000] {processor.py:914} INFO - Processing file /home/airflow/.local/lib/python3.12/site-packages/airflow/example_dags/tutorial_dag.py for tasks to queue
[2024-10-26T05:41:05.337+0000] {logging_mixin.py:190} INFO - [2024-10-26T05:41:05.336+0000] {dagbag.py:588} INFO - Filling up the DagBag from /home/airflow/.local/lib/python3.12/site-packages/airflow/example_dags/tutorial_dag.py
[2024-10-26T05:41:05.340+0000] {processor.py:925} INFO - DAG(s) 'tutorial_dag' retrieved from /home/airflow/.local/lib/python3.12/site-packages/airflow/example_dags/tutorial_dag.py
[2024-10-26T05:41:05.351+0000] {logging_mixin.py:190} INFO - [2024-10-26T05:41:05.351+0000] {dag.py:3239} INFO - Sync 1 DAGs
[2024-10-26T05:41:05.358+0000] {logging_mixin.py:190} INFO - [2024-10-26T05:41:05.358+0000] {dag.py:4180} INFO - Setting next_dagrun for tutorial_dag to None, run_after=None
[2024-10-26T05:41:05.366+0000] {processor.py:208} INFO - Processing /home/airflow/.local/lib/python3.12/site-packages/airflow/example_dags/tutorial_dag.py took 0.035 seconds
[2024-10-26T06:59:45.630+0000] {processor.py:186} INFO - Started process (PID=72310) to work on /home/airflow/.local/lib/python3.12/site-packages/airflow/example_dags/tutorial_dag.py
[2024-10-26T06:59:45.631+0000] {processor.py:914} INFO - Processing file /home/airflow/.local/lib/python3.12/site-packages/airflow/example_dags/tutorial_dag.py for tasks to queue
[2024-10-26T06:59:45.632+0000] {logging_mixin.py:190} INFO - [2024-10-26T06:59:45.632+0000] {dagbag.py:588} INFO - Filling up the DagBag from /home/airflow/.local/lib/python3.12/site-packages/airflow/example_dags/tutorial_dag.py
[2024-10-26T06:59:45.637+0000] {processor.py:925} INFO - DAG(s) 'tutorial_dag' retrieved from /home/airflow/.local/lib/python3.12/site-packages/airflow/example_dags/tutorial_dag.py
[2024-10-26T06:59:45.649+0000] {logging_mixin.py:190} INFO - [2024-10-26T06:59:45.649+0000] {dag.py:3239} INFO - Sync 1 DAGs
[2024-10-26T06:59:45.660+0000] {logging_mixin.py:190} INFO - [2024-10-26T06:59:45.660+0000] {dag.py:4180} INFO - Setting next_dagrun for tutorial_dag to None, run_after=None
[2024-10-26T06:59:45.669+0000] {processor.py:208} INFO - Processing /home/airflow/.local/lib/python3.12/site-packages/airflow/example_dags/tutorial_dag.py took 0.043 seconds
[2024-10-26T07:00:16.299+0000] {processor.py:186} INFO - Started process (PID=72601) to work on /home/airflow/.local/lib/python3.12/site-packages/airflow/example_dags/tutorial_dag.py
[2024-10-26T07:00:16.300+0000] {processor.py:914} INFO - Processing file /home/airflow/.local/lib/python3.12/site-packages/airflow/example_dags/tutorial_dag.py for tasks to queue
[2024-10-26T07:00:16.301+0000] {logging_mixin.py:190} INFO - [2024-10-26T07:00:16.301+0000] {dagbag.py:588} INFO - Filling up the DagBag from /home/airflow/.local/lib/python3.12/site-packages/airflow/example_dags/tutorial_dag.py
[2024-10-26T07:00:16.305+0000] {processor.py:925} INFO - DAG(s) 'tutorial_dag' retrieved from /home/airflow/.local/lib/python3.12/site-packages/airflow/example_dags/tutorial_dag.py
[2024-10-26T07:00:16.316+0000] {logging_mixin.py:190} INFO - [2024-10-26T07:00:16.316+0000] {dag.py:3239} INFO - Sync 1 DAGs
[2024-10-26T07:00:16.323+0000] {logging_mixin.py:190} INFO - [2024-10-26T07:00:16.323+0000] {dag.py:4180} INFO - Setting next_dagrun for tutorial_dag to None, run_after=None
[2024-10-26T07:00:16.339+0000] {processor.py:208} INFO - Processing /home/airflow/.local/lib/python3.12/site-packages/airflow/example_dags/tutorial_dag.py took 0.043 seconds
[2024-10-26T07:00:46.800+0000] {processor.py:186} INFO - Started process (PID=72892) to work on /home/airflow/.local/lib/python3.12/site-packages/airflow/example_dags/tutorial_dag.py
[2024-10-26T07:00:46.804+0000] {processor.py:914} INFO - Processing file /home/airflow/.local/lib/python3.12/site-packages/airflow/example_dags/tutorial_dag.py for tasks to queue
[2024-10-26T07:00:46.805+0000] {logging_mixin.py:190} INFO - [2024-10-26T07:00:46.804+0000] {dagbag.py:588} INFO - Filling up the DagBag from /home/airflow/.local/lib/python3.12/site-packages/airflow/example_dags/tutorial_dag.py
[2024-10-26T07:00:46.809+0000] {processor.py:925} INFO - DAG(s) 'tutorial_dag' retrieved from /home/airflow/.local/lib/python3.12/site-packages/airflow/example_dags/tutorial_dag.py
[2024-10-26T07:00:46.822+0000] {logging_mixin.py:190} INFO - [2024-10-26T07:00:46.822+0000] {dag.py:3239} INFO - Sync 1 DAGs
[2024-10-26T07:00:46.829+0000] {logging_mixin.py:190} INFO - [2024-10-26T07:00:46.829+0000] {dag.py:4180} INFO - Setting next_dagrun for tutorial_dag to None, run_after=None
[2024-10-26T07:00:46.838+0000] {processor.py:208} INFO - Processing /home/airflow/.local/lib/python3.12/site-packages/airflow/example_dags/tutorial_dag.py took 0.041 seconds
[2024-10-26T07:01:18.251+0000] {processor.py:186} INFO - Started process (PID=73183) to work on /home/airflow/.local/lib/python3.12/site-packages/airflow/example_dags/tutorial_dag.py
[2024-10-26T07:01:18.259+0000] {processor.py:914} INFO - Processing file /home/airflow/.local/lib/python3.12/site-packages/airflow/example_dags/tutorial_dag.py for tasks to queue
[2024-10-26T07:01:18.266+0000] {logging_mixin.py:190} INFO - [2024-10-26T07:01:18.265+0000] {dagbag.py:588} INFO - Filling up the DagBag from /home/airflow/.local/lib/python3.12/site-packages/airflow/example_dags/tutorial_dag.py
[2024-10-26T07:01:18.276+0000] {processor.py:925} INFO - DAG(s) 'tutorial_dag' retrieved from /home/airflow/.local/lib/python3.12/site-packages/airflow/example_dags/tutorial_dag.py
[2024-10-26T07:01:18.310+0000] {logging_mixin.py:190} INFO - [2024-10-26T07:01:18.310+0000] {dag.py:3239} INFO - Sync 1 DAGs
[2024-10-26T07:01:18.329+0000] {logging_mixin.py:190} INFO - [2024-10-26T07:01:18.329+0000] {dag.py:4180} INFO - Setting next_dagrun for tutorial_dag to None, run_after=None
[2024-10-26T07:01:18.382+0000] {processor.py:208} INFO - Processing /home/airflow/.local/lib/python3.12/site-packages/airflow/example_dags/tutorial_dag.py took 0.140 seconds
[2024-10-26T07:01:49.782+0000] {processor.py:186} INFO - Started process (PID=73474) to work on /home/airflow/.local/lib/python3.12/site-packages/airflow/example_dags/tutorial_dag.py
[2024-10-26T07:01:49.783+0000] {processor.py:914} INFO - Processing file /home/airflow/.local/lib/python3.12/site-packages/airflow/example_dags/tutorial_dag.py for tasks to queue
[2024-10-26T07:01:49.784+0000] {logging_mixin.py:190} INFO - [2024-10-26T07:01:49.784+0000] {dagbag.py:588} INFO - Filling up the DagBag from /home/airflow/.local/lib/python3.12/site-packages/airflow/example_dags/tutorial_dag.py
[2024-10-26T07:01:49.797+0000] {processor.py:925} INFO - DAG(s) 'tutorial_dag' retrieved from /home/airflow/.local/lib/python3.12/site-packages/airflow/example_dags/tutorial_dag.py
[2024-10-26T07:01:49.814+0000] {logging_mixin.py:190} INFO - [2024-10-26T07:01:49.814+0000] {dag.py:3239} INFO - Sync 1 DAGs
[2024-10-26T07:01:49.823+0000] {logging_mixin.py:190} INFO - [2024-10-26T07:01:49.823+0000] {dag.py:4180} INFO - Setting next_dagrun for tutorial_dag to None, run_after=None
[2024-10-26T07:01:49.864+0000] {processor.py:208} INFO - Processing /home/airflow/.local/lib/python3.12/site-packages/airflow/example_dags/tutorial_dag.py took 0.087 seconds
[2024-10-26T07:02:20.379+0000] {processor.py:186} INFO - Started process (PID=73765) to work on /home/airflow/.local/lib/python3.12/site-packages/airflow/example_dags/tutorial_dag.py
[2024-10-26T07:02:20.380+0000] {processor.py:914} INFO - Processing file /home/airflow/.local/lib/python3.12/site-packages/airflow/example_dags/tutorial_dag.py for tasks to queue
[2024-10-26T07:02:20.381+0000] {logging_mixin.py:190} INFO - [2024-10-26T07:02:20.380+0000] {dagbag.py:588} INFO - Filling up the DagBag from /home/airflow/.local/lib/python3.12/site-packages/airflow/example_dags/tutorial_dag.py
[2024-10-26T07:02:20.386+0000] {processor.py:925} INFO - DAG(s) 'tutorial_dag' retrieved from /home/airflow/.local/lib/python3.12/site-packages/airflow/example_dags/tutorial_dag.py
[2024-10-26T07:02:20.402+0000] {logging_mixin.py:190} INFO - [2024-10-26T07:02:20.401+0000] {dag.py:3239} INFO - Sync 1 DAGs
[2024-10-26T07:02:20.411+0000] {logging_mixin.py:190} INFO - [2024-10-26T07:02:20.411+0000] {dag.py:4180} INFO - Setting next_dagrun for tutorial_dag to None, run_after=None
[2024-10-26T07:02:20.422+0000] {processor.py:208} INFO - Processing /home/airflow/.local/lib/python3.12/site-packages/airflow/example_dags/tutorial_dag.py took 0.048 seconds
[2024-10-26T07:02:50.500+0000] {processor.py:186} INFO - Started process (PID=74056) to work on /home/airflow/.local/lib/python3.12/site-packages/airflow/example_dags/tutorial_dag.py
[2024-10-26T07:02:50.501+0000] {processor.py:914} INFO - Processing file /home/airflow/.local/lib/python3.12/site-packages/airflow/example_dags/tutorial_dag.py for tasks to queue
[2024-10-26T07:02:50.503+0000] {logging_mixin.py:190} INFO - [2024-10-26T07:02:50.503+0000] {dagbag.py:588} INFO - Filling up the DagBag from /home/airflow/.local/lib/python3.12/site-packages/airflow/example_dags/tutorial_dag.py
[2024-10-26T07:02:50.506+0000] {processor.py:925} INFO - DAG(s) 'tutorial_dag' retrieved from /home/airflow/.local/lib/python3.12/site-packages/airflow/example_dags/tutorial_dag.py
[2024-10-26T07:02:50.520+0000] {logging_mixin.py:190} INFO - [2024-10-26T07:02:50.520+0000] {dag.py:3239} INFO - Sync 1 DAGs
[2024-10-26T07:02:50.529+0000] {logging_mixin.py:190} INFO - [2024-10-26T07:02:50.529+0000] {dag.py:4180} INFO - Setting next_dagrun for tutorial_dag to None, run_after=None
[2024-10-26T07:02:50.541+0000] {processor.py:208} INFO - Processing /home/airflow/.local/lib/python3.12/site-packages/airflow/example_dags/tutorial_dag.py took 0.044 seconds
[2024-10-26T07:03:21.585+0000] {processor.py:186} INFO - Started process (PID=74347) to work on /home/airflow/.local/lib/python3.12/site-packages/airflow/example_dags/tutorial_dag.py
[2024-10-26T07:03:21.586+0000] {processor.py:914} INFO - Processing file /home/airflow/.local/lib/python3.12/site-packages/airflow/example_dags/tutorial_dag.py for tasks to queue
[2024-10-26T07:03:21.587+0000] {logging_mixin.py:190} INFO - [2024-10-26T07:03:21.587+0000] {dagbag.py:588} INFO - Filling up the DagBag from /home/airflow/.local/lib/python3.12/site-packages/airflow/example_dags/tutorial_dag.py
[2024-10-26T07:03:21.592+0000] {processor.py:925} INFO - DAG(s) 'tutorial_dag' retrieved from /home/airflow/.local/lib/python3.12/site-packages/airflow/example_dags/tutorial_dag.py
[2024-10-26T07:03:21.606+0000] {logging_mixin.py:190} INFO - [2024-10-26T07:03:21.606+0000] {dag.py:3239} INFO - Sync 1 DAGs
[2024-10-26T07:03:21.617+0000] {logging_mixin.py:190} INFO - [2024-10-26T07:03:21.617+0000] {dag.py:4180} INFO - Setting next_dagrun for tutorial_dag to None, run_after=None
[2024-10-26T07:03:21.630+0000] {processor.py:208} INFO - Processing /home/airflow/.local/lib/python3.12/site-packages/airflow/example_dags/tutorial_dag.py took 0.050 seconds
[2024-10-26T07:03:52.263+0000] {processor.py:186} INFO - Started process (PID=74638) to work on /home/airflow/.local/lib/python3.12/site-packages/airflow/example_dags/tutorial_dag.py
[2024-10-26T07:03:52.263+0000] {processor.py:914} INFO - Processing file /home/airflow/.local/lib/python3.12/site-packages/airflow/example_dags/tutorial_dag.py for tasks to queue
[2024-10-26T07:03:52.264+0000] {logging_mixin.py:190} INFO - [2024-10-26T07:03:52.264+0000] {dagbag.py:588} INFO - Filling up the DagBag from /home/airflow/.local/lib/python3.12/site-packages/airflow/example_dags/tutorial_dag.py
[2024-10-26T07:03:52.270+0000] {processor.py:925} INFO - DAG(s) 'tutorial_dag' retrieved from /home/airflow/.local/lib/python3.12/site-packages/airflow/example_dags/tutorial_dag.py
[2024-10-26T07:03:52.288+0000] {logging_mixin.py:190} INFO - [2024-10-26T07:03:52.288+0000] {dag.py:3239} INFO - Sync 1 DAGs
[2024-10-26T07:03:52.304+0000] {logging_mixin.py:190} INFO - [2024-10-26T07:03:52.304+0000] {dag.py:4180} INFO - Setting next_dagrun for tutorial_dag to None, run_after=None
[2024-10-26T07:03:52.325+0000] {processor.py:208} INFO - Processing /home/airflow/.local/lib/python3.12/site-packages/airflow/example_dags/tutorial_dag.py took 0.068 seconds
[2024-10-26T07:04:23.048+0000] {processor.py:186} INFO - Started process (PID=74928) to work on /home/airflow/.local/lib/python3.12/site-packages/airflow/example_dags/tutorial_dag.py
[2024-10-26T07:04:23.049+0000] {processor.py:914} INFO - Processing file /home/airflow/.local/lib/python3.12/site-packages/airflow/example_dags/tutorial_dag.py for tasks to queue
[2024-10-26T07:04:23.050+0000] {logging_mixin.py:190} INFO - [2024-10-26T07:04:23.050+0000] {dagbag.py:588} INFO - Filling up the DagBag from /home/airflow/.local/lib/python3.12/site-packages/airflow/example_dags/tutorial_dag.py
[2024-10-26T07:04:23.054+0000] {processor.py:925} INFO - DAG(s) 'tutorial_dag' retrieved from /home/airflow/.local/lib/python3.12/site-packages/airflow/example_dags/tutorial_dag.py
[2024-10-26T07:04:23.067+0000] {logging_mixin.py:190} INFO - [2024-10-26T07:04:23.067+0000] {dag.py:3239} INFO - Sync 1 DAGs
[2024-10-26T07:04:23.075+0000] {logging_mixin.py:190} INFO - [2024-10-26T07:04:23.075+0000] {dag.py:4180} INFO - Setting next_dagrun for tutorial_dag to None, run_after=None
[2024-10-26T07:04:23.084+0000] {processor.py:208} INFO - Processing /home/airflow/.local/lib/python3.12/site-packages/airflow/example_dags/tutorial_dag.py took 0.039 seconds
[2024-10-26T07:04:53.315+0000] {processor.py:186} INFO - Started process (PID=75219) to work on /home/airflow/.local/lib/python3.12/site-packages/airflow/example_dags/tutorial_dag.py
[2024-10-26T07:04:53.316+0000] {processor.py:914} INFO - Processing file /home/airflow/.local/lib/python3.12/site-packages/airflow/example_dags/tutorial_dag.py for tasks to queue
[2024-10-26T07:04:53.317+0000] {logging_mixin.py:190} INFO - [2024-10-26T07:04:53.317+0000] {dagbag.py:588} INFO - Filling up the DagBag from /home/airflow/.local/lib/python3.12/site-packages/airflow/example_dags/tutorial_dag.py
[2024-10-26T07:04:53.322+0000] {processor.py:925} INFO - DAG(s) 'tutorial_dag' retrieved from /home/airflow/.local/lib/python3.12/site-packages/airflow/example_dags/tutorial_dag.py
[2024-10-26T07:04:53.336+0000] {logging_mixin.py:190} INFO - [2024-10-26T07:04:53.334+0000] {dag.py:3239} INFO - Sync 1 DAGs
[2024-10-26T07:04:53.346+0000] {logging_mixin.py:190} INFO - [2024-10-26T07:04:53.346+0000] {dag.py:4180} INFO - Setting next_dagrun for tutorial_dag to None, run_after=None
[2024-10-26T07:04:53.357+0000] {processor.py:208} INFO - Processing /home/airflow/.local/lib/python3.12/site-packages/airflow/example_dags/tutorial_dag.py took 0.048 seconds
[2024-10-26T07:05:24.106+0000] {processor.py:186} INFO - Started process (PID=75510) to work on /home/airflow/.local/lib/python3.12/site-packages/airflow/example_dags/tutorial_dag.py
[2024-10-26T07:05:24.109+0000] {processor.py:914} INFO - Processing file /home/airflow/.local/lib/python3.12/site-packages/airflow/example_dags/tutorial_dag.py for tasks to queue
[2024-10-26T07:05:24.111+0000] {logging_mixin.py:190} INFO - [2024-10-26T07:05:24.110+0000] {dagbag.py:588} INFO - Filling up the DagBag from /home/airflow/.local/lib/python3.12/site-packages/airflow/example_dags/tutorial_dag.py
[2024-10-26T07:05:24.123+0000] {processor.py:925} INFO - DAG(s) 'tutorial_dag' retrieved from /home/airflow/.local/lib/python3.12/site-packages/airflow/example_dags/tutorial_dag.py
[2024-10-26T07:05:24.143+0000] {logging_mixin.py:190} INFO - [2024-10-26T07:05:24.143+0000] {dag.py:3239} INFO - Sync 1 DAGs
[2024-10-26T07:05:24.158+0000] {logging_mixin.py:190} INFO - [2024-10-26T07:05:24.158+0000] {dag.py:4180} INFO - Setting next_dagrun for tutorial_dag to None, run_after=None
[2024-10-26T07:05:24.171+0000] {processor.py:208} INFO - Processing /home/airflow/.local/lib/python3.12/site-packages/airflow/example_dags/tutorial_dag.py took 0.074 seconds
[2024-10-26T07:05:54.819+0000] {processor.py:186} INFO - Started process (PID=75800) to work on /home/airflow/.local/lib/python3.12/site-packages/airflow/example_dags/tutorial_dag.py
[2024-10-26T07:05:54.821+0000] {processor.py:914} INFO - Processing file /home/airflow/.local/lib/python3.12/site-packages/airflow/example_dags/tutorial_dag.py for tasks to queue
[2024-10-26T07:05:54.823+0000] {logging_mixin.py:190} INFO - [2024-10-26T07:05:54.823+0000] {dagbag.py:588} INFO - Filling up the DagBag from /home/airflow/.local/lib/python3.12/site-packages/airflow/example_dags/tutorial_dag.py
[2024-10-26T07:05:54.831+0000] {processor.py:925} INFO - DAG(s) 'tutorial_dag' retrieved from /home/airflow/.local/lib/python3.12/site-packages/airflow/example_dags/tutorial_dag.py
[2024-10-26T07:05:54.853+0000] {logging_mixin.py:190} INFO - [2024-10-26T07:05:54.853+0000] {dag.py:3239} INFO - Sync 1 DAGs
[2024-10-26T07:05:54.868+0000] {logging_mixin.py:190} INFO - [2024-10-26T07:05:54.868+0000] {dag.py:4180} INFO - Setting next_dagrun for tutorial_dag to None, run_after=None
[2024-10-26T07:05:54.897+0000] {processor.py:208} INFO - Processing /home/airflow/.local/lib/python3.12/site-packages/airflow/example_dags/tutorial_dag.py took 0.082 seconds
[2024-10-26T07:06:25.174+0000] {processor.py:186} INFO - Started process (PID=76091) to work on /home/airflow/.local/lib/python3.12/site-packages/airflow/example_dags/tutorial_dag.py
[2024-10-26T07:06:25.175+0000] {processor.py:914} INFO - Processing file /home/airflow/.local/lib/python3.12/site-packages/airflow/example_dags/tutorial_dag.py for tasks to queue
[2024-10-26T07:06:25.176+0000] {logging_mixin.py:190} INFO - [2024-10-26T07:06:25.175+0000] {dagbag.py:588} INFO - Filling up the DagBag from /home/airflow/.local/lib/python3.12/site-packages/airflow/example_dags/tutorial_dag.py
[2024-10-26T07:06:25.180+0000] {processor.py:925} INFO - DAG(s) 'tutorial_dag' retrieved from /home/airflow/.local/lib/python3.12/site-packages/airflow/example_dags/tutorial_dag.py
[2024-10-26T07:06:25.191+0000] {logging_mixin.py:190} INFO - [2024-10-26T07:06:25.191+0000] {dag.py:3239} INFO - Sync 1 DAGs
[2024-10-26T07:06:25.199+0000] {logging_mixin.py:190} INFO - [2024-10-26T07:06:25.199+0000] {dag.py:4180} INFO - Setting next_dagrun for tutorial_dag to None, run_after=None
[2024-10-26T07:06:25.208+0000] {processor.py:208} INFO - Processing /home/airflow/.local/lib/python3.12/site-packages/airflow/example_dags/tutorial_dag.py took 0.037 seconds
[2024-10-26T07:06:55.259+0000] {processor.py:186} INFO - Started process (PID=76377) to work on /home/airflow/.local/lib/python3.12/site-packages/airflow/example_dags/tutorial_dag.py
[2024-10-26T07:06:55.260+0000] {processor.py:914} INFO - Processing file /home/airflow/.local/lib/python3.12/site-packages/airflow/example_dags/tutorial_dag.py for tasks to queue
[2024-10-26T07:06:55.260+0000] {logging_mixin.py:190} INFO - [2024-10-26T07:06:55.260+0000] {dagbag.py:588} INFO - Filling up the DagBag from /home/airflow/.local/lib/python3.12/site-packages/airflow/example_dags/tutorial_dag.py
[2024-10-26T07:06:55.265+0000] {processor.py:925} INFO - DAG(s) 'tutorial_dag' retrieved from /home/airflow/.local/lib/python3.12/site-packages/airflow/example_dags/tutorial_dag.py
[2024-10-26T07:06:55.277+0000] {logging_mixin.py:190} INFO - [2024-10-26T07:06:55.277+0000] {dag.py:3239} INFO - Sync 1 DAGs
[2024-10-26T07:06:55.284+0000] {logging_mixin.py:190} INFO - [2024-10-26T07:06:55.284+0000] {dag.py:4180} INFO - Setting next_dagrun for tutorial_dag to None, run_after=None
[2024-10-26T07:06:55.292+0000] {processor.py:208} INFO - Processing /home/airflow/.local/lib/python3.12/site-packages/airflow/example_dags/tutorial_dag.py took 0.037 seconds
[2024-10-26T07:07:25.519+0000] {processor.py:186} INFO - Started process (PID=76663) to work on /home/airflow/.local/lib/python3.12/site-packages/airflow/example_dags/tutorial_dag.py
[2024-10-26T07:07:25.520+0000] {processor.py:914} INFO - Processing file /home/airflow/.local/lib/python3.12/site-packages/airflow/example_dags/tutorial_dag.py for tasks to queue
[2024-10-26T07:07:25.522+0000] {logging_mixin.py:190} INFO - [2024-10-26T07:07:25.522+0000] {dagbag.py:588} INFO - Filling up the DagBag from /home/airflow/.local/lib/python3.12/site-packages/airflow/example_dags/tutorial_dag.py
[2024-10-26T07:07:25.527+0000] {processor.py:925} INFO - DAG(s) 'tutorial_dag' retrieved from /home/airflow/.local/lib/python3.12/site-packages/airflow/example_dags/tutorial_dag.py
[2024-10-26T07:07:25.537+0000] {logging_mixin.py:190} INFO - [2024-10-26T07:07:25.537+0000] {dag.py:3239} INFO - Sync 1 DAGs
[2024-10-26T07:07:25.545+0000] {logging_mixin.py:190} INFO - [2024-10-26T07:07:25.545+0000] {dag.py:4180} INFO - Setting next_dagrun for tutorial_dag to None, run_after=None
[2024-10-26T07:07:25.553+0000] {processor.py:208} INFO - Processing /home/airflow/.local/lib/python3.12/site-packages/airflow/example_dags/tutorial_dag.py took 0.037 seconds
[2024-10-26T07:07:56.194+0000] {processor.py:186} INFO - Started process (PID=76954) to work on /home/airflow/.local/lib/python3.12/site-packages/airflow/example_dags/tutorial_dag.py
[2024-10-26T07:07:56.195+0000] {processor.py:914} INFO - Processing file /home/airflow/.local/lib/python3.12/site-packages/airflow/example_dags/tutorial_dag.py for tasks to queue
[2024-10-26T07:07:56.195+0000] {logging_mixin.py:190} INFO - [2024-10-26T07:07:56.195+0000] {dagbag.py:588} INFO - Filling up the DagBag from /home/airflow/.local/lib/python3.12/site-packages/airflow/example_dags/tutorial_dag.py
[2024-10-26T07:07:56.202+0000] {processor.py:925} INFO - DAG(s) 'tutorial_dag' retrieved from /home/airflow/.local/lib/python3.12/site-packages/airflow/example_dags/tutorial_dag.py
[2024-10-26T07:07:56.213+0000] {logging_mixin.py:190} INFO - [2024-10-26T07:07:56.213+0000] {dag.py:3239} INFO - Sync 1 DAGs
[2024-10-26T07:07:56.223+0000] {logging_mixin.py:190} INFO - [2024-10-26T07:07:56.223+0000] {dag.py:4180} INFO - Setting next_dagrun for tutorial_dag to None, run_after=None
[2024-10-26T07:07:56.235+0000] {processor.py:208} INFO - Processing /home/airflow/.local/lib/python3.12/site-packages/airflow/example_dags/tutorial_dag.py took 0.044 seconds
[2024-10-26T07:08:26.347+0000] {processor.py:186} INFO - Started process (PID=77247) to work on /home/airflow/.local/lib/python3.12/site-packages/airflow/example_dags/tutorial_dag.py
[2024-10-26T07:08:26.348+0000] {processor.py:914} INFO - Processing file /home/airflow/.local/lib/python3.12/site-packages/airflow/example_dags/tutorial_dag.py for tasks to queue
[2024-10-26T07:08:26.348+0000] {logging_mixin.py:190} INFO - [2024-10-26T07:08:26.348+0000] {dagbag.py:588} INFO - Filling up the DagBag from /home/airflow/.local/lib/python3.12/site-packages/airflow/example_dags/tutorial_dag.py
[2024-10-26T07:08:26.352+0000] {processor.py:925} INFO - DAG(s) 'tutorial_dag' retrieved from /home/airflow/.local/lib/python3.12/site-packages/airflow/example_dags/tutorial_dag.py
[2024-10-26T07:08:26.361+0000] {logging_mixin.py:190} INFO - [2024-10-26T07:08:26.361+0000] {dag.py:3239} INFO - Sync 1 DAGs
[2024-10-26T07:08:26.367+0000] {logging_mixin.py:190} INFO - [2024-10-26T07:08:26.367+0000] {dag.py:4180} INFO - Setting next_dagrun for tutorial_dag to None, run_after=None
[2024-10-26T07:08:26.375+0000] {processor.py:208} INFO - Processing /home/airflow/.local/lib/python3.12/site-packages/airflow/example_dags/tutorial_dag.py took 0.031 seconds
[2024-10-26T07:08:56.611+0000] {processor.py:186} INFO - Started process (PID=77538) to work on /home/airflow/.local/lib/python3.12/site-packages/airflow/example_dags/tutorial_dag.py
[2024-10-26T07:08:56.612+0000] {processor.py:914} INFO - Processing file /home/airflow/.local/lib/python3.12/site-packages/airflow/example_dags/tutorial_dag.py for tasks to queue
[2024-10-26T07:08:56.612+0000] {logging_mixin.py:190} INFO - [2024-10-26T07:08:56.612+0000] {dagbag.py:588} INFO - Filling up the DagBag from /home/airflow/.local/lib/python3.12/site-packages/airflow/example_dags/tutorial_dag.py
[2024-10-26T07:08:56.616+0000] {processor.py:925} INFO - DAG(s) 'tutorial_dag' retrieved from /home/airflow/.local/lib/python3.12/site-packages/airflow/example_dags/tutorial_dag.py
[2024-10-26T07:08:56.625+0000] {logging_mixin.py:190} INFO - [2024-10-26T07:08:56.625+0000] {dag.py:3239} INFO - Sync 1 DAGs
[2024-10-26T07:08:56.631+0000] {logging_mixin.py:190} INFO - [2024-10-26T07:08:56.631+0000] {dag.py:4180} INFO - Setting next_dagrun for tutorial_dag to None, run_after=None
[2024-10-26T07:08:56.638+0000] {processor.py:208} INFO - Processing /home/airflow/.local/lib/python3.12/site-packages/airflow/example_dags/tutorial_dag.py took 0.030 seconds
[2024-10-26T07:09:27.871+0000] {processor.py:186} INFO - Started process (PID=77829) to work on /home/airflow/.local/lib/python3.12/site-packages/airflow/example_dags/tutorial_dag.py
[2024-10-26T07:09:27.872+0000] {processor.py:914} INFO - Processing file /home/airflow/.local/lib/python3.12/site-packages/airflow/example_dags/tutorial_dag.py for tasks to queue
[2024-10-26T07:09:27.872+0000] {logging_mixin.py:190} INFO - [2024-10-26T07:09:27.872+0000] {dagbag.py:588} INFO - Filling up the DagBag from /home/airflow/.local/lib/python3.12/site-packages/airflow/example_dags/tutorial_dag.py
[2024-10-26T07:09:27.876+0000] {processor.py:925} INFO - DAG(s) 'tutorial_dag' retrieved from /home/airflow/.local/lib/python3.12/site-packages/airflow/example_dags/tutorial_dag.py
[2024-10-26T07:09:27.887+0000] {logging_mixin.py:190} INFO - [2024-10-26T07:09:27.887+0000] {dag.py:3239} INFO - Sync 1 DAGs
[2024-10-26T07:09:27.895+0000] {logging_mixin.py:190} INFO - [2024-10-26T07:09:27.895+0000] {dag.py:4180} INFO - Setting next_dagrun for tutorial_dag to None, run_after=None
[2024-10-26T07:09:27.904+0000] {processor.py:208} INFO - Processing /home/airflow/.local/lib/python3.12/site-packages/airflow/example_dags/tutorial_dag.py took 0.036 seconds
[2024-10-26T07:09:58.095+0000] {processor.py:186} INFO - Started process (PID=78118) to work on /home/airflow/.local/lib/python3.12/site-packages/airflow/example_dags/tutorial_dag.py
[2024-10-26T07:09:58.097+0000] {processor.py:914} INFO - Processing file /home/airflow/.local/lib/python3.12/site-packages/airflow/example_dags/tutorial_dag.py for tasks to queue
[2024-10-26T07:09:58.098+0000] {logging_mixin.py:190} INFO - [2024-10-26T07:09:58.098+0000] {dagbag.py:588} INFO - Filling up the DagBag from /home/airflow/.local/lib/python3.12/site-packages/airflow/example_dags/tutorial_dag.py
[2024-10-26T07:09:58.102+0000] {processor.py:925} INFO - DAG(s) 'tutorial_dag' retrieved from /home/airflow/.local/lib/python3.12/site-packages/airflow/example_dags/tutorial_dag.py
[2024-10-26T07:09:58.113+0000] {logging_mixin.py:190} INFO - [2024-10-26T07:09:58.113+0000] {dag.py:3239} INFO - Sync 1 DAGs
[2024-10-26T07:09:58.120+0000] {logging_mixin.py:190} INFO - [2024-10-26T07:09:58.120+0000] {dag.py:4180} INFO - Setting next_dagrun for tutorial_dag to None, run_after=None
[2024-10-26T07:09:58.128+0000] {processor.py:208} INFO - Processing /home/airflow/.local/lib/python3.12/site-packages/airflow/example_dags/tutorial_dag.py took 0.036 seconds
[2024-10-26T07:10:29.475+0000] {processor.py:186} INFO - Started process (PID=78409) to work on /home/airflow/.local/lib/python3.12/site-packages/airflow/example_dags/tutorial_dag.py
[2024-10-26T07:10:29.476+0000] {processor.py:914} INFO - Processing file /home/airflow/.local/lib/python3.12/site-packages/airflow/example_dags/tutorial_dag.py for tasks to queue
[2024-10-26T07:10:29.477+0000] {logging_mixin.py:190} INFO - [2024-10-26T07:10:29.477+0000] {dagbag.py:588} INFO - Filling up the DagBag from /home/airflow/.local/lib/python3.12/site-packages/airflow/example_dags/tutorial_dag.py
[2024-10-26T07:10:29.480+0000] {processor.py:925} INFO - DAG(s) 'tutorial_dag' retrieved from /home/airflow/.local/lib/python3.12/site-packages/airflow/example_dags/tutorial_dag.py
[2024-10-26T07:10:29.499+0000] {logging_mixin.py:190} INFO - [2024-10-26T07:10:29.499+0000] {dag.py:3239} INFO - Sync 1 DAGs
[2024-10-26T07:10:29.506+0000] {logging_mixin.py:190} INFO - [2024-10-26T07:10:29.506+0000] {dag.py:4180} INFO - Setting next_dagrun for tutorial_dag to None, run_after=None
[2024-10-26T07:10:29.514+0000] {processor.py:208} INFO - Processing /home/airflow/.local/lib/python3.12/site-packages/airflow/example_dags/tutorial_dag.py took 0.042 seconds
[2024-10-26T07:11:00.094+0000] {processor.py:186} INFO - Started process (PID=78702) to work on /home/airflow/.local/lib/python3.12/site-packages/airflow/example_dags/tutorial_dag.py
[2024-10-26T07:11:00.095+0000] {processor.py:914} INFO - Processing file /home/airflow/.local/lib/python3.12/site-packages/airflow/example_dags/tutorial_dag.py for tasks to queue
[2024-10-26T07:11:00.095+0000] {logging_mixin.py:190} INFO - [2024-10-26T07:11:00.095+0000] {dagbag.py:588} INFO - Filling up the DagBag from /home/airflow/.local/lib/python3.12/site-packages/airflow/example_dags/tutorial_dag.py
[2024-10-26T07:11:00.099+0000] {processor.py:925} INFO - DAG(s) 'tutorial_dag' retrieved from /home/airflow/.local/lib/python3.12/site-packages/airflow/example_dags/tutorial_dag.py
[2024-10-26T07:11:00.108+0000] {logging_mixin.py:190} INFO - [2024-10-26T07:11:00.108+0000] {dag.py:3239} INFO - Sync 1 DAGs
[2024-10-26T07:11:00.119+0000] {logging_mixin.py:190} INFO - [2024-10-26T07:11:00.119+0000] {dag.py:4180} INFO - Setting next_dagrun for tutorial_dag to None, run_after=None
[2024-10-26T07:11:00.126+0000] {processor.py:208} INFO - Processing /home/airflow/.local/lib/python3.12/site-packages/airflow/example_dags/tutorial_dag.py took 0.035 seconds
[2024-10-26T07:11:31.310+0000] {processor.py:186} INFO - Started process (PID=78998) to work on /home/airflow/.local/lib/python3.12/site-packages/airflow/example_dags/tutorial_dag.py
[2024-10-26T07:11:31.310+0000] {processor.py:914} INFO - Processing file /home/airflow/.local/lib/python3.12/site-packages/airflow/example_dags/tutorial_dag.py for tasks to queue
[2024-10-26T07:11:31.311+0000] {logging_mixin.py:190} INFO - [2024-10-26T07:11:31.311+0000] {dagbag.py:588} INFO - Filling up the DagBag from /home/airflow/.local/lib/python3.12/site-packages/airflow/example_dags/tutorial_dag.py
[2024-10-26T07:11:31.315+0000] {processor.py:925} INFO - DAG(s) 'tutorial_dag' retrieved from /home/airflow/.local/lib/python3.12/site-packages/airflow/example_dags/tutorial_dag.py
[2024-10-26T07:11:31.325+0000] {logging_mixin.py:190} INFO - [2024-10-26T07:11:31.325+0000] {dag.py:3239} INFO - Sync 1 DAGs
[2024-10-26T07:11:31.332+0000] {logging_mixin.py:190} INFO - [2024-10-26T07:11:31.332+0000] {dag.py:4180} INFO - Setting next_dagrun for tutorial_dag to None, run_after=None
[2024-10-26T07:11:31.342+0000] {processor.py:208} INFO - Processing /home/airflow/.local/lib/python3.12/site-packages/airflow/example_dags/tutorial_dag.py took 0.035 seconds
[2024-10-26T07:12:02.205+0000] {processor.py:186} INFO - Started process (PID=79289) to work on /home/airflow/.local/lib/python3.12/site-packages/airflow/example_dags/tutorial_dag.py
[2024-10-26T07:12:02.206+0000] {processor.py:914} INFO - Processing file /home/airflow/.local/lib/python3.12/site-packages/airflow/example_dags/tutorial_dag.py for tasks to queue
[2024-10-26T07:12:02.206+0000] {logging_mixin.py:190} INFO - [2024-10-26T07:12:02.206+0000] {dagbag.py:588} INFO - Filling up the DagBag from /home/airflow/.local/lib/python3.12/site-packages/airflow/example_dags/tutorial_dag.py
[2024-10-26T07:12:02.210+0000] {processor.py:925} INFO - DAG(s) 'tutorial_dag' retrieved from /home/airflow/.local/lib/python3.12/site-packages/airflow/example_dags/tutorial_dag.py
[2024-10-26T07:12:02.219+0000] {logging_mixin.py:190} INFO - [2024-10-26T07:12:02.219+0000] {dag.py:3239} INFO - Sync 1 DAGs
[2024-10-26T07:12:02.226+0000] {logging_mixin.py:190} INFO - [2024-10-26T07:12:02.225+0000] {dag.py:4180} INFO - Setting next_dagrun for tutorial_dag to None, run_after=None
[2024-10-26T07:12:02.233+0000] {processor.py:208} INFO - Processing /home/airflow/.local/lib/python3.12/site-packages/airflow/example_dags/tutorial_dag.py took 0.030 seconds
[2024-10-26T07:12:32.422+0000] {processor.py:186} INFO - Started process (PID=79578) to work on /home/airflow/.local/lib/python3.12/site-packages/airflow/example_dags/tutorial_dag.py
[2024-10-26T07:12:32.422+0000] {processor.py:914} INFO - Processing file /home/airflow/.local/lib/python3.12/site-packages/airflow/example_dags/tutorial_dag.py for tasks to queue
[2024-10-26T07:12:32.423+0000] {logging_mixin.py:190} INFO - [2024-10-26T07:12:32.423+0000] {dagbag.py:588} INFO - Filling up the DagBag from /home/airflow/.local/lib/python3.12/site-packages/airflow/example_dags/tutorial_dag.py
[2024-10-26T07:12:32.427+0000] {processor.py:925} INFO - DAG(s) 'tutorial_dag' retrieved from /home/airflow/.local/lib/python3.12/site-packages/airflow/example_dags/tutorial_dag.py
[2024-10-26T07:12:32.437+0000] {logging_mixin.py:190} INFO - [2024-10-26T07:12:32.437+0000] {dag.py:3239} INFO - Sync 1 DAGs
[2024-10-26T07:12:32.444+0000] {logging_mixin.py:190} INFO - [2024-10-26T07:12:32.444+0000] {dag.py:4180} INFO - Setting next_dagrun for tutorial_dag to None, run_after=None
[2024-10-26T07:12:32.451+0000] {processor.py:208} INFO - Processing /home/airflow/.local/lib/python3.12/site-packages/airflow/example_dags/tutorial_dag.py took 0.032 seconds
[2024-10-26T07:13:03.262+0000] {processor.py:186} INFO - Started process (PID=79869) to work on /home/airflow/.local/lib/python3.12/site-packages/airflow/example_dags/tutorial_dag.py
[2024-10-26T07:13:03.263+0000] {processor.py:914} INFO - Processing file /home/airflow/.local/lib/python3.12/site-packages/airflow/example_dags/tutorial_dag.py for tasks to queue
[2024-10-26T07:13:03.265+0000] {logging_mixin.py:190} INFO - [2024-10-26T07:13:03.265+0000] {dagbag.py:588} INFO - Filling up the DagBag from /home/airflow/.local/lib/python3.12/site-packages/airflow/example_dags/tutorial_dag.py
[2024-10-26T07:13:03.271+0000] {processor.py:925} INFO - DAG(s) 'tutorial_dag' retrieved from /home/airflow/.local/lib/python3.12/site-packages/airflow/example_dags/tutorial_dag.py
[2024-10-26T07:13:03.286+0000] {logging_mixin.py:190} INFO - [2024-10-26T07:13:03.286+0000] {dag.py:3239} INFO - Sync 1 DAGs
[2024-10-26T07:13:03.296+0000] {logging_mixin.py:190} INFO - [2024-10-26T07:13:03.296+0000] {dag.py:4180} INFO - Setting next_dagrun for tutorial_dag to None, run_after=None
[2024-10-26T07:13:03.304+0000] {processor.py:208} INFO - Processing /home/airflow/.local/lib/python3.12/site-packages/airflow/example_dags/tutorial_dag.py took 0.047 seconds
[2024-10-26T07:13:34.522+0000] {processor.py:186} INFO - Started process (PID=80167) to work on /home/airflow/.local/lib/python3.12/site-packages/airflow/example_dags/tutorial_dag.py
[2024-10-26T07:13:34.522+0000] {processor.py:914} INFO - Processing file /home/airflow/.local/lib/python3.12/site-packages/airflow/example_dags/tutorial_dag.py for tasks to queue
[2024-10-26T07:13:34.523+0000] {logging_mixin.py:190} INFO - [2024-10-26T07:13:34.523+0000] {dagbag.py:588} INFO - Filling up the DagBag from /home/airflow/.local/lib/python3.12/site-packages/airflow/example_dags/tutorial_dag.py
[2024-10-26T07:13:34.527+0000] {processor.py:925} INFO - DAG(s) 'tutorial_dag' retrieved from /home/airflow/.local/lib/python3.12/site-packages/airflow/example_dags/tutorial_dag.py
[2024-10-26T07:13:34.536+0000] {logging_mixin.py:190} INFO - [2024-10-26T07:13:34.536+0000] {dag.py:3239} INFO - Sync 1 DAGs
[2024-10-26T07:13:34.543+0000] {logging_mixin.py:190} INFO - [2024-10-26T07:13:34.543+0000] {dag.py:4180} INFO - Setting next_dagrun for tutorial_dag to None, run_after=None
[2024-10-26T07:13:34.550+0000] {processor.py:208} INFO - Processing /home/airflow/.local/lib/python3.12/site-packages/airflow/example_dags/tutorial_dag.py took 0.031 seconds
[2024-10-26T07:14:05.148+0000] {processor.py:186} INFO - Started process (PID=80461) to work on /home/airflow/.local/lib/python3.12/site-packages/airflow/example_dags/tutorial_dag.py
[2024-10-26T07:14:05.149+0000] {processor.py:914} INFO - Processing file /home/airflow/.local/lib/python3.12/site-packages/airflow/example_dags/tutorial_dag.py for tasks to queue
[2024-10-26T07:14:05.150+0000] {logging_mixin.py:190} INFO - [2024-10-26T07:14:05.150+0000] {dagbag.py:588} INFO - Filling up the DagBag from /home/airflow/.local/lib/python3.12/site-packages/airflow/example_dags/tutorial_dag.py
[2024-10-26T07:14:05.156+0000] {processor.py:925} INFO - DAG(s) 'tutorial_dag' retrieved from /home/airflow/.local/lib/python3.12/site-packages/airflow/example_dags/tutorial_dag.py
[2024-10-26T07:14:05.173+0000] {logging_mixin.py:190} INFO - [2024-10-26T07:14:05.173+0000] {dag.py:3239} INFO - Sync 1 DAGs
[2024-10-26T07:14:05.181+0000] {logging_mixin.py:190} INFO - [2024-10-26T07:14:05.181+0000] {dag.py:4180} INFO - Setting next_dagrun for tutorial_dag to None, run_after=None
[2024-10-26T07:14:05.299+0000] {processor.py:208} INFO - Processing /home/airflow/.local/lib/python3.12/site-packages/airflow/example_dags/tutorial_dag.py took 0.156 seconds
[2024-10-26T07:14:36.052+0000] {processor.py:186} INFO - Started process (PID=80752) to work on /home/airflow/.local/lib/python3.12/site-packages/airflow/example_dags/tutorial_dag.py
[2024-10-26T07:14:36.053+0000] {processor.py:914} INFO - Processing file /home/airflow/.local/lib/python3.12/site-packages/airflow/example_dags/tutorial_dag.py for tasks to queue
[2024-10-26T07:14:36.053+0000] {logging_mixin.py:190} INFO - [2024-10-26T07:14:36.053+0000] {dagbag.py:588} INFO - Filling up the DagBag from /home/airflow/.local/lib/python3.12/site-packages/airflow/example_dags/tutorial_dag.py
[2024-10-26T07:14:36.058+0000] {processor.py:925} INFO - DAG(s) 'tutorial_dag' retrieved from /home/airflow/.local/lib/python3.12/site-packages/airflow/example_dags/tutorial_dag.py
[2024-10-26T07:14:36.069+0000] {logging_mixin.py:190} INFO - [2024-10-26T07:14:36.069+0000] {dag.py:3239} INFO - Sync 1 DAGs
[2024-10-26T07:14:36.077+0000] {logging_mixin.py:190} INFO - [2024-10-26T07:14:36.077+0000] {dag.py:4180} INFO - Setting next_dagrun for tutorial_dag to None, run_after=None
[2024-10-26T07:14:36.088+0000] {processor.py:208} INFO - Processing /home/airflow/.local/lib/python3.12/site-packages/airflow/example_dags/tutorial_dag.py took 0.040 seconds
[2024-10-26T07:15:06.308+0000] {processor.py:186} INFO - Started process (PID=81040) to work on /home/airflow/.local/lib/python3.12/site-packages/airflow/example_dags/tutorial_dag.py
[2024-10-26T07:15:06.308+0000] {processor.py:914} INFO - Processing file /home/airflow/.local/lib/python3.12/site-packages/airflow/example_dags/tutorial_dag.py for tasks to queue
[2024-10-26T07:15:06.309+0000] {logging_mixin.py:190} INFO - [2024-10-26T07:15:06.309+0000] {dagbag.py:588} INFO - Filling up the DagBag from /home/airflow/.local/lib/python3.12/site-packages/airflow/example_dags/tutorial_dag.py
[2024-10-26T07:15:06.316+0000] {processor.py:925} INFO - DAG(s) 'tutorial_dag' retrieved from /home/airflow/.local/lib/python3.12/site-packages/airflow/example_dags/tutorial_dag.py
[2024-10-26T07:15:06.365+0000] {logging_mixin.py:190} INFO - [2024-10-26T07:15:06.365+0000] {dag.py:3239} INFO - Sync 1 DAGs
[2024-10-26T07:15:06.377+0000] {logging_mixin.py:190} INFO - [2024-10-26T07:15:06.376+0000] {dag.py:4180} INFO - Setting next_dagrun for tutorial_dag to None, run_after=None
[2024-10-26T07:15:06.395+0000] {processor.py:208} INFO - Processing /home/airflow/.local/lib/python3.12/site-packages/airflow/example_dags/tutorial_dag.py took 0.092 seconds
[2024-10-26T07:15:36.625+0000] {processor.py:186} INFO - Started process (PID=81334) to work on /home/airflow/.local/lib/python3.12/site-packages/airflow/example_dags/tutorial_dag.py
[2024-10-26T07:15:36.626+0000] {processor.py:914} INFO - Processing file /home/airflow/.local/lib/python3.12/site-packages/airflow/example_dags/tutorial_dag.py for tasks to queue
[2024-10-26T07:15:36.627+0000] {logging_mixin.py:190} INFO - [2024-10-26T07:15:36.627+0000] {dagbag.py:588} INFO - Filling up the DagBag from /home/airflow/.local/lib/python3.12/site-packages/airflow/example_dags/tutorial_dag.py
[2024-10-26T07:15:36.631+0000] {processor.py:925} INFO - DAG(s) 'tutorial_dag' retrieved from /home/airflow/.local/lib/python3.12/site-packages/airflow/example_dags/tutorial_dag.py
[2024-10-26T07:15:36.641+0000] {logging_mixin.py:190} INFO - [2024-10-26T07:15:36.641+0000] {dag.py:3239} INFO - Sync 1 DAGs
[2024-10-26T07:15:36.650+0000] {logging_mixin.py:190} INFO - [2024-10-26T07:15:36.650+0000] {dag.py:4180} INFO - Setting next_dagrun for tutorial_dag to None, run_after=None
[2024-10-26T07:15:36.658+0000] {processor.py:208} INFO - Processing /home/airflow/.local/lib/python3.12/site-packages/airflow/example_dags/tutorial_dag.py took 0.036 seconds
[2024-10-26T07:16:07.691+0000] {processor.py:186} INFO - Started process (PID=81625) to work on /home/airflow/.local/lib/python3.12/site-packages/airflow/example_dags/tutorial_dag.py
[2024-10-26T07:16:07.694+0000] {processor.py:914} INFO - Processing file /home/airflow/.local/lib/python3.12/site-packages/airflow/example_dags/tutorial_dag.py for tasks to queue
[2024-10-26T07:16:07.695+0000] {logging_mixin.py:190} INFO - [2024-10-26T07:16:07.694+0000] {dagbag.py:588} INFO - Filling up the DagBag from /home/airflow/.local/lib/python3.12/site-packages/airflow/example_dags/tutorial_dag.py
[2024-10-26T07:16:07.701+0000] {processor.py:925} INFO - DAG(s) 'tutorial_dag' retrieved from /home/airflow/.local/lib/python3.12/site-packages/airflow/example_dags/tutorial_dag.py
[2024-10-26T07:16:07.728+0000] {logging_mixin.py:190} INFO - [2024-10-26T07:16:07.728+0000] {dag.py:3239} INFO - Sync 1 DAGs
[2024-10-26T07:16:07.748+0000] {logging_mixin.py:190} INFO - [2024-10-26T07:16:07.748+0000] {dag.py:4180} INFO - Setting next_dagrun for tutorial_dag to None, run_after=None
[2024-10-26T07:16:07.763+0000] {processor.py:208} INFO - Processing /home/airflow/.local/lib/python3.12/site-packages/airflow/example_dags/tutorial_dag.py took 0.091 seconds
[2024-10-26T07:16:38.290+0000] {processor.py:186} INFO - Started process (PID=81916) to work on /home/airflow/.local/lib/python3.12/site-packages/airflow/example_dags/tutorial_dag.py
[2024-10-26T07:16:38.291+0000] {processor.py:914} INFO - Processing file /home/airflow/.local/lib/python3.12/site-packages/airflow/example_dags/tutorial_dag.py for tasks to queue
[2024-10-26T07:16:38.292+0000] {logging_mixin.py:190} INFO - [2024-10-26T07:16:38.292+0000] {dagbag.py:588} INFO - Filling up the DagBag from /home/airflow/.local/lib/python3.12/site-packages/airflow/example_dags/tutorial_dag.py
[2024-10-26T07:16:38.296+0000] {processor.py:925} INFO - DAG(s) 'tutorial_dag' retrieved from /home/airflow/.local/lib/python3.12/site-packages/airflow/example_dags/tutorial_dag.py
[2024-10-26T07:16:38.307+0000] {logging_mixin.py:190} INFO - [2024-10-26T07:16:38.307+0000] {dag.py:3239} INFO - Sync 1 DAGs
[2024-10-26T07:16:38.315+0000] {logging_mixin.py:190} INFO - [2024-10-26T07:16:38.315+0000] {dag.py:4180} INFO - Setting next_dagrun for tutorial_dag to None, run_after=None
[2024-10-26T07:16:38.322+0000] {processor.py:208} INFO - Processing /home/airflow/.local/lib/python3.12/site-packages/airflow/example_dags/tutorial_dag.py took 0.036 seconds
[2024-10-26T07:17:09.015+0000] {processor.py:186} INFO - Started process (PID=82208) to work on /home/airflow/.local/lib/python3.12/site-packages/airflow/example_dags/tutorial_dag.py
[2024-10-26T07:17:09.015+0000] {processor.py:914} INFO - Processing file /home/airflow/.local/lib/python3.12/site-packages/airflow/example_dags/tutorial_dag.py for tasks to queue
[2024-10-26T07:17:09.016+0000] {logging_mixin.py:190} INFO - [2024-10-26T07:17:09.016+0000] {dagbag.py:588} INFO - Filling up the DagBag from /home/airflow/.local/lib/python3.12/site-packages/airflow/example_dags/tutorial_dag.py
[2024-10-26T07:17:09.019+0000] {processor.py:925} INFO - DAG(s) 'tutorial_dag' retrieved from /home/airflow/.local/lib/python3.12/site-packages/airflow/example_dags/tutorial_dag.py
[2024-10-26T07:17:09.029+0000] {logging_mixin.py:190} INFO - [2024-10-26T07:17:09.029+0000] {dag.py:3239} INFO - Sync 1 DAGs
[2024-10-26T07:17:09.036+0000] {logging_mixin.py:190} INFO - [2024-10-26T07:17:09.035+0000] {dag.py:4180} INFO - Setting next_dagrun for tutorial_dag to None, run_after=None
[2024-10-26T07:17:09.043+0000] {processor.py:208} INFO - Processing /home/airflow/.local/lib/python3.12/site-packages/airflow/example_dags/tutorial_dag.py took 0.031 seconds
[2024-10-26T07:17:39.953+0000] {processor.py:186} INFO - Started process (PID=82499) to work on /home/airflow/.local/lib/python3.12/site-packages/airflow/example_dags/tutorial_dag.py
[2024-10-26T07:17:39.954+0000] {processor.py:914} INFO - Processing file /home/airflow/.local/lib/python3.12/site-packages/airflow/example_dags/tutorial_dag.py for tasks to queue
[2024-10-26T07:17:39.955+0000] {logging_mixin.py:190} INFO - [2024-10-26T07:17:39.954+0000] {dagbag.py:588} INFO - Filling up the DagBag from /home/airflow/.local/lib/python3.12/site-packages/airflow/example_dags/tutorial_dag.py
[2024-10-26T07:17:39.959+0000] {processor.py:925} INFO - DAG(s) 'tutorial_dag' retrieved from /home/airflow/.local/lib/python3.12/site-packages/airflow/example_dags/tutorial_dag.py
[2024-10-26T07:17:39.968+0000] {logging_mixin.py:190} INFO - [2024-10-26T07:17:39.968+0000] {dag.py:3239} INFO - Sync 1 DAGs
[2024-10-26T07:17:39.975+0000] {logging_mixin.py:190} INFO - [2024-10-26T07:17:39.975+0000] {dag.py:4180} INFO - Setting next_dagrun for tutorial_dag to None, run_after=None
[2024-10-26T07:17:39.986+0000] {processor.py:208} INFO - Processing /home/airflow/.local/lib/python3.12/site-packages/airflow/example_dags/tutorial_dag.py took 0.036 seconds
[2024-10-26T07:18:11.084+0000] {processor.py:186} INFO - Started process (PID=82788) to work on /home/airflow/.local/lib/python3.12/site-packages/airflow/example_dags/tutorial_dag.py
[2024-10-26T07:18:11.085+0000] {processor.py:914} INFO - Processing file /home/airflow/.local/lib/python3.12/site-packages/airflow/example_dags/tutorial_dag.py for tasks to queue
[2024-10-26T07:18:11.085+0000] {logging_mixin.py:190} INFO - [2024-10-26T07:18:11.085+0000] {dagbag.py:588} INFO - Filling up the DagBag from /home/airflow/.local/lib/python3.12/site-packages/airflow/example_dags/tutorial_dag.py
[2024-10-26T07:18:11.089+0000] {processor.py:925} INFO - DAG(s) 'tutorial_dag' retrieved from /home/airflow/.local/lib/python3.12/site-packages/airflow/example_dags/tutorial_dag.py
[2024-10-26T07:18:11.102+0000] {logging_mixin.py:190} INFO - [2024-10-26T07:18:11.102+0000] {dag.py:3239} INFO - Sync 1 DAGs
[2024-10-26T07:18:11.109+0000] {logging_mixin.py:190} INFO - [2024-10-26T07:18:11.109+0000] {dag.py:4180} INFO - Setting next_dagrun for tutorial_dag to None, run_after=None
[2024-10-26T07:18:11.122+0000] {processor.py:208} INFO - Processing /home/airflow/.local/lib/python3.12/site-packages/airflow/example_dags/tutorial_dag.py took 0.041 seconds
[2024-10-26T07:18:41.389+0000] {processor.py:186} INFO - Started process (PID=83079) to work on /home/airflow/.local/lib/python3.12/site-packages/airflow/example_dags/tutorial_dag.py
[2024-10-26T07:18:41.390+0000] {processor.py:914} INFO - Processing file /home/airflow/.local/lib/python3.12/site-packages/airflow/example_dags/tutorial_dag.py for tasks to queue
[2024-10-26T07:18:41.390+0000] {logging_mixin.py:190} INFO - [2024-10-26T07:18:41.390+0000] {dagbag.py:588} INFO - Filling up the DagBag from /home/airflow/.local/lib/python3.12/site-packages/airflow/example_dags/tutorial_dag.py
[2024-10-26T07:18:41.394+0000] {processor.py:925} INFO - DAG(s) 'tutorial_dag' retrieved from /home/airflow/.local/lib/python3.12/site-packages/airflow/example_dags/tutorial_dag.py
[2024-10-26T07:18:41.404+0000] {logging_mixin.py:190} INFO - [2024-10-26T07:18:41.404+0000] {dag.py:3239} INFO - Sync 1 DAGs
[2024-10-26T07:18:41.411+0000] {logging_mixin.py:190} INFO - [2024-10-26T07:18:41.411+0000] {dag.py:4180} INFO - Setting next_dagrun for tutorial_dag to None, run_after=None
[2024-10-26T07:18:41.419+0000] {processor.py:208} INFO - Processing /home/airflow/.local/lib/python3.12/site-packages/airflow/example_dags/tutorial_dag.py took 0.033 seconds
[2024-10-26T07:19:11.726+0000] {processor.py:186} INFO - Started process (PID=83369) to work on /home/airflow/.local/lib/python3.12/site-packages/airflow/example_dags/tutorial_dag.py
[2024-10-26T07:19:11.727+0000] {processor.py:914} INFO - Processing file /home/airflow/.local/lib/python3.12/site-packages/airflow/example_dags/tutorial_dag.py for tasks to queue
[2024-10-26T07:19:11.728+0000] {logging_mixin.py:190} INFO - [2024-10-26T07:19:11.727+0000] {dagbag.py:588} INFO - Filling up the DagBag from /home/airflow/.local/lib/python3.12/site-packages/airflow/example_dags/tutorial_dag.py
[2024-10-26T07:19:11.732+0000] {processor.py:925} INFO - DAG(s) 'tutorial_dag' retrieved from /home/airflow/.local/lib/python3.12/site-packages/airflow/example_dags/tutorial_dag.py
[2024-10-26T07:19:11.744+0000] {logging_mixin.py:190} INFO - [2024-10-26T07:19:11.744+0000] {dag.py:3239} INFO - Sync 1 DAGs
[2024-10-26T07:19:11.751+0000] {logging_mixin.py:190} INFO - [2024-10-26T07:19:11.751+0000] {dag.py:4180} INFO - Setting next_dagrun for tutorial_dag to None, run_after=None
[2024-10-26T07:19:11.760+0000] {processor.py:208} INFO - Processing /home/airflow/.local/lib/python3.12/site-packages/airflow/example_dags/tutorial_dag.py took 0.037 seconds
[2024-10-26T07:19:42.822+0000] {processor.py:186} INFO - Started process (PID=83660) to work on /home/airflow/.local/lib/python3.12/site-packages/airflow/example_dags/tutorial_dag.py
[2024-10-26T07:19:42.823+0000] {processor.py:914} INFO - Processing file /home/airflow/.local/lib/python3.12/site-packages/airflow/example_dags/tutorial_dag.py for tasks to queue
[2024-10-26T07:19:42.823+0000] {logging_mixin.py:190} INFO - [2024-10-26T07:19:42.823+0000] {dagbag.py:588} INFO - Filling up the DagBag from /home/airflow/.local/lib/python3.12/site-packages/airflow/example_dags/tutorial_dag.py
[2024-10-26T07:19:42.832+0000] {processor.py:925} INFO - DAG(s) 'tutorial_dag' retrieved from /home/airflow/.local/lib/python3.12/site-packages/airflow/example_dags/tutorial_dag.py
[2024-10-26T07:19:42.850+0000] {logging_mixin.py:190} INFO - [2024-10-26T07:19:42.849+0000] {dag.py:3239} INFO - Sync 1 DAGs
[2024-10-26T07:19:42.858+0000] {logging_mixin.py:190} INFO - [2024-10-26T07:19:42.858+0000] {dag.py:4180} INFO - Setting next_dagrun for tutorial_dag to None, run_after=None
[2024-10-26T07:19:42.871+0000] {processor.py:208} INFO - Processing /home/airflow/.local/lib/python3.12/site-packages/airflow/example_dags/tutorial_dag.py took 0.055 seconds
[2024-10-26T07:20:13.758+0000] {processor.py:186} INFO - Started process (PID=83951) to work on /home/airflow/.local/lib/python3.12/site-packages/airflow/example_dags/tutorial_dag.py
[2024-10-26T07:20:13.759+0000] {processor.py:914} INFO - Processing file /home/airflow/.local/lib/python3.12/site-packages/airflow/example_dags/tutorial_dag.py for tasks to queue
[2024-10-26T07:20:13.761+0000] {logging_mixin.py:190} INFO - [2024-10-26T07:20:13.761+0000] {dagbag.py:588} INFO - Filling up the DagBag from /home/airflow/.local/lib/python3.12/site-packages/airflow/example_dags/tutorial_dag.py
[2024-10-26T07:20:13.765+0000] {processor.py:925} INFO - DAG(s) 'tutorial_dag' retrieved from /home/airflow/.local/lib/python3.12/site-packages/airflow/example_dags/tutorial_dag.py
[2024-10-26T07:20:13.777+0000] {logging_mixin.py:190} INFO - [2024-10-26T07:20:13.777+0000] {dag.py:3239} INFO - Sync 1 DAGs
[2024-10-26T07:20:13.786+0000] {logging_mixin.py:190} INFO - [2024-10-26T07:20:13.786+0000] {dag.py:4180} INFO - Setting next_dagrun for tutorial_dag to None, run_after=None
[2024-10-26T07:20:13.798+0000] {processor.py:208} INFO - Processing /home/airflow/.local/lib/python3.12/site-packages/airflow/example_dags/tutorial_dag.py took 0.043 seconds
[2024-10-26T07:20:43.971+0000] {processor.py:186} INFO - Started process (PID=84242) to work on /home/airflow/.local/lib/python3.12/site-packages/airflow/example_dags/tutorial_dag.py
[2024-10-26T07:20:43.975+0000] {processor.py:914} INFO - Processing file /home/airflow/.local/lib/python3.12/site-packages/airflow/example_dags/tutorial_dag.py for tasks to queue
[2024-10-26T07:20:43.975+0000] {logging_mixin.py:190} INFO - [2024-10-26T07:20:43.975+0000] {dagbag.py:588} INFO - Filling up the DagBag from /home/airflow/.local/lib/python3.12/site-packages/airflow/example_dags/tutorial_dag.py
[2024-10-26T07:20:43.981+0000] {processor.py:925} INFO - DAG(s) 'tutorial_dag' retrieved from /home/airflow/.local/lib/python3.12/site-packages/airflow/example_dags/tutorial_dag.py
[2024-10-26T07:20:43.996+0000] {logging_mixin.py:190} INFO - [2024-10-26T07:20:43.996+0000] {dag.py:3239} INFO - Sync 1 DAGs
[2024-10-26T07:20:44.003+0000] {logging_mixin.py:190} INFO - [2024-10-26T07:20:44.003+0000] {dag.py:4180} INFO - Setting next_dagrun for tutorial_dag to None, run_after=None
[2024-10-26T07:20:44.012+0000] {processor.py:208} INFO - Processing /home/airflow/.local/lib/python3.12/site-packages/airflow/example_dags/tutorial_dag.py took 0.052 seconds
[2024-10-26T07:21:14.800+0000] {processor.py:186} INFO - Started process (PID=84535) to work on /home/airflow/.local/lib/python3.12/site-packages/airflow/example_dags/tutorial_dag.py
[2024-10-26T07:21:14.801+0000] {processor.py:914} INFO - Processing file /home/airflow/.local/lib/python3.12/site-packages/airflow/example_dags/tutorial_dag.py for tasks to queue
[2024-10-26T07:21:14.801+0000] {logging_mixin.py:190} INFO - [2024-10-26T07:21:14.801+0000] {dagbag.py:588} INFO - Filling up the DagBag from /home/airflow/.local/lib/python3.12/site-packages/airflow/example_dags/tutorial_dag.py
[2024-10-26T07:21:14.806+0000] {processor.py:925} INFO - DAG(s) 'tutorial_dag' retrieved from /home/airflow/.local/lib/python3.12/site-packages/airflow/example_dags/tutorial_dag.py
[2024-10-26T07:21:14.816+0000] {logging_mixin.py:190} INFO - [2024-10-26T07:21:14.816+0000] {dag.py:3239} INFO - Sync 1 DAGs
[2024-10-26T07:21:14.824+0000] {logging_mixin.py:190} INFO - [2024-10-26T07:21:14.823+0000] {dag.py:4180} INFO - Setting next_dagrun for tutorial_dag to None, run_after=None
[2024-10-26T07:21:14.831+0000] {processor.py:208} INFO - Processing /home/airflow/.local/lib/python3.12/site-packages/airflow/example_dags/tutorial_dag.py took 0.034 seconds
[2024-10-26T07:21:45.480+0000] {processor.py:186} INFO - Started process (PID=84824) to work on /home/airflow/.local/lib/python3.12/site-packages/airflow/example_dags/tutorial_dag.py
[2024-10-26T07:21:45.481+0000] {processor.py:914} INFO - Processing file /home/airflow/.local/lib/python3.12/site-packages/airflow/example_dags/tutorial_dag.py for tasks to queue
[2024-10-26T07:21:45.482+0000] {logging_mixin.py:190} INFO - [2024-10-26T07:21:45.481+0000] {dagbag.py:588} INFO - Filling up the DagBag from /home/airflow/.local/lib/python3.12/site-packages/airflow/example_dags/tutorial_dag.py
[2024-10-26T07:21:45.486+0000] {processor.py:925} INFO - DAG(s) 'tutorial_dag' retrieved from /home/airflow/.local/lib/python3.12/site-packages/airflow/example_dags/tutorial_dag.py
[2024-10-26T07:21:45.495+0000] {logging_mixin.py:190} INFO - [2024-10-26T07:21:45.495+0000] {dag.py:3239} INFO - Sync 1 DAGs
[2024-10-26T07:21:45.502+0000] {logging_mixin.py:190} INFO - [2024-10-26T07:21:45.501+0000] {dag.py:4180} INFO - Setting next_dagrun for tutorial_dag to None, run_after=None
[2024-10-26T07:21:45.509+0000] {processor.py:208} INFO - Processing /home/airflow/.local/lib/python3.12/site-packages/airflow/example_dags/tutorial_dag.py took 0.032 seconds
[2024-10-26T07:22:16.445+0000] {processor.py:186} INFO - Started process (PID=85115) to work on /home/airflow/.local/lib/python3.12/site-packages/airflow/example_dags/tutorial_dag.py
[2024-10-26T07:22:16.445+0000] {processor.py:914} INFO - Processing file /home/airflow/.local/lib/python3.12/site-packages/airflow/example_dags/tutorial_dag.py for tasks to queue
[2024-10-26T07:22:16.446+0000] {logging_mixin.py:190} INFO - [2024-10-26T07:22:16.446+0000] {dagbag.py:588} INFO - Filling up the DagBag from /home/airflow/.local/lib/python3.12/site-packages/airflow/example_dags/tutorial_dag.py
[2024-10-26T07:22:16.451+0000] {processor.py:925} INFO - DAG(s) 'tutorial_dag' retrieved from /home/airflow/.local/lib/python3.12/site-packages/airflow/example_dags/tutorial_dag.py
[2024-10-26T07:22:16.470+0000] {logging_mixin.py:190} INFO - [2024-10-26T07:22:16.470+0000] {dag.py:3239} INFO - Sync 1 DAGs
[2024-10-26T07:22:16.480+0000] {logging_mixin.py:190} INFO - [2024-10-26T07:22:16.480+0000] {dag.py:4180} INFO - Setting next_dagrun for tutorial_dag to None, run_after=None
[2024-10-26T07:22:16.488+0000] {processor.py:208} INFO - Processing /home/airflow/.local/lib/python3.12/site-packages/airflow/example_dags/tutorial_dag.py took 0.047 seconds
[2024-10-26T07:22:47.320+0000] {processor.py:186} INFO - Started process (PID=85406) to work on /home/airflow/.local/lib/python3.12/site-packages/airflow/example_dags/tutorial_dag.py
[2024-10-26T07:22:47.322+0000] {processor.py:914} INFO - Processing file /home/airflow/.local/lib/python3.12/site-packages/airflow/example_dags/tutorial_dag.py for tasks to queue
[2024-10-26T07:22:47.323+0000] {logging_mixin.py:190} INFO - [2024-10-26T07:22:47.323+0000] {dagbag.py:588} INFO - Filling up the DagBag from /home/airflow/.local/lib/python3.12/site-packages/airflow/example_dags/tutorial_dag.py
[2024-10-26T07:22:47.331+0000] {processor.py:925} INFO - DAG(s) 'tutorial_dag' retrieved from /home/airflow/.local/lib/python3.12/site-packages/airflow/example_dags/tutorial_dag.py
[2024-10-26T07:22:47.350+0000] {logging_mixin.py:190} INFO - [2024-10-26T07:22:47.349+0000] {dag.py:3239} INFO - Sync 1 DAGs
[2024-10-26T07:22:47.364+0000] {logging_mixin.py:190} INFO - [2024-10-26T07:22:47.364+0000] {dag.py:4180} INFO - Setting next_dagrun for tutorial_dag to None, run_after=None
[2024-10-26T07:22:47.378+0000] {processor.py:208} INFO - Processing /home/airflow/.local/lib/python3.12/site-packages/airflow/example_dags/tutorial_dag.py took 0.067 seconds
[2024-10-26T07:23:18.147+0000] {processor.py:186} INFO - Started process (PID=85697) to work on /home/airflow/.local/lib/python3.12/site-packages/airflow/example_dags/tutorial_dag.py
[2024-10-26T07:23:18.148+0000] {processor.py:914} INFO - Processing file /home/airflow/.local/lib/python3.12/site-packages/airflow/example_dags/tutorial_dag.py for tasks to queue
[2024-10-26T07:23:18.149+0000] {logging_mixin.py:190} INFO - [2024-10-26T07:23:18.149+0000] {dagbag.py:588} INFO - Filling up the DagBag from /home/airflow/.local/lib/python3.12/site-packages/airflow/example_dags/tutorial_dag.py
[2024-10-26T07:23:18.153+0000] {processor.py:925} INFO - DAG(s) 'tutorial_dag' retrieved from /home/airflow/.local/lib/python3.12/site-packages/airflow/example_dags/tutorial_dag.py
[2024-10-26T07:23:18.165+0000] {logging_mixin.py:190} INFO - [2024-10-26T07:23:18.165+0000] {dag.py:3239} INFO - Sync 1 DAGs
[2024-10-26T07:23:18.172+0000] {logging_mixin.py:190} INFO - [2024-10-26T07:23:18.172+0000] {dag.py:4180} INFO - Setting next_dagrun for tutorial_dag to None, run_after=None
[2024-10-26T07:23:18.183+0000] {processor.py:208} INFO - Processing /home/airflow/.local/lib/python3.12/site-packages/airflow/example_dags/tutorial_dag.py took 0.039 seconds
[2024-10-26T07:23:49.046+0000] {processor.py:186} INFO - Started process (PID=85989) to work on /home/airflow/.local/lib/python3.12/site-packages/airflow/example_dags/tutorial_dag.py
[2024-10-26T07:23:49.046+0000] {processor.py:914} INFO - Processing file /home/airflow/.local/lib/python3.12/site-packages/airflow/example_dags/tutorial_dag.py for tasks to queue
[2024-10-26T07:23:49.047+0000] {logging_mixin.py:190} INFO - [2024-10-26T07:23:49.047+0000] {dagbag.py:588} INFO - Filling up the DagBag from /home/airflow/.local/lib/python3.12/site-packages/airflow/example_dags/tutorial_dag.py
[2024-10-26T07:23:49.050+0000] {processor.py:925} INFO - DAG(s) 'tutorial_dag' retrieved from /home/airflow/.local/lib/python3.12/site-packages/airflow/example_dags/tutorial_dag.py
[2024-10-26T07:23:49.060+0000] {logging_mixin.py:190} INFO - [2024-10-26T07:23:49.059+0000] {dag.py:3239} INFO - Sync 1 DAGs
[2024-10-26T07:23:49.066+0000] {logging_mixin.py:190} INFO - [2024-10-26T07:23:49.066+0000] {dag.py:4180} INFO - Setting next_dagrun for tutorial_dag to None, run_after=None
[2024-10-26T07:23:49.073+0000] {processor.py:208} INFO - Processing /home/airflow/.local/lib/python3.12/site-packages/airflow/example_dags/tutorial_dag.py took 0.031 seconds
[2024-10-26T07:24:19.665+0000] {processor.py:186} INFO - Started process (PID=86279) to work on /home/airflow/.local/lib/python3.12/site-packages/airflow/example_dags/tutorial_dag.py
[2024-10-26T07:24:19.669+0000] {processor.py:914} INFO - Processing file /home/airflow/.local/lib/python3.12/site-packages/airflow/example_dags/tutorial_dag.py for tasks to queue
[2024-10-26T07:24:19.670+0000] {logging_mixin.py:190} INFO - [2024-10-26T07:24:19.670+0000] {dagbag.py:588} INFO - Filling up the DagBag from /home/airflow/.local/lib/python3.12/site-packages/airflow/example_dags/tutorial_dag.py
[2024-10-26T07:24:19.676+0000] {processor.py:925} INFO - DAG(s) 'tutorial_dag' retrieved from /home/airflow/.local/lib/python3.12/site-packages/airflow/example_dags/tutorial_dag.py
[2024-10-26T07:24:19.695+0000] {logging_mixin.py:190} INFO - [2024-10-26T07:24:19.695+0000] {dag.py:3239} INFO - Sync 1 DAGs
[2024-10-26T07:24:19.703+0000] {logging_mixin.py:190} INFO - [2024-10-26T07:24:19.702+0000] {dag.py:4180} INFO - Setting next_dagrun for tutorial_dag to None, run_after=None
[2024-10-26T07:24:19.711+0000] {processor.py:208} INFO - Processing /home/airflow/.local/lib/python3.12/site-packages/airflow/example_dags/tutorial_dag.py took 0.049 seconds
[2024-10-26T07:24:49.918+0000] {processor.py:186} INFO - Started process (PID=86570) to work on /home/airflow/.local/lib/python3.12/site-packages/airflow/example_dags/tutorial_dag.py
[2024-10-26T07:24:49.919+0000] {processor.py:914} INFO - Processing file /home/airflow/.local/lib/python3.12/site-packages/airflow/example_dags/tutorial_dag.py for tasks to queue
[2024-10-26T07:24:49.919+0000] {logging_mixin.py:190} INFO - [2024-10-26T07:24:49.919+0000] {dagbag.py:588} INFO - Filling up the DagBag from /home/airflow/.local/lib/python3.12/site-packages/airflow/example_dags/tutorial_dag.py
[2024-10-26T07:24:49.923+0000] {processor.py:925} INFO - DAG(s) 'tutorial_dag' retrieved from /home/airflow/.local/lib/python3.12/site-packages/airflow/example_dags/tutorial_dag.py
[2024-10-26T07:24:49.933+0000] {logging_mixin.py:190} INFO - [2024-10-26T07:24:49.933+0000] {dag.py:3239} INFO - Sync 1 DAGs
[2024-10-26T07:24:49.941+0000] {logging_mixin.py:190} INFO - [2024-10-26T07:24:49.940+0000] {dag.py:4180} INFO - Setting next_dagrun for tutorial_dag to None, run_after=None
[2024-10-26T07:24:49.954+0000] {processor.py:208} INFO - Processing /home/airflow/.local/lib/python3.12/site-packages/airflow/example_dags/tutorial_dag.py took 0.040 seconds
[2024-10-26T07:25:21.199+0000] {processor.py:186} INFO - Started process (PID=86861) to work on /home/airflow/.local/lib/python3.12/site-packages/airflow/example_dags/tutorial_dag.py
[2024-10-26T07:25:21.201+0000] {processor.py:914} INFO - Processing file /home/airflow/.local/lib/python3.12/site-packages/airflow/example_dags/tutorial_dag.py for tasks to queue
[2024-10-26T07:25:21.209+0000] {logging_mixin.py:190} INFO - [2024-10-26T07:25:21.208+0000] {dagbag.py:588} INFO - Filling up the DagBag from /home/airflow/.local/lib/python3.12/site-packages/airflow/example_dags/tutorial_dag.py
[2024-10-26T07:25:21.224+0000] {processor.py:925} INFO - DAG(s) 'tutorial_dag' retrieved from /home/airflow/.local/lib/python3.12/site-packages/airflow/example_dags/tutorial_dag.py
[2024-10-26T07:25:21.247+0000] {logging_mixin.py:190} INFO - [2024-10-26T07:25:21.247+0000] {dag.py:3239} INFO - Sync 1 DAGs
[2024-10-26T07:25:21.258+0000] {logging_mixin.py:190} INFO - [2024-10-26T07:25:21.257+0000] {dag.py:4180} INFO - Setting next_dagrun for tutorial_dag to None, run_after=None
[2024-10-26T07:25:21.271+0000] {processor.py:208} INFO - Processing /home/airflow/.local/lib/python3.12/site-packages/airflow/example_dags/tutorial_dag.py took 0.084 seconds
[2024-10-26T07:25:51.404+0000] {processor.py:186} INFO - Started process (PID=87152) to work on /home/airflow/.local/lib/python3.12/site-packages/airflow/example_dags/tutorial_dag.py
[2024-10-26T07:25:51.405+0000] {processor.py:914} INFO - Processing file /home/airflow/.local/lib/python3.12/site-packages/airflow/example_dags/tutorial_dag.py for tasks to queue
[2024-10-26T07:25:51.405+0000] {logging_mixin.py:190} INFO - [2024-10-26T07:25:51.405+0000] {dagbag.py:588} INFO - Filling up the DagBag from /home/airflow/.local/lib/python3.12/site-packages/airflow/example_dags/tutorial_dag.py
[2024-10-26T07:25:51.409+0000] {processor.py:925} INFO - DAG(s) 'tutorial_dag' retrieved from /home/airflow/.local/lib/python3.12/site-packages/airflow/example_dags/tutorial_dag.py
[2024-10-26T07:25:51.420+0000] {logging_mixin.py:190} INFO - [2024-10-26T07:25:51.420+0000] {dag.py:3239} INFO - Sync 1 DAGs
[2024-10-26T07:25:51.428+0000] {logging_mixin.py:190} INFO - [2024-10-26T07:25:51.428+0000] {dag.py:4180} INFO - Setting next_dagrun for tutorial_dag to None, run_after=None
[2024-10-26T07:25:51.439+0000] {processor.py:208} INFO - Processing /home/airflow/.local/lib/python3.12/site-packages/airflow/example_dags/tutorial_dag.py took 0.038 seconds
[2024-10-26T07:26:21.786+0000] {processor.py:186} INFO - Started process (PID=87443) to work on /home/airflow/.local/lib/python3.12/site-packages/airflow/example_dags/tutorial_dag.py
[2024-10-26T07:26:21.786+0000] {processor.py:914} INFO - Processing file /home/airflow/.local/lib/python3.12/site-packages/airflow/example_dags/tutorial_dag.py for tasks to queue
[2024-10-26T07:26:21.787+0000] {logging_mixin.py:190} INFO - [2024-10-26T07:26:21.787+0000] {dagbag.py:588} INFO - Filling up the DagBag from /home/airflow/.local/lib/python3.12/site-packages/airflow/example_dags/tutorial_dag.py
[2024-10-26T07:26:21.791+0000] {processor.py:925} INFO - DAG(s) 'tutorial_dag' retrieved from /home/airflow/.local/lib/python3.12/site-packages/airflow/example_dags/tutorial_dag.py
[2024-10-26T07:26:21.803+0000] {logging_mixin.py:190} INFO - [2024-10-26T07:26:21.803+0000] {dag.py:3239} INFO - Sync 1 DAGs
[2024-10-26T07:26:21.810+0000] {logging_mixin.py:190} INFO - [2024-10-26T07:26:21.810+0000] {dag.py:4180} INFO - Setting next_dagrun for tutorial_dag to None, run_after=None
[2024-10-26T07:26:21.818+0000] {processor.py:208} INFO - Processing /home/airflow/.local/lib/python3.12/site-packages/airflow/example_dags/tutorial_dag.py took 0.037 seconds
[2024-10-26T07:26:52.332+0000] {processor.py:186} INFO - Started process (PID=87736) to work on /home/airflow/.local/lib/python3.12/site-packages/airflow/example_dags/tutorial_dag.py
[2024-10-26T07:26:52.332+0000] {processor.py:914} INFO - Processing file /home/airflow/.local/lib/python3.12/site-packages/airflow/example_dags/tutorial_dag.py for tasks to queue
[2024-10-26T07:26:52.333+0000] {logging_mixin.py:190} INFO - [2024-10-26T07:26:52.333+0000] {dagbag.py:588} INFO - Filling up the DagBag from /home/airflow/.local/lib/python3.12/site-packages/airflow/example_dags/tutorial_dag.py
[2024-10-26T07:26:52.337+0000] {processor.py:925} INFO - DAG(s) 'tutorial_dag' retrieved from /home/airflow/.local/lib/python3.12/site-packages/airflow/example_dags/tutorial_dag.py
[2024-10-26T07:26:52.350+0000] {logging_mixin.py:190} INFO - [2024-10-26T07:26:52.349+0000] {dag.py:3239} INFO - Sync 1 DAGs
[2024-10-26T07:26:52.358+0000] {logging_mixin.py:190} INFO - [2024-10-26T07:26:52.358+0000] {dag.py:4180} INFO - Setting next_dagrun for tutorial_dag to None, run_after=None
[2024-10-26T07:26:52.367+0000] {processor.py:208} INFO - Processing /home/airflow/.local/lib/python3.12/site-packages/airflow/example_dags/tutorial_dag.py took 0.038 seconds
[2024-10-26T07:27:22.637+0000] {processor.py:186} INFO - Started process (PID=88025) to work on /home/airflow/.local/lib/python3.12/site-packages/airflow/example_dags/tutorial_dag.py
[2024-10-26T07:27:22.637+0000] {processor.py:914} INFO - Processing file /home/airflow/.local/lib/python3.12/site-packages/airflow/example_dags/tutorial_dag.py for tasks to queue
[2024-10-26T07:27:22.638+0000] {logging_mixin.py:190} INFO - [2024-10-26T07:27:22.638+0000] {dagbag.py:588} INFO - Filling up the DagBag from /home/airflow/.local/lib/python3.12/site-packages/airflow/example_dags/tutorial_dag.py
[2024-10-26T07:27:22.642+0000] {processor.py:925} INFO - DAG(s) 'tutorial_dag' retrieved from /home/airflow/.local/lib/python3.12/site-packages/airflow/example_dags/tutorial_dag.py
[2024-10-26T07:27:22.652+0000] {logging_mixin.py:190} INFO - [2024-10-26T07:27:22.652+0000] {dag.py:3239} INFO - Sync 1 DAGs
[2024-10-26T07:27:22.659+0000] {logging_mixin.py:190} INFO - [2024-10-26T07:27:22.658+0000] {dag.py:4180} INFO - Setting next_dagrun for tutorial_dag to None, run_after=None
[2024-10-26T07:27:22.666+0000] {processor.py:208} INFO - Processing /home/airflow/.local/lib/python3.12/site-packages/airflow/example_dags/tutorial_dag.py took 0.033 seconds
