[2024-10-26T00:46:26.271+0000] {processor.py:186} INFO - Started process (PID=70929) to work on /home/airflow/.local/lib/python3.12/site-packages/airflow/example_dags/tutorial_taskflow_api.py
[2024-10-26T00:46:26.273+0000] {processor.py:914} INFO - Processing file /home/airflow/.local/lib/python3.12/site-packages/airflow/example_dags/tutorial_taskflow_api.py for tasks to queue
[2024-10-26T00:46:26.274+0000] {logging_mixin.py:190} INFO - [2024-10-26T00:46:26.274+0000] {dagbag.py:588} INFO - Filling up the DagBag from /home/airflow/.local/lib/python3.12/site-packages/airflow/example_dags/tutorial_taskflow_api.py
[2024-10-26T00:46:26.279+0000] {processor.py:925} INFO - DAG(s) 'tutorial_taskflow_api' retrieved from /home/airflow/.local/lib/python3.12/site-packages/airflow/example_dags/tutorial_taskflow_api.py
[2024-10-26T00:46:26.291+0000] {logging_mixin.py:190} INFO - [2024-10-26T00:46:26.291+0000] {dag.py:3239} INFO - Sync 1 DAGs
[2024-10-26T00:46:26.298+0000] {logging_mixin.py:190} INFO - [2024-10-26T00:46:26.298+0000] {dag.py:4180} INFO - Setting next_dagrun for tutorial_taskflow_api to None, run_after=None
[2024-10-26T00:46:26.308+0000] {processor.py:208} INFO - Processing /home/airflow/.local/lib/python3.12/site-packages/airflow/example_dags/tutorial_taskflow_api.py took 0.040 seconds
[2024-10-26T01:37:09.902+0000] {processor.py:186} INFO - Started process (PID=71221) to work on /home/airflow/.local/lib/python3.12/site-packages/airflow/example_dags/tutorial_taskflow_api.py
[2024-10-26T01:37:09.904+0000] {processor.py:914} INFO - Processing file /home/airflow/.local/lib/python3.12/site-packages/airflow/example_dags/tutorial_taskflow_api.py for tasks to queue
[2024-10-26T01:37:09.905+0000] {logging_mixin.py:190} INFO - [2024-10-26T01:37:09.905+0000] {dagbag.py:588} INFO - Filling up the DagBag from /home/airflow/.local/lib/python3.12/site-packages/airflow/example_dags/tutorial_taskflow_api.py
[2024-10-26T01:37:09.910+0000] {processor.py:925} INFO - DAG(s) 'tutorial_taskflow_api' retrieved from /home/airflow/.local/lib/python3.12/site-packages/airflow/example_dags/tutorial_taskflow_api.py
[2024-10-26T01:37:09.920+0000] {logging_mixin.py:190} INFO - [2024-10-26T01:37:09.920+0000] {dag.py:3239} INFO - Sync 1 DAGs
[2024-10-26T01:37:09.929+0000] {logging_mixin.py:190} INFO - [2024-10-26T01:37:09.929+0000] {dag.py:4180} INFO - Setting next_dagrun for tutorial_taskflow_api to None, run_after=None
[2024-10-26T01:37:09.937+0000] {processor.py:208} INFO - Processing /home/airflow/.local/lib/python3.12/site-packages/airflow/example_dags/tutorial_taskflow_api.py took 0.039 seconds
[2024-10-26T02:57:38.901+0000] {processor.py:186} INFO - Started process (PID=71514) to work on /home/airflow/.local/lib/python3.12/site-packages/airflow/example_dags/tutorial_taskflow_api.py
[2024-10-26T02:57:38.902+0000] {processor.py:914} INFO - Processing file /home/airflow/.local/lib/python3.12/site-packages/airflow/example_dags/tutorial_taskflow_api.py for tasks to queue
[2024-10-26T02:57:38.903+0000] {logging_mixin.py:190} INFO - [2024-10-26T02:57:38.903+0000] {dagbag.py:588} INFO - Filling up the DagBag from /home/airflow/.local/lib/python3.12/site-packages/airflow/example_dags/tutorial_taskflow_api.py
[2024-10-26T02:57:38.907+0000] {processor.py:925} INFO - DAG(s) 'tutorial_taskflow_api' retrieved from /home/airflow/.local/lib/python3.12/site-packages/airflow/example_dags/tutorial_taskflow_api.py
[2024-10-26T02:57:38.920+0000] {logging_mixin.py:190} INFO - [2024-10-26T02:57:38.920+0000] {dag.py:3239} INFO - Sync 1 DAGs
[2024-10-26T02:57:38.927+0000] {logging_mixin.py:190} INFO - [2024-10-26T02:57:38.927+0000] {dag.py:4180} INFO - Setting next_dagrun for tutorial_taskflow_api to None, run_after=None
[2024-10-26T02:57:38.941+0000] {processor.py:208} INFO - Processing /home/airflow/.local/lib/python3.12/site-packages/airflow/example_dags/tutorial_taskflow_api.py took 0.043 seconds
[2024-10-26T04:18:36.144+0000] {processor.py:186} INFO - Started process (PID=71803) to work on /home/airflow/.local/lib/python3.12/site-packages/airflow/example_dags/tutorial_taskflow_api.py
[2024-10-26T04:18:36.148+0000] {processor.py:914} INFO - Processing file /home/airflow/.local/lib/python3.12/site-packages/airflow/example_dags/tutorial_taskflow_api.py for tasks to queue
[2024-10-26T04:18:36.149+0000] {logging_mixin.py:190} INFO - [2024-10-26T04:18:36.149+0000] {dagbag.py:588} INFO - Filling up the DagBag from /home/airflow/.local/lib/python3.12/site-packages/airflow/example_dags/tutorial_taskflow_api.py
[2024-10-26T04:18:36.155+0000] {processor.py:925} INFO - DAG(s) 'tutorial_taskflow_api' retrieved from /home/airflow/.local/lib/python3.12/site-packages/airflow/example_dags/tutorial_taskflow_api.py
[2024-10-26T04:18:36.168+0000] {logging_mixin.py:190} INFO - [2024-10-26T04:18:36.168+0000] {dag.py:3239} INFO - Sync 1 DAGs
[2024-10-26T04:18:36.176+0000] {logging_mixin.py:190} INFO - [2024-10-26T04:18:36.176+0000] {dag.py:4180} INFO - Setting next_dagrun for tutorial_taskflow_api to None, run_after=None
[2024-10-26T04:18:36.186+0000] {processor.py:208} INFO - Processing /home/airflow/.local/lib/python3.12/site-packages/airflow/example_dags/tutorial_taskflow_api.py took 0.046 seconds
[2024-10-26T05:41:05.924+0000] {processor.py:186} INFO - Started process (PID=72094) to work on /home/airflow/.local/lib/python3.12/site-packages/airflow/example_dags/tutorial_taskflow_api.py
[2024-10-26T05:41:05.924+0000] {processor.py:914} INFO - Processing file /home/airflow/.local/lib/python3.12/site-packages/airflow/example_dags/tutorial_taskflow_api.py for tasks to queue
[2024-10-26T05:41:05.925+0000] {logging_mixin.py:190} INFO - [2024-10-26T05:41:05.925+0000] {dagbag.py:588} INFO - Filling up the DagBag from /home/airflow/.local/lib/python3.12/site-packages/airflow/example_dags/tutorial_taskflow_api.py
[2024-10-26T05:41:05.930+0000] {processor.py:925} INFO - DAG(s) 'tutorial_taskflow_api' retrieved from /home/airflow/.local/lib/python3.12/site-packages/airflow/example_dags/tutorial_taskflow_api.py
[2024-10-26T05:41:05.940+0000] {logging_mixin.py:190} INFO - [2024-10-26T05:41:05.940+0000] {dag.py:3239} INFO - Sync 1 DAGs
[2024-10-26T05:41:05.948+0000] {logging_mixin.py:190} INFO - [2024-10-26T05:41:05.948+0000] {dag.py:4180} INFO - Setting next_dagrun for tutorial_taskflow_api to None, run_after=None
[2024-10-26T05:41:05.962+0000] {processor.py:208} INFO - Processing /home/airflow/.local/lib/python3.12/site-packages/airflow/example_dags/tutorial_taskflow_api.py took 0.042 seconds
[2024-10-26T06:59:46.262+0000] {processor.py:186} INFO - Started process (PID=72385) to work on /home/airflow/.local/lib/python3.12/site-packages/airflow/example_dags/tutorial_taskflow_api.py
[2024-10-26T06:59:46.264+0000] {processor.py:914} INFO - Processing file /home/airflow/.local/lib/python3.12/site-packages/airflow/example_dags/tutorial_taskflow_api.py for tasks to queue
[2024-10-26T06:59:46.265+0000] {logging_mixin.py:190} INFO - [2024-10-26T06:59:46.265+0000] {dagbag.py:588} INFO - Filling up the DagBag from /home/airflow/.local/lib/python3.12/site-packages/airflow/example_dags/tutorial_taskflow_api.py
[2024-10-26T06:59:46.270+0000] {processor.py:925} INFO - DAG(s) 'tutorial_taskflow_api' retrieved from /home/airflow/.local/lib/python3.12/site-packages/airflow/example_dags/tutorial_taskflow_api.py
[2024-10-26T06:59:46.282+0000] {logging_mixin.py:190} INFO - [2024-10-26T06:59:46.282+0000] {dag.py:3239} INFO - Sync 1 DAGs
[2024-10-26T06:59:46.290+0000] {logging_mixin.py:190} INFO - [2024-10-26T06:59:46.290+0000] {dag.py:4180} INFO - Setting next_dagrun for tutorial_taskflow_api to None, run_after=None
[2024-10-26T06:59:46.300+0000] {processor.py:208} INFO - Processing /home/airflow/.local/lib/python3.12/site-packages/airflow/example_dags/tutorial_taskflow_api.py took 0.042 seconds
[2024-10-26T07:00:16.863+0000] {processor.py:186} INFO - Started process (PID=72676) to work on /home/airflow/.local/lib/python3.12/site-packages/airflow/example_dags/tutorial_taskflow_api.py
[2024-10-26T07:00:16.864+0000] {processor.py:914} INFO - Processing file /home/airflow/.local/lib/python3.12/site-packages/airflow/example_dags/tutorial_taskflow_api.py for tasks to queue
[2024-10-26T07:00:16.865+0000] {logging_mixin.py:190} INFO - [2024-10-26T07:00:16.865+0000] {dagbag.py:588} INFO - Filling up the DagBag from /home/airflow/.local/lib/python3.12/site-packages/airflow/example_dags/tutorial_taskflow_api.py
[2024-10-26T07:00:16.871+0000] {processor.py:925} INFO - DAG(s) 'tutorial_taskflow_api' retrieved from /home/airflow/.local/lib/python3.12/site-packages/airflow/example_dags/tutorial_taskflow_api.py
[2024-10-26T07:00:16.881+0000] {logging_mixin.py:190} INFO - [2024-10-26T07:00:16.881+0000] {dag.py:3239} INFO - Sync 1 DAGs
[2024-10-26T07:00:16.896+0000] {logging_mixin.py:190} INFO - [2024-10-26T07:00:16.896+0000] {dag.py:4180} INFO - Setting next_dagrun for tutorial_taskflow_api to None, run_after=None
[2024-10-26T07:00:16.905+0000] {processor.py:208} INFO - Processing /home/airflow/.local/lib/python3.12/site-packages/airflow/example_dags/tutorial_taskflow_api.py took 0.046 seconds
[2024-10-26T07:00:47.423+0000] {processor.py:186} INFO - Started process (PID=72969) to work on /home/airflow/.local/lib/python3.12/site-packages/airflow/example_dags/tutorial_taskflow_api.py
[2024-10-26T07:00:47.424+0000] {processor.py:914} INFO - Processing file /home/airflow/.local/lib/python3.12/site-packages/airflow/example_dags/tutorial_taskflow_api.py for tasks to queue
[2024-10-26T07:00:47.425+0000] {logging_mixin.py:190} INFO - [2024-10-26T07:00:47.425+0000] {dagbag.py:588} INFO - Filling up the DagBag from /home/airflow/.local/lib/python3.12/site-packages/airflow/example_dags/tutorial_taskflow_api.py
[2024-10-26T07:00:47.430+0000] {processor.py:925} INFO - DAG(s) 'tutorial_taskflow_api' retrieved from /home/airflow/.local/lib/python3.12/site-packages/airflow/example_dags/tutorial_taskflow_api.py
[2024-10-26T07:00:47.442+0000] {logging_mixin.py:190} INFO - [2024-10-26T07:00:47.441+0000] {dag.py:3239} INFO - Sync 1 DAGs
[2024-10-26T07:00:47.449+0000] {logging_mixin.py:190} INFO - [2024-10-26T07:00:47.449+0000] {dag.py:4180} INFO - Setting next_dagrun for tutorial_taskflow_api to None, run_after=None
[2024-10-26T07:00:47.464+0000] {processor.py:208} INFO - Processing /home/airflow/.local/lib/python3.12/site-packages/airflow/example_dags/tutorial_taskflow_api.py took 0.046 seconds
[2024-10-26T07:01:20.754+0000] {processor.py:186} INFO - Started process (PID=73258) to work on /home/airflow/.local/lib/python3.12/site-packages/airflow/example_dags/tutorial_taskflow_api.py
[2024-10-26T07:01:20.756+0000] {processor.py:914} INFO - Processing file /home/airflow/.local/lib/python3.12/site-packages/airflow/example_dags/tutorial_taskflow_api.py for tasks to queue
[2024-10-26T07:01:20.759+0000] {logging_mixin.py:190} INFO - [2024-10-26T07:01:20.758+0000] {dagbag.py:588} INFO - Filling up the DagBag from /home/airflow/.local/lib/python3.12/site-packages/airflow/example_dags/tutorial_taskflow_api.py
[2024-10-26T07:01:20.772+0000] {processor.py:925} INFO - DAG(s) 'tutorial_taskflow_api' retrieved from /home/airflow/.local/lib/python3.12/site-packages/airflow/example_dags/tutorial_taskflow_api.py
[2024-10-26T07:01:20.803+0000] {logging_mixin.py:190} INFO - [2024-10-26T07:01:20.802+0000] {dag.py:3239} INFO - Sync 1 DAGs
[2024-10-26T07:01:20.816+0000] {logging_mixin.py:190} INFO - [2024-10-26T07:01:20.816+0000] {dag.py:4180} INFO - Setting next_dagrun for tutorial_taskflow_api to None, run_after=None
[2024-10-26T07:01:20.836+0000] {processor.py:208} INFO - Processing /home/airflow/.local/lib/python3.12/site-packages/airflow/example_dags/tutorial_taskflow_api.py took 0.090 seconds
[2024-10-26T07:01:51.845+0000] {processor.py:186} INFO - Started process (PID=73551) to work on /home/airflow/.local/lib/python3.12/site-packages/airflow/example_dags/tutorial_taskflow_api.py
[2024-10-26T07:01:51.847+0000] {processor.py:914} INFO - Processing file /home/airflow/.local/lib/python3.12/site-packages/airflow/example_dags/tutorial_taskflow_api.py for tasks to queue
[2024-10-26T07:01:51.848+0000] {logging_mixin.py:190} INFO - [2024-10-26T07:01:51.848+0000] {dagbag.py:588} INFO - Filling up the DagBag from /home/airflow/.local/lib/python3.12/site-packages/airflow/example_dags/tutorial_taskflow_api.py
[2024-10-26T07:01:51.857+0000] {processor.py:925} INFO - DAG(s) 'tutorial_taskflow_api' retrieved from /home/airflow/.local/lib/python3.12/site-packages/airflow/example_dags/tutorial_taskflow_api.py
[2024-10-26T07:01:51.875+0000] {logging_mixin.py:190} INFO - [2024-10-26T07:01:51.875+0000] {dag.py:3239} INFO - Sync 1 DAGs
[2024-10-26T07:01:51.887+0000] {logging_mixin.py:190} INFO - [2024-10-26T07:01:51.887+0000] {dag.py:4180} INFO - Setting next_dagrun for tutorial_taskflow_api to None, run_after=None
[2024-10-26T07:01:51.903+0000] {processor.py:208} INFO - Processing /home/airflow/.local/lib/python3.12/site-packages/airflow/example_dags/tutorial_taskflow_api.py took 0.067 seconds
[2024-10-26T07:02:22.309+0000] {processor.py:186} INFO - Started process (PID=73842) to work on /home/airflow/.local/lib/python3.12/site-packages/airflow/example_dags/tutorial_taskflow_api.py
[2024-10-26T07:02:22.310+0000] {processor.py:914} INFO - Processing file /home/airflow/.local/lib/python3.12/site-packages/airflow/example_dags/tutorial_taskflow_api.py for tasks to queue
[2024-10-26T07:02:22.314+0000] {logging_mixin.py:190} INFO - [2024-10-26T07:02:22.311+0000] {dagbag.py:588} INFO - Filling up the DagBag from /home/airflow/.local/lib/python3.12/site-packages/airflow/example_dags/tutorial_taskflow_api.py
[2024-10-26T07:02:22.323+0000] {processor.py:925} INFO - DAG(s) 'tutorial_taskflow_api' retrieved from /home/airflow/.local/lib/python3.12/site-packages/airflow/example_dags/tutorial_taskflow_api.py
[2024-10-26T07:02:22.351+0000] {logging_mixin.py:190} INFO - [2024-10-26T07:02:22.351+0000] {dag.py:3239} INFO - Sync 1 DAGs
[2024-10-26T07:02:22.366+0000] {logging_mixin.py:190} INFO - [2024-10-26T07:02:22.366+0000] {dag.py:4180} INFO - Setting next_dagrun for tutorial_taskflow_api to None, run_after=None
[2024-10-26T07:02:22.389+0000] {processor.py:208} INFO - Processing /home/airflow/.local/lib/python3.12/site-packages/airflow/example_dags/tutorial_taskflow_api.py took 0.088 seconds
[2024-10-26T07:02:53.209+0000] {processor.py:186} INFO - Started process (PID=74133) to work on /home/airflow/.local/lib/python3.12/site-packages/airflow/example_dags/tutorial_taskflow_api.py
[2024-10-26T07:02:53.210+0000] {processor.py:914} INFO - Processing file /home/airflow/.local/lib/python3.12/site-packages/airflow/example_dags/tutorial_taskflow_api.py for tasks to queue
[2024-10-26T07:02:53.212+0000] {logging_mixin.py:190} INFO - [2024-10-26T07:02:53.211+0000] {dagbag.py:588} INFO - Filling up the DagBag from /home/airflow/.local/lib/python3.12/site-packages/airflow/example_dags/tutorial_taskflow_api.py
[2024-10-26T07:02:53.221+0000] {processor.py:925} INFO - DAG(s) 'tutorial_taskflow_api' retrieved from /home/airflow/.local/lib/python3.12/site-packages/airflow/example_dags/tutorial_taskflow_api.py
[2024-10-26T07:02:53.236+0000] {logging_mixin.py:190} INFO - [2024-10-26T07:02:53.236+0000] {dag.py:3239} INFO - Sync 1 DAGs
[2024-10-26T07:02:53.247+0000] {logging_mixin.py:190} INFO - [2024-10-26T07:02:53.247+0000] {dag.py:4180} INFO - Setting next_dagrun for tutorial_taskflow_api to None, run_after=None
[2024-10-26T07:02:53.258+0000] {processor.py:208} INFO - Processing /home/airflow/.local/lib/python3.12/site-packages/airflow/example_dags/tutorial_taskflow_api.py took 0.055 seconds
[2024-10-26T07:03:23.485+0000] {processor.py:186} INFO - Started process (PID=74424) to work on /home/airflow/.local/lib/python3.12/site-packages/airflow/example_dags/tutorial_taskflow_api.py
[2024-10-26T07:03:23.487+0000] {processor.py:914} INFO - Processing file /home/airflow/.local/lib/python3.12/site-packages/airflow/example_dags/tutorial_taskflow_api.py for tasks to queue
[2024-10-26T07:03:23.491+0000] {logging_mixin.py:190} INFO - [2024-10-26T07:03:23.490+0000] {dagbag.py:588} INFO - Filling up the DagBag from /home/airflow/.local/lib/python3.12/site-packages/airflow/example_dags/tutorial_taskflow_api.py
[2024-10-26T07:03:23.504+0000] {processor.py:925} INFO - DAG(s) 'tutorial_taskflow_api' retrieved from /home/airflow/.local/lib/python3.12/site-packages/airflow/example_dags/tutorial_taskflow_api.py
[2024-10-26T07:03:23.550+0000] {logging_mixin.py:190} INFO - [2024-10-26T07:03:23.550+0000] {dag.py:3239} INFO - Sync 1 DAGs
[2024-10-26T07:03:23.574+0000] {logging_mixin.py:190} INFO - [2024-10-26T07:03:23.574+0000] {dag.py:4180} INFO - Setting next_dagrun for tutorial_taskflow_api to None, run_after=None
[2024-10-26T07:03:23.600+0000] {processor.py:208} INFO - Processing /home/airflow/.local/lib/python3.12/site-packages/airflow/example_dags/tutorial_taskflow_api.py took 0.130 seconds
[2024-10-26T07:03:54.571+0000] {processor.py:186} INFO - Started process (PID=74715) to work on /home/airflow/.local/lib/python3.12/site-packages/airflow/example_dags/tutorial_taskflow_api.py
[2024-10-26T07:03:54.575+0000] {processor.py:914} INFO - Processing file /home/airflow/.local/lib/python3.12/site-packages/airflow/example_dags/tutorial_taskflow_api.py for tasks to queue
[2024-10-26T07:03:54.577+0000] {logging_mixin.py:190} INFO - [2024-10-26T07:03:54.576+0000] {dagbag.py:588} INFO - Filling up the DagBag from /home/airflow/.local/lib/python3.12/site-packages/airflow/example_dags/tutorial_taskflow_api.py
[2024-10-26T07:03:54.592+0000] {processor.py:925} INFO - DAG(s) 'tutorial_taskflow_api' retrieved from /home/airflow/.local/lib/python3.12/site-packages/airflow/example_dags/tutorial_taskflow_api.py
[2024-10-26T07:03:54.613+0000] {logging_mixin.py:190} INFO - [2024-10-26T07:03:54.613+0000] {dag.py:3239} INFO - Sync 1 DAGs
[2024-10-26T07:03:54.626+0000] {logging_mixin.py:190} INFO - [2024-10-26T07:03:54.626+0000] {dag.py:4180} INFO - Setting next_dagrun for tutorial_taskflow_api to None, run_after=None
[2024-10-26T07:03:54.643+0000] {processor.py:208} INFO - Processing /home/airflow/.local/lib/python3.12/site-packages/airflow/example_dags/tutorial_taskflow_api.py took 0.084 seconds
[2024-10-26T07:04:24.881+0000] {processor.py:186} INFO - Started process (PID=75005) to work on /home/airflow/.local/lib/python3.12/site-packages/airflow/example_dags/tutorial_taskflow_api.py
[2024-10-26T07:04:24.882+0000] {processor.py:914} INFO - Processing file /home/airflow/.local/lib/python3.12/site-packages/airflow/example_dags/tutorial_taskflow_api.py for tasks to queue
[2024-10-26T07:04:24.884+0000] {logging_mixin.py:190} INFO - [2024-10-26T07:04:24.883+0000] {dagbag.py:588} INFO - Filling up the DagBag from /home/airflow/.local/lib/python3.12/site-packages/airflow/example_dags/tutorial_taskflow_api.py
[2024-10-26T07:04:24.891+0000] {processor.py:925} INFO - DAG(s) 'tutorial_taskflow_api' retrieved from /home/airflow/.local/lib/python3.12/site-packages/airflow/example_dags/tutorial_taskflow_api.py
[2024-10-26T07:04:24.907+0000] {logging_mixin.py:190} INFO - [2024-10-26T07:04:24.907+0000] {dag.py:3239} INFO - Sync 1 DAGs
[2024-10-26T07:04:24.916+0000] {logging_mixin.py:190} INFO - [2024-10-26T07:04:24.916+0000] {dag.py:4180} INFO - Setting next_dagrun for tutorial_taskflow_api to None, run_after=None
[2024-10-26T07:04:24.928+0000] {processor.py:208} INFO - Processing /home/airflow/.local/lib/python3.12/site-packages/airflow/example_dags/tutorial_taskflow_api.py took 0.057 seconds
[2024-10-26T07:04:55.158+0000] {processor.py:186} INFO - Started process (PID=75296) to work on /home/airflow/.local/lib/python3.12/site-packages/airflow/example_dags/tutorial_taskflow_api.py
[2024-10-26T07:04:55.160+0000] {processor.py:914} INFO - Processing file /home/airflow/.local/lib/python3.12/site-packages/airflow/example_dags/tutorial_taskflow_api.py for tasks to queue
[2024-10-26T07:04:55.161+0000] {logging_mixin.py:190} INFO - [2024-10-26T07:04:55.160+0000] {dagbag.py:588} INFO - Filling up the DagBag from /home/airflow/.local/lib/python3.12/site-packages/airflow/example_dags/tutorial_taskflow_api.py
[2024-10-26T07:04:55.168+0000] {processor.py:925} INFO - DAG(s) 'tutorial_taskflow_api' retrieved from /home/airflow/.local/lib/python3.12/site-packages/airflow/example_dags/tutorial_taskflow_api.py
[2024-10-26T07:04:55.188+0000] {logging_mixin.py:190} INFO - [2024-10-26T07:04:55.187+0000] {dag.py:3239} INFO - Sync 1 DAGs
[2024-10-26T07:04:55.197+0000] {logging_mixin.py:190} INFO - [2024-10-26T07:04:55.197+0000] {dag.py:4180} INFO - Setting next_dagrun for tutorial_taskflow_api to None, run_after=None
[2024-10-26T07:04:55.213+0000] {processor.py:208} INFO - Processing /home/airflow/.local/lib/python3.12/site-packages/airflow/example_dags/tutorial_taskflow_api.py took 0.061 seconds
[2024-10-26T07:05:26.088+0000] {processor.py:186} INFO - Started process (PID=75590) to work on /home/airflow/.local/lib/python3.12/site-packages/airflow/example_dags/tutorial_taskflow_api.py
[2024-10-26T07:05:26.089+0000] {processor.py:914} INFO - Processing file /home/airflow/.local/lib/python3.12/site-packages/airflow/example_dags/tutorial_taskflow_api.py for tasks to queue
[2024-10-26T07:05:26.090+0000] {logging_mixin.py:190} INFO - [2024-10-26T07:05:26.090+0000] {dagbag.py:588} INFO - Filling up the DagBag from /home/airflow/.local/lib/python3.12/site-packages/airflow/example_dags/tutorial_taskflow_api.py
[2024-10-26T07:05:26.097+0000] {processor.py:925} INFO - DAG(s) 'tutorial_taskflow_api' retrieved from /home/airflow/.local/lib/python3.12/site-packages/airflow/example_dags/tutorial_taskflow_api.py
[2024-10-26T07:05:26.118+0000] {logging_mixin.py:190} INFO - [2024-10-26T07:05:26.118+0000] {dag.py:3239} INFO - Sync 1 DAGs
[2024-10-26T07:05:26.139+0000] {logging_mixin.py:190} INFO - [2024-10-26T07:05:26.138+0000] {dag.py:4180} INFO - Setting next_dagrun for tutorial_taskflow_api to None, run_after=None
[2024-10-26T07:05:26.174+0000] {processor.py:208} INFO - Processing /home/airflow/.local/lib/python3.12/site-packages/airflow/example_dags/tutorial_taskflow_api.py took 0.092 seconds
[2024-10-26T07:05:56.953+0000] {processor.py:186} INFO - Started process (PID=75880) to work on /home/airflow/.local/lib/python3.12/site-packages/airflow/example_dags/tutorial_taskflow_api.py
[2024-10-26T07:05:56.957+0000] {processor.py:914} INFO - Processing file /home/airflow/.local/lib/python3.12/site-packages/airflow/example_dags/tutorial_taskflow_api.py for tasks to queue
[2024-10-26T07:05:56.960+0000] {logging_mixin.py:190} INFO - [2024-10-26T07:05:56.959+0000] {dagbag.py:588} INFO - Filling up the DagBag from /home/airflow/.local/lib/python3.12/site-packages/airflow/example_dags/tutorial_taskflow_api.py
[2024-10-26T07:05:56.966+0000] {processor.py:925} INFO - DAG(s) 'tutorial_taskflow_api' retrieved from /home/airflow/.local/lib/python3.12/site-packages/airflow/example_dags/tutorial_taskflow_api.py
[2024-10-26T07:05:56.980+0000] {logging_mixin.py:190} INFO - [2024-10-26T07:05:56.979+0000] {dag.py:3239} INFO - Sync 1 DAGs
[2024-10-26T07:05:56.990+0000] {logging_mixin.py:190} INFO - [2024-10-26T07:05:56.989+0000] {dag.py:4180} INFO - Setting next_dagrun for tutorial_taskflow_api to None, run_after=None
[2024-10-26T07:05:57.001+0000] {processor.py:208} INFO - Processing /home/airflow/.local/lib/python3.12/site-packages/airflow/example_dags/tutorial_taskflow_api.py took 0.053 seconds
[2024-10-26T07:06:27.299+0000] {processor.py:186} INFO - Started process (PID=76171) to work on /home/airflow/.local/lib/python3.12/site-packages/airflow/example_dags/tutorial_taskflow_api.py
[2024-10-26T07:06:27.301+0000] {processor.py:914} INFO - Processing file /home/airflow/.local/lib/python3.12/site-packages/airflow/example_dags/tutorial_taskflow_api.py for tasks to queue
[2024-10-26T07:06:27.306+0000] {logging_mixin.py:190} INFO - [2024-10-26T07:06:27.305+0000] {dagbag.py:588} INFO - Filling up the DagBag from /home/airflow/.local/lib/python3.12/site-packages/airflow/example_dags/tutorial_taskflow_api.py
[2024-10-26T07:06:27.312+0000] {processor.py:925} INFO - DAG(s) 'tutorial_taskflow_api' retrieved from /home/airflow/.local/lib/python3.12/site-packages/airflow/example_dags/tutorial_taskflow_api.py
[2024-10-26T07:06:27.324+0000] {logging_mixin.py:190} INFO - [2024-10-26T07:06:27.324+0000] {dag.py:3239} INFO - Sync 1 DAGs
[2024-10-26T07:06:27.331+0000] {logging_mixin.py:190} INFO - [2024-10-26T07:06:27.331+0000] {dag.py:4180} INFO - Setting next_dagrun for tutorial_taskflow_api to None, run_after=None
[2024-10-26T07:06:27.340+0000] {processor.py:208} INFO - Processing /home/airflow/.local/lib/python3.12/site-packages/airflow/example_dags/tutorial_taskflow_api.py took 0.044 seconds
[2024-10-26T07:06:57.660+0000] {processor.py:186} INFO - Started process (PID=76462) to work on /home/airflow/.local/lib/python3.12/site-packages/airflow/example_dags/tutorial_taskflow_api.py
[2024-10-26T07:06:57.663+0000] {processor.py:914} INFO - Processing file /home/airflow/.local/lib/python3.12/site-packages/airflow/example_dags/tutorial_taskflow_api.py for tasks to queue
[2024-10-26T07:06:57.663+0000] {logging_mixin.py:190} INFO - [2024-10-26T07:06:57.663+0000] {dagbag.py:588} INFO - Filling up the DagBag from /home/airflow/.local/lib/python3.12/site-packages/airflow/example_dags/tutorial_taskflow_api.py
[2024-10-26T07:06:57.668+0000] {processor.py:925} INFO - DAG(s) 'tutorial_taskflow_api' retrieved from /home/airflow/.local/lib/python3.12/site-packages/airflow/example_dags/tutorial_taskflow_api.py
[2024-10-26T07:06:57.683+0000] {logging_mixin.py:190} INFO - [2024-10-26T07:06:57.683+0000] {dag.py:3239} INFO - Sync 1 DAGs
[2024-10-26T07:06:57.692+0000] {logging_mixin.py:190} INFO - [2024-10-26T07:06:57.692+0000] {dag.py:4180} INFO - Setting next_dagrun for tutorial_taskflow_api to None, run_after=None
[2024-10-26T07:06:57.704+0000] {processor.py:208} INFO - Processing /home/airflow/.local/lib/python3.12/site-packages/airflow/example_dags/tutorial_taskflow_api.py took 0.048 seconds
[2024-10-26T07:07:28.144+0000] {processor.py:186} INFO - Started process (PID=76753) to work on /home/airflow/.local/lib/python3.12/site-packages/airflow/example_dags/tutorial_taskflow_api.py
[2024-10-26T07:07:28.146+0000] {processor.py:914} INFO - Processing file /home/airflow/.local/lib/python3.12/site-packages/airflow/example_dags/tutorial_taskflow_api.py for tasks to queue
[2024-10-26T07:07:28.146+0000] {logging_mixin.py:190} INFO - [2024-10-26T07:07:28.146+0000] {dagbag.py:588} INFO - Filling up the DagBag from /home/airflow/.local/lib/python3.12/site-packages/airflow/example_dags/tutorial_taskflow_api.py
[2024-10-26T07:07:28.153+0000] {processor.py:925} INFO - DAG(s) 'tutorial_taskflow_api' retrieved from /home/airflow/.local/lib/python3.12/site-packages/airflow/example_dags/tutorial_taskflow_api.py
[2024-10-26T07:07:28.164+0000] {logging_mixin.py:190} INFO - [2024-10-26T07:07:28.164+0000] {dag.py:3239} INFO - Sync 1 DAGs
[2024-10-26T07:07:28.171+0000] {logging_mixin.py:190} INFO - [2024-10-26T07:07:28.171+0000] {dag.py:4180} INFO - Setting next_dagrun for tutorial_taskflow_api to None, run_after=None
[2024-10-26T07:07:28.181+0000] {processor.py:208} INFO - Processing /home/airflow/.local/lib/python3.12/site-packages/airflow/example_dags/tutorial_taskflow_api.py took 0.041 seconds
[2024-10-26T07:07:59.239+0000] {processor.py:186} INFO - Started process (PID=77046) to work on /home/airflow/.local/lib/python3.12/site-packages/airflow/example_dags/tutorial_taskflow_api.py
[2024-10-26T07:07:59.240+0000] {processor.py:914} INFO - Processing file /home/airflow/.local/lib/python3.12/site-packages/airflow/example_dags/tutorial_taskflow_api.py for tasks to queue
[2024-10-26T07:07:59.241+0000] {logging_mixin.py:190} INFO - [2024-10-26T07:07:59.240+0000] {dagbag.py:588} INFO - Filling up the DagBag from /home/airflow/.local/lib/python3.12/site-packages/airflow/example_dags/tutorial_taskflow_api.py
[2024-10-26T07:07:59.245+0000] {processor.py:925} INFO - DAG(s) 'tutorial_taskflow_api' retrieved from /home/airflow/.local/lib/python3.12/site-packages/airflow/example_dags/tutorial_taskflow_api.py
[2024-10-26T07:07:59.256+0000] {logging_mixin.py:190} INFO - [2024-10-26T07:07:59.256+0000] {dag.py:3239} INFO - Sync 1 DAGs
[2024-10-26T07:07:59.265+0000] {logging_mixin.py:190} INFO - [2024-10-26T07:07:59.265+0000] {dag.py:4180} INFO - Setting next_dagrun for tutorial_taskflow_api to None, run_after=None
[2024-10-26T07:07:59.275+0000] {processor.py:208} INFO - Processing /home/airflow/.local/lib/python3.12/site-packages/airflow/example_dags/tutorial_taskflow_api.py took 0.039 seconds
[2024-10-26T07:08:29.935+0000] {processor.py:186} INFO - Started process (PID=77335) to work on /home/airflow/.local/lib/python3.12/site-packages/airflow/example_dags/tutorial_taskflow_api.py
[2024-10-26T07:08:29.936+0000] {processor.py:914} INFO - Processing file /home/airflow/.local/lib/python3.12/site-packages/airflow/example_dags/tutorial_taskflow_api.py for tasks to queue
[2024-10-26T07:08:29.936+0000] {logging_mixin.py:190} INFO - [2024-10-26T07:08:29.936+0000] {dagbag.py:588} INFO - Filling up the DagBag from /home/airflow/.local/lib/python3.12/site-packages/airflow/example_dags/tutorial_taskflow_api.py
[2024-10-26T07:08:29.941+0000] {processor.py:925} INFO - DAG(s) 'tutorial_taskflow_api' retrieved from /home/airflow/.local/lib/python3.12/site-packages/airflow/example_dags/tutorial_taskflow_api.py
[2024-10-26T07:08:29.953+0000] {logging_mixin.py:190} INFO - [2024-10-26T07:08:29.953+0000] {dag.py:3239} INFO - Sync 1 DAGs
[2024-10-26T07:08:29.962+0000] {logging_mixin.py:190} INFO - [2024-10-26T07:08:29.961+0000] {dag.py:4180} INFO - Setting next_dagrun for tutorial_taskflow_api to None, run_after=None
[2024-10-26T07:08:29.971+0000] {processor.py:208} INFO - Processing /home/airflow/.local/lib/python3.12/site-packages/airflow/example_dags/tutorial_taskflow_api.py took 0.039 seconds
[2024-10-26T07:09:00.906+0000] {processor.py:186} INFO - Started process (PID=77626) to work on /home/airflow/.local/lib/python3.12/site-packages/airflow/example_dags/tutorial_taskflow_api.py
[2024-10-26T07:09:00.906+0000] {processor.py:914} INFO - Processing file /home/airflow/.local/lib/python3.12/site-packages/airflow/example_dags/tutorial_taskflow_api.py for tasks to queue
[2024-10-26T07:09:00.907+0000] {logging_mixin.py:190} INFO - [2024-10-26T07:09:00.907+0000] {dagbag.py:588} INFO - Filling up the DagBag from /home/airflow/.local/lib/python3.12/site-packages/airflow/example_dags/tutorial_taskflow_api.py
[2024-10-26T07:09:00.912+0000] {processor.py:925} INFO - DAG(s) 'tutorial_taskflow_api' retrieved from /home/airflow/.local/lib/python3.12/site-packages/airflow/example_dags/tutorial_taskflow_api.py
[2024-10-26T07:09:00.927+0000] {logging_mixin.py:190} INFO - [2024-10-26T07:09:00.927+0000] {dag.py:3239} INFO - Sync 1 DAGs
[2024-10-26T07:09:00.940+0000] {logging_mixin.py:190} INFO - [2024-10-26T07:09:00.940+0000] {dag.py:4180} INFO - Setting next_dagrun for tutorial_taskflow_api to None, run_after=None
[2024-10-26T07:09:00.955+0000] {processor.py:208} INFO - Processing /home/airflow/.local/lib/python3.12/site-packages/airflow/example_dags/tutorial_taskflow_api.py took 0.052 seconds
[2024-10-26T07:09:31.284+0000] {processor.py:186} INFO - Started process (PID=77919) to work on /home/airflow/.local/lib/python3.12/site-packages/airflow/example_dags/tutorial_taskflow_api.py
[2024-10-26T07:09:31.284+0000] {processor.py:914} INFO - Processing file /home/airflow/.local/lib/python3.12/site-packages/airflow/example_dags/tutorial_taskflow_api.py for tasks to queue
[2024-10-26T07:09:31.285+0000] {logging_mixin.py:190} INFO - [2024-10-26T07:09:31.285+0000] {dagbag.py:588} INFO - Filling up the DagBag from /home/airflow/.local/lib/python3.12/site-packages/airflow/example_dags/tutorial_taskflow_api.py
[2024-10-26T07:09:31.289+0000] {processor.py:925} INFO - DAG(s) 'tutorial_taskflow_api' retrieved from /home/airflow/.local/lib/python3.12/site-packages/airflow/example_dags/tutorial_taskflow_api.py
[2024-10-26T07:09:31.301+0000] {logging_mixin.py:190} INFO - [2024-10-26T07:09:31.301+0000] {dag.py:3239} INFO - Sync 1 DAGs
[2024-10-26T07:09:31.308+0000] {logging_mixin.py:190} INFO - [2024-10-26T07:09:31.308+0000] {dag.py:4180} INFO - Setting next_dagrun for tutorial_taskflow_api to None, run_after=None
[2024-10-26T07:09:31.319+0000] {processor.py:208} INFO - Processing /home/airflow/.local/lib/python3.12/site-packages/airflow/example_dags/tutorial_taskflow_api.py took 0.040 seconds
[2024-10-26T07:10:02.430+0000] {processor.py:186} INFO - Started process (PID=78208) to work on /home/airflow/.local/lib/python3.12/site-packages/airflow/example_dags/tutorial_taskflow_api.py
[2024-10-26T07:10:02.431+0000] {processor.py:914} INFO - Processing file /home/airflow/.local/lib/python3.12/site-packages/airflow/example_dags/tutorial_taskflow_api.py for tasks to queue
[2024-10-26T07:10:02.433+0000] {logging_mixin.py:190} INFO - [2024-10-26T07:10:02.433+0000] {dagbag.py:588} INFO - Filling up the DagBag from /home/airflow/.local/lib/python3.12/site-packages/airflow/example_dags/tutorial_taskflow_api.py
[2024-10-26T07:10:02.438+0000] {processor.py:925} INFO - DAG(s) 'tutorial_taskflow_api' retrieved from /home/airflow/.local/lib/python3.12/site-packages/airflow/example_dags/tutorial_taskflow_api.py
[2024-10-26T07:10:02.457+0000] {logging_mixin.py:190} INFO - [2024-10-26T07:10:02.457+0000] {dag.py:3239} INFO - Sync 1 DAGs
[2024-10-26T07:10:02.465+0000] {logging_mixin.py:190} INFO - [2024-10-26T07:10:02.465+0000] {dag.py:4180} INFO - Setting next_dagrun for tutorial_taskflow_api to None, run_after=None
[2024-10-26T07:10:02.474+0000] {processor.py:208} INFO - Processing /home/airflow/.local/lib/python3.12/site-packages/airflow/example_dags/tutorial_taskflow_api.py took 0.048 seconds
[2024-10-26T07:10:34.099+0000] {processor.py:186} INFO - Started process (PID=78505) to work on /home/airflow/.local/lib/python3.12/site-packages/airflow/example_dags/tutorial_taskflow_api.py
[2024-10-26T07:10:34.100+0000] {processor.py:914} INFO - Processing file /home/airflow/.local/lib/python3.12/site-packages/airflow/example_dags/tutorial_taskflow_api.py for tasks to queue
[2024-10-26T07:10:34.100+0000] {logging_mixin.py:190} INFO - [2024-10-26T07:10:34.100+0000] {dagbag.py:588} INFO - Filling up the DagBag from /home/airflow/.local/lib/python3.12/site-packages/airflow/example_dags/tutorial_taskflow_api.py
[2024-10-26T07:10:34.105+0000] {processor.py:925} INFO - DAG(s) 'tutorial_taskflow_api' retrieved from /home/airflow/.local/lib/python3.12/site-packages/airflow/example_dags/tutorial_taskflow_api.py
[2024-10-26T07:10:34.116+0000] {logging_mixin.py:190} INFO - [2024-10-26T07:10:34.115+0000] {dag.py:3239} INFO - Sync 1 DAGs
[2024-10-26T07:10:34.123+0000] {logging_mixin.py:190} INFO - [2024-10-26T07:10:34.123+0000] {dag.py:4180} INFO - Setting next_dagrun for tutorial_taskflow_api to None, run_after=None
[2024-10-26T07:10:34.136+0000] {processor.py:208} INFO - Processing /home/airflow/.local/lib/python3.12/site-packages/airflow/example_dags/tutorial_taskflow_api.py took 0.041 seconds
[2024-10-26T07:11:05.807+0000] {processor.py:186} INFO - Started process (PID=78801) to work on /home/airflow/.local/lib/python3.12/site-packages/airflow/example_dags/tutorial_taskflow_api.py
[2024-10-26T07:11:05.808+0000] {processor.py:914} INFO - Processing file /home/airflow/.local/lib/python3.12/site-packages/airflow/example_dags/tutorial_taskflow_api.py for tasks to queue
[2024-10-26T07:11:05.809+0000] {logging_mixin.py:190} INFO - [2024-10-26T07:11:05.808+0000] {dagbag.py:588} INFO - Filling up the DagBag from /home/airflow/.local/lib/python3.12/site-packages/airflow/example_dags/tutorial_taskflow_api.py
[2024-10-26T07:11:05.814+0000] {processor.py:925} INFO - DAG(s) 'tutorial_taskflow_api' retrieved from /home/airflow/.local/lib/python3.12/site-packages/airflow/example_dags/tutorial_taskflow_api.py
[2024-10-26T07:11:05.829+0000] {logging_mixin.py:190} INFO - [2024-10-26T07:11:05.829+0000] {dag.py:3239} INFO - Sync 1 DAGs
[2024-10-26T07:11:05.836+0000] {logging_mixin.py:190} INFO - [2024-10-26T07:11:05.836+0000] {dag.py:4180} INFO - Setting next_dagrun for tutorial_taskflow_api to None, run_after=None
[2024-10-26T07:11:05.849+0000] {processor.py:208} INFO - Processing /home/airflow/.local/lib/python3.12/site-packages/airflow/example_dags/tutorial_taskflow_api.py took 0.046 seconds
[2024-10-26T07:11:36.122+0000] {processor.py:186} INFO - Started process (PID=79092) to work on /home/airflow/.local/lib/python3.12/site-packages/airflow/example_dags/tutorial_taskflow_api.py
[2024-10-26T07:11:36.122+0000] {processor.py:914} INFO - Processing file /home/airflow/.local/lib/python3.12/site-packages/airflow/example_dags/tutorial_taskflow_api.py for tasks to queue
[2024-10-26T07:11:36.123+0000] {logging_mixin.py:190} INFO - [2024-10-26T07:11:36.123+0000] {dagbag.py:588} INFO - Filling up the DagBag from /home/airflow/.local/lib/python3.12/site-packages/airflow/example_dags/tutorial_taskflow_api.py
[2024-10-26T07:11:36.128+0000] {processor.py:925} INFO - DAG(s) 'tutorial_taskflow_api' retrieved from /home/airflow/.local/lib/python3.12/site-packages/airflow/example_dags/tutorial_taskflow_api.py
[2024-10-26T07:11:36.138+0000] {logging_mixin.py:190} INFO - [2024-10-26T07:11:36.138+0000] {dag.py:3239} INFO - Sync 1 DAGs
[2024-10-26T07:11:36.146+0000] {logging_mixin.py:190} INFO - [2024-10-26T07:11:36.146+0000] {dag.py:4180} INFO - Setting next_dagrun for tutorial_taskflow_api to None, run_after=None
[2024-10-26T07:11:36.157+0000] {processor.py:208} INFO - Processing /home/airflow/.local/lib/python3.12/site-packages/airflow/example_dags/tutorial_taskflow_api.py took 0.039 seconds
[2024-10-26T07:12:06.954+0000] {processor.py:186} INFO - Started process (PID=79383) to work on /home/airflow/.local/lib/python3.12/site-packages/airflow/example_dags/tutorial_taskflow_api.py
[2024-10-26T07:12:06.954+0000] {processor.py:914} INFO - Processing file /home/airflow/.local/lib/python3.12/site-packages/airflow/example_dags/tutorial_taskflow_api.py for tasks to queue
[2024-10-26T07:12:06.955+0000] {logging_mixin.py:190} INFO - [2024-10-26T07:12:06.955+0000] {dagbag.py:588} INFO - Filling up the DagBag from /home/airflow/.local/lib/python3.12/site-packages/airflow/example_dags/tutorial_taskflow_api.py
[2024-10-26T07:12:06.959+0000] {processor.py:925} INFO - DAG(s) 'tutorial_taskflow_api' retrieved from /home/airflow/.local/lib/python3.12/site-packages/airflow/example_dags/tutorial_taskflow_api.py
[2024-10-26T07:12:06.970+0000] {logging_mixin.py:190} INFO - [2024-10-26T07:12:06.970+0000] {dag.py:3239} INFO - Sync 1 DAGs
[2024-10-26T07:12:06.977+0000] {logging_mixin.py:190} INFO - [2024-10-26T07:12:06.977+0000] {dag.py:4180} INFO - Setting next_dagrun for tutorial_taskflow_api to None, run_after=None
[2024-10-26T07:12:06.995+0000] {processor.py:208} INFO - Processing /home/airflow/.local/lib/python3.12/site-packages/airflow/example_dags/tutorial_taskflow_api.py took 0.045 seconds
[2024-10-26T07:12:37.797+0000] {processor.py:186} INFO - Started process (PID=79674) to work on /home/airflow/.local/lib/python3.12/site-packages/airflow/example_dags/tutorial_taskflow_api.py
[2024-10-26T07:12:37.800+0000] {processor.py:914} INFO - Processing file /home/airflow/.local/lib/python3.12/site-packages/airflow/example_dags/tutorial_taskflow_api.py for tasks to queue
[2024-10-26T07:12:37.803+0000] {logging_mixin.py:190} INFO - [2024-10-26T07:12:37.802+0000] {dagbag.py:588} INFO - Filling up the DagBag from /home/airflow/.local/lib/python3.12/site-packages/airflow/example_dags/tutorial_taskflow_api.py
[2024-10-26T07:12:37.814+0000] {processor.py:925} INFO - DAG(s) 'tutorial_taskflow_api' retrieved from /home/airflow/.local/lib/python3.12/site-packages/airflow/example_dags/tutorial_taskflow_api.py
[2024-10-26T07:12:37.845+0000] {logging_mixin.py:190} INFO - [2024-10-26T07:12:37.844+0000] {dag.py:3239} INFO - Sync 1 DAGs
[2024-10-26T07:12:37.876+0000] {logging_mixin.py:190} INFO - [2024-10-26T07:12:37.876+0000] {dag.py:4180} INFO - Setting next_dagrun for tutorial_taskflow_api to None, run_after=None
[2024-10-26T07:12:37.910+0000] {processor.py:208} INFO - Processing /home/airflow/.local/lib/python3.12/site-packages/airflow/example_dags/tutorial_taskflow_api.py took 0.118 seconds
[2024-10-26T07:13:09.067+0000] {processor.py:186} INFO - Started process (PID=79964) to work on /home/airflow/.local/lib/python3.12/site-packages/airflow/example_dags/tutorial_taskflow_api.py
[2024-10-26T07:13:09.068+0000] {processor.py:914} INFO - Processing file /home/airflow/.local/lib/python3.12/site-packages/airflow/example_dags/tutorial_taskflow_api.py for tasks to queue
[2024-10-26T07:13:09.069+0000] {logging_mixin.py:190} INFO - [2024-10-26T07:13:09.069+0000] {dagbag.py:588} INFO - Filling up the DagBag from /home/airflow/.local/lib/python3.12/site-packages/airflow/example_dags/tutorial_taskflow_api.py
[2024-10-26T07:13:09.074+0000] {processor.py:925} INFO - DAG(s) 'tutorial_taskflow_api' retrieved from /home/airflow/.local/lib/python3.12/site-packages/airflow/example_dags/tutorial_taskflow_api.py
[2024-10-26T07:13:09.085+0000] {logging_mixin.py:190} INFO - [2024-10-26T07:13:09.085+0000] {dag.py:3239} INFO - Sync 1 DAGs
[2024-10-26T07:13:09.093+0000] {logging_mixin.py:190} INFO - [2024-10-26T07:13:09.093+0000] {dag.py:4180} INFO - Setting next_dagrun for tutorial_taskflow_api to None, run_after=None
[2024-10-26T07:13:09.106+0000] {processor.py:208} INFO - Processing /home/airflow/.local/lib/python3.12/site-packages/airflow/example_dags/tutorial_taskflow_api.py took 0.043 seconds
[2024-10-26T07:13:39.722+0000] {processor.py:186} INFO - Started process (PID=80255) to work on /home/airflow/.local/lib/python3.12/site-packages/airflow/example_dags/tutorial_taskflow_api.py
[2024-10-26T07:13:39.723+0000] {processor.py:914} INFO - Processing file /home/airflow/.local/lib/python3.12/site-packages/airflow/example_dags/tutorial_taskflow_api.py for tasks to queue
[2024-10-26T07:13:39.724+0000] {logging_mixin.py:190} INFO - [2024-10-26T07:13:39.723+0000] {dagbag.py:588} INFO - Filling up the DagBag from /home/airflow/.local/lib/python3.12/site-packages/airflow/example_dags/tutorial_taskflow_api.py
[2024-10-26T07:13:39.729+0000] {processor.py:925} INFO - DAG(s) 'tutorial_taskflow_api' retrieved from /home/airflow/.local/lib/python3.12/site-packages/airflow/example_dags/tutorial_taskflow_api.py
[2024-10-26T07:13:39.740+0000] {logging_mixin.py:190} INFO - [2024-10-26T07:13:39.740+0000] {dag.py:3239} INFO - Sync 1 DAGs
[2024-10-26T07:13:39.748+0000] {logging_mixin.py:190} INFO - [2024-10-26T07:13:39.748+0000] {dag.py:4180} INFO - Setting next_dagrun for tutorial_taskflow_api to None, run_after=None
[2024-10-26T07:13:39.762+0000] {processor.py:208} INFO - Processing /home/airflow/.local/lib/python3.12/site-packages/airflow/example_dags/tutorial_taskflow_api.py took 0.043 seconds
[2024-10-26T07:14:10.961+0000] {processor.py:186} INFO - Started process (PID=80546) to work on /home/airflow/.local/lib/python3.12/site-packages/airflow/example_dags/tutorial_taskflow_api.py
[2024-10-26T07:14:10.962+0000] {processor.py:914} INFO - Processing file /home/airflow/.local/lib/python3.12/site-packages/airflow/example_dags/tutorial_taskflow_api.py for tasks to queue
[2024-10-26T07:14:10.964+0000] {logging_mixin.py:190} INFO - [2024-10-26T07:14:10.964+0000] {dagbag.py:588} INFO - Filling up the DagBag from /home/airflow/.local/lib/python3.12/site-packages/airflow/example_dags/tutorial_taskflow_api.py
[2024-10-26T07:14:10.970+0000] {processor.py:925} INFO - DAG(s) 'tutorial_taskflow_api' retrieved from /home/airflow/.local/lib/python3.12/site-packages/airflow/example_dags/tutorial_taskflow_api.py
[2024-10-26T07:14:10.984+0000] {logging_mixin.py:190} INFO - [2024-10-26T07:14:10.983+0000] {dag.py:3239} INFO - Sync 1 DAGs
[2024-10-26T07:14:11.094+0000] {logging_mixin.py:190} INFO - [2024-10-26T07:14:11.094+0000] {dag.py:4180} INFO - Setting next_dagrun for tutorial_taskflow_api to None, run_after=None
[2024-10-26T07:14:11.103+0000] {processor.py:208} INFO - Processing /home/airflow/.local/lib/python3.12/site-packages/airflow/example_dags/tutorial_taskflow_api.py took 0.145 seconds
[2024-10-26T07:14:42.744+0000] {processor.py:186} INFO - Started process (PID=80837) to work on /home/airflow/.local/lib/python3.12/site-packages/airflow/example_dags/tutorial_taskflow_api.py
[2024-10-26T07:14:42.746+0000] {processor.py:914} INFO - Processing file /home/airflow/.local/lib/python3.12/site-packages/airflow/example_dags/tutorial_taskflow_api.py for tasks to queue
[2024-10-26T07:14:42.746+0000] {logging_mixin.py:190} INFO - [2024-10-26T07:14:42.746+0000] {dagbag.py:588} INFO - Filling up the DagBag from /home/airflow/.local/lib/python3.12/site-packages/airflow/example_dags/tutorial_taskflow_api.py
[2024-10-26T07:14:42.751+0000] {processor.py:925} INFO - DAG(s) 'tutorial_taskflow_api' retrieved from /home/airflow/.local/lib/python3.12/site-packages/airflow/example_dags/tutorial_taskflow_api.py
[2024-10-26T07:14:42.762+0000] {logging_mixin.py:190} INFO - [2024-10-26T07:14:42.762+0000] {dag.py:3239} INFO - Sync 1 DAGs
[2024-10-26T07:14:42.770+0000] {logging_mixin.py:190} INFO - [2024-10-26T07:14:42.770+0000] {dag.py:4180} INFO - Setting next_dagrun for tutorial_taskflow_api to None, run_after=None
[2024-10-26T07:14:42.887+0000] {processor.py:208} INFO - Processing /home/airflow/.local/lib/python3.12/site-packages/airflow/example_dags/tutorial_taskflow_api.py took 0.146 seconds
[2024-10-26T07:15:13.570+0000] {processor.py:186} INFO - Started process (PID=81130) to work on /home/airflow/.local/lib/python3.12/site-packages/airflow/example_dags/tutorial_taskflow_api.py
[2024-10-26T07:15:13.571+0000] {processor.py:914} INFO - Processing file /home/airflow/.local/lib/python3.12/site-packages/airflow/example_dags/tutorial_taskflow_api.py for tasks to queue
[2024-10-26T07:15:13.572+0000] {logging_mixin.py:190} INFO - [2024-10-26T07:15:13.572+0000] {dagbag.py:588} INFO - Filling up the DagBag from /home/airflow/.local/lib/python3.12/site-packages/airflow/example_dags/tutorial_taskflow_api.py
[2024-10-26T07:15:13.577+0000] {processor.py:925} INFO - DAG(s) 'tutorial_taskflow_api' retrieved from /home/airflow/.local/lib/python3.12/site-packages/airflow/example_dags/tutorial_taskflow_api.py
[2024-10-26T07:15:13.597+0000] {logging_mixin.py:190} INFO - [2024-10-26T07:15:13.596+0000] {dag.py:3239} INFO - Sync 1 DAGs
[2024-10-26T07:15:13.607+0000] {logging_mixin.py:190} INFO - [2024-10-26T07:15:13.607+0000] {dag.py:4180} INFO - Setting next_dagrun for tutorial_taskflow_api to None, run_after=None
[2024-10-26T07:15:13.621+0000] {processor.py:208} INFO - Processing /home/airflow/.local/lib/python3.12/site-packages/airflow/example_dags/tutorial_taskflow_api.py took 0.055 seconds
[2024-10-26T07:15:43.808+0000] {processor.py:186} INFO - Started process (PID=81419) to work on /home/airflow/.local/lib/python3.12/site-packages/airflow/example_dags/tutorial_taskflow_api.py
[2024-10-26T07:15:43.809+0000] {processor.py:914} INFO - Processing file /home/airflow/.local/lib/python3.12/site-packages/airflow/example_dags/tutorial_taskflow_api.py for tasks to queue
[2024-10-26T07:15:43.810+0000] {logging_mixin.py:190} INFO - [2024-10-26T07:15:43.810+0000] {dagbag.py:588} INFO - Filling up the DagBag from /home/airflow/.local/lib/python3.12/site-packages/airflow/example_dags/tutorial_taskflow_api.py
[2024-10-26T07:15:43.814+0000] {processor.py:925} INFO - DAG(s) 'tutorial_taskflow_api' retrieved from /home/airflow/.local/lib/python3.12/site-packages/airflow/example_dags/tutorial_taskflow_api.py
[2024-10-26T07:15:43.825+0000] {logging_mixin.py:190} INFO - [2024-10-26T07:15:43.825+0000] {dag.py:3239} INFO - Sync 1 DAGs
[2024-10-26T07:15:43.832+0000] {logging_mixin.py:190} INFO - [2024-10-26T07:15:43.832+0000] {dag.py:4180} INFO - Setting next_dagrun for tutorial_taskflow_api to None, run_after=None
[2024-10-26T07:15:43.841+0000] {processor.py:208} INFO - Processing /home/airflow/.local/lib/python3.12/site-packages/airflow/example_dags/tutorial_taskflow_api.py took 0.038 seconds
[2024-10-26T07:16:15.213+0000] {processor.py:186} INFO - Started process (PID=81712) to work on /home/airflow/.local/lib/python3.12/site-packages/airflow/example_dags/tutorial_taskflow_api.py
[2024-10-26T07:16:15.214+0000] {processor.py:914} INFO - Processing file /home/airflow/.local/lib/python3.12/site-packages/airflow/example_dags/tutorial_taskflow_api.py for tasks to queue
[2024-10-26T07:16:15.214+0000] {logging_mixin.py:190} INFO - [2024-10-26T07:16:15.214+0000] {dagbag.py:588} INFO - Filling up the DagBag from /home/airflow/.local/lib/python3.12/site-packages/airflow/example_dags/tutorial_taskflow_api.py
[2024-10-26T07:16:15.219+0000] {processor.py:925} INFO - DAG(s) 'tutorial_taskflow_api' retrieved from /home/airflow/.local/lib/python3.12/site-packages/airflow/example_dags/tutorial_taskflow_api.py
[2024-10-26T07:16:15.239+0000] {logging_mixin.py:190} INFO - [2024-10-26T07:16:15.239+0000] {dag.py:3239} INFO - Sync 1 DAGs
[2024-10-26T07:16:15.248+0000] {logging_mixin.py:190} INFO - [2024-10-26T07:16:15.248+0000] {dag.py:4180} INFO - Setting next_dagrun for tutorial_taskflow_api to None, run_after=None
[2024-10-26T07:16:15.256+0000] {processor.py:208} INFO - Processing /home/airflow/.local/lib/python3.12/site-packages/airflow/example_dags/tutorial_taskflow_api.py took 0.048 seconds
[2024-10-26T07:16:46.223+0000] {processor.py:186} INFO - Started process (PID=82003) to work on /home/airflow/.local/lib/python3.12/site-packages/airflow/example_dags/tutorial_taskflow_api.py
[2024-10-26T07:16:46.223+0000] {processor.py:914} INFO - Processing file /home/airflow/.local/lib/python3.12/site-packages/airflow/example_dags/tutorial_taskflow_api.py for tasks to queue
[2024-10-26T07:16:46.224+0000] {logging_mixin.py:190} INFO - [2024-10-26T07:16:46.224+0000] {dagbag.py:588} INFO - Filling up the DagBag from /home/airflow/.local/lib/python3.12/site-packages/airflow/example_dags/tutorial_taskflow_api.py
[2024-10-26T07:16:46.228+0000] {processor.py:925} INFO - DAG(s) 'tutorial_taskflow_api' retrieved from /home/airflow/.local/lib/python3.12/site-packages/airflow/example_dags/tutorial_taskflow_api.py
[2024-10-26T07:16:46.238+0000] {logging_mixin.py:190} INFO - [2024-10-26T07:16:46.237+0000] {dag.py:3239} INFO - Sync 1 DAGs
[2024-10-26T07:16:46.244+0000] {logging_mixin.py:190} INFO - [2024-10-26T07:16:46.244+0000] {dag.py:4180} INFO - Setting next_dagrun for tutorial_taskflow_api to None, run_after=None
[2024-10-26T07:16:46.252+0000] {processor.py:208} INFO - Processing /home/airflow/.local/lib/python3.12/site-packages/airflow/example_dags/tutorial_taskflow_api.py took 0.032 seconds
[2024-10-26T07:17:16.911+0000] {processor.py:186} INFO - Started process (PID=82293) to work on /home/airflow/.local/lib/python3.12/site-packages/airflow/example_dags/tutorial_taskflow_api.py
[2024-10-26T07:17:16.912+0000] {processor.py:914} INFO - Processing file /home/airflow/.local/lib/python3.12/site-packages/airflow/example_dags/tutorial_taskflow_api.py for tasks to queue
[2024-10-26T07:17:16.912+0000] {logging_mixin.py:190} INFO - [2024-10-26T07:17:16.912+0000] {dagbag.py:588} INFO - Filling up the DagBag from /home/airflow/.local/lib/python3.12/site-packages/airflow/example_dags/tutorial_taskflow_api.py
[2024-10-26T07:17:16.917+0000] {processor.py:925} INFO - DAG(s) 'tutorial_taskflow_api' retrieved from /home/airflow/.local/lib/python3.12/site-packages/airflow/example_dags/tutorial_taskflow_api.py
[2024-10-26T07:17:16.930+0000] {logging_mixin.py:190} INFO - [2024-10-26T07:17:16.930+0000] {dag.py:3239} INFO - Sync 1 DAGs
[2024-10-26T07:17:16.940+0000] {logging_mixin.py:190} INFO - [2024-10-26T07:17:16.940+0000] {dag.py:4180} INFO - Setting next_dagrun for tutorial_taskflow_api to None, run_after=None
[2024-10-26T07:17:16.948+0000] {processor.py:208} INFO - Processing /home/airflow/.local/lib/python3.12/site-packages/airflow/example_dags/tutorial_taskflow_api.py took 0.040 seconds
[2024-10-26T07:17:47.073+0000] {processor.py:186} INFO - Started process (PID=82584) to work on /home/airflow/.local/lib/python3.12/site-packages/airflow/example_dags/tutorial_taskflow_api.py
[2024-10-26T07:17:47.074+0000] {processor.py:914} INFO - Processing file /home/airflow/.local/lib/python3.12/site-packages/airflow/example_dags/tutorial_taskflow_api.py for tasks to queue
[2024-10-26T07:17:47.074+0000] {logging_mixin.py:190} INFO - [2024-10-26T07:17:47.074+0000] {dagbag.py:588} INFO - Filling up the DagBag from /home/airflow/.local/lib/python3.12/site-packages/airflow/example_dags/tutorial_taskflow_api.py
[2024-10-26T07:17:47.078+0000] {processor.py:925} INFO - DAG(s) 'tutorial_taskflow_api' retrieved from /home/airflow/.local/lib/python3.12/site-packages/airflow/example_dags/tutorial_taskflow_api.py
[2024-10-26T07:17:47.087+0000] {logging_mixin.py:190} INFO - [2024-10-26T07:17:47.087+0000] {dag.py:3239} INFO - Sync 1 DAGs
[2024-10-26T07:17:47.094+0000] {logging_mixin.py:190} INFO - [2024-10-26T07:17:47.094+0000] {dag.py:4180} INFO - Setting next_dagrun for tutorial_taskflow_api to None, run_after=None
[2024-10-26T07:17:47.106+0000] {processor.py:208} INFO - Processing /home/airflow/.local/lib/python3.12/site-packages/airflow/example_dags/tutorial_taskflow_api.py took 0.035 seconds
[2024-10-26T07:18:17.332+0000] {processor.py:186} INFO - Started process (PID=82875) to work on /home/airflow/.local/lib/python3.12/site-packages/airflow/example_dags/tutorial_taskflow_api.py
[2024-10-26T07:18:17.333+0000] {processor.py:914} INFO - Processing file /home/airflow/.local/lib/python3.12/site-packages/airflow/example_dags/tutorial_taskflow_api.py for tasks to queue
[2024-10-26T07:18:17.333+0000] {logging_mixin.py:190} INFO - [2024-10-26T07:18:17.333+0000] {dagbag.py:588} INFO - Filling up the DagBag from /home/airflow/.local/lib/python3.12/site-packages/airflow/example_dags/tutorial_taskflow_api.py
[2024-10-26T07:18:17.338+0000] {processor.py:925} INFO - DAG(s) 'tutorial_taskflow_api' retrieved from /home/airflow/.local/lib/python3.12/site-packages/airflow/example_dags/tutorial_taskflow_api.py
[2024-10-26T07:18:17.353+0000] {logging_mixin.py:190} INFO - [2024-10-26T07:18:17.353+0000] {dag.py:3239} INFO - Sync 1 DAGs
[2024-10-26T07:18:17.363+0000] {logging_mixin.py:190} INFO - [2024-10-26T07:18:17.363+0000] {dag.py:4180} INFO - Setting next_dagrun for tutorial_taskflow_api to None, run_after=None
[2024-10-26T07:18:17.380+0000] {processor.py:208} INFO - Processing /home/airflow/.local/lib/python3.12/site-packages/airflow/example_dags/tutorial_taskflow_api.py took 0.051 seconds
[2024-10-26T07:18:48.370+0000] {processor.py:186} INFO - Started process (PID=83164) to work on /home/airflow/.local/lib/python3.12/site-packages/airflow/example_dags/tutorial_taskflow_api.py
[2024-10-26T07:18:48.370+0000] {processor.py:914} INFO - Processing file /home/airflow/.local/lib/python3.12/site-packages/airflow/example_dags/tutorial_taskflow_api.py for tasks to queue
[2024-10-26T07:18:48.371+0000] {logging_mixin.py:190} INFO - [2024-10-26T07:18:48.371+0000] {dagbag.py:588} INFO - Filling up the DagBag from /home/airflow/.local/lib/python3.12/site-packages/airflow/example_dags/tutorial_taskflow_api.py
[2024-10-26T07:18:48.377+0000] {processor.py:925} INFO - DAG(s) 'tutorial_taskflow_api' retrieved from /home/airflow/.local/lib/python3.12/site-packages/airflow/example_dags/tutorial_taskflow_api.py
[2024-10-26T07:18:48.391+0000] {logging_mixin.py:190} INFO - [2024-10-26T07:18:48.390+0000] {dag.py:3239} INFO - Sync 1 DAGs
[2024-10-26T07:18:48.400+0000] {logging_mixin.py:190} INFO - [2024-10-26T07:18:48.400+0000] {dag.py:4180} INFO - Setting next_dagrun for tutorial_taskflow_api to None, run_after=None
[2024-10-26T07:18:48.415+0000] {processor.py:208} INFO - Processing /home/airflow/.local/lib/python3.12/site-packages/airflow/example_dags/tutorial_taskflow_api.py took 0.049 seconds
[2024-10-26T07:19:18.780+0000] {processor.py:186} INFO - Started process (PID=83454) to work on /home/airflow/.local/lib/python3.12/site-packages/airflow/example_dags/tutorial_taskflow_api.py
[2024-10-26T07:19:18.781+0000] {processor.py:914} INFO - Processing file /home/airflow/.local/lib/python3.12/site-packages/airflow/example_dags/tutorial_taskflow_api.py for tasks to queue
[2024-10-26T07:19:18.782+0000] {logging_mixin.py:190} INFO - [2024-10-26T07:19:18.782+0000] {dagbag.py:588} INFO - Filling up the DagBag from /home/airflow/.local/lib/python3.12/site-packages/airflow/example_dags/tutorial_taskflow_api.py
[2024-10-26T07:19:18.788+0000] {processor.py:925} INFO - DAG(s) 'tutorial_taskflow_api' retrieved from /home/airflow/.local/lib/python3.12/site-packages/airflow/example_dags/tutorial_taskflow_api.py
[2024-10-26T07:19:18.802+0000] {logging_mixin.py:190} INFO - [2024-10-26T07:19:18.802+0000] {dag.py:3239} INFO - Sync 1 DAGs
[2024-10-26T07:19:18.809+0000] {logging_mixin.py:190} INFO - [2024-10-26T07:19:18.809+0000] {dag.py:4180} INFO - Setting next_dagrun for tutorial_taskflow_api to None, run_after=None
[2024-10-26T07:19:18.818+0000] {processor.py:208} INFO - Processing /home/airflow/.local/lib/python3.12/site-packages/airflow/example_dags/tutorial_taskflow_api.py took 0.041 seconds
[2024-10-26T07:19:50.705+0000] {processor.py:186} INFO - Started process (PID=83745) to work on /home/airflow/.local/lib/python3.12/site-packages/airflow/example_dags/tutorial_taskflow_api.py
[2024-10-26T07:19:50.707+0000] {processor.py:914} INFO - Processing file /home/airflow/.local/lib/python3.12/site-packages/airflow/example_dags/tutorial_taskflow_api.py for tasks to queue
[2024-10-26T07:19:50.710+0000] {logging_mixin.py:190} INFO - [2024-10-26T07:19:50.709+0000] {dagbag.py:588} INFO - Filling up the DagBag from /home/airflow/.local/lib/python3.12/site-packages/airflow/example_dags/tutorial_taskflow_api.py
[2024-10-26T07:19:50.718+0000] {processor.py:925} INFO - DAG(s) 'tutorial_taskflow_api' retrieved from /home/airflow/.local/lib/python3.12/site-packages/airflow/example_dags/tutorial_taskflow_api.py
[2024-10-26T07:19:50.754+0000] {logging_mixin.py:190} INFO - [2024-10-26T07:19:50.753+0000] {dag.py:3239} INFO - Sync 1 DAGs
[2024-10-26T07:19:50.771+0000] {logging_mixin.py:190} INFO - [2024-10-26T07:19:50.770+0000] {dag.py:4180} INFO - Setting next_dagrun for tutorial_taskflow_api to None, run_after=None
[2024-10-26T07:19:50.788+0000] {processor.py:208} INFO - Processing /home/airflow/.local/lib/python3.12/site-packages/airflow/example_dags/tutorial_taskflow_api.py took 0.095 seconds
[2024-10-26T07:20:21.191+0000] {processor.py:186} INFO - Started process (PID=84036) to work on /home/airflow/.local/lib/python3.12/site-packages/airflow/example_dags/tutorial_taskflow_api.py
[2024-10-26T07:20:21.192+0000] {processor.py:914} INFO - Processing file /home/airflow/.local/lib/python3.12/site-packages/airflow/example_dags/tutorial_taskflow_api.py for tasks to queue
[2024-10-26T07:20:21.192+0000] {logging_mixin.py:190} INFO - [2024-10-26T07:20:21.192+0000] {dagbag.py:588} INFO - Filling up the DagBag from /home/airflow/.local/lib/python3.12/site-packages/airflow/example_dags/tutorial_taskflow_api.py
[2024-10-26T07:20:21.208+0000] {processor.py:925} INFO - DAG(s) 'tutorial_taskflow_api' retrieved from /home/airflow/.local/lib/python3.12/site-packages/airflow/example_dags/tutorial_taskflow_api.py
[2024-10-26T07:20:21.305+0000] {logging_mixin.py:190} INFO - [2024-10-26T07:20:21.305+0000] {dag.py:3239} INFO - Sync 1 DAGs
[2024-10-26T07:20:21.321+0000] {logging_mixin.py:190} INFO - [2024-10-26T07:20:21.321+0000] {dag.py:4180} INFO - Setting next_dagrun for tutorial_taskflow_api to None, run_after=None
[2024-10-26T07:20:21.345+0000] {processor.py:208} INFO - Processing /home/airflow/.local/lib/python3.12/site-packages/airflow/example_dags/tutorial_taskflow_api.py took 0.159 seconds
[2024-10-26T07:20:52.056+0000] {processor.py:186} INFO - Started process (PID=84327) to work on /home/airflow/.local/lib/python3.12/site-packages/airflow/example_dags/tutorial_taskflow_api.py
[2024-10-26T07:20:52.058+0000] {processor.py:914} INFO - Processing file /home/airflow/.local/lib/python3.12/site-packages/airflow/example_dags/tutorial_taskflow_api.py for tasks to queue
[2024-10-26T07:20:52.059+0000] {logging_mixin.py:190} INFO - [2024-10-26T07:20:52.058+0000] {dagbag.py:588} INFO - Filling up the DagBag from /home/airflow/.local/lib/python3.12/site-packages/airflow/example_dags/tutorial_taskflow_api.py
[2024-10-26T07:20:52.063+0000] {processor.py:925} INFO - DAG(s) 'tutorial_taskflow_api' retrieved from /home/airflow/.local/lib/python3.12/site-packages/airflow/example_dags/tutorial_taskflow_api.py
[2024-10-26T07:20:52.072+0000] {logging_mixin.py:190} INFO - [2024-10-26T07:20:52.072+0000] {dag.py:3239} INFO - Sync 1 DAGs
[2024-10-26T07:20:52.080+0000] {logging_mixin.py:190} INFO - [2024-10-26T07:20:52.079+0000] {dag.py:4180} INFO - Setting next_dagrun for tutorial_taskflow_api to None, run_after=None
[2024-10-26T07:20:52.088+0000] {processor.py:208} INFO - Processing /home/airflow/.local/lib/python3.12/site-packages/airflow/example_dags/tutorial_taskflow_api.py took 0.035 seconds
[2024-10-26T07:21:22.835+0000] {processor.py:186} INFO - Started process (PID=84618) to work on /home/airflow/.local/lib/python3.12/site-packages/airflow/example_dags/tutorial_taskflow_api.py
[2024-10-26T07:21:22.835+0000] {processor.py:914} INFO - Processing file /home/airflow/.local/lib/python3.12/site-packages/airflow/example_dags/tutorial_taskflow_api.py for tasks to queue
[2024-10-26T07:21:22.837+0000] {logging_mixin.py:190} INFO - [2024-10-26T07:21:22.837+0000] {dagbag.py:588} INFO - Filling up the DagBag from /home/airflow/.local/lib/python3.12/site-packages/airflow/example_dags/tutorial_taskflow_api.py
[2024-10-26T07:21:22.842+0000] {processor.py:925} INFO - DAG(s) 'tutorial_taskflow_api' retrieved from /home/airflow/.local/lib/python3.12/site-packages/airflow/example_dags/tutorial_taskflow_api.py
[2024-10-26T07:21:22.854+0000] {logging_mixin.py:190} INFO - [2024-10-26T07:21:22.854+0000] {dag.py:3239} INFO - Sync 1 DAGs
[2024-10-26T07:21:22.862+0000] {logging_mixin.py:190} INFO - [2024-10-26T07:21:22.861+0000] {dag.py:4180} INFO - Setting next_dagrun for tutorial_taskflow_api to None, run_after=None
[2024-10-26T07:21:22.873+0000] {processor.py:208} INFO - Processing /home/airflow/.local/lib/python3.12/site-packages/airflow/example_dags/tutorial_taskflow_api.py took 0.042 seconds
[2024-10-26T07:21:54.569+0000] {processor.py:186} INFO - Started process (PID=84909) to work on /home/airflow/.local/lib/python3.12/site-packages/airflow/example_dags/tutorial_taskflow_api.py
[2024-10-26T07:21:54.569+0000] {processor.py:914} INFO - Processing file /home/airflow/.local/lib/python3.12/site-packages/airflow/example_dags/tutorial_taskflow_api.py for tasks to queue
[2024-10-26T07:21:54.571+0000] {logging_mixin.py:190} INFO - [2024-10-26T07:21:54.571+0000] {dagbag.py:588} INFO - Filling up the DagBag from /home/airflow/.local/lib/python3.12/site-packages/airflow/example_dags/tutorial_taskflow_api.py
[2024-10-26T07:21:54.581+0000] {processor.py:925} INFO - DAG(s) 'tutorial_taskflow_api' retrieved from /home/airflow/.local/lib/python3.12/site-packages/airflow/example_dags/tutorial_taskflow_api.py
[2024-10-26T07:21:54.595+0000] {logging_mixin.py:190} INFO - [2024-10-26T07:21:54.595+0000] {dag.py:3239} INFO - Sync 1 DAGs
[2024-10-26T07:21:54.603+0000] {logging_mixin.py:190} INFO - [2024-10-26T07:21:54.603+0000] {dag.py:4180} INFO - Setting next_dagrun for tutorial_taskflow_api to None, run_after=None
[2024-10-26T07:21:54.615+0000] {processor.py:208} INFO - Processing /home/airflow/.local/lib/python3.12/site-packages/airflow/example_dags/tutorial_taskflow_api.py took 0.050 seconds
[2024-10-26T07:22:25.639+0000] {processor.py:186} INFO - Started process (PID=85200) to work on /home/airflow/.local/lib/python3.12/site-packages/airflow/example_dags/tutorial_taskflow_api.py
[2024-10-26T07:22:25.640+0000] {processor.py:914} INFO - Processing file /home/airflow/.local/lib/python3.12/site-packages/airflow/example_dags/tutorial_taskflow_api.py for tasks to queue
[2024-10-26T07:22:25.640+0000] {logging_mixin.py:190} INFO - [2024-10-26T07:22:25.640+0000] {dagbag.py:588} INFO - Filling up the DagBag from /home/airflow/.local/lib/python3.12/site-packages/airflow/example_dags/tutorial_taskflow_api.py
[2024-10-26T07:22:25.645+0000] {processor.py:925} INFO - DAG(s) 'tutorial_taskflow_api' retrieved from /home/airflow/.local/lib/python3.12/site-packages/airflow/example_dags/tutorial_taskflow_api.py
[2024-10-26T07:22:25.661+0000] {logging_mixin.py:190} INFO - [2024-10-26T07:22:25.661+0000] {dag.py:3239} INFO - Sync 1 DAGs
[2024-10-26T07:22:25.670+0000] {logging_mixin.py:190} INFO - [2024-10-26T07:22:25.670+0000] {dag.py:4180} INFO - Setting next_dagrun for tutorial_taskflow_api to None, run_after=None
[2024-10-26T07:22:25.680+0000] {processor.py:208} INFO - Processing /home/airflow/.local/lib/python3.12/site-packages/airflow/example_dags/tutorial_taskflow_api.py took 0.045 seconds
[2024-10-26T07:22:56.400+0000] {processor.py:186} INFO - Started process (PID=85491) to work on /home/airflow/.local/lib/python3.12/site-packages/airflow/example_dags/tutorial_taskflow_api.py
[2024-10-26T07:22:56.403+0000] {processor.py:914} INFO - Processing file /home/airflow/.local/lib/python3.12/site-packages/airflow/example_dags/tutorial_taskflow_api.py for tasks to queue
[2024-10-26T07:22:56.404+0000] {logging_mixin.py:190} INFO - [2024-10-26T07:22:56.404+0000] {dagbag.py:588} INFO - Filling up the DagBag from /home/airflow/.local/lib/python3.12/site-packages/airflow/example_dags/tutorial_taskflow_api.py
[2024-10-26T07:22:56.409+0000] {processor.py:925} INFO - DAG(s) 'tutorial_taskflow_api' retrieved from /home/airflow/.local/lib/python3.12/site-packages/airflow/example_dags/tutorial_taskflow_api.py
[2024-10-26T07:22:56.419+0000] {logging_mixin.py:190} INFO - [2024-10-26T07:22:56.419+0000] {dag.py:3239} INFO - Sync 1 DAGs
[2024-10-26T07:22:56.427+0000] {logging_mixin.py:190} INFO - [2024-10-26T07:22:56.427+0000] {dag.py:4180} INFO - Setting next_dagrun for tutorial_taskflow_api to None, run_after=None
[2024-10-26T07:22:56.439+0000] {processor.py:208} INFO - Processing /home/airflow/.local/lib/python3.12/site-packages/airflow/example_dags/tutorial_taskflow_api.py took 0.042 seconds
[2024-10-26T07:23:27.188+0000] {processor.py:186} INFO - Started process (PID=85783) to work on /home/airflow/.local/lib/python3.12/site-packages/airflow/example_dags/tutorial_taskflow_api.py
[2024-10-26T07:23:27.189+0000] {processor.py:914} INFO - Processing file /home/airflow/.local/lib/python3.12/site-packages/airflow/example_dags/tutorial_taskflow_api.py for tasks to queue
[2024-10-26T07:23:27.189+0000] {logging_mixin.py:190} INFO - [2024-10-26T07:23:27.189+0000] {dagbag.py:588} INFO - Filling up the DagBag from /home/airflow/.local/lib/python3.12/site-packages/airflow/example_dags/tutorial_taskflow_api.py
[2024-10-26T07:23:27.194+0000] {processor.py:925} INFO - DAG(s) 'tutorial_taskflow_api' retrieved from /home/airflow/.local/lib/python3.12/site-packages/airflow/example_dags/tutorial_taskflow_api.py
[2024-10-26T07:23:27.204+0000] {logging_mixin.py:190} INFO - [2024-10-26T07:23:27.204+0000] {dag.py:3239} INFO - Sync 1 DAGs
[2024-10-26T07:23:27.212+0000] {logging_mixin.py:190} INFO - [2024-10-26T07:23:27.212+0000] {dag.py:4180} INFO - Setting next_dagrun for tutorial_taskflow_api to None, run_after=None
[2024-10-26T07:23:27.227+0000] {processor.py:208} INFO - Processing /home/airflow/.local/lib/python3.12/site-packages/airflow/example_dags/tutorial_taskflow_api.py took 0.041 seconds
[2024-10-26T07:23:58.054+0000] {processor.py:186} INFO - Started process (PID=86073) to work on /home/airflow/.local/lib/python3.12/site-packages/airflow/example_dags/tutorial_taskflow_api.py
[2024-10-26T07:23:58.055+0000] {processor.py:914} INFO - Processing file /home/airflow/.local/lib/python3.12/site-packages/airflow/example_dags/tutorial_taskflow_api.py for tasks to queue
[2024-10-26T07:23:58.057+0000] {logging_mixin.py:190} INFO - [2024-10-26T07:23:58.056+0000] {dagbag.py:588} INFO - Filling up the DagBag from /home/airflow/.local/lib/python3.12/site-packages/airflow/example_dags/tutorial_taskflow_api.py
[2024-10-26T07:23:58.061+0000] {processor.py:925} INFO - DAG(s) 'tutorial_taskflow_api' retrieved from /home/airflow/.local/lib/python3.12/site-packages/airflow/example_dags/tutorial_taskflow_api.py
[2024-10-26T07:23:58.071+0000] {logging_mixin.py:190} INFO - [2024-10-26T07:23:58.071+0000] {dag.py:3239} INFO - Sync 1 DAGs
[2024-10-26T07:23:58.078+0000] {logging_mixin.py:190} INFO - [2024-10-26T07:23:58.078+0000] {dag.py:4180} INFO - Setting next_dagrun for tutorial_taskflow_api to None, run_after=None
[2024-10-26T07:23:58.087+0000] {processor.py:208} INFO - Processing /home/airflow/.local/lib/python3.12/site-packages/airflow/example_dags/tutorial_taskflow_api.py took 0.035 seconds
[2024-10-26T07:24:28.892+0000] {processor.py:186} INFO - Started process (PID=86366) to work on /home/airflow/.local/lib/python3.12/site-packages/airflow/example_dags/tutorial_taskflow_api.py
[2024-10-26T07:24:28.892+0000] {processor.py:914} INFO - Processing file /home/airflow/.local/lib/python3.12/site-packages/airflow/example_dags/tutorial_taskflow_api.py for tasks to queue
[2024-10-26T07:24:28.893+0000] {logging_mixin.py:190} INFO - [2024-10-26T07:24:28.893+0000] {dagbag.py:588} INFO - Filling up the DagBag from /home/airflow/.local/lib/python3.12/site-packages/airflow/example_dags/tutorial_taskflow_api.py
[2024-10-26T07:24:28.897+0000] {processor.py:925} INFO - DAG(s) 'tutorial_taskflow_api' retrieved from /home/airflow/.local/lib/python3.12/site-packages/airflow/example_dags/tutorial_taskflow_api.py
[2024-10-26T07:24:28.915+0000] {logging_mixin.py:190} INFO - [2024-10-26T07:24:28.915+0000] {dag.py:3239} INFO - Sync 1 DAGs
[2024-10-26T07:24:28.923+0000] {logging_mixin.py:190} INFO - [2024-10-26T07:24:28.923+0000] {dag.py:4180} INFO - Setting next_dagrun for tutorial_taskflow_api to None, run_after=None
[2024-10-26T07:24:28.934+0000] {processor.py:208} INFO - Processing /home/airflow/.local/lib/python3.12/site-packages/airflow/example_dags/tutorial_taskflow_api.py took 0.046 seconds
[2024-10-26T07:24:59.937+0000] {processor.py:186} INFO - Started process (PID=86657) to work on /home/airflow/.local/lib/python3.12/site-packages/airflow/example_dags/tutorial_taskflow_api.py
[2024-10-26T07:24:59.938+0000] {processor.py:914} INFO - Processing file /home/airflow/.local/lib/python3.12/site-packages/airflow/example_dags/tutorial_taskflow_api.py for tasks to queue
[2024-10-26T07:24:59.938+0000] {logging_mixin.py:190} INFO - [2024-10-26T07:24:59.938+0000] {dagbag.py:588} INFO - Filling up the DagBag from /home/airflow/.local/lib/python3.12/site-packages/airflow/example_dags/tutorial_taskflow_api.py
[2024-10-26T07:24:59.943+0000] {processor.py:925} INFO - DAG(s) 'tutorial_taskflow_api' retrieved from /home/airflow/.local/lib/python3.12/site-packages/airflow/example_dags/tutorial_taskflow_api.py
[2024-10-26T07:24:59.954+0000] {logging_mixin.py:190} INFO - [2024-10-26T07:24:59.954+0000] {dag.py:3239} INFO - Sync 1 DAGs
[2024-10-26T07:24:59.962+0000] {logging_mixin.py:190} INFO - [2024-10-26T07:24:59.962+0000] {dag.py:4180} INFO - Setting next_dagrun for tutorial_taskflow_api to None, run_after=None
[2024-10-26T07:24:59.975+0000] {processor.py:208} INFO - Processing /home/airflow/.local/lib/python3.12/site-packages/airflow/example_dags/tutorial_taskflow_api.py took 0.042 seconds
[2024-10-26T07:25:30.788+0000] {processor.py:186} INFO - Started process (PID=86948) to work on /home/airflow/.local/lib/python3.12/site-packages/airflow/example_dags/tutorial_taskflow_api.py
[2024-10-26T07:25:30.790+0000] {processor.py:914} INFO - Processing file /home/airflow/.local/lib/python3.12/site-packages/airflow/example_dags/tutorial_taskflow_api.py for tasks to queue
[2024-10-26T07:25:30.790+0000] {logging_mixin.py:190} INFO - [2024-10-26T07:25:30.790+0000] {dagbag.py:588} INFO - Filling up the DagBag from /home/airflow/.local/lib/python3.12/site-packages/airflow/example_dags/tutorial_taskflow_api.py
[2024-10-26T07:25:30.795+0000] {processor.py:925} INFO - DAG(s) 'tutorial_taskflow_api' retrieved from /home/airflow/.local/lib/python3.12/site-packages/airflow/example_dags/tutorial_taskflow_api.py
[2024-10-26T07:25:30.808+0000] {logging_mixin.py:190} INFO - [2024-10-26T07:25:30.807+0000] {dag.py:3239} INFO - Sync 1 DAGs
[2024-10-26T07:25:30.815+0000] {logging_mixin.py:190} INFO - [2024-10-26T07:25:30.815+0000] {dag.py:4180} INFO - Setting next_dagrun for tutorial_taskflow_api to None, run_after=None
[2024-10-26T07:25:30.831+0000] {processor.py:208} INFO - Processing /home/airflow/.local/lib/python3.12/site-packages/airflow/example_dags/tutorial_taskflow_api.py took 0.047 seconds
[2024-10-26T07:26:01.670+0000] {processor.py:186} INFO - Started process (PID=87239) to work on /home/airflow/.local/lib/python3.12/site-packages/airflow/example_dags/tutorial_taskflow_api.py
[2024-10-26T07:26:01.670+0000] {processor.py:914} INFO - Processing file /home/airflow/.local/lib/python3.12/site-packages/airflow/example_dags/tutorial_taskflow_api.py for tasks to queue
[2024-10-26T07:26:01.671+0000] {logging_mixin.py:190} INFO - [2024-10-26T07:26:01.671+0000] {dagbag.py:588} INFO - Filling up the DagBag from /home/airflow/.local/lib/python3.12/site-packages/airflow/example_dags/tutorial_taskflow_api.py
[2024-10-26T07:26:01.677+0000] {processor.py:925} INFO - DAG(s) 'tutorial_taskflow_api' retrieved from /home/airflow/.local/lib/python3.12/site-packages/airflow/example_dags/tutorial_taskflow_api.py
[2024-10-26T07:26:01.689+0000] {logging_mixin.py:190} INFO - [2024-10-26T07:26:01.689+0000] {dag.py:3239} INFO - Sync 1 DAGs
[2024-10-26T07:26:01.697+0000] {logging_mixin.py:190} INFO - [2024-10-26T07:26:01.697+0000] {dag.py:4180} INFO - Setting next_dagrun for tutorial_taskflow_api to None, run_after=None
[2024-10-26T07:26:01.709+0000] {processor.py:208} INFO - Processing /home/airflow/.local/lib/python3.12/site-packages/airflow/example_dags/tutorial_taskflow_api.py took 0.043 seconds
[2024-10-26T07:26:31.848+0000] {processor.py:186} INFO - Started process (PID=87530) to work on /home/airflow/.local/lib/python3.12/site-packages/airflow/example_dags/tutorial_taskflow_api.py
[2024-10-26T07:26:31.849+0000] {processor.py:914} INFO - Processing file /home/airflow/.local/lib/python3.12/site-packages/airflow/example_dags/tutorial_taskflow_api.py for tasks to queue
[2024-10-26T07:26:31.851+0000] {logging_mixin.py:190} INFO - [2024-10-26T07:26:31.851+0000] {dagbag.py:588} INFO - Filling up the DagBag from /home/airflow/.local/lib/python3.12/site-packages/airflow/example_dags/tutorial_taskflow_api.py
[2024-10-26T07:26:31.859+0000] {processor.py:925} INFO - DAG(s) 'tutorial_taskflow_api' retrieved from /home/airflow/.local/lib/python3.12/site-packages/airflow/example_dags/tutorial_taskflow_api.py
[2024-10-26T07:26:31.869+0000] {logging_mixin.py:190} INFO - [2024-10-26T07:26:31.868+0000] {dag.py:3239} INFO - Sync 1 DAGs
[2024-10-26T07:26:31.876+0000] {logging_mixin.py:190} INFO - [2024-10-26T07:26:31.876+0000] {dag.py:4180} INFO - Setting next_dagrun for tutorial_taskflow_api to None, run_after=None
[2024-10-26T07:26:31.888+0000] {processor.py:208} INFO - Processing /home/airflow/.local/lib/python3.12/site-packages/airflow/example_dags/tutorial_taskflow_api.py took 0.044 seconds
[2024-10-26T07:27:02.095+0000] {processor.py:186} INFO - Started process (PID=87819) to work on /home/airflow/.local/lib/python3.12/site-packages/airflow/example_dags/tutorial_taskflow_api.py
[2024-10-26T07:27:02.096+0000] {processor.py:914} INFO - Processing file /home/airflow/.local/lib/python3.12/site-packages/airflow/example_dags/tutorial_taskflow_api.py for tasks to queue
[2024-10-26T07:27:02.098+0000] {logging_mixin.py:190} INFO - [2024-10-26T07:27:02.097+0000] {dagbag.py:588} INFO - Filling up the DagBag from /home/airflow/.local/lib/python3.12/site-packages/airflow/example_dags/tutorial_taskflow_api.py
[2024-10-26T07:27:02.102+0000] {processor.py:925} INFO - DAG(s) 'tutorial_taskflow_api' retrieved from /home/airflow/.local/lib/python3.12/site-packages/airflow/example_dags/tutorial_taskflow_api.py
[2024-10-26T07:27:02.112+0000] {logging_mixin.py:190} INFO - [2024-10-26T07:27:02.112+0000] {dag.py:3239} INFO - Sync 1 DAGs
[2024-10-26T07:27:02.120+0000] {logging_mixin.py:190} INFO - [2024-10-26T07:27:02.120+0000] {dag.py:4180} INFO - Setting next_dagrun for tutorial_taskflow_api to None, run_after=None
[2024-10-26T07:27:02.132+0000] {processor.py:208} INFO - Processing /home/airflow/.local/lib/python3.12/site-packages/airflow/example_dags/tutorial_taskflow_api.py took 0.041 seconds
[2024-10-26T07:27:32.804+0000] {processor.py:186} INFO - Started process (PID=88110) to work on /home/airflow/.local/lib/python3.12/site-packages/airflow/example_dags/tutorial_taskflow_api.py
[2024-10-26T07:27:32.806+0000] {processor.py:914} INFO - Processing file /home/airflow/.local/lib/python3.12/site-packages/airflow/example_dags/tutorial_taskflow_api.py for tasks to queue
[2024-10-26T07:27:32.806+0000] {logging_mixin.py:190} INFO - [2024-10-26T07:27:32.806+0000] {dagbag.py:588} INFO - Filling up the DagBag from /home/airflow/.local/lib/python3.12/site-packages/airflow/example_dags/tutorial_taskflow_api.py
[2024-10-26T07:27:32.812+0000] {processor.py:925} INFO - DAG(s) 'tutorial_taskflow_api' retrieved from /home/airflow/.local/lib/python3.12/site-packages/airflow/example_dags/tutorial_taskflow_api.py
[2024-10-26T07:27:32.823+0000] {logging_mixin.py:190} INFO - [2024-10-26T07:27:32.823+0000] {dag.py:3239} INFO - Sync 1 DAGs
[2024-10-26T07:27:32.833+0000] {logging_mixin.py:190} INFO - [2024-10-26T07:27:32.833+0000] {dag.py:4180} INFO - Setting next_dagrun for tutorial_taskflow_api to None, run_after=None
[2024-10-26T07:27:32.842+0000] {processor.py:208} INFO - Processing /home/airflow/.local/lib/python3.12/site-packages/airflow/example_dags/tutorial_taskflow_api.py took 0.042 seconds
