[2024-10-22T15:40:59.879+0000] {local_task_job_runner.py:123} INFO - ::group::Pre task execution logs
[2024-10-22T15:40:59.890+0000] {taskinstance.py:2612} INFO - Dependencies all met for dep_context=non-requeueable deps ti=<TaskInstance: tutorial_dag.extract manual__2024-10-22T15:40:58.366735+00:00 [queued]>
[2024-10-22T15:40:59.894+0000] {taskinstance.py:2612} INFO - Dependencies all met for dep_context=requeueable deps ti=<TaskInstance: tutorial_dag.extract manual__2024-10-22T15:40:58.366735+00:00 [queued]>
[2024-10-22T15:40:59.894+0000] {taskinstance.py:2865} INFO - Starting attempt 1 of 3
[2024-10-22T15:40:59.900+0000] {taskinstance.py:2888} INFO - Executing <Task(PythonOperator): extract> on 2024-10-22 15:40:58.366735+00:00
[2024-10-22T15:40:59.925+0000] {standard_task_runner.py:104} INFO - Running: ['***', 'tasks', 'run', 'tutorial_dag', 'extract', 'manual__2024-10-22T15:40:58.366735+00:00', '--job-id', '2', '--raw', '--subdir', '/home/***/.local/lib/python3.12/site-packages/***/example_dags/tutorial_dag.py', '--cfg-path', '/tmp/tmpdwwd0_ty']
[2024-10-22T15:40:59.927+0000] {standard_task_runner.py:105} INFO - Job 2: Subtask extract
[2024-10-22T15:40:59.927+0000] {logging_mixin.py:190} WARNING - /home/***/.local/lib/python3.12/site-packages/***/task/task_runner/standard_task_runner.py:70 DeprecationWarning: This process (pid=3603) is multi-threaded, use of fork() may lead to deadlocks in the child.
[2024-10-22T15:40:59.928+0000] {standard_task_runner.py:72} INFO - Started process 3604 to run task
[2024-10-22T15:40:59.971+0000] {task_command.py:467} INFO - Running <TaskInstance: tutorial_dag.extract manual__2024-10-22T15:40:58.366735+00:00 [running]> on host 19610ff23e71
[2024-10-22T15:41:00.008+0000] {taskinstance.py:3131} INFO - Exporting env vars: AIRFLOW_CTX_DAG_OWNER='***' AIRFLOW_CTX_DAG_ID='tutorial_dag' AIRFLOW_CTX_TASK_ID='extract' AIRFLOW_CTX_EXECUTION_DATE='2024-10-22T15:40:58.366735+00:00' AIRFLOW_CTX_TRY_NUMBER='1' AIRFLOW_CTX_DAG_RUN_ID='manual__2024-10-22T15:40:58.366735+00:00'
[2024-10-22T15:41:00.010+0000] {logging_mixin.py:190} INFO - Task instance is in running state
[2024-10-22T15:41:00.010+0000] {logging_mixin.py:190} INFO -  Previous state of the Task instance: queued
[2024-10-22T15:41:00.010+0000] {logging_mixin.py:190} INFO - Current task name:extract state:running start_date:2024-10-22 15:40:59.890572+00:00
[2024-10-22T15:41:00.010+0000] {logging_mixin.py:190} INFO - Dag name:tutorial_dag and current dag run status:running
[2024-10-22T15:41:00.012+0000] {taskinstance.py:731} INFO - ::endgroup::
[2024-10-22T15:41:00.020+0000] {python.py:240} INFO - Done. Returned value was: None
[2024-10-22T15:41:00.025+0000] {taskinstance.py:340} INFO - ::group::Post task execution logs
[2024-10-22T15:41:00.025+0000] {taskinstance.py:352} INFO - Marking task as SUCCESS. dag_id=tutorial_dag, task_id=extract, run_id=manual__2024-10-22T15:40:58.366735+00:00, execution_date=20241022T154058, start_date=20241022T154059, end_date=20241022T154100
[2024-10-22T15:41:00.028+0000] {logging_mixin.py:190} INFO - Task instance in success state
[2024-10-22T15:41:00.028+0000] {logging_mixin.py:190} INFO -  Previous state of the Task instance: running
[2024-10-22T15:41:00.029+0000] {logging_mixin.py:190} INFO - Dag name:tutorial_dag queued_at:2024-10-22 15:40:58.398545+00:00
[2024-10-22T15:41:00.029+0000] {logging_mixin.py:190} INFO - Task hostname:19610ff23e71 operator:PythonOperator
[2024-10-22T15:41:00.076+0000] {local_task_job_runner.py:266} INFO - Task exited with return code 0
[2024-10-22T15:41:00.090+0000] {taskinstance.py:3900} INFO - 1 downstream tasks scheduled from follow-on schedule check
[2024-10-22T15:41:00.091+0000] {local_task_job_runner.py:245} INFO - ::endgroup::
